#
# There is insufficient memory for the Java Runtime Environment to continue.
# Native memory allocation (malloc) failed to allocate 262160 bytes. Error detail: Chunk::new
# Possible reasons:
#   The system is out of physical RAM or swap space
#   This process is running with CompressedOops enabled, and the Java Heap may be blocking the growth of the native heap
# Possible solutions:
#   Reduce memory load on the system
#   Increase physical memory or swap space
#   Check if swap backing store is full
#   Decrease Java heap size (-Xmx/-Xms)
#   Decrease number of Java threads
#   Decrease Java thread stack sizes (-Xss)
#   Set larger code cache with -XX:ReservedCodeCacheSize=
#   JVM is running with Unscaled Compressed Oops mode in which the Java heap is
#     placed in the first 4GB address space. The Java Heap base address is the
#     maximum limit for the native heap growth. Please use -XX:HeapBaseMinAddress
#     to set the Java Heap base and to place the Java Heap above 4GB virtual address.
# This output file may be truncated or incomplete.
#
#  Out of Memory Error (arena.cpp:168), pid=17416, tid=8696
#
# JRE version: OpenJDK Runtime Environment Temurin-21.0.9+10 (21.0.9+10) (build 21.0.9+10-LTS)
# Java VM: OpenJDK 64-Bit Server VM Temurin-21.0.9+10 (21.0.9+10-LTS, mixed mode, sharing, tiered, compressed oops, compressed class ptrs, parallel gc, windows-amd64)
# No core dump will be written. Minidumps are not enabled by default on client versions of Windows
#

---------------  S U M M A R Y ------------

Command Line: --add-modules=ALL-SYSTEM --add-opens=java.base/java.util=ALL-UNNAMED --add-opens=java.base/java.lang=ALL-UNNAMED --add-opens=java.base/sun.nio.fs=ALL-UNNAMED -Declipse.application=org.eclipse.jdt.ls.core.id1 -Dosgi.bundles.defaultStartLevel=4 -Declipse.product=org.eclipse.jdt.ls.core.product -Djava.import.generatesMetadataFilesAtProjectRoot=false -DDetectVMInstallationsJob.disabled=true -Dfile.encoding=utf8 -XX:+UseParallelGC -XX:GCTimeRatio=4 -XX:AdaptiveSizePolicyWeight=90 -Dsun.zip.disableMemoryMapping=true -Xmx2G -Xms100m -Xlog:disable -javaagent:c:\Users\Admin\.antigravity\extensions\redhat.java-1.50.0-win32-x64\lombok\lombok-1.18.39-4050.jar c:\Users\Admin\.antigravity\extensions\redhat.java-1.50.0-win32-x64\server\plugins\org.eclipse.equinox.launcher_1.7.100.v20251111-0406.jar -configuration c:\Users\Admin\AppData\Roaming\Antigravity\User\globalStorage\redhat.java\1.50.0\config_ss_win -data c:\Users\Admin\AppData\Roaming\Antigravity\User\workspaceStorage\af1cb1524c391b6bf54d4a5b5d479961\redhat.java\ss_ws --pipe=\\.\pipe\lsp-783c07d9c0b43c0cdc76a789b4e46fea-sock

Host: Intel(R) Core(TM) i5-2500 CPU @ 3.30GHz, 4 cores, 15G,  Windows 10 , 64 bit Build 19041 (10.0.19041.5915)
Time: Thu Dec 18 20:57:29 2025 SE Asia Standard Time elapsed time: 9.847424 seconds (0d 0h 0m 9s)

---------------  T H R E A D  ---------------

Current thread (0x00000279c443f180):  JavaThread "C2 CompilerThread0" daemon [_thread_in_native, id=8696, stack(0x000000f1ddb00000,0x000000f1ddc00000) (1024K)]


Current CompileTask:
C2:9847 2795       4       java.lang.invoke.MethodType::makeImpl (109 bytes)

Stack: [0x000000f1ddb00000,0x000000f1ddc00000]
Native frames: (J=compiled Java code, j=interpreted, Vv=VM code, C=native code)
V  [jvm.dll+0x6d6e29]
V  [jvm.dll+0x8b4b76]
V  [jvm.dll+0x8b712e]
V  [jvm.dll+0x8b7813]
V  [jvm.dll+0x283d86]
V  [jvm.dll+0xc66ed]
V  [jvm.dll+0xc6c31]
V  [jvm.dll+0x6fdea5]
V  [jvm.dll+0x6fe305]
V  [jvm.dll+0x70053d]
V  [jvm.dll+0x6fe8f3]
V  [jvm.dll+0x24d781]
V  [jvm.dll+0x24b482]
V  [jvm.dll+0x1cb13e]
V  [jvm.dll+0x25b29d]
V  [jvm.dll+0x25982a]
V  [jvm.dll+0x3f7ea6]
V  [jvm.dll+0x85e9ad]
V  [jvm.dll+0x6d565d]
C  [ucrtbase.dll+0x21bb2]
C  [KERNEL32.DLL+0x17374]
C  [ntdll.dll+0x4cc91]


---------------  P R O C E S S  ---------------

Threads class SMR info:
_java_thread_list=0x00000279e0ba5ab0, length=18, elements={
0x00000279c45522a0, 0x00000279c4434a40, 0x00000279c4436080, 0x00000279c443a450,
0x00000279c443ceb0, 0x00000279c443d900, 0x00000279c443e350, 0x00000279c443f180,
0x00000279c44b2420, 0x00000279dbbc9d60, 0x00000279dbd5ebb0, 0x00000279e03c23b0,
0x00000279e0661310, 0x00000279e059fe10, 0x00000279e04e09e0, 0x00000279e06b6de0,
0x00000279e0a4bdd0, 0x00000279e0a769a0
}

Java Threads: ( => current thread )
  0x00000279c45522a0 JavaThread "main"                              [_thread_blocked, id=14612, stack(0x000000f1dd100000,0x000000f1dd200000) (1024K)]
  0x00000279c4434a40 JavaThread "Reference Handler"          daemon [_thread_blocked, id=4324, stack(0x000000f1dd500000,0x000000f1dd600000) (1024K)]
  0x00000279c4436080 JavaThread "Finalizer"                  daemon [_thread_blocked, id=7400, stack(0x000000f1dd600000,0x000000f1dd700000) (1024K)]
  0x00000279c443a450 JavaThread "Signal Dispatcher"          daemon [_thread_blocked, id=14804, stack(0x000000f1dd700000,0x000000f1dd800000) (1024K)]
  0x00000279c443ceb0 JavaThread "Attach Listener"            daemon [_thread_blocked, id=14544, stack(0x000000f1dd800000,0x000000f1dd900000) (1024K)]
  0x00000279c443d900 JavaThread "Service Thread"             daemon [_thread_blocked, id=7724, stack(0x000000f1dd900000,0x000000f1dda00000) (1024K)]
  0x00000279c443e350 JavaThread "Monitor Deflation Thread"   daemon [_thread_blocked, id=9160, stack(0x000000f1dda00000,0x000000f1ddb00000) (1024K)]
=>0x00000279c443f180 JavaThread "C2 CompilerThread0"         daemon [_thread_in_native, id=8696, stack(0x000000f1ddb00000,0x000000f1ddc00000) (1024K)]
  0x00000279c44b2420 JavaThread "C1 CompilerThread0"         daemon [_thread_blocked, id=12712, stack(0x000000f1ddc00000,0x000000f1ddd00000) (1024K)]
  0x00000279dbbc9d60 JavaThread "Common-Cleaner"             daemon [_thread_blocked, id=17584, stack(0x000000f1ddd00000,0x000000f1dde00000) (1024K)]
  0x00000279dbd5ebb0 JavaThread "Notification Thread"        daemon [_thread_blocked, id=7580, stack(0x000000f1dde00000,0x000000f1ddf00000) (1024K)]
  0x00000279e03c23b0 JavaThread "Active Thread: Equinox Container: 7d84128f-cdc1-4c73-9759-04179f0679e0"        [_thread_blocked, id=16748, stack(0x000000f1ddf00000,0x000000f1de000000) (1024K)]
  0x00000279e0661310 JavaThread "Framework Event Dispatcher: Equinox Container: 7d84128f-cdc1-4c73-9759-04179f0679e0" daemon [_thread_blocked, id=248, stack(0x000000f1de300000,0x000000f1de400000) (1024K)]
  0x00000279e059fe10 JavaThread "Start Level: Equinox Container: 7d84128f-cdc1-4c73-9759-04179f0679e0" daemon [_thread_in_Java, id=2900, stack(0x000000f1de400000,0x000000f1de500000) (1024K)]
  0x00000279e04e09e0 JavaThread "SCR Component Actor"        daemon [_thread_blocked, id=12296, stack(0x000000f1de500000,0x000000f1de600000) (1024K)]
  0x00000279e06b6de0 JavaThread "Worker-JM"                         [_thread_blocked, id=1188, stack(0x000000f1de700000,0x000000f1de800000) (1024K)]
  0x00000279e0a4bdd0 JavaThread "Worker-0"                          [_thread_blocked, id=3340, stack(0x000000f1de600000,0x000000f1de700000) (1024K)]
  0x00000279e0a769a0 JavaThread "Worker-1"                          [_thread_blocked, id=13224, stack(0x000000f1de800000,0x000000f1de900000) (1024K)]
Total: 18

Other Threads:
  0x00000279c460bda0 VMThread "VM Thread"                           [id=18436, stack(0x000000f1dd400000,0x000000f1dd500000) (1024K)]
  0x00000279c45be5d0 WatcherThread "VM Periodic Task Thread"        [id=1604, stack(0x000000f1dd300000,0x000000f1dd400000) (1024K)]
  0x00000279c4570000 WorkerThread "GC Thread#0"                     [id=15788, stack(0x000000f1dd200000,0x000000f1dd300000) (1024K)]
  0x00000279e0206330 WorkerThread "GC Thread#1"                     [id=5536, stack(0x000000f1de000000,0x000000f1de100000) (1024K)]
  0x00000279e02066d0 WorkerThread "GC Thread#2"                     [id=8476, stack(0x000000f1de100000,0x000000f1de200000) (1024K)]
  0x00000279e0206a70 WorkerThread "GC Thread#3"                     [id=9684, stack(0x000000f1de200000,0x000000f1de300000) (1024K)]
Total: 6

Threads with active compile tasks:
C2 CompilerThread0  9867 2795       4       java.lang.invoke.MethodType::makeImpl (109 bytes)
Total: 1

VM state: not at safepoint (normal execution)

VM Mutex/Monitor currently owned by a thread: None

Heap address: 0x0000000080000000, size: 2048 MB, Compressed Oops mode: 32-bit

CDS archive(s) mapped at: [0x0000027980000000-0x0000027980ba0000-0x0000027980ba0000), size 12189696, SharedBaseAddress: 0x0000027980000000, ArchiveRelocationMode: 1.
Compressed class space mapped at: 0x0000027981000000-0x00000279c1000000, reserved size: 1073741824
Narrow klass base: 0x0000027980000000, Narrow klass shift: 0, Narrow klass range: 0x100000000

GC Precious Log:
 CardTable entry size: 512
 CPUs: 4 total, 4 available
 Memory: 16337M
 Large Page Support: Disabled
 NUMA Support: Disabled
 Compressed Oops: Enabled (32-bit)
 Alignments: Space 512K, Generation 512K, Heap 2M
 Heap Min Capacity: 100M
 Heap Initial Capacity: 100M
 Heap Max Capacity: 2G
 Pre-touch: Disabled
 Parallel Workers: 4

Heap:
 PSYoungGen      total 30720K, used 7611K [0x00000000d5580000, 0x00000000d7900000, 0x0000000100000000)
  eden space 25088K, 30% used [0x00000000d5580000,0x00000000d5ceed80,0x00000000d6e00000)
  from space 5632K, 0% used [0x00000000d7380000,0x00000000d7380000,0x00000000d7900000)
  to   space 5632K, 0% used [0x00000000d6e00000,0x00000000d6e00000,0x00000000d7380000)
 ParOldGen       total 68608K, used 9752K [0x0000000080000000, 0x0000000084300000, 0x00000000d5580000)
  object space 68608K, 14% used [0x0000000080000000,0x00000000809860f0,0x0000000084300000)
 Metaspace       used 21725K, committed 22336K, reserved 1114112K
  class space    used 2091K, committed 2368K, reserved 1048576K

Card table byte_map: [0x00000279c3f00000,0x00000279c4310000] _byte_map_base: 0x00000279c3b00000

Marking Bits: (ParMarkBitMap*) 0x00007ff8e4662460
 Begin Bits: [0x00000279d6a10000, 0x00000279d8a10000)
 End Bits:   [0x00000279d8a10000, 0x00000279daa10000)

Polling page: 0x00000279c21d0000

Metaspace:

Usage:
  Non-class:     19.17 MB used.
      Class:      2.04 MB used.
       Both:     21.22 MB used.

Virtual space:
  Non-class space:       64.00 MB reserved,      19.50 MB ( 30%) committed,  1 nodes.
      Class space:        1.00 GB reserved,       2.31 MB ( <1%) committed,  1 nodes.
             Both:        1.06 GB reserved,      21.81 MB (  2%) committed. 

Chunk freelists:
   Non-Class:  12.16 MB
       Class:  13.53 MB
        Both:  25.68 MB

MaxMetaspaceSize: unlimited
CompressedClassSpaceSize: 1.00 GB
Initial GC threshold: 21.00 MB
Current GC threshold: 35.00 MB
CDS: on
 - commit_granule_bytes: 65536.
 - commit_granule_words: 8192.
 - virtual_space_node_default_size: 8388608.
 - enlarge_chunks_in_place: 1.
 - use_allocation_guard: 0.


Internal statistics:

num_allocs_failed_limit: 3.
num_arena_births: 494.
num_arena_deaths: 14.
num_vsnodes_births: 2.
num_vsnodes_deaths: 0.
num_space_committed: 349.
num_space_uncommitted: 0.
num_chunks_returned_to_freelist: 17.
num_chunks_taken_from_freelist: 1305.
num_chunk_merges: 9.
num_chunk_splits: 852.
num_chunks_enlarged: 551.
num_inconsistent_stats: 0.

CodeHeap 'non-profiled nmethods': size=120000Kb used=1253Kb max_used=1253Kb free=118747Kb
 bounds [0x00000279cf230000, 0x00000279cf4a0000, 0x00000279d6760000]
CodeHeap 'profiled nmethods': size=120000Kb used=5736Kb max_used=5736Kb free=114263Kb
 bounds [0x00000279c7760000, 0x00000279c7d00000, 0x00000279cec90000]
CodeHeap 'non-nmethods': size=5760Kb used=1305Kb max_used=1342Kb free=4454Kb
 bounds [0x00000279cec90000, 0x00000279cef00000, 0x00000279cf230000]
CodeCache: size=245760Kb, used=8294Kb, max_used=8331Kb, free=237464Kb
 total_blobs=3421, nmethods=2830, adapters=497, full_count=0
Compilation: enabled, stopped_count=0, restarted_count=0

Compilation events (20 events):
Event: 9.814 Thread 0x00000279c44b2420 2824       3       java.security.MessageDigest::update (14 bytes)
Event: 9.814 Thread 0x00000279c44b2420 nmethod 2824 0x00000279c7cee590 code [0x00000279c7cee740, 0x00000279c7ceea18]
Event: 9.814 Thread 0x00000279c44b2420 2825   !   3       java.nio.charset.Charset::defaultCharset (52 bytes)
Event: 9.815 Thread 0x00000279c44b2420 nmethod 2825 0x00000279c7ceeb90 code [0x00000279c7ceed20, 0x00000279c7ceee28]
Event: 9.815 Thread 0x00000279c44b2420 2822       3       sun.nio.fs.WindowsPathParser$Result::<init> (20 bytes)
Event: 9.815 Thread 0x00000279c44b2420 nmethod 2822 0x00000279c7ceee90 code [0x00000279c7cef040, 0x00000279c7cef1e8]
Event: 9.815 Thread 0x00000279c44b2420 2823       3       sun.nio.fs.WindowsPathParser::isLetter (30 bytes)
Event: 9.815 Thread 0x00000279c44b2420 nmethod 2823 0x00000279c7cef290 code [0x00000279c7cef440, 0x00000279c7cef610]
Event: 9.815 Thread 0x00000279c44b2420 2828       3       sun.security.provider.SHA2::implDigest (98 bytes)
Event: 9.816 Thread 0x00000279c44b2420 nmethod 2828 0x00000279c7cef690 code [0x00000279c7cef9a0, 0x00000279c7cf0ae0]
Event: 9.816 Thread 0x00000279c44b2420 2829       3       sun.security.provider.DigestBase::engineDigest (112 bytes)
Event: 9.817 Thread 0x00000279c44b2420 nmethod 2829 0x00000279c7cf1190 code [0x00000279c7cf1460, 0x00000279c7cf2068]
Event: 9.817 Thread 0x00000279c44b2420 2826       3       java.lang.String::encodeUTF8 (141 bytes)
Event: 9.817 Thread 0x00000279c44b2420 nmethod 2826 0x00000279c7cf2510 code [0x00000279c7cf2760, 0x00000279c7cf2e60]
Event: 9.818 Thread 0x00000279c44b2420 2830       3       java.util.jar.Manifest$FastInputStream::readLine (9 bytes)
Event: 9.818 Thread 0x00000279c44b2420 nmethod 2830 0x00000279c7cf3110 code [0x00000279c7cf32c0, 0x00000279c7cf3410]
Event: 9.818 Thread 0x00000279c44b2420 2831 %     3       java.util.jar.Manifest$FastInputStream::readLine @ 86 (296 bytes)
Event: 9.819 Thread 0x00000279c44b2420 nmethod 2831% 0x00000279c7cf3510 code [0x00000279c7cf3740, 0x00000279c7cf41e0]
Event: 9.819 Thread 0x00000279c44b2420 2832   !   3       java.util.jar.Attributes::read (494 bytes)
Event: 9.821 Thread 0x00000279c44b2420 nmethod 2832 0x00000279c7cf4590 code [0x00000279c7cf4d20, 0x00000279c7cf89b0]

GC Heap History (14 events):
Event: 1.243 GC heap before
{Heap before GC invocations=1 (full 0):
 PSYoungGen      total 29696K, used 25600K [0x00000000d5580000, 0x00000000d7680000, 0x0000000100000000)
  eden space 25600K, 100% used [0x00000000d5580000,0x00000000d6e80000,0x00000000d6e80000)
  from space 4096K, 0% used [0x00000000d7280000,0x00000000d7280000,0x00000000d7680000)
  to   space 4096K, 0% used [0x00000000d6e80000,0x00000000d6e80000,0x00000000d7280000)
 ParOldGen       total 68608K, used 0K [0x0000000080000000, 0x0000000084300000, 0x00000000d5580000)
  object space 68608K, 0% used [0x0000000080000000,0x0000000080000000,0x0000000084300000)
 Metaspace       used 4351K, committed 4608K, reserved 1114112K
  class space    used 473K, committed 576K, reserved 1048576K
}
Event: 1.274 GC heap after
{Heap after GC invocations=1 (full 0):
 PSYoungGen      total 29696K, used 3303K [0x00000000d5580000, 0x00000000d7680000, 0x0000000100000000)
  eden space 25600K, 0% used [0x00000000d5580000,0x00000000d5580000,0x00000000d6e80000)
  from space 4096K, 80% used [0x00000000d6e80000,0x00000000d71b9e98,0x00000000d7280000)
  to   space 4096K, 0% used [0x00000000d7280000,0x00000000d7280000,0x00000000d7680000)
 ParOldGen       total 68608K, used 0K [0x0000000080000000, 0x0000000084300000, 0x00000000d5580000)
  object space 68608K, 0% used [0x0000000080000000,0x0000000080000000,0x0000000084300000)
 Metaspace       used 4351K, committed 4608K, reserved 1114112K
  class space    used 473K, committed 576K, reserved 1048576K
}
Event: 2.512 GC heap before
{Heap before GC invocations=2 (full 0):
 PSYoungGen      total 29696K, used 28903K [0x00000000d5580000, 0x00000000d7680000, 0x0000000100000000)
  eden space 25600K, 100% used [0x00000000d5580000,0x00000000d6e80000,0x00000000d6e80000)
  from space 4096K, 80% used [0x00000000d6e80000,0x00000000d71b9e98,0x00000000d7280000)
  to   space 4096K, 0% used [0x00000000d7280000,0x00000000d7280000,0x00000000d7680000)
 ParOldGen       total 68608K, used 0K [0x0000000080000000, 0x0000000084300000, 0x00000000d5580000)
  object space 68608K, 0% used [0x0000000080000000,0x0000000080000000,0x0000000084300000)
 Metaspace       used 8226K, committed 8512K, reserved 1114112K
  class space    used 877K, committed 1024K, reserved 1048576K
}
Event: 2.517 GC heap after
{Heap after GC invocations=2 (full 0):
 PSYoungGen      total 29696K, used 4093K [0x00000000d5580000, 0x00000000d7680000, 0x0000000100000000)
  eden space 25600K, 0% used [0x00000000d5580000,0x00000000d5580000,0x00000000d6e80000)
  from space 4096K, 99% used [0x00000000d7280000,0x00000000d767f680,0x00000000d7680000)
  to   space 4096K, 0% used [0x00000000d6e80000,0x00000000d6e80000,0x00000000d7280000)
 ParOldGen       total 68608K, used 868K [0x0000000080000000, 0x0000000084300000, 0x00000000d5580000)
  object space 68608K, 1% used [0x0000000080000000,0x00000000800d9020,0x0000000084300000)
 Metaspace       used 8226K, committed 8512K, reserved 1114112K
  class space    used 877K, committed 1024K, reserved 1048576K
}
Event: 3.411 GC heap before
{Heap before GC invocations=3 (full 0):
 PSYoungGen      total 29696K, used 29693K [0x00000000d5580000, 0x00000000d7680000, 0x0000000100000000)
  eden space 25600K, 100% used [0x00000000d5580000,0x00000000d6e80000,0x00000000d6e80000)
  from space 4096K, 99% used [0x00000000d7280000,0x00000000d767f680,0x00000000d7680000)
  to   space 4096K, 0% used [0x00000000d6e80000,0x00000000d6e80000,0x00000000d7280000)
 ParOldGen       total 68608K, used 868K [0x0000000080000000, 0x0000000084300000, 0x00000000d5580000)
  object space 68608K, 1% used [0x0000000080000000,0x00000000800d9020,0x0000000084300000)
 Metaspace       used 13058K, committed 13568K, reserved 1114112K
  class space    used 1383K, committed 1600K, reserved 1048576K
}
Event: 3.415 GC heap after
{Heap after GC invocations=3 (full 0):
 PSYoungGen      total 29696K, used 4086K [0x00000000d5580000, 0x00000000d7680000, 0x0000000100000000)
  eden space 25600K, 0% used [0x00000000d5580000,0x00000000d5580000,0x00000000d6e80000)
  from space 4096K, 99% used [0x00000000d6e80000,0x00000000d727dac0,0x00000000d7280000)
  to   space 4096K, 0% used [0x00000000d7280000,0x00000000d7280000,0x00000000d7680000)
 ParOldGen       total 68608K, used 2726K [0x0000000080000000, 0x0000000084300000, 0x00000000d5580000)
  object space 68608K, 3% used [0x0000000080000000,0x00000000802a98f0,0x0000000084300000)
 Metaspace       used 13058K, committed 13568K, reserved 1114112K
  class space    used 1383K, committed 1600K, reserved 1048576K
}
Event: 4.085 GC heap before
{Heap before GC invocations=4 (full 0):
 PSYoungGen      total 29696K, used 29686K [0x00000000d5580000, 0x00000000d7680000, 0x0000000100000000)
  eden space 25600K, 100% used [0x00000000d5580000,0x00000000d6e80000,0x00000000d6e80000)
  from space 4096K, 99% used [0x00000000d6e80000,0x00000000d727dac0,0x00000000d7280000)
  to   space 4096K, 0% used [0x00000000d7280000,0x00000000d7280000,0x00000000d7680000)
 ParOldGen       total 68608K, used 2726K [0x0000000080000000, 0x0000000084300000, 0x00000000d5580000)
  object space 68608K, 3% used [0x0000000080000000,0x00000000802a98f0,0x0000000084300000)
 Metaspace       used 16052K, committed 16640K, reserved 1114112K
  class space    used 1667K, committed 1920K, reserved 1048576K
}
Event: 4.090 GC heap after
{Heap after GC invocations=4 (full 0):
 PSYoungGen      total 29696K, used 4076K [0x00000000d5580000, 0x00000000d7680000, 0x0000000100000000)
  eden space 25600K, 0% used [0x00000000d5580000,0x00000000d5580000,0x00000000d6e80000)
  from space 4096K, 99% used [0x00000000d7280000,0x00000000d767b330,0x00000000d7680000)
  to   space 4096K, 0% used [0x00000000d6e80000,0x00000000d6e80000,0x00000000d7280000)
 ParOldGen       total 68608K, used 5268K [0x0000000080000000, 0x0000000084300000, 0x00000000d5580000)
  object space 68608K, 7% used [0x0000000080000000,0x0000000080525320,0x0000000084300000)
 Metaspace       used 16052K, committed 16640K, reserved 1114112K
  class space    used 1667K, committed 1920K, reserved 1048576K
}
Event: 4.719 GC heap before
{Heap before GC invocations=5 (full 0):
 PSYoungGen      total 29696K, used 29491K [0x00000000d5580000, 0x00000000d7680000, 0x0000000100000000)
  eden space 25600K, 99% used [0x00000000d5580000,0x00000000d6e51ac8,0x00000000d6e80000)
  from space 4096K, 99% used [0x00000000d7280000,0x00000000d767b330,0x00000000d7680000)
  to   space 4096K, 0% used [0x00000000d6e80000,0x00000000d6e80000,0x00000000d7280000)
 ParOldGen       total 68608K, used 5268K [0x0000000080000000, 0x0000000084300000, 0x00000000d5580000)
  object space 68608K, 7% used [0x0000000080000000,0x0000000080525320,0x0000000084300000)
 Metaspace       used 20242K, committed 20800K, reserved 1114112K
  class space    used 1978K, committed 2240K, reserved 1048576K
}
Event: 4.722 GC heap after
{Heap after GC invocations=5 (full 0):
 PSYoungGen      total 29184K, used 4072K [0x00000000d5580000, 0x00000000d7900000, 0x0000000100000000)
  eden space 25088K, 0% used [0x00000000d5580000,0x00000000d5580000,0x00000000d6e00000)
  from space 4096K, 99% used [0x00000000d6e80000,0x00000000d727a040,0x00000000d7280000)
  to   space 5632K, 0% used [0x00000000d7380000,0x00000000d7380000,0x00000000d7900000)
 ParOldGen       total 68608K, used 5616K [0x0000000080000000, 0x0000000084300000, 0x00000000d5580000)
  object space 68608K, 8% used [0x0000000080000000,0x000000008057c228,0x0000000084300000)
 Metaspace       used 20242K, committed 20800K, reserved 1114112K
  class space    used 1978K, committed 2240K, reserved 1048576K
}
Event: 5.136 GC heap before
{Heap before GC invocations=6 (full 0):
 PSYoungGen      total 29184K, used 21953K [0x00000000d5580000, 0x00000000d7900000, 0x0000000100000000)
  eden space 25088K, 71% used [0x00000000d5580000,0x00000000d66f6468,0x00000000d6e00000)
  from space 4096K, 99% used [0x00000000d6e80000,0x00000000d727a040,0x00000000d7280000)
  to   space 5632K, 0% used [0x00000000d7380000,0x00000000d7380000,0x00000000d7900000)
 ParOldGen       total 68608K, used 5616K [0x0000000080000000, 0x0000000084300000, 0x00000000d5580000)
  object space 68608K, 8% used [0x0000000080000000,0x000000008057c228,0x0000000084300000)
 Metaspace       used 20851K, committed 21504K, reserved 1114112K
  class space    used 2003K, committed 2304K, reserved 1048576K
}
Event: 5.142 GC heap after
{Heap after GC invocations=6 (full 0):
 PSYoungGen      total 30720K, used 5033K [0x00000000d5580000, 0x00000000d7900000, 0x0000000100000000)
  eden space 25088K, 0% used [0x00000000d5580000,0x00000000d5580000,0x00000000d6e00000)
  from space 5632K, 89% used [0x00000000d7380000,0x00000000d786a4b0,0x00000000d7900000)
  to   space 5632K, 0% used [0x00000000d6e00000,0x00000000d6e00000,0x00000000d7380000)
 ParOldGen       total 68608K, used 6405K [0x0000000080000000, 0x0000000084300000, 0x00000000d5580000)
  object space 68608K, 9% used [0x0000000080000000,0x0000000080641738,0x0000000084300000)
 Metaspace       used 20851K, committed 21504K, reserved 1114112K
  class space    used 2003K, committed 2304K, reserved 1048576K
}
Event: 5.142 GC heap before
{Heap before GC invocations=7 (full 1):
 PSYoungGen      total 30720K, used 5033K [0x00000000d5580000, 0x00000000d7900000, 0x0000000100000000)
  eden space 25088K, 0% used [0x00000000d5580000,0x00000000d5580000,0x00000000d6e00000)
  from space 5632K, 89% used [0x00000000d7380000,0x00000000d786a4b0,0x00000000d7900000)
  to   space 5632K, 0% used [0x00000000d6e00000,0x00000000d6e00000,0x00000000d7380000)
 ParOldGen       total 68608K, used 6405K [0x0000000080000000, 0x0000000084300000, 0x00000000d5580000)
  object space 68608K, 9% used [0x0000000080000000,0x0000000080641738,0x0000000084300000)
 Metaspace       used 20851K, committed 21504K, reserved 1114112K
  class space    used 2003K, committed 2304K, reserved 1048576K
}
Event: 5.167 GC heap after
{Heap after GC invocations=7 (full 1):
 PSYoungGen      total 30720K, used 0K [0x00000000d5580000, 0x00000000d7900000, 0x0000000100000000)
  eden space 25088K, 0% used [0x00000000d5580000,0x00000000d5580000,0x00000000d6e00000)
  from space 5632K, 0% used [0x00000000d7380000,0x00000000d7380000,0x00000000d7900000)
  to   space 5632K, 0% used [0x00000000d6e00000,0x00000000d6e00000,0x00000000d7380000)
 ParOldGen       total 68608K, used 9752K [0x0000000080000000, 0x0000000084300000, 0x00000000d5580000)
  object space 68608K, 14% used [0x0000000080000000,0x00000000809860f0,0x0000000084300000)
 Metaspace       used 20838K, committed 21504K, reserved 1114112K
  class space    used 2000K, committed 2304K, reserved 1048576K
}

Dll operation events (9 events):
Event: 0.012 Loaded shared library c:\Users\Admin\.antigravity\extensions\redhat.java-1.50.0-win32-x64\jre\21.0.9-win32-x86_64\bin\java.dll
Event: 0.222 Loaded shared library c:\Users\Admin\.antigravity\extensions\redhat.java-1.50.0-win32-x64\jre\21.0.9-win32-x86_64\bin\zip.dll
Event: 0.243 Loaded shared library C:\Users\Admin\.antigravity\extensions\redhat.java-1.50.0-win32-x64\jre\21.0.9-win32-x86_64\bin\instrument.dll
Event: 0.247 Loaded shared library C:\Users\Admin\.antigravity\extensions\redhat.java-1.50.0-win32-x64\jre\21.0.9-win32-x86_64\bin\net.dll
Event: 0.249 Loaded shared library C:\Users\Admin\.antigravity\extensions\redhat.java-1.50.0-win32-x64\jre\21.0.9-win32-x86_64\bin\nio.dll
Event: 0.253 Loaded shared library C:\Users\Admin\.antigravity\extensions\redhat.java-1.50.0-win32-x64\jre\21.0.9-win32-x86_64\bin\zip.dll
Event: 0.306 Loaded shared library C:\Users\Admin\.antigravity\extensions\redhat.java-1.50.0-win32-x64\jre\21.0.9-win32-x86_64\bin\jimage.dll
Event: 0.414 Loaded shared library c:\Users\Admin\.antigravity\extensions\redhat.java-1.50.0-win32-x64\jre\21.0.9-win32-x86_64\bin\verify.dll
Event: 2.442 Loaded shared library C:\Users\Admin\AppData\Roaming\Antigravity\User\globalStorage\redhat.java\1.50.0\config_ss_win\org.eclipse.equinox.launcher\org.eclipse.equinox.launcher.win32.win32.x86_64_1.2.1400.v20250801-0854\eclipse_11916.dll

Deoptimization events (20 events):
Event: 9.626 Thread 0x00000279e059fe10 Uncommon trap: trap_request=0xffffffc6 fr.pc=0x00000279cf2e1c48 relative=0x00000000000009c8
Event: 9.626 Thread 0x00000279e059fe10 Uncommon trap: reason=bimorphic_or_optimized_type_check action=maybe_recompile pc=0x00000279cf2e1c48 method=java.util.HashMap.putVal(ILjava/lang/Object;Ljava/lang/Object;ZZ)Ljava/lang/Object; @ 56 c2
Event: 9.626 Thread 0x00000279e059fe10 DEOPT PACKING pc=0x00000279cf2e1c48 sp=0x000000f1de4fdff0
Event: 9.626 Thread 0x00000279e059fe10 DEOPT UNPACKING pc=0x00000279cece3aa2 sp=0x000000f1de4fdef0 mode 2
Event: 9.626 Thread 0x00000279e059fe10 Uncommon trap: trap_request=0xffffffc6 fr.pc=0x00000279cf2e1c48 relative=0x00000000000009c8
Event: 9.626 Thread 0x00000279e059fe10 Uncommon trap: reason=bimorphic_or_optimized_type_check action=maybe_recompile pc=0x00000279cf2e1c48 method=java.util.HashMap.putVal(ILjava/lang/Object;Ljava/lang/Object;ZZ)Ljava/lang/Object; @ 56 c2
Event: 9.626 Thread 0x00000279e059fe10 DEOPT PACKING pc=0x00000279cf2e1c48 sp=0x000000f1de4fdff0
Event: 9.626 Thread 0x00000279e059fe10 DEOPT UNPACKING pc=0x00000279cece3aa2 sp=0x000000f1de4fdef0 mode 2
Event: 9.626 Thread 0x00000279e059fe10 Uncommon trap: trap_request=0xffffffc6 fr.pc=0x00000279cf2e1c48 relative=0x00000000000009c8
Event: 9.626 Thread 0x00000279e059fe10 Uncommon trap: reason=bimorphic_or_optimized_type_check action=maybe_recompile pc=0x00000279cf2e1c48 method=java.util.HashMap.putVal(ILjava/lang/Object;Ljava/lang/Object;ZZ)Ljava/lang/Object; @ 56 c2
Event: 9.626 Thread 0x00000279e059fe10 DEOPT PACKING pc=0x00000279cf2e1c48 sp=0x000000f1de4fdff0
Event: 9.626 Thread 0x00000279e059fe10 DEOPT UNPACKING pc=0x00000279cece3aa2 sp=0x000000f1de4fdef0 mode 2
Event: 9.626 Thread 0x00000279e059fe10 Uncommon trap: trap_request=0xffffffc6 fr.pc=0x00000279cf2e1c48 relative=0x00000000000009c8
Event: 9.626 Thread 0x00000279e059fe10 Uncommon trap: reason=bimorphic_or_optimized_type_check action=maybe_recompile pc=0x00000279cf2e1c48 method=java.util.HashMap.putVal(ILjava/lang/Object;Ljava/lang/Object;ZZ)Ljava/lang/Object; @ 56 c2
Event: 9.626 Thread 0x00000279e059fe10 DEOPT PACKING pc=0x00000279cf2e1c48 sp=0x000000f1de4fdff0
Event: 9.626 Thread 0x00000279e059fe10 DEOPT UNPACKING pc=0x00000279cece3aa2 sp=0x000000f1de4fdef0 mode 2
Event: 9.642 Thread 0x00000279e059fe10 Uncommon trap: trap_request=0xffffff45 fr.pc=0x00000279cf35fc60 relative=0x00000000000009e0
Event: 9.642 Thread 0x00000279e059fe10 Uncommon trap: reason=unstable_if action=reinterpret pc=0x00000279cf35fc60 method=java.util.regex.Pattern$BmpCharPropertyGreedy.match(Ljava/util/regex/Matcher;ILjava/lang/CharSequence;)Z @ 12 c2
Event: 9.642 Thread 0x00000279e059fe10 DEOPT PACKING pc=0x00000279cf35fc60 sp=0x000000f1de4fdba0
Event: 9.642 Thread 0x00000279e059fe10 DEOPT UNPACKING pc=0x00000279cece3aa2 sp=0x000000f1de4fda68 mode 2

Classes loaded (20 events):
Event: 9.799 Loading class sun/security/provider/SeedGenerator$1
Event: 9.799 Loading class sun/security/provider/SeedGenerator$1 done
Event: 9.806 Loading class java/net/NetworkInterface$1
Event: 9.806 Loading class java/net/NetworkInterface$1 done
Event: 9.806 Loading class java/nio/file/Files$AcceptAllFilter
Event: 9.806 Loading class java/nio/file/DirectoryStream$Filter
Event: 9.806 Loading class java/nio/file/DirectoryStream$Filter done
Event: 9.806 Loading class java/nio/file/Files$AcceptAllFilter done
Event: 9.806 Loading class sun/nio/fs/WindowsDirectoryStream
Event: 9.807 Loading class java/nio/file/DirectoryStream
Event: 9.807 Loading class java/nio/file/DirectoryStream done
Event: 9.807 Loading class sun/nio/fs/WindowsDirectoryStream done
Event: 9.807 Loading class sun/nio/fs/WindowsDirectoryStream$WindowsDirectoryIterator
Event: 9.807 Loading class sun/nio/fs/WindowsDirectoryStream$WindowsDirectoryIterator done
Event: 9.807 Loading class sun/nio/fs/WindowsPath$WindowsPathWithAttributes
Event: 9.807 Loading class sun/nio/fs/BasicFileAttributesHolder
Event: 9.807 Loading class sun/nio/fs/BasicFileAttributesHolder done
Event: 9.807 Loading class sun/nio/fs/WindowsPath$WindowsPathWithAttributes done
Event: 9.814 Loading class sun/security/provider/AbstractDrbg$NonceProvider
Event: 9.814 Loading class sun/security/provider/AbstractDrbg$NonceProvider done

Classes unloaded (7 events):
Event: 5.148 Thread 0x00000279c460bda0 Unloading class 0x000002798118cc00 'java/lang/invoke/LambdaForm$MH+0x000002798118cc00'
Event: 5.148 Thread 0x00000279c460bda0 Unloading class 0x000002798118c800 'java/lang/invoke/LambdaForm$MH+0x000002798118c800'
Event: 5.148 Thread 0x00000279c460bda0 Unloading class 0x000002798118c400 'java/lang/invoke/LambdaForm$MH+0x000002798118c400'
Event: 5.148 Thread 0x00000279c460bda0 Unloading class 0x000002798118c000 'java/lang/invoke/LambdaForm$MH+0x000002798118c000'
Event: 5.148 Thread 0x00000279c460bda0 Unloading class 0x000002798118bc00 'java/lang/invoke/LambdaForm$BMH+0x000002798118bc00'
Event: 5.148 Thread 0x00000279c460bda0 Unloading class 0x000002798118b800 'java/lang/invoke/LambdaForm$DMH+0x000002798118b800'
Event: 5.148 Thread 0x00000279c460bda0 Unloading class 0x000002798118a400 'java/lang/invoke/LambdaForm$DMH+0x000002798118a400'

Classes redefined (0 events):
No events

Internal exceptions (20 events):
Event: 3.627 Thread 0x00000279e059fe10 Exception <a 'java/lang/NoSuchMethodError'{0x00000000d5d08598}: 'java.lang.Object java.lang.invoke.DirectMethodHandle$Holder.newInvokeSpecial(java.lang.Object, java.lang.Object, java.lang.Object, long)'> (0x00000000d5d08598) 
thrown [s\src\hotspot\share\interpreter\linkResolver.cpp, line 773]
Event: 3.627 Thread 0x00000279e059fe10 Exception <a 'java/lang/NoSuchMethodError'{0x00000000d5d0c948}: 'java.lang.Object java.lang.invoke.DirectMethodHandle$Holder.invokeSpecial(java.lang.Object, java.lang.Object, java.lang.Object, java.lang.Object, long)'> (0x00000000d5d0c948) 
thrown [s\src\hotspot\share\interpreter\linkResolver.cpp, line 773]
Event: 3.627 Thread 0x00000279e059fe10 Exception <a 'java/lang/NoSuchMethodError'{0x00000000d5d10568}: 'java.lang.Object java.lang.invoke.Invokers$Holder.linkToTargetMethod(java.lang.Object, java.lang.Object, long, java.lang.Object)'> (0x00000000d5d10568) 
thrown [s\src\hotspot\share\interpreter\linkResolver.cpp, line 773]
Event: 3.679 Thread 0x00000279e059fe10 Exception <a 'java/lang/NoSuchMethodError'{0x00000000d5d68b80}: 'int java.lang.invoke.DirectMethodHandle$Holder.invokeStaticInit(java.lang.Object, java.lang.Object, java.lang.Object)'> (0x00000000d5d68b80) 
thrown [s\src\hotspot\share\interpreter\linkResolver.cpp, line 773]
Event: 3.733 Thread 0x00000279e059fe10 Exception <a 'java/lang/IncompatibleClassChangeError'{0x00000000d5e19660}: Found class java.lang.Object, but interface was expected> (0x00000000d5e19660) 
thrown [s\src\hotspot\share\interpreter\linkResolver.cpp, line 840]
Event: 3.734 Thread 0x00000279e059fe10 Exception <a 'java/lang/NoSuchMethodError'{0x00000000d5e1d210}: 'java.lang.Object java.lang.invoke.DirectMethodHandle$Holder.invokeSpecial(java.lang.Object, java.lang.Object, java.lang.Object, int, java.lang.Object, java.lang.Object)'> (0x00000000d5e1d210) 
thrown [s\src\hotspot\share\interpreter\linkResolver.cpp, line 773]
Event: 3.735 Thread 0x00000279e059fe10 Exception <a 'java/lang/NoSuchMethodError'{0x00000000d5e24ce8}: 'java.lang.Object java.lang.invoke.DirectMethodHandle$Holder.newInvokeSpecial(java.lang.Object, java.lang.Object, java.lang.Object, int, java.lang.Object)'> (0x00000000d5e24ce8) 
thrown [s\src\hotspot\share\interpreter\linkResolver.cpp, line 773]
Event: 3.736 Thread 0x00000279e059fe10 Exception <a 'java/lang/NoSuchMethodError'{0x00000000d5e36cc0}: 'java.lang.Object java.lang.invoke.DirectMethodHandle$Holder.invokeSpecial(java.lang.Object, java.lang.Object, java.lang.Object, java.lang.Object, int, java.lang.Object)'> (0x00000000d5e36cc0) 
thrown [s\src\hotspot\share\interpreter\linkResolver.cpp, line 773]
Event: 3.736 Thread 0x00000279e059fe10 Exception <a 'java/lang/NoSuchMethodError'{0x00000000d5e3a800}: 'java.lang.Object java.lang.invoke.Invokers$Holder.linkToTargetMethod(java.lang.Object, java.lang.Object, int, java.lang.Object, java.lang.Object)'> (0x00000000d5e3a800) 
thrown [s\src\hotspot\share\interpreter\linkResolver.cpp, line 773]
Event: 3.746 Thread 0x00000279e0a4bdd0 Exception <a 'java/lang/NoSuchMethodError'{0x00000000d5d96eb8}: 'java.lang.Object java.lang.invoke.DirectMethodHandle$Holder.invokeSpecial(java.lang.Object, java.lang.Object, int, java.lang.Object, java.lang.Object)'> (0x00000000d5d96eb8) 
thrown [s\src\hotspot\share\interpreter\linkResolver.cpp, line 773]
Event: 3.747 Thread 0x00000279e0a4bdd0 Exception <a 'java/lang/NoSuchMethodError'{0x00000000d5d9dbf0}: 'java.lang.Object java.lang.invoke.DirectMethodHandle$Holder.newInvokeSpecial(java.lang.Object, java.lang.Object, int, java.lang.Object)'> (0x00000000d5d9dbf0) 
thrown [s\src\hotspot\share\interpreter\linkResolver.cpp, line 773]
Event: 3.748 Thread 0x00000279e0a4bdd0 Exception <a 'java/lang/NoSuchMethodError'{0x00000000d5da14d0}: 'java.lang.Object java.lang.invoke.DirectMethodHandle$Holder.invokeSpecial(java.lang.Object, java.lang.Object, java.lang.Object, int, java.lang.Object)'> (0x00000000d5da14d0) 
thrown [s\src\hotspot\share\interpreter\linkResolver.cpp, line 773]
Event: 3.800 Thread 0x00000279e059fe10 Exception <a 'java/lang/NoSuchMethodError'{0x00000000d5f64090}: 'void java.lang.invoke.DirectMethodHandle$Holder.invokeSpecial(java.lang.Object, java.lang.Object, java.lang.Object, java.lang.Object, java.lang.Object)'> (0x00000000d5f64090) 
thrown [s\src\hotspot\share\interpreter\linkResolver.cpp, line 773]
Event: 3.888 Thread 0x00000279e059fe10 Exception <a 'java/lang/NoSuchMethodError'{0x00000000d623ff30}: 'double java.lang.invoke.DirectMethodHandle$Holder.invokeStatic(java.lang.Object, java.lang.Object)'> (0x00000000d623ff30) 
thrown [s\src\hotspot\share\interpreter\linkResolver.cpp, line 773]
Event: 3.888 Thread 0x00000279e059fe10 Exception <a 'java/lang/NoSuchMethodError'{0x00000000d62435f0}: 'double java.lang.invoke.DirectMethodHandle$Holder.invokeStaticInit(java.lang.Object, java.lang.Object)'> (0x00000000d62435f0) 
thrown [s\src\hotspot\share\interpreter\linkResolver.cpp, line 773]
Event: 4.464 Thread 0x00000279e059fe10 Implicit null exception at 0x00000279cf33ab75 to 0x00000279cf33ac44
Event: 5.245 Thread 0x00000279e059fe10 Exception <a 'java/lang/NoSuchMethodError'{0x00000000d575d178}: 'java.lang.Object java.lang.invoke.DirectMethodHandle$Holder.newInvokeSpecial(java.lang.Object, int, java.lang.Object, java.lang.Object)'> (0x00000000d575d178) 
thrown [s\src\hotspot\share\interpreter\linkResolver.cpp, line 773]
Event: 9.637 Thread 0x00000279e059fe10 Exception <a 'sun/nio/fs/WindowsException'{0x00000000d5995830}> (0x00000000d5995830) 
thrown [s\src\hotspot\share\prims\jni.cpp, line 520]
Event: 9.794 Thread 0x00000279e059fe10 Exception <a 'java/lang/NoSuchMethodError'{0x00000000d5b628a0}: 'java.lang.Object java.lang.invoke.DirectMethodHandle$Holder.invokeStaticInit(java.lang.Object, int, int, int, int)'> (0x00000000d5b628a0) 
thrown [s\src\hotspot\share\interpreter\linkResolver.cpp, line 773]
Event: 9.812 Thread 0x00000279e059fe10 Exception <a 'java/lang/NoSuchMethodError'{0x00000000d5c955c0}: 'java.lang.Object java.lang.invoke.DirectMethodHandle$Holder.invokeStaticInit(java.lang.Object, java.lang.Object, int, int, int, int)'> (0x00000000d5c955c0) 
thrown [s\src\hotspot\share\interpreter\linkResolver.cpp, line 773]

ZGC Phase Switch (0 events):
No events

VM Operations (20 events):
Event: 3.151 Executing VM operation: HandshakeAllThreads (Deoptimize)
Event: 3.151 Executing VM operation: HandshakeAllThreads (Deoptimize) done
Event: 3.411 Executing VM operation: ParallelGCFailedAllocation (Allocation Failure)
Event: 3.415 Executing VM operation: ParallelGCFailedAllocation (Allocation Failure) done
Event: 3.480 Executing VM operation: HandshakeAllThreads (Deoptimize)
Event: 3.480 Executing VM operation: HandshakeAllThreads (Deoptimize) done
Event: 3.484 Executing VM operation: HandshakeAllThreads (Deoptimize)
Event: 3.484 Executing VM operation: HandshakeAllThreads (Deoptimize) done
Event: 3.495 Executing VM operation: HandshakeAllThreads (Deoptimize)
Event: 3.495 Executing VM operation: HandshakeAllThreads (Deoptimize) done
Event: 4.085 Executing VM operation: ParallelGCFailedAllocation (Allocation Failure)
Event: 4.090 Executing VM operation: ParallelGCFailedAllocation (Allocation Failure) done
Event: 4.719 Executing VM operation: ParallelGCFailedAllocation (Allocation Failure)
Event: 4.722 Executing VM operation: ParallelGCFailedAllocation (Allocation Failure) done
Event: 5.136 Executing VM operation: CollectForMetadataAllocation (Metadata GC Threshold)
Event: 5.167 Executing VM operation: CollectForMetadataAllocation (Metadata GC Threshold) done
Event: 5.297 Executing VM operation: HandshakeAllThreads (Deoptimize)
Event: 9.626 Executing VM operation: HandshakeAllThreads (Deoptimize) done
Event: 9.626 Executing VM operation: Cleanup
Event: 9.626 Executing VM operation: Cleanup done

Memory protections (0 events):
No events

Nmethod flushes (0 events):
No events

Events (20 events):
Event: 0.100 Thread 0x00000279c45522a0 Thread added: 0x00000279c44b2420
Event: 0.245 Thread 0x00000279c45522a0 Thread added: 0x00000279dbbc9d60
Event: 0.556 Thread 0x00000279c45522a0 Thread added: 0x00000279dbd5ebb0
Event: 0.674 Thread 0x00000279c44b2420 Thread added: 0x00000279dbd7e140
Event: 1.956 Thread 0x00000279dbd7e140 Thread exited: 0x00000279dbd7e140
Event: 2.110 Thread 0x00000279c45522a0 Thread added: 0x00000279e03c23b0
Event: 2.435 Thread 0x00000279c45522a0 Thread added: 0x00000279e0661310
Event: 2.439 Thread 0x00000279c45522a0 Thread added: 0x00000279e059fe10
Event: 2.678 Thread 0x00000279e059fe10 Thread added: 0x00000279e04e09e0
Event: 2.787 Thread 0x00000279c443f180 Thread added: 0x00000279e0292630
Event: 3.211 Thread 0x00000279e059fe10 Thread added: 0x00000279e06b6de0
Event: 3.470 Thread 0x00000279e0292630 Thread exited: 0x00000279e0292630
Event: 3.630 Thread 0x00000279e059fe10 Thread added: 0x00000279e0a4bdd0
Event: 3.778 Thread 0x00000279e059fe10 Thread added: 0x00000279e0a769a0
Event: 4.044 Thread 0x00000279c44b2420 Thread added: 0x00000279e0b3e820
Event: 4.152 Thread 0x00000279e0b3e820 Thread exited: 0x00000279e0b3e820
Event: 4.914 Thread 0x00000279c44b2420 Thread added: 0x00000279e1ce5010
Event: 5.201 Thread 0x00000279e059fe10 Thread added: 0x00000279e1eef090
Event: 5.663 Thread 0x00000279e1ce5010 Thread exited: 0x00000279e1ce5010
Event: 9.668 Thread 0x00000279e1eef090 Thread exited: 0x00000279e1eef090


Dynamic libraries:
0x00007ff6b7ab0000 - 0x00007ff6b7abe000 	c:\Users\Admin\.antigravity\extensions\redhat.java-1.50.0-win32-x64\jre\21.0.9-win32-x86_64\bin\java.exe
0x00007ff91ea90000 - 0x00007ff91ec88000 	C:\WINDOWS\SYSTEM32\ntdll.dll
0x00007ff91e2b0000 - 0x00007ff91e372000 	C:\WINDOWS\System32\KERNEL32.DLL
0x00007ff91c1c0000 - 0x00007ff91c4b6000 	C:\WINDOWS\System32\KERNELBASE.dll
0x00007ff91c960000 - 0x00007ff91ca60000 	C:\WINDOWS\System32\ucrtbase.dll
0x00007ff8fadc0000 - 0x00007ff8fadd8000 	c:\Users\Admin\.antigravity\extensions\redhat.java-1.50.0-win32-x64\jre\21.0.9-win32-x86_64\bin\jli.dll
0x00007ff91cfd0000 - 0x00007ff91d171000 	C:\WINDOWS\System32\USER32.dll
0x00007ff91c550000 - 0x00007ff91c572000 	C:\WINDOWS\System32\win32u.dll
0x00007ff91cdd0000 - 0x00007ff91cdfb000 	C:\WINDOWS\System32\GDI32.dll
0x00007ff91c710000 - 0x00007ff91c829000 	C:\WINDOWS\System32\gdi32full.dll
0x00007ff91c120000 - 0x00007ff91c1bd000 	C:\WINDOWS\System32\msvcp_win.dll
0x00007ff8face0000 - 0x00007ff8facfe000 	c:\Users\Admin\.antigravity\extensions\redhat.java-1.50.0-win32-x64\jre\21.0.9-win32-x86_64\bin\VCRUNTIME140.dll
0x00007ff90b970000 - 0x00007ff90bc0b000 	C:\WINDOWS\WinSxS\amd64_microsoft.windows.common-controls_6595b64144ccf1df_6.0.19041.6456_none_60b8a6cb71f64256\COMCTL32.dll
0x00007ff91e540000 - 0x00007ff91e5de000 	C:\WINDOWS\System32\msvcrt.dll
0x00007ff91d180000 - 0x00007ff91d1af000 	C:\WINDOWS\System32\IMM32.DLL
0x00007ff90c240000 - 0x00007ff90c24c000 	c:\Users\Admin\.antigravity\extensions\redhat.java-1.50.0-win32-x64\jre\21.0.9-win32-x86_64\bin\vcruntime140_1.dll
0x00007ff8f8670000 - 0x00007ff8f86fd000 	c:\Users\Admin\.antigravity\extensions\redhat.java-1.50.0-win32-x64\jre\21.0.9-win32-x86_64\bin\msvcp140.dll
0x00007ff8e39a0000 - 0x00007ff8e4740000 	c:\Users\Admin\.antigravity\extensions\redhat.java-1.50.0-win32-x64\jre\21.0.9-win32-x86_64\bin\server\jvm.dll
0x00007ff91d220000 - 0x00007ff91d2d1000 	C:\WINDOWS\System32\ADVAPI32.dll
0x00007ff91d2f0000 - 0x00007ff91d38f000 	C:\WINDOWS\System32\sechost.dll
0x00007ff91df50000 - 0x00007ff91e070000 	C:\WINDOWS\System32\RPCRT4.dll
0x00007ff91c6e0000 - 0x00007ff91c707000 	C:\WINDOWS\System32\bcrypt.dll
0x00007ff91d1b0000 - 0x00007ff91d21b000 	C:\WINDOWS\System32\WS2_32.dll
0x00007ff91b6b0000 - 0x00007ff91b6fb000 	C:\WINDOWS\SYSTEM32\POWRPROF.dll
0x00007ff9129b0000 - 0x00007ff9129d7000 	C:\WINDOWS\SYSTEM32\WINMM.dll
0x00007ff915d60000 - 0x00007ff915d6a000 	C:\WINDOWS\SYSTEM32\VERSION.dll
0x00007ff91b520000 - 0x00007ff91b532000 	C:\WINDOWS\SYSTEM32\UMPDC.dll
0x00007ff919fb0000 - 0x00007ff919fc2000 	C:\WINDOWS\SYSTEM32\kernel.appcore.dll
0x00007ff908ec0000 - 0x00007ff908eca000 	c:\Users\Admin\.antigravity\extensions\redhat.java-1.50.0-win32-x64\jre\21.0.9-win32-x86_64\bin\jimage.dll
0x00007ff916af0000 - 0x00007ff916cf1000 	C:\WINDOWS\SYSTEM32\DBGHELP.DLL
0x00007ff8f9ff0000 - 0x00007ff8fa024000 	C:\WINDOWS\SYSTEM32\dbgcore.DLL
0x00007ff91c4c0000 - 0x00007ff91c542000 	C:\WINDOWS\System32\bcryptPrimitives.dll
0x00007ff8fadb0000 - 0x00007ff8fadbf000 	c:\Users\Admin\.antigravity\extensions\redhat.java-1.50.0-win32-x64\jre\21.0.9-win32-x86_64\bin\instrument.dll
0x00007ff8fac00000 - 0x00007ff8fac20000 	c:\Users\Admin\.antigravity\extensions\redhat.java-1.50.0-win32-x64\jre\21.0.9-win32-x86_64\bin\java.dll
0x00007ff91d400000 - 0x00007ff91db70000 	C:\WINDOWS\System32\SHELL32.dll
0x00007ff91a1b0000 - 0x00007ff91a955000 	C:\WINDOWS\SYSTEM32\windows.storage.dll
0x00007ff91db70000 - 0x00007ff91dec4000 	C:\WINDOWS\System32\combase.dll
0x00007ff91bb50000 - 0x00007ff91bb7b000 	C:\WINDOWS\SYSTEM32\Wldp.dll
0x00007ff91e410000 - 0x00007ff91e4dd000 	C:\WINDOWS\System32\OLEAUT32.dll
0x00007ff91e200000 - 0x00007ff91e2ad000 	C:\WINDOWS\System32\SHCORE.dll
0x00007ff91e4e0000 - 0x00007ff91e53b000 	C:\WINDOWS\System32\shlwapi.dll
0x00007ff91c050000 - 0x00007ff91c074000 	C:\WINDOWS\SYSTEM32\profapi.dll
0x00007ff8fa9d0000 - 0x00007ff8fa9e8000 	c:\Users\Admin\.antigravity\extensions\redhat.java-1.50.0-win32-x64\jre\21.0.9-win32-x86_64\bin\zip.dll
0x00007ff8fa630000 - 0x00007ff8fa640000 	C:\Users\Admin\.antigravity\extensions\redhat.java-1.50.0-win32-x64\jre\21.0.9-win32-x86_64\bin\net.dll
0x00007ff915610000 - 0x00007ff91571a000 	C:\WINDOWS\SYSTEM32\WINHTTP.dll
0x00007ff91b8b0000 - 0x00007ff91b91a000 	C:\WINDOWS\system32\mswsock.dll
0x00007ff8fa590000 - 0x00007ff8fa5a6000 	C:\Users\Admin\.antigravity\extensions\redhat.java-1.50.0-win32-x64\jre\21.0.9-win32-x86_64\bin\nio.dll
0x00007ff8fa620000 - 0x00007ff8fa630000 	c:\Users\Admin\.antigravity\extensions\redhat.java-1.50.0-win32-x64\jre\21.0.9-win32-x86_64\bin\verify.dll
0x00007ff8fac90000 - 0x00007ff8facd4000 	C:\Users\Admin\AppData\Roaming\Antigravity\User\globalStorage\redhat.java\1.50.0\config_ss_win\org.eclipse.equinox.launcher\org.eclipse.equinox.launcher.win32.win32.x86_64_1.2.1400.v20250801-0854\eclipse_11916.dll
0x00007ff91e0d0000 - 0x00007ff91e1fb000 	C:\WINDOWS\System32\ole32.dll
0x00007ff91baa0000 - 0x00007ff91bab8000 	C:\WINDOWS\SYSTEM32\CRYPTSP.dll
0x00007ff91b160000 - 0x00007ff91b198000 	C:\WINDOWS\system32\rsaenh.dll
0x00007ff91c010000 - 0x00007ff91c03e000 	C:\WINDOWS\SYSTEM32\USERENV.dll
0x00007ff91bac0000 - 0x00007ff91bacc000 	C:\WINDOWS\SYSTEM32\CRYPTBASE.dll
0x00007ff91b540000 - 0x00007ff91b57b000 	C:\WINDOWS\SYSTEM32\IPHLPAPI.DLL
0x00007ff91d2e0000 - 0x00007ff91d2e8000 	C:\WINDOWS\System32\NSI.dll

JVMTI agents:
c:\Users\Admin\.antigravity\extensions\redhat.java-1.50.0-win32-x64\lombok\lombok-1.18.39-4050.jar path:c:\Users\Admin\.antigravity\extensions\redhat.java-1.50.0-win32-x64\jre\21.0.9-win32-x86_64\bin\instrument.dll, loaded, initialized, instrumentlib options:none

dbghelp: loaded successfully - version: 4.0.5 - missing functions: none
symbol engine: initialized successfully - sym options: 0x614 - pdb path: .;c:\Users\Admin\.antigravity\extensions\redhat.java-1.50.0-win32-x64\jre\21.0.9-win32-x86_64\bin;C:\WINDOWS\SYSTEM32;C:\WINDOWS\WinSxS\amd64_microsoft.windows.common-controls_6595b64144ccf1df_6.0.19041.6456_none_60b8a6cb71f64256;c:\Users\Admin\.antigravity\extensions\redhat.java-1.50.0-win32-x64\jre\21.0.9-win32-x86_64\bin\server;C:\Users\Admin\AppData\Roaming\Antigravity\User\globalStorage\redhat.java\1.50.0\config_ss_win\org.eclipse.equinox.launcher\org.eclipse.equinox.launcher.win32.win32.x86_64_1.2.1400.v20250801-0854

VM Arguments:
jvm_args: --add-modules=ALL-SYSTEM --add-opens=java.base/java.util=ALL-UNNAMED --add-opens=java.base/java.lang=ALL-UNNAMED --add-opens=java.base/sun.nio.fs=ALL-UNNAMED -Declipse.application=org.eclipse.jdt.ls.core.id1 -Dosgi.bundles.defaultStartLevel=4 -Declipse.product=org.eclipse.jdt.ls.core.product -Djava.import.generatesMetadataFilesAtProjectRoot=false -DDetectVMInstallationsJob.disabled=true -Dfile.encoding=utf8 -XX:+UseParallelGC -XX:GCTimeRatio=4 -XX:AdaptiveSizePolicyWeight=90 -Dsun.zip.disableMemoryMapping=true -Xmx2G -Xms100m -Xlog:disable -javaagent:c:\Users\Admin\.antigravity\extensions\redhat.java-1.50.0-win32-x64\lombok\lombok-1.18.39-4050.jar 
java_command: c:\Users\Admin\.antigravity\extensions\redhat.java-1.50.0-win32-x64\server\plugins\org.eclipse.equinox.launcher_1.7.100.v20251111-0406.jar -configuration c:\Users\Admin\AppData\Roaming\Antigravity\User\globalStorage\redhat.java\1.50.0\config_ss_win -data c:\Users\Admin\AppData\Roaming\Antigravity\User\workspaceStorage\af1cb1524c391b6bf54d4a5b5d479961\redhat.java\ss_ws --pipe=\\.\pipe\lsp-783c07d9c0b43c0cdc76a789b4e46fea-sock
java_class_path (initial): c:\Users\Admin\.antigravity\extensions\redhat.java-1.50.0-win32-x64\server\plugins\org.eclipse.equinox.launcher_1.7.100.v20251111-0406.jar
Launcher Type: SUN_STANDARD

[Global flags]
    uintx AdaptiveSizePolicyWeight                 = 90                                        {product} {command line}
     intx CICompilerCount                          = 3                                         {product} {ergonomic}
    uintx GCTimeRatio                              = 4                                         {product} {command line}
   size_t InitialHeapSize                          = 104857600                                 {product} {command line}
   size_t MaxHeapSize                              = 2147483648                                {product} {command line}
   size_t MaxNewSize                               = 715653120                                 {product} {ergonomic}
   size_t MinHeapDeltaBytes                        = 524288                                    {product} {ergonomic}
   size_t MinHeapSize                              = 104857600                                 {product} {command line}
   size_t NewSize                                  = 34603008                                  {product} {ergonomic}
    uintx NonNMethodCodeHeapSize                   = 5832780                                {pd product} {ergonomic}
    uintx NonProfiledCodeHeapSize                  = 122912730                              {pd product} {ergonomic}
   size_t OldSize                                  = 70254592                                  {product} {ergonomic}
    uintx ProfiledCodeHeapSize                     = 122912730                              {pd product} {ergonomic}
    uintx ReservedCodeCacheSize                    = 251658240                              {pd product} {ergonomic}
     bool SegmentedCodeCache                       = true                                      {product} {ergonomic}
   size_t SoftMaxHeapSize                          = 2147483648                             {manageable} {ergonomic}
     bool UseCompressedOops                        = true                           {product lp64_product} {ergonomic}
     bool UseLargePagesIndividualAllocation        = false                                  {pd product} {ergonomic}
     bool UseParallelGC                            = true                                      {product} {command line}

Logging:
Log output configuration:
 #0: stdout all=off uptime,level,tags foldmultilines=false
 #1: stderr all=off uptime,level,tags foldmultilines=false

Release file:
JAVA_VERSION="21.0.9" 
MODULES="java.base java.compiler java.datatransfer java.xml java.prefs java.desktop java.instrument java.logging java.management java.security.sasl java.naming java.rmi java.management.rmi java.net.http java.scripting java.security.jgss java.transaction.xa java.sql java.sql.rowset java.xml.crypto java.se java.smartcardio jdk.accessibility jdk.internal.jvmstat jdk.attach jdk.charsets jdk.internal.opt jdk.zipfs jdk.compiler jdk.crypto.ec jdk.crypto.cryptoki jdk.crypto.mscapi jdk.dynalink jdk.internal.ed jdk.editpad jdk.hotspot.agent jdk.httpserver jdk.internal.le jdk.internal.vm.ci jdk.internal.vm.compiler jdk.internal.vm.compiler.management jdk.jartool jdk.javadoc jdk.jcmd jdk.management jdk.management.agent jdk.jconsole jdk.jdeps jdk.jdwp.agent jdk.jdi jdk.jfr jdk.jshell jdk.jsobject jdk.jstatd jdk.localedata jdk.management.jfr jdk.naming.dns jdk.naming.rmi jdk.net jdk.nio.mapmode jdk.random jdk.sctp jdk.security.auth jdk.security.jgss jdk.unsupported jdk.unsupported.desktop jdk.xml.dom" 

Environment Variables:
PATH=C:\Program Files\Common Files\Oracle\Java\javapath;C:\WINDOWS\system32;C:\WINDOWS;C:\WINDOWS\System32\Wbem;C:\WINDOWS\System32\WindowsPowerShell\v1.0\;C:\WINDOWS\System32\OpenSSH\;C:\Program Files\Microsoft SQL Server\150\Tools\Binn\;C:\Program Files\nodejs\;C:\Users\Admin\AppData\Local\Microsoft\WindowsApps;C:\Users\Admin\AppData\Local\Programs\Microsoft VS Code\bin;C:\Users\Admin\AppData\Local\Programs\Antigravity\bin;C:\Users\Admin\AppData\Roaming\npm
USERNAME=Admin
OS=Windows_NT
PROCESSOR_IDENTIFIER=Intel64 Family 6 Model 42 Stepping 7, GenuineIntel
TMP=C:\Users\Admin\AppData\Local\Temp
TEMP=C:\Users\Admin\AppData\Local\Temp




Periodic native trim disabled

---------------  S Y S T E M  ---------------

OS:
 Windows 10 , 64 bit Build 19041 (10.0.19041.5915)
OS uptime: 0 days 10:52 hours

CPU: total 4 (initial active 4) (4 cores per cpu, 1 threads per core) family 6 model 42 stepping 7 microcode 0x2f, cx8, cmov, fxsr, mmx, sse, sse2, sse3, ssse3, sse4.1, sse4.2, popcnt, tsc, tscinvbit, avx, aes, clmul, vzeroupper, clflush, rdtscp
Processor Information for the first 4 processors :
  Max Mhz: 3301, Current Mhz: 3301, Mhz Limit: 3301

Memory: 4k page, system-wide physical 16337M (7299M free)
TotalPageFile size 20433M (AvailPageFile size 5M)
current process WorkingSet (physical memory assigned to process): 133M, peak: 164M
current process commit charge ("private bytes"): 261M, peak: 290M

vm_info: OpenJDK 64-Bit Server VM (21.0.9+10-LTS) for windows-amd64 JRE (21.0.9+10-LTS), built on 2025-10-21T00:00:00Z by "admin" with unknown MS VC++:1942

END.
