#
# There is insufficient memory for the Java Runtime Environment to continue.
# Native memory allocation (malloc) failed to allocate 1705776 bytes. Error detail: Chunk::new
# Possible reasons:
#   The system is out of physical RAM or swap space
#   This process is running with CompressedOops enabled, and the Java Heap may be blocking the growth of the native heap
# Possible solutions:
#   Reduce memory load on the system
#   Increase physical memory or swap space
#   Check if swap backing store is full
#   Decrease Java heap size (-Xmx/-Xms)
#   Decrease number of Java threads
#   Decrease Java thread stack sizes (-Xss)
#   Set larger code cache with -XX:ReservedCodeCacheSize=
#   JVM is running with Unscaled Compressed Oops mode in which the Java heap is
#     placed in the first 4GB address space. The Java Heap base address is the
#     maximum limit for the native heap growth. Please use -XX:HeapBaseMinAddress
#     to set the Java Heap base and to place the Java Heap above 4GB virtual address.
# This output file may be truncated or incomplete.
#
#  Out of Memory Error (arena.cpp:168), pid=17068, tid=5388
#
# JRE version: OpenJDK Runtime Environment Temurin-21.0.9+10 (21.0.9+10) (build 21.0.9+10-LTS)
# Java VM: OpenJDK 64-Bit Server VM Temurin-21.0.9+10 (21.0.9+10-LTS, mixed mode, sharing, tiered, compressed oops, compressed class ptrs, parallel gc, windows-amd64)
# No core dump will be written. Minidumps are not enabled by default on client versions of Windows
#

---------------  S U M M A R Y ------------

Command Line: --add-modules=ALL-SYSTEM --add-opens=java.base/java.util=ALL-UNNAMED --add-opens=java.base/java.lang=ALL-UNNAMED --add-opens=java.base/sun.nio.fs=ALL-UNNAMED -Declipse.application=org.eclipse.jdt.ls.core.id1 -Dosgi.bundles.defaultStartLevel=4 -Declipse.product=org.eclipse.jdt.ls.core.product -Djava.import.generatesMetadataFilesAtProjectRoot=false -DDetectVMInstallationsJob.disabled=true -Dfile.encoding=utf8 -XX:+UseParallelGC -XX:GCTimeRatio=4 -XX:AdaptiveSizePolicyWeight=90 -Dsun.zip.disableMemoryMapping=true -Xmx2G -Xms100m -Xlog:disable -javaagent:c:\Users\Admin\.antigravity\extensions\redhat.java-1.50.0-win32-x64\lombok\lombok-1.18.39-4050.jar -XX:+HeapDumpOnOutOfMemoryError -XX:HeapDumpPath=c:\Users\Admin\AppData\Roaming\Antigravity\User\workspaceStorage\af1cb1524c391b6bf54d4a5b5d479961\redhat.java -Daether.dependencyCollector.impl=bf c:\Users\Admin\.antigravity\extensions\redhat.java-1.50.0-win32-x64\server\plugins\org.eclipse.equinox.launcher_1.7.100.v20251111-0406.jar -configuration c:\Users\Admin\AppData\Roaming\Antigravity\User\globalStorage\redhat.java\1.50.0\config_win -data c:\Users\Admin\AppData\Roaming\Antigravity\User\workspaceStorage\af1cb1524c391b6bf54d4a5b5d479961\redhat.java\jdt_ws --pipe=\\.\pipe\lsp-bdd1a5006404161cdb4bbde61ccda920-sock

Host: Intel(R) Core(TM) i5-2500 CPU @ 3.30GHz, 4 cores, 15G,  Windows 10 , 64 bit Build 19041 (10.0.19041.5915)
Time: Thu Dec 18 21:02:18 2025 SE Asia Standard Time elapsed time: 8.460268 seconds (0d 0h 0m 8s)

---------------  T H R E A D  ---------------

Current thread (0x0000025673d70e00):  JavaThread "C2 CompilerThread0" daemon [_thread_in_native, id=5388, stack(0x000000d26cb00000,0x000000d26cc00000) (1024K)]


Current CompileTask:
C2:8460 4815   !   4       org.eclipse.osgi.internal.loader.classpath.ClasspathManager::defineClass (636 bytes)

Stack: [0x000000d26cb00000,0x000000d26cc00000]
Native frames: (J=compiled Java code, j=interpreted, Vv=VM code, C=native code)
V  [jvm.dll+0x6d6e29]
V  [jvm.dll+0x8b4b76]
V  [jvm.dll+0x8b712e]
V  [jvm.dll+0x8b7813]
V  [jvm.dll+0x283d86]
V  [jvm.dll+0xc66ed]
V  [jvm.dll+0xc6c31]
V  [jvm.dll+0x3be501]
V  [jvm.dll+0x38ab92]
V  [jvm.dll+0x389fda]
V  [jvm.dll+0x24bfa0]
V  [jvm.dll+0x24b580]
V  [jvm.dll+0x1cb13e]
V  [jvm.dll+0x25b29d]
V  [jvm.dll+0x25982a]
V  [jvm.dll+0x3f7ea6]
V  [jvm.dll+0x85e9ad]
V  [jvm.dll+0x6d565d]
C  [ucrtbase.dll+0x21bb2]
C  [KERNEL32.DLL+0x17374]
C  [ntdll.dll+0x4cc91]


---------------  P R O C E S S  ---------------

Threads class SMR info:
_java_thread_list=0x000002567dc3bfb0, length=33, elements={
0x0000025671c91ac0, 0x0000025673d668d0, 0x0000025673d68520, 0x0000025673d6bed0,
0x0000025673d6cb20, 0x0000025673d6f580, 0x0000025673d6ffd0, 0x0000025673d70e00,
0x0000025673de8150, 0x000002567c510690, 0x000002567c67f720, 0x000002567cd62fc0,
0x000002567ce14300, 0x000002567cc8acc0, 0x000002567cc8f330, 0x000002567d5a8460,
0x000002567d6aa7d0, 0x000002567d415ad0, 0x000002567ce78720, 0x000002567d8dc580,
0x000002567d8dd930, 0x000002567d8dbef0, 0x000002567d8dcc10, 0x000002567d8db1d0,
0x000002567d70b930, 0x000002567d8da4b0, 0x000002567d8dab40, 0x000002567d8db860,
0x000002567d8dd2a0, 0x000002567dce6860, 0x000002567dce7580, 0x000002567dce4100,
0x000002567dce6ef0
}

Java Threads: ( => current thread )
  0x0000025671c91ac0 JavaThread "main"                              [_thread_in_vm, id=7700, stack(0x000000d26c100000,0x000000d26c200000) (1024K)]
  0x0000025673d668d0 JavaThread "Reference Handler"          daemon [_thread_blocked, id=18812, stack(0x000000d26c500000,0x000000d26c600000) (1024K)]
  0x0000025673d68520 JavaThread "Finalizer"                  daemon [_thread_blocked, id=18312, stack(0x000000d26c600000,0x000000d26c700000) (1024K)]
  0x0000025673d6bed0 JavaThread "Signal Dispatcher"          daemon [_thread_blocked, id=8196, stack(0x000000d26c700000,0x000000d26c800000) (1024K)]
  0x0000025673d6cb20 JavaThread "Attach Listener"            daemon [_thread_blocked, id=1032, stack(0x000000d26c800000,0x000000d26c900000) (1024K)]
  0x0000025673d6f580 JavaThread "Service Thread"             daemon [_thread_blocked, id=2544, stack(0x000000d26c900000,0x000000d26ca00000) (1024K)]
  0x0000025673d6ffd0 JavaThread "Monitor Deflation Thread"   daemon [_thread_blocked, id=2856, stack(0x000000d26ca00000,0x000000d26cb00000) (1024K)]
=>0x0000025673d70e00 JavaThread "C2 CompilerThread0"         daemon [_thread_in_native, id=5388, stack(0x000000d26cb00000,0x000000d26cc00000) (1024K)]
  0x0000025673de8150 JavaThread "C1 CompilerThread0"         daemon [_thread_in_vm, id=18548, stack(0x000000d26cc00000,0x000000d26cd00000) (1024K)]
  0x000002567c510690 JavaThread "Common-Cleaner"             daemon [_thread_blocked, id=8996, stack(0x000000d26cd00000,0x000000d26ce00000) (1024K)]
  0x000002567c67f720 JavaThread "Notification Thread"        daemon [_thread_blocked, id=12108, stack(0x000000d26cf00000,0x000000d26d000000) (1024K)]
  0x000002567cd62fc0 JavaThread "Active Thread: Equinox Container: 68009184-7465-4a91-b519-a92f1e64266e"        [_thread_blocked, id=16644, stack(0x000000d26d300000,0x000000d26d400000) (1024K)]
  0x000002567ce14300 JavaThread "Refresh Thread: Equinox Container: 68009184-7465-4a91-b519-a92f1e64266e" daemon [_thread_blocked, id=6712, stack(0x000000d26d400000,0x000000d26d500000) (1024K)]
  0x000002567cc8acc0 JavaThread "Framework Event Dispatcher: Equinox Container: 68009184-7465-4a91-b519-a92f1e64266e" daemon [_thread_blocked, id=3232, stack(0x000000d26d500000,0x000000d26d600000) (1024K)]
  0x000002567cc8f330 JavaThread "Start Level: Equinox Container: 68009184-7465-4a91-b519-a92f1e64266e" daemon [_thread_blocked, id=3028, stack(0x000000d26d600000,0x000000d26d700000) (1024K)]
  0x000002567d5a8460 JavaThread "Bundle File Closer"         daemon [_thread_blocked, id=9184, stack(0x000000d26d700000,0x000000d26d800000) (1024K)]
  0x000002567d6aa7d0 JavaThread "SCR Component Actor"        daemon [_thread_blocked, id=9392, stack(0x000000d26d800000,0x000000d26d900000) (1024K)]
  0x000002567d415ad0 JavaThread "Worker-JM"                         [_thread_blocked, id=8620, stack(0x000000d26ce00000,0x000000d26cf00000) (1024K)]
  0x000002567ce78720 JavaThread "JNA Cleaner"                daemon [_thread_blocked, id=16340, stack(0x000000d26da00000,0x000000d26db00000) (1024K)]
  0x000002567d8dc580 JavaThread "Worker-0: Repository registry initialization"        [_thread_blocked, id=9980, stack(0x000000d26db00000,0x000000d26dc00000) (1024K)]
  0x000002567d8dd930 JavaThread "Worker-1: Updating Maven Dependencies"        [_thread_in_native, id=11368, stack(0x000000d26dc00000,0x000000d26dd00000) (1024K)]
  0x000002567d8dbef0 JavaThread "Worker-2: Initialize After Load"        [_thread_blocked, id=3036, stack(0x000000d26dd00000,0x000000d26de00000) (1024K)]
  0x000002567d8dcc10 JavaThread "Java indexing"              daemon [_thread_blocked, id=1188, stack(0x000000d26de00000,0x000000d26df00000) (1024K)]
  0x000002567d8db1d0 JavaThread "Worker-3"                          [_thread_blocked, id=11948, stack(0x000000d26df00000,0x000000d26e000000) (1024K)]
  0x000002567d70b930 JavaThread "C2 CompilerThread1"         daemon [_thread_in_native, id=11468, stack(0x000000d26d900000,0x000000d26da00000) (1024K)]
  0x000002567d8da4b0 JavaThread "Worker-4"                          [_thread_blocked, id=14060, stack(0x000000d26e200000,0x000000d26e300000) (1024K)]
  0x000002567d8dab40 JavaThread "Worker-5"                          [_thread_blocked, id=7344, stack(0x000000d26e300000,0x000000d26e400000) (1024K)]
  0x000002567d8db860 JavaThread "Thread-1"                   daemon [_thread_in_native, id=4556, stack(0x000000d26e400000,0x000000d26e500000) (1024K)]
  0x000002567d8dd2a0 JavaThread "Thread-2"                   daemon [_thread_in_native, id=6316, stack(0x000000d26e500000,0x000000d26e600000) (1024K)]
  0x000002567dce6860 JavaThread "Thread-3"                   daemon [_thread_in_native, id=17628, stack(0x000000d26e600000,0x000000d26e700000) (1024K)]
  0x000002567dce7580 JavaThread "Thread-4"                   daemon [_thread_in_native, id=11488, stack(0x000000d26e700000,0x000000d26e800000) (1024K)]
  0x000002567dce4100 JavaThread "Thread-5"                   daemon [_thread_in_native, id=17392, stack(0x000000d26e800000,0x000000d26e900000) (1024K)]
  0x000002567dce6ef0 JavaThread "pool-2-thread-1"                   [_thread_blocked, id=14252, stack(0x000000d26e900000,0x000000d26ea00000) (1024K)]
Total: 33

Other Threads:
  0x0000025673d5eaf0 VMThread "VM Thread"                           [id=2276, stack(0x000000d26c400000,0x000000d26c500000) (1024K)]
  0x0000025673eee220 WatcherThread "VM Periodic Task Thread"        [id=7580, stack(0x000000d26c300000,0x000000d26c400000) (1024K)]
  0x0000025673e9fe40 WorkerThread "GC Thread#0"                     [id=14588, stack(0x000000d26c200000,0x000000d26c300000) (1024K)]
  0x000002567cab7eb0 WorkerThread "GC Thread#1"                     [id=1104, stack(0x000000d26d000000,0x000000d26d100000) (1024K)]
  0x000002567cab8250 WorkerThread "GC Thread#2"                     [id=18544, stack(0x000000d26d100000,0x000000d26d200000) (1024K)]
  0x000002567cab85f0 WorkerThread "GC Thread#3"                     [id=11524, stack(0x000000d26d200000,0x000000d26d300000) (1024K)]
Total: 6

Threads with active compile tasks:
C2 CompilerThread0  8481 4815   !   4       org.eclipse.osgi.internal.loader.classpath.ClasspathManager::defineClass (636 bytes)
C2 CompilerThread1  8481 4822   !   4       org.eclipse.osgi.internal.loader.BundleLoader::findClass0 (490 bytes)
Total: 2

VM state: not at safepoint (normal execution)

VM Mutex/Monitor currently owned by a thread: None

Heap address: 0x0000000080000000, size: 2048 MB, Compressed Oops mode: 32-bit

CDS archive(s) mapped at: [0x000002560f000000-0x000002560fba0000-0x000002560fba0000), size 12189696, SharedBaseAddress: 0x000002560f000000, ArchiveRelocationMode: 1.
Compressed class space mapped at: 0x0000025610000000-0x0000025650000000, reserved size: 1073741824
Narrow klass base: 0x000002560f000000, Narrow klass shift: 0, Narrow klass range: 0x100000000

GC Precious Log:
 CardTable entry size: 512
 CPUs: 4 total, 4 available
 Memory: 16337M
 Large Page Support: Disabled
 NUMA Support: Disabled
 Compressed Oops: Enabled (32-bit)
 Alignments: Space 512K, Generation 512K, Heap 2M
 Heap Min Capacity: 100M
 Heap Initial Capacity: 100M
 Heap Max Capacity: 2G
 Pre-touch: Disabled
 Parallel Workers: 4

Heap:
 PSYoungGen      total 22528K, used 12446K [0x00000000d5580000, 0x00000000d7180000, 0x0000000100000000)
  eden space 22016K, 54% used [0x00000000d5580000,0x00000000d612b8e0,0x00000000d6b00000)
  from space 512K, 96% used [0x00000000d7100000,0x00000000d717c010,0x00000000d7180000)
  to   space 2048K, 0% used [0x00000000d6d80000,0x00000000d6d80000,0x00000000d6f80000)
 ParOldGen       total 68608K, used 19380K [0x0000000080000000, 0x0000000084300000, 0x00000000d5580000)
  object space 68608K, 28% used [0x0000000080000000,0x00000000812ed360,0x0000000084300000)
 Metaspace       used 38474K, committed 39616K, reserved 1114112K
  class space    used 4112K, committed 4608K, reserved 1048576K

Card table byte_map: [0x0000025673830000,0x0000025673c40000] _byte_map_base: 0x0000025673430000

Marking Bits: (ParMarkBitMap*) 0x00007ff8e4662460
 Begin Bits: [0x0000025677340000, 0x0000025679340000)
 End Bits:   [0x0000025679340000, 0x000002567b340000)

Polling page: 0x0000025671c10000

Metaspace:

Usage:
  Non-class:     33.56 MB used.
      Class:      4.02 MB used.
       Both:     37.57 MB used.

Virtual space:
  Non-class space:       64.00 MB reserved,      34.19 MB ( 53%) committed,  1 nodes.
      Class space:        1.00 GB reserved,       4.50 MB ( <1%) committed,  1 nodes.
             Both:        1.06 GB reserved,      38.69 MB (  4%) committed. 

Chunk freelists:
   Non-Class:  13.52 MB
       Class:  11.44 MB
        Both:  24.95 MB

MaxMetaspaceSize: unlimited
CompressedClassSpaceSize: 1.00 GB
Initial GC threshold: 21.00 MB
Current GC threshold: 58.38 MB
CDS: on
 - commit_granule_bytes: 65536.
 - commit_granule_words: 8192.
 - virtual_space_node_default_size: 8388608.
 - enlarge_chunks_in_place: 1.
 - use_allocation_guard: 0.


Internal statistics:

num_allocs_failed_limit: 6.
num_arena_births: 748.
num_arena_deaths: 14.
num_vsnodes_births: 2.
num_vsnodes_deaths: 0.
num_space_committed: 619.
num_space_uncommitted: 0.
num_chunks_returned_to_freelist: 20.
num_chunks_taken_from_freelist: 2419.
num_chunk_merges: 12.
num_chunk_splits: 1521.
num_chunks_enlarged: 895.
num_inconsistent_stats: 0.

CodeHeap 'non-profiled nmethods': size=120000Kb used=2222Kb max_used=2394Kb free=117777Kb
 bounds [0x0000025607ad0000, 0x0000025607d40000, 0x000002560f000000]
CodeHeap 'profiled nmethods': size=120000Kb used=8938Kb max_used=9815Kb free=111061Kb
 bounds [0x0000025600000000, 0x00000256009a0000, 0x0000025607530000]
CodeHeap 'non-nmethods': size=5760Kb used=1358Kb max_used=1393Kb free=4401Kb
 bounds [0x0000025607530000, 0x00000256077a0000, 0x0000025607ad0000]
CodeCache: size=245760Kb, used=12518Kb, max_used=13602Kb, free=233239Kb
 total_blobs=4943, nmethods=4286, adapters=563, full_count=0
Compilation: enabled, stopped_count=0, restarted_count=0

Compilation events (20 events):
Event: 8.298 Thread 0x0000025673de8150 4838       3       java.util.stream.ReferencePipeline::toArray (18 bytes)
Event: 8.298 Thread 0x0000025673de8150 nmethod 4838 0x000002560036ab90 code [0x000002560036ad60, 0x000002560036afb8]
Event: 8.298 Thread 0x0000025673de8150 4839       3       sun.reflect.generics.parser.SignatureParser::parseTypeArgument (135 bytes)
Event: 8.299 Thread 0x0000025673de8150 nmethod 4839 0x0000025600019290 code [0x00000256000195a0, 0x000002560001a9f8]
Event: 8.299 Thread 0x0000025673de8150 4840   !   3       java.lang.reflect.Executable::parameterData (75 bytes)
Event: 8.299 Thread 0x0000025673de8150 nmethod 4840 0x00000256001ad290 code [0x00000256001ad4c0, 0x00000256001adb50]
Event: 8.299 Thread 0x0000025673de8150 4841       3       java.lang.reflect.Method::hasGenericInformation (13 bytes)
Event: 8.300 Thread 0x0000025673de8150 nmethod 4841 0x00000256003c2390 code [0x00000256003c2540, 0x00000256003c26b8]
Event: 8.300 Thread 0x0000025673de8150 4842       3       java.lang.invoke.Invokers$Holder::linkToTargetMethod (11 bytes)
Event: 8.300 Thread 0x0000025673de8150 nmethod 4842 0x0000025600018d10 code [0x0000025600018ee0, 0x00000256000191b0]
Event: 8.300 Thread 0x0000025673de8150 4843       1       sun.reflect.generics.tree.MethodTypeSignature::getParameterTypes (5 bytes)
Event: 8.301 Thread 0x0000025673de8150 nmethod 4843 0x0000025607ba7990 code [0x0000025607ba7b20, 0x0000025607ba7be8]
Event: 8.303 Thread 0x0000025673de8150 4845       3       sun.reflect.generics.scope.AbstractScope::<init> (10 bytes)
Event: 8.303 Thread 0x0000025673de8150 nmethod 4845 0x00000256003dfd90 code [0x00000256003dff40, 0x00000256003e00c8]
Event: 8.303 Thread 0x0000025673de8150 4846       3       sun.reflect.generics.factory.CoreReflectionFactory::make (10 bytes)
Event: 8.303 Thread 0x0000025673de8150 nmethod 4846 0x000002560033cb10 code [0x000002560033ccc0, 0x000002560033cef8]
Event: 8.303 Thread 0x0000025673de8150 4847       3       sun.reflect.generics.factory.CoreReflectionFactory::<init> (15 bytes)
Event: 8.303 Thread 0x0000025673de8150 nmethod 4847 0x000002560033c710 code [0x000002560033c8c0, 0x000002560033ca58]
Event: 8.303 Thread 0x0000025673de8150 4848       3       sun.reflect.generics.parser.SignatureParser::init (16 bytes)
Event: 8.303 Thread 0x0000025673de8150 nmethod 4848 0x000002560043ae90 code [0x000002560043b020, 0x000002560043b158]

GC Heap History (20 events):
Event: 5.306 GC heap before
{Heap before GC invocations=7 (full 0):
 PSYoungGen      total 29696K, used 21309K [0x00000000d5580000, 0x00000000d7980000, 0x0000000100000000)
  eden space 24576K, 67% used [0x00000000d5580000,0x00000000d65af700,0x00000000d6d80000)
  from space 5120K, 92% used [0x00000000d7480000,0x00000000d7920028,0x00000000d7980000)
  to   space 5632K, 0% used [0x00000000d6e80000,0x00000000d6e80000,0x00000000d7400000)
 ParOldGen       total 68608K, used 8314K [0x0000000080000000, 0x0000000084300000, 0x00000000d5580000)
  object space 68608K, 12% used [0x0000000080000000,0x000000008081e8b0,0x0000000084300000)
 Metaspace       used 20702K, committed 21504K, reserved 1114112K
  class space    used 2194K, committed 2560K, reserved 1048576K
}
Event: 5.314 GC heap after
{Heap after GC invocations=7 (full 0):
 PSYoungGen      total 29184K, used 4206K [0x00000000d5580000, 0x00000000d7680000, 0x0000000100000000)
  eden space 24576K, 0% used [0x00000000d5580000,0x00000000d5580000,0x00000000d6d80000)
  from space 4608K, 91% used [0x00000000d6e80000,0x00000000d729ba98,0x00000000d7300000)
  to   space 3584K, 0% used [0x00000000d7300000,0x00000000d7300000,0x00000000d7680000)
 ParOldGen       total 68608K, used 9582K [0x0000000080000000, 0x0000000084300000, 0x00000000d5580000)
  object space 68608K, 13% used [0x0000000080000000,0x000000008095b938,0x0000000084300000)
 Metaspace       used 20702K, committed 21504K, reserved 1114112K
  class space    used 2194K, committed 2560K, reserved 1048576K
}
Event: 5.314 GC heap before
{Heap before GC invocations=8 (full 1):
 PSYoungGen      total 29184K, used 4206K [0x00000000d5580000, 0x00000000d7680000, 0x0000000100000000)
  eden space 24576K, 0% used [0x00000000d5580000,0x00000000d5580000,0x00000000d6d80000)
  from space 4608K, 91% used [0x00000000d6e80000,0x00000000d729ba98,0x00000000d7300000)
  to   space 3584K, 0% used [0x00000000d7300000,0x00000000d7300000,0x00000000d7680000)
 ParOldGen       total 68608K, used 9582K [0x0000000080000000, 0x0000000084300000, 0x00000000d5580000)
  object space 68608K, 13% used [0x0000000080000000,0x000000008095b938,0x0000000084300000)
 Metaspace       used 20702K, committed 21504K, reserved 1114112K
  class space    used 2194K, committed 2560K, reserved 1048576K
}
Event: 5.351 GC heap after
{Heap after GC invocations=8 (full 1):
 PSYoungGen      total 29184K, used 0K [0x00000000d5580000, 0x00000000d7680000, 0x0000000100000000)
  eden space 24576K, 0% used [0x00000000d5580000,0x00000000d5580000,0x00000000d6d80000)
  from space 4608K, 0% used [0x00000000d6e80000,0x00000000d6e80000,0x00000000d7300000)
  to   space 3584K, 0% used [0x00000000d7300000,0x00000000d7300000,0x00000000d7680000)
 ParOldGen       total 68608K, used 13225K [0x0000000080000000, 0x0000000084300000, 0x00000000d5580000)
  object space 68608K, 19% used [0x0000000080000000,0x0000000080cea578,0x0000000084300000)
 Metaspace       used 20689K, committed 21504K, reserved 1114112K
  class space    used 2191K, committed 2560K, reserved 1048576K
}
Event: 5.732 GC heap before
{Heap before GC invocations=9 (full 1):
 PSYoungGen      total 29184K, used 24576K [0x00000000d5580000, 0x00000000d7680000, 0x0000000100000000)
  eden space 24576K, 100% used [0x00000000d5580000,0x00000000d6d80000,0x00000000d6d80000)
  from space 4608K, 0% used [0x00000000d6e80000,0x00000000d6e80000,0x00000000d7300000)
  to   space 3584K, 0% used [0x00000000d7300000,0x00000000d7300000,0x00000000d7680000)
 ParOldGen       total 68608K, used 13225K [0x0000000080000000, 0x0000000084300000, 0x00000000d5580000)
  object space 68608K, 19% used [0x0000000080000000,0x0000000080cea578,0x0000000084300000)
 Metaspace       used 23247K, committed 24064K, reserved 1114112K
  class space    used 2357K, committed 2752K, reserved 1048576K
}
Event: 5.733 GC heap after
{Heap after GC invocations=9 (full 1):
 PSYoungGen      total 25088K, used 641K [0x00000000d5580000, 0x00000000d7400000, 0x0000000100000000)
  eden space 24064K, 0% used [0x00000000d5580000,0x00000000d5580000,0x00000000d6d00000)
  from space 1024K, 62% used [0x00000000d7300000,0x00000000d73a0680,0x00000000d7400000)
  to   space 2048K, 0% used [0x00000000d7000000,0x00000000d7000000,0x00000000d7200000)
 ParOldGen       total 68608K, used 13225K [0x0000000080000000, 0x0000000084300000, 0x00000000d5580000)
  object space 68608K, 19% used [0x0000000080000000,0x0000000080cea578,0x0000000084300000)
 Metaspace       used 23247K, committed 24064K, reserved 1114112K
  class space    used 2357K, committed 2752K, reserved 1048576K
}
Event: 6.051 GC heap before
{Heap before GC invocations=10 (full 1):
 PSYoungGen      total 25088K, used 24705K [0x00000000d5580000, 0x00000000d7400000, 0x0000000100000000)
  eden space 24064K, 100% used [0x00000000d5580000,0x00000000d6d00000,0x00000000d6d00000)
  from space 1024K, 62% used [0x00000000d7300000,0x00000000d73a0680,0x00000000d7400000)
  to   space 2048K, 0% used [0x00000000d7000000,0x00000000d7000000,0x00000000d7200000)
 ParOldGen       total 68608K, used 13225K [0x0000000080000000, 0x0000000084300000, 0x00000000d5580000)
  object space 68608K, 19% used [0x0000000080000000,0x0000000080cea578,0x0000000084300000)
 Metaspace       used 26440K, committed 27328K, reserved 1114112K
  class space    used 2602K, committed 3008K, reserved 1048576K
}
Event: 6.053 GC heap after
{Heap after GC invocations=10 (full 1):
 PSYoungGen      total 25600K, used 1710K [0x00000000d5580000, 0x00000000d7380000, 0x0000000100000000)
  eden space 23552K, 0% used [0x00000000d5580000,0x00000000d5580000,0x00000000d6c80000)
  from space 2048K, 83% used [0x00000000d7000000,0x00000000d71abac0,0x00000000d7200000)
  to   space 1536K, 0% used [0x00000000d7200000,0x00000000d7200000,0x00000000d7380000)
 ParOldGen       total 68608K, used 14014K [0x0000000080000000, 0x0000000084300000, 0x00000000d5580000)
  object space 68608K, 20% used [0x0000000080000000,0x0000000080dafa88,0x0000000084300000)
 Metaspace       used 26440K, committed 27328K, reserved 1114112K
  class space    used 2602K, committed 3008K, reserved 1048576K
}
Event: 6.491 GC heap before
{Heap before GC invocations=11 (full 1):
 PSYoungGen      total 25600K, used 25262K [0x00000000d5580000, 0x00000000d7380000, 0x0000000100000000)
  eden space 23552K, 100% used [0x00000000d5580000,0x00000000d6c80000,0x00000000d6c80000)
  from space 2048K, 83% used [0x00000000d7000000,0x00000000d71abac0,0x00000000d7200000)
  to   space 1536K, 0% used [0x00000000d7200000,0x00000000d7200000,0x00000000d7380000)
 ParOldGen       total 68608K, used 14014K [0x0000000080000000, 0x0000000084300000, 0x00000000d5580000)
  object space 68608K, 20% used [0x0000000080000000,0x0000000080dafa88,0x0000000084300000)
 Metaspace       used 28394K, committed 29312K, reserved 1114112K
  class space    used 2807K, committed 3200K, reserved 1048576K
}
Event: 6.493 GC heap after
{Heap after GC invocations=11 (full 1):
 PSYoungGen      total 24576K, used 1531K [0x00000000d5580000, 0x00000000d7380000, 0x0000000100000000)
  eden space 23040K, 0% used [0x00000000d5580000,0x00000000d5580000,0x00000000d6c00000)
  from space 1536K, 99% used [0x00000000d7200000,0x00000000d737eda0,0x00000000d7380000)
  to   space 2560K, 0% used [0x00000000d6e80000,0x00000000d6e80000,0x00000000d7100000)
 ParOldGen       total 68608K, used 14694K [0x0000000080000000, 0x0000000084300000, 0x00000000d5580000)
  object space 68608K, 21% used [0x0000000080000000,0x0000000080e59ab0,0x0000000084300000)
 Metaspace       used 28394K, committed 29312K, reserved 1114112K
  class space    used 2807K, committed 3200K, reserved 1048576K
}
Event: 7.401 GC heap before
{Heap before GC invocations=12 (full 1):
 PSYoungGen      total 24576K, used 24571K [0x00000000d5580000, 0x00000000d7380000, 0x0000000100000000)
  eden space 23040K, 100% used [0x00000000d5580000,0x00000000d6c00000,0x00000000d6c00000)
  from space 1536K, 99% used [0x00000000d7200000,0x00000000d737eda0,0x00000000d7380000)
  to   space 2560K, 0% used [0x00000000d6e80000,0x00000000d6e80000,0x00000000d7100000)
 ParOldGen       total 68608K, used 14694K [0x0000000080000000, 0x0000000084300000, 0x00000000d5580000)
  object space 68608K, 21% used [0x0000000080000000,0x0000000080e59ab0,0x0000000084300000)
 Metaspace       used 31041K, committed 31872K, reserved 1114112K
  class space    used 3157K, committed 3520K, reserved 1048576K
}
Event: 7.404 GC heap after
{Heap after GC invocations=12 (full 1):
 PSYoungGen      total 25088K, used 1035K [0x00000000d5580000, 0x00000000d7280000, 0x0000000100000000)
  eden space 22528K, 0% used [0x00000000d5580000,0x00000000d5580000,0x00000000d6b80000)
  from space 2560K, 40% used [0x00000000d6e80000,0x00000000d6f82da8,0x00000000d7100000)
  to   space 1536K, 0% used [0x00000000d7100000,0x00000000d7100000,0x00000000d7280000)
 ParOldGen       total 68608K, used 16197K [0x0000000080000000, 0x0000000084300000, 0x00000000d5580000)
  object space 68608K, 23% used [0x0000000080000000,0x0000000080fd17f0,0x0000000084300000)
 Metaspace       used 31041K, committed 31872K, reserved 1114112K
  class space    used 3157K, committed 3520K, reserved 1048576K
}
Event: 7.696 GC heap before
{Heap before GC invocations=13 (full 1):
 PSYoungGen      total 25088K, used 23563K [0x00000000d5580000, 0x00000000d7280000, 0x0000000100000000)
  eden space 22528K, 100% used [0x00000000d5580000,0x00000000d6b80000,0x00000000d6b80000)
  from space 2560K, 40% used [0x00000000d6e80000,0x00000000d6f82da8,0x00000000d7100000)
  to   space 1536K, 0% used [0x00000000d7100000,0x00000000d7100000,0x00000000d7280000)
 ParOldGen       total 68608K, used 16197K [0x0000000080000000, 0x0000000084300000, 0x00000000d5580000)
  object space 68608K, 23% used [0x0000000080000000,0x0000000080fd17f0,0x0000000084300000)
 Metaspace       used 33270K, committed 34304K, reserved 1114112K
  class space    used 3439K, committed 3904K, reserved 1048576K
}
Event: 7.700 GC heap after
{Heap after GC invocations=13 (full 1):
 PSYoungGen      total 23552K, used 1091K [0x00000000d5580000, 0x00000000d7280000, 0x0000000100000000)
  eden space 22016K, 0% used [0x00000000d5580000,0x00000000d5580000,0x00000000d6b00000)
  from space 1536K, 71% used [0x00000000d7100000,0x00000000d7210f08,0x00000000d7280000)
  to   space 1536K, 0% used [0x00000000d6f80000,0x00000000d6f80000,0x00000000d7100000)
 ParOldGen       total 68608K, used 17019K [0x0000000080000000, 0x0000000084300000, 0x00000000d5580000)
  object space 68608K, 24% used [0x0000000080000000,0x000000008109ef88,0x0000000084300000)
 Metaspace       used 33270K, committed 34304K, reserved 1114112K
  class space    used 3439K, committed 3904K, reserved 1048576K
}
Event: 7.869 GC heap before
{Heap before GC invocations=14 (full 1):
 PSYoungGen      total 23552K, used 17442K [0x00000000d5580000, 0x00000000d7280000, 0x0000000100000000)
  eden space 22016K, 74% used [0x00000000d5580000,0x00000000d6577928,0x00000000d6b00000)
  from space 1536K, 71% used [0x00000000d7100000,0x00000000d7210f08,0x00000000d7280000)
  to   space 1536K, 0% used [0x00000000d6f80000,0x00000000d6f80000,0x00000000d7100000)
 ParOldGen       total 68608K, used 17019K [0x0000000080000000, 0x0000000084300000, 0x00000000d5580000)
  object space 68608K, 24% used [0x0000000080000000,0x000000008109ef88,0x0000000084300000)
 Metaspace       used 34808K, committed 35840K, reserved 1114112K
  class space    used 3621K, committed 4096K, reserved 1048576K
}
Event: 7.872 GC heap after
{Heap after GC invocations=14 (full 1):
 PSYoungGen      total 23552K, used 1302K [0x00000000d5580000, 0x00000000d7180000, 0x0000000100000000)
  eden space 22016K, 0% used [0x00000000d5580000,0x00000000d5580000,0x00000000d6b00000)
  from space 1536K, 84% used [0x00000000d6f80000,0x00000000d70c5a18,0x00000000d7100000)
  to   space 512K, 0% used [0x00000000d7100000,0x00000000d7100000,0x00000000d7180000)
 ParOldGen       total 68608K, used 17823K [0x0000000080000000, 0x0000000084300000, 0x00000000d5580000)
  object space 68608K, 25% used [0x0000000080000000,0x0000000081167eb0,0x0000000084300000)
 Metaspace       used 34808K, committed 35840K, reserved 1114112K
  class space    used 3621K, committed 4096K, reserved 1048576K
}
Event: 7.872 GC heap before
{Heap before GC invocations=15 (full 2):
 PSYoungGen      total 23552K, used 1302K [0x00000000d5580000, 0x00000000d7180000, 0x0000000100000000)
  eden space 22016K, 0% used [0x00000000d5580000,0x00000000d5580000,0x00000000d6b00000)
  from space 1536K, 84% used [0x00000000d6f80000,0x00000000d70c5a18,0x00000000d7100000)
  to   space 512K, 0% used [0x00000000d7100000,0x00000000d7100000,0x00000000d7180000)
 ParOldGen       total 68608K, used 17823K [0x0000000080000000, 0x0000000084300000, 0x00000000d5580000)
  object space 68608K, 25% used [0x0000000080000000,0x0000000081167eb0,0x0000000084300000)
 Metaspace       used 34808K, committed 35840K, reserved 1114112K
  class space    used 3621K, committed 4096K, reserved 1048576K
}
Event: 7.908 GC heap after
{Heap after GC invocations=15 (full 2):
 PSYoungGen      total 23552K, used 0K [0x00000000d5580000, 0x00000000d7180000, 0x0000000100000000)
  eden space 22016K, 0% used [0x00000000d5580000,0x00000000d5580000,0x00000000d6b00000)
  from space 1536K, 0% used [0x00000000d6f80000,0x00000000d6f80000,0x00000000d7100000)
  to   space 512K, 0% used [0x00000000d7100000,0x00000000d7100000,0x00000000d7180000)
 ParOldGen       total 68608K, used 18212K [0x0000000080000000, 0x0000000084300000, 0x00000000d5580000)
  object space 68608K, 26% used [0x0000000080000000,0x00000000811c9350,0x0000000084300000)
 Metaspace       used 34808K, committed 35840K, reserved 1114112K
  class space    used 3621K, committed 4096K, reserved 1048576K
}
Event: 8.211 GC heap before
{Heap before GC invocations=16 (full 2):
 PSYoungGen      total 23552K, used 22016K [0x00000000d5580000, 0x00000000d7180000, 0x0000000100000000)
  eden space 22016K, 100% used [0x00000000d5580000,0x00000000d6b00000,0x00000000d6b00000)
  from space 1536K, 0% used [0x00000000d6f80000,0x00000000d6f80000,0x00000000d7100000)
  to   space 512K, 0% used [0x00000000d7100000,0x00000000d7100000,0x00000000d7180000)
 ParOldGen       total 68608K, used 18212K [0x0000000080000000, 0x0000000084300000, 0x00000000d5580000)
  object space 68608K, 26% used [0x0000000080000000,0x00000000811c9350,0x0000000084300000)
 Metaspace       used 37225K, committed 38336K, reserved 1114112K
  class space    used 3931K, committed 4416K, reserved 1048576K
}
Event: 8.213 GC heap after
{Heap after GC invocations=16 (full 2):
 PSYoungGen      total 22528K, used 496K [0x00000000d5580000, 0x00000000d7180000, 0x0000000100000000)
  eden space 22016K, 0% used [0x00000000d5580000,0x00000000d5580000,0x00000000d6b00000)
  from space 512K, 96% used [0x00000000d7100000,0x00000000d717c010,0x00000000d7180000)
  to   space 2048K, 0% used [0x00000000d6d80000,0x00000000d6d80000,0x00000000d6f80000)
 ParOldGen       total 68608K, used 19380K [0x0000000080000000, 0x0000000084300000, 0x00000000d5580000)
  object space 68608K, 28% used [0x0000000080000000,0x00000000812ed360,0x0000000084300000)
 Metaspace       used 37225K, committed 38336K, reserved 1114112K
  class space    used 3931K, committed 4416K, reserved 1048576K
}

Dll operation events (10 events):
Event: 0.012 Loaded shared library c:\Users\Admin\.antigravity\extensions\redhat.java-1.50.0-win32-x64\jre\21.0.9-win32-x86_64\bin\java.dll
Event: 0.129 Loaded shared library c:\Users\Admin\.antigravity\extensions\redhat.java-1.50.0-win32-x64\jre\21.0.9-win32-x86_64\bin\zip.dll
Event: 0.157 Loaded shared library C:\Users\Admin\.antigravity\extensions\redhat.java-1.50.0-win32-x64\jre\21.0.9-win32-x86_64\bin\instrument.dll
Event: 0.163 Loaded shared library C:\Users\Admin\.antigravity\extensions\redhat.java-1.50.0-win32-x64\jre\21.0.9-win32-x86_64\bin\net.dll
Event: 0.165 Loaded shared library C:\Users\Admin\.antigravity\extensions\redhat.java-1.50.0-win32-x64\jre\21.0.9-win32-x86_64\bin\nio.dll
Event: 0.205 Loaded shared library C:\Users\Admin\.antigravity\extensions\redhat.java-1.50.0-win32-x64\jre\21.0.9-win32-x86_64\bin\zip.dll
Event: 0.259 Loaded shared library C:\Users\Admin\.antigravity\extensions\redhat.java-1.50.0-win32-x64\jre\21.0.9-win32-x86_64\bin\jimage.dll
Event: 0.485 Loaded shared library c:\Users\Admin\.antigravity\extensions\redhat.java-1.50.0-win32-x64\jre\21.0.9-win32-x86_64\bin\verify.dll
Event: 2.286 Loaded shared library C:\Users\Admin\AppData\Roaming\Antigravity\User\globalStorage\redhat.java\1.50.0\config_win\org.eclipse.equinox.launcher\org.eclipse.equinox.launcher.win32.win32.x86_64_1.2.1400.v20250801-0854\eclipse_11916.dll
Event: 4.275 Loaded shared library C:\Users\Admin\AppData\Local\Temp\jna-63116079\jna9337718428350530019.dll

Deoptimization events (20 events):
Event: 7.981 Thread 0x000002567d8da4b0 Uncommon trap: trap_request=0xffffff45 fr.pc=0x0000025607bced1c relative=0x000000000000053c
Event: 7.981 Thread 0x000002567d8da4b0 Uncommon trap: reason=unstable_if action=reinterpret pc=0x0000025607bced1c method=java.util.Properties$LineReader.readLine()I @ 318 c2
Event: 7.981 Thread 0x000002567d8da4b0 DEOPT PACKING pc=0x0000025607bced1c sp=0x000000d26e2fe960
Event: 7.981 Thread 0x000002567d8da4b0 DEOPT UNPACKING pc=0x0000025607583aa2 sp=0x000000d26e2fe8f8 mode 2
Event: 8.041 Thread 0x000002567d8dbef0 Uncommon trap: trap_request=0xffffffc6 fr.pc=0x0000025607ce838c relative=0x000000000000072c
Event: 8.041 Thread 0x000002567d8dbef0 Uncommon trap: reason=bimorphic_or_optimized_type_check action=maybe_recompile pc=0x0000025607ce838c method=java.util.HashMap.putVal(ILjava/lang/Object;Ljava/lang/Object;ZZ)Ljava/lang/Object; @ 91 c2
Event: 8.041 Thread 0x000002567d8dbef0 DEOPT PACKING pc=0x0000025607ce838c sp=0x000000d26ddfeb80
Event: 8.043 Thread 0x000002567d8dbef0 DEOPT UNPACKING pc=0x0000025607583aa2 sp=0x000000d26ddfea88 mode 2
Event: 8.045 Thread 0x000002567d8dbef0 Uncommon trap: trap_request=0xffffffc6 fr.pc=0x0000025607ce838c relative=0x000000000000072c
Event: 8.045 Thread 0x000002567d8dbef0 Uncommon trap: reason=bimorphic_or_optimized_type_check action=maybe_recompile pc=0x0000025607ce838c method=java.util.HashMap.putVal(ILjava/lang/Object;Ljava/lang/Object;ZZ)Ljava/lang/Object; @ 91 c2
Event: 8.045 Thread 0x000002567d8dbef0 DEOPT PACKING pc=0x0000025607ce838c sp=0x000000d26ddfeb80
Event: 8.045 Thread 0x000002567d8dbef0 DEOPT UNPACKING pc=0x0000025607583aa2 sp=0x000000d26ddfea88 mode 2
Event: 8.094 Thread 0x000002567d8dbef0 Uncommon trap: trap_request=0xffffffde fr.pc=0x0000025607d10e38 relative=0x00000000000000f8
Event: 8.095 Thread 0x000002567d8dbef0 Uncommon trap: reason=class_check action=maybe_recompile pc=0x0000025607d10e38 method=sun.nio.cs.UTF_8.updatePositions(Ljava/nio/Buffer;ILjava/nio/Buffer;I)V @ 3 c2
Event: 8.096 Thread 0x000002567d8dbef0 DEOPT PACKING pc=0x0000025607d10e38 sp=0x000000d26ddfe640
Event: 8.096 Thread 0x000002567d8dbef0 DEOPT UNPACKING pc=0x0000025607583aa2 sp=0x000000d26ddfe5f0 mode 2
Event: 8.096 Thread 0x000002567d8dbef0 Uncommon trap: trap_request=0xffffffde fr.pc=0x0000025607d10e38 relative=0x00000000000000f8
Event: 8.096 Thread 0x000002567d8dbef0 Uncommon trap: reason=class_check action=maybe_recompile pc=0x0000025607d10e38 method=sun.nio.cs.UTF_8.updatePositions(Ljava/nio/Buffer;ILjava/nio/Buffer;I)V @ 3 c2
Event: 8.096 Thread 0x000002567d8dbef0 DEOPT PACKING pc=0x0000025607d10e38 sp=0x000000d26ddfe6d0
Event: 8.096 Thread 0x000002567d8dbef0 DEOPT UNPACKING pc=0x0000025607583aa2 sp=0x000000d26ddfe680 mode 2

Classes loaded (20 events):
Event: 8.103 Loading class java/util/concurrent/CompletableFuture
Event: 8.104 Loading class java/util/concurrent/CompletableFuture done
Event: 8.105 Loading class jdk/internal/event/ThreadSleepEvent
Event: 8.106 Loading class jdk/internal/event/ThreadSleepEvent done
Event: 8.113 Loading class java/lang/reflect/Executable$ParameterData
Event: 8.113 Loading class java/lang/reflect/Executable$ParameterData done
Event: 8.114 Loading class sun/reflect/generics/scope/MethodScope
Event: 8.114 Loading class sun/reflect/generics/scope/MethodScope done
Event: 8.114 Loading class sun/reflect/generics/repository/MethodRepository
Event: 8.114 Loading class sun/reflect/generics/repository/ConstructorRepository
Event: 8.114 Loading class sun/reflect/generics/repository/ConstructorRepository done
Event: 8.114 Loading class sun/reflect/generics/repository/MethodRepository done
Event: 8.115 Loading class sun/reflect/generics/tree/MethodTypeSignature
Event: 8.115 Loading class sun/reflect/generics/tree/MethodTypeSignature done
Event: 8.192 Loading class jdk/internal/vm/annotation/IntrinsicCandidate
Event: 8.192 Loading class jdk/internal/vm/annotation/IntrinsicCandidate done
Event: 8.278 Loading class sun/reflect/generics/tree/BooleanSignature
Event: 8.278 Loading class sun/reflect/generics/tree/BooleanSignature done
Event: 8.278 Loading class sun/reflect/generics/tree/ArrayTypeSignature
Event: 8.278 Loading class sun/reflect/generics/tree/ArrayTypeSignature done

Classes unloaded (7 events):
Event: 5.321 Thread 0x0000025673d5eaf0 Unloading class 0x00000256101acc00 'java/lang/invoke/LambdaForm$MH+0x00000256101acc00'
Event: 5.321 Thread 0x0000025673d5eaf0 Unloading class 0x00000256101ac800 'java/lang/invoke/LambdaForm$MH+0x00000256101ac800'
Event: 5.321 Thread 0x0000025673d5eaf0 Unloading class 0x00000256101ac400 'java/lang/invoke/LambdaForm$MH+0x00000256101ac400'
Event: 5.321 Thread 0x0000025673d5eaf0 Unloading class 0x00000256101ac000 'java/lang/invoke/LambdaForm$MH+0x00000256101ac000'
Event: 5.321 Thread 0x0000025673d5eaf0 Unloading class 0x00000256101abc00 'java/lang/invoke/LambdaForm$BMH+0x00000256101abc00'
Event: 5.321 Thread 0x0000025673d5eaf0 Unloading class 0x00000256101ab800 'java/lang/invoke/LambdaForm$DMH+0x00000256101ab800'
Event: 5.321 Thread 0x0000025673d5eaf0 Unloading class 0x00000256101aa400 'java/lang/invoke/LambdaForm$DMH+0x00000256101aa400'

Classes redefined (0 events):
No events

Internal exceptions (20 events):
Event: 6.399 Thread 0x000002567d8dc580 Exception <a 'java/lang/NoSuchMethodError'{0x00000000d689e710}: 'int java.lang.invoke.DirectMethodHandle$Holder.invokeSpecial(java.lang.Object, java.lang.Object, java.lang.Object, java.lang.Object)'> (0x00000000d689e710) 
thrown [s\src\hotspot\share\interpreter\linkResolver.cpp, line 773]
Event: 6.400 Thread 0x000002567d8dc580 Exception <a 'java/lang/NoSuchMethodError'{0x00000000d68ac140}: 'java.lang.Object java.lang.invoke.DirectMethodHandle$Holder.invokeStatic(java.lang.Object, int, java.lang.Object, java.lang.Object)'> (0x00000000d68ac140) 
thrown [s\src\hotspot\share\interpreter\linkResolver.cpp, line 773]
Event: 6.400 Thread 0x000002567d8dc580 Exception <a 'java/lang/NoSuchMethodError'{0x00000000d68af920}: 'java.lang.Object java.lang.invoke.DelegatingMethodHandle$Holder.delegate(java.lang.Object, int, java.lang.Object, java.lang.Object)'> (0x00000000d68af920) 
thrown [s\src\hotspot\share\interpreter\linkResolver.cpp, line 773]
Event: 6.402 Thread 0x000002567d8dc580 Exception <a 'java/lang/NoSuchMethodError'{0x00000000d68c35c0}: 'int java.lang.invoke.Invokers$Holder.linkToTargetMethod(java.lang.Object, java.lang.Object, java.lang.Object)'> (0x00000000d68c35c0) 
thrown [s\src\hotspot\share\interpreter\linkResolver.cpp, line 773]
Event: 6.449 Thread 0x000002567d8dd930 Exception <a 'java/lang/NoSuchMethodError'{0x00000000d6928a60}: 'java.lang.Object java.lang.invoke.DirectMethodHandle$Holder.invokeSpecialIFC(java.lang.Object, java.lang.Object, java.lang.Object, java.lang.Object)'> (0x00000000d6928a60) 
thrown [s\src\hotspot\share\interpreter\linkResolver.cpp, line 773]
Event: 6.475 Thread 0x000002567cc8f330 Exception <a 'java/lang/ClassNotFoundException'{0x00000000d6b986f0}: com/sun/org/apache/xerces/internal/impl/msg/spi/DOMMessagesProvider> (0x00000000d6b986f0) 
thrown [s\src\hotspot\share\classfile\systemDictionary.cpp, line 312]
Event: 6.476 Thread 0x000002567cc8f330 Exception <a 'java/lang/ClassNotFoundException'{0x00000000d6ba9ea8}: com/sun/org/apache/xerces/internal/impl/msg/spi/XMLSerializerMessagesProvider> (0x00000000d6ba9ea8) 
thrown [s\src\hotspot\share\classfile\systemDictionary.cpp, line 312]
Event: 6.481 Thread 0x000002567cc8f330 Exception <a 'java/lang/ClassNotFoundException'{0x00000000d6bb7178}: com/sun/org/apache/xerces/internal/impl/msg/spi/XMLMessagesProvider> (0x00000000d6bb7178) 
thrown [s\src\hotspot\share\classfile\systemDictionary.cpp, line 312]
Event: 7.307 Thread 0x000002567d8dd930 Exception <a 'java/lang/NoClassDefFoundError'{0x00000000d6640f70}: javax/enterprise/inject/Typed> (0x00000000d6640f70) 
thrown [s\src\hotspot\share\classfile\systemDictionary.cpp, line 301]
Event: 7.528 Thread 0x000002567cc8f330 Exception <a 'java/lang/ClassNotFoundException'{0x00000000d5d795c0}: com/sun/org/apache/xml/internal/serializer/spi/XMLEntitiesProvider> (0x00000000d5d795c0) 
thrown [s\src\hotspot\share\classfile\systemDictionary.cpp, line 312]
Event: 7.654 Thread 0x000002567cc8f330 Exception <a 'java/io/FileNotFoundException'{0x00000000d65d3fb8}> (0x00000000d65d3fb8) 
thrown [s\src\hotspot\share\prims\jni.cpp, line 520]
Event: 7.676 Thread 0x000002567cc8f330 Exception <a 'java/lang/UnsatisfiedLinkError'{0x00000000d68a6e00}: The specified procedure could not be found.
> (0x00000000d68a6e00) 
thrown [s\src\hotspot\share\prims\jni.cpp, line 539]
Event: 7.681 Thread 0x000002567cc8f330 Exception <a 'java/io/FileNotFoundException'{0x00000000d6963fa8}> (0x00000000d6963fa8) 
thrown [s\src\hotspot\share\prims\jni.cpp, line 520]
Event: 7.693 Thread 0x000002567cc8f330 Exception <a 'java/io/FileNotFoundException'{0x00000000d6a9e320}> (0x00000000d6a9e320) 
thrown [s\src\hotspot\share\prims\jni.cpp, line 520]
Event: 7.701 Thread 0x000002567cc8f330 Exception <a 'java/lang/UnsatisfiedLinkError'{0x00000000d5587970}: The specified procedure could not be found.
> (0x00000000d5587970) 
thrown [s\src\hotspot\share\prims\jni.cpp, line 539]
Event: 7.791 Thread 0x000002567d8db1d0 Exception <a 'java/lang/NoSuchMethodError'{0x00000000d5dfb228}: 'void java.lang.invoke.DirectMethodHandle$Holder.invokeStaticInit(java.lang.Object, java.lang.Object, java.lang.Object, java.lang.Object)'> (0x00000000d5dfb228) 
thrown [s\src\hotspot\share\interpreter\linkResolver.cpp, line 773]
Event: 7.980 Thread 0x0000025671c91ac0 Exception <a 'java/lang/NoSuchMethodError'{0x00000000d5998bb0}: 'java.lang.Object java.lang.invoke.DirectMethodHandle$Holder.invokeStatic(java.lang.Object, long, java.lang.Object)'> (0x00000000d5998bb0) 
thrown [s\src\hotspot\share\interpreter\linkResolver.cpp, line 773]
Event: 7.981 Thread 0x0000025671c91ac0 Exception <a 'java/lang/NoSuchMethodError'{0x00000000d59b7e88}: 'java.lang.Object java.lang.invoke.DirectMethodHandle$Holder.invokeStaticInit(java.lang.Object, long, java.lang.Object)'> (0x00000000d59b7e88) 
thrown [s\src\hotspot\share\interpreter\linkResolver.cpp, line 773]
Event: 7.987 Thread 0x0000025671c91ac0 Exception <a 'java/lang/NoSuchMethodError'{0x00000000d5a422e8}: 'java.lang.Object java.lang.invoke.DirectMethodHandle$Holder.newInvokeSpecial(java.lang.Object, long)'> (0x00000000d5a422e8) 
thrown [s\src\hotspot\share\interpreter\linkResolver.cpp, line 773]
Event: 8.035 Thread 0x000002567d8dbef0 Exception <a 'java/io/FileNotFoundException'{0x00000000d600bb18}> (0x00000000d600bb18) 
thrown [s\src\hotspot\share\prims\jni.cpp, line 520]

ZGC Phase Switch (0 events):
No events

VM Operations (20 events):
Event: 6.520 Executing VM operation: HandshakeAllThreads (Deoptimize)
Event: 7.294 Executing VM operation: HandshakeAllThreads (Deoptimize) done
Event: 7.301 Executing VM operation: HandshakeAllThreads (Deoptimize)
Event: 7.301 Executing VM operation: HandshakeAllThreads (Deoptimize) done
Event: 7.401 Executing VM operation: ParallelGCFailedAllocation (Allocation Failure)
Event: 7.404 Executing VM operation: ParallelGCFailedAllocation (Allocation Failure) done
Event: 7.527 Executing VM operation: HandshakeAllThreads (Deoptimize)
Event: 7.527 Executing VM operation: HandshakeAllThreads (Deoptimize) done
Event: 7.590 Executing VM operation: HandshakeAllThreads (Deoptimize)
Event: 7.590 Executing VM operation: HandshakeAllThreads (Deoptimize) done
Event: 7.696 Executing VM operation: ParallelGCFailedAllocation (Allocation Failure)
Event: 7.700 Executing VM operation: ParallelGCFailedAllocation (Allocation Failure) done
Event: 7.869 Executing VM operation: CollectForMetadataAllocation (Metadata GC Threshold)
Event: 7.908 Executing VM operation: CollectForMetadataAllocation (Metadata GC Threshold) done
Event: 8.118 Executing VM operation: HandshakeAllThreads (Deoptimize)
Event: 8.177 Executing VM operation: HandshakeAllThreads (Deoptimize) done
Event: 8.211 Executing VM operation: ParallelGCFailedAllocation (Allocation Failure)
Event: 8.213 Executing VM operation: ParallelGCFailedAllocation (Allocation Failure) done
Event: 8.259 Executing VM operation: HandshakeAllThreads (Deoptimize)
Event: 8.259 Executing VM operation: HandshakeAllThreads (Deoptimize) done

Memory protections (0 events):
No events

Nmethod flushes (20 events):
Event: 7.887 Thread 0x0000025673d5eaf0 flushing  nmethod 0x0000025600608e90
Event: 7.887 Thread 0x0000025673d5eaf0 flushing  nmethod 0x0000025600626c10
Event: 7.887 Thread 0x0000025673d5eaf0 flushing  nmethod 0x0000025600628090
Event: 7.887 Thread 0x0000025673d5eaf0 flushing  nmethod 0x0000025600628990
Event: 7.887 Thread 0x0000025673d5eaf0 flushing  nmethod 0x000002560062ac10
Event: 7.887 Thread 0x0000025673d5eaf0 flushing  nmethod 0x000002560062b910
Event: 7.887 Thread 0x0000025673d5eaf0 flushing  nmethod 0x000002560062da10
Event: 7.887 Thread 0x0000025673d5eaf0 flushing  nmethod 0x000002560062e590
Event: 7.887 Thread 0x0000025673d5eaf0 flushing  nmethod 0x000002560062f410
Event: 7.887 Thread 0x0000025673d5eaf0 flushing  nmethod 0x0000025600630c90
Event: 7.887 Thread 0x0000025673d5eaf0 flushing  nmethod 0x0000025600631690
Event: 7.887 Thread 0x0000025673d5eaf0 flushing  nmethod 0x0000025600631990
Event: 7.887 Thread 0x0000025673d5eaf0 flushing  nmethod 0x000002560063c110
Event: 7.887 Thread 0x0000025673d5eaf0 flushing  nmethod 0x000002560063c610
Event: 7.887 Thread 0x0000025673d5eaf0 flushing  nmethod 0x0000025600688710
Event: 7.887 Thread 0x0000025673d5eaf0 flushing  nmethod 0x000002560068c290
Event: 7.887 Thread 0x0000025673d5eaf0 flushing  nmethod 0x00000256006dea10
Event: 7.887 Thread 0x0000025673d5eaf0 flushing  nmethod 0x00000256006e0a90
Event: 7.887 Thread 0x0000025673d5eaf0 flushing  nmethod 0x00000256006fed10
Event: 7.887 Thread 0x0000025673d5eaf0 flushing  nmethod 0x0000025600732610

Events (20 events):
Event: 3.324 Thread 0x0000025673d70e00 Thread added: 0x000002567ce86dc0
Event: 3.714 Thread 0x000002567ce86dc0 Thread exited: 0x000002567ce86dc0
Event: 3.805 Thread 0x000002567cc8f330 Thread added: 0x000002567d415ad0
Event: 4.058 Thread 0x0000025673de8150 Thread added: 0x000002567d70b930
Event: 4.299 Thread 0x000002567cc8f330 Thread added: 0x000002567ce78720
Event: 4.401 Thread 0x000002567cc8f330 Thread added: 0x000002567d8dc580
Event: 4.446 Thread 0x000002567cc8f330 Thread added: 0x000002567d8dd930
Event: 6.398 Thread 0x000002567d8dc580 Thread added: 0x000002567d8dbef0
Event: 6.505 Thread 0x000002567cc8f330 Thread added: 0x000002567d8dcc10
Event: 6.506 Thread 0x000002567d8dbef0 Thread added: 0x000002567d8db1d0
Event: 7.295 Thread 0x000002567d70b930 Thread exited: 0x000002567d70b930
Event: 7.321 Thread 0x0000025673de8150 Thread added: 0x000002567d70b930
Event: 7.777 Thread 0x000002567d8db1d0 Thread added: 0x000002567d8da4b0
Event: 7.977 Thread 0x000002567d8da4b0 Thread added: 0x000002567d8dab40
Event: 8.004 Thread 0x0000025671c91ac0 Thread added: 0x000002567d8db860
Event: 8.005 Thread 0x0000025671c91ac0 Thread added: 0x000002567d8dd2a0
Event: 8.005 Thread 0x0000025671c91ac0 Thread added: 0x000002567dce6860
Event: 8.005 Thread 0x0000025671c91ac0 Thread added: 0x000002567dce7580
Event: 8.005 Thread 0x0000025671c91ac0 Thread added: 0x000002567dce4100
Event: 8.078 Thread 0x0000025671c91ac0 Thread added: 0x000002567dce6ef0


Dynamic libraries:
0x00007ff6b7ab0000 - 0x00007ff6b7abe000 	c:\Users\Admin\.antigravity\extensions\redhat.java-1.50.0-win32-x64\jre\21.0.9-win32-x86_64\bin\java.exe
0x00007ff91ea90000 - 0x00007ff91ec88000 	C:\WINDOWS\SYSTEM32\ntdll.dll
0x00007ff91e2b0000 - 0x00007ff91e372000 	C:\WINDOWS\System32\KERNEL32.DLL
0x00007ff91c1c0000 - 0x00007ff91c4b6000 	C:\WINDOWS\System32\KERNELBASE.dll
0x00007ff91c960000 - 0x00007ff91ca60000 	C:\WINDOWS\System32\ucrtbase.dll
0x00007ff8fadc0000 - 0x00007ff8fadd8000 	c:\Users\Admin\.antigravity\extensions\redhat.java-1.50.0-win32-x64\jre\21.0.9-win32-x86_64\bin\jli.dll
0x00007ff91cfd0000 - 0x00007ff91d171000 	C:\WINDOWS\System32\USER32.dll
0x00007ff91c550000 - 0x00007ff91c572000 	C:\WINDOWS\System32\win32u.dll
0x00007ff91cdd0000 - 0x00007ff91cdfb000 	C:\WINDOWS\System32\GDI32.dll
0x00007ff91c710000 - 0x00007ff91c829000 	C:\WINDOWS\System32\gdi32full.dll
0x00007ff91c120000 - 0x00007ff91c1bd000 	C:\WINDOWS\System32\msvcp_win.dll
0x00007ff8face0000 - 0x00007ff8facfe000 	c:\Users\Admin\.antigravity\extensions\redhat.java-1.50.0-win32-x64\jre\21.0.9-win32-x86_64\bin\VCRUNTIME140.dll
0x00007ff90b970000 - 0x00007ff90bc0b000 	C:\WINDOWS\WinSxS\amd64_microsoft.windows.common-controls_6595b64144ccf1df_6.0.19041.6456_none_60b8a6cb71f64256\COMCTL32.dll
0x00007ff91e540000 - 0x00007ff91e5de000 	C:\WINDOWS\System32\msvcrt.dll
0x00007ff91d180000 - 0x00007ff91d1af000 	C:\WINDOWS\System32\IMM32.DLL
0x00007ff90c240000 - 0x00007ff90c24c000 	c:\Users\Admin\.antigravity\extensions\redhat.java-1.50.0-win32-x64\jre\21.0.9-win32-x86_64\bin\vcruntime140_1.dll
0x00007ff8f8670000 - 0x00007ff8f86fd000 	c:\Users\Admin\.antigravity\extensions\redhat.java-1.50.0-win32-x64\jre\21.0.9-win32-x86_64\bin\msvcp140.dll
0x00007ff8e39a0000 - 0x00007ff8e4740000 	c:\Users\Admin\.antigravity\extensions\redhat.java-1.50.0-win32-x64\jre\21.0.9-win32-x86_64\bin\server\jvm.dll
0x00007ff91d220000 - 0x00007ff91d2d1000 	C:\WINDOWS\System32\ADVAPI32.dll
0x00007ff91d2f0000 - 0x00007ff91d38f000 	C:\WINDOWS\System32\sechost.dll
0x00007ff91df50000 - 0x00007ff91e070000 	C:\WINDOWS\System32\RPCRT4.dll
0x00007ff91c6e0000 - 0x00007ff91c707000 	C:\WINDOWS\System32\bcrypt.dll
0x00007ff91d1b0000 - 0x00007ff91d21b000 	C:\WINDOWS\System32\WS2_32.dll
0x00007ff91b6b0000 - 0x00007ff91b6fb000 	C:\WINDOWS\SYSTEM32\POWRPROF.dll
0x00007ff9129b0000 - 0x00007ff9129d7000 	C:\WINDOWS\SYSTEM32\WINMM.dll
0x00007ff915d60000 - 0x00007ff915d6a000 	C:\WINDOWS\SYSTEM32\VERSION.dll
0x00007ff91b520000 - 0x00007ff91b532000 	C:\WINDOWS\SYSTEM32\UMPDC.dll
0x00007ff919fb0000 - 0x00007ff919fc2000 	C:\WINDOWS\SYSTEM32\kernel.appcore.dll
0x00007ff908ec0000 - 0x00007ff908eca000 	c:\Users\Admin\.antigravity\extensions\redhat.java-1.50.0-win32-x64\jre\21.0.9-win32-x86_64\bin\jimage.dll
0x00007ff916af0000 - 0x00007ff916cf1000 	C:\WINDOWS\SYSTEM32\DBGHELP.DLL
0x00007ff8f9ff0000 - 0x00007ff8fa024000 	C:\WINDOWS\SYSTEM32\dbgcore.DLL
0x00007ff91c4c0000 - 0x00007ff91c542000 	C:\WINDOWS\System32\bcryptPrimitives.dll
0x00007ff8fadb0000 - 0x00007ff8fadbf000 	c:\Users\Admin\.antigravity\extensions\redhat.java-1.50.0-win32-x64\jre\21.0.9-win32-x86_64\bin\instrument.dll
0x00007ff8fac00000 - 0x00007ff8fac20000 	c:\Users\Admin\.antigravity\extensions\redhat.java-1.50.0-win32-x64\jre\21.0.9-win32-x86_64\bin\java.dll
0x00007ff91d400000 - 0x00007ff91db70000 	C:\WINDOWS\System32\SHELL32.dll
0x00007ff91a1b0000 - 0x00007ff91a955000 	C:\WINDOWS\SYSTEM32\windows.storage.dll
0x00007ff91db70000 - 0x00007ff91dec4000 	C:\WINDOWS\System32\combase.dll
0x00007ff91bb50000 - 0x00007ff91bb7b000 	C:\WINDOWS\SYSTEM32\Wldp.dll
0x00007ff91e410000 - 0x00007ff91e4dd000 	C:\WINDOWS\System32\OLEAUT32.dll
0x00007ff91e200000 - 0x00007ff91e2ad000 	C:\WINDOWS\System32\SHCORE.dll
0x00007ff91e4e0000 - 0x00007ff91e53b000 	C:\WINDOWS\System32\shlwapi.dll
0x00007ff91c050000 - 0x00007ff91c074000 	C:\WINDOWS\SYSTEM32\profapi.dll
0x00007ff8fa9d0000 - 0x00007ff8fa9e8000 	c:\Users\Admin\.antigravity\extensions\redhat.java-1.50.0-win32-x64\jre\21.0.9-win32-x86_64\bin\zip.dll
0x00007ff8fa630000 - 0x00007ff8fa640000 	C:\Users\Admin\.antigravity\extensions\redhat.java-1.50.0-win32-x64\jre\21.0.9-win32-x86_64\bin\net.dll
0x00007ff915610000 - 0x00007ff91571a000 	C:\WINDOWS\SYSTEM32\WINHTTP.dll
0x00007ff91b8b0000 - 0x00007ff91b91a000 	C:\WINDOWS\system32\mswsock.dll
0x00007ff8fa590000 - 0x00007ff8fa5a6000 	C:\Users\Admin\.antigravity\extensions\redhat.java-1.50.0-win32-x64\jre\21.0.9-win32-x86_64\bin\nio.dll
0x00007ff8fa620000 - 0x00007ff8fa630000 	c:\Users\Admin\.antigravity\extensions\redhat.java-1.50.0-win32-x64\jre\21.0.9-win32-x86_64\bin\verify.dll
0x00007ff8f4720000 - 0x00007ff8f4764000 	C:\Users\Admin\AppData\Roaming\Antigravity\User\globalStorage\redhat.java\1.50.0\config_win\org.eclipse.equinox.launcher\org.eclipse.equinox.launcher.win32.win32.x86_64_1.2.1400.v20250801-0854\eclipse_11916.dll
0x00007ff91e0d0000 - 0x00007ff91e1fb000 	C:\WINDOWS\System32\ole32.dll
0x00007ff91baa0000 - 0x00007ff91bab8000 	C:\WINDOWS\SYSTEM32\CRYPTSP.dll
0x00007ff91b160000 - 0x00007ff91b198000 	C:\WINDOWS\system32\rsaenh.dll
0x00007ff91c010000 - 0x00007ff91c03e000 	C:\WINDOWS\SYSTEM32\USERENV.dll
0x00007ff91bac0000 - 0x00007ff91bacc000 	C:\WINDOWS\SYSTEM32\CRYPTBASE.dll
0x00007ff91b540000 - 0x00007ff91b57b000 	C:\WINDOWS\SYSTEM32\IPHLPAPI.DLL
0x00007ff91d2e0000 - 0x00007ff91d2e8000 	C:\WINDOWS\System32\NSI.dll
0x00007ff909090000 - 0x00007ff9090d9000 	C:\Users\Admin\AppData\Local\Temp\jna-63116079\jna9337718428350530019.dll
0x00007ff91d390000 - 0x00007ff91d398000 	C:\WINDOWS\System32\PSAPI.DLL
0x00007ff9166d0000 - 0x00007ff9166e7000 	C:\WINDOWS\SYSTEM32\dhcpcsvc6.DLL
0x00007ff9166b0000 - 0x00007ff9166cd000 	C:\WINDOWS\SYSTEM32\dhcpcsvc.DLL

JVMTI agents:
c:\Users\Admin\.antigravity\extensions\redhat.java-1.50.0-win32-x64\lombok\lombok-1.18.39-4050.jar path:c:\Users\Admin\.antigravity\extensions\redhat.java-1.50.0-win32-x64\jre\21.0.9-win32-x86_64\bin\instrument.dll, loaded, initialized, instrumentlib options:none

dbghelp: loaded successfully - version: 4.0.5 - missing functions: none
symbol engine: initialized successfully - sym options: 0x614 - pdb path: .;c:\Users\Admin\.antigravity\extensions\redhat.java-1.50.0-win32-x64\jre\21.0.9-win32-x86_64\bin;C:\WINDOWS\SYSTEM32;C:\WINDOWS\WinSxS\amd64_microsoft.windows.common-controls_6595b64144ccf1df_6.0.19041.6456_none_60b8a6cb71f64256;c:\Users\Admin\.antigravity\extensions\redhat.java-1.50.0-win32-x64\jre\21.0.9-win32-x86_64\bin\server;C:\Users\Admin\AppData\Roaming\Antigravity\User\globalStorage\redhat.java\1.50.0\config_win\org.eclipse.equinox.launcher\org.eclipse.equinox.launcher.win32.win32.x86_64_1.2.1400.v20250801-0854;C:\Users\Admin\AppData\Local\Temp\jna-63116079

VM Arguments:
jvm_args: --add-modules=ALL-SYSTEM --add-opens=java.base/java.util=ALL-UNNAMED --add-opens=java.base/java.lang=ALL-UNNAMED --add-opens=java.base/sun.nio.fs=ALL-UNNAMED -Declipse.application=org.eclipse.jdt.ls.core.id1 -Dosgi.bundles.defaultStartLevel=4 -Declipse.product=org.eclipse.jdt.ls.core.product -Djava.import.generatesMetadataFilesAtProjectRoot=false -DDetectVMInstallationsJob.disabled=true -Dfile.encoding=utf8 -XX:+UseParallelGC -XX:GCTimeRatio=4 -XX:AdaptiveSizePolicyWeight=90 -Dsun.zip.disableMemoryMapping=true -Xmx2G -Xms100m -Xlog:disable -javaagent:c:\Users\Admin\.antigravity\extensions\redhat.java-1.50.0-win32-x64\lombok\lombok-1.18.39-4050.jar -XX:+HeapDumpOnOutOfMemoryError -XX:HeapDumpPath=c:\Users\Admin\AppData\Roaming\Antigravity\User\workspaceStorage\af1cb1524c391b6bf54d4a5b5d479961\redhat.java -Daether.dependencyCollector.impl=bf 
java_command: c:\Users\Admin\.antigravity\extensions\redhat.java-1.50.0-win32-x64\server\plugins\org.eclipse.equinox.launcher_1.7.100.v20251111-0406.jar -configuration c:\Users\Admin\AppData\Roaming\Antigravity\User\globalStorage\redhat.java\1.50.0\config_win -data c:\Users\Admin\AppData\Roaming\Antigravity\User\workspaceStorage\af1cb1524c391b6bf54d4a5b5d479961\redhat.java\jdt_ws --pipe=\\.\pipe\lsp-bdd1a5006404161cdb4bbde61ccda920-sock
java_class_path (initial): c:\Users\Admin\.antigravity\extensions\redhat.java-1.50.0-win32-x64\server\plugins\org.eclipse.equinox.launcher_1.7.100.v20251111-0406.jar
Launcher Type: SUN_STANDARD

[Global flags]
    uintx AdaptiveSizePolicyWeight                 = 90                                        {product} {command line}
     intx CICompilerCount                          = 3                                         {product} {ergonomic}
    uintx GCTimeRatio                              = 4                                         {product} {command line}
     bool HeapDumpOnOutOfMemoryError               = true                                   {manageable} {command line}
    ccstr HeapDumpPath                             = c:\Users\Admin\AppData\Roaming\Antigravity\User\workspaceStorage\af1cb1524c391b6bf54d4a5b5d479961\redhat.java         {manageable} {command line}
   size_t InitialHeapSize                          = 104857600                                 {product} {command line}
   size_t MaxHeapSize                              = 2147483648                                {product} {command line}
   size_t MaxNewSize                               = 715653120                                 {product} {ergonomic}
   size_t MinHeapDeltaBytes                        = 524288                                    {product} {ergonomic}
   size_t MinHeapSize                              = 104857600                                 {product} {command line}
   size_t NewSize                                  = 34603008                                  {product} {ergonomic}
    uintx NonNMethodCodeHeapSize                   = 5832780                                {pd product} {ergonomic}
    uintx NonProfiledCodeHeapSize                  = 122912730                              {pd product} {ergonomic}
   size_t OldSize                                  = 70254592                                  {product} {ergonomic}
    uintx ProfiledCodeHeapSize                     = 122912730                              {pd product} {ergonomic}
    uintx ReservedCodeCacheSize                    = 251658240                              {pd product} {ergonomic}
     bool SegmentedCodeCache                       = true                                      {product} {ergonomic}
   size_t SoftMaxHeapSize                          = 2147483648                             {manageable} {ergonomic}
     bool UseCompressedOops                        = true                           {product lp64_product} {ergonomic}
     bool UseLargePagesIndividualAllocation        = false                                  {pd product} {ergonomic}
     bool UseParallelGC                            = true                                      {product} {command line}

Logging:
Log output configuration:
 #0: stdout all=off uptime,level,tags foldmultilines=false
 #1: stderr all=off uptime,level,tags foldmultilines=false

Release file:
JAVA_VERSION="21.0.9" 
MODULES="java.base java.compiler java.datatransfer java.xml java.prefs java.desktop java.instrument java.logging java.management java.security.sasl java.naming java.rmi java.management.rmi java.net.http java.scripting java.security.jgss java.transaction.xa java.sql java.sql.rowset java.xml.crypto java.se java.smartcardio jdk.accessibility jdk.internal.jvmstat jdk.attach jdk.charsets jdk.internal.opt jdk.zipfs jdk.compiler jdk.crypto.ec jdk.crypto.cryptoki jdk.crypto.mscapi jdk.dynalink jdk.internal.ed jdk.editpad jdk.hotspot.agent jdk.httpserver jdk.internal.le jdk.internal.vm.ci jdk.internal.vm.compiler jdk.internal.vm.compiler.management jdk.jartool jdk.javadoc jdk.jcmd jdk.management jdk.management.agent jdk.jconsole jdk.jdeps jdk.jdwp.agent jdk.jdi jdk.jfr jdk.jshell jdk.jsobject jdk.jstatd jdk.localedata jdk.management.jfr jdk.naming.dns jdk.naming.rmi jdk.net jdk.nio.mapmode jdk.random jdk.sctp jdk.security.auth jdk.security.jgss jdk.unsupported jdk.unsupported.desktop jdk.xml.dom" 

Environment Variables:
PATH=C:\Program Files\Common Files\Oracle\Java\javapath;C:\WINDOWS\system32;C:\WINDOWS;C:\WINDOWS\System32\Wbem;C:\WINDOWS\System32\WindowsPowerShell\v1.0\;C:\WINDOWS\System32\OpenSSH\;C:\Program Files\Microsoft SQL Server\150\Tools\Binn\;C:\Program Files\nodejs\;C:\Users\Admin\AppData\Local\Microsoft\WindowsApps;C:\Users\Admin\AppData\Local\Programs\Microsoft VS Code\bin;C:\Users\Admin\AppData\Local\Programs\Antigravity\bin;C:\Users\Admin\AppData\Roaming\npm
USERNAME=Admin
OS=Windows_NT
PROCESSOR_IDENTIFIER=Intel64 Family 6 Model 42 Stepping 7, GenuineIntel
TMP=C:\Users\Admin\AppData\Local\Temp
TEMP=C:\Users\Admin\AppData\Local\Temp




Periodic native trim disabled

---------------  S Y S T E M  ---------------

OS:
 Windows 10 , 64 bit Build 19041 (10.0.19041.5915)
OS uptime: 0 days 10:57 hours

CPU: total 4 (initial active 4) (4 cores per cpu, 1 threads per core) family 6 model 42 stepping 7 microcode 0x2f, cx8, cmov, fxsr, mmx, sse, sse2, sse3, ssse3, sse4.1, sse4.2, popcnt, tsc, tscinvbit, avx, aes, clmul, vzeroupper, clflush, rdtscp
Processor Information for the first 4 processors :
  Max Mhz: 3301, Current Mhz: 3301, Mhz Limit: 3301

Memory: 4k page, system-wide physical 16337M (7569M free)
TotalPageFile size 20433M (AvailPageFile size 5M)
current process WorkingSet (physical memory assigned to process): 206M, peak: 208M
current process commit charge ("private bytes"): 319M, peak: 321M

vm_info: OpenJDK 64-Bit Server VM (21.0.9+10-LTS) for windows-amd64 JRE (21.0.9+10-LTS), built on 2025-10-21T00:00:00Z by "admin" with unknown MS VC++:1942

END.
