#
# There is insufficient memory for the Java Runtime Environment to continue.
# Native memory allocation (mmap) failed to map 65536 bytes. Error detail: Failed to commit metaspace.
# Possible reasons:
#   The system is out of physical RAM or swap space
#   This process is running with CompressedOops enabled, and the Java Heap may be blocking the growth of the native heap
# Possible solutions:
#   Reduce memory load on the system
#   Increase physical memory or swap space
#   Check if swap backing store is full
#   Decrease Java heap size (-Xmx/-Xms)
#   Decrease number of Java threads
#   Decrease Java thread stack sizes (-Xss)
#   Set larger code cache with -XX:ReservedCodeCacheSize=
#   JVM is running with Unscaled Compressed Oops mode in which the Java heap is
#     placed in the first 4GB address space. The Java Heap base address is the
#     maximum limit for the native heap growth. Please use -XX:HeapBaseMinAddress
#     to set the Java Heap base and to place the Java Heap above 4GB virtual address.
# This output file may be truncated or incomplete.
#
#  Out of Memory Error (virtualSpaceNode.cpp:113), pid=20192, tid=19536
#
# JRE version: OpenJDK Runtime Environment Temurin-21.0.9+10 (21.0.9+10) (build 21.0.9+10-LTS)
# Java VM: OpenJDK 64-Bit Server VM Temurin-21.0.9+10 (21.0.9+10-LTS, mixed mode, sharing, tiered, compressed oops, compressed class ptrs, parallel gc, windows-amd64)
# No core dump will be written. Minidumps are not enabled by default on client versions of Windows
#

---------------  S U M M A R Y ------------

Command Line: --add-modules=ALL-SYSTEM --add-opens=java.base/java.util=ALL-UNNAMED --add-opens=java.base/java.lang=ALL-UNNAMED --add-opens=java.base/sun.nio.fs=ALL-UNNAMED -Declipse.application=org.eclipse.jdt.ls.core.id1 -Dosgi.bundles.defaultStartLevel=4 -Declipse.product=org.eclipse.jdt.ls.core.product -Djava.import.generatesMetadataFilesAtProjectRoot=false -DDetectVMInstallationsJob.disabled=true -Dfile.encoding=utf8 -XX:+UseParallelGC -XX:GCTimeRatio=4 -XX:AdaptiveSizePolicyWeight=90 -Dsun.zip.disableMemoryMapping=true -Xmx2G -Xms100m -Xlog:disable -javaagent:c:\Users\Admin\.antigravity\extensions\redhat.java-1.50.0-win32-x64\lombok\lombok-1.18.39-4050.jar -XX:+HeapDumpOnOutOfMemoryError -XX:HeapDumpPath=c:\Users\Admin\AppData\Roaming\Antigravity\User\workspaceStorage\af1cb1524c391b6bf54d4a5b5d479961\redhat.java -Daether.dependencyCollector.impl=bf c:\Users\Admin\.antigravity\extensions\redhat.java-1.50.0-win32-x64\server\plugins\org.eclipse.equinox.launcher_1.7.100.v20251111-0406.jar -configuration c:\Users\Admin\AppData\Roaming\Antigravity\User\globalStorage\redhat.java\1.50.0\config_win -data c:\Users\Admin\AppData\Roaming\Antigravity\User\workspaceStorage\af1cb1524c391b6bf54d4a5b5d479961\redhat.java\jdt_ws --pipe=\\.\pipe\lsp-0e4856af0e4278fe1ecb01e1844859fc-sock

Host: Intel(R) Core(TM) i5-2500 CPU @ 3.30GHz, 4 cores, 15G,  Windows 10 , 64 bit Build 19041 (10.0.19041.5915)
Time: Thu Dec 18 21:14:14 2025 SE Asia Standard Time elapsed time: 0.424614 seconds (0d 0h 0m 0s)

---------------  T H R E A D  ---------------

Current thread (0x00000255d09acc10):  JavaThread "main"             [_thread_in_vm, id=19536, stack(0x000000f5c4800000,0x000000f5c4900000) (1024K)]

Stack: [0x000000f5c4800000,0x000000f5c4900000]
Native frames: (J=compiled Java code, j=interpreted, Vv=VM code, C=native code)
V  [jvm.dll+0x6d6e29]
V  [jvm.dll+0x8b4b76]
V  [jvm.dll+0x8b712e]
V  [jvm.dll+0x8b7813]
V  [jvm.dll+0x283d86]
V  [jvm.dll+0x8b08be]
V  [jvm.dll+0x678824]
V  [jvm.dll+0x67888a]
V  [jvm.dll+0x67b086]
V  [jvm.dll+0x67af52]
V  [jvm.dll+0x6791fe]
V  [jvm.dll+0x26dc30]
V  [jvm.dll+0x683525]
V  [jvm.dll+0x21937e]
V  [jvm.dll+0x219825]
V  [jvm.dll+0x21a218]
V  [jvm.dll+0x20f44e]
V  [jvm.dll+0x5b5a0f]
V  [jvm.dll+0x2210ce]
V  [jvm.dll+0x82d53d]
V  [jvm.dll+0x82e56b]
V  [jvm.dll+0x82eb34]
V  [jvm.dll+0x82e7c8]
V  [jvm.dll+0x2716ad]
V  [jvm.dll+0x3dc74e]
C  0x00000255db109174

The last pc belongs to new (printed below).
Java frames: (J=compiled Java code, j=interpreted, Vv=VM code)
j  sun.security.provider.X509Factory.cachedGetX509Cert([B)Lsun/security/x509/X509CertImpl;+17 java.base@21.0.9
j  sun.security.provider.X509Factory.engineGenerateCertificate(Ljava/io/InputStream;)Ljava/security/cert/Certificate;+33 java.base@21.0.9
j  java.security.cert.CertificateFactory.generateCertificate(Ljava/io/InputStream;)Ljava/security/cert/Certificate;+5 java.base@21.0.9
j  sun.security.pkcs.PKCS7.parseSignedData(Lsun/security/util/DerValue;)V+279 java.base@21.0.9
j  sun.security.pkcs.PKCS7.parse(Lsun/security/util/DerInputStream;Z)V+51 java.base@21.0.9
j  sun.security.pkcs.PKCS7.parse(Lsun/security/util/DerInputStream;)V+11 java.base@21.0.9
j  sun.security.pkcs.PKCS7.<init>([B)V+50 java.base@21.0.9
j  sun.security.util.SignatureFileVerifier.<init>(Ljava/util/ArrayList;Lsun/security/util/ManifestDigester;Ljava/lang/String;[B)V+35 java.base@21.0.9
j  java.util.jar.JarVerifier.processEntry(Lsun/security/util/ManifestEntryVerifier;)V+319 java.base@21.0.9
j  java.util.jar.JarVerifier.update(I[BIILsun/security/util/ManifestEntryVerifier;)V+39 java.base@21.0.9
j  java.util.jar.JarFile.initializeVerifier()V+164 java.base@21.0.9
j  java.util.jar.JarFile.ensureInitialization()V+36 java.base@21.0.9
j  java.util.jar.JavaUtilJarAccessImpl.ensureInitialization(Ljava/util/jar/JarFile;)V+1 java.base@21.0.9
j  jdk.internal.loader.URLClassPath$JarLoader$2.getManifest()Ljava/util/jar/Manifest;+10 java.base@21.0.9
j  jdk.internal.loader.BuiltinClassLoader.defineClass(Ljava/lang/String;Ljdk/internal/loader/Resource;)Ljava/lang/Class;+29 java.base@21.0.9
j  jdk.internal.loader.BuiltinClassLoader.findClassOnClassPathOrNull(Ljava/lang/String;)Ljava/lang/Class;+37 java.base@21.0.9
j  jdk.internal.loader.BuiltinClassLoader.loadClassOrNull(Ljava/lang/String;Z)Ljava/lang/Class;+111 java.base@21.0.9
j  jdk.internal.loader.BuiltinClassLoader.loadClass(Ljava/lang/String;Z)Ljava/lang/Class;+3 java.base@21.0.9
j  jdk.internal.loader.ClassLoaders$AppClassLoader.loadClass(Ljava/lang/String;Z)Ljava/lang/Class;+36 java.base@21.0.9
j  java.lang.ClassLoader.loadClass(Ljava/lang/String;)Ljava/lang/Class;+3 java.base@21.0.9
v  ~StubRoutines::call_stub 0x00000255db0f100d
j  java.lang.Class.forName0(Ljava/lang/String;ZLjava/lang/ClassLoader;Ljava/lang/Class;)Ljava/lang/Class;+0 java.base@21.0.9
j  java.lang.Class.forName(Ljava/lang/String;ZLjava/lang/ClassLoader;Ljava/lang/Class;)Ljava/lang/Class;+37 java.base@21.0.9
j  java.lang.Class.forName(Ljava/lang/String;ZLjava/lang/ClassLoader;)Ljava/lang/Class;+20 java.base@21.0.9
j  sun.launcher.LauncherHelper.loadMainClass(ILjava/lang/String;)Ljava/lang/Class;+95 java.base@21.0.9
j  sun.launcher.LauncherHelper.checkAndLoadMain(ZILjava/lang/String;)Ljava/lang/Class;+42 java.base@21.0.9
v  ~StubRoutines::call_stub 0x00000255db0f100d
new  187 new  [0x00000255db108fe0, 0x00000255db1091e8]  520 bytes
[MachCode]
  0x00000255db108fe0: 4883 ec08 | c5fa 1104 | 24eb 1f48 | 83ec 10c5 | fb11 0424 | eb14 4883 | ec10 4889 | 0424 48c7 
  0x00000255db109000: 4424 0800 | 0000 00eb | 0150 410f | b755 010f | cac1 ea10 | 488b 4de8 | 488b 4908 | 488b 4908 
  0x00000255db109020: 488b 4108 | 807c 1004 | 070f 85d3 | 0000 0066 | 8b54 d148 | 488b 4928 | 488b 4cd1 | 0851 80b9 
  0x00000255db109040: 3101 0000 | 040f 85b6 | 0000 008b | 5108 f6c2 | 010f 85aa | 0000 0049 | 8b87 b801 | 0000 488d 
  0x00000255db109060: 1c10 493b | 9fc8 0100 | 000f 8792 | 0000 0049 | 899f b801 | 0000 4883 | ea10 0f84 | 0f00 0000 
  0x00000255db109080: 33c9 c1ea | 0348 894c | d008 48ff | ca75 f648 | c700 0100 | 0000 5933 | f689 700c | 49ba 0000 
  0x00000255db1090a0: 0080 5502 | 0000 492b | ca89 4808 | 49ba d84d | 64e4 f87f | 0000 4180 | 3a00 0f84 | 3c00 0000 
  0x00000255db1090c0: 5048 8bc8 | 4883 ec20 | 40f6 c40f | 0f84 1900 | 0000 4883 | ec08 48b8 | 80d5 0de4 | f87f 0000 
  0x00000255db1090e0: ffd0 4883 | c408 e90c | 0000 0048 | b880 d50d | e4f8 7f00 | 00ff d048 | 83c4 2058 | e9cb 0000 
  0x00000255db109100: 0059 488b | 55e8 488b | 5208 488b | 5208 450f | b745 0141 | 0fc8 41c1 | e810 e805 | 0000 00e9 
  0x00000255db109120: a800 0000 | 488d 4424 | 084c 896d | c049 8bcf | c5f8 7749 | 89af a803 | 0000 4989 | 8798 0300 
  0x00000255db109140: 0048 83ec | 2040 f6c4 | 0f0f 8419 | 0000 0048 | 83ec 0848 | b800 c7d7 | e3f8 7f00 | 00ff d048 
  0x00000255db109160: 83c4 08e9 | 0c00 0000 | 48b8 00c7 | d7e3 f87f | 0000 ffd0 | 4883 c420 | 49c7 8798 | 0300 0000 
  0x00000255db109180: 0000 0049 | c787 a803 | 0000 0000 | 0000 49c7 | 87a0 0300 | 0000 0000 | 00c5 f877 | 4983 7f08 
  0x00000255db1091a0: 000f 8405 | 0000 00e9 | 547d feff | 498b 87f0 | 0300 0049 | c787 f003 | 0000 0000 | 0000 4c8b 
  0x00000255db1091c0: 6dc0 4c8b | 75c8 4e8d | 74f5 00c3 | 410f b65d | 0349 83c5 | 0349 ba30 | 1567 e4f8 | 7f00 0041 
  0x00000255db1091e0: ff24 da0f | 1f44 0000 
[/MachCode]

---------------  P R O C E S S  ---------------

Threads class SMR info:
_java_thread_list=0x00000255ec262b60, length=11, elements={
0x00000255d09acc10, 0x00000255d0897340, 0x00000255d0898980, 0x00000255d089c860,
0x00000255d089d4b0, 0x00000255d08a0420, 0x00000255d08a0e70, 0x00000255d08a1ca0,
0x00000255d0919120, 0x00000255ec12ff10, 0x00000255ec1f6340
}

Java Threads: ( => current thread )
=>0x00000255d09acc10 JavaThread "main"                              [_thread_in_vm, id=19536, stack(0x000000f5c4800000,0x000000f5c4900000) (1024K)]
  0x00000255d0897340 JavaThread "Reference Handler"          daemon [_thread_blocked, id=13220, stack(0x000000f5c4c00000,0x000000f5c4d00000) (1024K)]
  0x00000255d0898980 JavaThread "Finalizer"                  daemon [_thread_blocked, id=20036, stack(0x000000f5c4d00000,0x000000f5c4e00000) (1024K)]
  0x00000255d089c860 JavaThread "Signal Dispatcher"          daemon [_thread_blocked, id=20216, stack(0x000000f5c4e00000,0x000000f5c4f00000) (1024K)]
  0x00000255d089d4b0 JavaThread "Attach Listener"            daemon [_thread_blocked, id=14732, stack(0x000000f5c4f00000,0x000000f5c5000000) (1024K)]
  0x00000255d08a0420 JavaThread "Service Thread"             daemon [_thread_blocked, id=8476, stack(0x000000f5c5000000,0x000000f5c5100000) (1024K)]
  0x00000255d08a0e70 JavaThread "Monitor Deflation Thread"   daemon [_thread_blocked, id=18728, stack(0x000000f5c5100000,0x000000f5c5200000) (1024K)]
  0x00000255d08a1ca0 JavaThread "C2 CompilerThread0"         daemon [_thread_blocked, id=9740, stack(0x000000f5c5200000,0x000000f5c5300000) (1024K)]
  0x00000255d0919120 JavaThread "C1 CompilerThread0"         daemon [_thread_in_vm, id=13224, stack(0x000000f5c5300000,0x000000f5c5400000) (1024K)]
  0x00000255ec12ff10 JavaThread "Common-Cleaner"             daemon [_thread_blocked, id=15892, stack(0x000000f5c5400000,0x000000f5c5500000) (1024K)]
  0x00000255ec1f6340 JavaThread "Notification Thread"        daemon [_thread_blocked, id=1996, stack(0x000000f5c5500000,0x000000f5c5600000) (1024K)]
Total: 11

Other Threads:
  0x00000255d087b710 VMThread "VM Thread"                           [id=2152, stack(0x000000f5c4b00000,0x000000f5c4c00000) (1024K)]
  0x00000255d0a74740 WatcherThread "VM Periodic Task Thread"        [id=15656, stack(0x000000f5c4a00000,0x000000f5c4b00000) (1024K)]
  0x00000255d09ca970 WorkerThread "GC Thread#0"                     [id=16664, stack(0x000000f5c4900000,0x000000f5c4a00000) (1024K)]
Total: 3

Threads with active compile tasks:
C1 CompilerThread0  456  596       3       java.lang.Byte::<init> (10 bytes)
Total: 1

VM state: not at safepoint (normal execution)

VM Mutex/Monitor currently owned by a thread:  ([mutex/lock_event])
[0x00007ff8e465b4f0] Metaspace_lock - owner thread: 0x00000255d09acc10

Heap address: 0x0000000080000000, size: 2048 MB, Compressed Oops mode: 32-bit

CDS archive(s) mapped at: [0x0000025580000000-0x0000025580ba0000-0x0000025580ba0000), size 12189696, SharedBaseAddress: 0x0000025580000000, ArchiveRelocationMode: 1.
Compressed class space mapped at: 0x0000025581000000-0x00000255c1000000, reserved size: 1073741824
Narrow klass base: 0x0000025580000000, Narrow klass shift: 0, Narrow klass range: 0x100000000

GC Precious Log:
 CardTable entry size: 512
 CPUs: 4 total, 4 available
 Memory: 16337M
 Large Page Support: Disabled
 NUMA Support: Disabled
 Compressed Oops: Enabled (32-bit)
 Alignments: Space 512K, Generation 512K, Heap 2M
 Heap Min Capacity: 100M
 Heap Initial Capacity: 100M
 Heap Max Capacity: 2G
 Pre-touch: Disabled
 Parallel Workers: 4

Heap:
 PSYoungGen      total 29696K, used 10921K [0x00000000d5580000, 0x00000000d7680000, 0x0000000100000000)
  eden space 25600K, 42% used [0x00000000d5580000,0x00000000d602a6e0,0x00000000d6e80000)
  from space 4096K, 0% used [0x00000000d7280000,0x00000000d7280000,0x00000000d7680000)
  to   space 4096K, 0% used [0x00000000d6e80000,0x00000000d6e80000,0x00000000d7280000)
 ParOldGen       total 68608K, used 0K [0x0000000080000000, 0x0000000084300000, 0x00000000d5580000)
  object space 68608K, 0% used [0x0000000080000000,0x0000000080000000,0x0000000084300000)
 Metaspace       used 1615K, committed 1792K, reserved 1114112K
  class space    used 158K, committed 256K, reserved 1048576K

Card table byte_map: [0x00000255d0360000,0x00000255d0770000] _byte_map_base: 0x00000255cff60000

Marking Bits: (ParMarkBitMap*) 0x00007ff8e4662460
 Begin Bits: [0x00000255e2e70000, 0x00000255e4e70000)
 End Bits:   [0x00000255e4e70000, 0x00000255e6e70000)

Polling page: 0x00000255ce850000

Metaspace:

Usage:
  Non-class:      1.42 MB used.
      Class:    158.45 KB used.
       Both:      1.58 MB used.

Virtual space:
  Non-class space:       64.00 MB reserved,       1.50 MB (  2%) committed,  1 nodes.
      Class space:        1.00 GB reserved,     256.00 KB ( <1%) committed,  1 nodes.
             Both:        1.06 GB reserved,       1.75 MB ( <1%) committed. 

Chunk freelists:
   Non-Class:  11.65 MB
       Class:  15.67 MB
        Both:  27.33 MB

MaxMetaspaceSize: unlimited
CompressedClassSpaceSize: 1.00 GB
Initial GC threshold: 21.00 MB
Current GC threshold: 21.00 MB
CDS: on
 - commit_granule_bytes: 65536.
 - commit_granule_words: 8192.
 - virtual_space_node_default_size: 8388608.
 - enlarge_chunks_in_place: 1.
 - use_allocation_guard: 0.


Internal statistics:

num_allocs_failed_limit: 0.
num_arena_births: 76.
num_arena_deaths: 0.
num_vsnodes_births: 2.
num_vsnodes_deaths: 0.
num_space_committed: 28.
num_space_uncommitted: 0.
num_chunks_returned_to_freelist: 0.
num_chunks_taken_from_freelist: 98.
num_chunk_merges: 0.
num_chunk_splits: 69.
num_chunks_enlarged: 44.
num_inconsistent_stats: 0.

CodeHeap 'non-profiled nmethods': size=120000Kb used=196Kb max_used=196Kb free=119803Kb
 bounds [0x00000255db690000, 0x00000255db900000, 0x00000255e2bc0000]
CodeHeap 'profiled nmethods': size=120000Kb used=884Kb max_used=884Kb free=119115Kb
 bounds [0x00000255d3bc0000, 0x00000255d3e30000, 0x00000255db0f0000]
CodeHeap 'non-nmethods': size=5760Kb used=1158Kb max_used=1171Kb free=4601Kb
 bounds [0x00000255db0f0000, 0x00000255db360000, 0x00000255db690000]
CodeCache: size=245760Kb, used=2238Kb, max_used=2251Kb, free=243519Kb
 total_blobs=1003, nmethods=594, adapters=316, full_count=0
Compilation: enabled, stopped_count=0, restarted_count=0

Compilation events (20 events):
Event: 0.417 Thread 0x00000255d0919120  584       3       java.lang.Character::digit (10 bytes)
Event: 0.417 Thread 0x00000255d0919120 nmethod 584 0x00000255d3c95390 code [0x00000255d3c95540, 0x00000255d3c95748]
Event: 0.417 Thread 0x00000255d0919120  585       3       java.lang.CharacterDataLatin1::digit (32 bytes)
Event: 0.418 Thread 0x00000255d0919120 nmethod 585 0x00000255d3c95810 code [0x00000255d3c959c0, 0x00000255d3c95c00]
Event: 0.418 Thread 0x00000255d0919120  587       3       java.lang.Integer::parseInt (264 bytes)
Event: 0.419 Thread 0x00000255d0919120 nmethod 587 0x00000255d3c95d10 code [0x00000255d3c96180, 0x00000255d3c97dd8]
Event: 0.419 Thread 0x00000255d0919120  586       3       java.lang.Integer::parseInt (7 bytes)
Event: 0.419 Thread 0x00000255d08a1ca0 nmethod 580 0x00000255db6bfc10 code [0x00000255db6bfda0, 0x00000255db6bffa0]
Event: 0.419 Thread 0x00000255d08a1ca0  591       4       java.util.ArrayList$Itr::hasNext (20 bytes)
Event: 0.419 Thread 0x00000255d0919120 nmethod 586 0x00000255d3c98a10 code [0x00000255d3c98bc0, 0x00000255d3c98ce0]
Event: 0.419 Thread 0x00000255d0919120  588       3       sun.security.util.ObjectIdentifier::checkOidSize (86 bytes)
Event: 0.420 Thread 0x00000255d0919120 nmethod 588 0x00000255d3c98d90 code [0x00000255d3c990a0, 0x00000255d3c99d68]
Event: 0.420 Thread 0x00000255d0919120  589       1       sun.instrument.TransformerManager::getSnapshotTransformerList (5 bytes)
Event: 0.420 Thread 0x00000255d08a1ca0 nmethod 591 0x00000255db6c0110 code [0x00000255db6c02a0, 0x00000255db6c0358]
Event: 0.420 Thread 0x00000255d0919120 nmethod 589 0x00000255db6c0410 code [0x00000255db6c05a0, 0x00000255db6c0668]
Event: 0.420 Thread 0x00000255d0919120  590       1       sun.instrument.TransformerManager$TransformerInfo::transformer (5 bytes)
Event: 0.420 Thread 0x00000255d0919120 nmethod 590 0x00000255db6c0710 code [0x00000255db6c08a0, 0x00000255db6c0968]
Event: 0.421 Thread 0x00000255d08a1ca0  592       4       java.util.Collections$UnmodifiableCollection$1::hasNext (10 bytes)
Event: 0.422 Thread 0x00000255d08a1ca0 nmethod 592 0x00000255db6c0d10 code [0x00000255db6c0ea0, 0x00000255db6c0f80]
Event: 0.422 Thread 0x00000255d0919120  594       3       jdk.internal.org.objectweb.asm.Type::getArgumentsAndReturnSizes (140 bytes)

GC Heap History (0 events):
No events

Dll operation events (8 events):
Event: 0.009 Loaded shared library c:\Users\Admin\.antigravity\extensions\redhat.java-1.50.0-win32-x64\jre\21.0.9-win32-x86_64\bin\java.dll
Event: 0.096 Loaded shared library c:\Users\Admin\.antigravity\extensions\redhat.java-1.50.0-win32-x64\jre\21.0.9-win32-x86_64\bin\zip.dll
Event: 0.117 Loaded shared library C:\Users\Admin\.antigravity\extensions\redhat.java-1.50.0-win32-x64\jre\21.0.9-win32-x86_64\bin\instrument.dll
Event: 0.123 Loaded shared library C:\Users\Admin\.antigravity\extensions\redhat.java-1.50.0-win32-x64\jre\21.0.9-win32-x86_64\bin\net.dll
Event: 0.125 Loaded shared library C:\Users\Admin\.antigravity\extensions\redhat.java-1.50.0-win32-x64\jre\21.0.9-win32-x86_64\bin\nio.dll
Event: 0.134 Loaded shared library C:\Users\Admin\.antigravity\extensions\redhat.java-1.50.0-win32-x64\jre\21.0.9-win32-x86_64\bin\zip.dll
Event: 0.153 Loaded shared library C:\Users\Admin\.antigravity\extensions\redhat.java-1.50.0-win32-x64\jre\21.0.9-win32-x86_64\bin\jimage.dll
Event: 0.250 Loaded shared library c:\Users\Admin\.antigravity\extensions\redhat.java-1.50.0-win32-x64\jre\21.0.9-win32-x86_64\bin\verify.dll

Deoptimization events (20 events):
Event: 0.361 Thread 0x00000255d09acc10 DEOPT PACKING pc=0x00000255d3c05ed8 sp=0x000000f5c48fcd50
Event: 0.361 Thread 0x00000255d09acc10 DEOPT UNPACKING pc=0x00000255db144242 sp=0x000000f5c48fc210 mode 0
Event: 0.364 Thread 0x00000255d09acc10 DEOPT PACKING pc=0x00000255d3c05ed8 sp=0x000000f5c48fcb20
Event: 0.364 Thread 0x00000255d09acc10 DEOPT UNPACKING pc=0x00000255db144242 sp=0x000000f5c48fbfe0 mode 0
Event: 0.366 Thread 0x00000255d09acc10 DEOPT PACKING pc=0x00000255d3c05ed8 sp=0x000000f5c48fb610
Event: 0.366 Thread 0x00000255d09acc10 DEOPT UNPACKING pc=0x00000255db144242 sp=0x000000f5c48faad0 mode 0
Event: 0.367 Thread 0x00000255d09acc10 DEOPT PACKING pc=0x00000255d3c05ed8 sp=0x000000f5c48face0
Event: 0.367 Thread 0x00000255d09acc10 DEOPT UNPACKING pc=0x00000255db144242 sp=0x000000f5c48fa1a0 mode 0
Event: 0.367 Thread 0x00000255d09acc10 DEOPT PACKING pc=0x00000255d3c05ed8 sp=0x000000f5c48f9d90
Event: 0.367 Thread 0x00000255d09acc10 DEOPT UNPACKING pc=0x00000255db144242 sp=0x000000f5c48f9250 mode 0
Event: 0.368 Thread 0x00000255d09acc10 DEOPT PACKING pc=0x00000255d3c05ed8 sp=0x000000f5c48f9d90
Event: 0.368 Thread 0x00000255d09acc10 DEOPT UNPACKING pc=0x00000255db144242 sp=0x000000f5c48f9250 mode 0
Event: 0.373 Thread 0x00000255d09acc10 DEOPT PACKING pc=0x00000255d3c05ed8 sp=0x000000f5c48fb380
Event: 0.373 Thread 0x00000255d09acc10 DEOPT UNPACKING pc=0x00000255db144242 sp=0x000000f5c48fa840 mode 0
Event: 0.374 Thread 0x00000255d09acc10 DEOPT PACKING pc=0x00000255d3c05ed8 sp=0x000000f5c48fb320
Event: 0.374 Thread 0x00000255d09acc10 DEOPT UNPACKING pc=0x00000255db144242 sp=0x000000f5c48fa7e0 mode 0
Event: 0.376 Thread 0x00000255d09acc10 DEOPT PACKING pc=0x00000255d3c05ed8 sp=0x000000f5c48fbd10
Event: 0.376 Thread 0x00000255d09acc10 DEOPT UNPACKING pc=0x00000255db144242 sp=0x000000f5c48fb1d0 mode 0
Event: 0.377 Thread 0x00000255d09acc10 DEOPT PACKING pc=0x00000255d3c05ed8 sp=0x000000f5c48fc480
Event: 0.377 Thread 0x00000255d09acc10 DEOPT UNPACKING pc=0x00000255db144242 sp=0x000000f5c48fb940 mode 0

Classes loaded (20 events):
Event: 0.419 Loading class jdk/internal/event/Event
Event: 0.419 Loading class jdk/internal/event/Event done
Event: 0.419 Loading class jdk/internal/event/SecurityProviderServiceEvent done
Event: 0.419 Loading class sun/security/provider/X509Factory
Event: 0.419 Loading class sun/security/provider/X509Factory done
Event: 0.419 Loading class sun/security/util/Cache
Event: 0.419 Loading class sun/security/util/Cache done
Event: 0.419 Loading class sun/security/util/MemoryCache
Event: 0.420 Loading class sun/security/util/MemoryCache done
Event: 0.421 Loading class sun/security/jca/GetInstance$Instance
Event: 0.421 Loading class sun/security/jca/GetInstance$Instance done
Event: 0.422 Loading class java/lang/Byte$ByteCache
Event: 0.422 Loading class java/lang/Byte$ByteCache done
Event: 0.422 Loading class java/security/cert/X509Certificate
Event: 0.422 Loading class java/security/cert/X509Extension
Event: 0.422 Loading class java/security/cert/X509Extension done
Event: 0.422 Loading class java/security/cert/X509Certificate done
Event: 0.422 Loading class sun/security/util/Cache$EqualByteArray
Event: 0.423 Loading class sun/security/util/Cache$EqualByteArray done
Event: 0.423 Loading class sun/security/x509/X509CertImpl

Classes unloaded (0 events):
No events

Classes redefined (0 events):
No events

Internal exceptions (11 events):
Event: 0.092 Thread 0x00000255d09acc10 Exception <a 'java/lang/NoSuchMethodError'{0x00000000d57a8fe8}: 'void java.lang.invoke.DirectMethodHandle$Holder.invokeStatic(java.lang.Object, java.lang.Object, java.lang.Object)'> (0x00000000d57a8fe8) 
thrown [s\src\hotspot\share\interpreter\linkResolver.cpp, line 773]
Event: 0.147 Thread 0x00000255d09acc10 Exception <a 'java/lang/NoSuchMethodError'{0x00000000d59116a8}: 'java.lang.Object java.lang.invoke.Invokers$Holder.invokeExact_MT(java.lang.Object, java.lang.Object, java.lang.Object, java.lang.Object, java.lang.Object)'> (0x00000000d59116a8) 
thrown [s\src\hotspot\share\interpreter\linkResolver.cpp, line 773]
Event: 0.187 Thread 0x00000255d09acc10 Exception <a 'java/lang/NoSuchMethodError'{0x00000000d59ca148}: 'int java.lang.invoke.DirectMethodHandle$Holder.invokeSpecial(java.lang.Object, java.lang.Object, java.lang.Object, int)'> (0x00000000d59ca148) 
thrown [s\src\hotspot\share\interpreter\linkResolver.cpp, line 773]
Event: 0.190 Thread 0x00000255d09acc10 Exception <a 'java/lang/NoSuchMethodError'{0x00000000d59dcb30}: 'java.lang.Object java.lang.invoke.DirectMethodHandle$Holder.invokeStatic(java.lang.Object, java.lang.Object, java.lang.Object, java.lang.Object, int)'> (0x00000000d59dcb30) 
thrown [s\src\hotspot\share\interpreter\linkResolver.cpp, line 773]
Event: 0.192 Thread 0x00000255d09acc10 Exception <a 'java/lang/NoSuchMethodError'{0x00000000d59e7f70}: 'void java.lang.invoke.DelegatingMethodHandle$Holder.reinvoke_L(java.lang.Object, java.lang.Object, java.lang.Object, int, java.lang.Object)'> (0x00000000d59e7f70) 
thrown [s\src\hotspot\share\interpreter\linkResolver.cpp, line 773]
Event: 0.194 Thread 0x00000255d09acc10 Exception <a 'java/lang/NoSuchMethodError'{0x00000000d59f88c0}: 'int java.lang.invoke.DirectMethodHandle$Holder.invokeSpecial(java.lang.Object, java.lang.Object, java.lang.Object)'> (0x00000000d59f88c0) 
thrown [s\src\hotspot\share\interpreter\linkResolver.cpp, line 773]
Event: 0.196 Thread 0x00000255d09acc10 Exception <a 'java/lang/NoSuchMethodError'{0x00000000d5a04580}: 'java.lang.Object java.lang.invoke.DirectMethodHandle$Holder.invokeStatic(java.lang.Object, java.lang.Object, int)'> (0x00000000d5a04580) 
thrown [s\src\hotspot\share\interpreter\linkResolver.cpp, line 773]
Event: 0.197 Thread 0x00000255d09acc10 Exception <a 'java/lang/NoSuchMethodError'{0x00000000d5a08ed0}: 'void java.lang.invoke.DirectMethodHandle$Holder.invokeStatic(java.lang.Object, java.lang.Object, int, java.lang.Object)'> (0x00000000d5a08ed0) 
thrown [s\src\hotspot\share\interpreter\linkResolver.cpp, line 773]
Event: 0.198 Thread 0x00000255d09acc10 Exception <a 'java/lang/NoSuchMethodError'{0x00000000d5a0ca60}: 'void java.lang.invoke.DirectMethodHandle$Holder.invokeSpecial(java.lang.Object, java.lang.Object, java.lang.Object, int, java.lang.Object)'> (0x00000000d5a0ca60) 
thrown [s\src\hotspot\share\interpreter\linkResolver.cpp, line 773]
Event: 0.198 Thread 0x00000255d09acc10 Exception <a 'java/lang/NoSuchMethodError'{0x00000000d5a0fed0}: 'void java.lang.invoke.DelegatingMethodHandle$Holder.delegate(java.lang.Object, java.lang.Object, int, java.lang.Object)'> (0x00000000d5a0fed0) 
thrown [s\src\hotspot\share\interpreter\linkResolver.cpp, line 773]
Event: 0.279 Thread 0x00000255d09acc10 Exception <a 'java/lang/NoSuchMethodError'{0x00000000d5bd14c8}: 'void java.lang.invoke.DelegatingMethodHandle$Holder.reinvoke_L(java.lang.Object, java.lang.Object, java.lang.Object, int)'> (0x00000000d5bd14c8) 
thrown [s\src\hotspot\share\interpreter\linkResolver.cpp, line 773]

ZGC Phase Switch (0 events):
No events

VM Operations (4 events):
Event: 0.095 Executing VM operation: HandshakeAllThreads (Deoptimize)
Event: 0.095 Executing VM operation: HandshakeAllThreads (Deoptimize) done
Event: 0.166 Executing VM operation: HandshakeAllThreads (Deoptimize)
Event: 0.166 Executing VM operation: HandshakeAllThreads (Deoptimize) done

Memory protections (0 events):
No events

Nmethod flushes (0 events):
No events

Events (11 events):
Event: 0.027 Thread 0x00000255d09acc10 Thread added: 0x00000255d09acc10
Event: 0.048 Thread 0x00000255d09acc10 Thread added: 0x00000255d0897340
Event: 0.048 Thread 0x00000255d09acc10 Thread added: 0x00000255d0898980
Event: 0.048 Thread 0x00000255d09acc10 Thread added: 0x00000255d089c860
Event: 0.049 Thread 0x00000255d09acc10 Thread added: 0x00000255d089d4b0
Event: 0.049 Thread 0x00000255d09acc10 Thread added: 0x00000255d08a0420
Event: 0.049 Thread 0x00000255d09acc10 Thread added: 0x00000255d08a0e70
Event: 0.049 Thread 0x00000255d09acc10 Thread added: 0x00000255d08a1ca0
Event: 0.053 Thread 0x00000255d09acc10 Thread added: 0x00000255d0919120
Event: 0.120 Thread 0x00000255d09acc10 Thread added: 0x00000255ec12ff10
Event: 0.358 Thread 0x00000255d09acc10 Thread added: 0x00000255ec1f6340


Dynamic libraries:
0x00007ff6b7ab0000 - 0x00007ff6b7abe000 	c:\Users\Admin\.antigravity\extensions\redhat.java-1.50.0-win32-x64\jre\21.0.9-win32-x86_64\bin\java.exe
0x00007ff91ea90000 - 0x00007ff91ec88000 	C:\WINDOWS\SYSTEM32\ntdll.dll
0x00007ff91e2b0000 - 0x00007ff91e372000 	C:\WINDOWS\System32\KERNEL32.DLL
0x00007ff91c1c0000 - 0x00007ff91c4b6000 	C:\WINDOWS\System32\KERNELBASE.dll
0x00007ff91c960000 - 0x00007ff91ca60000 	C:\WINDOWS\System32\ucrtbase.dll
0x00007ff8fadc0000 - 0x00007ff8fadd8000 	c:\Users\Admin\.antigravity\extensions\redhat.java-1.50.0-win32-x64\jre\21.0.9-win32-x86_64\bin\jli.dll
0x00007ff91cfd0000 - 0x00007ff91d171000 	C:\WINDOWS\System32\USER32.dll
0x00007ff91c550000 - 0x00007ff91c572000 	C:\WINDOWS\System32\win32u.dll
0x00007ff91cdd0000 - 0x00007ff91cdfb000 	C:\WINDOWS\System32\GDI32.dll
0x00007ff91c710000 - 0x00007ff91c829000 	C:\WINDOWS\System32\gdi32full.dll
0x00007ff91c120000 - 0x00007ff91c1bd000 	C:\WINDOWS\System32\msvcp_win.dll
0x00007ff8face0000 - 0x00007ff8facfe000 	c:\Users\Admin\.antigravity\extensions\redhat.java-1.50.0-win32-x64\jre\21.0.9-win32-x86_64\bin\VCRUNTIME140.dll
0x00007ff90b970000 - 0x00007ff90bc0b000 	C:\WINDOWS\WinSxS\amd64_microsoft.windows.common-controls_6595b64144ccf1df_6.0.19041.6456_none_60b8a6cb71f64256\COMCTL32.dll
0x00007ff91e540000 - 0x00007ff91e5de000 	C:\WINDOWS\System32\msvcrt.dll
0x00007ff91d180000 - 0x00007ff91d1af000 	C:\WINDOWS\System32\IMM32.DLL
0x00007ff90c240000 - 0x00007ff90c24c000 	c:\Users\Admin\.antigravity\extensions\redhat.java-1.50.0-win32-x64\jre\21.0.9-win32-x86_64\bin\vcruntime140_1.dll
0x00007ff8f8670000 - 0x00007ff8f86fd000 	c:\Users\Admin\.antigravity\extensions\redhat.java-1.50.0-win32-x64\jre\21.0.9-win32-x86_64\bin\msvcp140.dll
0x00007ff8e39a0000 - 0x00007ff8e4740000 	c:\Users\Admin\.antigravity\extensions\redhat.java-1.50.0-win32-x64\jre\21.0.9-win32-x86_64\bin\server\jvm.dll
0x00007ff91d220000 - 0x00007ff91d2d1000 	C:\WINDOWS\System32\ADVAPI32.dll
0x00007ff91d2f0000 - 0x00007ff91d38f000 	C:\WINDOWS\System32\sechost.dll
0x00007ff91df50000 - 0x00007ff91e070000 	C:\WINDOWS\System32\RPCRT4.dll
0x00007ff91c6e0000 - 0x00007ff91c707000 	C:\WINDOWS\System32\bcrypt.dll
0x00007ff91d1b0000 - 0x00007ff91d21b000 	C:\WINDOWS\System32\WS2_32.dll
0x00007ff91b6b0000 - 0x00007ff91b6fb000 	C:\WINDOWS\SYSTEM32\POWRPROF.dll
0x00007ff9129b0000 - 0x00007ff9129d7000 	C:\WINDOWS\SYSTEM32\WINMM.dll
0x00007ff915d60000 - 0x00007ff915d6a000 	C:\WINDOWS\SYSTEM32\VERSION.dll
0x00007ff91b520000 - 0x00007ff91b532000 	C:\WINDOWS\SYSTEM32\UMPDC.dll
0x00007ff919fb0000 - 0x00007ff919fc2000 	C:\WINDOWS\SYSTEM32\kernel.appcore.dll
0x00007ff908ec0000 - 0x00007ff908eca000 	c:\Users\Admin\.antigravity\extensions\redhat.java-1.50.0-win32-x64\jre\21.0.9-win32-x86_64\bin\jimage.dll
0x00007ff916af0000 - 0x00007ff916cf1000 	C:\WINDOWS\SYSTEM32\DBGHELP.DLL
0x00007ff8f9ff0000 - 0x00007ff8fa024000 	C:\WINDOWS\SYSTEM32\dbgcore.DLL
0x00007ff91c4c0000 - 0x00007ff91c542000 	C:\WINDOWS\System32\bcryptPrimitives.dll
0x00007ff8fadb0000 - 0x00007ff8fadbf000 	c:\Users\Admin\.antigravity\extensions\redhat.java-1.50.0-win32-x64\jre\21.0.9-win32-x86_64\bin\instrument.dll
0x00007ff8fac00000 - 0x00007ff8fac20000 	c:\Users\Admin\.antigravity\extensions\redhat.java-1.50.0-win32-x64\jre\21.0.9-win32-x86_64\bin\java.dll
0x00007ff91d400000 - 0x00007ff91db70000 	C:\WINDOWS\System32\SHELL32.dll
0x00007ff91a1b0000 - 0x00007ff91a955000 	C:\WINDOWS\SYSTEM32\windows.storage.dll
0x00007ff91db70000 - 0x00007ff91dec4000 	C:\WINDOWS\System32\combase.dll
0x00007ff91bb50000 - 0x00007ff91bb7b000 	C:\WINDOWS\SYSTEM32\Wldp.dll
0x00007ff91e410000 - 0x00007ff91e4dd000 	C:\WINDOWS\System32\OLEAUT32.dll
0x00007ff91e200000 - 0x00007ff91e2ad000 	C:\WINDOWS\System32\SHCORE.dll
0x00007ff91e4e0000 - 0x00007ff91e53b000 	C:\WINDOWS\System32\shlwapi.dll
0x00007ff91c050000 - 0x00007ff91c074000 	C:\WINDOWS\SYSTEM32\profapi.dll
0x00007ff8fa9d0000 - 0x00007ff8fa9e8000 	c:\Users\Admin\.antigravity\extensions\redhat.java-1.50.0-win32-x64\jre\21.0.9-win32-x86_64\bin\zip.dll
0x00007ff8fa630000 - 0x00007ff8fa640000 	C:\Users\Admin\.antigravity\extensions\redhat.java-1.50.0-win32-x64\jre\21.0.9-win32-x86_64\bin\net.dll
0x00007ff915610000 - 0x00007ff91571a000 	C:\WINDOWS\SYSTEM32\WINHTTP.dll
0x00007ff91b8b0000 - 0x00007ff91b91a000 	C:\WINDOWS\system32\mswsock.dll
0x00007ff8fa590000 - 0x00007ff8fa5a6000 	C:\Users\Admin\.antigravity\extensions\redhat.java-1.50.0-win32-x64\jre\21.0.9-win32-x86_64\bin\nio.dll
0x00007ff8fa620000 - 0x00007ff8fa630000 	c:\Users\Admin\.antigravity\extensions\redhat.java-1.50.0-win32-x64\jre\21.0.9-win32-x86_64\bin\verify.dll

JVMTI agents:
c:\Users\Admin\.antigravity\extensions\redhat.java-1.50.0-win32-x64\lombok\lombok-1.18.39-4050.jar path:c:\Users\Admin\.antigravity\extensions\redhat.java-1.50.0-win32-x64\jre\21.0.9-win32-x86_64\bin\instrument.dll, loaded, initialized, instrumentlib options:none

dbghelp: loaded successfully - version: 4.0.5 - missing functions: none
symbol engine: initialized successfully - sym options: 0x614 - pdb path: .;c:\Users\Admin\.antigravity\extensions\redhat.java-1.50.0-win32-x64\jre\21.0.9-win32-x86_64\bin;C:\WINDOWS\SYSTEM32;C:\WINDOWS\WinSxS\amd64_microsoft.windows.common-controls_6595b64144ccf1df_6.0.19041.6456_none_60b8a6cb71f64256;c:\Users\Admin\.antigravity\extensions\redhat.java-1.50.0-win32-x64\jre\21.0.9-win32-x86_64\bin\server

VM Arguments:
jvm_args: --add-modules=ALL-SYSTEM --add-opens=java.base/java.util=ALL-UNNAMED --add-opens=java.base/java.lang=ALL-UNNAMED --add-opens=java.base/sun.nio.fs=ALL-UNNAMED -Declipse.application=org.eclipse.jdt.ls.core.id1 -Dosgi.bundles.defaultStartLevel=4 -Declipse.product=org.eclipse.jdt.ls.core.product -Djava.import.generatesMetadataFilesAtProjectRoot=false -DDetectVMInstallationsJob.disabled=true -Dfile.encoding=utf8 -XX:+UseParallelGC -XX:GCTimeRatio=4 -XX:AdaptiveSizePolicyWeight=90 -Dsun.zip.disableMemoryMapping=true -Xmx2G -Xms100m -Xlog:disable -javaagent:c:\Users\Admin\.antigravity\extensions\redhat.java-1.50.0-win32-x64\lombok\lombok-1.18.39-4050.jar -XX:+HeapDumpOnOutOfMemoryError -XX:HeapDumpPath=c:\Users\Admin\AppData\Roaming\Antigravity\User\workspaceStorage\af1cb1524c391b6bf54d4a5b5d479961\redhat.java -Daether.dependencyCollector.impl=bf 
java_command: c:\Users\Admin\.antigravity\extensions\redhat.java-1.50.0-win32-x64\server\plugins\org.eclipse.equinox.launcher_1.7.100.v20251111-0406.jar -configuration c:\Users\Admin\AppData\Roaming\Antigravity\User\globalStorage\redhat.java\1.50.0\config_win -data c:\Users\Admin\AppData\Roaming\Antigravity\User\workspaceStorage\af1cb1524c391b6bf54d4a5b5d479961\redhat.java\jdt_ws --pipe=\\.\pipe\lsp-0e4856af0e4278fe1ecb01e1844859fc-sock
java_class_path (initial): c:\Users\Admin\.antigravity\extensions\redhat.java-1.50.0-win32-x64\server\plugins\org.eclipse.equinox.launcher_1.7.100.v20251111-0406.jar
Launcher Type: SUN_STANDARD

[Global flags]
    uintx AdaptiveSizePolicyWeight                 = 90                                        {product} {command line}
     intx CICompilerCount                          = 3                                         {product} {ergonomic}
    uintx GCTimeRatio                              = 4                                         {product} {command line}
     bool HeapDumpOnOutOfMemoryError               = true                                   {manageable} {command line}
    ccstr HeapDumpPath                             = c:\Users\Admin\AppData\Roaming\Antigravity\User\workspaceStorage\af1cb1524c391b6bf54d4a5b5d479961\redhat.java         {manageable} {command line}
   size_t InitialHeapSize                          = 104857600                                 {product} {command line}
   size_t MaxHeapSize                              = 2147483648                                {product} {command line}
   size_t MaxNewSize                               = 715653120                                 {product} {ergonomic}
   size_t MinHeapDeltaBytes                        = 524288                                    {product} {ergonomic}
   size_t MinHeapSize                              = 104857600                                 {product} {command line}
   size_t NewSize                                  = 34603008                                  {product} {ergonomic}
    uintx NonNMethodCodeHeapSize                   = 5832780                                {pd product} {ergonomic}
    uintx NonProfiledCodeHeapSize                  = 122912730                              {pd product} {ergonomic}
   size_t OldSize                                  = 70254592                                  {product} {ergonomic}
    uintx ProfiledCodeHeapSize                     = 122912730                              {pd product} {ergonomic}
    uintx ReservedCodeCacheSize                    = 251658240                              {pd product} {ergonomic}
     bool SegmentedCodeCache                       = true                                      {product} {ergonomic}
   size_t SoftMaxHeapSize                          = 2147483648                             {manageable} {ergonomic}
     bool UseCompressedOops                        = true                           {product lp64_product} {ergonomic}
     bool UseLargePagesIndividualAllocation        = false                                  {pd product} {ergonomic}
     bool UseParallelGC                            = true                                      {product} {command line}

Logging:
Log output configuration:
 #0: stdout all=off uptime,level,tags foldmultilines=false
 #1: stderr all=off uptime,level,tags foldmultilines=false

Release file:
<release file has not been read>
Environment Variables:
PATH=C:\Program Files\Common Files\Oracle\Java\javapath;C:\WINDOWS\system32;C:\WINDOWS;C:\WINDOWS\System32\Wbem;C:\WINDOWS\System32\WindowsPowerShell\v1.0\;C:\WINDOWS\System32\OpenSSH\;C:\Program Files\Microsoft SQL Server\150\Tools\Binn\;C:\Program Files\nodejs\;C:\Users\Admin\AppData\Local\Microsoft\WindowsApps;C:\Users\Admin\AppData\Local\Programs\Microsoft VS Code\bin;C:\Users\Admin\AppData\Local\Programs\Antigravity\bin;C:\Users\Admin\AppData\Roaming\npm
USERNAME=Admin
OS=Windows_NT
PROCESSOR_IDENTIFIER=Intel64 Family 6 Model 42 Stepping 7, GenuineIntel
TMP=C:\Users\Admin\AppData\Local\Temp
TEMP=C:\Users\Admin\AppData\Local\Temp




Periodic native trim disabled

---------------  S Y S T E M  ---------------

OS:
 Windows 10 , 64 bit Build 19041 (10.0.19041.5915)
OS uptime: 0 days 11:09 hours

CPU: total 4 (initial active 4) (4 cores per cpu, 1 threads per core) family 6 model 42 stepping 7 microcode 0x2f, cx8, cmov, fxsr, mmx, sse, sse2, sse3, ssse3, sse4.1, sse4.2, popcnt, tsc, tscinvbit, avx, aes, clmul, vzeroupper, clflush, rdtscp
Processor Information for the first 4 processors :
  Max Mhz: 3301, Current Mhz: 3301, Mhz Limit: 3301

Memory: 4k page, system-wide physical 16337M (7164M free)
TotalPageFile size 20433M (AvailPageFile size 96M)
current process WorkingSet (physical memory assigned to process): 48M, peak: 48M
current process commit charge ("private bytes"): 212M, peak: 213M

vm_info: OpenJDK 64-Bit Server VM (21.0.9+10-LTS) for windows-amd64 JRE (21.0.9+10-LTS), built on 2025-10-21T00:00:00Z by "admin" with unknown MS VC++:1942

END.
