#
# There is insufficient memory for the Java Runtime Environment to continue.
# Native memory allocation (malloc) failed to allocate 185168 bytes. Error detail: Chunk::new
# Possible reasons:
#   The system is out of physical RAM or swap space
#   This process is running with CompressedOops enabled, and the Java Heap may be blocking the growth of the native heap
# Possible solutions:
#   Reduce memory load on the system
#   Increase physical memory or swap space
#   Check if swap backing store is full
#   Decrease Java heap size (-Xmx/-Xms)
#   Decrease number of Java threads
#   Decrease Java thread stack sizes (-Xss)
#   Set larger code cache with -XX:ReservedCodeCacheSize=
#   JVM is running with Unscaled Compressed Oops mode in which the Java heap is
#     placed in the first 4GB address space. The Java Heap base address is the
#     maximum limit for the native heap growth. Please use -XX:HeapBaseMinAddress
#     to set the Java Heap base and to place the Java Heap above 4GB virtual address.
# This output file may be truncated or incomplete.
#
#  Out of Memory Error (arena.cpp:168), pid=18112, tid=1392
#
# JRE version: OpenJDK Runtime Environment Temurin-21.0.9+10 (21.0.9+10) (build 21.0.9+10-LTS)
# Java VM: OpenJDK 64-Bit Server VM Temurin-21.0.9+10 (21.0.9+10-LTS, mixed mode, sharing, tiered, compressed oops, compressed class ptrs, parallel gc, windows-amd64)
# No core dump will be written. Minidumps are not enabled by default on client versions of Windows
#

---------------  S U M M A R Y ------------

Command Line: --add-modules=ALL-SYSTEM --add-opens=java.base/java.util=ALL-UNNAMED --add-opens=java.base/java.lang=ALL-UNNAMED --add-opens=java.base/sun.nio.fs=ALL-UNNAMED -Declipse.application=org.eclipse.jdt.ls.core.id1 -Dosgi.bundles.defaultStartLevel=4 -Declipse.product=org.eclipse.jdt.ls.core.product -Djava.import.generatesMetadataFilesAtProjectRoot=false -DDetectVMInstallationsJob.disabled=true -Dfile.encoding=utf8 -XX:+UseParallelGC -XX:GCTimeRatio=4 -XX:AdaptiveSizePolicyWeight=90 -Dsun.zip.disableMemoryMapping=true -Xmx2G -Xms100m -Xlog:disable -javaagent:c:\Users\Admin\.antigravity\extensions\redhat.java-1.50.0-win32-x64\lombok\lombok-1.18.39-4050.jar c:\Users\Admin\.antigravity\extensions\redhat.java-1.50.0-win32-x64\server\plugins\org.eclipse.equinox.launcher_1.7.100.v20251111-0406.jar -configuration c:\Users\Admin\AppData\Roaming\Antigravity\User\globalStorage\redhat.java\1.50.0\config_ss_win -data c:\Users\Admin\AppData\Roaming\Antigravity\User\workspaceStorage\af1cb1524c391b6bf54d4a5b5d479961\redhat.java\ss_ws --pipe=\\.\pipe\lsp-31b16e8e807d80cca189137938db822c-sock

Host: Intel(R) Core(TM) i5-2500 CPU @ 3.30GHz, 4 cores, 15G,  Windows 10 , 64 bit Build 19041 (10.0.19041.5915)
Time: Thu Dec 18 18:44:51 2025 SE Asia Standard Time elapsed time: 12.908441 seconds (0d 0h 0m 12s)

---------------  T H R E A D  ---------------

Current thread (0x00000209dc50f520):  JavaThread "C2 CompilerThread0" daemon [_thread_in_native, id=1392, stack(0x0000005e79700000,0x0000005e79800000) (1024K)]


Current CompileTask:
C2:12908 3432       4       java.lang.AbstractStringBuilder::append (60 bytes)

Stack: [0x0000005e79700000,0x0000005e79800000]
Native frames: (J=compiled Java code, j=interpreted, Vv=VM code, C=native code)
V  [jvm.dll+0x6d6e29]
V  [jvm.dll+0x8b4b76]
V  [jvm.dll+0x8b712e]
V  [jvm.dll+0x8b7813]
V  [jvm.dll+0x283d86]
V  [jvm.dll+0xc66ed]
V  [jvm.dll+0xc6c31]
V  [jvm.dll+0x3be53b]
V  [jvm.dll+0x38ab92]
V  [jvm.dll+0x389fda]
V  [jvm.dll+0x24bfa0]
V  [jvm.dll+0x24b580]
V  [jvm.dll+0x1cb13e]
V  [jvm.dll+0x25b29d]
V  [jvm.dll+0x25982a]
V  [jvm.dll+0x3f7ea6]
V  [jvm.dll+0x85e9ad]
V  [jvm.dll+0x6d565d]
C  [ucrtbase.dll+0x21bb2]
C  [KERNEL32.DLL+0x17374]
C  [ntdll.dll+0x4cc91]


---------------  P R O C E S S  ---------------

Threads class SMR info:
_java_thread_list=0x00000209dd447ff0, length=28, elements={
0x00000209c5b1cc80, 0x00000209dc5058e0, 0x00000209dc506f20, 0x00000209dc50a7f0,
0x00000209dc50d250, 0x00000209dc50dca0, 0x00000209dc50e6f0, 0x00000209dc50f520,
0x00000209dc585630, 0x00000209dd2c53f0, 0x00000209dd400550, 0x00000209dd9ff030,
0x00000209ddb05b50, 0x00000209dda726c0, 0x00000209ddadaa80, 0x00000209ddc60e70,
0x00000209e2107690, 0x00000209e221e4d0, 0x00000209e2030390, 0x00000209e2030a20,
0x00000209e2031dd0, 0x00000209e20310b0, 0x00000209e2032460, 0x00000209e2031740,
0x00000209e202efe0, 0x00000209e202f670, 0x00000209e202fd00, 0x00000209e279c6d0
}

Java Threads: ( => current thread )
  0x00000209c5b1cc80 JavaThread "main"                              [_thread_blocked, id=9164, stack(0x0000005e78c00000,0x0000005e78d00000) (1024K)]
  0x00000209dc5058e0 JavaThread "Reference Handler"          daemon [_thread_blocked, id=3136, stack(0x0000005e79100000,0x0000005e79200000) (1024K)]
  0x00000209dc506f20 JavaThread "Finalizer"                  daemon [_thread_blocked, id=14628, stack(0x0000005e79200000,0x0000005e79300000) (1024K)]
  0x00000209dc50a7f0 JavaThread "Signal Dispatcher"          daemon [_thread_blocked, id=17792, stack(0x0000005e79300000,0x0000005e79400000) (1024K)]
  0x00000209dc50d250 JavaThread "Attach Listener"            daemon [_thread_blocked, id=15912, stack(0x0000005e79400000,0x0000005e79500000) (1024K)]
  0x00000209dc50dca0 JavaThread "Service Thread"             daemon [_thread_blocked, id=18020, stack(0x0000005e79500000,0x0000005e79600000) (1024K)]
  0x00000209dc50e6f0 JavaThread "Monitor Deflation Thread"   daemon [_thread_blocked, id=13044, stack(0x0000005e79600000,0x0000005e79700000) (1024K)]
=>0x00000209dc50f520 JavaThread "C2 CompilerThread0"         daemon [_thread_in_native, id=1392, stack(0x0000005e79700000,0x0000005e79800000) (1024K)]
  0x00000209dc585630 JavaThread "C1 CompilerThread0"         daemon [_thread_blocked, id=12296, stack(0x0000005e79800000,0x0000005e79900000) (1024K)]
  0x00000209dd2c53f0 JavaThread "Common-Cleaner"             daemon [_thread_blocked, id=18404, stack(0x0000005e79900000,0x0000005e79a00000) (1024K)]
  0x00000209dd400550 JavaThread "Notification Thread"        daemon [_thread_blocked, id=9308, stack(0x0000005e79b00000,0x0000005e79c00000) (1024K)]
  0x00000209dd9ff030 JavaThread "Active Thread: Equinox Container: 3176e352-8571-469a-b05c-3373729ea3fd"        [_thread_blocked, id=1156, stack(0x0000005e79f00000,0x0000005e7a000000) (1024K)]
  0x00000209ddb05b50 JavaThread "Framework Event Dispatcher: Equinox Container: 3176e352-8571-469a-b05c-3373729ea3fd" daemon [_thread_blocked, id=2028, stack(0x0000005e79a00000,0x0000005e79b00000) (1024K)]
  0x00000209dda726c0 JavaThread "Start Level: Equinox Container: 3176e352-8571-469a-b05c-3373729ea3fd" daemon [_thread_blocked, id=15236, stack(0x0000005e7a000000,0x0000005e7a100000) (1024K)]
  0x00000209ddadaa80 JavaThread "SCR Component Actor"        daemon [_thread_blocked, id=5696, stack(0x0000005e7a100000,0x0000005e7a200000) (1024K)]
  0x00000209ddc60e70 JavaThread "Worker-JM"                         [_thread_blocked, id=16960, stack(0x0000005e7a300000,0x0000005e7a400000) (1024K)]
  0x00000209e2107690 JavaThread "Worker-0"                          [_thread_blocked, id=1668, stack(0x0000005e7a200000,0x0000005e7a300000) (1024K)]
  0x00000209e221e4d0 JavaThread "Worker-1: Initialize Workspace"        [_thread_blocked, id=17316, stack(0x0000005e7a400000,0x0000005e7a500000) (1024K)]
  0x00000209e2030390 JavaThread "Worker-2"                          [_thread_blocked, id=17972, stack(0x0000005e7a700000,0x0000005e7a800000) (1024K)]
  0x00000209e2030a20 JavaThread "JNA Cleaner"                daemon [_thread_blocked, id=6464, stack(0x0000005e7a500000,0x0000005e7a600000) (1024K)]
  0x00000209e2031dd0 JavaThread "Thread-1"                   daemon [_thread_in_native, id=14172, stack(0x0000005e7a900000,0x0000005e7aa00000) (1024K)]
  0x00000209e20310b0 JavaThread "Thread-2"                   daemon [_thread_in_native, id=9740, stack(0x0000005e7aa00000,0x0000005e7ab00000) (1024K)]
  0x00000209e2032460 JavaThread "Thread-3"                   daemon [_thread_in_native, id=4696, stack(0x0000005e7ab00000,0x0000005e7ac00000) (1024K)]
  0x00000209e2031740 JavaThread "Thread-4"                   daemon [_thread_in_native, id=7568, stack(0x0000005e7ac00000,0x0000005e7ad00000) (1024K)]
  0x00000209e202efe0 JavaThread "Thread-5"                   daemon [_thread_in_native, id=1452, stack(0x0000005e7ad00000,0x0000005e7ae00000) (1024K)]
  0x00000209e202f670 JavaThread "pool-2-thread-1"                   [_thread_blocked, id=13668, stack(0x0000005e7ae00000,0x0000005e7af00000) (1024K)]
  0x00000209e202fd00 JavaThread "WorkspaceEventsHandler"            [_thread_blocked, id=10824, stack(0x0000005e7af00000,0x0000005e7b000000) (1024K)]
  0x00000209e279c6d0 JavaThread "pool-1-thread-1"                   [_thread_blocked, id=3852, stack(0x0000005e7b000000,0x0000005e7b100000) (1024K)]
Total: 28

Other Threads:
  0x00000209dc4eb260 VMThread "VM Thread"                           [id=11684, stack(0x0000005e79000000,0x0000005e79100000) (1024K)]
  0x00000209c5be3260 WatcherThread "VM Periodic Task Thread"        [id=2348, stack(0x0000005e78f00000,0x0000005e79000000) (1024K)]
  0x00000209c5b3a9e0 WorkerThread "GC Thread#0"                     [id=3184, stack(0x0000005e78e00000,0x0000005e78f00000) (1024K)]
  0x00000209dd7bdc10 WorkerThread "GC Thread#1"                     [id=19328, stack(0x0000005e79c00000,0x0000005e79d00000) (1024K)]
  0x00000209dd83d570 WorkerThread "GC Thread#2"                     [id=280, stack(0x0000005e79d00000,0x0000005e79e00000) (1024K)]
  0x00000209dd83d910 WorkerThread "GC Thread#3"                     [id=956, stack(0x0000005e79e00000,0x0000005e79f00000) (1024K)]
Total: 6

Threads with active compile tasks:
C2 CompilerThread0  12930 3432       4       java.lang.AbstractStringBuilder::append (60 bytes)
Total: 1

VM state: not at safepoint (normal execution)

VM Mutex/Monitor currently owned by a thread: None

Heap address: 0x0000000080000000, size: 2048 MB, Compressed Oops mode: 32-bit

CDS archive(s) mapped at: [0x0000020980000000-0x0000020980ba0000-0x0000020980ba0000), size 12189696, SharedBaseAddress: 0x0000020980000000, ArchiveRelocationMode: 1.
Compressed class space mapped at: 0x0000020981000000-0x00000209c1000000, reserved size: 1073741824
Narrow klass base: 0x0000020980000000, Narrow klass shift: 0, Narrow klass range: 0x100000000

GC Precious Log:
 CardTable entry size: 512
 CPUs: 4 total, 4 available
 Memory: 16337M
 Large Page Support: Disabled
 NUMA Support: Disabled
 Compressed Oops: Enabled (32-bit)
 Alignments: Space 512K, Generation 512K, Heap 2M
 Heap Min Capacity: 100M
 Heap Initial Capacity: 100M
 Heap Max Capacity: 2G
 Pre-touch: Disabled
 Parallel Workers: 4

Heap:
 PSYoungGen      total 28160K, used 6459K [0x00000000d5580000, 0x00000000d7480000, 0x0000000100000000)
  eden space 24576K, 12% used [0x00000000d5580000,0x00000000d5869ae0,0x00000000d6d80000)
  from space 3584K, 97% used [0x00000000d7100000,0x00000000d7465318,0x00000000d7480000)
  to   space 2560K, 0% used [0x00000000d6e80000,0x00000000d6e80000,0x00000000d7100000)
 ParOldGen       total 68608K, used 10095K [0x0000000080000000, 0x0000000084300000, 0x00000000d5580000)
  object space 68608K, 14% used [0x0000000080000000,0x00000000809dbd40,0x0000000084300000)
 Metaspace       used 28714K, committed 29568K, reserved 1114112K
  class space    used 2894K, committed 3264K, reserved 1048576K

Card table byte_map: [0x00000209c54d0000,0x00000209c58e0000] _byte_map_base: 0x00000209c50d0000

Marking Bits: (ParMarkBitMap*) 0x00007ff8e4662460
 Begin Bits: [0x00000209d7fe0000, 0x00000209d9fe0000)
 End Bits:   [0x00000209d9fe0000, 0x00000209dbfe0000)

Polling page: 0x00000209c3af0000

Metaspace:

Usage:
  Non-class:     25.22 MB used.
      Class:      2.83 MB used.
       Both:     28.04 MB used.

Virtual space:
  Non-class space:       64.00 MB reserved,      25.69 MB ( 40%) committed,  1 nodes.
      Class space:        1.00 GB reserved,       3.19 MB ( <1%) committed,  1 nodes.
             Both:        1.06 GB reserved,      28.88 MB (  3%) committed. 

Chunk freelists:
   Non-Class:  5.86 MB
       Class:  12.83 MB
        Both:  18.68 MB

MaxMetaspaceSize: unlimited
CompressedClassSpaceSize: 1.00 GB
Initial GC threshold: 21.00 MB
Current GC threshold: 35.00 MB
CDS: on
 - commit_granule_bytes: 65536.
 - commit_granule_words: 8192.
 - virtual_space_node_default_size: 8388608.
 - enlarge_chunks_in_place: 1.
 - use_allocation_guard: 0.


Internal statistics:

num_allocs_failed_limit: 3.
num_arena_births: 548.
num_arena_deaths: 14.
num_vsnodes_births: 2.
num_vsnodes_deaths: 0.
num_space_committed: 462.
num_space_uncommitted: 0.
num_chunks_returned_to_freelist: 17.
num_chunks_taken_from_freelist: 1623.
num_chunk_merges: 9.
num_chunk_splits: 1072.
num_chunks_enlarged: 703.
num_inconsistent_stats: 0.

CodeHeap 'non-profiled nmethods': size=120000Kb used=1689Kb max_used=1689Kb free=118310Kb
 bounds [0x00000209d0800000, 0x00000209d0a70000, 0x00000209d7d30000]
CodeHeap 'profiled nmethods': size=120000Kb used=6898Kb max_used=6898Kb free=113101Kb
 bounds [0x00000209c8d30000, 0x00000209c93f0000, 0x00000209d0260000]
CodeHeap 'non-nmethods': size=5760Kb used=1339Kb max_used=1369Kb free=4420Kb
 bounds [0x00000209d0260000, 0x00000209d04d0000, 0x00000209d0800000]
CodeCache: size=245760Kb, used=9926Kb, max_used=9956Kb, free=235831Kb
 total_blobs=4094, nmethods=3462, adapters=538, full_count=0
Compilation: enabled, stopped_count=0, restarted_count=0

Compilation events (20 events):
Event: 12.802 Thread 0x00000209dc585630 3422       3       jdk.internal.org.objectweb.asm.SymbolTable::getType (7 bytes)
Event: 12.802 Thread 0x00000209dc585630 nmethod 3422 0x00000209c93d6b90 code [0x00000209c93d6d40, 0x00000209c93d6e78]
Event: 12.803 Thread 0x00000209dc50f520 nmethod 3420 0x00000209d09a4710 code [0x00000209d09a48e0, 0x00000209d09a4ca0]
Event: 12.807 Thread 0x00000209dc585630 3424       3       java.lang.reflect.ProxyGenerator$ProxyMethod::emitIconstInsn (75 bytes)
Event: 12.808 Thread 0x00000209dc585630 nmethod 3424 0x00000209c93d6f90 code [0x00000209c93d71e0, 0x00000209c93d7a68]
Event: 12.808 Thread 0x00000209dc585630 3425       3       sun.reflect.generics.scope.ClassScope::make (9 bytes)
Event: 12.809 Thread 0x00000209dc585630 nmethod 3425 0x00000209c93d7c90 code [0x00000209c93d7e40, 0x00000209c93d80c0]
Event: 12.809 Thread 0x00000209dc585630 3426       3       jdk.internal.misc.Unsafe::checkSize (32 bytes)
Event: 12.809 Thread 0x00000209dc585630 nmethod 3426 0x00000209c93d8210 code [0x00000209c93d83c0, 0x00000209c93d8630]
Event: 12.809 Thread 0x00000209dc585630 3427       3       sun.reflect.generics.parser.SignatureParser::init (16 bytes)
Event: 12.809 Thread 0x00000209dc585630 nmethod 3427 0x00000209c93d8710 code [0x00000209c93d88a0, 0x00000209c93d89d8]
Event: 12.809 Thread 0x00000209dc585630 3428       3       sun.reflect.generics.factory.CoreReflectionFactory::make (10 bytes)
Event: 12.810 Thread 0x00000209dc585630 nmethod 3428 0x00000209c93d8a90 code [0x00000209c93d8c40, 0x00000209c93d8e78]
Event: 12.895 Thread 0x00000209dc585630 3429       3       com.google.gson.reflect.TypeToken::get (9 bytes)
Event: 12.895 Thread 0x00000209dc585630 nmethod 3429 0x00000209c93d8f90 code [0x00000209c93d9140, 0x00000209c93d92c8]
Event: 12.896 Thread 0x00000209dc585630 3430       3       com.google.gson.internal.reflect.ReflectionHelper::isStatic (8 bytes)
Event: 12.896 Thread 0x00000209dc585630 nmethod 3430 0x00000209c93d9390 code [0x00000209c93d9540, 0x00000209c93d9710]
Event: 12.896 Thread 0x00000209dc585630 3431       3       com.google.gson.TypeAdapter::<init> (5 bytes)
Event: 12.896 Thread 0x00000209dc585630 nmethod 3431 0x00000209c93d9810 code [0x00000209c93d99c0, 0x00000209c93d9b28]
Event: 12.897 Thread 0x00000209dc50f520 3432       4       java.lang.AbstractStringBuilder::append (60 bytes)

GC Heap History (18 events):
Event: 1.294 GC heap before
{Heap before GC invocations=1 (full 0):
 PSYoungGen      total 29696K, used 25600K [0x00000000d5580000, 0x00000000d7680000, 0x0000000100000000)
  eden space 25600K, 100% used [0x00000000d5580000,0x00000000d6e80000,0x00000000d6e80000)
  from space 4096K, 0% used [0x00000000d7280000,0x00000000d7280000,0x00000000d7680000)
  to   space 4096K, 0% used [0x00000000d6e80000,0x00000000d6e80000,0x00000000d7280000)
 ParOldGen       total 68608K, used 0K [0x0000000080000000, 0x0000000084300000, 0x00000000d5580000)
  object space 68608K, 0% used [0x0000000080000000,0x0000000080000000,0x0000000084300000)
 Metaspace       used 4354K, committed 4608K, reserved 1114112K
  class space    used 473K, committed 576K, reserved 1048576K
}
Event: 1.308 GC heap after
{Heap after GC invocations=1 (full 0):
 PSYoungGen      total 29696K, used 3280K [0x00000000d5580000, 0x00000000d7680000, 0x0000000100000000)
  eden space 25600K, 0% used [0x00000000d5580000,0x00000000d5580000,0x00000000d6e80000)
  from space 4096K, 80% used [0x00000000d6e80000,0x00000000d71b4148,0x00000000d7280000)
  to   space 4096K, 0% used [0x00000000d7280000,0x00000000d7280000,0x00000000d7680000)
 ParOldGen       total 68608K, used 0K [0x0000000080000000, 0x0000000084300000, 0x00000000d5580000)
  object space 68608K, 0% used [0x0000000080000000,0x0000000080000000,0x0000000084300000)
 Metaspace       used 4354K, committed 4608K, reserved 1114112K
  class space    used 473K, committed 576K, reserved 1048576K
}
Event: 2.298 GC heap before
{Heap before GC invocations=2 (full 0):
 PSYoungGen      total 29696K, used 28880K [0x00000000d5580000, 0x00000000d7680000, 0x0000000100000000)
  eden space 25600K, 100% used [0x00000000d5580000,0x00000000d6e80000,0x00000000d6e80000)
  from space 4096K, 80% used [0x00000000d6e80000,0x00000000d71b4148,0x00000000d7280000)
  to   space 4096K, 0% used [0x00000000d7280000,0x00000000d7280000,0x00000000d7680000)
 ParOldGen       total 68608K, used 0K [0x0000000080000000, 0x0000000084300000, 0x00000000d5580000)
  object space 68608K, 0% used [0x0000000080000000,0x0000000080000000,0x0000000084300000)
 Metaspace       used 8288K, committed 8576K, reserved 1114112K
  class space    used 882K, committed 1024K, reserved 1048576K
}
Event: 2.303 GC heap after
{Heap after GC invocations=2 (full 0):
 PSYoungGen      total 29696K, used 4092K [0x00000000d5580000, 0x00000000d7680000, 0x0000000100000000)
  eden space 25600K, 0% used [0x00000000d5580000,0x00000000d5580000,0x00000000d6e80000)
  from space 4096K, 99% used [0x00000000d7280000,0x00000000d767f008,0x00000000d7680000)
  to   space 4096K, 0% used [0x00000000d6e80000,0x00000000d6e80000,0x00000000d7280000)
 ParOldGen       total 68608K, used 883K [0x0000000080000000, 0x0000000084300000, 0x00000000d5580000)
  object space 68608K, 1% used [0x0000000080000000,0x00000000800dcea8,0x0000000084300000)
 Metaspace       used 8288K, committed 8576K, reserved 1114112K
  class space    used 882K, committed 1024K, reserved 1048576K
}
Event: 3.000 GC heap before
{Heap before GC invocations=3 (full 0):
 PSYoungGen      total 29696K, used 29692K [0x00000000d5580000, 0x00000000d7680000, 0x0000000100000000)
  eden space 25600K, 100% used [0x00000000d5580000,0x00000000d6e80000,0x00000000d6e80000)
  from space 4096K, 99% used [0x00000000d7280000,0x00000000d767f008,0x00000000d7680000)
  to   space 4096K, 0% used [0x00000000d6e80000,0x00000000d6e80000,0x00000000d7280000)
 ParOldGen       total 68608K, used 883K [0x0000000080000000, 0x0000000084300000, 0x00000000d5580000)
  object space 68608K, 1% used [0x0000000080000000,0x00000000800dcea8,0x0000000084300000)
 Metaspace       used 13051K, committed 13568K, reserved 1114112K
  class space    used 1382K, committed 1600K, reserved 1048576K
}
Event: 3.004 GC heap after
{Heap after GC invocations=3 (full 0):
 PSYoungGen      total 29696K, used 4073K [0x00000000d5580000, 0x00000000d7680000, 0x0000000100000000)
  eden space 25600K, 0% used [0x00000000d5580000,0x00000000d5580000,0x00000000d6e80000)
  from space 4096K, 99% used [0x00000000d6e80000,0x00000000d727a720,0x00000000d7280000)
  to   space 4096K, 0% used [0x00000000d7280000,0x00000000d7280000,0x00000000d7680000)
 ParOldGen       total 68608K, used 2839K [0x0000000080000000, 0x0000000084300000, 0x00000000d5580000)
  object space 68608K, 4% used [0x0000000080000000,0x00000000802c5f48,0x0000000084300000)
 Metaspace       used 13051K, committed 13568K, reserved 1114112K
  class space    used 1382K, committed 1600K, reserved 1048576K
}
Event: 3.634 GC heap before
{Heap before GC invocations=4 (full 0):
 PSYoungGen      total 29696K, used 29673K [0x00000000d5580000, 0x00000000d7680000, 0x0000000100000000)
  eden space 25600K, 100% used [0x00000000d5580000,0x00000000d6e80000,0x00000000d6e80000)
  from space 4096K, 99% used [0x00000000d6e80000,0x00000000d727a720,0x00000000d7280000)
  to   space 4096K, 0% used [0x00000000d7280000,0x00000000d7280000,0x00000000d7680000)
 ParOldGen       total 68608K, used 2839K [0x0000000080000000, 0x0000000084300000, 0x00000000d5580000)
  object space 68608K, 4% used [0x0000000080000000,0x00000000802c5f48,0x0000000084300000)
 Metaspace       used 15915K, committed 16512K, reserved 1114112K
  class space    used 1656K, committed 1920K, reserved 1048576K
}
Event: 3.640 GC heap after
{Heap after GC invocations=4 (full 0):
 PSYoungGen      total 29696K, used 4070K [0x00000000d5580000, 0x00000000d7680000, 0x0000000100000000)
  eden space 25600K, 0% used [0x00000000d5580000,0x00000000d5580000,0x00000000d6e80000)
  from space 4096K, 99% used [0x00000000d7280000,0x00000000d7679860,0x00000000d7680000)
  to   space 4096K, 0% used [0x00000000d6e80000,0x00000000d6e80000,0x00000000d7280000)
 ParOldGen       total 68608K, used 4913K [0x0000000080000000, 0x0000000084300000, 0x00000000d5580000)
  object space 68608K, 7% used [0x0000000080000000,0x00000000804cc5d0,0x0000000084300000)
 Metaspace       used 15915K, committed 16512K, reserved 1114112K
  class space    used 1656K, committed 1920K, reserved 1048576K
}
Event: 4.124 GC heap before
{Heap before GC invocations=5 (full 0):
 PSYoungGen      total 29696K, used 29254K [0x00000000d5580000, 0x00000000d7680000, 0x0000000100000000)
  eden space 25600K, 98% used [0x00000000d5580000,0x00000000d6e17fe0,0x00000000d6e80000)
  from space 4096K, 99% used [0x00000000d7280000,0x00000000d7679860,0x00000000d7680000)
  to   space 4096K, 0% used [0x00000000d6e80000,0x00000000d6e80000,0x00000000d7280000)
 ParOldGen       total 68608K, used 4913K [0x0000000080000000, 0x0000000084300000, 0x00000000d5580000)
  object space 68608K, 7% used [0x0000000080000000,0x00000000804cc5d0,0x0000000084300000)
 Metaspace       used 20103K, committed 20672K, reserved 1114112K
  class space    used 1963K, committed 2240K, reserved 1048576K
}
Event: 4.128 GC heap after
{Heap after GC invocations=5 (full 0):
 PSYoungGen      total 29184K, used 4089K [0x00000000d5580000, 0x00000000d7a00000, 0x0000000100000000)
  eden space 25088K, 0% used [0x00000000d5580000,0x00000000d5580000,0x00000000d6e00000)
  from space 4096K, 99% used [0x00000000d6e80000,0x00000000d727e6a0,0x00000000d7280000)
  to   space 6144K, 0% used [0x00000000d7400000,0x00000000d7400000,0x00000000d7a00000)
 ParOldGen       total 68608K, used 6164K [0x0000000080000000, 0x0000000084300000, 0x00000000d5580000)
  object space 68608K, 8% used [0x0000000080000000,0x00000000806052d0,0x0000000084300000)
 Metaspace       used 20103K, committed 20672K, reserved 1114112K
  class space    used 1963K, committed 2240K, reserved 1048576K
}
Event: 9.270 GC heap before
{Heap before GC invocations=6 (full 0):
 PSYoungGen      total 29184K, used 22918K [0x00000000d5580000, 0x00000000d7a00000, 0x0000000100000000)
  eden space 25088K, 75% used [0x00000000d5580000,0x00000000d67e3338,0x00000000d6e00000)
  from space 4096K, 99% used [0x00000000d6e80000,0x00000000d727e6a0,0x00000000d7280000)
  to   space 6144K, 0% used [0x00000000d7400000,0x00000000d7400000,0x00000000d7a00000)
 ParOldGen       total 68608K, used 6164K [0x0000000080000000, 0x0000000084300000, 0x00000000d5580000)
  object space 68608K, 8% used [0x0000000080000000,0x00000000806052d0,0x0000000084300000)
 Metaspace       used 20901K, committed 21504K, reserved 1114112K
  class space    used 2011K, committed 2304K, reserved 1048576K
}
Event: 9.275 GC heap after
{Heap after GC invocations=6 (full 0):
 PSYoungGen      total 30720K, used 5465K [0x00000000d5580000, 0x00000000d7980000, 0x0000000100000000)
  eden space 25088K, 0% used [0x00000000d5580000,0x00000000d5580000,0x00000000d6e00000)
  from space 5632K, 97% used [0x00000000d7400000,0x00000000d7956610,0x00000000d7980000)
  to   space 5632K, 0% used [0x00000000d6e80000,0x00000000d6e80000,0x00000000d7400000)
 ParOldGen       total 68608K, used 6172K [0x0000000080000000, 0x0000000084300000, 0x00000000d5580000)
  object space 68608K, 8% used [0x0000000080000000,0x00000000806072d0,0x0000000084300000)
 Metaspace       used 20901K, committed 21504K, reserved 1114112K
  class space    used 2011K, committed 2304K, reserved 1048576K
}
Event: 9.275 GC heap before
{Heap before GC invocations=7 (full 1):
 PSYoungGen      total 30720K, used 5465K [0x00000000d5580000, 0x00000000d7980000, 0x0000000100000000)
  eden space 25088K, 0% used [0x00000000d5580000,0x00000000d5580000,0x00000000d6e00000)
  from space 5632K, 97% used [0x00000000d7400000,0x00000000d7956610,0x00000000d7980000)
  to   space 5632K, 0% used [0x00000000d6e80000,0x00000000d6e80000,0x00000000d7400000)
 ParOldGen       total 68608K, used 6172K [0x0000000080000000, 0x0000000084300000, 0x00000000d5580000)
  object space 68608K, 8% used [0x0000000080000000,0x00000000806072d0,0x0000000084300000)
 Metaspace       used 20901K, committed 21504K, reserved 1114112K
  class space    used 2011K, committed 2304K, reserved 1048576K
}
Event: 9.300 GC heap after
{Heap after GC invocations=7 (full 1):
 PSYoungGen      total 30720K, used 0K [0x00000000d5580000, 0x00000000d7980000, 0x0000000100000000)
  eden space 25088K, 0% used [0x00000000d5580000,0x00000000d5580000,0x00000000d6e00000)
  from space 5632K, 0% used [0x00000000d7400000,0x00000000d7400000,0x00000000d7980000)
  to   space 5632K, 0% used [0x00000000d6e80000,0x00000000d6e80000,0x00000000d7400000)
 ParOldGen       total 68608K, used 10079K [0x0000000080000000, 0x0000000084300000, 0x00000000d5580000)
  object space 68608K, 14% used [0x0000000080000000,0x00000000809d7d40,0x0000000084300000)
 Metaspace       used 20889K, committed 21504K, reserved 1114112K
  class space    used 2008K, committed 2304K, reserved 1048576K
}
Event: 10.290 GC heap before
{Heap before GC invocations=8 (full 1):
 PSYoungGen      total 30720K, used 25088K [0x00000000d5580000, 0x00000000d7980000, 0x0000000100000000)
  eden space 25088K, 100% used [0x00000000d5580000,0x00000000d6e00000,0x00000000d6e00000)
  from space 5632K, 0% used [0x00000000d7400000,0x00000000d7400000,0x00000000d7980000)
  to   space 5632K, 0% used [0x00000000d6e80000,0x00000000d6e80000,0x00000000d7400000)
 ParOldGen       total 68608K, used 10079K [0x0000000080000000, 0x0000000084300000, 0x00000000d5580000)
  object space 68608K, 14% used [0x0000000080000000,0x00000000809d7d40,0x0000000084300000)
 Metaspace       used 25295K, committed 26112K, reserved 1114112K
  class space    used 2464K, committed 2816K, reserved 1048576K
}
Event: 10.293 GC heap after
{Heap after GC invocations=8 (full 1):
 PSYoungGen      total 27136K, used 2273K [0x00000000d5580000, 0x00000000d7480000, 0x0000000100000000)
  eden space 24576K, 0% used [0x00000000d5580000,0x00000000d5580000,0x00000000d6d80000)
  from space 2560K, 88% used [0x00000000d6e80000,0x00000000d70b8660,0x00000000d7100000)
  to   space 3584K, 0% used [0x00000000d7100000,0x00000000d7100000,0x00000000d7480000)
 ParOldGen       total 68608K, used 10087K [0x0000000080000000, 0x0000000084300000, 0x00000000d5580000)
  object space 68608K, 14% used [0x0000000080000000,0x00000000809d9d40,0x0000000084300000)
 Metaspace       used 25295K, committed 26112K, reserved 1114112K
  class space    used 2464K, committed 2816K, reserved 1048576K
}
Event: 12.759 GC heap before
{Heap before GC invocations=9 (full 1):
 PSYoungGen      total 27136K, used 26849K [0x00000000d5580000, 0x00000000d7480000, 0x0000000100000000)
  eden space 24576K, 100% used [0x00000000d5580000,0x00000000d6d80000,0x00000000d6d80000)
  from space 2560K, 88% used [0x00000000d6e80000,0x00000000d70b8660,0x00000000d7100000)
  to   space 3584K, 0% used [0x00000000d7100000,0x00000000d7100000,0x00000000d7480000)
 ParOldGen       total 68608K, used 10087K [0x0000000080000000, 0x0000000084300000, 0x00000000d5580000)
  object space 68608K, 14% used [0x0000000080000000,0x00000000809d9d40,0x0000000084300000)
 Metaspace       used 28299K, committed 29184K, reserved 1114112K
  class space    used 2845K, committed 3264K, reserved 1048576K
}
Event: 12.762 GC heap after
{Heap after GC invocations=9 (full 1):
 PSYoungGen      total 28160K, used 3476K [0x00000000d5580000, 0x00000000d7480000, 0x0000000100000000)
  eden space 24576K, 0% used [0x00000000d5580000,0x00000000d5580000,0x00000000d6d80000)
  from space 3584K, 97% used [0x00000000d7100000,0x00000000d7465318,0x00000000d7480000)
  to   space 2560K, 0% used [0x00000000d6e80000,0x00000000d6e80000,0x00000000d7100000)
 ParOldGen       total 68608K, used 10095K [0x0000000080000000, 0x0000000084300000, 0x00000000d5580000)
  object space 68608K, 14% used [0x0000000080000000,0x00000000809dbd40,0x0000000084300000)
 Metaspace       used 28299K, committed 29184K, reserved 1114112K
  class space    used 2845K, committed 3264K, reserved 1048576K
}

Dll operation events (10 events):
Event: 0.013 Loaded shared library c:\Users\Admin\.antigravity\extensions\redhat.java-1.50.0-win32-x64\jre\21.0.9-win32-x86_64\bin\java.dll
Event: 0.115 Loaded shared library c:\Users\Admin\.antigravity\extensions\redhat.java-1.50.0-win32-x64\jre\21.0.9-win32-x86_64\bin\zip.dll
Event: 0.138 Loaded shared library C:\Users\Admin\.antigravity\extensions\redhat.java-1.50.0-win32-x64\jre\21.0.9-win32-x86_64\bin\instrument.dll
Event: 0.145 Loaded shared library C:\Users\Admin\.antigravity\extensions\redhat.java-1.50.0-win32-x64\jre\21.0.9-win32-x86_64\bin\net.dll
Event: 0.146 Loaded shared library C:\Users\Admin\.antigravity\extensions\redhat.java-1.50.0-win32-x64\jre\21.0.9-win32-x86_64\bin\nio.dll
Event: 0.153 Loaded shared library C:\Users\Admin\.antigravity\extensions\redhat.java-1.50.0-win32-x64\jre\21.0.9-win32-x86_64\bin\zip.dll
Event: 0.178 Loaded shared library C:\Users\Admin\.antigravity\extensions\redhat.java-1.50.0-win32-x64\jre\21.0.9-win32-x86_64\bin\jimage.dll
Event: 0.276 Loaded shared library c:\Users\Admin\.antigravity\extensions\redhat.java-1.50.0-win32-x64\jre\21.0.9-win32-x86_64\bin\verify.dll
Event: 2.230 Loaded shared library C:\Users\Admin\AppData\Roaming\Antigravity\User\globalStorage\redhat.java\1.50.0\config_ss_win\org.eclipse.equinox.launcher\org.eclipse.equinox.launcher.win32.win32.x86_64_1.2.1400.v20250801-0854\eclipse_11916.dll
Event: 10.050 Loaded shared library C:\Users\Admin\AppData\Local\Temp\jna-63116079\jna17381729825272853860.dll

Deoptimization events (20 events):
Event: 10.805 Thread 0x00000209c5b1cc80 Uncommon trap: trap_request=0xffffff45 fr.pc=0x00000209d083d348 relative=0x00000000000000a8
Event: 10.805 Thread 0x00000209c5b1cc80 Uncommon trap: reason=unstable_if action=reinterpret pc=0x00000209d083d348 method=java.lang.CharacterDataLatin1.digit(II)I @ 7 c2
Event: 10.805 Thread 0x00000209c5b1cc80 DEOPT PACKING pc=0x00000209d083d348 sp=0x0000005e78cfe5f0
Event: 10.805 Thread 0x00000209c5b1cc80 DEOPT UNPACKING pc=0x00000209d02b3aa2 sp=0x0000005e78cfe570 mode 2
Event: 10.903 Thread 0x00000209c5b1cc80 Uncommon trap: trap_request=0xffffff76 fr.pc=0x00000209d096ea08 relative=0x0000000000000948
Event: 10.903 Thread 0x00000209c5b1cc80 Uncommon trap: reason=predicate action=maybe_recompile pc=0x00000209d096ea08 method=java.util.TreeMap.put(Ljava/lang/Object;Ljava/lang/Object;Z)Ljava/lang/Object; @ 27 c2
Event: 10.903 Thread 0x00000209c5b1cc80 DEOPT PACKING pc=0x00000209d096ea08 sp=0x0000005e78cfe300
Event: 10.903 Thread 0x00000209c5b1cc80 DEOPT UNPACKING pc=0x00000209d02b3aa2 sp=0x0000005e78cfe2a0 mode 2
Event: 11.013 Thread 0x00000209c5b1cc80 Uncommon trap: trap_request=0xffffff45 fr.pc=0x00000209d0835248 relative=0x00000000000002a8
Event: 11.013 Thread 0x00000209c5b1cc80 Uncommon trap: reason=unstable_if action=reinterpret pc=0x00000209d0835248 method=java.util.HashMap$HashIterator.<init>(Ljava/util/HashMap;)V @ 45 c2
Event: 11.013 Thread 0x00000209c5b1cc80 DEOPT PACKING pc=0x00000209d0835248 sp=0x0000005e78cfe780
Event: 11.013 Thread 0x00000209c5b1cc80 DEOPT UNPACKING pc=0x00000209d02b3aa2 sp=0x0000005e78cfe718 mode 2
Event: 12.642 Thread 0x00000209e279c6d0 Uncommon trap: trap_request=0xffffffde fr.pc=0x00000209d09164f0 relative=0x0000000000000050
Event: 12.642 Thread 0x00000209e279c6d0 Uncommon trap: reason=class_check action=maybe_recompile pc=0x00000209d09164f0 method=java.lang.invoke.DirectMethodHandle.internalMemberName(Ljava/lang/Object;)Ljava/lang/Object; @ 1 c2
Event: 12.642 Thread 0x00000209e279c6d0 DEOPT PACKING pc=0x00000209d09164f0 sp=0x0000005e7b0fe510
Event: 12.642 Thread 0x00000209e279c6d0 DEOPT UNPACKING pc=0x00000209d02b3aa2 sp=0x0000005e7b0fe4a0 mode 2
Event: 12.788 Thread 0x00000209e279c6d0 Uncommon trap: trap_request=0xffffff45 fr.pc=0x00000209d094ce1c relative=0x000000000000083c
Event: 12.788 Thread 0x00000209e279c6d0 Uncommon trap: reason=unstable_if action=reinterpret pc=0x00000209d094ce1c method=java.util.concurrent.ConcurrentHashMap.putVal(Ljava/lang/Object;Ljava/lang/Object;Z)Ljava/lang/Object; @ 97 c2
Event: 12.788 Thread 0x00000209e279c6d0 DEOPT PACKING pc=0x00000209d094ce1c sp=0x0000005e7b0fd120
Event: 12.788 Thread 0x00000209e279c6d0 DEOPT UNPACKING pc=0x00000209d02b3aa2 sp=0x0000005e7b0fd098 mode 2

Classes loaded (20 events):
Event: 11.008 Loading class java/time/format/DateTimeParseContext
Event: 11.008 Loading class java/time/format/DateTimeParseContext done
Event: 11.008 Loading class java/time/format/Parsed
Event: 11.009 Loading class java/time/format/Parsed done
Event: 11.876 Loading class sun/reflect/generics/repository/FieldRepository
Event: 11.876 Loading class sun/reflect/generics/repository/FieldRepository done
Event: 11.879 Loading class jdk/internal/reflect/MethodHandleIntegerFieldAccessorImpl
Event: 11.880 Loading class jdk/internal/reflect/MethodHandleIntegerFieldAccessorImpl done
Event: 12.110 Loading class java/io/InvalidObjectException
Event: 12.110 Loading class java/io/ObjectStreamException
Event: 12.110 Loading class java/io/ObjectStreamException done
Event: 12.110 Loading class java/io/InvalidObjectException done
Event: 12.784 Loading class java/util/concurrent/CompletableFuture$AltResult
Event: 12.785 Loading class java/util/concurrent/CompletableFuture$AltResult done
Event: 12.786 Loading class java/util/concurrent/CompletableFuture$Completion
Event: 12.786 Loading class java/util/concurrent/CompletableFuture$AsynchronousCompletionTask
Event: 12.786 Loading class java/util/concurrent/CompletableFuture$AsynchronousCompletionTask done
Event: 12.786 Loading class java/util/concurrent/CompletableFuture$Completion done
Event: 12.809 Loading class sun/nio/ch/WindowsAsynchronousFileChannelImpl$WriteTask
Event: 12.809 Loading class sun/nio/ch/WindowsAsynchronousFileChannelImpl$WriteTask done

Classes unloaded (7 events):
Event: 9.281 Thread 0x00000209dc4eb260 Unloading class 0x000002098118cc00 'java/lang/invoke/LambdaForm$MH+0x000002098118cc00'
Event: 9.281 Thread 0x00000209dc4eb260 Unloading class 0x000002098118c800 'java/lang/invoke/LambdaForm$MH+0x000002098118c800'
Event: 9.281 Thread 0x00000209dc4eb260 Unloading class 0x000002098118c400 'java/lang/invoke/LambdaForm$MH+0x000002098118c400'
Event: 9.281 Thread 0x00000209dc4eb260 Unloading class 0x000002098118c000 'java/lang/invoke/LambdaForm$MH+0x000002098118c000'
Event: 9.281 Thread 0x00000209dc4eb260 Unloading class 0x000002098118bc00 'java/lang/invoke/LambdaForm$BMH+0x000002098118bc00'
Event: 9.281 Thread 0x00000209dc4eb260 Unloading class 0x000002098118b800 'java/lang/invoke/LambdaForm$DMH+0x000002098118b800'
Event: 9.281 Thread 0x00000209dc4eb260 Unloading class 0x000002098118a400 'java/lang/invoke/LambdaForm$DMH+0x000002098118a400'

Classes redefined (0 events):
No events

Internal exceptions (20 events):
Event: 10.157 Thread 0x00000209dda726c0 Exception <a 'java/lang/NoSuchMethodError'{0x00000000d6949a60}: 'int java.lang.invoke.Invokers$Holder.invokeExact_MT(java.lang.Object, java.lang.Object, java.lang.Object)'> (0x00000000d6949a60) 
thrown [s\src\hotspot\share\interpreter\linkResolver.cpp, line 773]
Event: 10.160 Thread 0x00000209dda726c0 Exception <a 'java/lang/UnsatisfiedLinkError'{0x00000000d695d3b8}: The specified procedure could not be found.
> (0x00000000d695d3b8) 
thrown [s\src\hotspot\share\prims\jni.cpp, line 539]
Event: 10.164 Thread 0x00000209dda726c0 Exception <a 'java/lang/NoSuchMethodError'{0x00000000d6969530}: 'void java.lang.invoke.Invokers$Holder.invokeExact_MT(java.lang.Object, java.lang.Object, int, java.lang.Object)'> (0x00000000d6969530) 
thrown [s\src\hotspot\share\interpreter\linkResolver.cpp, line 773]
Event: 10.286 Thread 0x00000209e221e4d0 Exception <a 'java/io/FileNotFoundException'{0x00000000d6d8d5c8}> (0x00000000d6d8d5c8) 
thrown [s\src\hotspot\share\prims\jni.cpp, line 520]
Event: 10.286 Thread 0x00000209e221e4d0 Exception <a 'java/io/FileNotFoundException'{0x00000000d6d8e878}> (0x00000000d6d8e878) 
thrown [s\src\hotspot\share\prims\jni.cpp, line 520]
Event: 10.288 Thread 0x00000209e221e4d0 Exception <a 'java/lang/NoSuchMethodError'{0x00000000d6d9c5b0}: 'java.lang.Object java.lang.invoke.DirectMethodHandle$Holder.newInvokeSpecial(java.lang.Object, java.lang.Object, java.lang.Object, int)'> (0x00000000d6d9c5b0) 
thrown [s\src\hotspot\share\interpreter\linkResolver.cpp, line 773]
Event: 10.288 Thread 0x00000209e221e4d0 Exception <a 'java/lang/NoSuchMethodError'{0x00000000d6dcc8c8}: 'java.lang.Object java.lang.invoke.DirectMethodHandle$Holder.invokeSpecial(java.lang.Object, java.lang.Object, java.lang.Object, java.lang.Object, int)'> (0x00000000d6dcc8c8) 
thrown [s\src\hotspot\share\interpreter\linkResolver.cpp, line 773]
Event: 10.289 Thread 0x00000209e221e4d0 Exception <a 'java/lang/NoSuchMethodError'{0x00000000d6dcfd60}: 'java.lang.Object java.lang.invoke.Invokers$Holder.linkToTargetMethod(java.lang.Object, java.lang.Object, int, java.lang.Object)'> (0x00000000d6dcfd60) 
thrown [s\src\hotspot\share\interpreter\linkResolver.cpp, line 773]
Event: 10.296 Thread 0x00000209e221e4d0 Exception <a 'java/lang/NoSuchMethodError'{0x00000000d55a04c8}: 'void java.lang.invoke.DirectMethodHandle$Holder.invokeStaticInit(java.lang.Object, java.lang.Object, java.lang.Object)'> (0x00000000d55a04c8) 
thrown [s\src\hotspot\share\interpreter\linkResolver.cpp, line 773]
Event: 10.299 Thread 0x00000209e221e4d0 Exception <a 'java/io/FileNotFoundException'{0x00000000d561ad38}> (0x00000000d561ad38) 
thrown [s\src\hotspot\share\prims\jni.cpp, line 520]
Event: 10.299 Thread 0x00000209e221e4d0 Exception <a 'java/io/FileNotFoundException'{0x00000000d561baa0}> (0x00000000d561baa0) 
thrown [s\src\hotspot\share\prims\jni.cpp, line 520]
Event: 10.302 Thread 0x00000209c5b1cc80 Exception <a 'java/lang/NoSuchMethodError'{0x00000000d5634e00}: 'java.lang.Object java.lang.invoke.DirectMethodHandle$Holder.invokeStatic(java.lang.Object, long, java.lang.Object)'> (0x00000000d5634e00) 
thrown [s\src\hotspot\share\interpreter\linkResolver.cpp, line 773]
Event: 10.302 Thread 0x00000209c5b1cc80 Exception <a 'java/lang/NoSuchMethodError'{0x00000000d5638468}: 'java.lang.Object java.lang.invoke.DirectMethodHandle$Holder.invokeStaticInit(java.lang.Object, long, java.lang.Object)'> (0x00000000d5638468) 
thrown [s\src\hotspot\share\interpreter\linkResolver.cpp, line 773]
Event: 10.302 Thread 0x00000209c5b1cc80 Exception <a 'java/lang/NoSuchMethodError'{0x00000000d563db28}: 'java.lang.Object java.lang.invoke.DirectMethodHandle$Holder.newInvokeSpecial(java.lang.Object, long)'> (0x00000000d563db28) 
thrown [s\src\hotspot\share\interpreter\linkResolver.cpp, line 773]
Event: 10.783 Thread 0x00000209c5b1cc80 Exception <a 'java/lang/NoSuchMethodError'{0x00000000d618b348}: 'void java.lang.invoke.DirectMethodHandle$Holder.invokeSpecial(java.lang.Object, java.lang.Object, java.lang.Object, java.lang.Object, java.lang.Object, java.lang.Object)'> (0x00000000d618b348) 
thrown [s\src\hotspot\share\interpreter\linkResolver.cpp, line 773]
Event: 10.786 Thread 0x00000209c5b1cc80 Exception <a 'java/lang/IncompatibleClassChangeError'{0x00000000d6193488}: Found class java.lang.Object, but interface was expected> (0x00000000d6193488) 
thrown [s\src\hotspot\share\interpreter\linkResolver.cpp, line 840]
Event: 10.786 Thread 0x00000209c5b1cc80 Exception <a 'java/lang/IncompatibleClassChangeError'{0x00000000d6195238}: Found class java.lang.Object, but interface was expected> (0x00000000d6195238) 
thrown [s\src\hotspot\share\interpreter\linkResolver.cpp, line 840]
Event: 12.642 Thread 0x00000209e279c6d0 Exception <a 'java/lang/NoSuchMethodError'{0x00000000d6761018}: 'java.lang.Object java.lang.invoke.DirectMethodHandle$Holder.invokeInterface(java.lang.Object, java.lang.Object, java.lang.Object)'> (0x00000000d6761018) 
thrown [s\src\hotspot\share\interpreter\linkResolver.cpp, line 773]
Event: 12.655 Thread 0x00000209e279c6d0 Exception <a 'java/io/FileNotFoundException'{0x00000000d67ffb40}> (0x00000000d67ffb40) 
thrown [s\src\hotspot\share\prims\jni.cpp, line 520]
Event: 12.772 Thread 0x00000209e279c6d0 Exception <a 'sun/nio/fs/WindowsException'{0x00000000d55cf560}> (0x00000000d55cf560) 
thrown [s\src\hotspot\share\prims\jni.cpp, line 520]

ZGC Phase Switch (0 events):
No events

VM Operations (20 events):
Event: 4.497 Executing VM operation: CollectForMetadataAllocation (Metadata GC Threshold)
Event: 9.300 Executing VM operation: CollectForMetadataAllocation (Metadata GC Threshold) done
Event: 9.387 Executing VM operation: HandshakeAllThreads (Deoptimize)
Event: 9.387 Executing VM operation: HandshakeAllThreads (Deoptimize) done
Event: 9.599 Executing VM operation: HandshakeAllThreads (Deoptimize)
Event: 9.600 Executing VM operation: HandshakeAllThreads (Deoptimize) done
Event: 9.785 Executing VM operation: HandshakeAllThreads (Deoptimize)
Event: 9.785 Executing VM operation: HandshakeAllThreads (Deoptimize) done
Event: 9.856 Executing VM operation: HandshakeAllThreads (Deoptimize)
Event: 9.856 Executing VM operation: HandshakeAllThreads (Deoptimize) done
Event: 10.067 Executing VM operation: HandshakeAllThreads (Deoptimize)
Event: 10.067 Executing VM operation: HandshakeAllThreads (Deoptimize) done
Event: 10.289 Executing VM operation: ParallelGCFailedAllocation (Allocation Failure)
Event: 10.293 Executing VM operation: ParallelGCFailedAllocation (Allocation Failure) done
Event: 11.294 Executing VM operation: Cleanup
Event: 11.294 Executing VM operation: Cleanup done
Event: 12.304 Executing VM operation: Cleanup
Event: 12.304 Executing VM operation: Cleanup done
Event: 12.759 Executing VM operation: ParallelGCFailedAllocation (Allocation Failure)
Event: 12.762 Executing VM operation: ParallelGCFailedAllocation (Allocation Failure) done

Memory protections (0 events):
No events

Nmethod flushes (0 events):
No events

Events (20 events):
Event: 2.413 Thread 0x00000209dda726c0 Thread added: 0x00000209ddadaa80
Event: 2.527 Thread 0x00000209dc50f520 Thread added: 0x00000209ddc33500
Event: 2.846 Thread 0x00000209dda726c0 Thread added: 0x00000209ddc60e70
Event: 2.888 Thread 0x00000209ddc33500 Thread exited: 0x00000209ddc33500
Event: 3.348 Thread 0x00000209dda726c0 Thread added: 0x00000209e2107690
Event: 3.380 Thread 0x00000209dda726c0 Thread added: 0x00000209e221e4d0
Event: 3.628 Thread 0x00000209dc585630 Thread added: 0x00000209e201c4b0
Event: 4.492 Thread 0x00000209dda726c0 Thread added: 0x00000209e22aefa0
Event: 9.301 Thread 0x00000209e221e4d0 Thread added: 0x00000209e2030390
Event: 9.492 Thread 0x00000209e22aefa0 Thread exited: 0x00000209e22aefa0
Event: 10.053 Thread 0x00000209e201c4b0 Thread exited: 0x00000209e201c4b0
Event: 10.072 Thread 0x00000209dda726c0 Thread added: 0x00000209e2030a20
Event: 10.309 Thread 0x00000209c5b1cc80 Thread added: 0x00000209e2031dd0
Event: 10.377 Thread 0x00000209c5b1cc80 Thread added: 0x00000209e20310b0
Event: 10.377 Thread 0x00000209c5b1cc80 Thread added: 0x00000209e2032460
Event: 10.377 Thread 0x00000209c5b1cc80 Thread added: 0x00000209e2031740
Event: 10.377 Thread 0x00000209c5b1cc80 Thread added: 0x00000209e202efe0
Event: 10.394 Thread 0x00000209c5b1cc80 Thread added: 0x00000209e202f670
Event: 10.802 Thread 0x00000209c5b1cc80 Thread added: 0x00000209e202fd00
Event: 10.802 Thread 0x00000209c5b1cc80 Thread added: 0x00000209e279c6d0


Dynamic libraries:
0x00007ff6b7ab0000 - 0x00007ff6b7abe000 	c:\Users\Admin\.antigravity\extensions\redhat.java-1.50.0-win32-x64\jre\21.0.9-win32-x86_64\bin\java.exe
0x00007ff91ea90000 - 0x00007ff91ec88000 	C:\WINDOWS\SYSTEM32\ntdll.dll
0x00007ff91e2b0000 - 0x00007ff91e372000 	C:\WINDOWS\System32\KERNEL32.DLL
0x00007ff91c1c0000 - 0x00007ff91c4b6000 	C:\WINDOWS\System32\KERNELBASE.dll
0x00007ff91c960000 - 0x00007ff91ca60000 	C:\WINDOWS\System32\ucrtbase.dll
0x00007ff8fadc0000 - 0x00007ff8fadd8000 	c:\Users\Admin\.antigravity\extensions\redhat.java-1.50.0-win32-x64\jre\21.0.9-win32-x86_64\bin\jli.dll
0x00007ff91cfd0000 - 0x00007ff91d171000 	C:\WINDOWS\System32\USER32.dll
0x00007ff91c550000 - 0x00007ff91c572000 	C:\WINDOWS\System32\win32u.dll
0x00007ff91cdd0000 - 0x00007ff91cdfb000 	C:\WINDOWS\System32\GDI32.dll
0x00007ff91c710000 - 0x00007ff91c829000 	C:\WINDOWS\System32\gdi32full.dll
0x00007ff91c120000 - 0x00007ff91c1bd000 	C:\WINDOWS\System32\msvcp_win.dll
0x00007ff8face0000 - 0x00007ff8facfe000 	c:\Users\Admin\.antigravity\extensions\redhat.java-1.50.0-win32-x64\jre\21.0.9-win32-x86_64\bin\VCRUNTIME140.dll
0x00007ff90b970000 - 0x00007ff90bc0b000 	C:\WINDOWS\WinSxS\amd64_microsoft.windows.common-controls_6595b64144ccf1df_6.0.19041.6456_none_60b8a6cb71f64256\COMCTL32.dll
0x00007ff91e540000 - 0x00007ff91e5de000 	C:\WINDOWS\System32\msvcrt.dll
0x00007ff91d180000 - 0x00007ff91d1af000 	C:\WINDOWS\System32\IMM32.DLL
0x00007ff90c240000 - 0x00007ff90c24c000 	c:\Users\Admin\.antigravity\extensions\redhat.java-1.50.0-win32-x64\jre\21.0.9-win32-x86_64\bin\vcruntime140_1.dll
0x00007ff8f8670000 - 0x00007ff8f86fd000 	c:\Users\Admin\.antigravity\extensions\redhat.java-1.50.0-win32-x64\jre\21.0.9-win32-x86_64\bin\msvcp140.dll
0x00007ff8e39a0000 - 0x00007ff8e4740000 	c:\Users\Admin\.antigravity\extensions\redhat.java-1.50.0-win32-x64\jre\21.0.9-win32-x86_64\bin\server\jvm.dll
0x00007ff91d220000 - 0x00007ff91d2d1000 	C:\WINDOWS\System32\ADVAPI32.dll
0x00007ff91d2f0000 - 0x00007ff91d38f000 	C:\WINDOWS\System32\sechost.dll
0x00007ff91df50000 - 0x00007ff91e070000 	C:\WINDOWS\System32\RPCRT4.dll
0x00007ff91c6e0000 - 0x00007ff91c707000 	C:\WINDOWS\System32\bcrypt.dll
0x00007ff91d1b0000 - 0x00007ff91d21b000 	C:\WINDOWS\System32\WS2_32.dll
0x00007ff91b6b0000 - 0x00007ff91b6fb000 	C:\WINDOWS\SYSTEM32\POWRPROF.dll
0x00007ff9129b0000 - 0x00007ff9129d7000 	C:\WINDOWS\SYSTEM32\WINMM.dll
0x00007ff915d60000 - 0x00007ff915d6a000 	C:\WINDOWS\SYSTEM32\VERSION.dll
0x00007ff91b520000 - 0x00007ff91b532000 	C:\WINDOWS\SYSTEM32\UMPDC.dll
0x00007ff919fb0000 - 0x00007ff919fc2000 	C:\WINDOWS\SYSTEM32\kernel.appcore.dll
0x00007ff908ec0000 - 0x00007ff908eca000 	c:\Users\Admin\.antigravity\extensions\redhat.java-1.50.0-win32-x64\jre\21.0.9-win32-x86_64\bin\jimage.dll
0x00007ff916af0000 - 0x00007ff916cf1000 	C:\WINDOWS\SYSTEM32\DBGHELP.DLL
0x00007ff8f9ff0000 - 0x00007ff8fa024000 	C:\WINDOWS\SYSTEM32\dbgcore.DLL
0x00007ff91c4c0000 - 0x00007ff91c542000 	C:\WINDOWS\System32\bcryptPrimitives.dll
0x00007ff8fadb0000 - 0x00007ff8fadbf000 	c:\Users\Admin\.antigravity\extensions\redhat.java-1.50.0-win32-x64\jre\21.0.9-win32-x86_64\bin\instrument.dll
0x00007ff8fac00000 - 0x00007ff8fac20000 	c:\Users\Admin\.antigravity\extensions\redhat.java-1.50.0-win32-x64\jre\21.0.9-win32-x86_64\bin\java.dll
0x00007ff91d400000 - 0x00007ff91db70000 	C:\WINDOWS\System32\SHELL32.dll
0x00007ff91a1b0000 - 0x00007ff91a955000 	C:\WINDOWS\SYSTEM32\windows.storage.dll
0x00007ff91db70000 - 0x00007ff91dec4000 	C:\WINDOWS\System32\combase.dll
0x00007ff91bb50000 - 0x00007ff91bb7b000 	C:\WINDOWS\SYSTEM32\Wldp.dll
0x00007ff91e410000 - 0x00007ff91e4dd000 	C:\WINDOWS\System32\OLEAUT32.dll
0x00007ff91e200000 - 0x00007ff91e2ad000 	C:\WINDOWS\System32\SHCORE.dll
0x00007ff91e4e0000 - 0x00007ff91e53b000 	C:\WINDOWS\System32\shlwapi.dll
0x00007ff91c050000 - 0x00007ff91c074000 	C:\WINDOWS\SYSTEM32\profapi.dll
0x00007ff8fa9d0000 - 0x00007ff8fa9e8000 	c:\Users\Admin\.antigravity\extensions\redhat.java-1.50.0-win32-x64\jre\21.0.9-win32-x86_64\bin\zip.dll
0x00007ff8fa630000 - 0x00007ff8fa640000 	C:\Users\Admin\.antigravity\extensions\redhat.java-1.50.0-win32-x64\jre\21.0.9-win32-x86_64\bin\net.dll
0x00007ff915610000 - 0x00007ff91571a000 	C:\WINDOWS\SYSTEM32\WINHTTP.dll
0x00007ff91b8b0000 - 0x00007ff91b91a000 	C:\WINDOWS\system32\mswsock.dll
0x00007ff8fa590000 - 0x00007ff8fa5a6000 	C:\Users\Admin\.antigravity\extensions\redhat.java-1.50.0-win32-x64\jre\21.0.9-win32-x86_64\bin\nio.dll
0x00007ff8fa620000 - 0x00007ff8fa630000 	c:\Users\Admin\.antigravity\extensions\redhat.java-1.50.0-win32-x64\jre\21.0.9-win32-x86_64\bin\verify.dll
0x00007ff8f37a0000 - 0x00007ff8f37e4000 	C:\Users\Admin\AppData\Roaming\Antigravity\User\globalStorage\redhat.java\1.50.0\config_ss_win\org.eclipse.equinox.launcher\org.eclipse.equinox.launcher.win32.win32.x86_64_1.2.1400.v20250801-0854\eclipse_11916.dll
0x00007ff91e0d0000 - 0x00007ff91e1fb000 	C:\WINDOWS\System32\ole32.dll
0x00007ff91baa0000 - 0x00007ff91bab8000 	C:\WINDOWS\SYSTEM32\CRYPTSP.dll
0x00007ff91b160000 - 0x00007ff91b198000 	C:\WINDOWS\system32\rsaenh.dll
0x00007ff91c010000 - 0x00007ff91c03e000 	C:\WINDOWS\SYSTEM32\USERENV.dll
0x00007ff91bac0000 - 0x00007ff91bacc000 	C:\WINDOWS\SYSTEM32\CRYPTBASE.dll
0x00007ff91b540000 - 0x00007ff91b57b000 	C:\WINDOWS\SYSTEM32\IPHLPAPI.DLL
0x00007ff91d2e0000 - 0x00007ff91d2e8000 	C:\WINDOWS\System32\NSI.dll
0x00007ff8f2350000 - 0x00007ff8f2399000 	C:\Users\Admin\AppData\Local\Temp\jna-63116079\jna17381729825272853860.dll
0x00007ff91d390000 - 0x00007ff91d398000 	C:\WINDOWS\System32\PSAPI.DLL
0x00007ff9166d0000 - 0x00007ff9166e7000 	C:\WINDOWS\SYSTEM32\dhcpcsvc6.DLL
0x00007ff9166b0000 - 0x00007ff9166cd000 	C:\WINDOWS\SYSTEM32\dhcpcsvc.DLL

JVMTI agents:
c:\Users\Admin\.antigravity\extensions\redhat.java-1.50.0-win32-x64\lombok\lombok-1.18.39-4050.jar path:c:\Users\Admin\.antigravity\extensions\redhat.java-1.50.0-win32-x64\jre\21.0.9-win32-x86_64\bin\instrument.dll, loaded, initialized, instrumentlib options:none

dbghelp: loaded successfully - version: 4.0.5 - missing functions: none
symbol engine: initialized successfully - sym options: 0x614 - pdb path: .;c:\Users\Admin\.antigravity\extensions\redhat.java-1.50.0-win32-x64\jre\21.0.9-win32-x86_64\bin;C:\WINDOWS\SYSTEM32;C:\WINDOWS\WinSxS\amd64_microsoft.windows.common-controls_6595b64144ccf1df_6.0.19041.6456_none_60b8a6cb71f64256;c:\Users\Admin\.antigravity\extensions\redhat.java-1.50.0-win32-x64\jre\21.0.9-win32-x86_64\bin\server;C:\Users\Admin\AppData\Roaming\Antigravity\User\globalStorage\redhat.java\1.50.0\config_ss_win\org.eclipse.equinox.launcher\org.eclipse.equinox.launcher.win32.win32.x86_64_1.2.1400.v20250801-0854;C:\Users\Admin\AppData\Local\Temp\jna-63116079

VM Arguments:
jvm_args: --add-modules=ALL-SYSTEM --add-opens=java.base/java.util=ALL-UNNAMED --add-opens=java.base/java.lang=ALL-UNNAMED --add-opens=java.base/sun.nio.fs=ALL-UNNAMED -Declipse.application=org.eclipse.jdt.ls.core.id1 -Dosgi.bundles.defaultStartLevel=4 -Declipse.product=org.eclipse.jdt.ls.core.product -Djava.import.generatesMetadataFilesAtProjectRoot=false -DDetectVMInstallationsJob.disabled=true -Dfile.encoding=utf8 -XX:+UseParallelGC -XX:GCTimeRatio=4 -XX:AdaptiveSizePolicyWeight=90 -Dsun.zip.disableMemoryMapping=true -Xmx2G -Xms100m -Xlog:disable -javaagent:c:\Users\Admin\.antigravity\extensions\redhat.java-1.50.0-win32-x64\lombok\lombok-1.18.39-4050.jar 
java_command: c:\Users\Admin\.antigravity\extensions\redhat.java-1.50.0-win32-x64\server\plugins\org.eclipse.equinox.launcher_1.7.100.v20251111-0406.jar -configuration c:\Users\Admin\AppData\Roaming\Antigravity\User\globalStorage\redhat.java\1.50.0\config_ss_win -data c:\Users\Admin\AppData\Roaming\Antigravity\User\workspaceStorage\af1cb1524c391b6bf54d4a5b5d479961\redhat.java\ss_ws --pipe=\\.\pipe\lsp-31b16e8e807d80cca189137938db822c-sock
java_class_path (initial): c:\Users\Admin\.antigravity\extensions\redhat.java-1.50.0-win32-x64\server\plugins\org.eclipse.equinox.launcher_1.7.100.v20251111-0406.jar
Launcher Type: SUN_STANDARD

[Global flags]
    uintx AdaptiveSizePolicyWeight                 = 90                                        {product} {command line}
     intx CICompilerCount                          = 3                                         {product} {ergonomic}
    uintx GCTimeRatio                              = 4                                         {product} {command line}
   size_t InitialHeapSize                          = 104857600                                 {product} {command line}
   size_t MaxHeapSize                              = 2147483648                                {product} {command line}
   size_t MaxNewSize                               = 715653120                                 {product} {ergonomic}
   size_t MinHeapDeltaBytes                        = 524288                                    {product} {ergonomic}
   size_t MinHeapSize                              = 104857600                                 {product} {command line}
   size_t NewSize                                  = 34603008                                  {product} {ergonomic}
    uintx NonNMethodCodeHeapSize                   = 5832780                                {pd product} {ergonomic}
    uintx NonProfiledCodeHeapSize                  = 122912730                              {pd product} {ergonomic}
   size_t OldSize                                  = 70254592                                  {product} {ergonomic}
    uintx ProfiledCodeHeapSize                     = 122912730                              {pd product} {ergonomic}
    uintx ReservedCodeCacheSize                    = 251658240                              {pd product} {ergonomic}
     bool SegmentedCodeCache                       = true                                      {product} {ergonomic}
   size_t SoftMaxHeapSize                          = 2147483648                             {manageable} {ergonomic}
     bool UseCompressedOops                        = true                           {product lp64_product} {ergonomic}
     bool UseLargePagesIndividualAllocation        = false                                  {pd product} {ergonomic}
     bool UseParallelGC                            = true                                      {product} {command line}

Logging:
Log output configuration:
 #0: stdout all=off uptime,level,tags foldmultilines=false
 #1: stderr all=off uptime,level,tags foldmultilines=false

Release file:
JAVA_VERSION="21.0.9" 
MODULES="java.base java.compiler java.datatransfer java.xml java.prefs java.desktop java.instrument java.logging java.management java.security.sasl java.naming java.rmi java.management.rmi java.net.http java.scripting java.security.jgss java.transaction.xa java.sql java.sql.rowset java.xml.crypto java.se java.smartcardio jdk.accessibility jdk.internal.jvmstat jdk.attach jdk.charsets jdk.internal.opt jdk.zipfs jdk.compiler jdk.crypto.ec jdk.crypto.cryptoki jdk.crypto.mscapi jdk.dynalink jdk.internal.ed jdk.editpad jdk.hotspot.agent jdk.httpserver jdk.internal.le jdk.internal.vm.ci jdk.internal.vm.compiler jdk.internal.vm.compiler.management jdk.jartool jdk.javadoc jdk.jcmd jdk.management jdk.management.agent jdk.jconsole jdk.jdeps jdk.jdwp.agent jdk.jdi jdk.jfr jdk.jshell jdk.jsobject jdk.jstatd jdk.localedata jdk.management.jfr jdk.naming.dns jdk.naming.rmi jdk.net jdk.nio.mapmode jdk.random jdk.sctp jdk.security.auth jdk.security.jgss jdk.unsupported jdk.unsupported.desktop jdk.xml.dom" 

Environment Variables:
PATH=C:\Program Files\Common Files\Oracle\Java\javapath;C:\WINDOWS\system32;C:\WINDOWS;C:\WINDOWS\System32\Wbem;C:\WINDOWS\System32\WindowsPowerShell\v1.0\;C:\WINDOWS\System32\OpenSSH\;C:\Program Files\Microsoft SQL Server\150\Tools\Binn\;C:\Program Files\nodejs\;C:\Users\Admin\AppData\Local\Microsoft\WindowsApps;C:\Users\Admin\AppData\Local\Programs\Microsoft VS Code\bin;C:\Users\Admin\AppData\Local\Programs\Antigravity\bin;C:\Users\Admin\AppData\Roaming\npm
USERNAME=Admin
OS=Windows_NT
PROCESSOR_IDENTIFIER=Intel64 Family 6 Model 42 Stepping 7, GenuineIntel
TMP=C:\Users\Admin\AppData\Local\Temp
TEMP=C:\Users\Admin\AppData\Local\Temp




Periodic native trim disabled

---------------  S Y S T E M  ---------------

OS:
 Windows 10 , 64 bit Build 19041 (10.0.19041.5915)
OS uptime: 0 days 8:40 hours

CPU: total 4 (initial active 4) (4 cores per cpu, 1 threads per core) family 6 model 42 stepping 7 microcode 0x2f, cx8, cmov, fxsr, mmx, sse, sse2, sse3, ssse3, sse4.1, sse4.2, popcnt, tsc, tscinvbit, avx, aes, clmul, vzeroupper, clflush, rdtscp
Processor Information for the first 4 processors :
  Max Mhz: 3301, Current Mhz: 3301, Mhz Limit: 3301

Memory: 4k page, system-wide physical 16337M (5268M free)
TotalPageFile size 20433M (AvailPageFile size 1M)
current process WorkingSet (physical memory assigned to process): 139M, peak: 151M
current process commit charge ("private bytes"): 260M, peak: 279M

vm_info: OpenJDK 64-Bit Server VM (21.0.9+10-LTS) for windows-amd64 JRE (21.0.9+10-LTS), built on 2025-10-21T00:00:00Z by "admin" with unknown MS VC++:1942

END.
