#
# There is insufficient memory for the Java Runtime Environment to continue.
# Native memory allocation (malloc) failed to allocate 157184 bytes. Error detail: Chunk::new
# Possible reasons:
#   The system is out of physical RAM or swap space
#   This process is running with CompressedOops enabled, and the Java Heap may be blocking the growth of the native heap
# Possible solutions:
#   Reduce memory load on the system
#   Increase physical memory or swap space
#   Check if swap backing store is full
#   Decrease Java heap size (-Xmx/-Xms)
#   Decrease number of Java threads
#   Decrease Java thread stack sizes (-Xss)
#   Set larger code cache with -XX:ReservedCodeCacheSize=
#   JVM is running with Unscaled Compressed Oops mode in which the Java heap is
#     placed in the first 4GB address space. The Java Heap base address is the
#     maximum limit for the native heap growth. Please use -XX:HeapBaseMinAddress
#     to set the Java Heap base and to place the Java Heap above 4GB virtual address.
# This output file may be truncated or incomplete.
#
#  Out of Memory Error (arena.cpp:168), pid=11320, tid=16944
#
# JRE version: OpenJDK Runtime Environment Temurin-21.0.9+10 (21.0.9+10) (build 21.0.9+10-LTS)
# Java VM: OpenJDK 64-Bit Server VM Temurin-21.0.9+10 (21.0.9+10-LTS, mixed mode, sharing, tiered, compressed oops, compressed class ptrs, parallel gc, windows-amd64)
# No core dump will be written. Minidumps are not enabled by default on client versions of Windows
#

---------------  S U M M A R Y ------------

Command Line: --add-modules=ALL-SYSTEM --add-opens=java.base/java.util=ALL-UNNAMED --add-opens=java.base/java.lang=ALL-UNNAMED --add-opens=java.base/sun.nio.fs=ALL-UNNAMED -Declipse.application=org.eclipse.jdt.ls.core.id1 -Dosgi.bundles.defaultStartLevel=4 -Declipse.product=org.eclipse.jdt.ls.core.product -Djava.import.generatesMetadataFilesAtProjectRoot=false -DDetectVMInstallationsJob.disabled=true -Dfile.encoding=utf8 -XX:+UseParallelGC -XX:GCTimeRatio=4 -XX:AdaptiveSizePolicyWeight=90 -Dsun.zip.disableMemoryMapping=true -Xmx2G -Xms100m -Xlog:disable -javaagent:c:\Users\Admin\.antigravity\extensions\redhat.java-1.50.0-win32-x64\lombok\lombok-1.18.39-4050.jar -XX:+HeapDumpOnOutOfMemoryError -XX:HeapDumpPath=c:\Users\Admin\AppData\Roaming\Antigravity\User\workspaceStorage\af1cb1524c391b6bf54d4a5b5d479961\redhat.java -Daether.dependencyCollector.impl=bf c:\Users\Admin\.antigravity\extensions\redhat.java-1.50.0-win32-x64\server\plugins\org.eclipse.equinox.launcher_1.7.100.v20251111-0406.jar -configuration c:\Users\Admin\AppData\Roaming\Antigravity\User\globalStorage\redhat.java\1.50.0\config_win -data c:\Users\Admin\AppData\Roaming\Antigravity\User\workspaceStorage\af1cb1524c391b6bf54d4a5b5d479961\redhat.java\jdt_ws --pipe=\\.\pipe\lsp-13f933b71679a3415fb9b73ee8f4caba-sock

Host: Intel(R) Core(TM) i5-2500 CPU @ 3.30GHz, 4 cores, 15G,  Windows 10 , 64 bit Build 19041 (10.0.19041.5915)
Time: Thu Dec 18 21:01:56 2025 SE Asia Standard Time elapsed time: 2.697685 seconds (0d 0h 0m 2s)

---------------  T H R E A D  ---------------

Current thread (0x000001bffd8c30f0):  JavaThread "C2 CompilerThread1" daemon [_thread_in_native, id=16944, stack(0x0000002844900000,0x0000002844a00000) (1024K)]


Current CompileTask:
C2:2697 1590       4       lombok.patcher.scripts.AddFieldScript::patch (55 bytes)

Stack: [0x0000002844900000,0x0000002844a00000]
Native frames: (J=compiled Java code, j=interpreted, Vv=VM code, C=native code)
V  [jvm.dll+0x6d6e29]
V  [jvm.dll+0x8b4b76]
V  [jvm.dll+0x8b712e]
V  [jvm.dll+0x8b7813]
V  [jvm.dll+0x283d86]
V  [jvm.dll+0xc66ed]
V  [jvm.dll+0xc6c31]
V  [jvm.dll+0x3be53b]
V  [jvm.dll+0x38ab92]
V  [jvm.dll+0x389fda]
V  [jvm.dll+0x24bfa0]
V  [jvm.dll+0x24b580]
V  [jvm.dll+0x1cb13e]
V  [jvm.dll+0x25b29d]
V  [jvm.dll+0x25982a]
V  [jvm.dll+0x3f7ea6]
V  [jvm.dll+0x85e9ad]
V  [jvm.dll+0x6d565d]
C  [ucrtbase.dll+0x21bb2]
C  [KERNEL32.DLL+0x17374]
C  [ntdll.dll+0x4cc91]


---------------  P R O C E S S  ---------------

Threads class SMR info:
_java_thread_list=0x000001bffd8fb290, length=13, elements={
0x000001bfa24e1ac0, 0x000001bfbb1547c0, 0x000001bfbb155e00, 0x000001bfbb159450,
0x000001bfbb15a320, 0x000001bfbb15ad70, 0x000001bfbb15b7c0, 0x000001bfbb15e900,
0x000001bfbb1d6660, 0x000001bffd13fb80, 0x000001bffd2702b0, 0x000001bffd8c30f0,
0x000001bffd98fdb0
}

Java Threads: ( => current thread )
  0x000001bfa24e1ac0 JavaThread "main"                              [_thread_in_vm, id=15404, stack(0x0000002843b00000,0x0000002843c00000) (1024K)]
  0x000001bfbb1547c0 JavaThread "Reference Handler"          daemon [_thread_blocked, id=2456, stack(0x0000002843f00000,0x0000002844000000) (1024K)]
  0x000001bfbb155e00 JavaThread "Finalizer"                  daemon [_thread_blocked, id=6172, stack(0x0000002844000000,0x0000002844100000) (1024K)]
  0x000001bfbb159450 JavaThread "Signal Dispatcher"          daemon [_thread_blocked, id=9440, stack(0x0000002844100000,0x0000002844200000) (1024K)]
  0x000001bfbb15a320 JavaThread "Attach Listener"            daemon [_thread_blocked, id=3472, stack(0x0000002844200000,0x0000002844300000) (1024K)]
  0x000001bfbb15ad70 JavaThread "Service Thread"             daemon [_thread_blocked, id=2688, stack(0x0000002844300000,0x0000002844400000) (1024K)]
  0x000001bfbb15b7c0 JavaThread "Monitor Deflation Thread"   daemon [_thread_blocked, id=15076, stack(0x0000002844400000,0x0000002844500000) (1024K)]
  0x000001bfbb15e900 JavaThread "C2 CompilerThread0"         daemon [_thread_blocked, id=14152, stack(0x0000002844500000,0x0000002844600000) (1024K)]
  0x000001bfbb1d6660 JavaThread "C1 CompilerThread0"         daemon [_thread_blocked, id=17748, stack(0x0000002844600000,0x0000002844700000) (1024K)]
  0x000001bffd13fb80 JavaThread "Common-Cleaner"             daemon [_thread_blocked, id=8676, stack(0x0000002844700000,0x0000002844800000) (1024K)]
  0x000001bffd2702b0 JavaThread "Notification Thread"        daemon [_thread_blocked, id=11808, stack(0x0000002844800000,0x0000002844900000) (1024K)]
=>0x000001bffd8c30f0 JavaThread "C2 CompilerThread1"         daemon [_thread_in_native, id=16944, stack(0x0000002844900000,0x0000002844a00000) (1024K)]
  0x000001bffd98fdb0 JavaThread "Active Thread: Equinox Container: 3bc54374-5ea9-4d88-803b-1e754bafe27f"        [_thread_new, id=12920, stack(0x0000000000000000,0x0000000000000000) (0B)]
Total: 13

Other Threads:
  0x000001bfa25aec30 VMThread "VM Thread"                           [id=5456, stack(0x0000002843e00000,0x0000002843f00000) (1024K)]
  0x000001bfa47de220 WatcherThread "VM Periodic Task Thread"        [id=3516, stack(0x0000002843d00000,0x0000002843e00000) (1024K)]
  0x000001bfa478fe40 WorkerThread "GC Thread#0"                     [id=13048, stack(0x0000002843c00000,0x0000002843d00000) (1024K)]
  0x000001bffd8ac0f0 WorkerThread "GC Thread#1"                     [id=9616, stack(0x0000002844a00000,0x0000002844b00000) (1024K)]
  0x000001bffd8970e0 WorkerThread "GC Thread#2"                     [id=11060, stack(0x0000002844b00000,0x0000002844c00000) (1024K)]
  0x000001bffd897890 WorkerThread "GC Thread#3"                     [id=6032, stack(0x0000002844c00000,0x0000002844d00000) (1024K)]
Total: 6

Threads with active compile tasks:
C2 CompilerThread1  2714 1590       4       lombok.patcher.scripts.AddFieldScript::patch (55 bytes)
Total: 1

VM state: not at safepoint (normal execution)

VM Mutex/Monitor currently owned by a thread: None

Heap address: 0x0000000080000000, size: 2048 MB, Compressed Oops mode: 32-bit

CDS archive(s) mapped at: [0x000001bfbc000000-0x000001bfbcba0000-0x000001bfbcba0000), size 12189696, SharedBaseAddress: 0x000001bfbc000000, ArchiveRelocationMode: 1.
Compressed class space mapped at: 0x000001bfbd000000-0x000001bffd000000, reserved size: 1073741824
Narrow klass base: 0x000001bfbc000000, Narrow klass shift: 0, Narrow klass range: 0x100000000

GC Precious Log:
 CardTable entry size: 512
 CPUs: 4 total, 4 available
 Memory: 16337M
 Large Page Support: Disabled
 NUMA Support: Disabled
 Compressed Oops: Enabled (32-bit)
 Alignments: Space 512K, Generation 512K, Heap 2M
 Heap Min Capacity: 100M
 Heap Initial Capacity: 100M
 Heap Max Capacity: 2G
 Pre-touch: Disabled
 Parallel Workers: 4

Heap:
 PSYoungGen      total 29696K, used 20676K [0x00000000d5580000, 0x00000000d7680000, 0x0000000100000000)
  eden space 25600K, 67% used [0x00000000d5580000,0x00000000d667cfe8,0x00000000d6e80000)
  from space 4096K, 80% used [0x00000000d6e80000,0x00000000d71b4148,0x00000000d7280000)
  to   space 4096K, 0% used [0x00000000d7280000,0x00000000d7280000,0x00000000d7680000)
 ParOldGen       total 68608K, used 0K [0x0000000080000000, 0x0000000084300000, 0x00000000d5580000)
  object space 68608K, 0% used [0x0000000080000000,0x0000000080000000,0x0000000084300000)
 Metaspace       used 6999K, committed 7296K, reserved 1114112K
  class space    used 713K, committed 832K, reserved 1048576K

Card table byte_map: [0x000001bfa4120000,0x000001bfa4530000] _byte_map_base: 0x000001bfa3d20000

Marking Bits: (ParMarkBitMap*) 0x00007ff8e4662460
 Begin Bits: [0x000001bfb6c30000, 0x000001bfb8c30000)
 End Bits:   [0x000001bfb8c30000, 0x000001bfbac30000)

Polling page: 0x000001bfa2480000

Metaspace:

Usage:
  Non-class:      6.14 MB used.
      Class:    713.75 KB used.
       Both:      6.84 MB used.

Virtual space:
  Non-class space:       64.00 MB reserved,       6.31 MB ( 10%) committed,  1 nodes.
      Class space:        1.00 GB reserved,     832.00 KB ( <1%) committed,  1 nodes.
             Both:        1.06 GB reserved,       7.12 MB ( <1%) committed. 

Chunk freelists:
   Non-Class:  9.49 MB
       Class:  15.01 MB
        Both:  24.50 MB

MaxMetaspaceSize: unlimited
CompressedClassSpaceSize: 1.00 GB
Initial GC threshold: 21.00 MB
Current GC threshold: 21.00 MB
CDS: on
 - commit_granule_bytes: 65536.
 - commit_granule_words: 8192.
 - virtual_space_node_default_size: 8388608.
 - enlarge_chunks_in_place: 1.
 - use_allocation_guard: 0.


Internal statistics:

num_allocs_failed_limit: 0.
num_arena_births: 212.
num_arena_deaths: 0.
num_vsnodes_births: 2.
num_vsnodes_deaths: 0.
num_space_committed: 114.
num_space_uncommitted: 0.
num_chunks_returned_to_freelist: 0.
num_chunks_taken_from_freelist: 360.
num_chunk_merges: 0.
num_chunk_splits: 236.
num_chunks_enlarged: 152.
num_inconsistent_stats: 0.

CodeHeap 'non-profiled nmethods': size=120000Kb used=690Kb max_used=690Kb free=119309Kb
 bounds [0x000001bfaf450000, 0x000001bfaf6c0000, 0x000001bfb6980000]
CodeHeap 'profiled nmethods': size=120000Kb used=2847Kb max_used=2847Kb free=117152Kb
 bounds [0x000001bfa7980000, 0x000001bfa7c50000, 0x000001bfaeeb0000]
CodeHeap 'non-nmethods': size=5760Kb used=1209Kb max_used=1227Kb free=4551Kb
 bounds [0x000001bfaeeb0000, 0x000001bfaf120000, 0x000001bfaf450000]
CodeCache: size=245760Kb, used=4746Kb, max_used=4764Kb, free=241012Kb
 total_blobs=2075, nmethods=1598, adapters=384, full_count=0
Compilation: enabled, stopped_count=0, restarted_count=0

Compilation events (20 events):
Event: 2.687 Thread 0x000001bfbb1d6660 1591   !   3       java.net.URLClassLoader::findClass (47 bytes)
Event: 2.688 Thread 0x000001bfbb1d6660 nmethod 1591 0x000001bfa7c3f990 code [0x000001bfa7c3fb80, 0x000001bfa7c401d0]
Event: 2.688 Thread 0x000001bfbb1d6660 1592       3       java.net.URLClassLoader$1::<init> (15 bytes)
Event: 2.688 Thread 0x000001bfbb1d6660 nmethod 1592 0x000001bfa7c40410 code [0x000001bfa7c405c0, 0x000001bfa7c40758]
Event: 2.688 Thread 0x000001bfbb1d6660 1593       3       java.net.URLClassLoader$1::run (5 bytes)
Event: 2.688 Thread 0x000001bfbb1d6660 nmethod 1593 0x000001bfa7c40810 code [0x000001bfa7c409c0, 0x000001bfa7c40b18]
Event: 2.691 Thread 0x000001bfbb1d6660 1594   !   3       java.net.URLClassLoader::defineClass (224 bytes)
Event: 2.692 Thread 0x000001bfbb1d6660 nmethod 1594 0x000001bfa7c40c10 code [0x000001bfa7c41100, 0x000001bfa7c43340]
Event: 2.693 Thread 0x000001bfbb1d6660 1595       3       java.net.URLClassLoader::getAndVerifyPackage (109 bytes)
Event: 2.693 Thread 0x000001bfbb1d6660 nmethod 1595 0x000001bfa7c44310 code [0x000001bfa7c44660, 0x000001bfa7c456f8]
Event: 2.693 Thread 0x000001bfbb1d6660 1596       3       jdk.internal.perf.PerfCounter::getReadClassBytesTime (4 bytes)
Event: 2.693 Thread 0x000001bfbb1d6660 nmethod 1596 0x000001bfa7c45d10 code [0x000001bfa7c45ea0, 0x000001bfa7c45f98]
Event: 2.693 Thread 0x000001bfbb1d6660 1597       3       java.lang.String::getBytesNoRepl1 (89 bytes)
Event: 2.694 Thread 0x000001bfbb1d6660 nmethod 1597 0x000001bfa7c46010 code [0x000001bfa7c462a0, 0x000001bfa7c46bb8]
Event: 2.694 Thread 0x000001bfbb1d6660 1598       3       java.util.Arrays::mismatch (69 bytes)
Event: 2.694 Thread 0x000001bfbb1d6660 nmethod 1598 0x000001bfa7c46e90 code [0x000001bfa7c47060, 0x000001bfa7c47388]
Event: 2.694 Thread 0x000001bfbb1d6660 1599       3       java.util.zip.ZipCoder$UTF8ZipCoder::hasTrailingSlash (20 bytes)
Event: 2.694 Thread 0x000001bfbb1d6660 nmethod 1599 0x000001bfa7c47510 code [0x000001bfa7c476c0, 0x000001bfa7c47880]
Event: 2.695 Thread 0x000001bfbb1d6660 1600       3       jdk.internal.ref.CleanerImpl$PhantomCleanableRef::performCleanup (10 bytes)
Event: 2.695 Thread 0x000001bfbb1d6660 nmethod 1600 0x000001bfa7c47990 code [0x000001bfa7c47b40, 0x000001bfa7c47d18]

GC Heap History (2 events):
Event: 1.812 GC heap before
{Heap before GC invocations=1 (full 0):
 PSYoungGen      total 29696K, used 25600K [0x00000000d5580000, 0x00000000d7680000, 0x0000000100000000)
  eden space 25600K, 100% used [0x00000000d5580000,0x00000000d6e80000,0x00000000d6e80000)
  from space 4096K, 0% used [0x00000000d7280000,0x00000000d7280000,0x00000000d7680000)
  to   space 4096K, 0% used [0x00000000d6e80000,0x00000000d6e80000,0x00000000d7280000)
 ParOldGen       total 68608K, used 0K [0x0000000080000000, 0x0000000084300000, 0x00000000d5580000)
  object space 68608K, 0% used [0x0000000080000000,0x0000000080000000,0x0000000084300000)
 Metaspace       used 4351K, committed 4608K, reserved 1114112K
  class space    used 473K, committed 576K, reserved 1048576K
}
Event: 1.822 GC heap after
{Heap after GC invocations=1 (full 0):
 PSYoungGen      total 29696K, used 3280K [0x00000000d5580000, 0x00000000d7680000, 0x0000000100000000)
  eden space 25600K, 0% used [0x00000000d5580000,0x00000000d5580000,0x00000000d6e80000)
  from space 4096K, 80% used [0x00000000d6e80000,0x00000000d71b4148,0x00000000d7280000)
  to   space 4096K, 0% used [0x00000000d7280000,0x00000000d7280000,0x00000000d7680000)
 ParOldGen       total 68608K, used 0K [0x0000000080000000, 0x0000000084300000, 0x00000000d5580000)
  object space 68608K, 0% used [0x0000000080000000,0x0000000080000000,0x0000000084300000)
 Metaspace       used 4351K, committed 4608K, reserved 1114112K
  class space    used 473K, committed 576K, reserved 1048576K
}

Dll operation events (8 events):
Event: 0.035 Loaded shared library c:\Users\Admin\.antigravity\extensions\redhat.java-1.50.0-win32-x64\jre\21.0.9-win32-x86_64\bin\java.dll
Event: 0.163 Loaded shared library c:\Users\Admin\.antigravity\extensions\redhat.java-1.50.0-win32-x64\jre\21.0.9-win32-x86_64\bin\zip.dll
Event: 0.187 Loaded shared library C:\Users\Admin\.antigravity\extensions\redhat.java-1.50.0-win32-x64\jre\21.0.9-win32-x86_64\bin\instrument.dll
Event: 0.192 Loaded shared library C:\Users\Admin\.antigravity\extensions\redhat.java-1.50.0-win32-x64\jre\21.0.9-win32-x86_64\bin\net.dll
Event: 0.195 Loaded shared library C:\Users\Admin\.antigravity\extensions\redhat.java-1.50.0-win32-x64\jre\21.0.9-win32-x86_64\bin\nio.dll
Event: 0.285 Loaded shared library C:\Users\Admin\.antigravity\extensions\redhat.java-1.50.0-win32-x64\jre\21.0.9-win32-x86_64\bin\zip.dll
Event: 0.305 Loaded shared library C:\Users\Admin\.antigravity\extensions\redhat.java-1.50.0-win32-x64\jre\21.0.9-win32-x86_64\bin\jimage.dll
Event: 0.542 Loaded shared library c:\Users\Admin\.antigravity\extensions\redhat.java-1.50.0-win32-x64\jre\21.0.9-win32-x86_64\bin\verify.dll

Deoptimization events (20 events):
Event: 2.320 Thread 0x000001bfa24e1ac0 Uncommon trap: trap_request=0xffffff45 fr.pc=0x000001bfaf49fe8c relative=0x000000000000104c
Event: 2.320 Thread 0x000001bfa24e1ac0 Uncommon trap: reason=unstable_if action=reinterpret pc=0x000001bfaf49fe8c method=lombok.patcher.PatchScript.classMatches(Ljava/lang/String;Ljava/util/Collection;)Z @ 25 c2
Event: 2.320 Thread 0x000001bfa24e1ac0 DEOPT PACKING pc=0x000001bfaf49fe8c sp=0x0000002843bf8870
Event: 2.320 Thread 0x000001bfa24e1ac0 DEOPT UNPACKING pc=0x000001bfaef03aa2 sp=0x0000002843bf87d8 mode 2
Event: 2.433 Thread 0x000001bfa24e1ac0 Uncommon trap: trap_request=0xffffffc6 fr.pc=0x000001bfaf48b758 relative=0x0000000000000298
Event: 2.433 Thread 0x000001bfa24e1ac0 Uncommon trap: reason=bimorphic_or_optimized_type_check action=maybe_recompile pc=0x000001bfaf48b758 method=java.util.Collections$UnmodifiableCollection$1.next()Ljava/lang/Object; @ 4 c2
Event: 2.433 Thread 0x000001bfa24e1ac0 DEOPT PACKING pc=0x000001bfaf48b758 sp=0x0000002843bf8310
Event: 2.433 Thread 0x000001bfa24e1ac0 DEOPT UNPACKING pc=0x000001bfaef03aa2 sp=0x0000002843bf82c0 mode 2
Event: 2.433 Thread 0x000001bfa24e1ac0 Uncommon trap: trap_request=0xffffffc6 fr.pc=0x000001bfaf48b758 relative=0x0000000000000298
Event: 2.433 Thread 0x000001bfa24e1ac0 Uncommon trap: reason=bimorphic_or_optimized_type_check action=maybe_recompile pc=0x000001bfaf48b758 method=java.util.Collections$UnmodifiableCollection$1.next()Ljava/lang/Object; @ 4 c2
Event: 2.433 Thread 0x000001bfa24e1ac0 DEOPT PACKING pc=0x000001bfaf48b758 sp=0x0000002843bf8310
Event: 2.437 Thread 0x000001bfa24e1ac0 DEOPT UNPACKING pc=0x000001bfaef03aa2 sp=0x0000002843bf82c0 mode 2
Event: 2.644 Thread 0x000001bfa24e1ac0 Uncommon trap: trap_request=0xffffff45 fr.pc=0x000001bfaf4d3dcc relative=0x00000000000000ac
Event: 2.644 Thread 0x000001bfa24e1ac0 Uncommon trap: reason=unstable_if action=reinterpret pc=0x000001bfaf4d3dcc method=java.util.concurrent.locks.ReentrantLock$NonfairSync.initialTryLock()Z @ 10 c2
Event: 2.644 Thread 0x000001bfa24e1ac0 DEOPT PACKING pc=0x000001bfaf4d3dcc sp=0x0000002843bfe680
Event: 2.644 Thread 0x000001bfa24e1ac0 DEOPT UNPACKING pc=0x000001bfaef03aa2 sp=0x0000002843bfe610 mode 2
Event: 2.645 Thread 0x000001bfa24e1ac0 Uncommon trap: trap_request=0xffffff45 fr.pc=0x000001bfaf4d3a34 relative=0x0000000000000094
Event: 2.645 Thread 0x000001bfa24e1ac0 Uncommon trap: reason=unstable_if action=reinterpret pc=0x000001bfaf4d3a34 method=java.util.concurrent.locks.ReentrantLock$Sync.tryRelease(I)Z @ 26 c2
Event: 2.645 Thread 0x000001bfa24e1ac0 DEOPT PACKING pc=0x000001bfaf4d3a34 sp=0x0000002843bfe750
Event: 2.645 Thread 0x000001bfa24e1ac0 DEOPT UNPACKING pc=0x000001bfaef03aa2 sp=0x0000002843bfe6d0 mode 2

Classes loaded (20 events):
Event: 2.682 Loading class java/util/concurrent/ScheduledThreadPoolExecutor$DelayedWorkQueue
Event: 2.682 Loading class java/util/concurrent/ScheduledThreadPoolExecutor$DelayedWorkQueue done
Event: 2.683 Loading class java/util/concurrent/RunnableScheduledFuture
Event: 2.683 Loading class java/util/concurrent/RunnableFuture
Event: 2.683 Loading class java/util/concurrent/RunnableFuture done
Event: 2.683 Loading class java/util/concurrent/ScheduledFuture
Event: 2.683 Loading class java/util/concurrent/Delayed
Event: 2.683 Loading class java/util/concurrent/Delayed done
Event: 2.683 Loading class java/util/concurrent/ScheduledFuture done
Event: 2.683 Loading class java/util/concurrent/RunnableScheduledFuture done
Event: 2.684 Loading class java/util/concurrent/ScheduledThreadPoolExecutor$ScheduledFutureTask
Event: 2.684 Loading class java/util/concurrent/FutureTask
Event: 2.684 Loading class java/util/concurrent/FutureTask done
Event: 2.684 Loading class java/util/concurrent/ScheduledThreadPoolExecutor$ScheduledFutureTask done
Event: 2.685 Loading class java/util/concurrent/FutureTask$WaitNode
Event: 2.685 Loading class java/util/concurrent/FutureTask$WaitNode done
Event: 2.686 Loading class java/util/concurrent/Executors$RunnableAdapter
Event: 2.686 Loading class java/util/concurrent/Executors$RunnableAdapter done
Event: 2.686 Loading class java/util/concurrent/ThreadPoolExecutor$Worker
Event: 2.686 Loading class java/util/concurrent/ThreadPoolExecutor$Worker done

Classes unloaded (0 events):
No events

Classes redefined (0 events):
No events

Internal exceptions (20 events):
Event: 1.440 Thread 0x000001bfa24e1ac0 Exception <a 'java/lang/NoSuchMethodError'{0x00000000d6538bd8}: 'java.lang.Object java.lang.invoke.DirectMethodHandle$Holder.invokeInterface(java.lang.Object, java.lang.Object)'> (0x00000000d6538bd8) 
thrown [s\src\hotspot\share\interpreter\linkResolver.cpp, line 773]
Event: 1.450 Thread 0x000001bfa24e1ac0 Exception <a 'java/lang/NoSuchMethodError'{0x00000000d654cd78}: 'java.lang.Object java.lang.invoke.Invokers$Holder.invokeExact_MT(java.lang.Object, java.lang.Object, java.lang.Object, java.lang.Object, java.lang.Object, java.lang.Object)'> (0x00000000d654cd78) 
thrown [s\src\hotspot\share\interpreter\linkResolver.cpp, line 773]
Event: 1.453 Thread 0x000001bfa24e1ac0 Exception <a 'java/lang/NoSuchMethodError'{0x00000000d6563e50}: 'int java.lang.invoke.DirectMethodHandle$Holder.invokeStatic(java.lang.Object, java.lang.Object, java.lang.Object, java.lang.Object, java.lang.Object)'> (0x00000000d6563e50) 
thrown [s\src\hotspot\share\interpreter\linkResolver.cpp, line 773]
Event: 1.472 Thread 0x000001bfa24e1ac0 Exception <a 'java/lang/NoSuchMethodError'{0x00000000d65f78c8}: 'java.lang.Object java.lang.invoke.DirectMethodHandle$Holder.invokeInterface(java.lang.Object, java.lang.Object, int)'> (0x00000000d65f78c8) 
thrown [s\src\hotspot\share\interpreter\linkResolver.cpp, line 773]
Event: 1.718 Thread 0x000001bfa24e1ac0 Exception <a 'java/lang/NoSuchMethodError'{0x00000000d6a5cd20}: 'java.lang.ClassLoader java.lang.ClassLoader.getPlatformClassLoader(java.lang.Class)'> (0x00000000d6a5cd20) 
thrown [s\src\hotspot\share\interpreter\linkResolver.cpp, line 773]
Event: 1.810 Thread 0x000001bfa24e1ac0 Exception <a 'java/lang/ClassNotFoundException'{0x00000000d6e7a180}: sun/net/www/protocol/c/Handler> (0x00000000d6e7a180) 
thrown [s\src\hotspot\share\classfile\systemDictionary.cpp, line 312]
Event: 1.810 Thread 0x000001bfa24e1ac0 Exception <a 'java/lang/ClassNotFoundException'{0x00000000d6e7b4c0}: sun/net/www/protocol/c/Handler> (0x00000000d6e7b4c0) 
thrown [s\src\hotspot\share\classfile\systemDictionary.cpp, line 312]
Event: 1.810 Thread 0x000001bfa24e1ac0 Exception <a 'java/lang/ClassNotFoundException'{0x00000000d6e7c618}: sun/net/www/protocol/c/Handler> (0x00000000d6e7c618) 
thrown [s\src\hotspot\share\classfile\systemDictionary.cpp, line 312]
Event: 1.855 Thread 0x000001bfa24e1ac0 Exception <a 'java/io/FileNotFoundException'{0x00000000d55a5440}> (0x00000000d55a5440) 
thrown [s\src\hotspot\share\prims\jni.cpp, line 520]
Event: 1.929 Thread 0x000001bfa24e1ac0 Implicit null exception at 0x000001bfaf4c15c9 to 0x000001bfaf4c1f38
Event: 1.929 Thread 0x000001bfa24e1ac0 Implicit null exception at 0x000001bfaf4c2a1a to 0x000001bfaf4c2c20
Event: 1.930 Thread 0x000001bfa24e1ac0 Exception <a 'java/lang/NoSuchMethodError'{0x00000000d56d7c20}: 'void java.lang.invoke.DirectMethodHandle$Holder.invokeStatic(java.lang.Object, java.lang.Object, java.lang.Object, java.lang.Object)'> (0x00000000d56d7c20) 
thrown [s\src\hotspot\share\interpreter\linkResolver.cpp, line 773]
Event: 1.935 Thread 0x000001bfa24e1ac0 Implicit null exception at 0x000001bfaf4b3ebc to 0x000001bfaf4b4148
Event: 1.938 Thread 0x000001bfa24e1ac0 Implicit null exception at 0x000001bfaf4b83bd to 0x000001bfaf4b8441
Event: 2.162 Thread 0x000001bfa24e1ac0 Exception <a 'java/lang/NoSuchMethodError'{0x00000000d59b3ba8}: 'void java.lang.invoke.DirectMethodHandle$Holder.invokeSpecial(java.lang.Object, java.lang.Object, java.lang.Object)'> (0x00000000d59b3ba8) 
thrown [s\src\hotspot\share\interpreter\linkResolver.cpp, line 773]
Event: 2.600 Thread 0x000001bfa24e1ac0 Exception <a 'java/lang/NoSuchMethodError'{0x00000000d63a99a0}: 'int java.lang.invoke.DirectMethodHandle$Holder.invokeVirtual(java.lang.Object, java.lang.Object)'> (0x00000000d63a99a0) 
thrown [s\src\hotspot\share\interpreter\linkResolver.cpp, line 773]
Event: 2.664 Thread 0x000001bfa24e1ac0 Exception <a 'java/lang/NoSuchMethodError'{0x00000000d65214e8}: 'int java.lang.invoke.DirectMethodHandle$Holder.invokeStaticInit(java.lang.Object, java.lang.Object, java.lang.Object, java.lang.Object)'> (0x00000000d65214e8) 
thrown [s\src\hotspot\share\interpreter\linkResolver.cpp, line 773]
Event: 2.665 Thread 0x000001bfa24e1ac0 Exception <a 'java/lang/IncompatibleClassChangeError'{0x00000000d65298f0}: Found class java.lang.Object, but interface was expected> (0x00000000d65298f0) 
thrown [s\src\hotspot\share\interpreter\linkResolver.cpp, line 840]
Event: 2.666 Thread 0x000001bfa24e1ac0 Exception <a 'java/lang/NoSuchMethodError'{0x00000000d652fea0}: 'void java.lang.invoke.DirectMethodHandle$Holder.invokeStaticInit(java.lang.Object, java.lang.Object)'> (0x00000000d652fea0) 
thrown [s\src\hotspot\share\interpreter\linkResolver.cpp, line 773]
Event: 2.666 Thread 0x000001bfa24e1ac0 Exception <a 'java/lang/NoSuchMethodError'{0x00000000d6539098}: 'int java.lang.invoke.DirectMethodHandle$Holder.invokeStaticInit(java.lang.Object, java.lang.Object)'> (0x00000000d6539098) 
thrown [s\src\hotspot\share\interpreter\linkResolver.cpp, line 773]

ZGC Phase Switch (0 events):
No events

VM Operations (14 events):
Event: 0.159 Executing VM operation: HandshakeAllThreads (Deoptimize)
Event: 0.159 Executing VM operation: HandshakeAllThreads (Deoptimize) done
Event: 0.321 Executing VM operation: HandshakeAllThreads (Deoptimize)
Event: 0.321 Executing VM operation: HandshakeAllThreads (Deoptimize) done
Event: 1.251 Executing VM operation: HandshakeAllThreads (Deoptimize)
Event: 1.251 Executing VM operation: HandshakeAllThreads (Deoptimize) done
Event: 1.251 Executing VM operation: Cleanup
Event: 1.251 Executing VM operation: Cleanup done
Event: 1.324 Executing VM operation: HandshakeAllThreads (Deoptimize)
Event: 1.324 Executing VM operation: HandshakeAllThreads (Deoptimize) done
Event: 1.795 Executing VM operation: HandshakeAllThreads (Deoptimize)
Event: 1.795 Executing VM operation: HandshakeAllThreads (Deoptimize) done
Event: 1.812 Executing VM operation: ParallelGCFailedAllocation (Allocation Failure)
Event: 1.822 Executing VM operation: ParallelGCFailedAllocation (Allocation Failure) done

Memory protections (0 events):
No events

Nmethod flushes (0 events):
No events

Events (15 events):
Event: 0.051 Thread 0x000001bfa24e1ac0 Thread added: 0x000001bfa24e1ac0
Event: 0.080 Thread 0x000001bfa24e1ac0 Thread added: 0x000001bfbb1547c0
Event: 0.081 Thread 0x000001bfa24e1ac0 Thread added: 0x000001bfbb155e00
Event: 0.081 Thread 0x000001bfa24e1ac0 Thread added: 0x000001bfbb159450
Event: 0.081 Thread 0x000001bfa24e1ac0 Thread added: 0x000001bfbb15a320
Event: 0.081 Thread 0x000001bfa24e1ac0 Thread added: 0x000001bfbb15ad70
Event: 0.081 Thread 0x000001bfa24e1ac0 Thread added: 0x000001bfbb15b7c0
Event: 0.081 Thread 0x000001bfa24e1ac0 Thread added: 0x000001bfbb15e900
Event: 0.105 Thread 0x000001bfa24e1ac0 Thread added: 0x000001bfbb1d6660
Event: 0.189 Thread 0x000001bfa24e1ac0 Thread added: 0x000001bffd13fb80
Event: 0.756 Thread 0x000001bfa24e1ac0 Thread added: 0x000001bffd2702b0
Event: 0.758 Thread 0x000001bfbb1d6660 Thread added: 0x000001bffd16b010
Event: 2.154 Thread 0x000001bffd16b010 Thread exited: 0x000001bffd16b010
Event: 2.266 Thread 0x000001bfbb1d6660 Thread added: 0x000001bffd8c30f0
Event: 2.686 Thread 0x000001bfa24e1ac0 Thread added: 0x000001bffd98fdb0


Dynamic libraries:
0x00007ff6b7ab0000 - 0x00007ff6b7abe000 	c:\Users\Admin\.antigravity\extensions\redhat.java-1.50.0-win32-x64\jre\21.0.9-win32-x86_64\bin\java.exe
0x00007ff91ea90000 - 0x00007ff91ec88000 	C:\WINDOWS\SYSTEM32\ntdll.dll
0x00007ff91e2b0000 - 0x00007ff91e372000 	C:\WINDOWS\System32\KERNEL32.DLL
0x00007ff91c1c0000 - 0x00007ff91c4b6000 	C:\WINDOWS\System32\KERNELBASE.dll
0x00007ff91c960000 - 0x00007ff91ca60000 	C:\WINDOWS\System32\ucrtbase.dll
0x00007ff8fadc0000 - 0x00007ff8fadd8000 	c:\Users\Admin\.antigravity\extensions\redhat.java-1.50.0-win32-x64\jre\21.0.9-win32-x86_64\bin\jli.dll
0x00007ff91cfd0000 - 0x00007ff91d171000 	C:\WINDOWS\System32\USER32.dll
0x00007ff91c550000 - 0x00007ff91c572000 	C:\WINDOWS\System32\win32u.dll
0x00007ff91cdd0000 - 0x00007ff91cdfb000 	C:\WINDOWS\System32\GDI32.dll
0x00007ff91c710000 - 0x00007ff91c829000 	C:\WINDOWS\System32\gdi32full.dll
0x00007ff91c120000 - 0x00007ff91c1bd000 	C:\WINDOWS\System32\msvcp_win.dll
0x00007ff8face0000 - 0x00007ff8facfe000 	c:\Users\Admin\.antigravity\extensions\redhat.java-1.50.0-win32-x64\jre\21.0.9-win32-x86_64\bin\VCRUNTIME140.dll
0x00007ff90b970000 - 0x00007ff90bc0b000 	C:\WINDOWS\WinSxS\amd64_microsoft.windows.common-controls_6595b64144ccf1df_6.0.19041.6456_none_60b8a6cb71f64256\COMCTL32.dll
0x00007ff91e540000 - 0x00007ff91e5de000 	C:\WINDOWS\System32\msvcrt.dll
0x00007ff91d180000 - 0x00007ff91d1af000 	C:\WINDOWS\System32\IMM32.DLL
0x00007ff90c240000 - 0x00007ff90c24c000 	c:\Users\Admin\.antigravity\extensions\redhat.java-1.50.0-win32-x64\jre\21.0.9-win32-x86_64\bin\vcruntime140_1.dll
0x00007ff8f8670000 - 0x00007ff8f86fd000 	c:\Users\Admin\.antigravity\extensions\redhat.java-1.50.0-win32-x64\jre\21.0.9-win32-x86_64\bin\msvcp140.dll
0x00007ff8e39a0000 - 0x00007ff8e4740000 	c:\Users\Admin\.antigravity\extensions\redhat.java-1.50.0-win32-x64\jre\21.0.9-win32-x86_64\bin\server\jvm.dll
0x00007ff91d220000 - 0x00007ff91d2d1000 	C:\WINDOWS\System32\ADVAPI32.dll
0x00007ff91d2f0000 - 0x00007ff91d38f000 	C:\WINDOWS\System32\sechost.dll
0x00007ff91df50000 - 0x00007ff91e070000 	C:\WINDOWS\System32\RPCRT4.dll
0x00007ff91c6e0000 - 0x00007ff91c707000 	C:\WINDOWS\System32\bcrypt.dll
0x00007ff91d1b0000 - 0x00007ff91d21b000 	C:\WINDOWS\System32\WS2_32.dll
0x00007ff91b6b0000 - 0x00007ff91b6fb000 	C:\WINDOWS\SYSTEM32\POWRPROF.dll
0x00007ff9129b0000 - 0x00007ff9129d7000 	C:\WINDOWS\SYSTEM32\WINMM.dll
0x00007ff915d60000 - 0x00007ff915d6a000 	C:\WINDOWS\SYSTEM32\VERSION.dll
0x00007ff91b520000 - 0x00007ff91b532000 	C:\WINDOWS\SYSTEM32\UMPDC.dll
0x00007ff919fb0000 - 0x00007ff919fc2000 	C:\WINDOWS\SYSTEM32\kernel.appcore.dll
0x00007ff908ec0000 - 0x00007ff908eca000 	c:\Users\Admin\.antigravity\extensions\redhat.java-1.50.0-win32-x64\jre\21.0.9-win32-x86_64\bin\jimage.dll
0x00007ff916af0000 - 0x00007ff916cf1000 	C:\WINDOWS\SYSTEM32\DBGHELP.DLL
0x00007ff8f9ff0000 - 0x00007ff8fa024000 	C:\WINDOWS\SYSTEM32\dbgcore.DLL
0x00007ff91c4c0000 - 0x00007ff91c542000 	C:\WINDOWS\System32\bcryptPrimitives.dll
0x00007ff8fadb0000 - 0x00007ff8fadbf000 	c:\Users\Admin\.antigravity\extensions\redhat.java-1.50.0-win32-x64\jre\21.0.9-win32-x86_64\bin\instrument.dll
0x00007ff8fac00000 - 0x00007ff8fac20000 	c:\Users\Admin\.antigravity\extensions\redhat.java-1.50.0-win32-x64\jre\21.0.9-win32-x86_64\bin\java.dll
0x00007ff91d400000 - 0x00007ff91db70000 	C:\WINDOWS\System32\SHELL32.dll
0x00007ff91a1b0000 - 0x00007ff91a955000 	C:\WINDOWS\SYSTEM32\windows.storage.dll
0x00007ff91db70000 - 0x00007ff91dec4000 	C:\WINDOWS\System32\combase.dll
0x00007ff91bb50000 - 0x00007ff91bb7b000 	C:\WINDOWS\SYSTEM32\Wldp.dll
0x00007ff91e410000 - 0x00007ff91e4dd000 	C:\WINDOWS\System32\OLEAUT32.dll
0x00007ff91e200000 - 0x00007ff91e2ad000 	C:\WINDOWS\System32\SHCORE.dll
0x00007ff91e4e0000 - 0x00007ff91e53b000 	C:\WINDOWS\System32\shlwapi.dll
0x00007ff91c050000 - 0x00007ff91c074000 	C:\WINDOWS\SYSTEM32\profapi.dll
0x00007ff8fa9d0000 - 0x00007ff8fa9e8000 	c:\Users\Admin\.antigravity\extensions\redhat.java-1.50.0-win32-x64\jre\21.0.9-win32-x86_64\bin\zip.dll
0x00007ff8fa630000 - 0x00007ff8fa640000 	C:\Users\Admin\.antigravity\extensions\redhat.java-1.50.0-win32-x64\jre\21.0.9-win32-x86_64\bin\net.dll
0x00007ff915610000 - 0x00007ff91571a000 	C:\WINDOWS\SYSTEM32\WINHTTP.dll
0x00007ff91b8b0000 - 0x00007ff91b91a000 	C:\WINDOWS\system32\mswsock.dll
0x00007ff8fa590000 - 0x00007ff8fa5a6000 	C:\Users\Admin\.antigravity\extensions\redhat.java-1.50.0-win32-x64\jre\21.0.9-win32-x86_64\bin\nio.dll
0x00007ff8fa620000 - 0x00007ff8fa630000 	c:\Users\Admin\.antigravity\extensions\redhat.java-1.50.0-win32-x64\jre\21.0.9-win32-x86_64\bin\verify.dll

JVMTI agents:
c:\Users\Admin\.antigravity\extensions\redhat.java-1.50.0-win32-x64\lombok\lombok-1.18.39-4050.jar path:c:\Users\Admin\.antigravity\extensions\redhat.java-1.50.0-win32-x64\jre\21.0.9-win32-x86_64\bin\instrument.dll, loaded, initialized, instrumentlib options:none

dbghelp: loaded successfully - version: 4.0.5 - missing functions: none
symbol engine: initialized successfully - sym options: 0x614 - pdb path: .;c:\Users\Admin\.antigravity\extensions\redhat.java-1.50.0-win32-x64\jre\21.0.9-win32-x86_64\bin;C:\WINDOWS\SYSTEM32;C:\WINDOWS\WinSxS\amd64_microsoft.windows.common-controls_6595b64144ccf1df_6.0.19041.6456_none_60b8a6cb71f64256;c:\Users\Admin\.antigravity\extensions\redhat.java-1.50.0-win32-x64\jre\21.0.9-win32-x86_64\bin\server

VM Arguments:
jvm_args: --add-modules=ALL-SYSTEM --add-opens=java.base/java.util=ALL-UNNAMED --add-opens=java.base/java.lang=ALL-UNNAMED --add-opens=java.base/sun.nio.fs=ALL-UNNAMED -Declipse.application=org.eclipse.jdt.ls.core.id1 -Dosgi.bundles.defaultStartLevel=4 -Declipse.product=org.eclipse.jdt.ls.core.product -Djava.import.generatesMetadataFilesAtProjectRoot=false -DDetectVMInstallationsJob.disabled=true -Dfile.encoding=utf8 -XX:+UseParallelGC -XX:GCTimeRatio=4 -XX:AdaptiveSizePolicyWeight=90 -Dsun.zip.disableMemoryMapping=true -Xmx2G -Xms100m -Xlog:disable -javaagent:c:\Users\Admin\.antigravity\extensions\redhat.java-1.50.0-win32-x64\lombok\lombok-1.18.39-4050.jar -XX:+HeapDumpOnOutOfMemoryError -XX:HeapDumpPath=c:\Users\Admin\AppData\Roaming\Antigravity\User\workspaceStorage\af1cb1524c391b6bf54d4a5b5d479961\redhat.java -Daether.dependencyCollector.impl=bf 
java_command: c:\Users\Admin\.antigravity\extensions\redhat.java-1.50.0-win32-x64\server\plugins\org.eclipse.equinox.launcher_1.7.100.v20251111-0406.jar -configuration c:\Users\Admin\AppData\Roaming\Antigravity\User\globalStorage\redhat.java\1.50.0\config_win -data c:\Users\Admin\AppData\Roaming\Antigravity\User\workspaceStorage\af1cb1524c391b6bf54d4a5b5d479961\redhat.java\jdt_ws --pipe=\\.\pipe\lsp-13f933b71679a3415fb9b73ee8f4caba-sock
java_class_path (initial): c:\Users\Admin\.antigravity\extensions\redhat.java-1.50.0-win32-x64\server\plugins\org.eclipse.equinox.launcher_1.7.100.v20251111-0406.jar
Launcher Type: SUN_STANDARD

[Global flags]
    uintx AdaptiveSizePolicyWeight                 = 90                                        {product} {command line}
     intx CICompilerCount                          = 3                                         {product} {ergonomic}
    uintx GCTimeRatio                              = 4                                         {product} {command line}
     bool HeapDumpOnOutOfMemoryError               = true                                   {manageable} {command line}
    ccstr HeapDumpPath                             = c:\Users\Admin\AppData\Roaming\Antigravity\User\workspaceStorage\af1cb1524c391b6bf54d4a5b5d479961\redhat.java         {manageable} {command line}
   size_t InitialHeapSize                          = 104857600                                 {product} {command line}
   size_t MaxHeapSize                              = 2147483648                                {product} {command line}
   size_t MaxNewSize                               = 715653120                                 {product} {ergonomic}
   size_t MinHeapDeltaBytes                        = 524288                                    {product} {ergonomic}
   size_t MinHeapSize                              = 104857600                                 {product} {command line}
   size_t NewSize                                  = 34603008                                  {product} {ergonomic}
    uintx NonNMethodCodeHeapSize                   = 5832780                                {pd product} {ergonomic}
    uintx NonProfiledCodeHeapSize                  = 122912730                              {pd product} {ergonomic}
   size_t OldSize                                  = 70254592                                  {product} {ergonomic}
    uintx ProfiledCodeHeapSize                     = 122912730                              {pd product} {ergonomic}
    uintx ReservedCodeCacheSize                    = 251658240                              {pd product} {ergonomic}
     bool SegmentedCodeCache                       = true                                      {product} {ergonomic}
   size_t SoftMaxHeapSize                          = 2147483648                             {manageable} {ergonomic}
     bool UseCompressedOops                        = true                           {product lp64_product} {ergonomic}
     bool UseLargePagesIndividualAllocation        = false                                  {pd product} {ergonomic}
     bool UseParallelGC                            = true                                      {product} {command line}

Logging:
Log output configuration:
 #0: stdout all=off uptime,level,tags foldmultilines=false
 #1: stderr all=off uptime,level,tags foldmultilines=false

Release file:
JAVA_VERSION="21.0.9" 
MODULES="java.base java.compiler java.datatransfer java.xml java.prefs java.desktop java.instrument java.logging java.management java.security.sasl java.naming java.rmi java.management.rmi java.net.http java.scripting java.security.jgss java.transaction.xa java.sql java.sql.rowset java.xml.crypto java.se java.smartcardio jdk.accessibility jdk.internal.jvmstat jdk.attach jdk.charsets jdk.internal.opt jdk.zipfs jdk.compiler jdk.crypto.ec jdk.crypto.cryptoki jdk.crypto.mscapi jdk.dynalink jdk.internal.ed jdk.editpad jdk.hotspot.agent jdk.httpserver jdk.internal.le jdk.internal.vm.ci jdk.internal.vm.compiler jdk.internal.vm.compiler.management jdk.jartool jdk.javadoc jdk.jcmd jdk.management jdk.management.agent jdk.jconsole jdk.jdeps jdk.jdwp.agent jdk.jdi jdk.jfr jdk.jshell jdk.jsobject jdk.jstatd jdk.localedata jdk.management.jfr jdk.naming.dns jdk.naming.rmi jdk.net jdk.nio.mapmode jdk.random jdk.sctp jdk.security.auth jdk.security.jgss jdk.unsupported jdk.unsupported.desktop jdk.xml.dom" 

Environment Variables:
PATH=C:\Program Files\Common Files\Oracle\Java\javapath;C:\WINDOWS\system32;C:\WINDOWS;C:\WINDOWS\System32\Wbem;C:\WINDOWS\System32\WindowsPowerShell\v1.0\;C:\WINDOWS\System32\OpenSSH\;C:\Program Files\Microsoft SQL Server\150\Tools\Binn\;C:\Program Files\nodejs\;C:\Users\Admin\AppData\Local\Microsoft\WindowsApps;C:\Users\Admin\AppData\Local\Programs\Microsoft VS Code\bin;C:\Users\Admin\AppData\Local\Programs\Antigravity\bin;C:\Users\Admin\AppData\Roaming\npm
USERNAME=Admin
OS=Windows_NT
PROCESSOR_IDENTIFIER=Intel64 Family 6 Model 42 Stepping 7, GenuineIntel
TMP=C:\Users\Admin\AppData\Local\Temp
TEMP=C:\Users\Admin\AppData\Local\Temp




Periodic native trim disabled

---------------  S Y S T E M  ---------------

OS:
 Windows 10 , 64 bit Build 19041 (10.0.19041.5915)
OS uptime: 0 days 10:57 hours

CPU: total 4 (initial active 4) (4 cores per cpu, 1 threads per core) family 6 model 42 stepping 7 microcode 0x2f, cx8, cmov, fxsr, mmx, sse, sse2, sse3, ssse3, sse4.1, sse4.2, popcnt, tsc, tscinvbit, avx, aes, clmul, vzeroupper, clflush, rdtscp
Processor Information for the first 4 processors :
  Max Mhz: 3301, Current Mhz: 3301, Mhz Limit: 3301

Memory: 4k page, system-wide physical 16337M (7632M free)
TotalPageFile size 20433M (AvailPageFile size 3M)
current process WorkingSet (physical memory assigned to process): 84M, peak: 84M
current process commit charge ("private bytes"): 225M, peak: 225M

vm_info: OpenJDK 64-Bit Server VM (21.0.9+10-LTS) for windows-amd64 JRE (21.0.9+10-LTS), built on 2025-10-21T00:00:00Z by "admin" with unknown MS VC++:1942

END.
