#
# There is insufficient memory for the Java Runtime Environment to continue.
# Native memory allocation (malloc) failed to allocate 500176 bytes. Error detail: Chunk::new
# Possible reasons:
#   The system is out of physical RAM or swap space
#   This process is running with CompressedOops enabled, and the Java Heap may be blocking the growth of the native heap
# Possible solutions:
#   Reduce memory load on the system
#   Increase physical memory or swap space
#   Check if swap backing store is full
#   Decrease Java heap size (-Xmx/-Xms)
#   Decrease number of Java threads
#   Decrease Java thread stack sizes (-Xss)
#   Set larger code cache with -XX:ReservedCodeCacheSize=
#   JVM is running with Unscaled Compressed Oops mode in which the Java heap is
#     placed in the first 4GB address space. The Java Heap base address is the
#     maximum limit for the native heap growth. Please use -XX:HeapBaseMinAddress
#     to set the Java Heap base and to place the Java Heap above 4GB virtual address.
# This output file may be truncated or incomplete.
#
#  Out of Memory Error (arena.cpp:168), pid=17892, tid=14356
#
# JRE version: OpenJDK Runtime Environment Temurin-21.0.9+10 (21.0.9+10) (build 21.0.9+10-LTS)
# Java VM: OpenJDK 64-Bit Server VM Temurin-21.0.9+10 (21.0.9+10-LTS, mixed mode, sharing, tiered, compressed oops, compressed class ptrs, parallel gc, windows-amd64)
# No core dump will be written. Minidumps are not enabled by default on client versions of Windows
#

---------------  S U M M A R Y ------------

Command Line: --add-modules=ALL-SYSTEM --add-opens=java.base/java.util=ALL-UNNAMED --add-opens=java.base/java.lang=ALL-UNNAMED --add-opens=java.base/sun.nio.fs=ALL-UNNAMED -Declipse.application=org.eclipse.jdt.ls.core.id1 -Dosgi.bundles.defaultStartLevel=4 -Declipse.product=org.eclipse.jdt.ls.core.product -Djava.import.generatesMetadataFilesAtProjectRoot=false -DDetectVMInstallationsJob.disabled=true -Dfile.encoding=utf8 -XX:+UseParallelGC -XX:GCTimeRatio=4 -XX:AdaptiveSizePolicyWeight=90 -Dsun.zip.disableMemoryMapping=true -Xmx2G -Xms100m -Xlog:disable -javaagent:c:\Users\Admin\.antigravity\extensions\redhat.java-1.50.0-win32-x64\lombok\lombok-1.18.39-4050.jar -XX:+HeapDumpOnOutOfMemoryError -XX:HeapDumpPath=c:\Users\Admin\AppData\Roaming\Antigravity\User\workspaceStorage\af1cb1524c391b6bf54d4a5b5d479961\redhat.java -Daether.dependencyCollector.impl=bf c:\Users\Admin\.antigravity\extensions\redhat.java-1.50.0-win32-x64\server\plugins\org.eclipse.equinox.launcher_1.7.100.v20251111-0406.jar -configuration c:\Users\Admin\AppData\Roaming\Antigravity\User\globalStorage\redhat.java\1.50.0\config_win -data c:\Users\Admin\AppData\Roaming\Antigravity\User\workspaceStorage\af1cb1524c391b6bf54d4a5b5d479961\redhat.java\jdt_ws --pipe=\\.\pipe\lsp-c001940d89b5bdf1b62b16a59ab4eb50-sock

Host: Intel(R) Core(TM) i5-2500 CPU @ 3.30GHz, 4 cores, 15G,  Windows 10 , 64 bit Build 19041 (10.0.19041.5915)
Time: Thu Dec 18 20:58:19 2025 SE Asia Standard Time elapsed time: 18.256779 seconds (0d 0h 0m 18s)

---------------  T H R E A D  ---------------

Current thread (0x000002a5e7dfe3b0):  JavaThread "C2 CompilerThread0" daemon [_thread_in_native, id=14356, stack(0x000000bf84a00000,0x000000bf84b00000) (1024K)]


Current CompileTask:
C2:18256 6744   !   4       org.eclipse.osgi.internal.loader.classpath.ClasspathManager::defineClass (636 bytes)

Stack: [0x000000bf84a00000,0x000000bf84b00000]
Native frames: (J=compiled Java code, j=interpreted, Vv=VM code, C=native code)
V  [jvm.dll+0x6d6e29]
V  [jvm.dll+0x8b4b76]
V  [jvm.dll+0x8b712e]
V  [jvm.dll+0x8b7813]
V  [jvm.dll+0x283d86]
V  [jvm.dll+0xc66ed]
V  [jvm.dll+0xc6c31]
V  [jvm.dll+0x2facee]
V  [jvm.dll+0x5fde44]
V  [jvm.dll+0x255557]
V  [jvm.dll+0x24d64b]
V  [jvm.dll+0x24b482]
V  [jvm.dll+0x1cb13e]
V  [jvm.dll+0x25b29d]
V  [jvm.dll+0x25982a]
V  [jvm.dll+0x3f7ea6]
V  [jvm.dll+0x85e9ad]
V  [jvm.dll+0x6d565d]
C  [ucrtbase.dll+0x21bb2]
C  [KERNEL32.DLL+0x17374]
C  [ntdll.dll+0x4cc91]


---------------  P R O C E S S  ---------------

Threads class SMR info:
_java_thread_list=0x000002a5c8517bb0, length=38, elements={
0x000002a5e5d01ef0, 0x000002a5e7df4890, 0x000002a5e7df5e30, 0x000002a5e7df9480,
0x000002a5e7dfa0d0, 0x000002a5e7dfcb30, 0x000002a5e7dfd580, 0x000002a5e7dfe3b0,
0x000002a5e7e7e2b0, 0x000002a5ff59e170, 0x000002a5ff737710, 0x000002a5c53c6530,
0x000002a5c56b6050, 0x000002a5c56126d0, 0x000002a5c5613100, 0x000002a5c5e01450,
0x000002a5c5851f30, 0x000002a5c58525c0, 0x000002a5c58518a0, 0x000002a5c584f140,
0x000002a5c584f7d0, 0x000002a5c584fe60, 0x000002a5c5850b80, 0x000002a5c5851210,
0x000002a5c58504f0, 0x000002a5c64f2ca0, 0x000002a5c64f3330, 0x000002a5c64f0540,
0x000002a5c64f39c0, 0x000002a5c64f46e0, 0x000002a5c64f1f80, 0x000002a5c64f0bd0,
0x000002a5c64f67b0, 0x000002a5c64f4d70, 0x000002a5c64f1260, 0x000002a5c64f5a90,
0x000002a5c64efeb0, 0x000002a5c64f18f0
}

Java Threads: ( => current thread )
  0x000002a5e5d01ef0 JavaThread "main"                              [_thread_blocked, id=19144, stack(0x000000bf84000000,0x000000bf84100000) (1024K)]
  0x000002a5e7df4890 JavaThread "Reference Handler"          daemon [_thread_blocked, id=6448, stack(0x000000bf84400000,0x000000bf84500000) (1024K)]
  0x000002a5e7df5e30 JavaThread "Finalizer"                  daemon [_thread_blocked, id=10568, stack(0x000000bf84500000,0x000000bf84600000) (1024K)]
  0x000002a5e7df9480 JavaThread "Signal Dispatcher"          daemon [_thread_blocked, id=14752, stack(0x000000bf84600000,0x000000bf84700000) (1024K)]
  0x000002a5e7dfa0d0 JavaThread "Attach Listener"            daemon [_thread_blocked, id=1300, stack(0x000000bf84700000,0x000000bf84800000) (1024K)]
  0x000002a5e7dfcb30 JavaThread "Service Thread"             daemon [_thread_blocked, id=7312, stack(0x000000bf84800000,0x000000bf84900000) (1024K)]
  0x000002a5e7dfd580 JavaThread "Monitor Deflation Thread"   daemon [_thread_blocked, id=5396, stack(0x000000bf84900000,0x000000bf84a00000) (1024K)]
=>0x000002a5e7dfe3b0 JavaThread "C2 CompilerThread0"         daemon [_thread_in_native, id=14356, stack(0x000000bf84a00000,0x000000bf84b00000) (1024K)]
  0x000002a5e7e7e2b0 JavaThread "C1 CompilerThread0"         daemon [_thread_blocked, id=13540, stack(0x000000bf84b00000,0x000000bf84c00000) (1024K)]
  0x000002a5ff59e170 JavaThread "Common-Cleaner"             daemon [_thread_blocked, id=16584, stack(0x000000bf84c00000,0x000000bf84d00000) (1024K)]
  0x000002a5ff737710 JavaThread "Notification Thread"        daemon [_thread_blocked, id=18796, stack(0x000000bf84e00000,0x000000bf84f00000) (1024K)]
  0x000002a5c53c6530 JavaThread "Active Thread: Equinox Container: c9c115bd-2a06-4ed8-b97b-fe08d03420ce"        [_thread_blocked, id=17980, stack(0x000000bf85200000,0x000000bf85300000) (1024K)]
  0x000002a5c56b6050 JavaThread "Refresh Thread: Equinox Container: c9c115bd-2a06-4ed8-b97b-fe08d03420ce" daemon [_thread_blocked, id=1572, stack(0x000000bf85300000,0x000000bf85400000) (1024K)]
  0x000002a5c56126d0 JavaThread "Framework Event Dispatcher: Equinox Container: c9c115bd-2a06-4ed8-b97b-fe08d03420ce" daemon [_thread_blocked, id=6628, stack(0x000000bf85400000,0x000000bf85500000) (1024K)]
  0x000002a5c5613100 JavaThread "Start Level: Equinox Container: c9c115bd-2a06-4ed8-b97b-fe08d03420ce" daemon [_thread_blocked, id=17928, stack(0x000000bf85500000,0x000000bf85600000) (1024K)]
  0x000002a5c5e01450 JavaThread "Bundle File Closer"         daemon [_thread_blocked, id=13132, stack(0x000000bf85600000,0x000000bf85700000) (1024K)]
  0x000002a5c5851f30 JavaThread "SCR Component Actor"        daemon [_thread_blocked, id=1148, stack(0x000000bf84d00000,0x000000bf84e00000) (1024K)]
  0x000002a5c58525c0 JavaThread "Worker-JM"                         [_thread_blocked, id=2420, stack(0x000000bf85800000,0x000000bf85900000) (1024K)]
  0x000002a5c58518a0 JavaThread "JNA Cleaner"                daemon [_thread_blocked, id=17128, stack(0x000000bf85700000,0x000000bf85800000) (1024K)]
  0x000002a5c584f140 JavaThread "Worker-0"                          [_thread_blocked, id=1416, stack(0x000000bf85900000,0x000000bf85a00000) (1024K)]
  0x000002a5c584f7d0 JavaThread "Worker-1"                          [_thread_blocked, id=10648, stack(0x000000bf85a00000,0x000000bf85b00000) (1024K)]
  0x000002a5c584fe60 JavaThread "Worker-2: Initialize Workspace"        [_thread_blocked, id=12860, stack(0x000000bf85c00000,0x000000bf85d00000) (1024K)]
  0x000002a5c5850b80 JavaThread "Java indexing"              daemon [_thread_blocked, id=11344, stack(0x000000bf85b00000,0x000000bf85c00000) (1024K)]
  0x000002a5c5851210 JavaThread "Worker-3"                          [_thread_blocked, id=14540, stack(0x000000bf85d00000,0x000000bf85e00000) (1024K)]
  0x000002a5c58504f0 JavaThread "Worker-4"                          [_thread_blocked, id=15944, stack(0x000000bf85e00000,0x000000bf85f00000) (1024K)]
  0x000002a5c64f2ca0 JavaThread "Worker-5"                          [_thread_blocked, id=9980, stack(0x000000bf86200000,0x000000bf86300000) (1024K)]
  0x000002a5c64f3330 JavaThread "Thread-1"                   daemon [_thread_in_native, id=10108, stack(0x000000bf86300000,0x000000bf86400000) (1024K)]
  0x000002a5c64f0540 JavaThread "Thread-2"                   daemon [_thread_in_native, id=14112, stack(0x000000bf86400000,0x000000bf86500000) (1024K)]
  0x000002a5c64f39c0 JavaThread "Thread-3"                   daemon [_thread_in_native, id=14816, stack(0x000000bf86500000,0x000000bf86600000) (1024K)]
  0x000002a5c64f46e0 JavaThread "Thread-4"                   daemon [_thread_in_native, id=15356, stack(0x000000bf86600000,0x000000bf86700000) (1024K)]
  0x000002a5c64f1f80 JavaThread "Thread-5"                   daemon [_thread_in_native, id=17456, stack(0x000000bf86700000,0x000000bf86800000) (1024K)]
  0x000002a5c64f0bd0 JavaThread "pool-2-thread-1"                   [_thread_blocked, id=15420, stack(0x000000bf86800000,0x000000bf86900000) (1024K)]
  0x000002a5c64f67b0 JavaThread "WorkspaceEventsHandler"            [_thread_blocked, id=1408, stack(0x000000bf86900000,0x000000bf86a00000) (1024K)]
  0x000002a5c64f4d70 JavaThread "pool-1-thread-1"                   [_thread_in_Java, id=4124, stack(0x000000bf86a00000,0x000000bf86b00000) (1024K)]
  0x000002a5c64f1260 JavaThread "ForkJoinPool.commonPool-worker-1" daemon [_thread_blocked, id=12876, stack(0x000000bf85f00000,0x000000bf86000000) (1024K)]
  0x000002a5c64f5a90 JavaThread "ForkJoinPool.commonPool-worker-2" daemon [_thread_blocked, id=16212, stack(0x000000bf86b00000,0x000000bf86c00000) (1024K)]
  0x000002a5c64efeb0 JavaThread "Timer-0"                           [_thread_blocked, id=17916, stack(0x000000bf86c00000,0x000000bf86d00000) (1024K)]
  0x000002a5c64f18f0 JavaThread "Connection worker"                 [_thread_in_vm, id=9108, stack(0x000000bf86d00000,0x000000bf86e00000) (1024K)]
Total: 38

Other Threads:
  0x000002a5e7fcbcd0 VMThread "VM Thread"                           [id=2760, stack(0x000000bf84300000,0x000000bf84400000) (1024K)]
  0x000002a5e7f7ec20 WatcherThread "VM Periodic Task Thread"        [id=1100, stack(0x000000bf84200000,0x000000bf84300000) (1024K)]
  0x000002a5e7f2ff20 WorkerThread "GC Thread#0"                     [id=18624, stack(0x000000bf84100000,0x000000bf84200000) (1024K)]
  0x000002a5ff7d74e0 WorkerThread "GC Thread#1"                     [id=3728, stack(0x000000bf84f00000,0x000000bf85000000) (1024K)]
  0x000002a5c50f3760 WorkerThread "GC Thread#2"                     [id=15180, stack(0x000000bf85000000,0x000000bf85100000) (1024K)]
  0x000002a5c50f3b00 WorkerThread "GC Thread#3"                     [id=14136, stack(0x000000bf85100000,0x000000bf85200000) (1024K)]
Total: 6

Threads with active compile tasks:
C2 CompilerThread0  18280 6744   !   4       org.eclipse.osgi.internal.loader.classpath.ClasspathManager::defineClass (636 bytes)
Total: 1

VM state: not at safepoint (normal execution)

VM Mutex/Monitor currently owned by a thread: None

Heap address: 0x0000000080000000, size: 2048 MB, Compressed Oops mode: 32-bit

CDS archive(s) mapped at: [0x000002a580000000-0x000002a580ba0000-0x000002a580ba0000), size 12189696, SharedBaseAddress: 0x000002a580000000, ArchiveRelocationMode: 1.
Compressed class space mapped at: 0x000002a581000000-0x000002a5c1000000, reserved size: 1073741824
Narrow klass base: 0x000002a580000000, Narrow klass shift: 0, Narrow klass range: 0x100000000

GC Precious Log:
 CardTable entry size: 512
 CPUs: 4 total, 4 available
 Memory: 16337M
 Large Page Support: Disabled
 NUMA Support: Disabled
 Compressed Oops: Enabled (32-bit)
 Alignments: Space 512K, Generation 512K, Heap 2M
 Heap Min Capacity: 100M
 Heap Initial Capacity: 100M
 Heap Max Capacity: 2G
 Pre-touch: Disabled
 Parallel Workers: 4

Heap:
 PSYoungGen      total 15872K, used 12170K [0x00000000d5580000, 0x00000000d6a80000, 0x0000000100000000)
  eden space 13824K, 84% used [0x00000000d5580000,0x00000000d60da9d8,0x00000000d6300000)
  from space 2048K, 26% used [0x00000000d6700000,0x00000000d6788000,0x00000000d6900000)
  to   space 1024K, 0% used [0x00000000d6980000,0x00000000d6980000,0x00000000d6a80000)
 ParOldGen       total 68608K, used 38675K [0x0000000080000000, 0x0000000084300000, 0x00000000d5580000)
  object space 68608K, 56% used [0x0000000080000000,0x00000000825c4e38,0x0000000084300000)
 Metaspace       used 53709K, committed 54976K, reserved 1114112K
  class space    used 6315K, committed 6912K, reserved 1048576K

Card table byte_map: [0x000002a5e78c0000,0x000002a5e7cd0000] _byte_map_base: 0x000002a5e74c0000

Marking Bits: (ParMarkBitMap*) 0x00007ff8e4662460
 Begin Bits: [0x000002a5fa3d0000, 0x000002a5fc3d0000)
 End Bits:   [0x000002a5fc3d0000, 0x000002a5fe3d0000)

Polling page: 0x000002a5e5c80000

Metaspace:

Usage:
  Non-class:     46.28 MB used.
      Class:      6.17 MB used.
       Both:     52.45 MB used.

Virtual space:
  Non-class space:       64.00 MB reserved,      46.94 MB ( 73%) committed,  1 nodes.
      Class space:        1.00 GB reserved,       6.75 MB ( <1%) committed,  1 nodes.
             Both:        1.06 GB reserved,      53.69 MB (  5%) committed. 

Chunk freelists:
   Non-Class:  256.00 KB
       Class:  9.06 MB
        Both:  9.31 MB

MaxMetaspaceSize: unlimited
CompressedClassSpaceSize: 1.00 GB
Initial GC threshold: 21.00 MB
Current GC threshold: 58.38 MB
CDS: on
 - commit_granule_bytes: 65536.
 - commit_granule_words: 8192.
 - virtual_space_node_default_size: 8388608.
 - enlarge_chunks_in_place: 1.
 - use_allocation_guard: 0.


Internal statistics:

num_allocs_failed_limit: 6.
num_arena_births: 980.
num_arena_deaths: 30.
num_vsnodes_births: 2.
num_vsnodes_deaths: 0.
num_space_committed: 859.
num_space_uncommitted: 0.
num_chunks_returned_to_freelist: 39.
num_chunks_taken_from_freelist: 3306.
num_chunk_merges: 13.
num_chunk_splits: 2115.
num_chunks_enlarged: 1346.
num_inconsistent_stats: 0.

CodeHeap 'non-profiled nmethods': size=120000Kb used=3799Kb max_used=3799Kb free=116200Kb
 bounds [0x000002a5f2bf0000, 0x000002a5f2fb0000, 0x000002a5fa120000]
CodeHeap 'profiled nmethods': size=120000Kb used=12820Kb max_used=12820Kb free=107179Kb
 bounds [0x000002a5eb120000, 0x000002a5ebdb0000, 0x000002a5f2650000]
CodeHeap 'non-nmethods': size=5760Kb used=1373Kb max_used=1433Kb free=4386Kb
 bounds [0x000002a5f2650000, 0x000002a5f28c0000, 0x000002a5f2bf0000]
CodeCache: size=245760Kb, used=17992Kb, max_used=18052Kb, free=227765Kb
 total_blobs=6844, nmethods=6169, adapters=581, full_count=0
Compilation: enabled, stopped_count=0, restarted_count=0

Compilation events (20 events):
Event: 18.175 Thread 0x000002a5e7e7e2b0 6732       3       java.lang.invoke.LambdaFormBuffer::resultIndex (41 bytes)
Event: 18.175 Thread 0x000002a5e7e7e2b0 nmethod 6732 0x000002a5ebda3a10 code [0x000002a5ebda3bc0, 0x000002a5ebda3e80]
Event: 18.175 Thread 0x000002a5e7e7e2b0 6733       3       java.lang.invoke.LambdaFormEditor$Transform::<init> (17 bytes)
Event: 18.175 Thread 0x000002a5e7e7e2b0 nmethod 6733 0x000002a5ebda3f90 code [0x000002a5ebda4160, 0x000002a5ebda4488]
Event: 18.188 Thread 0x000002a5e7e7e2b0 6737       1       java.lang.invoke.LambdaForm$BasicType::basicTypeChar (5 bytes)
Event: 18.189 Thread 0x000002a5e7e7e2b0 nmethod 6737 0x000002a5f2fa0290 code [0x000002a5f2fa0420, 0x000002a5f2fa04f0]
Event: 18.192 Thread 0x000002a5e7dfe3b0 nmethod 6724 0x000002a5f2fa0b90 code [0x000002a5f2fa0f00, 0x000002a5f2fa2420]
Event: 18.192 Thread 0x000002a5e7dfe3b0 6734       4       java.lang.invoke.LambdaForm$Name::replaceNames (175 bytes)
Event: 18.192 Thread 0x000002a5e7e7e2b0 6740       3       java.lang.invoke.ClassSpecializer$Factory$1Var::slotSize (8 bytes)
Event: 18.193 Thread 0x000002a5e7e7e2b0 nmethod 6740 0x000002a5ebda4610 code [0x000002a5ebda47c0, 0x000002a5ebda49a8]
Event: 18.195 Thread 0x000002a5e7e7e2b0 6743       1       java.lang.invoke.MethodHandleImpl$IntrinsicMethodHandle::intrinsicName (5 bytes)
Event: 18.195 Thread 0x000002a5e7e7e2b0 nmethod 6743 0x000002a5f2fa3810 code [0x000002a5f2fa39a0, 0x000002a5f2fa3a68]
Event: 18.210 Thread 0x000002a5e7dfe3b0 nmethod 6734 0x000002a5f2fa3b10 code [0x000002a5f2fa3d60, 0x000002a5f2fa4ab0]
Event: 18.210 Thread 0x000002a5e7dfe3b0 6736       4       java.lang.invoke.LambdaForm$BasicType::basicType (8 bytes)
Event: 18.214 Thread 0x000002a5e7dfe3b0 nmethod 6736 0x000002a5f2fa5190 code [0x000002a5f2fa5360, 0x000002a5f2fa5770]
Event: 18.214 Thread 0x000002a5e7dfe3b0 6725       4       java.lang.invoke.MemberName::initResolved (53 bytes)
Event: 18.214 Thread 0x000002a5e7dfe3b0 nmethod 6725 0x000002a5f2fa5990 code [0x000002a5f2fa5b20, 0x000002a5f2fa5bc8]
Event: 18.217 Thread 0x000002a5e7dfe3b0 6744   !   4       org.eclipse.osgi.internal.loader.classpath.ClasspathManager::defineClass (636 bytes)
Event: 18.222 Thread 0x000002a5e7e7e2b0 6745       3       sun.reflect.generics.repository.GenericDeclRepository::getTypeParameters (27 bytes)
Event: 18.222 Thread 0x000002a5e7e7e2b0 nmethod 6745 0x000002a5ebda4a90 code [0x000002a5ebda4c60, 0x000002a5ebda4fe0]

GC Heap History (20 events):
Event: 15.187 GC heap before
{Heap before GC invocations=20 (full 2):
 PSYoungGen      total 23552K, used 23424K [0x00000000d5580000, 0x00000000d6f00000, 0x0000000100000000)
  eden space 22016K, 100% used [0x00000000d5580000,0x00000000d6b00000,0x00000000d6b00000)
  from space 1536K, 91% used [0x00000000d6d00000,0x00000000d6e60000,0x00000000d6e80000)
  to   space 512K, 0% used [0x00000000d6e80000,0x00000000d6e80000,0x00000000d6f00000)
 ParOldGen       total 68608K, used 21593K [0x0000000080000000, 0x0000000084300000, 0x00000000d5580000)
  object space 68608K, 31% used [0x0000000080000000,0x0000000081516590,0x0000000084300000)
 Metaspace       used 45926K, committed 47104K, reserved 1114112K
  class space    used 5024K, committed 5568K, reserved 1048576K
}
Event: 15.191 GC heap after
{Heap after GC invocations=20 (full 2):
 PSYoungGen      total 22528K, used 505K [0x00000000d5580000, 0x00000000d7000000, 0x0000000100000000)
  eden space 22016K, 0% used [0x00000000d5580000,0x00000000d5580000,0x00000000d6b00000)
  from space 512K, 98% used [0x00000000d6e80000,0x00000000d6efe5e0,0x00000000d6f00000)
  to   space 2560K, 0% used [0x00000000d6b00000,0x00000000d6b00000,0x00000000d6d80000)
 ParOldGen       total 68608K, used 23403K [0x0000000080000000, 0x0000000084300000, 0x00000000d5580000)
  object space 68608K, 34% used [0x0000000080000000,0x00000000816daf18,0x0000000084300000)
 Metaspace       used 45926K, committed 47104K, reserved 1114112K
  class space    used 5024K, committed 5568K, reserved 1048576K
}
Event: 16.289 GC heap before
{Heap before GC invocations=21 (full 2):
 PSYoungGen      total 22528K, used 22521K [0x00000000d5580000, 0x00000000d7000000, 0x0000000100000000)
  eden space 22016K, 100% used [0x00000000d5580000,0x00000000d6b00000,0x00000000d6b00000)
  from space 512K, 98% used [0x00000000d6e80000,0x00000000d6efe5e0,0x00000000d6f00000)
  to   space 2560K, 0% used [0x00000000d6b00000,0x00000000d6b00000,0x00000000d6d80000)
 ParOldGen       total 68608K, used 23403K [0x0000000080000000, 0x0000000084300000, 0x00000000d5580000)
  object space 68608K, 34% used [0x0000000080000000,0x00000000816daf18,0x0000000084300000)
 Metaspace       used 48050K, committed 49216K, reserved 1114112K
  class space    used 5351K, committed 5888K, reserved 1048576K
}
Event: 16.290 GC heap after
{Heap after GC invocations=21 (full 2):
 PSYoungGen      total 24576K, used 544K [0x00000000d5580000, 0x00000000d6f00000, 0x0000000100000000)
  eden space 22016K, 0% used [0x00000000d5580000,0x00000000d5580000,0x00000000d6b00000)
  from space 2560K, 21% used [0x00000000d6b00000,0x00000000d6b88000,0x00000000d6d80000)
  to   space 1536K, 0% used [0x00000000d6d80000,0x00000000d6d80000,0x00000000d6f00000)
 ParOldGen       total 68608K, used 23895K [0x0000000080000000, 0x0000000084300000, 0x00000000d5580000)
  object space 68608K, 34% used [0x0000000080000000,0x0000000081755c48,0x0000000084300000)
 Metaspace       used 48050K, committed 49216K, reserved 1114112K
  class space    used 5351K, committed 5888K, reserved 1048576K
}
Event: 16.703 GC heap before
{Heap before GC invocations=22 (full 2):
 PSYoungGen      total 24576K, used 22560K [0x00000000d5580000, 0x00000000d6f00000, 0x0000000100000000)
  eden space 22016K, 100% used [0x00000000d5580000,0x00000000d6b00000,0x00000000d6b00000)
  from space 2560K, 21% used [0x00000000d6b00000,0x00000000d6b88000,0x00000000d6d80000)
  to   space 1536K, 0% used [0x00000000d6d80000,0x00000000d6d80000,0x00000000d6f00000)
 ParOldGen       total 68608K, used 23895K [0x0000000080000000, 0x0000000084300000, 0x00000000d5580000)
  object space 68608K, 34% used [0x0000000080000000,0x0000000081755c48,0x0000000084300000)
 Metaspace       used 49201K, committed 50368K, reserved 1114112K
  class space    used 5553K, committed 6144K, reserved 1048576K
}
Event: 16.708 GC heap after
{Heap after GC invocations=22 (full 2):
 PSYoungGen      total 15360K, used 1526K [0x00000000d5580000, 0x00000000d8000000, 0x0000000100000000)
  eden space 13824K, 0% used [0x00000000d5580000,0x00000000d5580000,0x00000000d6300000)
  from space 1536K, 99% used [0x00000000d6d80000,0x00000000d6efdab0,0x00000000d6f00000)
  to   space 10752K, 0% used [0x00000000d6300000,0x00000000d6300000,0x00000000d6d80000)
 ParOldGen       total 68608K, used 31422K [0x0000000080000000, 0x0000000084300000, 0x00000000d5580000)
  object space 68608K, 45% used [0x0000000080000000,0x0000000081eafaa0,0x0000000084300000)
 Metaspace       used 49201K, committed 50368K, reserved 1114112K
  class space    used 5553K, committed 6144K, reserved 1048576K
}
Event: 16.941 GC heap before
{Heap before GC invocations=23 (full 2):
 PSYoungGen      total 15360K, used 15350K [0x00000000d5580000, 0x00000000d8000000, 0x0000000100000000)
  eden space 13824K, 100% used [0x00000000d5580000,0x00000000d6300000,0x00000000d6300000)
  from space 1536K, 99% used [0x00000000d6d80000,0x00000000d6efdab0,0x00000000d6f00000)
  to   space 10752K, 0% used [0x00000000d6300000,0x00000000d6300000,0x00000000d6d80000)
 ParOldGen       total 68608K, used 31422K [0x0000000080000000, 0x0000000084300000, 0x00000000d5580000)
  object space 68608K, 45% used [0x0000000080000000,0x0000000081eafaa0,0x0000000084300000)
 Metaspace       used 50063K, committed 51264K, reserved 1114112K
  class space    used 5712K, committed 6272K, reserved 1048576K
}
Event: 16.943 GC heap after
{Heap after GC invocations=23 (full 2):
 PSYoungGen      total 14848K, used 631K [0x00000000d5580000, 0x00000000d6e00000, 0x0000000100000000)
  eden space 13824K, 0% used [0x00000000d5580000,0x00000000d5580000,0x00000000d6300000)
  from space 1024K, 61% used [0x00000000d6300000,0x00000000d639def8,0x00000000d6400000)
  to   space 4096K, 0% used [0x00000000d6a00000,0x00000000d6a00000,0x00000000d6e00000)
 ParOldGen       total 68608K, used 32947K [0x0000000080000000, 0x0000000084300000, 0x00000000d5580000)
  object space 68608K, 48% used [0x0000000080000000,0x000000008202cc78,0x0000000084300000)
 Metaspace       used 50063K, committed 51264K, reserved 1114112K
  class space    used 5712K, committed 6272K, reserved 1048576K
}
Event: 17.098 GC heap before
{Heap before GC invocations=24 (full 2):
 PSYoungGen      total 14848K, used 14455K [0x00000000d5580000, 0x00000000d6e00000, 0x0000000100000000)
  eden space 13824K, 100% used [0x00000000d5580000,0x00000000d6300000,0x00000000d6300000)
  from space 1024K, 61% used [0x00000000d6300000,0x00000000d639def8,0x00000000d6400000)
  to   space 4096K, 0% used [0x00000000d6a00000,0x00000000d6a00000,0x00000000d6e00000)
 ParOldGen       total 68608K, used 32947K [0x0000000080000000, 0x0000000084300000, 0x00000000d5580000)
  object space 68608K, 48% used [0x0000000080000000,0x000000008202cc78,0x0000000084300000)
 Metaspace       used 50311K, committed 51520K, reserved 1114112K
  class space    used 5740K, committed 6336K, reserved 1048576K
}
Event: 17.099 GC heap after
{Heap after GC invocations=24 (full 2):
 PSYoungGen      total 14336K, used 352K [0x00000000d5580000, 0x00000000d6a80000, 0x0000000100000000)
  eden space 13824K, 0% used [0x00000000d5580000,0x00000000d5580000,0x00000000d6300000)
  from space 512K, 68% used [0x00000000d6a00000,0x00000000d6a58000,0x00000000d6a80000)
  to   space 1024K, 0% used [0x00000000d6880000,0x00000000d6880000,0x00000000d6980000)
 ParOldGen       total 68608K, used 33491K [0x0000000080000000, 0x0000000084300000, 0x00000000d5580000)
  object space 68608K, 48% used [0x0000000080000000,0x00000000820b4c88,0x0000000084300000)
 Metaspace       used 50311K, committed 51520K, reserved 1114112K
  class space    used 5740K, committed 6336K, reserved 1048576K
}
Event: 17.433 GC heap before
{Heap before GC invocations=25 (full 2):
 PSYoungGen      total 14336K, used 14176K [0x00000000d5580000, 0x00000000d6a80000, 0x0000000100000000)
  eden space 13824K, 100% used [0x00000000d5580000,0x00000000d6300000,0x00000000d6300000)
  from space 512K, 68% used [0x00000000d6a00000,0x00000000d6a58000,0x00000000d6a80000)
  to   space 1024K, 0% used [0x00000000d6880000,0x00000000d6880000,0x00000000d6980000)
 ParOldGen       total 68608K, used 33491K [0x0000000080000000, 0x0000000084300000, 0x00000000d5580000)
  object space 68608K, 48% used [0x0000000080000000,0x00000000820b4c88,0x0000000084300000)
 Metaspace       used 50333K, committed 51584K, reserved 1114112K
  class space    used 5740K, committed 6336K, reserved 1048576K
}
Event: 17.434 GC heap after
{Heap after GC invocations=25 (full 2):
 PSYoungGen      total 14848K, used 416K [0x00000000d5580000, 0x00000000d6a80000, 0x0000000100000000)
  eden space 13824K, 0% used [0x00000000d5580000,0x00000000d5580000,0x00000000d6300000)
  from space 1024K, 40% used [0x00000000d6880000,0x00000000d68e8000,0x00000000d6980000)
  to   space 512K, 0% used [0x00000000d6a00000,0x00000000d6a00000,0x00000000d6a80000)
 ParOldGen       total 68608K, used 33796K [0x0000000080000000, 0x0000000084300000, 0x00000000d5580000)
  object space 68608K, 49% used [0x0000000080000000,0x0000000082101028,0x0000000084300000)
 Metaspace       used 50333K, committed 51584K, reserved 1114112K
  class space    used 5740K, committed 6336K, reserved 1048576K
}
Event: 17.584 GC heap before
{Heap before GC invocations=26 (full 2):
 PSYoungGen      total 14848K, used 14240K [0x00000000d5580000, 0x00000000d6a80000, 0x0000000100000000)
  eden space 13824K, 100% used [0x00000000d5580000,0x00000000d6300000,0x00000000d6300000)
  from space 1024K, 40% used [0x00000000d6880000,0x00000000d68e8000,0x00000000d6980000)
  to   space 512K, 0% used [0x00000000d6a00000,0x00000000d6a00000,0x00000000d6a80000)
 ParOldGen       total 68608K, used 33796K [0x0000000080000000, 0x0000000084300000, 0x00000000d5580000)
  object space 68608K, 49% used [0x0000000080000000,0x0000000082101028,0x0000000084300000)
 Metaspace       used 50334K, committed 51584K, reserved 1114112K
  class space    used 5740K, committed 6336K, reserved 1048576K
}
Event: 17.584 GC heap after
{Heap after GC invocations=26 (full 2):
 PSYoungGen      total 14336K, used 384K [0x00000000d5580000, 0x00000000d6a80000, 0x0000000100000000)
  eden space 13824K, 0% used [0x00000000d5580000,0x00000000d5580000,0x00000000d6300000)
  from space 512K, 75% used [0x00000000d6a00000,0x00000000d6a60000,0x00000000d6a80000)
  to   space 512K, 0% used [0x00000000d6980000,0x00000000d6980000,0x00000000d6a00000)
 ParOldGen       total 68608K, used 34148K [0x0000000080000000, 0x0000000084300000, 0x00000000d5580000)
  object space 68608K, 49% used [0x0000000080000000,0x0000000082159028,0x0000000084300000)
 Metaspace       used 50334K, committed 51584K, reserved 1114112K
  class space    used 5740K, committed 6336K, reserved 1048576K
}
Event: 17.724 GC heap before
{Heap before GC invocations=27 (full 2):
 PSYoungGen      total 14336K, used 14208K [0x00000000d5580000, 0x00000000d6a80000, 0x0000000100000000)
  eden space 13824K, 100% used [0x00000000d5580000,0x00000000d6300000,0x00000000d6300000)
  from space 512K, 75% used [0x00000000d6a00000,0x00000000d6a60000,0x00000000d6a80000)
  to   space 512K, 0% used [0x00000000d6980000,0x00000000d6980000,0x00000000d6a00000)
 ParOldGen       total 68608K, used 34148K [0x0000000080000000, 0x0000000084300000, 0x00000000d5580000)
  object space 68608K, 49% used [0x0000000080000000,0x0000000082159028,0x0000000084300000)
 Metaspace       used 50342K, committed 51584K, reserved 1114112K
  class space    used 5741K, committed 6336K, reserved 1048576K
}
Event: 17.725 GC heap after
{Heap after GC invocations=27 (full 2):
 PSYoungGen      total 14336K, used 500K [0x00000000d5580000, 0x00000000d6d00000, 0x0000000100000000)
  eden space 13824K, 0% used [0x00000000d5580000,0x00000000d5580000,0x00000000d6300000)
  from space 512K, 97% used [0x00000000d6980000,0x00000000d69fd1a8,0x00000000d6a00000)
  to   space 3072K, 0% used [0x00000000d6a00000,0x00000000d6a00000,0x00000000d6d00000)
 ParOldGen       total 68608K, used 37760K [0x0000000080000000, 0x0000000084300000, 0x00000000d5580000)
  object space 68608K, 55% used [0x0000000080000000,0x00000000824e01d0,0x0000000084300000)
 Metaspace       used 50342K, committed 51584K, reserved 1114112K
  class space    used 5741K, committed 6336K, reserved 1048576K
}
Event: 17.846 GC heap before
{Heap before GC invocations=28 (full 2):
 PSYoungGen      total 14336K, used 14324K [0x00000000d5580000, 0x00000000d6d00000, 0x0000000100000000)
  eden space 13824K, 100% used [0x00000000d5580000,0x00000000d6300000,0x00000000d6300000)
  from space 512K, 97% used [0x00000000d6980000,0x00000000d69fd1a8,0x00000000d6a00000)
  to   space 3072K, 0% used [0x00000000d6a00000,0x00000000d6a00000,0x00000000d6d00000)
 ParOldGen       total 68608K, used 37760K [0x0000000080000000, 0x0000000084300000, 0x00000000d5580000)
  object space 68608K, 55% used [0x0000000080000000,0x00000000824e01d0,0x0000000084300000)
 Metaspace       used 50814K, committed 51968K, reserved 1114112K
  class space    used 5842K, committed 6400K, reserved 1048576K
}
Event: 17.847 GC heap after
{Heap after GC invocations=28 (full 2):
 PSYoungGen      total 14848K, used 544K [0x00000000d5580000, 0x00000000d6b00000, 0x0000000100000000)
  eden space 13824K, 0% used [0x00000000d5580000,0x00000000d5580000,0x00000000d6300000)
  from space 1024K, 53% used [0x00000000d6a00000,0x00000000d6a88000,0x00000000d6b00000)
  to   space 2048K, 0% used [0x00000000d6700000,0x00000000d6700000,0x00000000d6900000)
 ParOldGen       total 68608K, used 38227K [0x0000000080000000, 0x0000000084300000, 0x00000000d5580000)
  object space 68608K, 55% used [0x0000000080000000,0x0000000082554e28,0x0000000084300000)
 Metaspace       used 50814K, committed 51968K, reserved 1114112K
  class space    used 5842K, committed 6400K, reserved 1048576K
}
Event: 18.100 GC heap before
{Heap before GC invocations=29 (full 2):
 PSYoungGen      total 14848K, used 14368K [0x00000000d5580000, 0x00000000d6b00000, 0x0000000100000000)
  eden space 13824K, 100% used [0x00000000d5580000,0x00000000d6300000,0x00000000d6300000)
  from space 1024K, 53% used [0x00000000d6a00000,0x00000000d6a88000,0x00000000d6b00000)
  to   space 2048K, 0% used [0x00000000d6700000,0x00000000d6700000,0x00000000d6900000)
 ParOldGen       total 68608K, used 38227K [0x0000000080000000, 0x0000000084300000, 0x00000000d5580000)
  object space 68608K, 55% used [0x0000000080000000,0x0000000082554e28,0x0000000084300000)
 Metaspace       used 52236K, committed 53504K, reserved 1114112K
  class space    used 6085K, committed 6656K, reserved 1048576K
}
Event: 18.101 GC heap after
{Heap after GC invocations=29 (full 2):
 PSYoungGen      total 15872K, used 544K [0x00000000d5580000, 0x00000000d6a80000, 0x0000000100000000)
  eden space 13824K, 0% used [0x00000000d5580000,0x00000000d5580000,0x00000000d6300000)
  from space 2048K, 26% used [0x00000000d6700000,0x00000000d6788000,0x00000000d6900000)
  to   space 1024K, 0% used [0x00000000d6980000,0x00000000d6980000,0x00000000d6a80000)
 ParOldGen       total 68608K, used 38675K [0x0000000080000000, 0x0000000084300000, 0x00000000d5580000)
  object space 68608K, 56% used [0x0000000080000000,0x00000000825c4e38,0x0000000084300000)
 Metaspace       used 52236K, committed 53504K, reserved 1114112K
  class space    used 6085K, committed 6656K, reserved 1048576K
}

Dll operation events (11 events):
Event: 0.007 Loaded shared library c:\Users\Admin\.antigravity\extensions\redhat.java-1.50.0-win32-x64\jre\21.0.9-win32-x86_64\bin\java.dll
Event: 0.270 Loaded shared library c:\Users\Admin\.antigravity\extensions\redhat.java-1.50.0-win32-x64\jre\21.0.9-win32-x86_64\bin\zip.dll
Event: 0.297 Loaded shared library C:\Users\Admin\.antigravity\extensions\redhat.java-1.50.0-win32-x64\jre\21.0.9-win32-x86_64\bin\instrument.dll
Event: 0.304 Loaded shared library C:\Users\Admin\.antigravity\extensions\redhat.java-1.50.0-win32-x64\jre\21.0.9-win32-x86_64\bin\net.dll
Event: 0.306 Loaded shared library C:\Users\Admin\.antigravity\extensions\redhat.java-1.50.0-win32-x64\jre\21.0.9-win32-x86_64\bin\nio.dll
Event: 0.369 Loaded shared library C:\Users\Admin\.antigravity\extensions\redhat.java-1.50.0-win32-x64\jre\21.0.9-win32-x86_64\bin\zip.dll
Event: 0.400 Loaded shared library C:\Users\Admin\.antigravity\extensions\redhat.java-1.50.0-win32-x64\jre\21.0.9-win32-x86_64\bin\jimage.dll
Event: 0.585 Loaded shared library c:\Users\Admin\.antigravity\extensions\redhat.java-1.50.0-win32-x64\jre\21.0.9-win32-x86_64\bin\verify.dll
Event: 2.733 Loaded shared library C:\Users\Admin\AppData\Roaming\Antigravity\User\globalStorage\redhat.java\1.50.0\config_win\org.eclipse.equinox.launcher\org.eclipse.equinox.launcher.win32.win32.x86_64_1.2.1400.v20250801-0854\eclipse_11916.dll
Event: 4.999 Loaded shared library C:\Users\Admin\AppData\Local\Temp\jna-63116079\jna12621441981784045503.dll
Event: 16.663 Loaded shared library C:\Users\Admin\.gradle\native\1def1411415f61bf3af743bc5b6707747c0891f09f0c88961ee8f79bc544acac\windows-amd64\native-platform.dll

Deoptimization events (20 events):
Event: 17.661 Thread 0x000002a5c64f18f0 DEOPT PACKING pc=0x000002a5eb356afb sp=0x000000bf86dfd370
Event: 17.661 Thread 0x000002a5c64f18f0 DEOPT UNPACKING pc=0x000002a5f26a4242 sp=0x000000bf86dfc8a8 mode 0
Event: 17.665 Thread 0x000002a5c64f18f0 DEOPT PACKING pc=0x000002a5eb356afb sp=0x000000bf86dfd370
Event: 17.665 Thread 0x000002a5c64f18f0 DEOPT UNPACKING pc=0x000002a5f26a4242 sp=0x000000bf86dfc8a8 mode 0
Event: 17.998 Thread 0x000002a5c64f18f0 Uncommon trap: trap_request=0xffffff45 fr.pc=0x000002a5f2f2bb30 relative=0x0000000000005dd0
Event: 17.998 Thread 0x000002a5c64f18f0 Uncommon trap: reason=unstable_if action=reinterpret pc=0x000002a5f2f2bb30 method=java.lang.invoke.MethodType.genericMethodType(IZ)Ljava/lang/invoke/MethodType; @ 27 c2
Event: 17.998 Thread 0x000002a5c64f18f0 DEOPT PACKING pc=0x000002a5f2f2bb30 sp=0x000000bf86dfc630
Event: 17.998 Thread 0x000002a5c64f18f0 DEOPT UNPACKING pc=0x000002a5f26a3aa2 sp=0x000000bf86dfc450 mode 2
Event: 17.998 Thread 0x000002a5c64f18f0 Uncommon trap: trap_request=0xffffff45 fr.pc=0x000002a5f2e14718 relative=0x0000000000000318
Event: 17.998 Thread 0x000002a5c64f18f0 Uncommon trap: reason=unstable_if action=reinterpret pc=0x000002a5f2e14718 method=java.lang.invoke.MethodType.genericMethodType(IZ)Ljava/lang/invoke/MethodType; @ 27 c2
Event: 17.998 Thread 0x000002a5c64f18f0 DEOPT PACKING pc=0x000002a5f2e14718 sp=0x000000bf86dfc550
Event: 17.998 Thread 0x000002a5c64f18f0 DEOPT UNPACKING pc=0x000002a5f26a3aa2 sp=0x000000bf86dfc448 mode 2
Event: 17.998 Thread 0x000002a5c64f18f0 Uncommon trap: trap_request=0xffffff45 fr.pc=0x000002a5f2e92a84 relative=0x00000000000002a4
Event: 17.998 Thread 0x000002a5c64f18f0 Uncommon trap: reason=unstable_if action=reinterpret pc=0x000002a5f2e92a84 method=java.lang.invoke.MethodType.genericMethodType(IZ)Ljava/lang/invoke/MethodType; @ 27 c2
Event: 17.999 Thread 0x000002a5c64f18f0 DEOPT PACKING pc=0x000002a5f2e92a84 sp=0x000000bf86dfc670
Event: 17.999 Thread 0x000002a5c64f18f0 DEOPT UNPACKING pc=0x000002a5f26a3aa2 sp=0x000000bf86dfc608 mode 2
Event: 18.172 Thread 0x000002a5c64f18f0 Uncommon trap: trap_request=0xffffff45 fr.pc=0x000002a5f2d6b7c4 relative=0x00000000000001a4
Event: 18.172 Thread 0x000002a5c64f18f0 Uncommon trap: reason=unstable_if action=reinterpret pc=0x000002a5f2d6b7c4 method=jdk.internal.org.objectweb.asm.Frame.push(I)V @ 26 c2
Event: 18.172 Thread 0x000002a5c64f18f0 DEOPT PACKING pc=0x000002a5f2d6b7c4 sp=0x000000bf86dfd2c0
Event: 18.172 Thread 0x000002a5c64f18f0 DEOPT UNPACKING pc=0x000002a5f26a3aa2 sp=0x000000bf86dfd248 mode 2

Classes loaded (20 events):
Event: 16.110 Loading class java/util/concurrent/CopyOnWriteArraySet
Event: 16.110 Loading class java/util/concurrent/CopyOnWriteArraySet done
Event: 16.158 Loading class java/util/concurrent/ArrayBlockingQueue
Event: 16.158 Loading class java/util/concurrent/ArrayBlockingQueue done
Event: 16.238 Loading class java/net/HttpURLConnection
Event: 16.238 Loading class java/net/HttpURLConnection done
Event: 16.244 Loading class java/io/FileFilter
Event: 16.244 Loading class java/io/FileFilter done
Event: 16.288 Loading class java/util/concurrent/ConcurrentHashMap$ValueSpliterator
Event: 16.288 Loading class java/util/concurrent/ConcurrentHashMap$ValueSpliterator done
Event: 16.291 Loading class jdk/internal/loader/BootLoader$PackageHelper
Event: 16.291 Loading class jdk/internal/loader/BootLoader$PackageHelper done
Event: 16.737 Loading class java/lang/Class$EnclosingMethodInfo
Event: 16.737 Loading class java/lang/Class$EnclosingMethodInfo done
Event: 17.838 Loading class java/lang/FunctionalInterface
Event: 17.838 Loading class java/lang/FunctionalInterface done
Event: 18.188 Loading class java/lang/invoke/BoundMethodHandle$Species_LLLLLLLLLL
Event: 18.188 Loading class java/lang/invoke/BoundMethodHandle$Species_LLLLLLLLLL done
Event: 18.192 Loading class java/lang/invoke/BoundMethodHandle$Species_LLLLLLLLLLL
Event: 18.192 Loading class java/lang/invoke/BoundMethodHandle$Species_LLLLLLLLLLL done

Classes unloaded (15 events):
Event: 6.226 Thread 0x000002a5e7fcbcd0 Unloading class 0x000002a5811acc00 'java/lang/invoke/LambdaForm$MH+0x000002a5811acc00'
Event: 6.226 Thread 0x000002a5e7fcbcd0 Unloading class 0x000002a5811ac800 'java/lang/invoke/LambdaForm$MH+0x000002a5811ac800'
Event: 6.226 Thread 0x000002a5e7fcbcd0 Unloading class 0x000002a5811ac400 'java/lang/invoke/LambdaForm$MH+0x000002a5811ac400'
Event: 6.226 Thread 0x000002a5e7fcbcd0 Unloading class 0x000002a5811ac000 'java/lang/invoke/LambdaForm$MH+0x000002a5811ac000'
Event: 6.226 Thread 0x000002a5e7fcbcd0 Unloading class 0x000002a5811abc00 'java/lang/invoke/LambdaForm$BMH+0x000002a5811abc00'
Event: 6.226 Thread 0x000002a5e7fcbcd0 Unloading class 0x000002a5811ab800 'java/lang/invoke/LambdaForm$DMH+0x000002a5811ab800'
Event: 6.226 Thread 0x000002a5e7fcbcd0 Unloading class 0x000002a5811aa400 'java/lang/invoke/LambdaForm$DMH+0x000002a5811aa400'
Event: 9.646 Thread 0x000002a5e7fcbcd0 Unloading class 0x000002a5812fc800 'java/lang/invoke/LambdaForm$MH+0x000002a5812fc800'
Event: 9.646 Thread 0x000002a5e7fcbcd0 Unloading class 0x000002a5812fbc00 'java/lang/invoke/LambdaForm$MH+0x000002a5812fbc00'
Event: 9.646 Thread 0x000002a5e7fcbcd0 Unloading class 0x000002a5812fb400 'java/lang/invoke/LambdaForm$MH+0x000002a5812fb400'
Event: 9.646 Thread 0x000002a5e7fcbcd0 Unloading class 0x000002a5812fac00 'java/lang/invoke/LambdaForm$MH+0x000002a5812fac00'
Event: 9.646 Thread 0x000002a5e7fcbcd0 Unloading class 0x000002a5812fa800 'java/lang/invoke/LambdaForm$DMH+0x000002a5812fa800'
Event: 9.646 Thread 0x000002a5e7fcbcd0 Unloading class 0x000002a5812f9c00 'java/lang/invoke/LambdaForm$MH+0x000002a5812f9c00'
Event: 9.646 Thread 0x000002a5e7fcbcd0 Unloading class 0x000002a5812f5800 'java/lang/invoke/LambdaForm$MH+0x000002a5812f5800'
Event: 9.646 Thread 0x000002a5e7fcbcd0 Unloading class 0x000002a5812f4c00 'java/lang/invoke/LambdaForm$MH+0x000002a5812f4c00'

Classes redefined (0 events):
No events

Internal exceptions (20 events):
Event: 15.675 Thread 0x000002a5c584fe60 Exception <a 'sun/nio/fs/WindowsException'{0x00000000d5a0f720}> (0x00000000d5a0f720) 
thrown [s\src\hotspot\share\prims\jni.cpp, line 520]
Event: 15.675 Thread 0x000002a5c584fe60 Exception <a 'sun/nio/fs/WindowsException'{0x00000000d5a0fcb8}> (0x00000000d5a0fcb8) 
thrown [s\src\hotspot\share\prims\jni.cpp, line 520]
Event: 15.675 Thread 0x000002a5c584fe60 Exception <a 'sun/nio/fs/WindowsException'{0x00000000d5a10250}> (0x00000000d5a10250) 
thrown [s\src\hotspot\share\prims\jni.cpp, line 520]
Event: 15.675 Thread 0x000002a5c584fe60 Exception <a 'sun/nio/fs/WindowsException'{0x00000000d5a10808}> (0x00000000d5a10808) 
thrown [s\src\hotspot\share\prims\jni.cpp, line 520]
Event: 15.676 Thread 0x000002a5c584fe60 Exception <a 'sun/nio/fs/WindowsException'{0x00000000d5a13890}> (0x00000000d5a13890) 
thrown [s\src\hotspot\share\prims\jni.cpp, line 520]
Event: 15.676 Thread 0x000002a5c584fe60 Exception <a 'sun/nio/fs/WindowsException'{0x00000000d5a13e28}> (0x00000000d5a13e28) 
thrown [s\src\hotspot\share\prims\jni.cpp, line 520]
Event: 15.676 Thread 0x000002a5c584fe60 Exception <a 'sun/nio/fs/WindowsException'{0x00000000d5a143c0}> (0x00000000d5a143c0) 
thrown [s\src\hotspot\share\prims\jni.cpp, line 520]
Event: 15.676 Thread 0x000002a5c584fe60 Exception <a 'sun/nio/fs/WindowsException'{0x00000000d5a14978}> (0x00000000d5a14978) 
thrown [s\src\hotspot\share\prims\jni.cpp, line 520]
Event: 15.676 Thread 0x000002a5c584fe60 Exception <a 'sun/nio/fs/WindowsException'{0x00000000d5a17fc8}> (0x00000000d5a17fc8) 
thrown [s\src\hotspot\share\prims\jni.cpp, line 520]
Event: 15.677 Thread 0x000002a5c584fe60 Exception <a 'sun/nio/fs/WindowsException'{0x00000000d5a18578}> (0x00000000d5a18578) 
thrown [s\src\hotspot\share\prims\jni.cpp, line 520]
Event: 15.677 Thread 0x000002a5c584fe60 Exception <a 'sun/nio/fs/WindowsException'{0x00000000d5a18b28}> (0x00000000d5a18b28) 
thrown [s\src\hotspot\share\prims\jni.cpp, line 520]
Event: 15.677 Thread 0x000002a5c584fe60 Exception <a 'sun/nio/fs/WindowsException'{0x00000000d5a190f8}> (0x00000000d5a190f8) 
thrown [s\src\hotspot\share\prims\jni.cpp, line 520]
Event: 16.113 Thread 0x000002a5c584fe60 Exception <a 'java/lang/NoSuchMethodError'{0x00000000d61a94d8}: 'java.lang.Object java.lang.invoke.DirectMethodHandle$Holder.invokeVirtual(java.lang.Object, java.lang.Object, java.lang.Object, java.lang.Object)'> (0x00000000d61a94d8) 
thrown [s\src\hotspot\share\interpreter\linkResolver.cpp, line 773]
Event: 16.130 Thread 0x000002a5c584fe60 Exception <a 'java/lang/NoSuchMethodError'{0x00000000d61cc860}: 'java.lang.Object java.lang.invoke.DirectMethodHandle$Holder.invokeVirtual(java.lang.Object, java.lang.Object, java.lang.Object, java.lang.Object, java.lang.Object)'> (0x00000000d61cc860) 
thrown [s\src\hotspot\share\interpreter\linkResolver.cpp, line 773]
Event: 17.900 Thread 0x000002a5c64f18f0 Exception <a 'java/lang/NoSuchMethodError'{0x00000000d5a70b78}: 'java.lang.Object java.lang.invoke.DirectMethodHandle$Holder.invokeVirtual(java.lang.Object, java.lang.Object, java.lang.Object, java.lang.Object, java.lang.Object, java.lang.Object)'> (0x00000000d5a70b78) 
thrown [s\src\hotspot\share\interpreter\linkResolver.cpp, line 773]
Event: 17.992 Thread 0x000002a5c64f18f0 Exception <a 'java/lang/NoSuchMethodError'{0x00000000d5f69398}: 'java.lang.Object java.lang.invoke.DirectMethodHandle$Holder.invokeVirtual(java.lang.Object, java.lang.Object, java.lang.Object, java.lang.Object, java.lang.Object, java.lang.Object, java.lang.Object)'> (0x00000000d5f69398) 
thrown [s\src\hotspot\share\interpreter\linkResolver.cpp, line 773]
Event: 18.124 Thread 0x000002a5c64f18f0 Exception <a 'java/lang/NoSuchMethodError'{0x00000000d57aaf00}: 'java.lang.Object java.lang.invoke.DirectMethodHandle$Holder.invokeVirtual(java.lang.Object, java.lang.Object, java.lang.Object, java.lang.Object, java.lang.Object, java.lang.Object, java.lang.Object, java.lang.Object)'> (0x00000000d57aaf00) 
thrown [s\src\hotspot\share\interpreter\linkResolver.cpp, line 773]
Event: 18.172 Thread 0x000002a5c64f18f0 Exception <a 'java/lang/NoSuchMethodError'{0x00000000d5b19d40}: 'java.lang.Object java.lang.invoke.DirectMethodHandle$Holder.invokeVirtual(java.lang.Object, java.lang.Object, java.lang.Object, java.lang.Object, java.lang.Object, java.lang.Object, java.lang.Object, java.lang.Object, java.lang.Object, java.lang.Object, java.lang.Object, java.lang.Object)'> (0x00000000d5b19d40) 
thrown [s\src\hotspot\share\interpreter\linkResolver.cpp, line 773]
Event: 18.189 Thread 0x000002a5c64f18f0 Exception <a 'java/lang/NoSuchMethodError'{0x00000000d5b67f88}: 'java.lang.Object java.lang.invoke.DirectMethodHandle$Holder.invokeStatic(java.lang.Object, java.lang.Object, java.lang.Object, java.lang.Object, java.lang.Object, java.lang.Object, java.lang.Object, java.lang.Object, java.lang.Object, java.lang.Object, java.lang.Object, java.lang.Object, java.lang.Object)'> (0x00000000d5b67f88) 
thrown [s\src\hotspot\share\interpreter\linkResolver.cpp, line 773]
Event: 18.193 Thread 0x000002a5c64f18f0 Exception <a 'java/lang/NoSuchMethodError'{0x00000000d5b8b068}: 'java.lang.Object java.lang.invoke.DirectMethodHandle$Holder.invokeStatic(java.lang.Object, java.lang.Object, java.lang.Object, java.lang.Object, java.lang.Object, java.lang.Object, java.lang.Object, java.lang.Object, java.lang.Object, java.lang.Object, java.lang.Object, java.lang.Object, java.lang.Object, java.lang.Object)'> (0x00000000d5b8b068) 
thrown [s\src\hotspot\share\interpreter\linkResolver.cpp, line 773]

ZGC Phase Switch (0 events):
No events

VM Operations (20 events):
Event: 16.289 Executing VM operation: ParallelGCFailedAllocation (Allocation Failure)
Event: 16.290 Executing VM operation: ParallelGCFailedAllocation (Allocation Failure) done
Event: 16.703 Executing VM operation: ParallelGCFailedAllocation (Allocation Failure)
Event: 16.708 Executing VM operation: ParallelGCFailedAllocation (Allocation Failure) done
Event: 16.941 Executing VM operation: ParallelGCFailedAllocation (Allocation Failure)
Event: 16.943 Executing VM operation: ParallelGCFailedAllocation (Allocation Failure) done
Event: 17.098 Executing VM operation: ParallelGCFailedAllocation (Allocation Failure)
Event: 17.099 Executing VM operation: ParallelGCFailedAllocation (Allocation Failure) done
Event: 17.433 Executing VM operation: ParallelGCFailedAllocation (Allocation Failure)
Event: 17.434 Executing VM operation: ParallelGCFailedAllocation (Allocation Failure) done
Event: 17.584 Executing VM operation: ParallelGCFailedAllocation (Allocation Failure)
Event: 17.584 Executing VM operation: ParallelGCFailedAllocation (Allocation Failure) done
Event: 17.724 Executing VM operation: ParallelGCFailedAllocation (Allocation Failure)
Event: 17.725 Executing VM operation: ParallelGCFailedAllocation (Allocation Failure) done
Event: 17.846 Executing VM operation: ParallelGCFailedAllocation (Allocation Failure)
Event: 17.847 Executing VM operation: ParallelGCFailedAllocation (Allocation Failure) done
Event: 17.889 Executing VM operation: HandshakeAllThreads (Deoptimize)
Event: 17.889 Executing VM operation: HandshakeAllThreads (Deoptimize) done
Event: 18.100 Executing VM operation: ParallelGCFailedAllocation (Allocation Failure)
Event: 18.101 Executing VM operation: ParallelGCFailedAllocation (Allocation Failure) done

Memory protections (0 events):
No events

Nmethod flushes (20 events):
Event: 9.654 Thread 0x000002a5e7fcbcd0 flushing  nmethod 0x000002a5eb743990
Event: 9.654 Thread 0x000002a5e7fcbcd0 flushing  nmethod 0x000002a5eb744290
Event: 9.654 Thread 0x000002a5e7fcbcd0 flushing  nmethod 0x000002a5eb746510
Event: 9.654 Thread 0x000002a5e7fcbcd0 flushing  nmethod 0x000002a5eb746d10
Event: 9.654 Thread 0x000002a5e7fcbcd0 flushing  nmethod 0x000002a5eb747490
Event: 9.654 Thread 0x000002a5e7fcbcd0 flushing  nmethod 0x000002a5eb748a10
Event: 9.654 Thread 0x000002a5e7fcbcd0 flushing  nmethod 0x000002a5eb748f10
Event: 9.654 Thread 0x000002a5e7fcbcd0 flushing  nmethod 0x000002a5eb74a810
Event: 9.654 Thread 0x000002a5e7fcbcd0 flushing  nmethod 0x000002a5eb74b510
Event: 9.654 Thread 0x000002a5e7fcbcd0 flushing  nmethod 0x000002a5eb74cb90
Event: 9.654 Thread 0x000002a5e7fcbcd0 flushing  nmethod 0x000002a5eb74d090
Event: 9.654 Thread 0x000002a5e7fcbcd0 flushing  nmethod 0x000002a5eb74db10
Event: 9.654 Thread 0x000002a5e7fcbcd0 flushing  nmethod 0x000002a5eb74de10
Event: 9.655 Thread 0x000002a5e7fcbcd0 flushing  nmethod 0x000002a5eb788b90
Event: 9.655 Thread 0x000002a5e7fcbcd0 flushing  nmethod 0x000002a5eb78bc90
Event: 9.655 Thread 0x000002a5e7fcbcd0 flushing  nmethod 0x000002a5eb796f90
Event: 9.655 Thread 0x000002a5e7fcbcd0 flushing  nmethod 0x000002a5eb7f6a10
Event: 9.655 Thread 0x000002a5e7fcbcd0 flushing  nmethod 0x000002a5eb818010
Event: 9.655 Thread 0x000002a5e7fcbcd0 flushing  nmethod 0x000002a5eb82b190
Event: 9.655 Thread 0x000002a5e7fcbcd0 flushing  nmethod 0x000002a5eb84e710

Events (20 events):
Event: 9.545 Thread 0x000002a5c584fe60 Thread added: 0x000002a5c64f2ca0
Event: 9.685 Thread 0x000002a5e5d01ef0 Thread added: 0x000002a5c64f3330
Event: 9.686 Thread 0x000002a5e5d01ef0 Thread added: 0x000002a5c64f0540
Event: 9.686 Thread 0x000002a5e5d01ef0 Thread added: 0x000002a5c64f39c0
Event: 9.687 Thread 0x000002a5e5d01ef0 Thread added: 0x000002a5c64f46e0
Event: 9.687 Thread 0x000002a5e5d01ef0 Thread added: 0x000002a5c64f1f80
Event: 9.709 Thread 0x000002a5e5d01ef0 Thread added: 0x000002a5c64f0bd0
Event: 10.169 Thread 0x000002a5e5d01ef0 Thread added: 0x000002a5c64f67b0
Event: 10.169 Thread 0x000002a5e5d01ef0 Thread added: 0x000002a5c64f4d70
Event: 11.683 Thread 0x000002a5c6cafbb0 Thread exited: 0x000002a5c6cafbb0
Event: 12.790 Thread 0x000002a5e7e7e2b0 Thread added: 0x000002a5c8234030
Event: 13.826 Thread 0x000002a5c8234030 Thread exited: 0x000002a5c8234030
Event: 13.947 Thread 0x000002a5c5851210 Thread added: 0x000002a5c64f1260
Event: 14.008 Thread 0x000002a5c64f1260 Thread added: 0x000002a5c64f5a90
Event: 14.203 Thread 0x000002a5e7e7e2b0 Thread added: 0x000002a5c89bf060
Event: 15.895 Thread 0x000002a5c89bf060 Thread exited: 0x000002a5c89bf060
Event: 15.994 Thread 0x000002a5c584fe60 Thread added: 0x000002a5c64efeb0
Event: 16.202 Thread 0x000002a5c584fe60 Thread added: 0x000002a5c64f18f0
Event: 16.407 Thread 0x000002a5e7e7e2b0 Thread added: 0x000002a5c6211fc0
Event: 16.634 Thread 0x000002a5c6211fc0 Thread exited: 0x000002a5c6211fc0


Dynamic libraries:
0x00007ff6b7ab0000 - 0x00007ff6b7abe000 	c:\Users\Admin\.antigravity\extensions\redhat.java-1.50.0-win32-x64\jre\21.0.9-win32-x86_64\bin\java.exe
0x00007ff91ea90000 - 0x00007ff91ec88000 	C:\WINDOWS\SYSTEM32\ntdll.dll
0x00007ff91e2b0000 - 0x00007ff91e372000 	C:\WINDOWS\System32\KERNEL32.DLL
0x00007ff91c1c0000 - 0x00007ff91c4b6000 	C:\WINDOWS\System32\KERNELBASE.dll
0x00007ff91c960000 - 0x00007ff91ca60000 	C:\WINDOWS\System32\ucrtbase.dll
0x00007ff8fadc0000 - 0x00007ff8fadd8000 	c:\Users\Admin\.antigravity\extensions\redhat.java-1.50.0-win32-x64\jre\21.0.9-win32-x86_64\bin\jli.dll
0x00007ff91cfd0000 - 0x00007ff91d171000 	C:\WINDOWS\System32\USER32.dll
0x00007ff91c550000 - 0x00007ff91c572000 	C:\WINDOWS\System32\win32u.dll
0x00007ff91cdd0000 - 0x00007ff91cdfb000 	C:\WINDOWS\System32\GDI32.dll
0x00007ff91c710000 - 0x00007ff91c829000 	C:\WINDOWS\System32\gdi32full.dll
0x00007ff91c120000 - 0x00007ff91c1bd000 	C:\WINDOWS\System32\msvcp_win.dll
0x00007ff8face0000 - 0x00007ff8facfe000 	c:\Users\Admin\.antigravity\extensions\redhat.java-1.50.0-win32-x64\jre\21.0.9-win32-x86_64\bin\VCRUNTIME140.dll
0x00007ff90b970000 - 0x00007ff90bc0b000 	C:\WINDOWS\WinSxS\amd64_microsoft.windows.common-controls_6595b64144ccf1df_6.0.19041.6456_none_60b8a6cb71f64256\COMCTL32.dll
0x00007ff91e540000 - 0x00007ff91e5de000 	C:\WINDOWS\System32\msvcrt.dll
0x00007ff91d180000 - 0x00007ff91d1af000 	C:\WINDOWS\System32\IMM32.DLL
0x00007ff90c240000 - 0x00007ff90c24c000 	c:\Users\Admin\.antigravity\extensions\redhat.java-1.50.0-win32-x64\jre\21.0.9-win32-x86_64\bin\vcruntime140_1.dll
0x00007ff8f8670000 - 0x00007ff8f86fd000 	c:\Users\Admin\.antigravity\extensions\redhat.java-1.50.0-win32-x64\jre\21.0.9-win32-x86_64\bin\msvcp140.dll
0x00007ff8e39a0000 - 0x00007ff8e4740000 	c:\Users\Admin\.antigravity\extensions\redhat.java-1.50.0-win32-x64\jre\21.0.9-win32-x86_64\bin\server\jvm.dll
0x00007ff91d220000 - 0x00007ff91d2d1000 	C:\WINDOWS\System32\ADVAPI32.dll
0x00007ff91d2f0000 - 0x00007ff91d38f000 	C:\WINDOWS\System32\sechost.dll
0x00007ff91df50000 - 0x00007ff91e070000 	C:\WINDOWS\System32\RPCRT4.dll
0x00007ff91c6e0000 - 0x00007ff91c707000 	C:\WINDOWS\System32\bcrypt.dll
0x00007ff91d1b0000 - 0x00007ff91d21b000 	C:\WINDOWS\System32\WS2_32.dll
0x00007ff91b6b0000 - 0x00007ff91b6fb000 	C:\WINDOWS\SYSTEM32\POWRPROF.dll
0x00007ff9129b0000 - 0x00007ff9129d7000 	C:\WINDOWS\SYSTEM32\WINMM.dll
0x00007ff915d60000 - 0x00007ff915d6a000 	C:\WINDOWS\SYSTEM32\VERSION.dll
0x00007ff91b520000 - 0x00007ff91b532000 	C:\WINDOWS\SYSTEM32\UMPDC.dll
0x00007ff919fb0000 - 0x00007ff919fc2000 	C:\WINDOWS\SYSTEM32\kernel.appcore.dll
0x00007ff908ec0000 - 0x00007ff908eca000 	c:\Users\Admin\.antigravity\extensions\redhat.java-1.50.0-win32-x64\jre\21.0.9-win32-x86_64\bin\jimage.dll
0x00007ff916af0000 - 0x00007ff916cf1000 	C:\WINDOWS\SYSTEM32\DBGHELP.DLL
0x00007ff8f9ff0000 - 0x00007ff8fa024000 	C:\WINDOWS\SYSTEM32\dbgcore.DLL
0x00007ff91c4c0000 - 0x00007ff91c542000 	C:\WINDOWS\System32\bcryptPrimitives.dll
0x00007ff8fadb0000 - 0x00007ff8fadbf000 	c:\Users\Admin\.antigravity\extensions\redhat.java-1.50.0-win32-x64\jre\21.0.9-win32-x86_64\bin\instrument.dll
0x00007ff8fac00000 - 0x00007ff8fac20000 	c:\Users\Admin\.antigravity\extensions\redhat.java-1.50.0-win32-x64\jre\21.0.9-win32-x86_64\bin\java.dll
0x00007ff91d400000 - 0x00007ff91db70000 	C:\WINDOWS\System32\SHELL32.dll
0x00007ff91a1b0000 - 0x00007ff91a955000 	C:\WINDOWS\SYSTEM32\windows.storage.dll
0x00007ff91db70000 - 0x00007ff91dec4000 	C:\WINDOWS\System32\combase.dll
0x00007ff91bb50000 - 0x00007ff91bb7b000 	C:\WINDOWS\SYSTEM32\Wldp.dll
0x00007ff91e410000 - 0x00007ff91e4dd000 	C:\WINDOWS\System32\OLEAUT32.dll
0x00007ff91e200000 - 0x00007ff91e2ad000 	C:\WINDOWS\System32\SHCORE.dll
0x00007ff91e4e0000 - 0x00007ff91e53b000 	C:\WINDOWS\System32\shlwapi.dll
0x00007ff91c050000 - 0x00007ff91c074000 	C:\WINDOWS\SYSTEM32\profapi.dll
0x00007ff8fa9d0000 - 0x00007ff8fa9e8000 	c:\Users\Admin\.antigravity\extensions\redhat.java-1.50.0-win32-x64\jre\21.0.9-win32-x86_64\bin\zip.dll
0x00007ff8fa630000 - 0x00007ff8fa640000 	C:\Users\Admin\.antigravity\extensions\redhat.java-1.50.0-win32-x64\jre\21.0.9-win32-x86_64\bin\net.dll
0x00007ff915610000 - 0x00007ff91571a000 	C:\WINDOWS\SYSTEM32\WINHTTP.dll
0x00007ff91b8b0000 - 0x00007ff91b91a000 	C:\WINDOWS\system32\mswsock.dll
0x00007ff8fa590000 - 0x00007ff8fa5a6000 	C:\Users\Admin\.antigravity\extensions\redhat.java-1.50.0-win32-x64\jre\21.0.9-win32-x86_64\bin\nio.dll
0x00007ff8fa620000 - 0x00007ff8fa630000 	c:\Users\Admin\.antigravity\extensions\redhat.java-1.50.0-win32-x64\jre\21.0.9-win32-x86_64\bin\verify.dll
0x00007ff8f4720000 - 0x00007ff8f4764000 	C:\Users\Admin\AppData\Roaming\Antigravity\User\globalStorage\redhat.java\1.50.0\config_win\org.eclipse.equinox.launcher\org.eclipse.equinox.launcher.win32.win32.x86_64_1.2.1400.v20250801-0854\eclipse_11916.dll
0x00007ff91e0d0000 - 0x00007ff91e1fb000 	C:\WINDOWS\System32\ole32.dll
0x00007ff91baa0000 - 0x00007ff91bab8000 	C:\WINDOWS\SYSTEM32\CRYPTSP.dll
0x00007ff91b160000 - 0x00007ff91b198000 	C:\WINDOWS\system32\rsaenh.dll
0x00007ff91c010000 - 0x00007ff91c03e000 	C:\WINDOWS\SYSTEM32\USERENV.dll
0x00007ff91bac0000 - 0x00007ff91bacc000 	C:\WINDOWS\SYSTEM32\CRYPTBASE.dll
0x00007ff91b540000 - 0x00007ff91b57b000 	C:\WINDOWS\SYSTEM32\IPHLPAPI.DLL
0x00007ff91d2e0000 - 0x00007ff91d2e8000 	C:\WINDOWS\System32\NSI.dll
0x00007ff909030000 - 0x00007ff909079000 	C:\Users\Admin\AppData\Local\Temp\jna-63116079\jna12621441981784045503.dll
0x00007ff91d390000 - 0x00007ff91d398000 	C:\WINDOWS\System32\PSAPI.DLL
0x00007ff9166d0000 - 0x00007ff9166e7000 	C:\WINDOWS\SYSTEM32\dhcpcsvc6.DLL
0x00007ff9166b0000 - 0x00007ff9166cd000 	C:\WINDOWS\SYSTEM32\dhcpcsvc.DLL
0x00007ff8f8890000 - 0x00007ff8f88b7000 	C:\Users\Admin\.gradle\native\1def1411415f61bf3af743bc5b6707747c0891f09f0c88961ee8f79bc544acac\windows-amd64\native-platform.dll
0x00007ff8fa390000 - 0x00007ff8fa39a000 	C:\Users\Admin\.antigravity\extensions\redhat.java-1.50.0-win32-x64\jre\21.0.9-win32-x86_64\bin\management.dll
0x00007ff8fa380000 - 0x00007ff8fa38c000 	C:\Users\Admin\.antigravity\extensions\redhat.java-1.50.0-win32-x64\jre\21.0.9-win32-x86_64\bin\management_ext.dll

JVMTI agents:
c:\Users\Admin\.antigravity\extensions\redhat.java-1.50.0-win32-x64\lombok\lombok-1.18.39-4050.jar path:c:\Users\Admin\.antigravity\extensions\redhat.java-1.50.0-win32-x64\jre\21.0.9-win32-x86_64\bin\instrument.dll, loaded, initialized, instrumentlib options:none

dbghelp: loaded successfully - version: 4.0.5 - missing functions: none
symbol engine: initialized successfully - sym options: 0x614 - pdb path: .;c:\Users\Admin\.antigravity\extensions\redhat.java-1.50.0-win32-x64\jre\21.0.9-win32-x86_64\bin;C:\WINDOWS\SYSTEM32;C:\WINDOWS\WinSxS\amd64_microsoft.windows.common-controls_6595b64144ccf1df_6.0.19041.6456_none_60b8a6cb71f64256;c:\Users\Admin\.antigravity\extensions\redhat.java-1.50.0-win32-x64\jre\21.0.9-win32-x86_64\bin\server;C:\Users\Admin\AppData\Roaming\Antigravity\User\globalStorage\redhat.java\1.50.0\config_win\org.eclipse.equinox.launcher\org.eclipse.equinox.launcher.win32.win32.x86_64_1.2.1400.v20250801-0854;C:\Users\Admin\AppData\Local\Temp\jna-63116079;C:\Users\Admin\.gradle\native\1def1411415f61bf3af743bc5b6707747c0891f09f0c88961ee8f79bc544acac\windows-amd64

VM Arguments:
jvm_args: --add-modules=ALL-SYSTEM --add-opens=java.base/java.util=ALL-UNNAMED --add-opens=java.base/java.lang=ALL-UNNAMED --add-opens=java.base/sun.nio.fs=ALL-UNNAMED -Declipse.application=org.eclipse.jdt.ls.core.id1 -Dosgi.bundles.defaultStartLevel=4 -Declipse.product=org.eclipse.jdt.ls.core.product -Djava.import.generatesMetadataFilesAtProjectRoot=false -DDetectVMInstallationsJob.disabled=true -Dfile.encoding=utf8 -XX:+UseParallelGC -XX:GCTimeRatio=4 -XX:AdaptiveSizePolicyWeight=90 -Dsun.zip.disableMemoryMapping=true -Xmx2G -Xms100m -Xlog:disable -javaagent:c:\Users\Admin\.antigravity\extensions\redhat.java-1.50.0-win32-x64\lombok\lombok-1.18.39-4050.jar -XX:+HeapDumpOnOutOfMemoryError -XX:HeapDumpPath=c:\Users\Admin\AppData\Roaming\Antigravity\User\workspaceStorage\af1cb1524c391b6bf54d4a5b5d479961\redhat.java -Daether.dependencyCollector.impl=bf 
java_command: c:\Users\Admin\.antigravity\extensions\redhat.java-1.50.0-win32-x64\server\plugins\org.eclipse.equinox.launcher_1.7.100.v20251111-0406.jar -configuration c:\Users\Admin\AppData\Roaming\Antigravity\User\globalStorage\redhat.java\1.50.0\config_win -data c:\Users\Admin\AppData\Roaming\Antigravity\User\workspaceStorage\af1cb1524c391b6bf54d4a5b5d479961\redhat.java\jdt_ws --pipe=\\.\pipe\lsp-c001940d89b5bdf1b62b16a59ab4eb50-sock
java_class_path (initial): c:\Users\Admin\.antigravity\extensions\redhat.java-1.50.0-win32-x64\server\plugins\org.eclipse.equinox.launcher_1.7.100.v20251111-0406.jar
Launcher Type: SUN_STANDARD

[Global flags]
    uintx AdaptiveSizePolicyWeight                 = 90                                        {product} {command line}
     intx CICompilerCount                          = 3                                         {product} {ergonomic}
    uintx GCTimeRatio                              = 4                                         {product} {command line}
     bool HeapDumpOnOutOfMemoryError               = true                                   {manageable} {command line}
    ccstr HeapDumpPath                             = c:\Users\Admin\AppData\Roaming\Antigravity\User\workspaceStorage\af1cb1524c391b6bf54d4a5b5d479961\redhat.java         {manageable} {command line}
   size_t InitialHeapSize                          = 104857600                                 {product} {command line}
   size_t MaxHeapSize                              = 2147483648                                {product} {command line}
   size_t MaxNewSize                               = 715653120                                 {product} {ergonomic}
   size_t MinHeapDeltaBytes                        = 524288                                    {product} {ergonomic}
   size_t MinHeapSize                              = 104857600                                 {product} {command line}
   size_t NewSize                                  = 34603008                                  {product} {ergonomic}
    uintx NonNMethodCodeHeapSize                   = 5832780                                {pd product} {ergonomic}
    uintx NonProfiledCodeHeapSize                  = 122912730                              {pd product} {ergonomic}
   size_t OldSize                                  = 70254592                                  {product} {ergonomic}
    uintx ProfiledCodeHeapSize                     = 122912730                              {pd product} {ergonomic}
    uintx ReservedCodeCacheSize                    = 251658240                              {pd product} {ergonomic}
     bool SegmentedCodeCache                       = true                                      {product} {ergonomic}
   size_t SoftMaxHeapSize                          = 2147483648                             {manageable} {ergonomic}
     bool UseCompressedOops                        = true                           {product lp64_product} {ergonomic}
     bool UseLargePagesIndividualAllocation        = false                                  {pd product} {ergonomic}
     bool UseParallelGC                            = true                                      {product} {command line}

Logging:
Log output configuration:
 #0: stdout all=off uptime,level,tags foldmultilines=false
 #1: stderr all=off uptime,level,tags foldmultilines=false

Release file:
JAVA_VERSION="21.0.9" 
MODULES="java.base java.compiler java.datatransfer java.xml java.prefs java.desktop java.instrument java.logging java.management java.security.sasl java.naming java.rmi java.management.rmi java.net.http java.scripting java.security.jgss java.transaction.xa java.sql java.sql.rowset java.xml.crypto java.se java.smartcardio jdk.accessibility jdk.internal.jvmstat jdk.attach jdk.charsets jdk.internal.opt jdk.zipfs jdk.compiler jdk.crypto.ec jdk.crypto.cryptoki jdk.crypto.mscapi jdk.dynalink jdk.internal.ed jdk.editpad jdk.hotspot.agent jdk.httpserver jdk.internal.le jdk.internal.vm.ci jdk.internal.vm.compiler jdk.internal.vm.compiler.management jdk.jartool jdk.javadoc jdk.jcmd jdk.management jdk.management.agent jdk.jconsole jdk.jdeps jdk.jdwp.agent jdk.jdi jdk.jfr jdk.jshell jdk.jsobject jdk.jstatd jdk.localedata jdk.management.jfr jdk.naming.dns jdk.naming.rmi jdk.net jdk.nio.mapmode jdk.random jdk.sctp jdk.security.auth jdk.security.jgss jdk.unsupported jdk.unsupported.desktop jdk.xml.dom" 

Environment Variables:
PATH=C:\Program Files\Common Files\Oracle\Java\javapath;C:\WINDOWS\system32;C:\WINDOWS;C:\WINDOWS\System32\Wbem;C:\WINDOWS\System32\WindowsPowerShell\v1.0\;C:\WINDOWS\System32\OpenSSH\;C:\Program Files\Microsoft SQL Server\150\Tools\Binn\;C:\Program Files\nodejs\;C:\Users\Admin\AppData\Local\Microsoft\WindowsApps;C:\Users\Admin\AppData\Local\Programs\Microsoft VS Code\bin;C:\Users\Admin\AppData\Local\Programs\Antigravity\bin;C:\Users\Admin\AppData\Roaming\npm
USERNAME=Admin
OS=Windows_NT
PROCESSOR_IDENTIFIER=Intel64 Family 6 Model 42 Stepping 7, GenuineIntel
TMP=C:\Users\Admin\AppData\Local\Temp
TEMP=C:\Users\Admin\AppData\Local\Temp




Periodic native trim disabled

---------------  S Y S T E M  ---------------

OS:
 Windows 10 , 64 bit Build 19041 (10.0.19041.5915)
OS uptime: 0 days 10:53 hours

CPU: total 4 (initial active 4) (4 cores per cpu, 1 threads per core) family 6 model 42 stepping 7 microcode 0x2f, cx8, cmov, fxsr, mmx, sse, sse2, sse3, ssse3, sse4.1, sse4.2, popcnt, tsc, tscinvbit, avx, aes, clmul, vzeroupper, clflush, rdtscp
Processor Information for the first 4 processors :
  Max Mhz: 3301, Current Mhz: 3301, Mhz Limit: 3301

Memory: 4k page, system-wide physical 16337M (7378M free)
TotalPageFile size 20433M (AvailPageFile size 3M)
current process WorkingSet (physical memory assigned to process): 220M, peak: 224M
current process commit charge ("private bytes"): 318M, peak: 339M

vm_info: OpenJDK 64-Bit Server VM (21.0.9+10-LTS) for windows-amd64 JRE (21.0.9+10-LTS), built on 2025-10-21T00:00:00Z by "admin" with unknown MS VC++:1942

END.
