#
# There is insufficient memory for the Java Runtime Environment to continue.
# Native memory allocation (malloc) failed to allocate 1729456 bytes. Error detail: Chunk::new
# Possible reasons:
#   The system is out of physical RAM or swap space
#   This process is running with CompressedOops enabled, and the Java Heap may be blocking the growth of the native heap
# Possible solutions:
#   Reduce memory load on the system
#   Increase physical memory or swap space
#   Check if swap backing store is full
#   Decrease Java heap size (-Xmx/-Xms)
#   Decrease number of Java threads
#   Decrease Java thread stack sizes (-Xss)
#   Set larger code cache with -XX:ReservedCodeCacheSize=
#   JVM is running with Unscaled Compressed Oops mode in which the Java heap is
#     placed in the first 4GB address space. The Java Heap base address is the
#     maximum limit for the native heap growth. Please use -XX:HeapBaseMinAddress
#     to set the Java Heap base and to place the Java Heap above 4GB virtual address.
# This output file may be truncated or incomplete.
#
#  Out of Memory Error (arena.cpp:168), pid=17088, tid=5640
#
# JRE version: OpenJDK Runtime Environment Temurin-21.0.9+10 (21.0.9+10) (build 21.0.9+10-LTS)
# Java VM: OpenJDK 64-Bit Server VM Temurin-21.0.9+10 (21.0.9+10-LTS, mixed mode, sharing, tiered, compressed oops, compressed class ptrs, parallel gc, windows-amd64)
# No core dump will be written. Minidumps are not enabled by default on client versions of Windows
#

---------------  S U M M A R Y ------------

Command Line: --add-modules=ALL-SYSTEM --add-opens=java.base/java.util=ALL-UNNAMED --add-opens=java.base/java.lang=ALL-UNNAMED --add-opens=java.base/sun.nio.fs=ALL-UNNAMED -Declipse.application=org.eclipse.jdt.ls.core.id1 -Dosgi.bundles.defaultStartLevel=4 -Declipse.product=org.eclipse.jdt.ls.core.product -Djava.import.generatesMetadataFilesAtProjectRoot=false -DDetectVMInstallationsJob.disabled=true -Dfile.encoding=utf8 -XX:+UseParallelGC -XX:GCTimeRatio=4 -XX:AdaptiveSizePolicyWeight=90 -Dsun.zip.disableMemoryMapping=true -Xmx2G -Xms100m -Xlog:disable -javaagent:c:\Users\Admin\.antigravity\extensions\redhat.java-1.50.0-win32-x64\lombok\lombok-1.18.39-4050.jar -XX:+HeapDumpOnOutOfMemoryError -XX:HeapDumpPath=c:\Users\Admin\AppData\Roaming\Antigravity\User\workspaceStorage\af1cb1524c391b6bf54d4a5b5d479961\redhat.java -Daether.dependencyCollector.impl=bf c:\Users\Admin\.antigravity\extensions\redhat.java-1.50.0-win32-x64\server\plugins\org.eclipse.equinox.launcher_1.7.100.v20251111-0406.jar -configuration c:\Users\Admin\AppData\Roaming\Antigravity\User\globalStorage\redhat.java\1.50.0\config_win -data c:\Users\Admin\AppData\Roaming\Antigravity\User\workspaceStorage\af1cb1524c391b6bf54d4a5b5d479961\redhat.java\jdt_ws --pipe=\\.\pipe\lsp-8183f75d7cf7a62a164c11092181296d-sock

Host: Intel(R) Core(TM) i5-2500 CPU @ 3.30GHz, 4 cores, 15G,  Windows 10 , 64 bit Build 19041 (10.0.19041.5915)
Time: Thu Dec 18 17:39:43 2025 SE Asia Standard Time elapsed time: 26.815930 seconds (0d 0h 0m 26s)

---------------  T H R E A D  ---------------

Current thread (0x000001ffeb12e380):  JavaThread "C2 CompilerThread0" daemon [_thread_in_native, id=5640, stack(0x000000ab60400000,0x000000ab60500000) (1024K)]


Current CompileTask:
C2:26816 8441   !   4       org.eclipse.jdt.internal.core.search.indexing.BinaryIndexer::indexDocument (1172 bytes)

Stack: [0x000000ab60400000,0x000000ab60500000]
Native frames: (J=compiled Java code, j=interpreted, Vv=VM code, C=native code)
V  [jvm.dll+0x6d6e29]
V  [jvm.dll+0x8b4b76]
V  [jvm.dll+0x8b712e]
V  [jvm.dll+0x8b7813]
V  [jvm.dll+0x283d86]
V  [jvm.dll+0xc66ed]
V  [jvm.dll+0xc6c31]
V  [jvm.dll+0x3be501]
V  [jvm.dll+0x38ab92]
V  [jvm.dll+0x389fda]
V  [jvm.dll+0x24bfa0]
V  [jvm.dll+0x24b580]
V  [jvm.dll+0x1cb13e]
V  [jvm.dll+0x25b29d]
V  [jvm.dll+0x25982a]
V  [jvm.dll+0x3f7ea6]
V  [jvm.dll+0x85e9ad]
V  [jvm.dll+0x6d565d]
C  [ucrtbase.dll+0x21bb2]
C  [KERNEL32.DLL+0x17374]
C  [ntdll.dll+0x4cc91]


---------------  P R O C E S S  ---------------

Threads class SMR info:
_java_thread_list=0x000001fff3bdba20, length=47, elements={
0x000001ff91371ef0, 0x000001ffeb1247c0, 0x000001ffeb125e00, 0x000001ffeb128a60,
0x000001ffeb1296b0, 0x000001ffeb12c110, 0x000001ffeb12cb60, 0x000001ffeb12e380,
0x000001ffeb1a84c0, 0x000001fff00b9080, 0x000001fff026cfc0, 0x000001fff0b158c0,
0x000001fff0b186b0, 0x000001fff0b15f50, 0x000001fff0b15230, 0x000001fff0b18020,
0x000001fff0b165e0, 0x000001fff0b17990, 0x000001fff0b16c70, 0x000001fff0b17300,
0x000001fff21cf720, 0x000001fff21cfdb0, 0x000001fff21d0ad0, 0x000001fff21d5300,
0x000001fff21d1160, 0x000001fff21d4c70, 0x000001fff21d0440, 0x000001fff21d17f0,
0x000001fff21d3f50, 0x000001fff21d1e80, 0x000001fff21d5990, 0x000001fff21d45e0,
0x000001fff21d2510, 0x000001fff21d6020, 0x000001fff21d3230, 0x000001fff21d38c0,
0x000001fff21cf090, 0x000001fff21d66b0, 0x000001fff2532af0, 0x000001fff2530390,
0x000001fff2531740, 0x000001fff252efe0, 0x000001fff252fd00, 0x000001fff2531dd0,
0x000001fff2532460, 0x000001fff252f670, 0x000001fff1237020
}

Java Threads: ( => current thread )
  0x000001ff91371ef0 JavaThread "main"                              [_thread_blocked, id=4328, stack(0x000000ab5fa00000,0x000000ab5fb00000) (1024K)]
  0x000001ffeb1247c0 JavaThread "Reference Handler"          daemon [_thread_blocked, id=14068, stack(0x000000ab5fe00000,0x000000ab5ff00000) (1024K)]
  0x000001ffeb125e00 JavaThread "Finalizer"                  daemon [_thread_blocked, id=15752, stack(0x000000ab5ff00000,0x000000ab60000000) (1024K)]
  0x000001ffeb128a60 JavaThread "Signal Dispatcher"          daemon [_thread_blocked, id=9824, stack(0x000000ab60000000,0x000000ab60100000) (1024K)]
  0x000001ffeb1296b0 JavaThread "Attach Listener"            daemon [_thread_blocked, id=12764, stack(0x000000ab60100000,0x000000ab60200000) (1024K)]
  0x000001ffeb12c110 JavaThread "Service Thread"             daemon [_thread_blocked, id=9244, stack(0x000000ab60200000,0x000000ab60300000) (1024K)]
  0x000001ffeb12cb60 JavaThread "Monitor Deflation Thread"   daemon [_thread_blocked, id=18304, stack(0x000000ab60300000,0x000000ab60400000) (1024K)]
=>0x000001ffeb12e380 JavaThread "C2 CompilerThread0"         daemon [_thread_in_native, id=5640, stack(0x000000ab60400000,0x000000ab60500000) (1024K)]
  0x000001ffeb1a84c0 JavaThread "C1 CompilerThread0"         daemon [_thread_blocked, id=15464, stack(0x000000ab60500000,0x000000ab60600000) (1024K)]
  0x000001fff00b9080 JavaThread "Common-Cleaner"             daemon [_thread_blocked, id=7680, stack(0x000000ab60600000,0x000000ab60700000) (1024K)]
  0x000001fff026cfc0 JavaThread "Notification Thread"        daemon [_thread_blocked, id=10672, stack(0x000000ab60700000,0x000000ab60800000) (1024K)]
  0x000001fff0b158c0 JavaThread "Active Thread: Equinox Container: ae54b1bf-db28-4fb4-8728-696b4cd70ecf"        [_thread_blocked, id=10680, stack(0x000000ab60c00000,0x000000ab60d00000) (1024K)]
  0x000001fff0b186b0 JavaThread "Refresh Thread: Equinox Container: ae54b1bf-db28-4fb4-8728-696b4cd70ecf" daemon [_thread_blocked, id=12224, stack(0x000000ab60d00000,0x000000ab60e00000) (1024K)]
  0x000001fff0b15f50 JavaThread "Framework Event Dispatcher: Equinox Container: ae54b1bf-db28-4fb4-8728-696b4cd70ecf" daemon [_thread_blocked, id=18236, stack(0x000000ab60e00000,0x000000ab60f00000) (1024K)]
  0x000001fff0b15230 JavaThread "Start Level: Equinox Container: ae54b1bf-db28-4fb4-8728-696b4cd70ecf" daemon [_thread_blocked, id=8288, stack(0x000000ab60f00000,0x000000ab61000000) (1024K)]
  0x000001fff0b18020 JavaThread "Bundle File Closer"         daemon [_thread_blocked, id=19364, stack(0x000000ab61000000,0x000000ab61100000) (1024K)]
  0x000001fff0b165e0 JavaThread "SCR Component Actor"        daemon [_thread_blocked, id=17360, stack(0x000000ab61100000,0x000000ab61200000) (1024K)]
  0x000001fff0b17990 JavaThread "Worker-JM"                         [_thread_blocked, id=7792, stack(0x000000ab61200000,0x000000ab61300000) (1024K)]
  0x000001fff0b16c70 JavaThread "JNA Cleaner"                daemon [_thread_blocked, id=7140, stack(0x000000ab61300000,0x000000ab61400000) (1024K)]
  0x000001fff0b17300 JavaThread "Worker-0"                          [_thread_blocked, id=14076, stack(0x000000ab61400000,0x000000ab61500000) (1024K)]
  0x000001fff21cf720 JavaThread "Worker-1: Refreshing workspace"        [_thread_blocked, id=14560, stack(0x000000ab61500000,0x000000ab61600000) (1024K)]
  0x000001fff21cfdb0 JavaThread "Worker-2: Java indexing... "        [_thread_blocked, id=17752, stack(0x000000ab61600000,0x000000ab61700000) (1024K)]
  0x000001fff21d0ad0 JavaThread "Worker-3"                          [_thread_blocked, id=9836, stack(0x000000ab61700000,0x000000ab61800000) (1024K)]
  0x000001fff21d5300 JavaThread "Java indexing"              daemon [_thread_in_Java, id=16884, stack(0x000000ab61800000,0x000000ab61900000) (1024K)]
  0x000001fff21d1160 JavaThread "Worker-4"                          [_thread_blocked, id=8860, stack(0x000000ab61900000,0x000000ab61a00000) (1024K)]
  0x000001fff21d4c70 JavaThread "Worker-5"                          [_thread_blocked, id=14732, stack(0x000000ab61b00000,0x000000ab61c00000) (1024K)]
  0x000001fff21d0440 JavaThread "Worker-6"                          [_thread_blocked, id=6976, stack(0x000000ab61d00000,0x000000ab61e00000) (1024K)]
  0x000001fff21d17f0 JavaThread "Thread-1"                   daemon [_thread_in_native, id=16516, stack(0x000000ab61e00000,0x000000ab61f00000) (1024K)]
  0x000001fff21d3f50 JavaThread "Thread-2"                   daemon [_thread_in_native, id=248, stack(0x000000ab61f00000,0x000000ab62000000) (1024K)]
  0x000001fff21d1e80 JavaThread "Thread-3"                   daemon [_thread_in_native, id=19264, stack(0x000000ab62000000,0x000000ab62100000) (1024K)]
  0x000001fff21d5990 JavaThread "Thread-4"                   daemon [_thread_in_native, id=14160, stack(0x000000ab62100000,0x000000ab62200000) (1024K)]
  0x000001fff21d45e0 JavaThread "Thread-5"                   daemon [_thread_in_native, id=9048, stack(0x000000ab62200000,0x000000ab62300000) (1024K)]
  0x000001fff21d2510 JavaThread "Worker-7: Synchronize Gradle projects with workspace"        [_thread_blocked, id=16152, stack(0x000000ab62300000,0x000000ab62400000) (1024K)]
  0x000001fff21d6020 JavaThread "pool-2-thread-1"                   [_thread_blocked, id=2556, stack(0x000000ab62400000,0x000000ab62500000) (1024K)]
  0x000001fff21d3230 JavaThread "Worker-8: Initialize Workspace"        [_thread_blocked, id=18336, stack(0x000000ab62500000,0x000000ab62600000) (1024K)]
  0x000001fff21d38c0 JavaThread "Timer-0"                           [_thread_blocked, id=6760, stack(0x000000ab62600000,0x000000ab62700000) (1024K)]
  0x000001fff21cf090 JavaThread "WorkspaceEventsHandler"            [_thread_blocked, id=17600, stack(0x000000ab62700000,0x000000ab62800000) (1024K)]
  0x000001fff21d66b0 JavaThread "pool-1-thread-1"                   [_thread_blocked, id=18688, stack(0x000000ab62800000,0x000000ab62900000) (1024K)]
  0x000001fff2532af0 JavaThread "Timer-1"                           [_thread_blocked, id=13204, stack(0x000000ab62900000,0x000000ab62a00000) (1024K)]
  0x000001fff2530390 JavaThread "Timer-2"                           [_thread_blocked, id=7704, stack(0x000000ab62b00000,0x000000ab62c00000) (1024K)]
  0x000001fff2531740 JavaThread "Timer-3"                           [_thread_blocked, id=14996, stack(0x000000ab60800000,0x000000ab60900000) (1024K)]
  0x000001fff252efe0 JavaThread "Timer-4"                           [_thread_blocked, id=14192, stack(0x000000ab62a00000,0x000000ab62b00000) (1024K)]
  0x000001fff252fd00 JavaThread "Timer-5"                           [_thread_blocked, id=16364, stack(0x000000ab62c00000,0x000000ab62d00000) (1024K)]
  0x000001fff2531dd0 JavaThread "Timer-6"                           [_thread_blocked, id=13508, stack(0x000000ab62d00000,0x000000ab62e00000) (1024K)]
  0x000001fff2532460 JavaThread "Timer-7"                           [_thread_blocked, id=7940, stack(0x000000ab62e00000,0x000000ab62f00000) (1024K)]
  0x000001fff252f670 JavaThread "Connection worker"                 [_thread_in_native, id=4676, stack(0x000000ab62f00000,0x000000ab63000000) (1024K)]
  0x000001fff1237020 JavaThread "C2 CompilerThread1"         daemon [_thread_in_native, id=15340, stack(0x000000ab63000000,0x000000ab63100000) (1024K)]
Total: 47

Other Threads:
  0x000001ff9143eb80 VMThread "VM Thread"                           [id=19032, stack(0x000000ab5fd00000,0x000000ab5fe00000) (1024K)]
  0x000001ff935ce300 WatcherThread "VM Periodic Task Thread"        [id=5660, stack(0x000000ab5fc00000,0x000000ab5fd00000) (1024K)]
  0x000001ff9357ff20 WorkerThread "GC Thread#0"                     [id=18804, stack(0x000000ab5fb00000,0x000000ab5fc00000) (1024K)]
  0x000001fff0539af0 WorkerThread "GC Thread#1"                     [id=18260, stack(0x000000ab60900000,0x000000ab60a00000) (1024K)]
  0x000001fff07b8140 WorkerThread "GC Thread#2"                     [id=8988, stack(0x000000ab60a00000,0x000000ab60b00000) (1024K)]
  0x000001fff07b84e0 WorkerThread "GC Thread#3"                     [id=19080, stack(0x000000ab60b00000,0x000000ab60c00000) (1024K)]
Total: 6

Threads with active compile tasks:
C2 CompilerThread0  26845 8441   !   4       org.eclipse.jdt.internal.core.search.indexing.BinaryIndexer::indexDocument (1172 bytes)
C2 CompilerThread1  26845 8434 %     4       org.eclipse.jdt.internal.core.search.indexing.BinaryIndexer::extractReferenceFromConstantPool @ 324 (358 bytes)
Total: 2

VM state: not at safepoint (normal execution)

VM Mutex/Monitor currently owned by a thread: None

Heap address: 0x0000000080000000, size: 2048 MB, Compressed Oops mode: 32-bit

CDS archive(s) mapped at: [0x000001ffaa000000-0x000001ffaaba0000-0x000001ffaaba0000), size 12189696, SharedBaseAddress: 0x000001ffaa000000, ArchiveRelocationMode: 1.
Compressed class space mapped at: 0x000001ffab000000-0x000001ffeb000000, reserved size: 1073741824
Narrow klass base: 0x000001ffaa000000, Narrow klass shift: 0, Narrow klass range: 0x100000000

GC Precious Log:
 CardTable entry size: 512
 CPUs: 4 total, 4 available
 Memory: 16337M
 Large Page Support: Disabled
 NUMA Support: Disabled
 Compressed Oops: Enabled (32-bit)
 Alignments: Space 512K, Generation 512K, Heap 2M
 Heap Min Capacity: 100M
 Heap Initial Capacity: 100M
 Heap Max Capacity: 2G
 Pre-touch: Disabled
 Parallel Workers: 4

Heap:
 PSYoungGen      total 17408K, used 12051K [0x00000000d5580000, 0x00000000d6800000, 0x0000000100000000)
  eden space 15872K, 66% used [0x00000000d5580000,0x00000000d5fc60f0,0x00000000d6500000)
  from space 1536K, 99% used [0x00000000d6680000,0x00000000d67fee30,0x00000000d6800000)
  to   space 1536K, 0% used [0x00000000d6500000,0x00000000d6500000,0x00000000d6680000)
 ParOldGen       total 71168K, used 71058K [0x0000000080000000, 0x0000000084580000, 0x00000000d5580000)
  object space 71168K, 99% used [0x0000000080000000,0x0000000084564a60,0x0000000084580000)
 Metaspace       used 62953K, committed 64256K, reserved 1114112K
  class space    used 7833K, committed 8448K, reserved 1048576K

Card table byte_map: [0x000001ff92f20000,0x000001ff93330000] _byte_map_base: 0x000001ff92b20000

Marking Bits: (ParMarkBitMap*) 0x00007ff8e4662460
 Begin Bits: [0x000001ffa5a20000, 0x000001ffa7a20000)
 End Bits:   [0x000001ffa7a20000, 0x000001ffa9a20000)

Polling page: 0x000001ff91560000

Metaspace:

Usage:
  Non-class:     53.83 MB used.
      Class:      7.65 MB used.
       Both:     61.48 MB used.

Virtual space:
  Non-class space:       64.00 MB reserved,      54.50 MB ( 85%) committed,  1 nodes.
      Class space:        1.00 GB reserved,       8.25 MB ( <1%) committed,  1 nodes.
             Both:        1.06 GB reserved,      62.75 MB (  6%) committed. 

Chunk freelists:
   Non-Class:  9.50 MB
       Class:  7.70 MB
        Both:  17.20 MB

MaxMetaspaceSize: unlimited
CompressedClassSpaceSize: 1.00 GB
Initial GC threshold: 21.00 MB
Current GC threshold: 97.31 MB
CDS: on
 - commit_granule_bytes: 65536.
 - commit_granule_words: 8192.
 - virtual_space_node_default_size: 8388608.
 - enlarge_chunks_in_place: 1.
 - use_allocation_guard: 0.


Internal statistics:

num_allocs_failed_limit: 9.
num_arena_births: 1092.
num_arena_deaths: 26.
num_vsnodes_births: 2.
num_vsnodes_deaths: 0.
num_space_committed: 1004.
num_space_uncommitted: 0.
num_chunks_returned_to_freelist: 36.
num_chunks_taken_from_freelist: 3968.
num_chunk_merges: 12.
num_chunk_splits: 2491.
num_chunks_enlarged: 1480.
num_inconsistent_stats: 0.

CodeHeap 'non-profiled nmethods': size=120000Kb used=5755Kb max_used=5755Kb free=114244Kb
 bounds [0x000001ff9e240000, 0x000001ff9e7e0000, 0x000001ffa5770000]
CodeHeap 'profiled nmethods': size=120000Kb used=15938Kb max_used=15938Kb free=104061Kb
 bounds [0x000001ff96770000, 0x000001ff97710000, 0x000001ff9dca0000]
CodeHeap 'non-nmethods': size=5760Kb used=1395Kb max_used=1478Kb free=4365Kb
 bounds [0x000001ff9dca0000, 0x000001ff9df10000, 0x000001ff9e240000]
CodeCache: size=245760Kb, used=23088Kb, max_used=23171Kb, free=222670Kb
 total_blobs=8328, nmethods=7628, adapters=606, full_count=0
Compilation: enabled, stopped_count=0, restarted_count=0

Compilation events (20 events):
Event: 26.479 Thread 0x000001ffeb12e380 nmethod 8432% 0x000001ff9e7d8c90 code [0x000001ff9e7d8ee0, 0x000001ff9e7d9a80]
Event: 26.479 Thread 0x000001ffeb12e380 8435       4       org.eclipse.jdt.internal.compiler.util.HashtableOfObject::rehash (84 bytes)
Event: 26.484 Thread 0x000001ffeb1a84c0 8439       3       org.eclipse.jdt.core.Signature::checkArrayDimension (92 bytes)
Event: 26.484 Thread 0x000001ffeb1a84c0 nmethod 8439 0x000001ff976fd790 code [0x000001ff976fd960, 0x000001ff976fdd00]
Event: 26.493 Thread 0x000001ffeb12e380 nmethod 8435 0x000001ff9e7da090 code [0x000001ff9e7da2a0, 0x000001ff9e7dac08]
Event: 26.493 Thread 0x000001ffeb12e380 8438       4       org.eclipse.jdt.internal.core.search.indexing.BinaryIndexer::extractArgCount (8 bytes)
Event: 26.504 Thread 0x000001ffeb12e380 nmethod 8438 0x000001ff9e7db310 code [0x000001ff9e7db4e0, 0x000001ff9e7dbbd8]
Event: 26.504 Thread 0x000001ffeb12e380 8437   !   4       java.io.File::toURI (69 bytes)
Event: 26.516 Thread 0x000001ffeb12e380 nmethod 8437 0x000001ff9e7dbf90 code [0x000001ff9e7dc240, 0x000001ff9e7dcc80]
Event: 26.517 Thread 0x000001ffeb12e380 8436       4       java.nio.ByteBuffer::limit (6 bytes)
Event: 26.518 Thread 0x000001ffeb12e380 nmethod 8436 0x000001ff9e7dd790 code [0x000001ff9e7dd920, 0x000001ff9e7dda50]
Event: 26.526 Thread 0x000001ffeb12e380 8440       4       org.eclipse.jdt.internal.compiler.classfmt.ClassFileReader::isStaticInner (63 bytes)
Event: 26.536 Thread 0x000001ffeb1a84c0 8443       3       org.eclipse.jdt.internal.core.search.indexing.BinaryIndexer::decodeReturnType (407 bytes)
Event: 26.537 Thread 0x000001ffeb1a84c0 nmethod 8443 0x000001ff976fde10 code [0x000001ff976fe1e0, 0x000001ff976ff2f0]
Event: 26.537 Thread 0x000001ffeb12e380 nmethod 8440 0x000001ff9e7ddb90 code [0x000001ff9e7dddc0, 0x000001ff9e7de620]
Event: 26.537 Thread 0x000001ffeb12e380 8441   !   4       org.eclipse.jdt.internal.core.search.indexing.BinaryIndexer::indexDocument (1172 bytes)
Event: 26.674 Thread 0x000001ffeb1a84c0 8447   !   3       org.eclipse.jdt.core.Signature::getTypeParameters (313 bytes)
Event: 26.675 Thread 0x000001ffeb1a84c0 nmethod 8447 0x000001ff976ff710 code [0x000001ff976ffa60, 0x000001ff97700f10]
Event: 26.678 Thread 0x000001ffeb1a84c0 8448       3       org.eclipse.jdt.core.Signature::encodeQualifiedName (207 bytes)
Event: 26.679 Thread 0x000001ffeb1a84c0 nmethod 8448 0x000001ff97701910 code [0x000001ff97701bc0, 0x000001ff977028c0]

GC Heap History (20 events):
Event: 25.647 GC heap before
{Heap before GC invocations=52 (full 3):
 PSYoungGen      total 18432K, used 18289K [0x00000000d5580000, 0x00000000d6b00000, 0x0000000100000000)
  eden space 16896K, 100% used [0x00000000d5580000,0x00000000d6600000,0x00000000d6600000)
  from space 1536K, 90% used [0x00000000d6980000,0x00000000d6adc5e0,0x00000000d6b00000)
  to   space 2048K, 0% used [0x00000000d6700000,0x00000000d6700000,0x00000000d6900000)
 ParOldGen       total 68608K, used 57954K [0x0000000080000000, 0x0000000084300000, 0x00000000d5580000)
  object space 68608K, 84% used [0x0000000080000000,0x0000000083898868,0x0000000084300000)
 Metaspace       used 62904K, committed 64256K, reserved 1114112K
  class space    used 7830K, committed 8448K, reserved 1048576K
}
Event: 25.648 GC heap after
{Heap after GC invocations=52 (full 3):
 PSYoungGen      total 18432K, used 1171K [0x00000000d5580000, 0x00000000d6a00000, 0x0000000100000000)
  eden space 16896K, 0% used [0x00000000d5580000,0x00000000d5580000,0x00000000d6600000)
  from space 1536K, 76% used [0x00000000d6700000,0x00000000d6824fb8,0x00000000d6880000)
  to   space 1536K, 0% used [0x00000000d6880000,0x00000000d6880000,0x00000000d6a00000)
 ParOldGen       total 68608K, used 58694K [0x0000000080000000, 0x0000000084300000, 0x00000000d5580000)
  object space 68608K, 85% used [0x0000000080000000,0x0000000083951848,0x0000000084300000)
 Metaspace       used 62904K, committed 64256K, reserved 1114112K
  class space    used 7830K, committed 8448K, reserved 1048576K
}
Event: 25.792 GC heap before
{Heap before GC invocations=53 (full 3):
 PSYoungGen      total 18432K, used 18067K [0x00000000d5580000, 0x00000000d6a00000, 0x0000000100000000)
  eden space 16896K, 100% used [0x00000000d5580000,0x00000000d6600000,0x00000000d6600000)
  from space 1536K, 76% used [0x00000000d6700000,0x00000000d6824fb8,0x00000000d6880000)
  to   space 1536K, 0% used [0x00000000d6880000,0x00000000d6880000,0x00000000d6a00000)
 ParOldGen       total 68608K, used 58694K [0x0000000080000000, 0x0000000084300000, 0x00000000d5580000)
  object space 68608K, 85% used [0x0000000080000000,0x0000000083951848,0x0000000084300000)
 Metaspace       used 62920K, committed 64256K, reserved 1114112K
  class space    used 7833K, committed 8448K, reserved 1048576K
}
Event: 25.794 GC heap after
{Heap after GC invocations=53 (full 3):
 PSYoungGen      total 18432K, used 1530K [0x00000000d5580000, 0x00000000d6b00000, 0x0000000100000000)
  eden space 16896K, 0% used [0x00000000d5580000,0x00000000d5580000,0x00000000d6600000)
  from space 1536K, 99% used [0x00000000d6880000,0x00000000d69fe8c0,0x00000000d6a00000)
  to   space 2560K, 0% used [0x00000000d6600000,0x00000000d6600000,0x00000000d6880000)
 ParOldGen       total 68608K, used 59220K [0x0000000080000000, 0x0000000084300000, 0x00000000d5580000)
  object space 68608K, 86% used [0x0000000080000000,0x00000000839d5320,0x0000000084300000)
 Metaspace       used 62920K, committed 64256K, reserved 1114112K
  class space    used 7833K, committed 8448K, reserved 1048576K
}
Event: 25.900 GC heap before
{Heap before GC invocations=54 (full 3):
 PSYoungGen      total 18432K, used 18426K [0x00000000d5580000, 0x00000000d6b00000, 0x0000000100000000)
  eden space 16896K, 100% used [0x00000000d5580000,0x00000000d6600000,0x00000000d6600000)
  from space 1536K, 99% used [0x00000000d6880000,0x00000000d69fe8c0,0x00000000d6a00000)
  to   space 2560K, 0% used [0x00000000d6600000,0x00000000d6600000,0x00000000d6880000)
 ParOldGen       total 68608K, used 59220K [0x0000000080000000, 0x0000000084300000, 0x00000000d5580000)
  object space 68608K, 86% used [0x0000000080000000,0x00000000839d5320,0x0000000084300000)
 Metaspace       used 62936K, committed 64256K, reserved 1114112K
  class space    used 7833K, committed 8448K, reserved 1048576K
}
Event: 25.902 GC heap after
{Heap after GC invocations=54 (full 3):
 PSYoungGen      total 19456K, used 2188K [0x00000000d5580000, 0x00000000d6b00000, 0x0000000100000000)
  eden space 16896K, 0% used [0x00000000d5580000,0x00000000d5580000,0x00000000d6600000)
  from space 2560K, 85% used [0x00000000d6600000,0x00000000d68230d0,0x00000000d6880000)
  to   space 2560K, 0% used [0x00000000d6880000,0x00000000d6880000,0x00000000d6b00000)
 ParOldGen       total 68608K, used 60663K [0x0000000080000000, 0x0000000084300000, 0x00000000d5580000)
  object space 68608K, 88% used [0x0000000080000000,0x0000000083b3de90,0x0000000084300000)
 Metaspace       used 62936K, committed 64256K, reserved 1114112K
  class space    used 7833K, committed 8448K, reserved 1048576K
}
Event: 26.017 GC heap before
{Heap before GC invocations=55 (full 3):
 PSYoungGen      total 19456K, used 19084K [0x00000000d5580000, 0x00000000d6b00000, 0x0000000100000000)
  eden space 16896K, 100% used [0x00000000d5580000,0x00000000d6600000,0x00000000d6600000)
  from space 2560K, 85% used [0x00000000d6600000,0x00000000d68230d0,0x00000000d6880000)
  to   space 2560K, 0% used [0x00000000d6880000,0x00000000d6880000,0x00000000d6b00000)
 ParOldGen       total 68608K, used 60663K [0x0000000080000000, 0x0000000084300000, 0x00000000d5580000)
  object space 68608K, 88% used [0x0000000080000000,0x0000000083b3de90,0x0000000084300000)
 Metaspace       used 62946K, committed 64256K, reserved 1114112K
  class space    used 7833K, committed 8448K, reserved 1048576K
}
Event: 26.020 GC heap after
{Heap after GC invocations=55 (full 3):
 PSYoungGen      total 19456K, used 2325K [0x00000000d5580000, 0x00000000d6b00000, 0x0000000100000000)
  eden space 16896K, 0% used [0x00000000d5580000,0x00000000d5580000,0x00000000d6600000)
  from space 2560K, 90% used [0x00000000d6880000,0x00000000d6ac5570,0x00000000d6b00000)
  to   space 2560K, 0% used [0x00000000d6600000,0x00000000d6600000,0x00000000d6880000)
 ParOldGen       total 68608K, used 62729K [0x0000000080000000, 0x0000000084300000, 0x00000000d5580000)
  object space 68608K, 91% used [0x0000000080000000,0x0000000083d42438,0x0000000084300000)
 Metaspace       used 62946K, committed 64256K, reserved 1114112K
  class space    used 7833K, committed 8448K, reserved 1048576K
}
Event: 26.134 GC heap before
{Heap before GC invocations=56 (full 3):
 PSYoungGen      total 19456K, used 19221K [0x00000000d5580000, 0x00000000d6b00000, 0x0000000100000000)
  eden space 16896K, 100% used [0x00000000d5580000,0x00000000d6600000,0x00000000d6600000)
  from space 2560K, 90% used [0x00000000d6880000,0x00000000d6ac5570,0x00000000d6b00000)
  to   space 2560K, 0% used [0x00000000d6600000,0x00000000d6600000,0x00000000d6880000)
 ParOldGen       total 68608K, used 62729K [0x0000000080000000, 0x0000000084300000, 0x00000000d5580000)
  object space 68608K, 91% used [0x0000000080000000,0x0000000083d42438,0x0000000084300000)
 Metaspace       used 62947K, committed 64256K, reserved 1114112K
  class space    used 7833K, committed 8448K, reserved 1048576K
}
Event: 26.136 GC heap after
{Heap after GC invocations=56 (full 3):
 PSYoungGen      total 19456K, used 2006K [0x00000000d5580000, 0x00000000d6b00000, 0x0000000100000000)
  eden space 16896K, 0% used [0x00000000d5580000,0x00000000d5580000,0x00000000d6600000)
  from space 2560K, 78% used [0x00000000d6600000,0x00000000d67f58e0,0x00000000d6880000)
  to   space 2560K, 0% used [0x00000000d6880000,0x00000000d6880000,0x00000000d6b00000)
 ParOldGen       total 68608K, used 64629K [0x0000000080000000, 0x0000000084300000, 0x00000000d5580000)
  object space 68608K, 94% used [0x0000000080000000,0x0000000083f1d420,0x0000000084300000)
 Metaspace       used 62947K, committed 64256K, reserved 1114112K
  class space    used 7833K, committed 8448K, reserved 1048576K
}
Event: 26.258 GC heap before
{Heap before GC invocations=57 (full 3):
 PSYoungGen      total 19456K, used 18902K [0x00000000d5580000, 0x00000000d6b00000, 0x0000000100000000)
  eden space 16896K, 100% used [0x00000000d5580000,0x00000000d6600000,0x00000000d6600000)
  from space 2560K, 78% used [0x00000000d6600000,0x00000000d67f58e0,0x00000000d6880000)
  to   space 2560K, 0% used [0x00000000d6880000,0x00000000d6880000,0x00000000d6b00000)
 ParOldGen       total 68608K, used 64727K [0x0000000080000000, 0x0000000084300000, 0x00000000d5580000)
  object space 68608K, 94% used [0x0000000080000000,0x0000000083f35fa0,0x0000000084300000)
 Metaspace       used 62949K, committed 64256K, reserved 1114112K
  class space    used 7833K, committed 8448K, reserved 1048576K
}
Event: 26.261 GC heap after
{Heap after GC invocations=57 (full 3):
 PSYoungGen      total 19456K, used 2079K [0x00000000d5580000, 0x00000000d6b00000, 0x0000000100000000)
  eden space 16896K, 0% used [0x00000000d5580000,0x00000000d5580000,0x00000000d6600000)
  from space 2560K, 81% used [0x00000000d6880000,0x00000000d6a87cd8,0x00000000d6b00000)
  to   space 2560K, 0% used [0x00000000d6600000,0x00000000d6600000,0x00000000d6880000)
 ParOldGen       total 68608K, used 66584K [0x0000000080000000, 0x0000000084300000, 0x00000000d5580000)
  object space 68608K, 97% used [0x0000000080000000,0x00000000841062c0,0x0000000084300000)
 Metaspace       used 62949K, committed 64256K, reserved 1114112K
  class space    used 7833K, committed 8448K, reserved 1048576K
}
Event: 26.390 GC heap before
{Heap before GC invocations=58 (full 3):
 PSYoungGen      total 19456K, used 18975K [0x00000000d5580000, 0x00000000d6b00000, 0x0000000100000000)
  eden space 16896K, 100% used [0x00000000d5580000,0x00000000d6600000,0x00000000d6600000)
  from space 2560K, 81% used [0x00000000d6880000,0x00000000d6a87cd8,0x00000000d6b00000)
  to   space 2560K, 0% used [0x00000000d6600000,0x00000000d6600000,0x00000000d6880000)
 ParOldGen       total 68608K, used 66590K [0x0000000080000000, 0x0000000084300000, 0x00000000d5580000)
  object space 68608K, 97% used [0x0000000080000000,0x0000000084107af8,0x0000000084300000)
 Metaspace       used 62949K, committed 64256K, reserved 1114112K
  class space    used 7833K, committed 8448K, reserved 1048576K
}
Event: 26.392 GC heap after
{Heap after GC invocations=58 (full 3):
 PSYoungGen      total 17920K, used 694K [0x00000000d5580000, 0x00000000d6900000, 0x0000000100000000)
  eden space 16896K, 0% used [0x00000000d5580000,0x00000000d5580000,0x00000000d6600000)
  from space 1024K, 67% used [0x00000000d6600000,0x00000000d66ad850,0x00000000d6700000)
  to   space 1536K, 0% used [0x00000000d6780000,0x00000000d6780000,0x00000000d6900000)
 ParOldGen       total 68608K, used 67906K [0x0000000080000000, 0x0000000084300000, 0x00000000d5580000)
  object space 68608K, 98% used [0x0000000080000000,0x0000000084250948,0x0000000084300000)
 Metaspace       used 62949K, committed 64256K, reserved 1114112K
  class space    used 7833K, committed 8448K, reserved 1048576K
}
Event: 26.497 GC heap before
{Heap before GC invocations=59 (full 3):
 PSYoungGen      total 17920K, used 17590K [0x00000000d5580000, 0x00000000d6900000, 0x0000000100000000)
  eden space 16896K, 100% used [0x00000000d5580000,0x00000000d6600000,0x00000000d6600000)
  from space 1024K, 67% used [0x00000000d6600000,0x00000000d66ad850,0x00000000d6700000)
  to   space 1536K, 0% used [0x00000000d6780000,0x00000000d6780000,0x00000000d6900000)
 ParOldGen       total 68608K, used 67906K [0x0000000080000000, 0x0000000084300000, 0x00000000d5580000)
  object space 68608K, 98% used [0x0000000080000000,0x0000000084250948,0x0000000084300000)
 Metaspace       used 62950K, committed 64256K, reserved 1114112K
  class space    used 7833K, committed 8448K, reserved 1048576K
}
Event: 26.499 GC heap after
{Heap after GC invocations=59 (full 3):
 PSYoungGen      total 17408K, used 1513K [0x00000000d5580000, 0x00000000d6b00000, 0x0000000100000000)
  eden space 15872K, 0% used [0x00000000d5580000,0x00000000d5580000,0x00000000d6500000)
  from space 1536K, 98% used [0x00000000d6780000,0x00000000d68fa648,0x00000000d6900000)
  to   space 2560K, 0% used [0x00000000d6500000,0x00000000d6500000,0x00000000d6780000)
 ParOldGen       total 68608K, used 68361K [0x0000000080000000, 0x0000000084300000, 0x00000000d5580000)
  object space 68608K, 99% used [0x0000000080000000,0x00000000842c26b8,0x0000000084300000)
 Metaspace       used 62950K, committed 64256K, reserved 1114112K
  class space    used 7833K, committed 8448K, reserved 1048576K
}
Event: 26.621 GC heap before
{Heap before GC invocations=60 (full 3):
 PSYoungGen      total 17408K, used 17385K [0x00000000d5580000, 0x00000000d6b00000, 0x0000000100000000)
  eden space 15872K, 100% used [0x00000000d5580000,0x00000000d6500000,0x00000000d6500000)
  from space 1536K, 98% used [0x00000000d6780000,0x00000000d68fa648,0x00000000d6900000)
  to   space 2560K, 0% used [0x00000000d6500000,0x00000000d6500000,0x00000000d6780000)
 ParOldGen       total 68608K, used 68361K [0x0000000080000000, 0x0000000084300000, 0x00000000d5580000)
  object space 68608K, 99% used [0x0000000080000000,0x00000000842c26b8,0x0000000084300000)
 Metaspace       used 62950K, committed 64256K, reserved 1114112K
  class space    used 7833K, committed 8448K, reserved 1048576K
}
Event: 26.622 GC heap after
{Heap after GC invocations=60 (full 3):
 PSYoungGen      total 17408K, used 1120K [0x00000000d5580000, 0x00000000d6800000, 0x0000000100000000)
  eden space 15872K, 0% used [0x00000000d5580000,0x00000000d5580000,0x00000000d6500000)
  from space 1536K, 72% used [0x00000000d6500000,0x00000000d6618000,0x00000000d6680000)
  to   space 1536K, 0% used [0x00000000d6680000,0x00000000d6680000,0x00000000d6800000)
 ParOldGen       total 69632K, used 69130K [0x0000000080000000, 0x0000000084400000, 0x00000000d5580000)
  object space 69632K, 99% used [0x0000000080000000,0x00000000843828a8,0x0000000084400000)
 Metaspace       used 62950K, committed 64256K, reserved 1114112K
  class space    used 7833K, committed 8448K, reserved 1048576K
}
Event: 26.789 GC heap before
{Heap before GC invocations=61 (full 3):
 PSYoungGen      total 17408K, used 16992K [0x00000000d5580000, 0x00000000d6800000, 0x0000000100000000)
  eden space 15872K, 100% used [0x00000000d5580000,0x00000000d6500000,0x00000000d6500000)
  from space 1536K, 72% used [0x00000000d6500000,0x00000000d6618000,0x00000000d6680000)
  to   space 1536K, 0% used [0x00000000d6680000,0x00000000d6680000,0x00000000d6800000)
 ParOldGen       total 69632K, used 69130K [0x0000000080000000, 0x0000000084400000, 0x00000000d5580000)
  object space 69632K, 99% used [0x0000000080000000,0x00000000843828a8,0x0000000084400000)
 Metaspace       used 62953K, committed 64256K, reserved 1114112K
  class space    used 7833K, committed 8448K, reserved 1048576K
}
Event: 26.791 GC heap after
{Heap after GC invocations=61 (full 3):
 PSYoungGen      total 17408K, used 1531K [0x00000000d5580000, 0x00000000d6800000, 0x0000000100000000)
  eden space 15872K, 0% used [0x00000000d5580000,0x00000000d5580000,0x00000000d6500000)
  from space 1536K, 99% used [0x00000000d6680000,0x00000000d67fee30,0x00000000d6800000)
  to   space 1536K, 0% used [0x00000000d6500000,0x00000000d6500000,0x00000000d6680000)
 ParOldGen       total 71168K, used 71058K [0x0000000080000000, 0x0000000084580000, 0x00000000d5580000)
  object space 71168K, 99% used [0x0000000080000000,0x0000000084564a60,0x0000000084580000)
 Metaspace       used 62953K, committed 64256K, reserved 1114112K
  class space    used 7833K, committed 8448K, reserved 1048576K
}

Dll operation events (13 events):
Event: 0.010 Loaded shared library c:\Users\Admin\.antigravity\extensions\redhat.java-1.50.0-win32-x64\jre\21.0.9-win32-x86_64\bin\java.dll
Event: 0.191 Loaded shared library c:\Users\Admin\.antigravity\extensions\redhat.java-1.50.0-win32-x64\jre\21.0.9-win32-x86_64\bin\zip.dll
Event: 0.212 Loaded shared library C:\Users\Admin\.antigravity\extensions\redhat.java-1.50.0-win32-x64\jre\21.0.9-win32-x86_64\bin\instrument.dll
Event: 0.216 Loaded shared library C:\Users\Admin\.antigravity\extensions\redhat.java-1.50.0-win32-x64\jre\21.0.9-win32-x86_64\bin\net.dll
Event: 0.218 Loaded shared library C:\Users\Admin\.antigravity\extensions\redhat.java-1.50.0-win32-x64\jre\21.0.9-win32-x86_64\bin\nio.dll
Event: 0.254 Loaded shared library C:\Users\Admin\.antigravity\extensions\redhat.java-1.50.0-win32-x64\jre\21.0.9-win32-x86_64\bin\zip.dll
Event: 0.276 Loaded shared library C:\Users\Admin\.antigravity\extensions\redhat.java-1.50.0-win32-x64\jre\21.0.9-win32-x86_64\bin\jimage.dll
Event: 0.497 Loaded shared library c:\Users\Admin\.antigravity\extensions\redhat.java-1.50.0-win32-x64\jre\21.0.9-win32-x86_64\bin\verify.dll
Event: 2.679 Loaded shared library C:\Users\Admin\AppData\Roaming\Antigravity\User\globalStorage\redhat.java\1.50.0\config_win\org.eclipse.equinox.launcher\org.eclipse.equinox.launcher.win32.win32.x86_64_1.2.1400.v20250801-0854\eclipse_11916.dll
Event: 5.296 Loaded shared library C:\Users\Admin\AppData\Local\Temp\jna-63116079\jna6186885002116109850.dll
Event: 14.369 Loaded shared library C:\Users\Admin\.gradle\native\1def1411415f61bf3af743bc5b6707747c0891f09f0c88961ee8f79bc544acac\windows-amd64\native-platform.dll
Event: 17.470 Loaded shared library C:\Users\Admin\.antigravity\extensions\redhat.java-1.50.0-win32-x64\jre\21.0.9-win32-x86_64\bin\management.dll
Event: 17.473 Loaded shared library C:\Users\Admin\.antigravity\extensions\redhat.java-1.50.0-win32-x64\jre\21.0.9-win32-x86_64\bin\management_ext.dll

Deoptimization events (20 events):
Event: 26.656 Thread 0x000001fff21d5300 DEOPT PACKING pc=0x000001ff976ed8d3 sp=0x000000ab618fe820
Event: 26.656 Thread 0x000001fff21d5300 DEOPT UNPACKING pc=0x000001ff9dcf4242 sp=0x000000ab618fdd88 mode 0
Event: 26.661 Thread 0x000001fff21d5300 DEOPT PACKING pc=0x000001ff976e47b2 sp=0x000000ab618fe7f0
Event: 26.661 Thread 0x000001fff21d5300 DEOPT UNPACKING pc=0x000001ff9dcf4242 sp=0x000000ab618fdd68 mode 0
Event: 26.663 Thread 0x000001fff21d5300 DEOPT PACKING pc=0x000001ff976ed8d3 sp=0x000000ab618fe820
Event: 26.663 Thread 0x000001fff21d5300 DEOPT UNPACKING pc=0x000001ff9dcf4242 sp=0x000000ab618fdd88 mode 0
Event: 26.668 Thread 0x000001fff21d5300 DEOPT PACKING pc=0x000001ff976ed8d3 sp=0x000000ab618fe820
Event: 26.668 Thread 0x000001fff21d5300 DEOPT UNPACKING pc=0x000001ff9dcf4242 sp=0x000000ab618fdd88 mode 0
Event: 26.676 Thread 0x000001fff21d5300 DEOPT PACKING pc=0x000001ff976ed853 sp=0x000000ab618fe820
Event: 26.676 Thread 0x000001fff21d5300 DEOPT UNPACKING pc=0x000001ff9dcf4242 sp=0x000000ab618fdd88 mode 0
Event: 26.682 Thread 0x000001fff21d5300 DEOPT PACKING pc=0x000001ff976ed8d3 sp=0x000000ab618fe820
Event: 26.682 Thread 0x000001fff21d5300 DEOPT UNPACKING pc=0x000001ff9dcf4242 sp=0x000000ab618fdd88 mode 0
Event: 26.684 Thread 0x000001fff21d5300 DEOPT PACKING pc=0x000001ff976e47b2 sp=0x000000ab618fe7f0
Event: 26.684 Thread 0x000001fff21d5300 DEOPT UNPACKING pc=0x000001ff9dcf4242 sp=0x000000ab618fdd68 mode 0
Event: 26.699 Thread 0x000001fff21d5300 DEOPT PACKING pc=0x000001ff976ed8d3 sp=0x000000ab618fe820
Event: 26.699 Thread 0x000001fff21d5300 DEOPT UNPACKING pc=0x000001ff9dcf4242 sp=0x000000ab618fdd88 mode 0
Event: 26.798 Thread 0x000001fff21d5300 DEOPT PACKING pc=0x000001ff976ed8d3 sp=0x000000ab618fe820
Event: 26.798 Thread 0x000001fff21d5300 DEOPT UNPACKING pc=0x000001ff9dcf4242 sp=0x000000ab618fdd88 mode 0
Event: 26.801 Thread 0x000001fff21d5300 DEOPT PACKING pc=0x000001ff976e47b2 sp=0x000000ab618fe7f0
Event: 26.801 Thread 0x000001fff21d5300 DEOPT UNPACKING pc=0x000001ff9dcf4242 sp=0x000000ab618fdd68 mode 0

Classes loaded (20 events):
Event: 24.856 Loading class java/util/PrimitiveIterator$OfDouble
Event: 24.856 Loading class java/util/PrimitiveIterator
Event: 24.857 Loading class java/util/PrimitiveIterator done
Event: 24.857 Loading class java/util/PrimitiveIterator$OfDouble done
Event: 24.857 Loading class java/util/PrimitiveIterator$OfLong
Event: 24.857 Loading class java/util/PrimitiveIterator$OfLong done
Event: 24.858 Loading class java/util/PrimitiveIterator$OfInt
Event: 24.858 Loading class java/util/PrimitiveIterator$OfInt done
Event: 24.859 Loading class java/util/stream/DoubleStream
Event: 24.860 Loading class java/util/stream/DoubleStream done
Event: 24.977 Loading class java/util/concurrent/atomic/AtomicIntegerFieldUpdater
Event: 24.977 Loading class java/util/concurrent/atomic/AtomicIntegerFieldUpdater done
Event: 25.000 Loading class java/util/concurrent/LinkedBlockingDeque
Event: 25.000 Loading class java/util/concurrent/BlockingDeque
Event: 25.000 Loading class java/util/concurrent/BlockingDeque done
Event: 25.000 Loading class java/util/concurrent/LinkedBlockingDeque done
Event: 25.000 Loading class java/util/concurrent/PriorityBlockingQueue
Event: 25.001 Loading class java/util/concurrent/PriorityBlockingQueue done
Event: 25.240 Loading class java/io/ObjectStreamClass$ExceptionInfo
Event: 25.240 Loading class java/io/ObjectStreamClass$ExceptionInfo done

Classes unloaded (13 events):
Event: 6.440 Thread 0x000001ff9143eb80 Unloading class 0x000001ffab1aac00 'java/lang/invoke/LambdaForm$MH+0x000001ffab1aac00'
Event: 6.440 Thread 0x000001ff9143eb80 Unloading class 0x000001ffab1aa800 'java/lang/invoke/LambdaForm$MH+0x000001ffab1aa800'
Event: 6.440 Thread 0x000001ff9143eb80 Unloading class 0x000001ffab1aa400 'java/lang/invoke/LambdaForm$MH+0x000001ffab1aa400'
Event: 6.440 Thread 0x000001ff9143eb80 Unloading class 0x000001ffab1aa000 'java/lang/invoke/LambdaForm$MH+0x000001ffab1aa000'
Event: 6.440 Thread 0x000001ff9143eb80 Unloading class 0x000001ffab1a9c00 'java/lang/invoke/LambdaForm$BMH+0x000001ffab1a9c00'
Event: 6.440 Thread 0x000001ff9143eb80 Unloading class 0x000001ffab1a9800 'java/lang/invoke/LambdaForm$DMH+0x000001ffab1a9800'
Event: 6.440 Thread 0x000001ff9143eb80 Unloading class 0x000001ffab1a8400 'java/lang/invoke/LambdaForm$DMH+0x000001ffab1a8400'
Event: 9.293 Thread 0x000001ff9143eb80 Unloading class 0x000001ffab2fcc00 'java/lang/invoke/LambdaForm$MH+0x000001ffab2fcc00'
Event: 9.293 Thread 0x000001ff9143eb80 Unloading class 0x000001ffab2fc000 'java/lang/invoke/LambdaForm$MH+0x000001ffab2fc000'
Event: 9.293 Thread 0x000001ff9143eb80 Unloading class 0x000001ffab2fb800 'java/lang/invoke/LambdaForm$MH+0x000001ffab2fb800'
Event: 9.293 Thread 0x000001ff9143eb80 Unloading class 0x000001ffab2fb000 'java/lang/invoke/LambdaForm$DMH+0x000001ffab2fb000'
Event: 9.293 Thread 0x000001ff9143eb80 Unloading class 0x000001ffab2fa400 'java/lang/invoke/LambdaForm$MH+0x000001ffab2fa400'
Event: 9.293 Thread 0x000001ff9143eb80 Unloading class 0x000001ffab2f2000 'java/lang/invoke/LambdaForm$MH+0x000001ffab2f2000'

Classes redefined (0 events):
No events

Internal exceptions (20 events):
Event: 15.215 Thread 0x000001fff21d3230 Exception <a 'sun/nio/fs/WindowsException'{0x00000000d5ff6440}> (0x00000000d5ff6440) 
thrown [s\src\hotspot\share\prims\jni.cpp, line 520]
Event: 15.215 Thread 0x000001fff21d3230 Exception <a 'sun/nio/fs/WindowsException'{0x00000000d5ff69e8}> (0x00000000d5ff69e8) 
thrown [s\src\hotspot\share\prims\jni.cpp, line 520]
Event: 15.215 Thread 0x000001fff21d3230 Exception <a 'sun/nio/fs/WindowsException'{0x00000000d5ff6f98}> (0x00000000d5ff6f98) 
thrown [s\src\hotspot\share\prims\jni.cpp, line 520]
Event: 15.215 Thread 0x000001fff21d3230 Exception <a 'sun/nio/fs/WindowsException'{0x00000000d5ff7558}> (0x00000000d5ff7558) 
thrown [s\src\hotspot\share\prims\jni.cpp, line 520]
Event: 15.215 Thread 0x000001fff21d3230 Exception <a 'sun/nio/fs/WindowsException'{0x00000000d5ffaaf8}> (0x00000000d5ffaaf8) 
thrown [s\src\hotspot\share\prims\jni.cpp, line 520]
Event: 15.215 Thread 0x000001fff21d3230 Exception <a 'sun/nio/fs/WindowsException'{0x00000000d5ffb0a0}> (0x00000000d5ffb0a0) 
thrown [s\src\hotspot\share\prims\jni.cpp, line 520]
Event: 15.215 Thread 0x000001fff21d3230 Exception <a 'sun/nio/fs/WindowsException'{0x00000000d5ffb648}> (0x00000000d5ffb648) 
thrown [s\src\hotspot\share\prims\jni.cpp, line 520]
Event: 15.215 Thread 0x000001fff21d3230 Exception <a 'sun/nio/fs/WindowsException'{0x00000000d5ffbc08}> (0x00000000d5ffbc08) 
thrown [s\src\hotspot\share\prims\jni.cpp, line 520]
Event: 15.229 Thread 0x000001fff21d3230 Exception <a 'sun/nio/fs/WindowsException'{0x00000000d6034820}> (0x00000000d6034820) 
thrown [s\src\hotspot\share\prims\jni.cpp, line 520]
Event: 15.229 Thread 0x000001fff21d3230 Exception <a 'sun/nio/fs/WindowsException'{0x00000000d6034dc8}> (0x00000000d6034dc8) 
thrown [s\src\hotspot\share\prims\jni.cpp, line 520]
Event: 15.229 Thread 0x000001fff21d3230 Exception <a 'sun/nio/fs/WindowsException'{0x00000000d6035370}> (0x00000000d6035370) 
thrown [s\src\hotspot\share\prims\jni.cpp, line 520]
Event: 15.229 Thread 0x000001fff21d3230 Exception <a 'sun/nio/fs/WindowsException'{0x00000000d6035930}> (0x00000000d6035930) 
thrown [s\src\hotspot\share\prims\jni.cpp, line 520]
Event: 15.802 Thread 0x000001fff21d66b0 Exception <a 'java/lang/IncompatibleClassChangeError'{0x00000000d575e7f8}: Found class java.lang.Object, but interface was expected> (0x00000000d575e7f8) 
thrown [s\src\hotspot\share\interpreter\linkResolver.cpp, line 840]
Event: 16.792 Thread 0x000001fff2533180 Exception <a 'java/lang/NoSuchMethodError'{0x00000000d627cb88}: 'java.lang.Object java.lang.invoke.DirectMethodHandle$Holder.invokeVirtual(java.lang.Object, java.lang.Object, java.lang.Object, java.lang.Object, java.lang.Object, java.lang.Object)'> (0x00000000d627cb88) 
thrown [s\src\hotspot\share\interpreter\linkResolver.cpp, line 773]
Event: 16.985 Thread 0x000001fff2533180 Exception <a 'java/lang/NoSuchMethodError'{0x00000000d56eb4a8}: 'java.lang.Object java.lang.invoke.DirectMethodHandle$Holder.invokeVirtual(java.lang.Object, java.lang.Object, java.lang.Object, java.lang.Object, java.lang.Object, java.lang.Object, java.lang.Object)'> (0x00000000d56eb4a8) 
thrown [s\src\hotspot\share\interpreter\linkResolver.cpp, line 773]
Event: 17.195 Thread 0x000001fff2533180 Exception <a 'java/lang/NoSuchMethodError'{0x00000000d5ca43e0}: 'java.lang.Object java.lang.invoke.DirectMethodHandle$Holder.invokeVirtual(java.lang.Object, java.lang.Object, java.lang.Object, java.lang.Object, java.lang.Object, java.lang.Object, java.lang.Object, java.lang.Object)'> (0x00000000d5ca43e0) 
thrown [s\src\hotspot\share\interpreter\linkResolver.cpp, line 773]
Event: 17.313 Thread 0x000001fff2533180 Exception <a 'java/lang/NoSuchMethodError'{0x00000000d600dd88}: 'java.lang.Object java.lang.invoke.DirectMethodHandle$Holder.invokeVirtual(java.lang.Object, java.lang.Object, java.lang.Object, java.lang.Object, java.lang.Object, java.lang.Object, java.lang.Object, java.lang.Object, java.lang.Object, java.lang.Object, java.lang.Object, java.lang.Object)'> (0x00000000d600dd88) 
thrown [s\src\hotspot\share\interpreter\linkResolver.cpp, line 773]
Event: 17.317 Thread 0x000001fff2533180 Exception <a 'java/lang/NoSuchMethodError'{0x00000000d605b568}: 'java.lang.Object java.lang.invoke.DirectMethodHandle$Holder.invokeStatic(java.lang.Object, java.lang.Object, java.lang.Object, java.lang.Object, java.lang.Object, java.lang.Object, java.lang.Object, java.lang.Object, java.lang.Object, java.lang.Object, java.lang.Object, java.lang.Object, java.lang.Object)'> (0x00000000d605b568) 
thrown [s\src\hotspot\share\interpreter\linkResolver.cpp, line 773]
Event: 17.318 Thread 0x000001fff2533180 Exception <a 'java/lang/NoSuchMethodError'{0x00000000d607e490}: 'java.lang.Object java.lang.invoke.DirectMethodHandle$Holder.invokeStatic(java.lang.Object, java.lang.Object, java.lang.Object, java.lang.Object, java.lang.Object, java.lang.Object, java.lang.Object, java.lang.Object, java.lang.Object, java.lang.Object, java.lang.Object, java.lang.Object, java.lang.Object, java.lang.Object)'> (0x00000000d607e490) 
thrown [s\src\hotspot\share\interpreter\linkResolver.cpp, line 773]
Event: 25.733 Thread 0x000001fff21d5300 Implicit null exception at 0x000001ff9e47a2e9 to 0x000001ff9e47a4bc

ZGC Phase Switch (0 events):
No events

VM Operations (20 events):
Event: 25.765 Executing VM operation: ParallelGCFailedAllocation (Allocation Failure)
Event: 25.794 Executing VM operation: ParallelGCFailedAllocation (Allocation Failure) done
Event: 25.898 Executing VM operation: ParallelGCFailedAllocation (Allocation Failure)
Event: 25.902 Executing VM operation: ParallelGCFailedAllocation (Allocation Failure) done
Event: 26.012 Executing VM operation: ParallelGCFailedAllocation (Allocation Failure)
Event: 26.020 Executing VM operation: ParallelGCFailedAllocation (Allocation Failure) done
Event: 26.095 Executing VM operation: ParallelGCFailedAllocation (Allocation Failure)
Event: 26.136 Executing VM operation: ParallelGCFailedAllocation (Allocation Failure) done
Event: 26.254 Executing VM operation: ParallelGCFailedAllocation (Allocation Failure)
Event: 26.254 Executing VM operation: ParallelGCFailedAllocation (Allocation Failure) done
Event: 26.256 Executing VM operation: ParallelGCSystemGC (GCLocker Initiated GC)
Event: 26.261 Executing VM operation: ParallelGCSystemGC (GCLocker Initiated GC) done
Event: 26.387 Executing VM operation: ParallelGCFailedAllocation (Allocation Failure)
Event: 26.392 Executing VM operation: ParallelGCFailedAllocation (Allocation Failure) done
Event: 26.497 Executing VM operation: ParallelGCFailedAllocation (Allocation Failure)
Event: 26.499 Executing VM operation: ParallelGCFailedAllocation (Allocation Failure) done
Event: 26.616 Executing VM operation: ParallelGCFailedAllocation (Allocation Failure)
Event: 26.623 Executing VM operation: ParallelGCFailedAllocation (Allocation Failure) done
Event: 26.749 Executing VM operation: ParallelGCFailedAllocation (Allocation Failure)
Event: 26.791 Executing VM operation: ParallelGCFailedAllocation (Allocation Failure) done

Memory protections (0 events):
No events

Nmethod flushes (20 events):
Event: 24.642 Thread 0x000001ff9143eb80 flushing  nmethod 0x000001ff970a6890
Event: 24.642 Thread 0x000001ff9143eb80 flushing  nmethod 0x000001ff970b7790
Event: 24.642 Thread 0x000001ff9143eb80 flushing  nmethod 0x000001ff970c8110
Event: 24.642 Thread 0x000001ff9143eb80 flushing  nmethod 0x000001ff970cab10
Event: 24.642 Thread 0x000001ff9143eb80 flushing  nmethod 0x000001ff970cb310
Event: 24.642 Thread 0x000001ff9143eb80 flushing  nmethod 0x000001ff970cfe90
Event: 24.642 Thread 0x000001ff9143eb80 flushing  nmethod 0x000001ff970de410
Event: 24.642 Thread 0x000001ff9143eb80 flushing  nmethod 0x000001ff970f5890
Event: 24.642 Thread 0x000001ff9143eb80 flushing  nmethod 0x000001ff970f6210
Event: 24.642 Thread 0x000001ff9143eb80 flushing  nmethod 0x000001ff970f6590
Event: 24.642 Thread 0x000001ff9143eb80 flushing  nmethod 0x000001ff970f7490
Event: 24.642 Thread 0x000001ff9143eb80 flushing  nmethod 0x000001ff9710aa10
Event: 24.642 Thread 0x000001ff9143eb80 flushing  nmethod 0x000001ff97139e10
Event: 24.642 Thread 0x000001ff9143eb80 flushing  nmethod 0x000001ff9716cf10
Event: 24.642 Thread 0x000001ff9143eb80 flushing  nmethod 0x000001ff9716d510
Event: 24.642 Thread 0x000001ff9143eb80 flushing  nmethod 0x000001ff9716ea10
Event: 24.642 Thread 0x000001ff9143eb80 flushing  nmethod 0x000001ff9717e190
Event: 24.642 Thread 0x000001ff9143eb80 flushing  nmethod 0x000001ff97181110
Event: 24.642 Thread 0x000001ff9143eb80 flushing  nmethod 0x000001ff97187090
Event: 24.642 Thread 0x000001ff9143eb80 flushing  nmethod 0x000001ff971ba290

Events (20 events):
Event: 15.770 Thread 0x000001fff1171cb0 Thread exited: 0x000001fff1171cb0
Event: 17.739 Thread 0x000001fff2533180 Thread exited: 0x000001fff2533180
Event: 17.740 Thread 0x000001fff2531dd0 Thread exited: 0x000001fff2531dd0
Event: 17.747 Thread 0x000001fff21d2510 Thread added: 0x000001fff2531740
Event: 17.748 Thread 0x000001fff21d3230 Thread added: 0x000001fff252efe0
Event: 17.751 Thread 0x000001fff21d3230 Thread added: 0x000001fff252f670
Event: 17.868 Thread 0x000001fff21d3230 Thread added: 0x000001fff2531dd0
Event: 18.004 Thread 0x000001ffeb1a84c0 Thread added: 0x000001fff3f60870
Event: 18.072 Thread 0x000001fff2531dd0 Thread exited: 0x000001fff2531dd0
Event: 18.072 Thread 0x000001fff252f670 Thread exited: 0x000001fff252f670
Event: 18.074 Thread 0x000001fff21d3230 Thread added: 0x000001fff252fd00
Event: 18.207 Thread 0x000001fff3f60870 Thread exited: 0x000001fff3f60870
Event: 19.877 Thread 0x000001ffeb1a84c0 Thread added: 0x000001fff35e2dc0
Event: 20.435 Thread 0x000001fff35e2dc0 Thread exited: 0x000001fff35e2dc0
Event: 21.930 Thread 0x000001fff21d3230 Thread added: 0x000001fff2531dd0
Event: 21.931 Thread 0x000001fff21d3230 Thread added: 0x000001fff252f670
Event: 21.976 Thread 0x000001fff252f670 Thread exited: 0x000001fff252f670
Event: 21.977 Thread 0x000001fff21d3230 Thread added: 0x000001fff2532460
Event: 21.979 Thread 0x000001fff21d3230 Thread added: 0x000001fff252f670
Event: 22.053 Thread 0x000001ffeb1a84c0 Thread added: 0x000001fff1237020


Dynamic libraries:
0x00007ff6b7ab0000 - 0x00007ff6b7abe000 	c:\Users\Admin\.antigravity\extensions\redhat.java-1.50.0-win32-x64\jre\21.0.9-win32-x86_64\bin\java.exe
0x00007ff91ea90000 - 0x00007ff91ec88000 	C:\WINDOWS\SYSTEM32\ntdll.dll
0x00007ff91e2b0000 - 0x00007ff91e372000 	C:\WINDOWS\System32\KERNEL32.DLL
0x00007ff91c1c0000 - 0x00007ff91c4b6000 	C:\WINDOWS\System32\KERNELBASE.dll
0x00007ff91c960000 - 0x00007ff91ca60000 	C:\WINDOWS\System32\ucrtbase.dll
0x00007ff8fadc0000 - 0x00007ff8fadd8000 	c:\Users\Admin\.antigravity\extensions\redhat.java-1.50.0-win32-x64\jre\21.0.9-win32-x86_64\bin\jli.dll
0x00007ff91cfd0000 - 0x00007ff91d171000 	C:\WINDOWS\System32\USER32.dll
0x00007ff91c550000 - 0x00007ff91c572000 	C:\WINDOWS\System32\win32u.dll
0x00007ff91cdd0000 - 0x00007ff91cdfb000 	C:\WINDOWS\System32\GDI32.dll
0x00007ff91c710000 - 0x00007ff91c829000 	C:\WINDOWS\System32\gdi32full.dll
0x00007ff91c120000 - 0x00007ff91c1bd000 	C:\WINDOWS\System32\msvcp_win.dll
0x00007ff8face0000 - 0x00007ff8facfe000 	c:\Users\Admin\.antigravity\extensions\redhat.java-1.50.0-win32-x64\jre\21.0.9-win32-x86_64\bin\VCRUNTIME140.dll
0x00007ff90b970000 - 0x00007ff90bc0b000 	C:\WINDOWS\WinSxS\amd64_microsoft.windows.common-controls_6595b64144ccf1df_6.0.19041.6456_none_60b8a6cb71f64256\COMCTL32.dll
0x00007ff91e540000 - 0x00007ff91e5de000 	C:\WINDOWS\System32\msvcrt.dll
0x00007ff91d180000 - 0x00007ff91d1af000 	C:\WINDOWS\System32\IMM32.DLL
0x00007ff90c240000 - 0x00007ff90c24c000 	c:\Users\Admin\.antigravity\extensions\redhat.java-1.50.0-win32-x64\jre\21.0.9-win32-x86_64\bin\vcruntime140_1.dll
0x00007ff8f8670000 - 0x00007ff8f86fd000 	c:\Users\Admin\.antigravity\extensions\redhat.java-1.50.0-win32-x64\jre\21.0.9-win32-x86_64\bin\msvcp140.dll
0x00007ff8e39a0000 - 0x00007ff8e4740000 	c:\Users\Admin\.antigravity\extensions\redhat.java-1.50.0-win32-x64\jre\21.0.9-win32-x86_64\bin\server\jvm.dll
0x00007ff91d220000 - 0x00007ff91d2d1000 	C:\WINDOWS\System32\ADVAPI32.dll
0x00007ff91d2f0000 - 0x00007ff91d38f000 	C:\WINDOWS\System32\sechost.dll
0x00007ff91df50000 - 0x00007ff91e070000 	C:\WINDOWS\System32\RPCRT4.dll
0x00007ff91c6e0000 - 0x00007ff91c707000 	C:\WINDOWS\System32\bcrypt.dll
0x00007ff91d1b0000 - 0x00007ff91d21b000 	C:\WINDOWS\System32\WS2_32.dll
0x00007ff91b6b0000 - 0x00007ff91b6fb000 	C:\WINDOWS\SYSTEM32\POWRPROF.dll
0x00007ff9129b0000 - 0x00007ff9129d7000 	C:\WINDOWS\SYSTEM32\WINMM.dll
0x00007ff915d60000 - 0x00007ff915d6a000 	C:\WINDOWS\SYSTEM32\VERSION.dll
0x00007ff91b520000 - 0x00007ff91b532000 	C:\WINDOWS\SYSTEM32\UMPDC.dll
0x00007ff919fb0000 - 0x00007ff919fc2000 	C:\WINDOWS\SYSTEM32\kernel.appcore.dll
0x00007ff908ec0000 - 0x00007ff908eca000 	c:\Users\Admin\.antigravity\extensions\redhat.java-1.50.0-win32-x64\jre\21.0.9-win32-x86_64\bin\jimage.dll
0x00007ff916af0000 - 0x00007ff916cf1000 	C:\WINDOWS\SYSTEM32\DBGHELP.DLL
0x00007ff8f9ff0000 - 0x00007ff8fa024000 	C:\WINDOWS\SYSTEM32\dbgcore.DLL
0x00007ff91c4c0000 - 0x00007ff91c542000 	C:\WINDOWS\System32\bcryptPrimitives.dll
0x00007ff8fadb0000 - 0x00007ff8fadbf000 	c:\Users\Admin\.antigravity\extensions\redhat.java-1.50.0-win32-x64\jre\21.0.9-win32-x86_64\bin\instrument.dll
0x00007ff8fac00000 - 0x00007ff8fac20000 	c:\Users\Admin\.antigravity\extensions\redhat.java-1.50.0-win32-x64\jre\21.0.9-win32-x86_64\bin\java.dll
0x00007ff91d400000 - 0x00007ff91db70000 	C:\WINDOWS\System32\SHELL32.dll
0x00007ff91a1b0000 - 0x00007ff91a955000 	C:\WINDOWS\SYSTEM32\windows.storage.dll
0x00007ff91db70000 - 0x00007ff91dec4000 	C:\WINDOWS\System32\combase.dll
0x00007ff91bb50000 - 0x00007ff91bb7b000 	C:\WINDOWS\SYSTEM32\Wldp.dll
0x00007ff91e410000 - 0x00007ff91e4dd000 	C:\WINDOWS\System32\OLEAUT32.dll
0x00007ff91e200000 - 0x00007ff91e2ad000 	C:\WINDOWS\System32\SHCORE.dll
0x00007ff91e4e0000 - 0x00007ff91e53b000 	C:\WINDOWS\System32\shlwapi.dll
0x00007ff91c050000 - 0x00007ff91c074000 	C:\WINDOWS\SYSTEM32\profapi.dll
0x00007ff8fa9d0000 - 0x00007ff8fa9e8000 	c:\Users\Admin\.antigravity\extensions\redhat.java-1.50.0-win32-x64\jre\21.0.9-win32-x86_64\bin\zip.dll
0x00007ff8fa630000 - 0x00007ff8fa640000 	C:\Users\Admin\.antigravity\extensions\redhat.java-1.50.0-win32-x64\jre\21.0.9-win32-x86_64\bin\net.dll
0x00007ff915610000 - 0x00007ff91571a000 	C:\WINDOWS\SYSTEM32\WINHTTP.dll
0x00007ff91b8b0000 - 0x00007ff91b91a000 	C:\WINDOWS\system32\mswsock.dll
0x00007ff8fa590000 - 0x00007ff8fa5a6000 	C:\Users\Admin\.antigravity\extensions\redhat.java-1.50.0-win32-x64\jre\21.0.9-win32-x86_64\bin\nio.dll
0x00007ff8fa620000 - 0x00007ff8fa630000 	c:\Users\Admin\.antigravity\extensions\redhat.java-1.50.0-win32-x64\jre\21.0.9-win32-x86_64\bin\verify.dll
0x00007ff8f4720000 - 0x00007ff8f4764000 	C:\Users\Admin\AppData\Roaming\Antigravity\User\globalStorage\redhat.java\1.50.0\config_win\org.eclipse.equinox.launcher\org.eclipse.equinox.launcher.win32.win32.x86_64_1.2.1400.v20250801-0854\eclipse_11916.dll
0x00007ff91e0d0000 - 0x00007ff91e1fb000 	C:\WINDOWS\System32\ole32.dll
0x00007ff91baa0000 - 0x00007ff91bab8000 	C:\WINDOWS\SYSTEM32\CRYPTSP.dll
0x00007ff91b160000 - 0x00007ff91b198000 	C:\WINDOWS\system32\rsaenh.dll
0x00007ff91c010000 - 0x00007ff91c03e000 	C:\WINDOWS\SYSTEM32\USERENV.dll
0x00007ff91bac0000 - 0x00007ff91bacc000 	C:\WINDOWS\SYSTEM32\CRYPTBASE.dll
0x00007ff91b540000 - 0x00007ff91b57b000 	C:\WINDOWS\SYSTEM32\IPHLPAPI.DLL
0x00007ff91d2e0000 - 0x00007ff91d2e8000 	C:\WINDOWS\System32\NSI.dll
0x00007ff8fa6b0000 - 0x00007ff8fa6f9000 	C:\Users\Admin\AppData\Local\Temp\jna-63116079\jna6186885002116109850.dll
0x00007ff91d390000 - 0x00007ff91d398000 	C:\WINDOWS\System32\PSAPI.DLL
0x00007ff9166d0000 - 0x00007ff9166e7000 	C:\WINDOWS\SYSTEM32\dhcpcsvc6.DLL
0x00007ff9166b0000 - 0x00007ff9166cd000 	C:\WINDOWS\SYSTEM32\dhcpcsvc.DLL
0x00007ff90c460000 - 0x00007ff90c487000 	C:\Users\Admin\.gradle\native\1def1411415f61bf3af743bc5b6707747c0891f09f0c88961ee8f79bc544acac\windows-amd64\native-platform.dll
0x00007ff8fa390000 - 0x00007ff8fa39a000 	C:\Users\Admin\.antigravity\extensions\redhat.java-1.50.0-win32-x64\jre\21.0.9-win32-x86_64\bin\management.dll
0x00007ff8fa380000 - 0x00007ff8fa38c000 	C:\Users\Admin\.antigravity\extensions\redhat.java-1.50.0-win32-x64\jre\21.0.9-win32-x86_64\bin\management_ext.dll

JVMTI agents:
c:\Users\Admin\.antigravity\extensions\redhat.java-1.50.0-win32-x64\lombok\lombok-1.18.39-4050.jar path:c:\Users\Admin\.antigravity\extensions\redhat.java-1.50.0-win32-x64\jre\21.0.9-win32-x86_64\bin\instrument.dll, loaded, initialized, instrumentlib options:none

dbghelp: loaded successfully - version: 4.0.5 - missing functions: none
symbol engine: initialized successfully - sym options: 0x614 - pdb path: .;c:\Users\Admin\.antigravity\extensions\redhat.java-1.50.0-win32-x64\jre\21.0.9-win32-x86_64\bin;C:\WINDOWS\SYSTEM32;C:\WINDOWS\WinSxS\amd64_microsoft.windows.common-controls_6595b64144ccf1df_6.0.19041.6456_none_60b8a6cb71f64256;c:\Users\Admin\.antigravity\extensions\redhat.java-1.50.0-win32-x64\jre\21.0.9-win32-x86_64\bin\server;C:\Users\Admin\AppData\Roaming\Antigravity\User\globalStorage\redhat.java\1.50.0\config_win\org.eclipse.equinox.launcher\org.eclipse.equinox.launcher.win32.win32.x86_64_1.2.1400.v20250801-0854;C:\Users\Admin\AppData\Local\Temp\jna-63116079;C:\Users\Admin\.gradle\native\1def1411415f61bf3af743bc5b6707747c0891f09f0c88961ee8f79bc544acac\windows-amd64

VM Arguments:
jvm_args: --add-modules=ALL-SYSTEM --add-opens=java.base/java.util=ALL-UNNAMED --add-opens=java.base/java.lang=ALL-UNNAMED --add-opens=java.base/sun.nio.fs=ALL-UNNAMED -Declipse.application=org.eclipse.jdt.ls.core.id1 -Dosgi.bundles.defaultStartLevel=4 -Declipse.product=org.eclipse.jdt.ls.core.product -Djava.import.generatesMetadataFilesAtProjectRoot=false -DDetectVMInstallationsJob.disabled=true -Dfile.encoding=utf8 -XX:+UseParallelGC -XX:GCTimeRatio=4 -XX:AdaptiveSizePolicyWeight=90 -Dsun.zip.disableMemoryMapping=true -Xmx2G -Xms100m -Xlog:disable -javaagent:c:\Users\Admin\.antigravity\extensions\redhat.java-1.50.0-win32-x64\lombok\lombok-1.18.39-4050.jar -XX:+HeapDumpOnOutOfMemoryError -XX:HeapDumpPath=c:\Users\Admin\AppData\Roaming\Antigravity\User\workspaceStorage\af1cb1524c391b6bf54d4a5b5d479961\redhat.java -Daether.dependencyCollector.impl=bf 
java_command: c:\Users\Admin\.antigravity\extensions\redhat.java-1.50.0-win32-x64\server\plugins\org.eclipse.equinox.launcher_1.7.100.v20251111-0406.jar -configuration c:\Users\Admin\AppData\Roaming\Antigravity\User\globalStorage\redhat.java\1.50.0\config_win -data c:\Users\Admin\AppData\Roaming\Antigravity\User\workspaceStorage\af1cb1524c391b6bf54d4a5b5d479961\redhat.java\jdt_ws --pipe=\\.\pipe\lsp-8183f75d7cf7a62a164c11092181296d-sock
java_class_path (initial): c:\Users\Admin\.antigravity\extensions\redhat.java-1.50.0-win32-x64\server\plugins\org.eclipse.equinox.launcher_1.7.100.v20251111-0406.jar
Launcher Type: SUN_STANDARD

[Global flags]
    uintx AdaptiveSizePolicyWeight                 = 90                                        {product} {command line}
     intx CICompilerCount                          = 3                                         {product} {ergonomic}
    uintx GCTimeRatio                              = 4                                         {product} {command line}
     bool HeapDumpOnOutOfMemoryError               = true                                   {manageable} {command line}
    ccstr HeapDumpPath                             = c:\Users\Admin\AppData\Roaming\Antigravity\User\workspaceStorage\af1cb1524c391b6bf54d4a5b5d479961\redhat.java         {manageable} {command line}
   size_t InitialHeapSize                          = 104857600                                 {product} {command line}
   size_t MaxHeapSize                              = 2147483648                                {product} {command line}
   size_t MaxNewSize                               = 715653120                                 {product} {ergonomic}
   size_t MinHeapDeltaBytes                        = 524288                                    {product} {ergonomic}
   size_t MinHeapSize                              = 104857600                                 {product} {command line}
   size_t NewSize                                  = 34603008                                  {product} {ergonomic}
    uintx NonNMethodCodeHeapSize                   = 5832780                                {pd product} {ergonomic}
    uintx NonProfiledCodeHeapSize                  = 122912730                              {pd product} {ergonomic}
   size_t OldSize                                  = 70254592                                  {product} {ergonomic}
    uintx ProfiledCodeHeapSize                     = 122912730                              {pd product} {ergonomic}
    uintx ReservedCodeCacheSize                    = 251658240                              {pd product} {ergonomic}
     bool SegmentedCodeCache                       = true                                      {product} {ergonomic}
   size_t SoftMaxHeapSize                          = 2147483648                             {manageable} {ergonomic}
     bool UseCompressedOops                        = true                           {product lp64_product} {ergonomic}
     bool UseLargePagesIndividualAllocation        = false                                  {pd product} {ergonomic}
     bool UseParallelGC                            = true                                      {product} {command line}

Logging:
Log output configuration:
 #0: stdout all=off uptime,level,tags foldmultilines=false
 #1: stderr all=off uptime,level,tags foldmultilines=false

Release file:
JAVA_VERSION="21.0.9" 
MODULES="java.base java.compiler java.datatransfer java.xml java.prefs java.desktop java.instrument java.logging java.management java.security.sasl java.naming java.rmi java.management.rmi java.net.http java.scripting java.security.jgss java.transaction.xa java.sql java.sql.rowset java.xml.crypto java.se java.smartcardio jdk.accessibility jdk.internal.jvmstat jdk.attach jdk.charsets jdk.internal.opt jdk.zipfs jdk.compiler jdk.crypto.ec jdk.crypto.cryptoki jdk.crypto.mscapi jdk.dynalink jdk.internal.ed jdk.editpad jdk.hotspot.agent jdk.httpserver jdk.internal.le jdk.internal.vm.ci jdk.internal.vm.compiler jdk.internal.vm.compiler.management jdk.jartool jdk.javadoc jdk.jcmd jdk.management jdk.management.agent jdk.jconsole jdk.jdeps jdk.jdwp.agent jdk.jdi jdk.jfr jdk.jshell jdk.jsobject jdk.jstatd jdk.localedata jdk.management.jfr jdk.naming.dns jdk.naming.rmi jdk.net jdk.nio.mapmode jdk.random jdk.sctp jdk.security.auth jdk.security.jgss jdk.unsupported jdk.unsupported.desktop jdk.xml.dom" 

Environment Variables:
PATH=C:\Program Files\Common Files\Oracle\Java\javapath;C:\WINDOWS\system32;C:\WINDOWS;C:\WINDOWS\System32\Wbem;C:\WINDOWS\System32\WindowsPowerShell\v1.0\;C:\WINDOWS\System32\OpenSSH\;C:\Program Files\Microsoft SQL Server\150\Tools\Binn\;C:\Program Files\nodejs\;C:\Users\Admin\AppData\Local\Microsoft\WindowsApps;C:\Users\Admin\AppData\Local\Programs\Microsoft VS Code\bin;C:\Users\Admin\AppData\Local\Programs\Antigravity\bin;C:\Users\Admin\AppData\Roaming\npm
USERNAME=Admin
OS=Windows_NT
PROCESSOR_IDENTIFIER=Intel64 Family 6 Model 42 Stepping 7, GenuineIntel
TMP=C:\Users\Admin\AppData\Local\Temp
TEMP=C:\Users\Admin\AppData\Local\Temp




Periodic native trim disabled

---------------  S Y S T E M  ---------------

OS:
 Windows 10 , 64 bit Build 19041 (10.0.19041.5915)
OS uptime: 0 days 7:35 hours

CPU: total 4 (initial active 4) (4 cores per cpu, 1 threads per core) family 6 model 42 stepping 7 microcode 0x2f, cx8, cmov, fxsr, mmx, sse, sse2, sse3, ssse3, sse4.1, sse4.2, popcnt, tsc, tscinvbit, avx, aes, clmul, vzeroupper, clflush, rdtscp
Processor Information for the first 4 processors :
  Max Mhz: 3301, Current Mhz: 3301, Mhz Limit: 3301

Memory: 4k page, system-wide physical 16337M (5827M free)
TotalPageFile size 20433M (AvailPageFile size 5M)
current process WorkingSet (physical memory assigned to process): 316M, peak: 319M
current process commit charge ("private bytes"): 374M, peak: 379M

vm_info: OpenJDK 64-Bit Server VM (21.0.9+10-LTS) for windows-amd64 JRE (21.0.9+10-LTS), built on 2025-10-21T00:00:00Z by "admin" with unknown MS VC++:1942

END.
