#
# There is insufficient memory for the Java Runtime Environment to continue.
# Native memory allocation (malloc) failed to allocate 1740336 bytes. Error detail: Chunk::new
# Possible reasons:
#   The system is out of physical RAM or swap space
#   This process is running with CompressedOops enabled, and the Java Heap may be blocking the growth of the native heap
# Possible solutions:
#   Reduce memory load on the system
#   Increase physical memory or swap space
#   Check if swap backing store is full
#   Decrease Java heap size (-Xmx/-Xms)
#   Decrease number of Java threads
#   Decrease Java thread stack sizes (-Xss)
#   Set larger code cache with -XX:ReservedCodeCacheSize=
#   JVM is running with Unscaled Compressed Oops mode in which the Java heap is
#     placed in the first 4GB address space. The Java Heap base address is the
#     maximum limit for the native heap growth. Please use -XX:HeapBaseMinAddress
#     to set the Java Heap base and to place the Java Heap above 4GB virtual address.
# This output file may be truncated or incomplete.
#
#  Out of Memory Error (arena.cpp:168), pid=9048, tid=14076
#
# JRE version: OpenJDK Runtime Environment Temurin-21.0.9+10 (21.0.9+10) (build 21.0.9+10-LTS)
# Java VM: OpenJDK 64-Bit Server VM Temurin-21.0.9+10 (21.0.9+10-LTS, mixed mode, sharing, tiered, compressed oops, compressed class ptrs, parallel gc, windows-amd64)
# No core dump will be written. Minidumps are not enabled by default on client versions of Windows
#

---------------  S U M M A R Y ------------

Command Line: --add-modules=ALL-SYSTEM --add-opens=java.base/java.util=ALL-UNNAMED --add-opens=java.base/java.lang=ALL-UNNAMED --add-opens=java.base/sun.nio.fs=ALL-UNNAMED -Declipse.application=org.eclipse.jdt.ls.core.id1 -Dosgi.bundles.defaultStartLevel=4 -Declipse.product=org.eclipse.jdt.ls.core.product -Djava.import.generatesMetadataFilesAtProjectRoot=false -DDetectVMInstallationsJob.disabled=true -Dfile.encoding=utf8 -XX:+UseParallelGC -XX:GCTimeRatio=4 -XX:AdaptiveSizePolicyWeight=90 -Dsun.zip.disableMemoryMapping=true -Xmx2G -Xms100m -Xlog:disable -javaagent:c:\Users\Admin\.antigravity\extensions\redhat.java-1.50.0-win32-x64\lombok\lombok-1.18.39-4050.jar -XX:+HeapDumpOnOutOfMemoryError -XX:HeapDumpPath=c:\Users\Admin\AppData\Roaming\Antigravity\User\workspaceStorage\af1cb1524c391b6bf54d4a5b5d479961\redhat.java -Daether.dependencyCollector.impl=bf c:\Users\Admin\.antigravity\extensions\redhat.java-1.50.0-win32-x64\server\plugins\org.eclipse.equinox.launcher_1.7.100.v20251111-0406.jar -configuration c:\Users\Admin\AppData\Roaming\Antigravity\User\globalStorage\redhat.java\1.50.0\config_win -data c:\Users\Admin\AppData\Roaming\Antigravity\User\workspaceStorage\af1cb1524c391b6bf54d4a5b5d479961\redhat.java\jdt_ws --pipe=\\.\pipe\lsp-023b625719b1ec184235c77bee72f343-sock

Host: Intel(R) Core(TM) i5-2500 CPU @ 3.30GHz, 4 cores, 15G,  Windows 10 , 64 bit Build 19041 (10.0.19041.5915)
Time: Thu Dec 18 19:15:14 2025 SE Asia Standard Time elapsed time: 8.579214 seconds (0d 0h 0m 8s)

---------------  T H R E A D  ---------------

Current thread (0x000001aff0600bc0):  JavaThread "C2 CompilerThread1" daemon [_thread_in_native, id=14076, stack(0x0000007d28000000,0x0000007d28100000) (1024K)]


Current CompileTask:
C2:8579 4706   !   4       org.eclipse.osgi.internal.loader.classpath.ClasspathManager::defineClass (636 bytes)

Stack: [0x0000007d28000000,0x0000007d28100000]
Native frames: (J=compiled Java code, j=interpreted, Vv=VM code, C=native code)
V  [jvm.dll+0x6d6e29]
V  [jvm.dll+0x8b4b76]
V  [jvm.dll+0x8b712e]
V  [jvm.dll+0x8b7813]
V  [jvm.dll+0x283d86]
V  [jvm.dll+0xc66ed]
V  [jvm.dll+0xc6c31]
V  [jvm.dll+0x3be501]
V  [jvm.dll+0x38ab92]
V  [jvm.dll+0x389fda]
V  [jvm.dll+0x24bfa0]
V  [jvm.dll+0x24b580]
V  [jvm.dll+0x1cb13e]
V  [jvm.dll+0x25b29d]
V  [jvm.dll+0x25982a]
V  [jvm.dll+0x3f7ea6]
V  [jvm.dll+0x85e9ad]
V  [jvm.dll+0x6d565d]
C  [ucrtbase.dll+0x21bb2]
C  [KERNEL32.DLL+0x17374]
C  [ntdll.dll+0x4cc91]


---------------  P R O C E S S  ---------------

Threads class SMR info:
_java_thread_list=0x000001aff17920b0, length=35, elements={
0x000001af90601720, 0x000001af92684a40, 0x000001af92685fe0, 0x000001af92689990,
0x000001af9268a5e0, 0x000001af9268d040, 0x000001af9268da90, 0x000001af9268e8c0,
0x000001af9270bd90, 0x000001afef0e9980, 0x000001afef281f40, 0x000001afefbe9270,
0x000001afefc708f0, 0x000001afefb31030, 0x000001afefb31a60, 0x000001aff011a610,
0x000001aff0119b10, 0x000001afeff90d60, 0x000001aff0206370, 0x000001aff0739850,
0x000001aff073b920, 0x000001aff07391c0, 0x000001aff073ac00, 0x000001aff0739ee0,
0x000001aff0600bc0, 0x000001aff073a570, 0x000001aff073b290, 0x000001aff073bfb0,
0x000001aff073c640, 0x000001aff19ac310, 0x000001aff19b0b40, 0x000001aff19af100,
0x000001aff19ae3e0, 0x000001aff19add50, 0x000001aff19afe20
}

Java Threads: ( => current thread )
  0x000001af90601720 JavaThread "main"                              [_thread_blocked, id=9228, stack(0x0000007d26000000,0x0000007d26100000) (1024K)]
  0x000001af92684a40 JavaThread "Reference Handler"          daemon [_thread_blocked, id=19404, stack(0x0000007d26500000,0x0000007d26600000) (1024K)]
  0x000001af92685fe0 JavaThread "Finalizer"                  daemon [_thread_blocked, id=11768, stack(0x0000007d26600000,0x0000007d26700000) (1024K)]
  0x000001af92689990 JavaThread "Signal Dispatcher"          daemon [_thread_blocked, id=14268, stack(0x0000007d26700000,0x0000007d26800000) (1024K)]
  0x000001af9268a5e0 JavaThread "Attach Listener"            daemon [_thread_blocked, id=7892, stack(0x0000007d26800000,0x0000007d26900000) (1024K)]
  0x000001af9268d040 JavaThread "Service Thread"             daemon [_thread_blocked, id=18104, stack(0x0000007d26900000,0x0000007d26a00000) (1024K)]
  0x000001af9268da90 JavaThread "Monitor Deflation Thread"   daemon [_thread_blocked, id=5568, stack(0x0000007d26a00000,0x0000007d26b00000) (1024K)]
  0x000001af9268e8c0 JavaThread "C2 CompilerThread0"         daemon [_thread_in_native, id=7072, stack(0x0000007d26b00000,0x0000007d26c00000) (1024K)]
  0x000001af9270bd90 JavaThread "C1 CompilerThread0"         daemon [_thread_blocked, id=17964, stack(0x0000007d26c00000,0x0000007d26d00000) (1024K)]
  0x000001afef0e9980 JavaThread "Common-Cleaner"             daemon [_thread_blocked, id=14152, stack(0x0000007d26d00000,0x0000007d26e00000) (1024K)]
  0x000001afef281f40 JavaThread "Notification Thread"        daemon [_thread_blocked, id=4948, stack(0x0000007d26e00000,0x0000007d26f00000) (1024K)]
  0x000001afefbe9270 JavaThread "Active Thread: Equinox Container: 47593a2e-91c6-4bb0-b065-d2f3359f753d"        [_thread_blocked, id=18604, stack(0x0000007d27300000,0x0000007d27400000) (1024K)]
  0x000001afefc708f0 JavaThread "Refresh Thread: Equinox Container: 47593a2e-91c6-4bb0-b065-d2f3359f753d" daemon [_thread_blocked, id=5372, stack(0x0000007d27400000,0x0000007d27500000) (1024K)]
  0x000001afefb31030 JavaThread "Framework Event Dispatcher: Equinox Container: 47593a2e-91c6-4bb0-b065-d2f3359f753d" daemon [_thread_blocked, id=9352, stack(0x0000007d27500000,0x0000007d27600000) (1024K)]
  0x000001afefb31a60 JavaThread "Start Level: Equinox Container: 47593a2e-91c6-4bb0-b065-d2f3359f753d" daemon [_thread_blocked, id=1992, stack(0x0000007d27600000,0x0000007d27700000) (1024K)]
  0x000001aff011a610 JavaThread "Bundle File Closer"         daemon [_thread_blocked, id=3216, stack(0x0000007d27700000,0x0000007d27800000) (1024K)]
  0x000001aff0119b10 JavaThread "SCR Component Actor"        daemon [_thread_blocked, id=6540, stack(0x0000007d27800000,0x0000007d27900000) (1024K)]
  0x000001afeff90d60 JavaThread "Worker-JM"                         [_thread_blocked, id=6428, stack(0x0000007d27900000,0x0000007d27a00000) (1024K)]
  0x000001aff0206370 JavaThread "JNA Cleaner"                daemon [_thread_blocked, id=18168, stack(0x0000007d27200000,0x0000007d27300000) (1024K)]
  0x000001aff0739850 JavaThread "Worker-0: Repository registry initialization"        [_thread_in_native, id=5888, stack(0x0000007d27b00000,0x0000007d27c00000) (1024K)]
  0x000001aff073b920 JavaThread "Worker-1: Updating Maven Dependencies"        [_thread_blocked, id=1572, stack(0x0000007d27c00000,0x0000007d27d00000) (1024K)]
  0x000001aff07391c0 JavaThread "Java indexing"              daemon [_thread_blocked, id=9824, stack(0x0000007d27d00000,0x0000007d27e00000) (1024K)]
  0x000001aff073ac00 JavaThread "Worker-2: Initialize After Load"        [_thread_blocked, id=13072, stack(0x0000007d27e00000,0x0000007d27f00000) (1024K)]
  0x000001aff0739ee0 JavaThread "Worker-3"                          [_thread_blocked, id=17756, stack(0x0000007d27a00000,0x0000007d27b00000) (1024K)]
=>0x000001aff0600bc0 JavaThread "C2 CompilerThread1"         daemon [_thread_in_native, id=14076, stack(0x0000007d28000000,0x0000007d28100000) (1024K)]
  0x000001aff073a570 JavaThread "Worker-4"                          [_thread_blocked, id=14104, stack(0x0000007d28200000,0x0000007d28300000) (1024K)]
  0x000001aff073b290 JavaThread "Worker-5"                          [_thread_blocked, id=15356, stack(0x0000007d28300000,0x0000007d28400000) (1024K)]
  0x000001aff073bfb0 JavaThread "Thread-1"                   daemon [_thread_in_native, id=6992, stack(0x0000007d28400000,0x0000007d28500000) (1024K)]
  0x000001aff073c640 JavaThread "Thread-2"                   daemon [_thread_in_native, id=3588, stack(0x0000007d28500000,0x0000007d28600000) (1024K)]
  0x000001aff19ac310 JavaThread "Thread-3"                   daemon [_thread_in_native, id=13464, stack(0x0000007d28600000,0x0000007d28700000) (1024K)]
  0x000001aff19b0b40 JavaThread "Thread-4"                   daemon [_thread_in_native, id=14388, stack(0x0000007d28700000,0x0000007d28800000) (1024K)]
  0x000001aff19af100 JavaThread "Thread-5"                   daemon [_thread_in_native, id=12788, stack(0x0000007d28800000,0x0000007d28900000) (1024K)]
  0x000001aff19ae3e0 JavaThread "pool-2-thread-1"                   [_thread_blocked, id=16888, stack(0x0000007d28900000,0x0000007d28a00000) (1024K)]
  0x000001aff19add50 JavaThread "WorkspaceEventsHandler"            [_thread_blocked, id=12620, stack(0x0000007d28a00000,0x0000007d28b00000) (1024K)]
  0x000001aff19afe20 JavaThread "pool-1-thread-1"                   [_thread_blocked, id=7312, stack(0x0000007d28b00000,0x0000007d28c00000) (1024K)]
Total: 35

Other Threads:
  0x000001af9285bd30 VMThread "VM Thread"                           [id=19176, stack(0x0000007d26400000,0x0000007d26500000) (1024K)]
  0x000001af9280edb0 WatcherThread "VM Periodic Task Thread"        [id=6448, stack(0x0000007d26300000,0x0000007d26400000) (1024K)]
  0x000001af927c0000 WorkerThread "GC Thread#0"                     [id=4816, stack(0x0000007d26200000,0x0000007d26300000) (1024K)]
  0x000001afef40cd20 WorkerThread "GC Thread#1"                     [id=17888, stack(0x0000007d26f00000,0x0000007d27000000) (1024K)]
  0x000001afef158820 WorkerThread "GC Thread#2"                     [id=12932, stack(0x0000007d27000000,0x0000007d27100000) (1024K)]
  0x000001afef158bc0 WorkerThread "GC Thread#3"                     [id=13476, stack(0x0000007d27100000,0x0000007d27200000) (1024K)]
Total: 6

Threads with active compile tasks:
C2 CompilerThread0  8600 4940       4       java.lang.reflect.Method::getAnnotation (6 bytes)
C2 CompilerThread1  8600 4706   !   4       org.eclipse.osgi.internal.loader.classpath.ClasspathManager::defineClass (636 bytes)
Total: 2

VM state: not at safepoint (normal execution)

VM Mutex/Monitor currently owned by a thread: None

Heap address: 0x0000000080000000, size: 2048 MB, Compressed Oops mode: 32-bit

CDS archive(s) mapped at: [0x000001afaa000000-0x000001afaaba0000-0x000001afaaba0000), size 12189696, SharedBaseAddress: 0x000001afaa000000, ArchiveRelocationMode: 1.
Compressed class space mapped at: 0x000001afab000000-0x000001afeb000000, reserved size: 1073741824
Narrow klass base: 0x000001afaa000000, Narrow klass shift: 0, Narrow klass range: 0x100000000

GC Precious Log:
 CardTable entry size: 512
 CPUs: 4 total, 4 available
 Memory: 16337M
 Large Page Support: Disabled
 NUMA Support: Disabled
 Compressed Oops: Enabled (32-bit)
 Alignments: Space 512K, Generation 512K, Heap 2M
 Heap Min Capacity: 100M
 Heap Initial Capacity: 100M
 Heap Max Capacity: 2G
 Pre-touch: Disabled
 Parallel Workers: 4

Heap:
 PSYoungGen      total 23552K, used 17843K [0x00000000d5580000, 0x00000000d7200000, 0x0000000100000000)
  eden space 22016K, 74% used [0x00000000d5580000,0x00000000d656ce28,0x00000000d6b00000)
  from space 1536K, 100% used [0x00000000d7080000,0x00000000d7200000,0x00000000d7200000)
  to   space 2048K, 0% used [0x00000000d6e00000,0x00000000d6e00000,0x00000000d7000000)
 ParOldGen       total 68608K, used 18303K [0x0000000080000000, 0x0000000084300000, 0x00000000d5580000)
  object space 68608K, 26% used [0x0000000080000000,0x00000000811dffb0,0x0000000084300000)
 Metaspace       used 38215K, committed 39296K, reserved 1114112K
  class space    used 4075K, committed 4544K, reserved 1048576K

Card table byte_map: [0x000001af92150000,0x000001af92560000] _byte_map_base: 0x000001af91d50000

Marking Bits: (ParMarkBitMap*) 0x00007ff8e4662460
 Begin Bits: [0x000001afa4c60000, 0x000001afa6c60000)
 End Bits:   [0x000001afa6c60000, 0x000001afa8c60000)

Polling page: 0x000001af90570000

Metaspace:

Usage:
  Non-class:     33.34 MB used.
      Class:      3.98 MB used.
       Both:     37.32 MB used.

Virtual space:
  Non-class space:       64.00 MB reserved,      33.94 MB ( 53%) committed,  1 nodes.
      Class space:        1.00 GB reserved,       4.44 MB ( <1%) committed,  1 nodes.
             Both:        1.06 GB reserved,      38.38 MB (  4%) committed. 

Chunk freelists:
   Non-Class:  13.83 MB
       Class:  11.50 MB
        Both:  25.33 MB

MaxMetaspaceSize: unlimited
CompressedClassSpaceSize: 1.00 GB
Initial GC threshold: 21.00 MB
Current GC threshold: 58.38 MB
CDS: on
 - commit_granule_bytes: 65536.
 - commit_granule_words: 8192.
 - virtual_space_node_default_size: 8388608.
 - enlarge_chunks_in_place: 1.
 - use_allocation_guard: 0.


Internal statistics:

num_allocs_failed_limit: 6.
num_arena_births: 752.
num_arena_deaths: 14.
num_vsnodes_births: 2.
num_vsnodes_deaths: 0.
num_space_committed: 614.
num_space_uncommitted: 0.
num_chunks_returned_to_freelist: 20.
num_chunks_taken_from_freelist: 2347.
num_chunk_merges: 9.
num_chunk_splits: 1510.
num_chunks_enlarged: 966.
num_inconsistent_stats: 0.

CodeHeap 'non-profiled nmethods': size=120000Kb used=2288Kb max_used=2332Kb free=117711Kb
 bounds [0x000001af9d480000, 0x000001af9d6f0000, 0x000001afa49b0000]
CodeHeap 'profiled nmethods': size=120000Kb used=9051Kb max_used=9578Kb free=110948Kb
 bounds [0x000001af959b0000, 0x000001af96310000, 0x000001af9cee0000]
CodeHeap 'non-nmethods': size=5760Kb used=1359Kb max_used=1392Kb free=4401Kb
 bounds [0x000001af9cee0000, 0x000001af9d150000, 0x000001af9d480000]
CodeCache: size=245760Kb, used=12698Kb, max_used=13302Kb, free=233060Kb
 total_blobs=5041, nmethods=4383, adapters=564, full_count=0
Compilation: enabled, stopped_count=0, restarted_count=0

Compilation events (20 events):
Event: 8.551 Thread 0x000001af9270bd90 4923       3       jdk.internal.org.objectweb.asm.SymbolTable::hash (12 bytes)
Event: 8.551 Thread 0x000001af9270bd90 nmethod 4923 0x000001af959f3810 code [0x000001af959f39c0, 0x000001af959f3af8]
Event: 8.552 Thread 0x000001af9270bd90 4924       1       org.eclipse.jdt.ls.core.internal.LogReader$LogEntry::getSession (5 bytes)
Event: 8.552 Thread 0x000001af9270bd90 nmethod 4924 0x000001af9d59d910 code [0x000001af9d59daa0, 0x000001af9d59db68]
Event: 8.553 Thread 0x000001af9268e8c0 nmethod 4915 0x000001af9d4d7e90 code [0x000001af9d4d8060, 0x000001af9d4d8420]
Event: 8.553 Thread 0x000001af9270bd90 4926       3       java.lang.System$2::getConstantPool (5 bytes)
Event: 8.553 Thread 0x000001af9268e8c0 4925   !   4       org.eclipse.osgi.internal.framework.BundleContextImpl::dispatchEvent (577 bytes)
Event: 8.553 Thread 0x000001af9270bd90 nmethod 4926 0x000001af95feb790 code [0x000001af95feb940, 0x000001af95feba80]
Event: 8.554 Thread 0x000001af9270bd90 4927       3       java.util.Arrays::sort (47 bytes)
Event: 8.554 Thread 0x000001af9270bd90 nmethod 4927 0x000001af95feb290 code [0x000001af95feb460, 0x000001af95feb6a8]
Event: 8.561 Thread 0x000001af9270bd90 4928       3       com.google.inject.internal.DeclaredMembers$$Lambda/0x000001afab381e08::apply (8 bytes)
Event: 8.561 Thread 0x000001af9270bd90 nmethod 4928 0x000001af95fea590 code [0x000001af95fea7c0, 0x000001af95feaff8]
Event: 8.561 Thread 0x000001af9270bd90 4929       3       com.google.inject.internal.DeclaredMembers::lambda$getDeclaredMethods$1 (8 bytes)
Event: 8.562 Thread 0x000001af9270bd90 nmethod 4929 0x000001af95a1a590 code [0x000001af95a1a7a0, 0x000001af95a1ae68]
Event: 8.562 Thread 0x000001af9270bd90 4931       3       com.google.common.collect.ImmutableCollection::<init> (5 bytes)
Event: 8.562 Thread 0x000001af9270bd90 nmethod 4931 0x000001af95a1a110 code [0x000001af95a1a2c0, 0x000001af95a1a488]
Event: 8.567 Thread 0x000001af9268e8c0 nmethod 4925 0x000001af9d4df490 code [0x000001af9d4df760, 0x000001af9d4e05b0]
Event: 8.567 Thread 0x000001af9268e8c0 4930   !   4       java.lang.reflect.Executable::declaredAnnotations (85 bytes)
Event: 8.574 Thread 0x000001af9268e8c0 nmethod 4930 0x000001af9d4d6d10 code [0x000001af9d4d6f80, 0x000001af9d4d79d8]
Event: 8.574 Thread 0x000001af9268e8c0 4920       4       java.util.LinkedHashMap::afterNodeInsertion (40 bytes)

GC Heap History (20 events):
Event: 5.578 GC heap before
{Heap before GC invocations=7 (full 0):
 PSYoungGen      total 29184K, used 20963K [0x00000000d5580000, 0x00000000d7900000, 0x0000000100000000)
  eden space 24576K, 67% used [0x00000000d5580000,0x00000000d65a8370,0x00000000d6d80000)
  from space 4608K, 95% used [0x00000000d7480000,0x00000000d78d0b80,0x00000000d7900000)
  to   space 5120K, 0% used [0x00000000d6f00000,0x00000000d6f00000,0x00000000d7400000)
 ParOldGen       total 68608K, used 8574K [0x0000000080000000, 0x0000000084300000, 0x00000000d5580000)
  object space 68608K, 12% used [0x0000000080000000,0x000000008085faf8,0x0000000084300000)
 Metaspace       used 20638K, committed 21504K, reserved 1114112K
  class space    used 2189K, committed 2560K, reserved 1048576K
}
Event: 5.584 GC heap after
{Heap after GC invocations=7 (full 0):
 PSYoungGen      total 29184K, used 4123K [0x00000000d5580000, 0x00000000d7680000, 0x0000000100000000)
  eden space 24576K, 0% used [0x00000000d5580000,0x00000000d5580000,0x00000000d6d80000)
  from space 4608K, 89% used [0x00000000d6f00000,0x00000000d7306e40,0x00000000d7380000)
  to   space 3072K, 0% used [0x00000000d7380000,0x00000000d7380000,0x00000000d7680000)
 ParOldGen       total 68608K, used 9818K [0x0000000080000000, 0x0000000084300000, 0x00000000d5580000)
  object space 68608K, 14% used [0x0000000080000000,0x00000000809969c8,0x0000000084300000)
 Metaspace       used 20638K, committed 21504K, reserved 1114112K
  class space    used 2189K, committed 2560K, reserved 1048576K
}
Event: 5.584 GC heap before
{Heap before GC invocations=8 (full 1):
 PSYoungGen      total 29184K, used 4123K [0x00000000d5580000, 0x00000000d7680000, 0x0000000100000000)
  eden space 24576K, 0% used [0x00000000d5580000,0x00000000d5580000,0x00000000d6d80000)
  from space 4608K, 89% used [0x00000000d6f00000,0x00000000d7306e40,0x00000000d7380000)
  to   space 3072K, 0% used [0x00000000d7380000,0x00000000d7380000,0x00000000d7680000)
 ParOldGen       total 68608K, used 9818K [0x0000000080000000, 0x0000000084300000, 0x00000000d5580000)
  object space 68608K, 14% used [0x0000000080000000,0x00000000809969c8,0x0000000084300000)
 Metaspace       used 20638K, committed 21504K, reserved 1114112K
  class space    used 2189K, committed 2560K, reserved 1048576K
}
Event: 5.622 GC heap after
{Heap after GC invocations=8 (full 1):
 PSYoungGen      total 29184K, used 0K [0x00000000d5580000, 0x00000000d7680000, 0x0000000100000000)
  eden space 24576K, 0% used [0x00000000d5580000,0x00000000d5580000,0x00000000d6d80000)
  from space 4608K, 0% used [0x00000000d6f00000,0x00000000d6f00000,0x00000000d7380000)
  to   space 3072K, 0% used [0x00000000d7380000,0x00000000d7380000,0x00000000d7680000)
 ParOldGen       total 68608K, used 13186K [0x0000000080000000, 0x0000000084300000, 0x00000000d5580000)
  object space 68608K, 19% used [0x0000000080000000,0x0000000080ce0bd8,0x0000000084300000)
 Metaspace       used 20625K, committed 21504K, reserved 1114112K
  class space    used 2185K, committed 2560K, reserved 1048576K
}
Event: 5.901 GC heap before
{Heap before GC invocations=9 (full 1):
 PSYoungGen      total 29184K, used 24547K [0x00000000d5580000, 0x00000000d7680000, 0x0000000100000000)
  eden space 24576K, 99% used [0x00000000d5580000,0x00000000d6d78c28,0x00000000d6d80000)
  from space 4608K, 0% used [0x00000000d6f00000,0x00000000d6f00000,0x00000000d7380000)
  to   space 3072K, 0% used [0x00000000d7380000,0x00000000d7380000,0x00000000d7680000)
 ParOldGen       total 68608K, used 13186K [0x0000000080000000, 0x0000000084300000, 0x00000000d5580000)
  object space 68608K, 19% used [0x0000000080000000,0x0000000080ce0bd8,0x0000000084300000)
 Metaspace       used 23131K, committed 24000K, reserved 1114112K
  class space    used 2351K, committed 2752K, reserved 1048576K
}
Event: 5.902 GC heap after
{Heap after GC invocations=9 (full 1):
 PSYoungGen      total 25088K, used 612K [0x00000000d5580000, 0x00000000d7480000, 0x0000000100000000)
  eden space 24064K, 0% used [0x00000000d5580000,0x00000000d5580000,0x00000000d6d00000)
  from space 1024K, 59% used [0x00000000d7380000,0x00000000d7419328,0x00000000d7480000)
  to   space 2048K, 0% used [0x00000000d7080000,0x00000000d7080000,0x00000000d7280000)
 ParOldGen       total 68608K, used 13186K [0x0000000080000000, 0x0000000084300000, 0x00000000d5580000)
  object space 68608K, 19% used [0x0000000080000000,0x0000000080ce0bd8,0x0000000084300000)
 Metaspace       used 23131K, committed 24000K, reserved 1114112K
  class space    used 2351K, committed 2752K, reserved 1048576K
}
Event: 6.142 GC heap before
{Heap before GC invocations=10 (full 1):
 PSYoungGen      total 25088K, used 24676K [0x00000000d5580000, 0x00000000d7480000, 0x0000000100000000)
  eden space 24064K, 100% used [0x00000000d5580000,0x00000000d6d00000,0x00000000d6d00000)
  from space 1024K, 59% used [0x00000000d7380000,0x00000000d7419328,0x00000000d7480000)
  to   space 2048K, 0% used [0x00000000d7080000,0x00000000d7080000,0x00000000d7280000)
 ParOldGen       total 68608K, used 13186K [0x0000000080000000, 0x0000000084300000, 0x00000000d5580000)
  object space 68608K, 19% used [0x0000000080000000,0x0000000080ce0bd8,0x0000000084300000)
 Metaspace       used 26414K, committed 27328K, reserved 1114112K
  class space    used 2602K, committed 3008K, reserved 1048576K
}
Event: 6.143 GC heap after
{Heap after GC invocations=10 (full 1):
 PSYoungGen      total 25600K, used 1688K [0x00000000d5580000, 0x00000000d7400000, 0x0000000100000000)
  eden space 23552K, 0% used [0x00000000d5580000,0x00000000d5580000,0x00000000d6c80000)
  from space 2048K, 82% used [0x00000000d7080000,0x00000000d7226208,0x00000000d7280000)
  to   space 1536K, 0% used [0x00000000d7280000,0x00000000d7280000,0x00000000d7400000)
 ParOldGen       total 68608K, used 13976K [0x0000000080000000, 0x0000000084300000, 0x00000000d5580000)
  object space 68608K, 20% used [0x0000000080000000,0x0000000080da60e8,0x0000000084300000)
 Metaspace       used 26414K, committed 27328K, reserved 1114112K
  class space    used 2602K, committed 3008K, reserved 1048576K
}
Event: 6.777 GC heap before
{Heap before GC invocations=11 (full 1):
 PSYoungGen      total 25600K, used 25240K [0x00000000d5580000, 0x00000000d7400000, 0x0000000100000000)
  eden space 23552K, 100% used [0x00000000d5580000,0x00000000d6c80000,0x00000000d6c80000)
  from space 2048K, 82% used [0x00000000d7080000,0x00000000d7226208,0x00000000d7280000)
  to   space 1536K, 0% used [0x00000000d7280000,0x00000000d7280000,0x00000000d7400000)
 ParOldGen       total 68608K, used 13976K [0x0000000080000000, 0x0000000084300000, 0x00000000d5580000)
  object space 68608K, 20% used [0x0000000080000000,0x0000000080da60e8,0x0000000084300000)
 Metaspace       used 28453K, committed 29440K, reserved 1114112K
  class space    used 2783K, committed 3200K, reserved 1048576K
}
Event: 6.779 GC heap after
{Heap after GC invocations=11 (full 1):
 PSYoungGen      total 24576K, used 1519K [0x00000000d5580000, 0x00000000d7400000, 0x0000000100000000)
  eden space 23040K, 0% used [0x00000000d5580000,0x00000000d5580000,0x00000000d6c00000)
  from space 1536K, 98% used [0x00000000d7280000,0x00000000d73fbdf0,0x00000000d7400000)
  to   space 3072K, 0% used [0x00000000d6e00000,0x00000000d6e00000,0x00000000d7100000)
 ParOldGen       total 68608K, used 14962K [0x0000000080000000, 0x0000000084300000, 0x00000000d5580000)
  object space 68608K, 21% used [0x0000000080000000,0x0000000080e9c868,0x0000000084300000)
 Metaspace       used 28453K, committed 29440K, reserved 1114112K
  class space    used 2783K, committed 3200K, reserved 1048576K
}
Event: 7.385 GC heap before
{Heap before GC invocations=12 (full 1):
 PSYoungGen      total 24576K, used 24559K [0x00000000d5580000, 0x00000000d7400000, 0x0000000100000000)
  eden space 23040K, 100% used [0x00000000d5580000,0x00000000d6c00000,0x00000000d6c00000)
  from space 1536K, 98% used [0x00000000d7280000,0x00000000d73fbdf0,0x00000000d7400000)
  to   space 3072K, 0% used [0x00000000d6e00000,0x00000000d6e00000,0x00000000d7100000)
 ParOldGen       total 68608K, used 14962K [0x0000000080000000, 0x0000000084300000, 0x00000000d5580000)
  object space 68608K, 21% used [0x0000000080000000,0x0000000080e9c868,0x0000000084300000)
 Metaspace       used 31731K, committed 32768K, reserved 1114112K
  class space    used 3222K, committed 3648K, reserved 1048576K
}
Event: 7.388 GC heap after
{Heap after GC invocations=12 (full 1):
 PSYoungGen      total 25600K, used 976K [0x00000000d5580000, 0x00000000d7300000, 0x0000000100000000)
  eden space 22528K, 0% used [0x00000000d5580000,0x00000000d5580000,0x00000000d6b80000)
  from space 3072K, 31% used [0x00000000d6e00000,0x00000000d6ef4010,0x00000000d7100000)
  to   space 1536K, 0% used [0x00000000d7180000,0x00000000d7180000,0x00000000d7300000)
 ParOldGen       total 68608K, used 16480K [0x0000000080000000, 0x0000000084300000, 0x00000000d5580000)
  object space 68608K, 24% used [0x0000000080000000,0x0000000081018060,0x0000000084300000)
 Metaspace       used 31731K, committed 32768K, reserved 1114112K
  class space    used 3222K, committed 3648K, reserved 1048576K
}
Event: 7.859 GC heap before
{Heap before GC invocations=13 (full 1):
 PSYoungGen      total 25600K, used 23504K [0x00000000d5580000, 0x00000000d7300000, 0x0000000100000000)
  eden space 22528K, 100% used [0x00000000d5580000,0x00000000d6b80000,0x00000000d6b80000)
  from space 3072K, 31% used [0x00000000d6e00000,0x00000000d6ef4010,0x00000000d7100000)
  to   space 1536K, 0% used [0x00000000d7180000,0x00000000d7180000,0x00000000d7300000)
 ParOldGen       total 68608K, used 16480K [0x0000000080000000, 0x0000000084300000, 0x00000000d5580000)
  object space 68608K, 24% used [0x0000000080000000,0x0000000081018060,0x0000000084300000)
 Metaspace       used 33637K, committed 34752K, reserved 1114112K
  class space    used 3472K, committed 3904K, reserved 1048576K
}
Event: 7.861 GC heap after
{Heap after GC invocations=13 (full 1):
 PSYoungGen      total 23552K, used 1520K [0x00000000d5580000, 0x00000000d7300000, 0x0000000100000000)
  eden space 22016K, 0% used [0x00000000d5580000,0x00000000d5580000,0x00000000d6b00000)
  from space 1536K, 99% used [0x00000000d7180000,0x00000000d72fc3e8,0x00000000d7300000)
  to   space 3072K, 0% used [0x00000000d6d00000,0x00000000d6d00000,0x00000000d7000000)
 ParOldGen       total 68608K, used 17359K [0x0000000080000000, 0x0000000084300000, 0x00000000d5580000)
  object space 68608K, 25% used [0x0000000080000000,0x00000000810f3e68,0x0000000084300000)
 Metaspace       used 33637K, committed 34752K, reserved 1114112K
  class space    used 3472K, committed 3904K, reserved 1048576K
}
Event: 8.019 GC heap before
{Heap before GC invocations=14 (full 1):
 PSYoungGen      total 23552K, used 13133K [0x00000000d5580000, 0x00000000d7300000, 0x0000000100000000)
  eden space 22016K, 52% used [0x00000000d5580000,0x00000000d60d71a0,0x00000000d6b00000)
  from space 1536K, 99% used [0x00000000d7180000,0x00000000d72fc3e8,0x00000000d7300000)
  to   space 3072K, 0% used [0x00000000d6d00000,0x00000000d6d00000,0x00000000d7000000)
 ParOldGen       total 68608K, used 17359K [0x0000000080000000, 0x0000000084300000, 0x00000000d5580000)
  object space 68608K, 25% used [0x0000000080000000,0x00000000810f3e68,0x0000000084300000)
 Metaspace       used 34774K, committed 35840K, reserved 1114112K
  class space    used 3624K, committed 4096K, reserved 1048576K
}
Event: 8.020 GC heap after
{Heap after GC invocations=14 (full 1):
 PSYoungGen      total 25088K, used 304K [0x00000000d5580000, 0x00000000d7200000, 0x0000000100000000)
  eden space 22016K, 0% used [0x00000000d5580000,0x00000000d5580000,0x00000000d6b00000)
  from space 3072K, 9% used [0x00000000d6d00000,0x00000000d6d4c010,0x00000000d7000000)
  to   space 1536K, 0% used [0x00000000d7080000,0x00000000d7080000,0x00000000d7200000)
 ParOldGen       total 68608K, used 18674K [0x0000000080000000, 0x0000000084300000, 0x00000000d5580000)
  object space 68608K, 27% used [0x0000000080000000,0x000000008123cad8,0x0000000084300000)
 Metaspace       used 34774K, committed 35840K, reserved 1114112K
  class space    used 3624K, committed 4096K, reserved 1048576K
}
Event: 8.020 GC heap before
{Heap before GC invocations=15 (full 2):
 PSYoungGen      total 25088K, used 304K [0x00000000d5580000, 0x00000000d7200000, 0x0000000100000000)
  eden space 22016K, 0% used [0x00000000d5580000,0x00000000d5580000,0x00000000d6b00000)
  from space 3072K, 9% used [0x00000000d6d00000,0x00000000d6d4c010,0x00000000d7000000)
  to   space 1536K, 0% used [0x00000000d7080000,0x00000000d7080000,0x00000000d7200000)
 ParOldGen       total 68608K, used 18674K [0x0000000080000000, 0x0000000084300000, 0x00000000d5580000)
  object space 68608K, 27% used [0x0000000080000000,0x000000008123cad8,0x0000000084300000)
 Metaspace       used 34774K, committed 35840K, reserved 1114112K
  class space    used 3624K, committed 4096K, reserved 1048576K
}
Event: 8.054 GC heap after
{Heap after GC invocations=15 (full 2):
 PSYoungGen      total 25088K, used 0K [0x00000000d5580000, 0x00000000d7200000, 0x0000000100000000)
  eden space 22016K, 0% used [0x00000000d5580000,0x00000000d5580000,0x00000000d6b00000)
  from space 3072K, 0% used [0x00000000d6d00000,0x00000000d6d00000,0x00000000d7000000)
  to   space 1536K, 0% used [0x00000000d7080000,0x00000000d7080000,0x00000000d7200000)
 ParOldGen       total 68608K, used 18087K [0x0000000080000000, 0x0000000084300000, 0x00000000d5580000)
  object space 68608K, 26% used [0x0000000080000000,0x00000000811a9fb0,0x0000000084300000)
 Metaspace       used 34774K, committed 35840K, reserved 1114112K
  class space    used 3624K, committed 4096K, reserved 1048576K
}
Event: 8.380 GC heap before
{Heap before GC invocations=16 (full 2):
 PSYoungGen      total 25088K, used 22016K [0x00000000d5580000, 0x00000000d7200000, 0x0000000100000000)
  eden space 22016K, 100% used [0x00000000d5580000,0x00000000d6b00000,0x00000000d6b00000)
  from space 3072K, 0% used [0x00000000d6d00000,0x00000000d6d00000,0x00000000d7000000)
  to   space 1536K, 0% used [0x00000000d7080000,0x00000000d7080000,0x00000000d7200000)
 ParOldGen       total 68608K, used 18087K [0x0000000080000000, 0x0000000084300000, 0x00000000d5580000)
  object space 68608K, 26% used [0x0000000080000000,0x00000000811a9fb0,0x0000000084300000)
 Metaspace       used 36792K, committed 37952K, reserved 1114112K
  class space    used 3891K, committed 4416K, reserved 1048576K
}
Event: 8.381 GC heap after
{Heap after GC invocations=16 (full 2):
 PSYoungGen      total 23552K, used 1536K [0x00000000d5580000, 0x00000000d7200000, 0x0000000100000000)
  eden space 22016K, 0% used [0x00000000d5580000,0x00000000d5580000,0x00000000d6b00000)
  from space 1536K, 100% used [0x00000000d7080000,0x00000000d7200000,0x00000000d7200000)
  to   space 2048K, 0% used [0x00000000d6e00000,0x00000000d6e00000,0x00000000d7000000)
 ParOldGen       total 68608K, used 18303K [0x0000000080000000, 0x0000000084300000, 0x00000000d5580000)
  object space 68608K, 26% used [0x0000000080000000,0x00000000811dffb0,0x0000000084300000)
 Metaspace       used 36792K, committed 37952K, reserved 1114112K
  class space    used 3891K, committed 4416K, reserved 1048576K
}

Dll operation events (10 events):
Event: 0.007 Loaded shared library c:\Users\Admin\.antigravity\extensions\redhat.java-1.50.0-win32-x64\jre\21.0.9-win32-x86_64\bin\java.dll
Event: 0.185 Loaded shared library c:\Users\Admin\.antigravity\extensions\redhat.java-1.50.0-win32-x64\jre\21.0.9-win32-x86_64\bin\zip.dll
Event: 0.207 Loaded shared library C:\Users\Admin\.antigravity\extensions\redhat.java-1.50.0-win32-x64\jre\21.0.9-win32-x86_64\bin\instrument.dll
Event: 0.212 Loaded shared library C:\Users\Admin\.antigravity\extensions\redhat.java-1.50.0-win32-x64\jre\21.0.9-win32-x86_64\bin\net.dll
Event: 0.214 Loaded shared library C:\Users\Admin\.antigravity\extensions\redhat.java-1.50.0-win32-x64\jre\21.0.9-win32-x86_64\bin\nio.dll
Event: 0.267 Loaded shared library C:\Users\Admin\.antigravity\extensions\redhat.java-1.50.0-win32-x64\jre\21.0.9-win32-x86_64\bin\zip.dll
Event: 0.294 Loaded shared library C:\Users\Admin\.antigravity\extensions\redhat.java-1.50.0-win32-x64\jre\21.0.9-win32-x86_64\bin\jimage.dll
Event: 0.459 Loaded shared library c:\Users\Admin\.antigravity\extensions\redhat.java-1.50.0-win32-x64\jre\21.0.9-win32-x86_64\bin\verify.dll
Event: 2.738 Loaded shared library C:\Users\Admin\AppData\Roaming\Antigravity\User\globalStorage\redhat.java\1.50.0\config_win\org.eclipse.equinox.launcher\org.eclipse.equinox.launcher.win32.win32.x86_64_1.2.1400.v20250801-0854\eclipse_11916.dll
Event: 4.745 Loaded shared library C:\Users\Admin\AppData\Local\Temp\jna-63116079\jna15926678365949015149.dll

Deoptimization events (20 events):
Event: 7.926 Thread 0x000001aff0739850 Uncommon trap: trap_request=0xffffff45 fr.pc=0x000001af9d6bf00c relative=0x00000000000005cc
Event: 7.926 Thread 0x000001aff0739850 Uncommon trap: reason=unstable_if action=reinterpret pc=0x000001af9d6bf00c method=sun.nio.cs.StreamDecoder.lockedRead0()I @ 30 c2
Event: 7.926 Thread 0x000001aff0739850 DEOPT PACKING pc=0x000001af9d6bf00c sp=0x0000007d27bfe1b0
Event: 7.926 Thread 0x000001aff0739850 DEOPT UNPACKING pc=0x000001af9cf33aa2 sp=0x0000007d27bfe048 mode 2
Event: 8.408 Thread 0x000001af90601720 Uncommon trap: trap_request=0xffffffde fr.pc=0x000001af9d5cf870 relative=0x0000000000000050
Event: 8.408 Thread 0x000001af90601720 Uncommon trap: reason=class_check action=maybe_recompile pc=0x000001af9d5cf870 method=java.lang.invoke.DirectMethodHandle.internalMemberName(Ljava/lang/Object;)Ljava/lang/Object; @ 1 c2
Event: 8.408 Thread 0x000001af90601720 DEOPT PACKING pc=0x000001af9d5cf870 sp=0x0000007d260fe230
Event: 8.408 Thread 0x000001af90601720 DEOPT UNPACKING pc=0x000001af9cf33aa2 sp=0x0000007d260fe1c0 mode 2
Event: 8.432 Thread 0x000001af90601720 Uncommon trap: trap_request=0xffffff45 fr.pc=0x000001af9d5ca328 relative=0x00000000000000e8
Event: 8.432 Thread 0x000001af90601720 Uncommon trap: reason=unstable_if action=reinterpret pc=0x000001af9d5ca328 method=java.lang.CharacterDataLatin1.digit(II)I @ 7 c2
Event: 8.432 Thread 0x000001af90601720 DEOPT PACKING pc=0x000001af9d5ca328 sp=0x0000007d260fe3e0
Event: 8.432 Thread 0x000001af90601720 DEOPT UNPACKING pc=0x000001af9cf33aa2 sp=0x0000007d260fe2a0 mode 2
Event: 8.432 Thread 0x000001af90601720 Uncommon trap: trap_request=0xffffff45 fr.pc=0x000001af9d4bdf48 relative=0x00000000000000a8
Event: 8.432 Thread 0x000001af90601720 Uncommon trap: reason=unstable_if action=reinterpret pc=0x000001af9d4bdf48 method=java.lang.CharacterDataLatin1.digit(II)I @ 7 c2
Event: 8.432 Thread 0x000001af90601720 DEOPT PACKING pc=0x000001af9d4bdf48 sp=0x0000007d260fe340
Event: 8.432 Thread 0x000001af90601720 DEOPT UNPACKING pc=0x000001af9cf33aa2 sp=0x0000007d260fe2c0 mode 2
Event: 8.448 Thread 0x000001af90601720 Uncommon trap: trap_request=0xffffff45 fr.pc=0x000001af9d601f04 relative=0x0000000000000744
Event: 8.448 Thread 0x000001af90601720 Uncommon trap: reason=unstable_if action=reinterpret pc=0x000001af9d601f04 method=java.util.regex.Pattern$BmpCharPropertyGreedy.match(Ljava/util/regex/Matcher;ILjava/lang/CharSequence;)Z @ 12 c2
Event: 8.448 Thread 0x000001af90601720 DEOPT PACKING pc=0x000001af9d601f04 sp=0x0000007d260fdd40
Event: 8.448 Thread 0x000001af90601720 DEOPT UNPACKING pc=0x000001af9cf33aa2 sp=0x0000007d260fdc08 mode 2

Classes loaded (20 events):
Event: 8.447 Loading class sun/util/locale/provider/CalendarNameProviderImpl done
Event: 8.447 Loading class sun/util/cldr/CLDRCalendarNameProviderImpl done
Event: 8.447 Loading class sun/util/locale/provider/BaseLocaleDataMetaInfo
Event: 8.447 Loading class sun/util/locale/provider/BaseLocaleDataMetaInfo done
Event: 8.448 Loading class sun/util/locale/provider/CalendarNameProviderImpl$LengthBasedComparator
Event: 8.448 Loading class sun/util/locale/provider/CalendarNameProviderImpl$LengthBasedComparator done
Event: 8.467 Loading class java/io/PrintWriter$1
Event: 8.467 Loading class jdk/internal/access/JavaIOPrintWriterAccess
Event: 8.467 Loading class jdk/internal/access/JavaIOPrintWriterAccess done
Event: 8.467 Loading class java/io/PrintWriter$1 done
Event: 8.468 Loading class java/time/format/DateTimeParseContext
Event: 8.468 Loading class java/time/format/DateTimeParseContext done
Event: 8.468 Loading class java/time/format/Parsed
Event: 8.468 Loading class java/time/format/Parsed done
Event: 8.491 Loading class sun/reflect/annotation/AnnotatedTypeFactory$AnnotatedParameterizedTypeImpl
Event: 8.491 Loading class java/lang/reflect/AnnotatedParameterizedType
Event: 8.491 Loading class java/lang/reflect/AnnotatedParameterizedType done
Event: 8.491 Loading class sun/reflect/annotation/AnnotatedTypeFactory$AnnotatedParameterizedTypeImpl done
Event: 8.565 Loading class java/util/concurrent/CompletionService
Event: 8.565 Loading class java/util/concurrent/CompletionService done

Classes unloaded (7 events):
Event: 5.591 Thread 0x000001af9285bd30 Unloading class 0x000001afab1a5400 'java/lang/invoke/LambdaForm$MH+0x000001afab1a5400'
Event: 5.591 Thread 0x000001af9285bd30 Unloading class 0x000001afab1a5000 'java/lang/invoke/LambdaForm$MH+0x000001afab1a5000'
Event: 5.591 Thread 0x000001af9285bd30 Unloading class 0x000001afab1a4c00 'java/lang/invoke/LambdaForm$MH+0x000001afab1a4c00'
Event: 5.591 Thread 0x000001af9285bd30 Unloading class 0x000001afab1a4800 'java/lang/invoke/LambdaForm$MH+0x000001afab1a4800'
Event: 5.591 Thread 0x000001af9285bd30 Unloading class 0x000001afab1a4400 'java/lang/invoke/LambdaForm$BMH+0x000001afab1a4400'
Event: 5.591 Thread 0x000001af9285bd30 Unloading class 0x000001afab1a4000 'java/lang/invoke/LambdaForm$DMH+0x000001afab1a4000'
Event: 5.591 Thread 0x000001af9285bd30 Unloading class 0x000001afab1a2c00 'java/lang/invoke/LambdaForm$DMH+0x000001afab1a2c00'

Classes redefined (0 events):
No events

Internal exceptions (20 events):
Event: 6.781 Thread 0x000001aff073b920 Exception <a 'java/lang/NoSuchMethodError'{0x00000000d55f0558}: 'int java.lang.invoke.DirectMethodHandle$Holder.invokeSpecial(java.lang.Object, java.lang.Object, java.lang.Object, java.lang.Object)'> (0x00000000d55f0558) 
thrown [s\src\hotspot\share\interpreter\linkResolver.cpp, line 773]
Event: 6.786 Thread 0x000001aff073b920 Exception <a 'java/lang/NoSuchMethodError'{0x00000000d561ff18}: 'java.lang.Object java.lang.invoke.DirectMethodHandle$Holder.invokeStatic(java.lang.Object, int, java.lang.Object, java.lang.Object)'> (0x00000000d561ff18) 
thrown [s\src\hotspot\share\interpreter\linkResolver.cpp, line 773]
Event: 6.786 Thread 0x000001aff073b920 Exception <a 'java/lang/NoSuchMethodError'{0x00000000d5643210}: 'java.lang.Object java.lang.invoke.DelegatingMethodHandle$Holder.delegate(java.lang.Object, int, java.lang.Object, java.lang.Object)'> (0x00000000d5643210) 
thrown [s\src\hotspot\share\interpreter\linkResolver.cpp, line 773]
Event: 6.788 Thread 0x000001aff073b920 Exception <a 'java/lang/NoSuchMethodError'{0x00000000d5656e88}: 'int java.lang.invoke.Invokers$Holder.linkToTargetMethod(java.lang.Object, java.lang.Object, java.lang.Object)'> (0x00000000d5656e88) 
thrown [s\src\hotspot\share\interpreter\linkResolver.cpp, line 773]
Event: 6.799 Thread 0x000001aff0739850 Exception <a 'java/lang/NoSuchMethodError'{0x00000000d56d8ba8}: 'java.lang.Object java.lang.invoke.DirectMethodHandle$Holder.invokeSpecialIFC(java.lang.Object, java.lang.Object, java.lang.Object, java.lang.Object)'> (0x00000000d56d8ba8) 
thrown [s\src\hotspot\share\interpreter\linkResolver.cpp, line 773]
Event: 6.987 Thread 0x000001afefb31a60 Exception <a 'java/lang/ClassNotFoundException'{0x00000000d5e60c48}: com/sun/org/apache/xml/internal/serializer/spi/XMLEntitiesProvider> (0x00000000d5e60c48) 
thrown [s\src\hotspot\share\classfile\systemDictionary.cpp, line 312]
Event: 7.365 Thread 0x000001afefb31a60 Exception <a 'java/io/FileNotFoundException'{0x00000000d6a0bb00}> (0x00000000d6a0bb00) 
thrown [s\src\hotspot\share\prims\jni.cpp, line 520]
Event: 7.398 Thread 0x000001afefb31a60 Exception <a 'java/lang/UnsatisfiedLinkError'{0x00000000d5651650}: The specified procedure could not be found.
> (0x00000000d5651650) 
thrown [s\src\hotspot\share\prims\jni.cpp, line 539]
Event: 7.411 Thread 0x000001afefb31a60 Exception <a 'java/io/FileNotFoundException'{0x00000000d56c58e0}> (0x00000000d56c58e0) 
thrown [s\src\hotspot\share\prims\jni.cpp, line 520]
Event: 7.418 Thread 0x000001afefb31a60 Exception <a 'java/io/FileNotFoundException'{0x00000000d57a72e8}> (0x00000000d57a72e8) 
thrown [s\src\hotspot\share\prims\jni.cpp, line 520]
Event: 7.423 Thread 0x000001afefb31a60 Exception <a 'java/lang/UnsatisfiedLinkError'{0x00000000d57d9b60}: The specified procedure could not be found.
> (0x00000000d57d9b60) 
thrown [s\src\hotspot\share\prims\jni.cpp, line 539]
Event: 7.460 Thread 0x000001aff0739850 Exception <a 'java/lang/NoClassDefFoundError'{0x00000000d59e9990}: javax/enterprise/inject/Typed> (0x00000000d59e9990) 
thrown [s\src\hotspot\share\classfile\systemDictionary.cpp, line 301]
Event: 7.794 Thread 0x000001aff0739ee0 Exception <a 'java/lang/NoSuchMethodError'{0x00000000d64eb4e0}: 'void java.lang.invoke.DirectMethodHandle$Holder.invokeStaticInit(java.lang.Object, java.lang.Object, java.lang.Object, java.lang.Object)'> (0x00000000d64eb4e0) 
thrown [s\src\hotspot\share\interpreter\linkResolver.cpp, line 773]
Event: 7.913 Thread 0x000001af90601720 Exception <a 'java/lang/NoSuchMethodError'{0x00000000d59a39f0}: 'java.lang.Object java.lang.invoke.DirectMethodHandle$Holder.invokeStatic(java.lang.Object, long, java.lang.Object)'> (0x00000000d59a39f0) 
thrown [s\src\hotspot\share\interpreter\linkResolver.cpp, line 773]
Event: 7.916 Thread 0x000001af90601720 Exception <a 'java/lang/NoSuchMethodError'{0x00000000d59a7078}: 'java.lang.Object java.lang.invoke.DirectMethodHandle$Holder.invokeStaticInit(java.lang.Object, long, java.lang.Object)'> (0x00000000d59a7078) 
thrown [s\src\hotspot\share\interpreter\linkResolver.cpp, line 773]
Event: 7.917 Thread 0x000001af90601720 Exception <a 'java/lang/NoSuchMethodError'{0x00000000d5a79678}: 'java.lang.Object java.lang.invoke.DirectMethodHandle$Holder.newInvokeSpecial(java.lang.Object, long)'> (0x00000000d5a79678) 
thrown [s\src\hotspot\share\interpreter\linkResolver.cpp, line 773]
Event: 7.920 Thread 0x000001aff073ac00 Exception <a 'java/io/FileNotFoundException'{0x00000000d5acec58}> (0x00000000d5acec58) 
thrown [s\src\hotspot\share\prims\jni.cpp, line 520]
Event: 8.407 Thread 0x000001af90601720 Exception <a 'java/lang/NoSuchMethodError'{0x00000000d57e5d10}: 'void java.lang.invoke.DirectMethodHandle$Holder.invokeSpecial(java.lang.Object, java.lang.Object, java.lang.Object, java.lang.Object, java.lang.Object, java.lang.Object)'> (0x00000000d57e5d10) 
thrown [s\src\hotspot\share\interpreter\linkResolver.cpp, line 773]
Event: 8.408 Thread 0x000001af90601720 Exception <a 'java/lang/IncompatibleClassChangeError'{0x00000000d581eee0}: Found class java.lang.Object, but interface was expected> (0x00000000d581eee0) 
thrown [s\src\hotspot\share\interpreter\linkResolver.cpp, line 840]
Event: 8.408 Thread 0x000001af90601720 Exception <a 'java/lang/IncompatibleClassChangeError'{0x00000000d5820c88}: Found class java.lang.Object, but interface was expected> (0x00000000d5820c88) 
thrown [s\src\hotspot\share\interpreter\linkResolver.cpp, line 840]

ZGC Phase Switch (0 events):
No events

VM Operations (20 events):
Event: 6.142 Executing VM operation: ParallelGCFailedAllocation (Allocation Failure)
Event: 6.143 Executing VM operation: ParallelGCFailedAllocation (Allocation Failure) done
Event: 6.396 Executing VM operation: HandshakeAllThreads (Deoptimize)
Event: 6.736 Executing VM operation: HandshakeAllThreads (Deoptimize) done
Event: 6.758 Executing VM operation: HandshakeAllThreads (Deoptimize)
Event: 6.759 Executing VM operation: HandshakeAllThreads (Deoptimize) done
Event: 6.777 Executing VM operation: ParallelGCFailedAllocation (Allocation Failure)
Event: 6.779 Executing VM operation: ParallelGCFailedAllocation (Allocation Failure) done
Event: 7.221 Executing VM operation: HandshakeAllThreads (Deoptimize)
Event: 7.242 Executing VM operation: HandshakeAllThreads (Deoptimize) done
Event: 7.382 Executing VM operation: ParallelGCFailedAllocation (Allocation Failure)
Event: 7.388 Executing VM operation: ParallelGCFailedAllocation (Allocation Failure) done
Event: 7.449 Executing VM operation: HandshakeAllThreads (Deoptimize)
Event: 7.449 Executing VM operation: HandshakeAllThreads (Deoptimize) done
Event: 7.836 Executing VM operation: ParallelGCFailedAllocation (Allocation Failure)
Event: 7.861 Executing VM operation: ParallelGCFailedAllocation (Allocation Failure) done
Event: 7.978 Executing VM operation: CollectForMetadataAllocation (Metadata GC Threshold)
Event: 8.055 Executing VM operation: CollectForMetadataAllocation (Metadata GC Threshold) done
Event: 8.370 Executing VM operation: ParallelGCFailedAllocation (Allocation Failure)
Event: 8.382 Executing VM operation: ParallelGCFailedAllocation (Allocation Failure) done

Memory protections (0 events):
No events

Nmethod flushes (20 events):
Event: 8.036 Thread 0x000001af9285bd30 flushing  nmethod 0x000001af95fe6810
Event: 8.036 Thread 0x000001af9285bd30 flushing  nmethod 0x000001af95fe7a10
Event: 8.036 Thread 0x000001af9285bd30 flushing  nmethod 0x000001af95fe8890
Event: 8.036 Thread 0x000001af9285bd30 flushing  nmethod 0x000001af95fea590
Event: 8.036 Thread 0x000001af9285bd30 flushing  nmethod 0x000001af95feaa90
Event: 8.036 Thread 0x000001af9285bd30 flushing  nmethod 0x000001af95feae90
Event: 8.036 Thread 0x000001af9285bd30 flushing  nmethod 0x000001af95feb310
Event: 8.036 Thread 0x000001af9285bd30 flushing  nmethod 0x000001af95febe90
Event: 8.036 Thread 0x000001af9285bd30 flushing  nmethod 0x000001af95fee210
Event: 8.036 Thread 0x000001af9285bd30 flushing  nmethod 0x000001af95fee510
Event: 8.036 Thread 0x000001af9285bd30 flushing  nmethod 0x000001af95ff7510
Event: 8.036 Thread 0x000001af9285bd30 flushing  nmethod 0x000001af95ff7a10
Event: 8.036 Thread 0x000001af9285bd30 flushing  nmethod 0x000001af95ff9190
Event: 8.036 Thread 0x000001af9285bd30 flushing  nmethod 0x000001af96038a90
Event: 8.036 Thread 0x000001af9285bd30 flushing  nmethod 0x000001af9603a110
Event: 8.036 Thread 0x000001af9285bd30 flushing  nmethod 0x000001af96043490
Event: 8.036 Thread 0x000001af9285bd30 flushing  nmethod 0x000001af9608e610
Event: 8.036 Thread 0x000001af9285bd30 flushing  nmethod 0x000001af960af010
Event: 8.036 Thread 0x000001af9285bd30 flushing  nmethod 0x000001af960c4c90
Event: 8.036 Thread 0x000001af9285bd30 flushing  nmethod 0x000001af960ea590

Events (20 events):
Event: 4.937 Thread 0x000001aff0739850 Thread added: 0x000001aff073b920
Event: 5.922 Thread 0x000001aff02ea250 Thread exited: 0x000001aff02ea250
Event: 6.196 Thread 0x000001af9270bd90 Thread added: 0x000001aff079bcf0
Event: 6.376 Thread 0x000001afefb31a60 Thread added: 0x000001aff07391c0
Event: 6.652 Thread 0x000001aff0739850 Thread added: 0x000001aff073ac00
Event: 6.737 Thread 0x000001aff079bcf0 Thread exited: 0x000001aff079bcf0
Event: 6.915 Thread 0x000001aff073ac00 Thread added: 0x000001aff0739ee0
Event: 6.996 Thread 0x000001af9270bd90 Thread added: 0x000001aff161fff0
Event: 7.242 Thread 0x000001aff161fff0 Thread exited: 0x000001aff161fff0
Event: 7.413 Thread 0x000001af9270bd90 Thread added: 0x000001aff0600bc0
Event: 7.658 Thread 0x000001aff0739ee0 Thread added: 0x000001aff073a570
Event: 7.813 Thread 0x000001aff073a570 Thread added: 0x000001aff073b290
Event: 8.071 Thread 0x000001af90601720 Thread added: 0x000001aff073bfb0
Event: 8.137 Thread 0x000001af90601720 Thread added: 0x000001aff073c640
Event: 8.137 Thread 0x000001af90601720 Thread added: 0x000001aff19ac310
Event: 8.137 Thread 0x000001af90601720 Thread added: 0x000001aff19b0b40
Event: 8.138 Thread 0x000001af90601720 Thread added: 0x000001aff19af100
Event: 8.163 Thread 0x000001af90601720 Thread added: 0x000001aff19ae3e0
Event: 8.430 Thread 0x000001af90601720 Thread added: 0x000001aff19add50
Event: 8.430 Thread 0x000001af90601720 Thread added: 0x000001aff19afe20


Dynamic libraries:
0x00007ff6b7ab0000 - 0x00007ff6b7abe000 	c:\Users\Admin\.antigravity\extensions\redhat.java-1.50.0-win32-x64\jre\21.0.9-win32-x86_64\bin\java.exe
0x00007ff91ea90000 - 0x00007ff91ec88000 	C:\WINDOWS\SYSTEM32\ntdll.dll
0x00007ff91e2b0000 - 0x00007ff91e372000 	C:\WINDOWS\System32\KERNEL32.DLL
0x00007ff91c1c0000 - 0x00007ff91c4b6000 	C:\WINDOWS\System32\KERNELBASE.dll
0x00007ff91c960000 - 0x00007ff91ca60000 	C:\WINDOWS\System32\ucrtbase.dll
0x00007ff8fadc0000 - 0x00007ff8fadd8000 	c:\Users\Admin\.antigravity\extensions\redhat.java-1.50.0-win32-x64\jre\21.0.9-win32-x86_64\bin\jli.dll
0x00007ff91cfd0000 - 0x00007ff91d171000 	C:\WINDOWS\System32\USER32.dll
0x00007ff91c550000 - 0x00007ff91c572000 	C:\WINDOWS\System32\win32u.dll
0x00007ff91cdd0000 - 0x00007ff91cdfb000 	C:\WINDOWS\System32\GDI32.dll
0x00007ff91c710000 - 0x00007ff91c829000 	C:\WINDOWS\System32\gdi32full.dll
0x00007ff91c120000 - 0x00007ff91c1bd000 	C:\WINDOWS\System32\msvcp_win.dll
0x00007ff8face0000 - 0x00007ff8facfe000 	c:\Users\Admin\.antigravity\extensions\redhat.java-1.50.0-win32-x64\jre\21.0.9-win32-x86_64\bin\VCRUNTIME140.dll
0x00007ff90b970000 - 0x00007ff90bc0b000 	C:\WINDOWS\WinSxS\amd64_microsoft.windows.common-controls_6595b64144ccf1df_6.0.19041.6456_none_60b8a6cb71f64256\COMCTL32.dll
0x00007ff91e540000 - 0x00007ff91e5de000 	C:\WINDOWS\System32\msvcrt.dll
0x00007ff91d180000 - 0x00007ff91d1af000 	C:\WINDOWS\System32\IMM32.DLL
0x00007ff90c240000 - 0x00007ff90c24c000 	c:\Users\Admin\.antigravity\extensions\redhat.java-1.50.0-win32-x64\jre\21.0.9-win32-x86_64\bin\vcruntime140_1.dll
0x00007ff8f8670000 - 0x00007ff8f86fd000 	c:\Users\Admin\.antigravity\extensions\redhat.java-1.50.0-win32-x64\jre\21.0.9-win32-x86_64\bin\msvcp140.dll
0x00007ff8e39a0000 - 0x00007ff8e4740000 	c:\Users\Admin\.antigravity\extensions\redhat.java-1.50.0-win32-x64\jre\21.0.9-win32-x86_64\bin\server\jvm.dll
0x00007ff91d220000 - 0x00007ff91d2d1000 	C:\WINDOWS\System32\ADVAPI32.dll
0x00007ff91d2f0000 - 0x00007ff91d38f000 	C:\WINDOWS\System32\sechost.dll
0x00007ff91df50000 - 0x00007ff91e070000 	C:\WINDOWS\System32\RPCRT4.dll
0x00007ff91c6e0000 - 0x00007ff91c707000 	C:\WINDOWS\System32\bcrypt.dll
0x00007ff91d1b0000 - 0x00007ff91d21b000 	C:\WINDOWS\System32\WS2_32.dll
0x00007ff91b6b0000 - 0x00007ff91b6fb000 	C:\WINDOWS\SYSTEM32\POWRPROF.dll
0x00007ff9129b0000 - 0x00007ff9129d7000 	C:\WINDOWS\SYSTEM32\WINMM.dll
0x00007ff915d60000 - 0x00007ff915d6a000 	C:\WINDOWS\SYSTEM32\VERSION.dll
0x00007ff91b520000 - 0x00007ff91b532000 	C:\WINDOWS\SYSTEM32\UMPDC.dll
0x00007ff919fb0000 - 0x00007ff919fc2000 	C:\WINDOWS\SYSTEM32\kernel.appcore.dll
0x00007ff908ec0000 - 0x00007ff908eca000 	c:\Users\Admin\.antigravity\extensions\redhat.java-1.50.0-win32-x64\jre\21.0.9-win32-x86_64\bin\jimage.dll
0x00007ff916af0000 - 0x00007ff916cf1000 	C:\WINDOWS\SYSTEM32\DBGHELP.DLL
0x00007ff8f9ff0000 - 0x00007ff8fa024000 	C:\WINDOWS\SYSTEM32\dbgcore.DLL
0x00007ff91c4c0000 - 0x00007ff91c542000 	C:\WINDOWS\System32\bcryptPrimitives.dll
0x00007ff8fadb0000 - 0x00007ff8fadbf000 	c:\Users\Admin\.antigravity\extensions\redhat.java-1.50.0-win32-x64\jre\21.0.9-win32-x86_64\bin\instrument.dll
0x00007ff8fac00000 - 0x00007ff8fac20000 	c:\Users\Admin\.antigravity\extensions\redhat.java-1.50.0-win32-x64\jre\21.0.9-win32-x86_64\bin\java.dll
0x00007ff91d400000 - 0x00007ff91db70000 	C:\WINDOWS\System32\SHELL32.dll
0x00007ff91a1b0000 - 0x00007ff91a955000 	C:\WINDOWS\SYSTEM32\windows.storage.dll
0x00007ff91db70000 - 0x00007ff91dec4000 	C:\WINDOWS\System32\combase.dll
0x00007ff91bb50000 - 0x00007ff91bb7b000 	C:\WINDOWS\SYSTEM32\Wldp.dll
0x00007ff91e410000 - 0x00007ff91e4dd000 	C:\WINDOWS\System32\OLEAUT32.dll
0x00007ff91e200000 - 0x00007ff91e2ad000 	C:\WINDOWS\System32\SHCORE.dll
0x00007ff91e4e0000 - 0x00007ff91e53b000 	C:\WINDOWS\System32\shlwapi.dll
0x00007ff91c050000 - 0x00007ff91c074000 	C:\WINDOWS\SYSTEM32\profapi.dll
0x00007ff8fa9d0000 - 0x00007ff8fa9e8000 	c:\Users\Admin\.antigravity\extensions\redhat.java-1.50.0-win32-x64\jre\21.0.9-win32-x86_64\bin\zip.dll
0x00007ff8fa630000 - 0x00007ff8fa640000 	C:\Users\Admin\.antigravity\extensions\redhat.java-1.50.0-win32-x64\jre\21.0.9-win32-x86_64\bin\net.dll
0x00007ff915610000 - 0x00007ff91571a000 	C:\WINDOWS\SYSTEM32\WINHTTP.dll
0x00007ff91b8b0000 - 0x00007ff91b91a000 	C:\WINDOWS\system32\mswsock.dll
0x00007ff8fa590000 - 0x00007ff8fa5a6000 	C:\Users\Admin\.antigravity\extensions\redhat.java-1.50.0-win32-x64\jre\21.0.9-win32-x86_64\bin\nio.dll
0x00007ff8fa620000 - 0x00007ff8fa630000 	c:\Users\Admin\.antigravity\extensions\redhat.java-1.50.0-win32-x64\jre\21.0.9-win32-x86_64\bin\verify.dll
0x00007ff8f4720000 - 0x00007ff8f4764000 	C:\Users\Admin\AppData\Roaming\Antigravity\User\globalStorage\redhat.java\1.50.0\config_win\org.eclipse.equinox.launcher\org.eclipse.equinox.launcher.win32.win32.x86_64_1.2.1400.v20250801-0854\eclipse_11916.dll
0x00007ff91e0d0000 - 0x00007ff91e1fb000 	C:\WINDOWS\System32\ole32.dll
0x00007ff91baa0000 - 0x00007ff91bab8000 	C:\WINDOWS\SYSTEM32\CRYPTSP.dll
0x00007ff91b160000 - 0x00007ff91b198000 	C:\WINDOWS\system32\rsaenh.dll
0x00007ff91c010000 - 0x00007ff91c03e000 	C:\WINDOWS\SYSTEM32\USERENV.dll
0x00007ff91bac0000 - 0x00007ff91bacc000 	C:\WINDOWS\SYSTEM32\CRYPTBASE.dll
0x00007ff91b540000 - 0x00007ff91b57b000 	C:\WINDOWS\SYSTEM32\IPHLPAPI.DLL
0x00007ff91d2e0000 - 0x00007ff91d2e8000 	C:\WINDOWS\System32\NSI.dll
0x00007ff8fa6b0000 - 0x00007ff8fa6f9000 	C:\Users\Admin\AppData\Local\Temp\jna-63116079\jna15926678365949015149.dll
0x00007ff91d390000 - 0x00007ff91d398000 	C:\WINDOWS\System32\PSAPI.DLL
0x00007ff9166d0000 - 0x00007ff9166e7000 	C:\WINDOWS\SYSTEM32\dhcpcsvc6.DLL
0x00007ff9166b0000 - 0x00007ff9166cd000 	C:\WINDOWS\SYSTEM32\dhcpcsvc.DLL

JVMTI agents:
c:\Users\Admin\.antigravity\extensions\redhat.java-1.50.0-win32-x64\lombok\lombok-1.18.39-4050.jar path:c:\Users\Admin\.antigravity\extensions\redhat.java-1.50.0-win32-x64\jre\21.0.9-win32-x86_64\bin\instrument.dll, loaded, initialized, instrumentlib options:none

dbghelp: loaded successfully - version: 4.0.5 - missing functions: none
symbol engine: initialized successfully - sym options: 0x614 - pdb path: .;c:\Users\Admin\.antigravity\extensions\redhat.java-1.50.0-win32-x64\jre\21.0.9-win32-x86_64\bin;C:\WINDOWS\SYSTEM32;C:\WINDOWS\WinSxS\amd64_microsoft.windows.common-controls_6595b64144ccf1df_6.0.19041.6456_none_60b8a6cb71f64256;c:\Users\Admin\.antigravity\extensions\redhat.java-1.50.0-win32-x64\jre\21.0.9-win32-x86_64\bin\server;C:\Users\Admin\AppData\Roaming\Antigravity\User\globalStorage\redhat.java\1.50.0\config_win\org.eclipse.equinox.launcher\org.eclipse.equinox.launcher.win32.win32.x86_64_1.2.1400.v20250801-0854;C:\Users\Admin\AppData\Local\Temp\jna-63116079

VM Arguments:
jvm_args: --add-modules=ALL-SYSTEM --add-opens=java.base/java.util=ALL-UNNAMED --add-opens=java.base/java.lang=ALL-UNNAMED --add-opens=java.base/sun.nio.fs=ALL-UNNAMED -Declipse.application=org.eclipse.jdt.ls.core.id1 -Dosgi.bundles.defaultStartLevel=4 -Declipse.product=org.eclipse.jdt.ls.core.product -Djava.import.generatesMetadataFilesAtProjectRoot=false -DDetectVMInstallationsJob.disabled=true -Dfile.encoding=utf8 -XX:+UseParallelGC -XX:GCTimeRatio=4 -XX:AdaptiveSizePolicyWeight=90 -Dsun.zip.disableMemoryMapping=true -Xmx2G -Xms100m -Xlog:disable -javaagent:c:\Users\Admin\.antigravity\extensions\redhat.java-1.50.0-win32-x64\lombok\lombok-1.18.39-4050.jar -XX:+HeapDumpOnOutOfMemoryError -XX:HeapDumpPath=c:\Users\Admin\AppData\Roaming\Antigravity\User\workspaceStorage\af1cb1524c391b6bf54d4a5b5d479961\redhat.java -Daether.dependencyCollector.impl=bf 
java_command: c:\Users\Admin\.antigravity\extensions\redhat.java-1.50.0-win32-x64\server\plugins\org.eclipse.equinox.launcher_1.7.100.v20251111-0406.jar -configuration c:\Users\Admin\AppData\Roaming\Antigravity\User\globalStorage\redhat.java\1.50.0\config_win -data c:\Users\Admin\AppData\Roaming\Antigravity\User\workspaceStorage\af1cb1524c391b6bf54d4a5b5d479961\redhat.java\jdt_ws --pipe=\\.\pipe\lsp-023b625719b1ec184235c77bee72f343-sock
java_class_path (initial): c:\Users\Admin\.antigravity\extensions\redhat.java-1.50.0-win32-x64\server\plugins\org.eclipse.equinox.launcher_1.7.100.v20251111-0406.jar
Launcher Type: SUN_STANDARD

[Global flags]
    uintx AdaptiveSizePolicyWeight                 = 90                                        {product} {command line}
     intx CICompilerCount                          = 3                                         {product} {ergonomic}
    uintx GCTimeRatio                              = 4                                         {product} {command line}
     bool HeapDumpOnOutOfMemoryError               = true                                   {manageable} {command line}
    ccstr HeapDumpPath                             = c:\Users\Admin\AppData\Roaming\Antigravity\User\workspaceStorage\af1cb1524c391b6bf54d4a5b5d479961\redhat.java         {manageable} {command line}
   size_t InitialHeapSize                          = 104857600                                 {product} {command line}
   size_t MaxHeapSize                              = 2147483648                                {product} {command line}
   size_t MaxNewSize                               = 715653120                                 {product} {ergonomic}
   size_t MinHeapDeltaBytes                        = 524288                                    {product} {ergonomic}
   size_t MinHeapSize                              = 104857600                                 {product} {command line}
   size_t NewSize                                  = 34603008                                  {product} {ergonomic}
    uintx NonNMethodCodeHeapSize                   = 5832780                                {pd product} {ergonomic}
    uintx NonProfiledCodeHeapSize                  = 122912730                              {pd product} {ergonomic}
   size_t OldSize                                  = 70254592                                  {product} {ergonomic}
    uintx ProfiledCodeHeapSize                     = 122912730                              {pd product} {ergonomic}
    uintx ReservedCodeCacheSize                    = 251658240                              {pd product} {ergonomic}
     bool SegmentedCodeCache                       = true                                      {product} {ergonomic}
   size_t SoftMaxHeapSize                          = 2147483648                             {manageable} {ergonomic}
     bool UseCompressedOops                        = true                           {product lp64_product} {ergonomic}
     bool UseLargePagesIndividualAllocation        = false                                  {pd product} {ergonomic}
     bool UseParallelGC                            = true                                      {product} {command line}

Logging:
Log output configuration:
 #0: stdout all=off uptime,level,tags foldmultilines=false
 #1: stderr all=off uptime,level,tags foldmultilines=false

Release file:
JAVA_VERSION="21.0.9" 
MODULES="java.base java.compiler java.datatransfer java.xml java.prefs java.desktop java.instrument java.logging java.management java.security.sasl java.naming java.rmi java.management.rmi java.net.http java.scripting java.security.jgss java.transaction.xa java.sql java.sql.rowset java.xml.crypto java.se java.smartcardio jdk.accessibility jdk.internal.jvmstat jdk.attach jdk.charsets jdk.internal.opt jdk.zipfs jdk.compiler jdk.crypto.ec jdk.crypto.cryptoki jdk.crypto.mscapi jdk.dynalink jdk.internal.ed jdk.editpad jdk.hotspot.agent jdk.httpserver jdk.internal.le jdk.internal.vm.ci jdk.internal.vm.compiler jdk.internal.vm.compiler.management jdk.jartool jdk.javadoc jdk.jcmd jdk.management jdk.management.agent jdk.jconsole jdk.jdeps jdk.jdwp.agent jdk.jdi jdk.jfr jdk.jshell jdk.jsobject jdk.jstatd jdk.localedata jdk.management.jfr jdk.naming.dns jdk.naming.rmi jdk.net jdk.nio.mapmode jdk.random jdk.sctp jdk.security.auth jdk.security.jgss jdk.unsupported jdk.unsupported.desktop jdk.xml.dom" 

Environment Variables:
PATH=C:\Program Files\Common Files\Oracle\Java\javapath;C:\WINDOWS\system32;C:\WINDOWS;C:\WINDOWS\System32\Wbem;C:\WINDOWS\System32\WindowsPowerShell\v1.0\;C:\WINDOWS\System32\OpenSSH\;C:\Program Files\Microsoft SQL Server\150\Tools\Binn\;C:\Program Files\nodejs\;C:\Users\Admin\AppData\Local\Microsoft\WindowsApps;C:\Users\Admin\AppData\Local\Programs\Microsoft VS Code\bin;C:\Users\Admin\AppData\Local\Programs\Antigravity\bin;C:\Users\Admin\AppData\Roaming\npm
USERNAME=Admin
OS=Windows_NT
PROCESSOR_IDENTIFIER=Intel64 Family 6 Model 42 Stepping 7, GenuineIntel
TMP=C:\Users\Admin\AppData\Local\Temp
TEMP=C:\Users\Admin\AppData\Local\Temp




Periodic native trim disabled

---------------  S Y S T E M  ---------------

OS:
 Windows 10 , 64 bit Build 19041 (10.0.19041.5915)
OS uptime: 0 days 9:10 hours

CPU: total 4 (initial active 4) (4 cores per cpu, 1 threads per core) family 6 model 42 stepping 7 microcode 0x2f, cx8, cmov, fxsr, mmx, sse, sse2, sse3, ssse3, sse4.1, sse4.2, popcnt, tsc, tscinvbit, avx, aes, clmul, vzeroupper, clflush, rdtscp
Processor Information for the first 4 processors :
  Max Mhz: 3301, Current Mhz: 3301, Mhz Limit: 3301

Memory: 4k page, system-wide physical 16337M (6229M free)
TotalPageFile size 20433M (AvailPageFile size 5M)
current process WorkingSet (physical memory assigned to process): 192M, peak: 192M
current process commit charge ("private bytes"): 304M, peak: 305M

vm_info: OpenJDK 64-Bit Server VM (21.0.9+10-LTS) for windows-amd64 JRE (21.0.9+10-LTS), built on 2025-10-21T00:00:00Z by "admin" with unknown MS VC++:1942

END.
