#
# There is insufficient memory for the Java Runtime Environment to continue.
# Native memory allocation (mmap) failed to map 65536 bytes. Error detail: Failed to commit metaspace.
# Possible reasons:
#   The system is out of physical RAM or swap space
#   This process is running with CompressedOops enabled, and the Java Heap may be blocking the growth of the native heap
# Possible solutions:
#   Reduce memory load on the system
#   Increase physical memory or swap space
#   Check if swap backing store is full
#   Decrease Java heap size (-Xmx/-Xms)
#   Decrease number of Java threads
#   Decrease Java thread stack sizes (-Xss)
#   Set larger code cache with -XX:ReservedCodeCacheSize=
#   JVM is running with Unscaled Compressed Oops mode in which the Java heap is
#     placed in the first 4GB address space. The Java Heap base address is the
#     maximum limit for the native heap growth. Please use -XX:HeapBaseMinAddress
#     to set the Java Heap base and to place the Java Heap above 4GB virtual address.
# This output file may be truncated or incomplete.
#
#  Out of Memory Error (virtualSpaceNode.cpp:113), pid=1216, tid=11708
#
# JRE version: OpenJDK Runtime Environment Temurin-21.0.9+10 (21.0.9+10) (build 21.0.9+10-LTS)
# Java VM: OpenJDK 64-Bit Server VM Temurin-21.0.9+10 (21.0.9+10-LTS, mixed mode, sharing, tiered, compressed oops, compressed class ptrs, parallel gc, windows-amd64)
# No core dump will be written. Minidumps are not enabled by default on client versions of Windows
#

---------------  S U M M A R Y ------------

Command Line: --add-modules=ALL-SYSTEM --add-opens=java.base/java.util=ALL-UNNAMED --add-opens=java.base/java.lang=ALL-UNNAMED --add-opens=java.base/sun.nio.fs=ALL-UNNAMED -Declipse.application=org.eclipse.jdt.ls.core.id1 -Dosgi.bundles.defaultStartLevel=4 -Declipse.product=org.eclipse.jdt.ls.core.product -Djava.import.generatesMetadataFilesAtProjectRoot=false -DDetectVMInstallationsJob.disabled=true -Dfile.encoding=utf8 -XX:+UseParallelGC -XX:GCTimeRatio=4 -XX:AdaptiveSizePolicyWeight=90 -Dsun.zip.disableMemoryMapping=true -Xmx2G -Xms100m -Xlog:disable -javaagent:c:\Users\Admin\.antigravity\extensions\redhat.java-1.50.0-win32-x64\lombok\lombok-1.18.39-4050.jar c:\Users\Admin\.antigravity\extensions\redhat.java-1.50.0-win32-x64\server\plugins\org.eclipse.equinox.launcher_1.7.100.v20251111-0406.jar -configuration c:\Users\Admin\AppData\Roaming\Antigravity\User\globalStorage\redhat.java\1.50.0\config_ss_win -data c:\Users\Admin\AppData\Roaming\Antigravity\User\workspaceStorage\af1cb1524c391b6bf54d4a5b5d479961\redhat.java\ss_ws --pipe=\\.\pipe\lsp-f2cef33e7d435f55efcc2fd3e3fa74da-sock

Host: Intel(R) Core(TM) i5-2500 CPU @ 3.30GHz, 4 cores, 15G,  Windows 10 , 64 bit Build 19041 (10.0.19041.5915)
Time: Thu Dec 18 21:00:51 2025 SE Asia Standard Time elapsed time: 9.395220 seconds (0d 0h 0m 9s)

---------------  T H R E A D  ---------------

Current thread (0x000001d95dda13e0):  JavaThread "Worker-1: Initialize After Load"        [_thread_in_vm, id=11708, stack(0x0000003577e00000,0x0000003577f00000) (1024K)]

Stack: [0x0000003577e00000,0x0000003577f00000]
Native frames: (J=compiled Java code, j=interpreted, Vv=VM code, C=native code)
V  [jvm.dll+0x6d6e29]
V  [jvm.dll+0x8b4b76]
V  [jvm.dll+0x8b712e]
V  [jvm.dll+0x8b7813]
V  [jvm.dll+0x283d86]
V  [jvm.dll+0x8b08be]
V  [jvm.dll+0x678824]
V  [jvm.dll+0x1e80ab]
V  [jvm.dll+0x1e7e6e]
V  [jvm.dll+0x67b122]
V  [jvm.dll+0x67af52]
V  [jvm.dll+0x6791fe]
V  [jvm.dll+0x280c57]
V  [jvm.dll+0x72d13f]
V  [jvm.dll+0x72dc7f]
V  [jvm.dll+0x3cbed1]
V  [jvm.dll+0x3caca7]
V  [jvm.dll+0x3cac48]
V  [jvm.dll+0x5dcc86]
V  [jvm.dll+0x5dbbf4]
V  [jvm.dll+0x3e03f2]
V  [jvm.dll+0x3dfaaa]
C  0x000001d90af87f80

The last pc belongs to invokestatic (printed below).
Java frames: (J=compiled Java code, j=interpreted, Vv=VM code)
j  org.eclipse.jdt.internal.core.search.IndexSelector.initializeIndexLocations()V+40
j  org.eclipse.jdt.internal.core.search.IndexSelector.getIndexLocations()[Lorg/eclipse/jdt/internal/core/index/IndexLocation;+8
j  org.eclipse.jdt.internal.core.search.JavaSearchParticipant.selectIndexURLs(Lorg/eclipse/jdt/core/search/SearchPattern;Lorg/eclipse/jdt/core/search/IJavaSearchScope;)[Lorg/eclipse/jdt/internal/core/index/IndexLocation;+8
j  org.eclipse.jdt.internal.core.search.PatternSearchJob.getIndexes(Lorg/eclipse/core/runtime/IProgressMonitor;)[Lorg/eclipse/jdt/internal/core/index/Index;+25
j  org.eclipse.jdt.internal.core.search.PatternSearchJob.ensureReadyToRun()V+9
j  org.eclipse.jdt.internal.core.search.processing.JobManager.performConcurrentJob(Lorg/eclipse/jdt/internal/core/search/processing/IJob;ILorg/eclipse/core/runtime/IProgressMonitor;)Z+19
j  org.eclipse.jdt.internal.core.search.BasicSearchEngine.searchAllTypeNames([CI[CIILorg/eclipse/jdt/core/search/IJavaSearchScope;ZLorg/eclipse/jdt/internal/core/search/IRestrictedAccessTypeRequestor;ILorg/eclipse/core/runtime/IProgressMonitor;)V+491
j  org.eclipse.jdt.internal.core.search.BasicSearchEngine.searchAllTypeNames([CI[CIILorg/eclipse/jdt/core/search/IJavaSearchScope;Lorg/eclipse/jdt/internal/core/search/IRestrictedAccessTypeRequestor;ILorg/eclipse/core/runtime/IProgressMonitor;)V+17
j  org.eclipse.jdt.core.search.SearchEngine.searchAllTypeNames([CI[CIILorg/eclipse/jdt/core/search/IJavaSearchScope;Lorg/eclipse/jdt/core/search/TypeNameRequestor;ILorg/eclipse/core/runtime/IProgressMonitor;)V+30
j  org.eclipse.jdt.core.JavaCore.updateLegacyIndex(Lorg/eclipse/core/runtime/IProgressMonitor;)V+34
j  org.eclipse.jdt.core.JavaCore.initializeAfterLoad(Lorg/eclipse/core/runtime/IProgressMonitor;)V+443
j  org.eclipse.jdt.ls.core.internal.JavaLanguageServerPlugin$1.run(Lorg/eclipse/core/runtime/IProgressMonitor;)Lorg/eclipse/core/runtime/IStatus;+31
j  org.eclipse.core.internal.jobs.Worker.run()V+32
v  ~StubRoutines::call_stub 0x000001d90af7100d
invokestatic  184 invokestatic  [0x000001d90af87ee0, 0x000001d90af881a8]  712 bytes
[MachCode]
  0x000001d90af87ee0: 4883 ec08 | c5fa 1104 | 24eb 1f48 | 83ec 10c5 | fb11 0424 | eb14 4883 | ec10 4889 | 0424 48c7 
  0x000001d90af87f00: 4424 0800 | 0000 00eb | 0150 4c89 | 6dc0 410f | b755 0148 | 8b4d d0c1 | e202 8b5c | d138 c1eb 
  0x000001d90af87f20: 1081 e3ff | 0000 0081 | fbb8 0000 | 000f 84b4 | 0000 00bb | b800 0000 | e805 0000 | 00e9 9900 
  0x000001d90af87f40: 0000 488b | d348 8d44 | 2408 4c89 | 6dc0 498b | cfc5 f877 | 4989 afa8 | 0300 0049 | 8987 9803 
  0x000001d90af87f60: 0000 4883 | ec20 40f6 | c40f 0f84 | 1900 0000 | 4883 ec08 | 48b8 40fa | d7e3 f87f | 0000 ffd0 
  0x000001d90af87f80: 4883 c408 | e90c 0000 | 0048 b840 | fad7 e3f8 | 7f00 00ff | d048 83c4 | 2049 c787 | 9803 0000 
  0x000001d90af87fa0: 0000 0000 | 49c7 87a8 | 0300 0000 | 0000 0049 | c787 a003 | 0000 0000 | 0000 c5f8 | 7749 837f 
  0x000001d90af87fc0: 0800 0f84 | 0500 0000 | e933 8ffe | ff4c 8b6d | c04c 8b75 | c84e 8d74 | f500 c341 | 0fb7 5501 
  0x000001d90af87fe0: 488b 4dd0 | c1e2 0248 | 8b5c d140 | 488b 5b08 | 488b 5b08 | 488b 5b18 | 80bb 3101 | 0000 040f 
  0x000001d90af88000: 840d 0000 | 004c 3bbb | 3801 0000 | 0f85 21ff | ffff 488b | 5cd1 408b | 54d1 50c1 | ea1c 49ba 
  0x000001d90af88020: 40d4 66e4 | f87f 0000 | 498b 14d2 | 5248 8b45 | d848 85c0 | 0f84 1200 | 0000 4883 | 4008 0148 
  0x000001d90af88040: 8358 0800 | 4883 c010 | 4889 45d8 | 488b 45d8 | 4885 c00f | 843d 0100 | 0080 78f0 | 0a0f 8533 
  0x000001d90af88060: 0100 0048 | 83c0 084c | 8b68 f841 | 83ed 0041 | 83fd 020f | 8c12 0100 | 004c 8b6b | 0845 0fb7 
  0x000001d90af88080: 6d2e 4c2b | 2841 83ed | 014e 8b6c | ec08 4d85 | ed75 0ef6 | 4008 0175 | 58f0 4883 | 4808 01eb 
  0x000001d90af880a0: 5045 8b6d | 0849 ba00 | 0000 18d9 | 0100 004d | 03ea 4d8b | d54c 3368 | 0849 f7c5 | fcff ffff 
  0x000001d90af880c0: 742f 41f6 | c502 7529 | 4883 7808 | 0074 1e48 | 8378 0801 | 7417 4d8b | ea4c 3368 | 0849 f7c5 
  0x000001d90af880e0: fcff ffff | 740b 4883 | 4808 02eb | 044c 8968 | 0848 83c0 | 104c 8b68 | e841 83ed | 0241 83fd 
  0x000001d90af88100: 020f 8c84 | 0000 004c | 8b6b 0845 | 0fb7 6d2e | 4c2b 2841 | 83ed 014e | 8b6c ec08 | 4d85 ed75 
  0x000001d90af88120: 0ef6 4008 | 0175 58f0 | 4883 4808 | 01eb 5045 | 8b6d 0849 | ba00 0000 | 18d9 0100 | 004d 03ea 
  0x000001d90af88140: 4d8b d54c | 3368 0849 | f7c5 fcff | ffff 742f | 41f6 c502 | 7529 4883 | 7808 0074 | 1e48 8378 
  0x000001d90af88160: 0801 7417 | 4d8b ea4c | 3368 0849 | f7c5 fcff | ffff 740b | 4883 4808 | 02eb 044c | 8968 0848 
  0x000001d90af88180: 83c0 104c | 8b68 d841 | 83ed 0441 | c1e5 0349 | 03c5 4889 | 45d8 4c8d | 6c24 084c | 896d f0ff 
  0x000001d90af881a0: 6350 660f | 1f44 0000 
[/MachCode]

---------------  P R O C E S S  ---------------

Threads class SMR info:
_java_thread_list=0x000001d95df24a00, length=25, elements={
0x000001d90082c860, 0x000001d917215e10, 0x000001d917217450, 0x000001d91721ae00,
0x000001d91721ba50, 0x000001d91721e4b0, 0x000001d91721ef00, 0x000001d91721fd30,
0x000001d917296c70, 0x000001d95d0ebc30, 0x000001d95d26a3d0, 0x000001d95d6eed80,
0x000001d95da5d380, 0x000001d95d9b5800, 0x000001d95dbc4720, 0x000001d95d96a120,
0x000001d95dc9c2b0, 0x000001d95dda13e0, 0x000001d95ea352c0, 0x000001d95ea36670,
0x000001d95ea33f10, 0x000001d95ea35950, 0x000001d95ea35fe0, 0x000001d95ea345a0,
0x000001d95ea34c30
}

Java Threads: ( => current thread )
  0x000001d90082c860 JavaThread "main"                              [_thread_in_vm, id=10352, stack(0x0000003576700000,0x0000003576800000) (1024K)]
  0x000001d917215e10 JavaThread "Reference Handler"          daemon [_thread_blocked, id=4108, stack(0x0000003576b00000,0x0000003576c00000) (1024K)]
  0x000001d917217450 JavaThread "Finalizer"                  daemon [_thread_blocked, id=12808, stack(0x0000003576c00000,0x0000003576d00000) (1024K)]
  0x000001d91721ae00 JavaThread "Signal Dispatcher"          daemon [_thread_blocked, id=7684, stack(0x0000003576d00000,0x0000003576e00000) (1024K)]
  0x000001d91721ba50 JavaThread "Attach Listener"            daemon [_thread_blocked, id=14016, stack(0x0000003576e00000,0x0000003576f00000) (1024K)]
  0x000001d91721e4b0 JavaThread "Service Thread"             daemon [_thread_blocked, id=18020, stack(0x0000003576f00000,0x0000003577000000) (1024K)]
  0x000001d91721ef00 JavaThread "Monitor Deflation Thread"   daemon [_thread_blocked, id=4568, stack(0x0000003577000000,0x0000003577100000) (1024K)]
  0x000001d91721fd30 JavaThread "C2 CompilerThread0"         daemon [_thread_blocked, id=14364, stack(0x0000003577100000,0x0000003577200000) (1024K)]
  0x000001d917296c70 JavaThread "C1 CompilerThread0"         daemon [_thread_blocked, id=14116, stack(0x0000003577200000,0x0000003577300000) (1024K)]
  0x000001d95d0ebc30 JavaThread "Common-Cleaner"             daemon [_thread_blocked, id=17724, stack(0x0000003577300000,0x0000003577400000) (1024K)]
  0x000001d95d26a3d0 JavaThread "Notification Thread"        daemon [_thread_blocked, id=11468, stack(0x0000003577400000,0x0000003577500000) (1024K)]
  0x000001d95d6eed80 JavaThread "Active Thread: Equinox Container: 31db91e9-623d-44f3-9ed8-9f37efe7f3b8"        [_thread_blocked, id=12468, stack(0x0000003577900000,0x0000003577a00000) (1024K)]
  0x000001d95da5d380 JavaThread "Framework Event Dispatcher: Equinox Container: 31db91e9-623d-44f3-9ed8-9f37efe7f3b8" daemon [_thread_blocked, id=5944, stack(0x0000003577500000,0x0000003577600000) (1024K)]
  0x000001d95d9b5800 JavaThread "Start Level: Equinox Container: 31db91e9-623d-44f3-9ed8-9f37efe7f3b8" daemon [_thread_blocked, id=9464, stack(0x0000003577a00000,0x0000003577b00000) (1024K)]
  0x000001d95dbc4720 JavaThread "SCR Component Actor"        daemon [_thread_blocked, id=12060, stack(0x0000003577b00000,0x0000003577c00000) (1024K)]
  0x000001d95d96a120 JavaThread "Worker-JM"                         [_thread_blocked, id=13764, stack(0x0000003577d00000,0x0000003577e00000) (1024K)]
  0x000001d95dc9c2b0 JavaThread "Worker-0"                          [_thread_blocked, id=2508, stack(0x0000003577c00000,0x0000003577d00000) (1024K)]
=>0x000001d95dda13e0 JavaThread "Worker-1: Initialize After Load"        [_thread_in_vm, id=11708, stack(0x0000003577e00000,0x0000003577f00000) (1024K)]
  0x000001d95ea352c0 JavaThread "Worker-2"                          [_thread_blocked, id=14272, stack(0x0000003578100000,0x0000003578200000) (1024K)]
  0x000001d95ea36670 JavaThread "JNA Cleaner"                daemon [_thread_blocked, id=11636, stack(0x0000003577f00000,0x0000003578000000) (1024K)]
  0x000001d95ea33f10 JavaThread "Thread-1"                   daemon [_thread_in_vm, id=15764, stack(0x0000003578300000,0x0000003578400000) (1024K)]
  0x000001d95ea35950 JavaThread "Thread-2"                   daemon [_thread_in_vm, id=18572, stack(0x0000003578400000,0x0000003578500000) (1024K)]
  0x000001d95ea35fe0 JavaThread "Thread-3"                   daemon [_thread_in_vm, id=14612, stack(0x0000003578500000,0x0000003578600000) (1024K)]
  0x000001d95ea345a0 JavaThread "Thread-4"                   daemon [_thread_new, id=17748, stack(0x0000003578600000,0x0000003578700000) (1024K)]
  0x000001d95ea34c30 JavaThread "Thread-5"                   daemon [_thread_in_vm, id=7776, stack(0x0000003578700000,0x0000003578800000) (1024K)]
Total: 25

Other Threads:
  0x000001d9171fb290 VMThread "VM Thread"                           [id=11572, stack(0x0000003576a00000,0x0000003576b00000) (1024K)]
  0x000001d9008f4270 WatcherThread "VM Periodic Task Thread"        [id=9556, stack(0x0000003576900000,0x0000003576a00000) (1024K)]
  0x000001d90084a6b0 WorkerThread "GC Thread#0"                     [id=12552, stack(0x0000003576800000,0x0000003576900000) (1024K)]
  0x000001d95d36f9a0 WorkerThread "GC Thread#1"                     [id=12324, stack(0x0000003577600000,0x0000003577700000) (1024K)]
  0x000001d95d36fd40 WorkerThread "GC Thread#2"                     [id=7052, stack(0x0000003577700000,0x0000003577800000) (1024K)]
  0x000001d95d3700e0 WorkerThread "GC Thread#3"                     [id=8280, stack(0x0000003577800000,0x0000003577900000) (1024K)]
Total: 6

Threads with active compile tasks:
Total: 0

VM state: not at safepoint (normal execution)

VM Mutex/Monitor currently owned by a thread:  ([mutex/lock_event])
[0x00007ff8e465b4f0] Metaspace_lock - owner thread: 0x000001d95dda13e0

Heap address: 0x0000000080000000, size: 2048 MB, Compressed Oops mode: 32-bit

CDS archive(s) mapped at: [0x000001d918000000-0x000001d918ba0000-0x000001d918ba0000), size 12189696, SharedBaseAddress: 0x000001d918000000, ArchiveRelocationMode: 1.
Compressed class space mapped at: 0x000001d919000000-0x000001d959000000, reserved size: 1073741824
Narrow klass base: 0x000001d918000000, Narrow klass shift: 0, Narrow klass range: 0x100000000

GC Precious Log:
 CardTable entry size: 512
 CPUs: 4 total, 4 available
 Memory: 16337M
 Large Page Support: Disabled
 NUMA Support: Disabled
 Compressed Oops: Enabled (32-bit)
 Alignments: Space 512K, Generation 512K, Heap 2M
 Heap Min Capacity: 100M
 Heap Initial Capacity: 100M
 Heap Max Capacity: 2G
 Pre-touch: Disabled
 Parallel Workers: 4

Heap:
 PSYoungGen      total 30720K, used 24691K [0x00000000d5580000, 0x00000000d7900000, 0x0000000100000000)
  eden space 25088K, 98% used [0x00000000d5580000,0x00000000d6d9cc90,0x00000000d6e00000)
  from space 5632K, 0% used [0x00000000d7380000,0x00000000d7380000,0x00000000d7900000)
  to   space 5632K, 0% used [0x00000000d6e00000,0x00000000d6e00000,0x00000000d7380000)
 ParOldGen       total 68608K, used 10013K [0x0000000080000000, 0x0000000084300000, 0x00000000d5580000)
  object space 68608K, 14% used [0x0000000080000000,0x00000000809c7568,0x0000000084300000)
 Metaspace       used 25071K, committed 25792K, reserved 1114112K
  class space    used 2448K, committed 2752K, reserved 1048576K

Card table byte_map: [0x000001d900210000,0x000001d900620000] _byte_map_base: 0x000001d8ffe10000

Marking Bits: (ParMarkBitMap*) 0x00007ff8e4662460
 Begin Bits: [0x000001d912cf0000, 0x000001d914cf0000)
 End Bits:   [0x000001d914cf0000, 0x000001d916cf0000)

Polling page: 0x000001d900000000

Metaspace:

Usage:
  Non-class:     22.09 MB used.
      Class:      2.39 MB used.
       Both:     24.48 MB used.

Virtual space:
  Non-class space:       64.00 MB reserved,      22.50 MB ( 35%) committed,  1 nodes.
      Class space:        1.00 GB reserved,       2.69 MB ( <1%) committed,  1 nodes.
             Both:        1.06 GB reserved,      25.19 MB (  2%) committed. 

Chunk freelists:
   Non-Class:  9.16 MB
       Class:  13.25 MB
        Both:  22.41 MB

MaxMetaspaceSize: unlimited
CompressedClassSpaceSize: 1.00 GB
Initial GC threshold: 21.00 MB
Current GC threshold: 35.00 MB
CDS: on
 - commit_granule_bytes: 65536.
 - commit_granule_words: 8192.
 - virtual_space_node_default_size: 8388608.
 - enlarge_chunks_in_place: 1.
 - use_allocation_guard: 0.


Internal statistics:

num_allocs_failed_limit: 3.
num_arena_births: 528.
num_arena_deaths: 14.
num_vsnodes_births: 2.
num_vsnodes_deaths: 0.
num_space_committed: 403.
num_space_uncommitted: 0.
num_chunks_returned_to_freelist: 17.
num_chunks_taken_from_freelist: 1454.
num_chunk_merges: 9.
num_chunk_splits: 963.
num_chunks_enlarged: 643.
num_inconsistent_stats: 0.

CodeHeap 'non-profiled nmethods': size=120000Kb used=1448Kb max_used=1448Kb free=118551Kb
 bounds [0x000001d90b510000, 0x000001d90b780000, 0x000001d912a40000]
CodeHeap 'profiled nmethods': size=120000Kb used=6106Kb max_used=6106Kb free=113893Kb
 bounds [0x000001d903a40000, 0x000001d904040000, 0x000001d90af70000]
CodeHeap 'non-nmethods': size=5760Kb used=1327Kb max_used=1353Kb free=4432Kb
 bounds [0x000001d90af70000, 0x000001d90b1e0000, 0x000001d90b510000]
CodeCache: size=245760Kb, used=8881Kb, max_used=8907Kb, free=236876Kb
 total_blobs=3668, nmethods=3050, adapters=524, full_count=0
Compilation: enabled, stopped_count=0, restarted_count=0

Compilation events (20 events):
Event: 9.372 Thread 0x000001d917296c70 nmethod 3033 0x000001d904032990 code [0x000001d904032b20, 0x000001d904032c38]
Event: 9.372 Thread 0x000001d917296c70 3034       1       java.lang.Class::getClassLoader0 (5 bytes)
Event: 9.372 Thread 0x000001d917296c70 nmethod 3034 0x000001d90b676010 code [0x000001d90b6761a0, 0x000001d90b676268]
Event: 9.372 Thread 0x000001d917296c70 3036  s    1       java.lang.StringBuffer::length (5 bytes)
Event: 9.372 Thread 0x000001d917296c70 nmethod 3036 0x000001d90b676310 code [0x000001d90b6764a0, 0x000001d90b676628]
Event: 9.374 Thread 0x000001d91721fd30 nmethod 3026 0x000001d90b676690 code [0x000001d90b676860, 0x000001d90b676d30]
Event: 9.374 Thread 0x000001d91721fd30 3027   !   4       java.util.zip.ZipFile$ZipEntryIterator::next (71 bytes)
Event: 9.377 Thread 0x000001d91721fd30 nmethod 3027 0x000001d90b677010 code [0x000001d90b6771e0, 0x000001d90b6776b0]
Event: 9.377 Thread 0x000001d91721fd30 3039       4       java.util.Collections$SingletonMap::get (20 bytes)
Event: 9.379 Thread 0x000001d91721fd30 nmethod 3039 0x000001d90b677990 code [0x000001d90b677b20, 0x000001d90b677d78]
Event: 9.383 Thread 0x000001d917296c70 3041       3       java.lang.ProcessEnvironment$NameComparator::compare (90 bytes)
Event: 9.384 Thread 0x000001d917296c70 nmethod 3041 0x000001d904032d10 code [0x000001d904033020, 0x000001d904034240]
Event: 9.384 Thread 0x000001d917296c70 3040       3       java.lang.ProcessEnvironment$NameComparator::compare (13 bytes)
Event: 9.384 Thread 0x000001d917296c70 nmethod 3040 0x000001d904034a90 code [0x000001d904034c40, 0x000001d904034f60]
Event: 9.384 Thread 0x000001d917296c70 3043       3       java.lang.invoke.InvokerBytecodeGenerator::<init> (80 bytes)
Event: 9.384 Thread 0x000001d917296c70 nmethod 3043 0x000001d904035010 code [0x000001d9040351e0, 0x000001d904035578]
Event: 9.390 Thread 0x000001d917296c70 3045       3       java.util.concurrent.ConcurrentHashMap::sumCount (60 bytes)
Event: 9.390 Thread 0x000001d917296c70 nmethod 3045 0x000001d904035810 code [0x000001d9040359c0, 0x000001d904035c08]
Event: 9.390 Thread 0x000001d917296c70 3047       1       java.lang.invoke.MethodHandle::internalForm (5 bytes)
Event: 9.390 Thread 0x000001d917296c70 nmethod 3047 0x000001d90b678990 code [0x000001d90b678b20, 0x000001d90b678be8]

GC Heap History (14 events):
Event: 1.312 GC heap before
{Heap before GC invocations=1 (full 0):
 PSYoungGen      total 29696K, used 25600K [0x00000000d5580000, 0x00000000d7680000, 0x0000000100000000)
  eden space 25600K, 100% used [0x00000000d5580000,0x00000000d6e80000,0x00000000d6e80000)
  from space 4096K, 0% used [0x00000000d7280000,0x00000000d7280000,0x00000000d7680000)
  to   space 4096K, 0% used [0x00000000d6e80000,0x00000000d6e80000,0x00000000d7280000)
 ParOldGen       total 68608K, used 0K [0x0000000080000000, 0x0000000084300000, 0x00000000d5580000)
  object space 68608K, 0% used [0x0000000080000000,0x0000000080000000,0x0000000084300000)
 Metaspace       used 4364K, committed 4608K, reserved 1114112K
  class space    used 473K, committed 576K, reserved 1048576K
}
Event: 1.347 GC heap after
{Heap after GC invocations=1 (full 0):
 PSYoungGen      total 29696K, used 3280K [0x00000000d5580000, 0x00000000d7680000, 0x0000000100000000)
  eden space 25600K, 0% used [0x00000000d5580000,0x00000000d5580000,0x00000000d6e80000)
  from space 4096K, 80% used [0x00000000d6e80000,0x00000000d71b4148,0x00000000d7280000)
  to   space 4096K, 0% used [0x00000000d7280000,0x00000000d7280000,0x00000000d7680000)
 ParOldGen       total 68608K, used 0K [0x0000000080000000, 0x0000000084300000, 0x00000000d5580000)
  object space 68608K, 0% used [0x0000000080000000,0x0000000080000000,0x0000000084300000)
 Metaspace       used 4364K, committed 4608K, reserved 1114112K
  class space    used 473K, committed 576K, reserved 1048576K
}
Event: 2.511 GC heap before
{Heap before GC invocations=2 (full 0):
 PSYoungGen      total 29696K, used 28880K [0x00000000d5580000, 0x00000000d7680000, 0x0000000100000000)
  eden space 25600K, 100% used [0x00000000d5580000,0x00000000d6e80000,0x00000000d6e80000)
  from space 4096K, 80% used [0x00000000d6e80000,0x00000000d71b4148,0x00000000d7280000)
  to   space 4096K, 0% used [0x00000000d7280000,0x00000000d7280000,0x00000000d7680000)
 ParOldGen       total 68608K, used 0K [0x0000000080000000, 0x0000000084300000, 0x00000000d5580000)
  object space 68608K, 0% used [0x0000000080000000,0x0000000080000000,0x0000000084300000)
 Metaspace       used 8162K, committed 8448K, reserved 1114112K
  class space    used 871K, committed 1024K, reserved 1048576K
}
Event: 2.515 GC heap after
{Heap after GC invocations=2 (full 0):
 PSYoungGen      total 29696K, used 4079K [0x00000000d5580000, 0x00000000d7680000, 0x0000000100000000)
  eden space 25600K, 0% used [0x00000000d5580000,0x00000000d5580000,0x00000000d6e80000)
  from space 4096K, 99% used [0x00000000d7280000,0x00000000d767bd90,0x00000000d7680000)
  to   space 4096K, 0% used [0x00000000d6e80000,0x00000000d6e80000,0x00000000d7280000)
 ParOldGen       total 68608K, used 911K [0x0000000080000000, 0x0000000084300000, 0x00000000d5580000)
  object space 68608K, 1% used [0x0000000080000000,0x00000000800e3ea8,0x0000000084300000)
 Metaspace       used 8162K, committed 8448K, reserved 1114112K
  class space    used 871K, committed 1024K, reserved 1048576K
}
Event: 3.453 GC heap before
{Heap before GC invocations=3 (full 0):
 PSYoungGen      total 29696K, used 29656K [0x00000000d5580000, 0x00000000d7680000, 0x0000000100000000)
  eden space 25600K, 99% used [0x00000000d5580000,0x00000000d6e7a440,0x00000000d6e80000)
  from space 4096K, 99% used [0x00000000d7280000,0x00000000d767bd90,0x00000000d7680000)
  to   space 4096K, 0% used [0x00000000d6e80000,0x00000000d6e80000,0x00000000d7280000)
 ParOldGen       total 68608K, used 911K [0x0000000080000000, 0x0000000084300000, 0x00000000d5580000)
  object space 68608K, 1% used [0x0000000080000000,0x00000000800e3ea8,0x0000000084300000)
 Metaspace       used 13041K, committed 13632K, reserved 1114112K
  class space    used 1381K, committed 1664K, reserved 1048576K
}
Event: 3.459 GC heap after
{Heap after GC invocations=3 (full 0):
 PSYoungGen      total 29696K, used 4073K [0x00000000d5580000, 0x00000000d7680000, 0x0000000100000000)
  eden space 25600K, 0% used [0x00000000d5580000,0x00000000d5580000,0x00000000d6e80000)
  from space 4096K, 99% used [0x00000000d6e80000,0x00000000d727a710,0x00000000d7280000)
  to   space 4096K, 0% used [0x00000000d7280000,0x00000000d7280000,0x00000000d7680000)
 ParOldGen       total 68608K, used 2624K [0x0000000080000000, 0x0000000084300000, 0x00000000d5580000)
  object space 68608K, 3% used [0x0000000080000000,0x0000000080290120,0x0000000084300000)
 Metaspace       used 13041K, committed 13632K, reserved 1114112K
  class space    used 1381K, committed 1664K, reserved 1048576K
}
Event: 4.119 GC heap before
{Heap before GC invocations=4 (full 0):
 PSYoungGen      total 29696K, used 29638K [0x00000000d5580000, 0x00000000d7680000, 0x0000000100000000)
  eden space 25600K, 99% used [0x00000000d5580000,0x00000000d6e77438,0x00000000d6e80000)
  from space 4096K, 99% used [0x00000000d6e80000,0x00000000d727a710,0x00000000d7280000)
  to   space 4096K, 0% used [0x00000000d7280000,0x00000000d7280000,0x00000000d7680000)
 ParOldGen       total 68608K, used 2624K [0x0000000080000000, 0x0000000084300000, 0x00000000d5580000)
  object space 68608K, 3% used [0x0000000080000000,0x0000000080290120,0x0000000084300000)
 Metaspace       used 15914K, committed 16512K, reserved 1114112K
  class space    used 1654K, committed 1920K, reserved 1048576K
}
Event: 4.123 GC heap after
{Heap after GC invocations=4 (full 0):
 PSYoungGen      total 29696K, used 4070K [0x00000000d5580000, 0x00000000d7680000, 0x0000000100000000)
  eden space 25600K, 0% used [0x00000000d5580000,0x00000000d5580000,0x00000000d6e80000)
  from space 4096K, 99% used [0x00000000d7280000,0x00000000d7679860,0x00000000d7680000)
  to   space 4096K, 0% used [0x00000000d6e80000,0x00000000d6e80000,0x00000000d7280000)
 ParOldGen       total 68608K, used 5505K [0x0000000080000000, 0x0000000084300000, 0x00000000d5580000)
  object space 68608K, 8% used [0x0000000080000000,0x00000000805605e8,0x0000000084300000)
 Metaspace       used 15914K, committed 16512K, reserved 1114112K
  class space    used 1654K, committed 1920K, reserved 1048576K
}
Event: 4.648 GC heap before
{Heap before GC invocations=5 (full 0):
 PSYoungGen      total 29696K, used 29077K [0x00000000d5580000, 0x00000000d7680000, 0x0000000100000000)
  eden space 25600K, 97% used [0x00000000d5580000,0x00000000d6debc00,0x00000000d6e80000)
  from space 4096K, 99% used [0x00000000d7280000,0x00000000d7679860,0x00000000d7680000)
  to   space 4096K, 0% used [0x00000000d6e80000,0x00000000d6e80000,0x00000000d7280000)
 ParOldGen       total 68608K, used 5505K [0x0000000080000000, 0x0000000084300000, 0x00000000d5580000)
  object space 68608K, 8% used [0x0000000080000000,0x00000000805605e8,0x0000000084300000)
 Metaspace       used 20086K, committed 20736K, reserved 1114112K
  class space    used 1960K, committed 2240K, reserved 1048576K
}
Event: 4.654 GC heap after
{Heap after GC invocations=5 (full 0):
 PSYoungGen      total 29184K, used 4092K [0x00000000d5580000, 0x00000000d7900000, 0x0000000100000000)
  eden space 25088K, 0% used [0x00000000d5580000,0x00000000d5580000,0x00000000d6e00000)
  from space 4096K, 99% used [0x00000000d6e80000,0x00000000d727f3f8,0x00000000d7280000)
  to   space 5632K, 0% used [0x00000000d7380000,0x00000000d7380000,0x00000000d7900000)
 ParOldGen       total 68608K, used 5711K [0x0000000080000000, 0x0000000084300000, 0x00000000d5580000)
  object space 68608K, 8% used [0x0000000080000000,0x0000000080593dc8,0x0000000084300000)
 Metaspace       used 20086K, committed 20736K, reserved 1114112K
  class space    used 1960K, committed 2240K, reserved 1048576K
}
Event: 8.373 GC heap before
{Heap before GC invocations=6 (full 0):
 PSYoungGen      total 29184K, used 23772K [0x00000000d5580000, 0x00000000d7900000, 0x0000000100000000)
  eden space 25088K, 78% used [0x00000000d5580000,0x00000000d68b7c40,0x00000000d6e00000)
  from space 4096K, 99% used [0x00000000d6e80000,0x00000000d727f3f8,0x00000000d7280000)
  to   space 5632K, 0% used [0x00000000d7380000,0x00000000d7380000,0x00000000d7900000)
 ParOldGen       total 68608K, used 5711K [0x0000000080000000, 0x0000000084300000, 0x00000000d5580000)
  object space 68608K, 8% used [0x0000000080000000,0x0000000080593dc8,0x0000000084300000)
 Metaspace       used 20869K, committed 21504K, reserved 1114112K
  class space    used 2005K, committed 2304K, reserved 1048576K
}
Event: 8.377 GC heap after
{Heap after GC invocations=6 (full 0):
 PSYoungGen      total 30720K, used 5397K [0x00000000d5580000, 0x00000000d7900000, 0x0000000100000000)
  eden space 25088K, 0% used [0x00000000d5580000,0x00000000d5580000,0x00000000d6e00000)
  from space 5632K, 95% used [0x00000000d7380000,0x00000000d78c5528,0x00000000d7900000)
  to   space 5632K, 0% used [0x00000000d6e00000,0x00000000d6e00000,0x00000000d7380000)
 ParOldGen       total 68608K, used 6492K [0x0000000080000000, 0x0000000084300000, 0x00000000d5580000)
  object space 68608K, 9% used [0x0000000080000000,0x00000000806572d8,0x0000000084300000)
 Metaspace       used 20869K, committed 21504K, reserved 1114112K
  class space    used 2005K, committed 2304K, reserved 1048576K
}
Event: 8.377 GC heap before
{Heap before GC invocations=7 (full 1):
 PSYoungGen      total 30720K, used 5397K [0x00000000d5580000, 0x00000000d7900000, 0x0000000100000000)
  eden space 25088K, 0% used [0x00000000d5580000,0x00000000d5580000,0x00000000d6e00000)
  from space 5632K, 95% used [0x00000000d7380000,0x00000000d78c5528,0x00000000d7900000)
  to   space 5632K, 0% used [0x00000000d6e00000,0x00000000d6e00000,0x00000000d7380000)
 ParOldGen       total 68608K, used 6492K [0x0000000080000000, 0x0000000084300000, 0x00000000d5580000)
  object space 68608K, 9% used [0x0000000080000000,0x00000000806572d8,0x0000000084300000)
 Metaspace       used 20869K, committed 21504K, reserved 1114112K
  class space    used 2005K, committed 2304K, reserved 1048576K
}
Event: 8.402 GC heap after
{Heap after GC invocations=7 (full 1):
 PSYoungGen      total 30720K, used 0K [0x00000000d5580000, 0x00000000d7900000, 0x0000000100000000)
  eden space 25088K, 0% used [0x00000000d5580000,0x00000000d5580000,0x00000000d6e00000)
  from space 5632K, 0% used [0x00000000d7380000,0x00000000d7380000,0x00000000d7900000)
  to   space 5632K, 0% used [0x00000000d6e00000,0x00000000d6e00000,0x00000000d7380000)
 ParOldGen       total 68608K, used 10013K [0x0000000080000000, 0x0000000084300000, 0x00000000d5580000)
  object space 68608K, 14% used [0x0000000080000000,0x00000000809c7568,0x0000000084300000)
 Metaspace       used 20856K, committed 21504K, reserved 1114112K
  class space    used 2001K, committed 2304K, reserved 1048576K
}

Dll operation events (10 events):
Event: 0.020 Loaded shared library c:\Users\Admin\.antigravity\extensions\redhat.java-1.50.0-win32-x64\jre\21.0.9-win32-x86_64\bin\java.dll
Event: 0.120 Loaded shared library c:\Users\Admin\.antigravity\extensions\redhat.java-1.50.0-win32-x64\jre\21.0.9-win32-x86_64\bin\zip.dll
Event: 0.140 Loaded shared library C:\Users\Admin\.antigravity\extensions\redhat.java-1.50.0-win32-x64\jre\21.0.9-win32-x86_64\bin\instrument.dll
Event: 0.145 Loaded shared library C:\Users\Admin\.antigravity\extensions\redhat.java-1.50.0-win32-x64\jre\21.0.9-win32-x86_64\bin\net.dll
Event: 0.147 Loaded shared library C:\Users\Admin\.antigravity\extensions\redhat.java-1.50.0-win32-x64\jre\21.0.9-win32-x86_64\bin\nio.dll
Event: 0.150 Loaded shared library C:\Users\Admin\.antigravity\extensions\redhat.java-1.50.0-win32-x64\jre\21.0.9-win32-x86_64\bin\zip.dll
Event: 0.171 Loaded shared library C:\Users\Admin\.antigravity\extensions\redhat.java-1.50.0-win32-x64\jre\21.0.9-win32-x86_64\bin\jimage.dll
Event: 0.299 Loaded shared library c:\Users\Admin\.antigravity\extensions\redhat.java-1.50.0-win32-x64\jre\21.0.9-win32-x86_64\bin\verify.dll
Event: 2.451 Loaded shared library C:\Users\Admin\AppData\Roaming\Antigravity\User\globalStorage\redhat.java\1.50.0\config_ss_win\org.eclipse.equinox.launcher\org.eclipse.equinox.launcher.win32.win32.x86_64_1.2.1400.v20250801-0854\eclipse_11916.dll
Event: 9.236 Loaded shared library C:\Users\Admin\AppData\Local\Temp\jna-63116079\jna10104999858985606112.dll

Deoptimization events (20 events):
Event: 9.257 Thread 0x000001d95d9b5800 Uncommon trap: trap_request=0xffffff45 fr.pc=0x000001d90b57a7c4 relative=0x0000000000000124
Event: 9.257 Thread 0x000001d95d9b5800 Uncommon trap: reason=unstable_if action=reinterpret pc=0x000001d90b57a7c4 method=jdk.internal.org.objectweb.asm.SymbolTable.put(Ljdk/internal/org/objectweb/asm/SymbolTable$Entry;)Ljdk/internal/org/objectweb/asm/SymbolTable$Entry; @ 13 c2
Event: 9.257 Thread 0x000001d95d9b5800 DEOPT PACKING pc=0x000001d90b57a7c4 sp=0x0000003577afbc90
Event: 9.257 Thread 0x000001d95d9b5800 DEOPT UNPACKING pc=0x000001d90afc3aa2 sp=0x0000003577afbbf0 mode 2
Event: 9.270 Thread 0x000001d95d9b5800 Uncommon trap: trap_request=0xffffffde fr.pc=0x000001d90b670e44 relative=0x0000000000000124
Event: 9.270 Thread 0x000001d95d9b5800 Uncommon trap: reason=class_check action=maybe_recompile pc=0x000001d90b670e44 method=jdk.internal.misc.Unsafe.allocateUninitializedArray(Ljava/lang/Class;I)Ljava/lang/Object; @ 51 c2
Event: 9.270 Thread 0x000001d95d9b5800 DEOPT PACKING pc=0x000001d90b670e44 sp=0x0000003577afca90
Event: 9.270 Thread 0x000001d95d9b5800 DEOPT UNPACKING pc=0x000001d90afc3aa2 sp=0x0000003577afca08 mode 2
Event: 9.270 Thread 0x000001d95d9b5800 Uncommon trap: trap_request=0xffffffde fr.pc=0x000001d90b670e44 relative=0x0000000000000124
Event: 9.270 Thread 0x000001d95d9b5800 Uncommon trap: reason=class_check action=maybe_recompile pc=0x000001d90b670e44 method=jdk.internal.misc.Unsafe.allocateUninitializedArray(Ljava/lang/Class;I)Ljava/lang/Object; @ 51 c2
Event: 9.270 Thread 0x000001d95d9b5800 DEOPT PACKING pc=0x000001d90b670e44 sp=0x0000003577afc640
Event: 9.270 Thread 0x000001d95d9b5800 DEOPT UNPACKING pc=0x000001d90afc3aa2 sp=0x0000003577afc5b8 mode 2
Event: 9.270 Thread 0x000001d95d9b5800 Uncommon trap: trap_request=0xffffffde fr.pc=0x000001d90b670e44 relative=0x0000000000000124
Event: 9.270 Thread 0x000001d95d9b5800 Uncommon trap: reason=class_check action=maybe_recompile pc=0x000001d90b670e44 method=jdk.internal.misc.Unsafe.allocateUninitializedArray(Ljava/lang/Class;I)Ljava/lang/Object; @ 51 c2
Event: 9.270 Thread 0x000001d95d9b5800 DEOPT PACKING pc=0x000001d90b670e44 sp=0x0000003577afc500
Event: 9.270 Thread 0x000001d95d9b5800 DEOPT UNPACKING pc=0x000001d90afc3aa2 sp=0x0000003577afc478 mode 2
Event: 9.270 Thread 0x000001d95d9b5800 Uncommon trap: trap_request=0xffffffde fr.pc=0x000001d90b670e44 relative=0x0000000000000124
Event: 9.270 Thread 0x000001d95d9b5800 Uncommon trap: reason=class_check action=maybe_recompile pc=0x000001d90b670e44 method=jdk.internal.misc.Unsafe.allocateUninitializedArray(Ljava/lang/Class;I)Ljava/lang/Object; @ 51 c2
Event: 9.270 Thread 0x000001d95d9b5800 DEOPT PACKING pc=0x000001d90b670e44 sp=0x0000003577afb790
Event: 9.270 Thread 0x000001d95d9b5800 DEOPT UNPACKING pc=0x000001d90afc3aa2 sp=0x0000003577afb708 mode 2

Classes loaded (20 events):
Event: 9.389 Loading class sun/nio/ch/WindowsAsynchronousFileChannelImpl$DefaultIocpHolder
Event: 9.389 Loading class sun/nio/ch/WindowsAsynchronousFileChannelImpl$DefaultIocpHolder done
Event: 9.389 Loading class sun/nio/ch/Iocp
Event: 9.389 Loading class sun/nio/ch/AsynchronousChannelGroupImpl
Event: 9.389 Loading class java/nio/channels/AsynchronousChannelGroup
Event: 9.389 Loading class java/nio/channels/AsynchronousChannelGroup done
Event: 9.389 Loading class sun/nio/ch/AsynchronousChannelGroupImpl done
Event: 9.389 Loading class sun/nio/ch/Iocp done
Event: 9.390 Loading class sun/nio/ch/Iocp$CompletionStatus
Event: 9.390 Loading class sun/nio/ch/Iocp$CompletionStatus done
Event: 9.390 Loading class sun/nio/ch/ThreadPool
Event: 9.390 Loading class sun/nio/ch/ThreadPool done
Event: 9.390 Loading class sun/nio/ch/Iocp$EventHandlerTask
Event: 9.390 Loading class sun/nio/ch/Iocp$EventHandlerTask done
Event: 9.391 Loading class sun/nio/ch/AsynchronousChannelGroupImpl$2
Event: 9.391 Loading class sun/nio/ch/AsynchronousChannelGroupImpl$2 done
Event: 9.391 Loading class sun/nio/ch/AsynchronousChannelGroupImpl$1
Event: 9.391 Loading class sun/nio/ch/AsynchronousChannelGroupImpl$1 done
Event: 9.391 Loading class sun/nio/ch/PendingIoCache
Event: 9.391 Loading class sun/nio/ch/PendingIoCache done

Classes unloaded (7 events):
Event: 8.382 Thread 0x000001d9171fb290 Unloading class 0x000001d919194c00 'java/lang/invoke/LambdaForm$MH+0x000001d919194c00'
Event: 8.382 Thread 0x000001d9171fb290 Unloading class 0x000001d919194800 'java/lang/invoke/LambdaForm$MH+0x000001d919194800'
Event: 8.382 Thread 0x000001d9171fb290 Unloading class 0x000001d919194400 'java/lang/invoke/LambdaForm$MH+0x000001d919194400'
Event: 8.382 Thread 0x000001d9171fb290 Unloading class 0x000001d919194000 'java/lang/invoke/LambdaForm$MH+0x000001d919194000'
Event: 8.382 Thread 0x000001d9171fb290 Unloading class 0x000001d919193c00 'java/lang/invoke/LambdaForm$BMH+0x000001d919193c00'
Event: 8.382 Thread 0x000001d9171fb290 Unloading class 0x000001d919193800 'java/lang/invoke/LambdaForm$DMH+0x000001d919193800'
Event: 8.382 Thread 0x000001d9171fb290 Unloading class 0x000001d919192400 'java/lang/invoke/LambdaForm$DMH+0x000001d919192400'

Classes redefined (0 events):
No events

Internal exceptions (20 events):
Event: 3.868 Thread 0x000001d95d9b5800 Exception <a 'java/lang/NoSuchMethodError'{0x00000000d5fd4f30}: 'void java.lang.invoke.DirectMethodHandle$Holder.invokeSpecial(java.lang.Object, java.lang.Object, java.lang.Object, java.lang.Object, java.lang.Object)'> (0x00000000d5fd4f30) 
thrown [s\src\hotspot\share\interpreter\linkResolver.cpp, line 773]
Event: 3.910 Thread 0x000001d95d9b5800 Exception <a 'java/lang/NoSuchMethodError'{0x00000000d61c8fe0}: 'double java.lang.invoke.DirectMethodHandle$Holder.invokeStatic(java.lang.Object, java.lang.Object)'> (0x00000000d61c8fe0) 
thrown [s\src\hotspot\share\interpreter\linkResolver.cpp, line 773]
Event: 3.911 Thread 0x000001d95d9b5800 Exception <a 'java/lang/NoSuchMethodError'{0x00000000d61cc6a0}: 'double java.lang.invoke.DirectMethodHandle$Holder.invokeStaticInit(java.lang.Object, java.lang.Object)'> (0x00000000d61cc6a0) 
thrown [s\src\hotspot\share\interpreter\linkResolver.cpp, line 773]
Event: 4.476 Thread 0x000001d95d9b5800 Implicit null exception at 0x000001d90b61dff5 to 0x000001d90b61e0c4
Event: 8.418 Thread 0x000001d95d9b5800 Exception <a 'java/lang/NoSuchMethodError'{0x00000000d5675d48}: 'java.lang.Object java.lang.invoke.DirectMethodHandle$Holder.newInvokeSpecial(java.lang.Object, int, java.lang.Object, java.lang.Object)'> (0x00000000d5675d48) 
thrown [s\src\hotspot\share\interpreter\linkResolver.cpp, line 773]
Event: 8.499 Thread 0x000001d95d9b5800 Exception <a 'java/lang/NoSuchMethodError'{0x00000000d5943710}: 'java.lang.Object java.lang.invoke.DirectMethodHandle$Holder.invokeStaticInit(java.lang.Object, int, int, int, int)'> (0x00000000d5943710) 
thrown [s\src\hotspot\share\interpreter\linkResolver.cpp, line 773]
Event: 8.577 Thread 0x000001d95d9b5800 Exception <a 'java/lang/NoSuchMethodError'{0x00000000d59f9148}: 'java.lang.Object java.lang.invoke.DirectMethodHandle$Holder.invokeStaticInit(java.lang.Object, java.lang.Object, int, int, int, int)'> (0x00000000d59f9148) 
thrown [s\src\hotspot\share\interpreter\linkResolver.cpp, line 773]
Event: 8.846 Thread 0x000001d95d9b5800 Exception <a 'java/lang/ClassNotFoundException'{0x00000000d5fbbb28}: com/sun/org/apache/xml/internal/serializer/spi/XMLEntitiesProvider> (0x00000000d5fbbb28) 
thrown [s\src\hotspot\share\classfile\systemDictionary.cpp, line 312]
Event: 9.049 Thread 0x000001d95d9b5800 Exception <a 'java/io/FileNotFoundException'{0x00000000d638b128}> (0x00000000d638b128) 
thrown [s\src\hotspot\share\prims\jni.cpp, line 520]
Event: 9.263 Thread 0x000001d95d9b5800 Exception <a 'java/lang/UnsatisfiedLinkError'{0x00000000d66f6fd8}: The specified procedure could not be found.
> (0x00000000d66f6fd8) 
thrown [s\src\hotspot\share\prims\jni.cpp, line 539]
Event: 9.269 Thread 0x000001d95d9b5800 Exception <a 'java/io/FileNotFoundException'{0x00000000d671cf60}> (0x00000000d671cf60) 
thrown [s\src\hotspot\share\prims\jni.cpp, line 520]
Event: 9.299 Thread 0x000001d95d9b5800 Exception <a 'java/io/FileNotFoundException'{0x00000000d67afd40}> (0x00000000d67afd40) 
thrown [s\src\hotspot\share\prims\jni.cpp, line 520]
Event: 9.312 Thread 0x000001d95d9b5800 Exception <a 'java/lang/NoSuchMethodError'{0x00000000d68455d8}: 'void java.lang.invoke.DirectMethodHandle$Holder.invokeSpecial(java.lang.Object, java.lang.Object, java.lang.Object, int)'> (0x00000000d68455d8) 
thrown [s\src\hotspot\share\interpreter\linkResolver.cpp, line 773]
Event: 9.312 Thread 0x000001d95d9b5800 Exception <a 'java/lang/NoSuchMethodError'{0x00000000d6848ca8}: 'void java.lang.invoke.DelegatingMethodHandle$Holder.reinvoke_L(java.lang.Object, java.lang.Object, int)'> (0x00000000d6848ca8) 
thrown [s\src\hotspot\share\interpreter\linkResolver.cpp, line 773]
Event: 9.313 Thread 0x000001d95d9b5800 Exception <a 'java/lang/NoSuchMethodError'{0x00000000d684f640}: 'int java.lang.invoke.Invokers$Holder.invokeExact_MT(java.lang.Object, java.lang.Object, java.lang.Object)'> (0x00000000d684f640) 
thrown [s\src\hotspot\share\interpreter\linkResolver.cpp, line 773]
Event: 9.316 Thread 0x000001d95d9b5800 Exception <a 'java/lang/UnsatisfiedLinkError'{0x00000000d6862ff8}: The specified procedure could not be found.
> (0x00000000d6862ff8) 
thrown [s\src\hotspot\share\prims\jni.cpp, line 539]
Event: 9.326 Thread 0x000001d95d9b5800 Exception <a 'java/lang/NoSuchMethodError'{0x00000000d686fc48}: 'void java.lang.invoke.Invokers$Holder.invokeExact_MT(java.lang.Object, java.lang.Object, int, java.lang.Object)'> (0x00000000d686fc48) 
thrown [s\src\hotspot\share\interpreter\linkResolver.cpp, line 773]
Event: 9.384 Thread 0x000001d90082c860 Exception <a 'java/lang/NoSuchMethodError'{0x00000000d6bec8e0}: 'java.lang.Object java.lang.invoke.DirectMethodHandle$Holder.invokeStatic(java.lang.Object, long, java.lang.Object)'> (0x00000000d6bec8e0) 
thrown [s\src\hotspot\share\interpreter\linkResolver.cpp, line 773]
Event: 9.384 Thread 0x000001d90082c860 Exception <a 'java/lang/NoSuchMethodError'{0x00000000d6beff48}: 'java.lang.Object java.lang.invoke.DirectMethodHandle$Holder.invokeStaticInit(java.lang.Object, long, java.lang.Object)'> (0x00000000d6beff48) 
thrown [s\src\hotspot\share\interpreter\linkResolver.cpp, line 773]
Event: 9.385 Thread 0x000001d90082c860 Exception <a 'java/lang/NoSuchMethodError'{0x00000000d6bfb1f8}: 'java.lang.Object java.lang.invoke.DirectMethodHandle$Holder.newInvokeSpecial(java.lang.Object, long)'> (0x00000000d6bfb1f8) 
thrown [s\src\hotspot\share\interpreter\linkResolver.cpp, line 773]

ZGC Phase Switch (0 events):
No events

VM Operations (20 events):
Event: 3.585 Executing VM operation: HandshakeAllThreads (Deoptimize)
Event: 3.585 Executing VM operation: HandshakeAllThreads (Deoptimize) done
Event: 3.600 Executing VM operation: HandshakeAllThreads (Deoptimize)
Event: 3.600 Executing VM operation: HandshakeAllThreads (Deoptimize) done
Event: 4.118 Executing VM operation: ParallelGCFailedAllocation (Allocation Failure)
Event: 4.123 Executing VM operation: ParallelGCFailedAllocation (Allocation Failure) done
Event: 4.648 Executing VM operation: ParallelGCFailedAllocation (Allocation Failure)
Event: 4.654 Executing VM operation: ParallelGCFailedAllocation (Allocation Failure) done
Event: 5.199 Executing VM operation: CollectForMetadataAllocation (Metadata GC Threshold)
Event: 8.402 Executing VM operation: CollectForMetadataAllocation (Metadata GC Threshold) done
Event: 8.470 Executing VM operation: HandshakeAllThreads (Deoptimize)
Event: 8.470 Executing VM operation: HandshakeAllThreads (Deoptimize) done
Event: 8.612 Executing VM operation: HandshakeAllThreads (Deoptimize)
Event: 8.612 Executing VM operation: HandshakeAllThreads (Deoptimize) done
Event: 8.931 Executing VM operation: HandshakeAllThreads (Deoptimize)
Event: 8.931 Executing VM operation: HandshakeAllThreads (Deoptimize) done
Event: 9.006 Executing VM operation: HandshakeAllThreads (Deoptimize)
Event: 9.006 Executing VM operation: HandshakeAllThreads (Deoptimize) done
Event: 9.251 Executing VM operation: HandshakeAllThreads (Deoptimize)
Event: 9.251 Executing VM operation: HandshakeAllThreads (Deoptimize) done

Memory protections (0 events):
No events

Nmethod flushes (0 events):
No events

Events (20 events):
Event: 2.447 Thread 0x000001d90082c860 Thread added: 0x000001d95d9b5800
Event: 2.798 Thread 0x000001d95d9b5800 Thread added: 0x000001d95dbc4720
Event: 2.905 Thread 0x000001d91721fd30 Thread added: 0x000001d95d801a30
Event: 3.252 Thread 0x000001d95d9b5800 Thread added: 0x000001d95d96a120
Event: 3.525 Thread 0x000001d95d801a30 Thread exited: 0x000001d95d801a30
Event: 3.753 Thread 0x000001d95d9b5800 Thread added: 0x000001d95dc9c2b0
Event: 3.846 Thread 0x000001d95d9b5800 Thread added: 0x000001d95dda13e0
Event: 4.814 Thread 0x000001d917296c70 Thread added: 0x000001d95ebba200
Event: 5.193 Thread 0x000001d95d9b5800 Thread added: 0x000001d95dff7a30
Event: 8.403 Thread 0x000001d95dda13e0 Thread added: 0x000001d95ea352c0
Event: 8.403 Thread 0x000001d95ebba200 Thread exited: 0x000001d95ebba200
Event: 8.484 Thread 0x000001d95dff7a30 Thread exited: 0x000001d95dff7a30
Event: 8.631 Thread 0x000001d917296c70 Thread added: 0x000001d95fc7c8d0
Event: 9.128 Thread 0x000001d95fc7c8d0 Thread exited: 0x000001d95fc7c8d0
Event: 9.255 Thread 0x000001d95d9b5800 Thread added: 0x000001d95ea36670
Event: 9.391 Thread 0x000001d90082c860 Thread added: 0x000001d95ea33f10
Event: 9.391 Thread 0x000001d90082c860 Thread added: 0x000001d95ea35950
Event: 9.391 Thread 0x000001d90082c860 Thread added: 0x000001d95ea35fe0
Event: 9.391 Thread 0x000001d90082c860 Thread added: 0x000001d95ea345a0
Event: 9.391 Thread 0x000001d90082c860 Thread added: 0x000001d95ea34c30


Dynamic libraries:
0x00007ff6b7ab0000 - 0x00007ff6b7abe000 	c:\Users\Admin\.antigravity\extensions\redhat.java-1.50.0-win32-x64\jre\21.0.9-win32-x86_64\bin\java.exe
0x00007ff91ea90000 - 0x00007ff91ec88000 	C:\WINDOWS\SYSTEM32\ntdll.dll
0x00007ff91e2b0000 - 0x00007ff91e372000 	C:\WINDOWS\System32\KERNEL32.DLL
0x00007ff91c1c0000 - 0x00007ff91c4b6000 	C:\WINDOWS\System32\KERNELBASE.dll
0x00007ff91c960000 - 0x00007ff91ca60000 	C:\WINDOWS\System32\ucrtbase.dll
0x00007ff8fadc0000 - 0x00007ff8fadd8000 	c:\Users\Admin\.antigravity\extensions\redhat.java-1.50.0-win32-x64\jre\21.0.9-win32-x86_64\bin\jli.dll
0x00007ff91cfd0000 - 0x00007ff91d171000 	C:\WINDOWS\System32\USER32.dll
0x00007ff91c550000 - 0x00007ff91c572000 	C:\WINDOWS\System32\win32u.dll
0x00007ff91cdd0000 - 0x00007ff91cdfb000 	C:\WINDOWS\System32\GDI32.dll
0x00007ff91c710000 - 0x00007ff91c829000 	C:\WINDOWS\System32\gdi32full.dll
0x00007ff91c120000 - 0x00007ff91c1bd000 	C:\WINDOWS\System32\msvcp_win.dll
0x00007ff8face0000 - 0x00007ff8facfe000 	c:\Users\Admin\.antigravity\extensions\redhat.java-1.50.0-win32-x64\jre\21.0.9-win32-x86_64\bin\VCRUNTIME140.dll
0x00007ff90b970000 - 0x00007ff90bc0b000 	C:\WINDOWS\WinSxS\amd64_microsoft.windows.common-controls_6595b64144ccf1df_6.0.19041.6456_none_60b8a6cb71f64256\COMCTL32.dll
0x00007ff91e540000 - 0x00007ff91e5de000 	C:\WINDOWS\System32\msvcrt.dll
0x00007ff91d180000 - 0x00007ff91d1af000 	C:\WINDOWS\System32\IMM32.DLL
0x00007ff90c240000 - 0x00007ff90c24c000 	c:\Users\Admin\.antigravity\extensions\redhat.java-1.50.0-win32-x64\jre\21.0.9-win32-x86_64\bin\vcruntime140_1.dll
0x00007ff8f8670000 - 0x00007ff8f86fd000 	c:\Users\Admin\.antigravity\extensions\redhat.java-1.50.0-win32-x64\jre\21.0.9-win32-x86_64\bin\msvcp140.dll
0x00007ff8e39a0000 - 0x00007ff8e4740000 	c:\Users\Admin\.antigravity\extensions\redhat.java-1.50.0-win32-x64\jre\21.0.9-win32-x86_64\bin\server\jvm.dll
0x00007ff91d220000 - 0x00007ff91d2d1000 	C:\WINDOWS\System32\ADVAPI32.dll
0x00007ff91d2f0000 - 0x00007ff91d38f000 	C:\WINDOWS\System32\sechost.dll
0x00007ff91df50000 - 0x00007ff91e070000 	C:\WINDOWS\System32\RPCRT4.dll
0x00007ff91c6e0000 - 0x00007ff91c707000 	C:\WINDOWS\System32\bcrypt.dll
0x00007ff91d1b0000 - 0x00007ff91d21b000 	C:\WINDOWS\System32\WS2_32.dll
0x00007ff91b6b0000 - 0x00007ff91b6fb000 	C:\WINDOWS\SYSTEM32\POWRPROF.dll
0x00007ff9129b0000 - 0x00007ff9129d7000 	C:\WINDOWS\SYSTEM32\WINMM.dll
0x00007ff915d60000 - 0x00007ff915d6a000 	C:\WINDOWS\SYSTEM32\VERSION.dll
0x00007ff91b520000 - 0x00007ff91b532000 	C:\WINDOWS\SYSTEM32\UMPDC.dll
0x00007ff919fb0000 - 0x00007ff919fc2000 	C:\WINDOWS\SYSTEM32\kernel.appcore.dll
0x00007ff908ec0000 - 0x00007ff908eca000 	c:\Users\Admin\.antigravity\extensions\redhat.java-1.50.0-win32-x64\jre\21.0.9-win32-x86_64\bin\jimage.dll
0x00007ff916af0000 - 0x00007ff916cf1000 	C:\WINDOWS\SYSTEM32\DBGHELP.DLL
0x00007ff8f9ff0000 - 0x00007ff8fa024000 	C:\WINDOWS\SYSTEM32\dbgcore.DLL
0x00007ff91c4c0000 - 0x00007ff91c542000 	C:\WINDOWS\System32\bcryptPrimitives.dll
0x00007ff8fadb0000 - 0x00007ff8fadbf000 	c:\Users\Admin\.antigravity\extensions\redhat.java-1.50.0-win32-x64\jre\21.0.9-win32-x86_64\bin\instrument.dll
0x00007ff8fac00000 - 0x00007ff8fac20000 	c:\Users\Admin\.antigravity\extensions\redhat.java-1.50.0-win32-x64\jre\21.0.9-win32-x86_64\bin\java.dll
0x00007ff91d400000 - 0x00007ff91db70000 	C:\WINDOWS\System32\SHELL32.dll
0x00007ff91a1b0000 - 0x00007ff91a955000 	C:\WINDOWS\SYSTEM32\windows.storage.dll
0x00007ff91db70000 - 0x00007ff91dec4000 	C:\WINDOWS\System32\combase.dll
0x00007ff91bb50000 - 0x00007ff91bb7b000 	C:\WINDOWS\SYSTEM32\Wldp.dll
0x00007ff91e410000 - 0x00007ff91e4dd000 	C:\WINDOWS\System32\OLEAUT32.dll
0x00007ff91e200000 - 0x00007ff91e2ad000 	C:\WINDOWS\System32\SHCORE.dll
0x00007ff91e4e0000 - 0x00007ff91e53b000 	C:\WINDOWS\System32\shlwapi.dll
0x00007ff91c050000 - 0x00007ff91c074000 	C:\WINDOWS\SYSTEM32\profapi.dll
0x00007ff8fa9d0000 - 0x00007ff8fa9e8000 	c:\Users\Admin\.antigravity\extensions\redhat.java-1.50.0-win32-x64\jre\21.0.9-win32-x86_64\bin\zip.dll
0x00007ff8fa630000 - 0x00007ff8fa640000 	C:\Users\Admin\.antigravity\extensions\redhat.java-1.50.0-win32-x64\jre\21.0.9-win32-x86_64\bin\net.dll
0x00007ff915610000 - 0x00007ff91571a000 	C:\WINDOWS\SYSTEM32\WINHTTP.dll
0x00007ff91b8b0000 - 0x00007ff91b91a000 	C:\WINDOWS\system32\mswsock.dll
0x00007ff8fa590000 - 0x00007ff8fa5a6000 	C:\Users\Admin\.antigravity\extensions\redhat.java-1.50.0-win32-x64\jre\21.0.9-win32-x86_64\bin\nio.dll
0x00007ff8fa620000 - 0x00007ff8fa630000 	c:\Users\Admin\.antigravity\extensions\redhat.java-1.50.0-win32-x64\jre\21.0.9-win32-x86_64\bin\verify.dll
0x00007ff8fac90000 - 0x00007ff8facd4000 	C:\Users\Admin\AppData\Roaming\Antigravity\User\globalStorage\redhat.java\1.50.0\config_ss_win\org.eclipse.equinox.launcher\org.eclipse.equinox.launcher.win32.win32.x86_64_1.2.1400.v20250801-0854\eclipse_11916.dll
0x00007ff91e0d0000 - 0x00007ff91e1fb000 	C:\WINDOWS\System32\ole32.dll
0x00007ff91baa0000 - 0x00007ff91bab8000 	C:\WINDOWS\SYSTEM32\CRYPTSP.dll
0x00007ff91b160000 - 0x00007ff91b198000 	C:\WINDOWS\system32\rsaenh.dll
0x00007ff91c010000 - 0x00007ff91c03e000 	C:\WINDOWS\SYSTEM32\USERENV.dll
0x00007ff91bac0000 - 0x00007ff91bacc000 	C:\WINDOWS\SYSTEM32\CRYPTBASE.dll
0x00007ff91b540000 - 0x00007ff91b57b000 	C:\WINDOWS\SYSTEM32\IPHLPAPI.DLL
0x00007ff91d2e0000 - 0x00007ff91d2e8000 	C:\WINDOWS\System32\NSI.dll
0x00007ff8fa240000 - 0x00007ff8fa289000 	C:\Users\Admin\AppData\Local\Temp\jna-63116079\jna10104999858985606112.dll
0x00007ff91d390000 - 0x00007ff91d398000 	C:\WINDOWS\System32\PSAPI.DLL
0x00007ff9166d0000 - 0x00007ff9166e7000 	C:\WINDOWS\SYSTEM32\dhcpcsvc6.DLL
0x00007ff9166b0000 - 0x00007ff9166cd000 	C:\WINDOWS\SYSTEM32\dhcpcsvc.DLL

JVMTI agents:
c:\Users\Admin\.antigravity\extensions\redhat.java-1.50.0-win32-x64\lombok\lombok-1.18.39-4050.jar path:c:\Users\Admin\.antigravity\extensions\redhat.java-1.50.0-win32-x64\jre\21.0.9-win32-x86_64\bin\instrument.dll, loaded, initialized, instrumentlib options:none

dbghelp: loaded successfully - version: 4.0.5 - missing functions: none
symbol engine: initialized successfully - sym options: 0x614 - pdb path: .;c:\Users\Admin\.antigravity\extensions\redhat.java-1.50.0-win32-x64\jre\21.0.9-win32-x86_64\bin;C:\WINDOWS\SYSTEM32;C:\WINDOWS\WinSxS\amd64_microsoft.windows.common-controls_6595b64144ccf1df_6.0.19041.6456_none_60b8a6cb71f64256;c:\Users\Admin\.antigravity\extensions\redhat.java-1.50.0-win32-x64\jre\21.0.9-win32-x86_64\bin\server;C:\Users\Admin\AppData\Roaming\Antigravity\User\globalStorage\redhat.java\1.50.0\config_ss_win\org.eclipse.equinox.launcher\org.eclipse.equinox.launcher.win32.win32.x86_64_1.2.1400.v20250801-0854;C:\Users\Admin\AppData\Local\Temp\jna-63116079

VM Arguments:
jvm_args: --add-modules=ALL-SYSTEM --add-opens=java.base/java.util=ALL-UNNAMED --add-opens=java.base/java.lang=ALL-UNNAMED --add-opens=java.base/sun.nio.fs=ALL-UNNAMED -Declipse.application=org.eclipse.jdt.ls.core.id1 -Dosgi.bundles.defaultStartLevel=4 -Declipse.product=org.eclipse.jdt.ls.core.product -Djava.import.generatesMetadataFilesAtProjectRoot=false -DDetectVMInstallationsJob.disabled=true -Dfile.encoding=utf8 -XX:+UseParallelGC -XX:GCTimeRatio=4 -XX:AdaptiveSizePolicyWeight=90 -Dsun.zip.disableMemoryMapping=true -Xmx2G -Xms100m -Xlog:disable -javaagent:c:\Users\Admin\.antigravity\extensions\redhat.java-1.50.0-win32-x64\lombok\lombok-1.18.39-4050.jar 
java_command: c:\Users\Admin\.antigravity\extensions\redhat.java-1.50.0-win32-x64\server\plugins\org.eclipse.equinox.launcher_1.7.100.v20251111-0406.jar -configuration c:\Users\Admin\AppData\Roaming\Antigravity\User\globalStorage\redhat.java\1.50.0\config_ss_win -data c:\Users\Admin\AppData\Roaming\Antigravity\User\workspaceStorage\af1cb1524c391b6bf54d4a5b5d479961\redhat.java\ss_ws --pipe=\\.\pipe\lsp-f2cef33e7d435f55efcc2fd3e3fa74da-sock
java_class_path (initial): c:\Users\Admin\.antigravity\extensions\redhat.java-1.50.0-win32-x64\server\plugins\org.eclipse.equinox.launcher_1.7.100.v20251111-0406.jar
Launcher Type: SUN_STANDARD

[Global flags]
    uintx AdaptiveSizePolicyWeight                 = 90                                        {product} {command line}
     intx CICompilerCount                          = 3                                         {product} {ergonomic}
    uintx GCTimeRatio                              = 4                                         {product} {command line}
   size_t InitialHeapSize                          = 104857600                                 {product} {command line}
   size_t MaxHeapSize                              = 2147483648                                {product} {command line}
   size_t MaxNewSize                               = 715653120                                 {product} {ergonomic}
   size_t MinHeapDeltaBytes                        = 524288                                    {product} {ergonomic}
   size_t MinHeapSize                              = 104857600                                 {product} {command line}
   size_t NewSize                                  = 34603008                                  {product} {ergonomic}
    uintx NonNMethodCodeHeapSize                   = 5832780                                {pd product} {ergonomic}
    uintx NonProfiledCodeHeapSize                  = 122912730                              {pd product} {ergonomic}
   size_t OldSize                                  = 70254592                                  {product} {ergonomic}
    uintx ProfiledCodeHeapSize                     = 122912730                              {pd product} {ergonomic}
    uintx ReservedCodeCacheSize                    = 251658240                              {pd product} {ergonomic}
     bool SegmentedCodeCache                       = true                                      {product} {ergonomic}
   size_t SoftMaxHeapSize                          = 2147483648                             {manageable} {ergonomic}
     bool UseCompressedOops                        = true                           {product lp64_product} {ergonomic}
     bool UseLargePagesIndividualAllocation        = false                                  {pd product} {ergonomic}
     bool UseParallelGC                            = true                                      {product} {command line}

Logging:
Log output configuration:
 #0: stdout all=off uptime,level,tags foldmultilines=false
 #1: stderr all=off uptime,level,tags foldmultilines=false

Release file:
JAVA_VERSION="21.0.9" 
MODULES="java.base java.compiler java.datatransfer java.xml java.prefs java.desktop java.instrument java.logging java.management java.security.sasl java.naming java.rmi java.management.rmi java.net.http java.scripting java.security.jgss java.transaction.xa java.sql java.sql.rowset java.xml.crypto java.se java.smartcardio jdk.accessibility jdk.internal.jvmstat jdk.attach jdk.charsets jdk.internal.opt jdk.zipfs jdk.compiler jdk.crypto.ec jdk.crypto.cryptoki jdk.crypto.mscapi jdk.dynalink jdk.internal.ed jdk.editpad jdk.hotspot.agent jdk.httpserver jdk.internal.le jdk.internal.vm.ci jdk.internal.vm.compiler jdk.internal.vm.compiler.management jdk.jartool jdk.javadoc jdk.jcmd jdk.management jdk.management.agent jdk.jconsole jdk.jdeps jdk.jdwp.agent jdk.jdi jdk.jfr jdk.jshell jdk.jsobject jdk.jstatd jdk.localedata jdk.management.jfr jdk.naming.dns jdk.naming.rmi jdk.net jdk.nio.mapmode jdk.random jdk.sctp jdk.security.auth jdk.security.jgss jdk.unsupported jdk.unsupported.desktop jdk.xml.dom" 

Environment Variables:
PATH=C:\Program Files\Common Files\Oracle\Java\javapath;C:\WINDOWS\system32;C:\WINDOWS;C:\WINDOWS\System32\Wbem;C:\WINDOWS\System32\WindowsPowerShell\v1.0\;C:\WINDOWS\System32\OpenSSH\;C:\Program Files\Microsoft SQL Server\150\Tools\Binn\;C:\Program Files\nodejs\;C:\Users\Admin\AppData\Local\Microsoft\WindowsApps;C:\Users\Admin\AppData\Local\Programs\Microsoft VS Code\bin;C:\Users\Admin\AppData\Local\Programs\Antigravity\bin;C:\Users\Admin\AppData\Roaming\npm
USERNAME=Admin
OS=Windows_NT
PROCESSOR_IDENTIFIER=Intel64 Family 6 Model 42 Stepping 7, GenuineIntel
TMP=C:\Users\Admin\AppData\Local\Temp
TEMP=C:\Users\Admin\AppData\Local\Temp




Periodic native trim disabled

---------------  S Y S T E M  ---------------

OS:
 Windows 10 , 64 bit Build 19041 (10.0.19041.5915)
OS uptime: 0 days 10:56 hours

CPU: total 4 (initial active 4) (4 cores per cpu, 1 threads per core) family 6 model 42 stepping 7 microcode 0x2f, cx8, cmov, fxsr, mmx, sse, sse2, sse3, ssse3, sse4.1, sse4.2, popcnt, tsc, tscinvbit, avx, aes, clmul, vzeroupper, clflush, rdtscp
Processor Information for the first 4 processors :
  Max Mhz: 3301, Current Mhz: 3301, Mhz Limit: 3301

Memory: 4k page, system-wide physical 16337M (7587M free)
TotalPageFile size 20433M (AvailPageFile size 3M)
current process WorkingSet (physical memory assigned to process): 151M, peak: 156M
current process commit charge ("private bytes"): 273M, peak: 281M

vm_info: OpenJDK 64-Bit Server VM (21.0.9+10-LTS) for windows-amd64 JRE (21.0.9+10-LTS), built on 2025-10-21T00:00:00Z by "admin" with unknown MS VC++:1942

END.
