#
# There is insufficient memory for the Java Runtime Environment to continue.
# Native memory allocation (malloc) failed to allocate 774016 bytes. Error detail: Chunk::new
# Possible reasons:
#   The system is out of physical RAM or swap space
#   This process is running with CompressedOops enabled, and the Java Heap may be blocking the growth of the native heap
# Possible solutions:
#   Reduce memory load on the system
#   Increase physical memory or swap space
#   Check if swap backing store is full
#   Decrease Java heap size (-Xmx/-Xms)
#   Decrease number of Java threads
#   Decrease Java thread stack sizes (-Xss)
#   Set larger code cache with -XX:ReservedCodeCacheSize=
#   JVM is running with Unscaled Compressed Oops mode in which the Java heap is
#     placed in the first 4GB address space. The Java Heap base address is the
#     maximum limit for the native heap growth. Please use -XX:HeapBaseMinAddress
#     to set the Java Heap base and to place the Java Heap above 4GB virtual address.
# This output file may be truncated or incomplete.
#
#  Out of Memory Error (arena.cpp:168), pid=15480, tid=12176
#
# JRE version: OpenJDK Runtime Environment Temurin-21.0.9+10 (21.0.9+10) (build 21.0.9+10-LTS)
# Java VM: OpenJDK 64-Bit Server VM Temurin-21.0.9+10 (21.0.9+10-LTS, mixed mode, sharing, tiered, compressed oops, compressed class ptrs, parallel gc, windows-amd64)
# No core dump will be written. Minidumps are not enabled by default on client versions of Windows
#

---------------  S U M M A R Y ------------

Command Line: --add-modules=ALL-SYSTEM --add-opens=java.base/java.util=ALL-UNNAMED --add-opens=java.base/java.lang=ALL-UNNAMED --add-opens=java.base/sun.nio.fs=ALL-UNNAMED -Declipse.application=org.eclipse.jdt.ls.core.id1 -Dosgi.bundles.defaultStartLevel=4 -Declipse.product=org.eclipse.jdt.ls.core.product -Djava.import.generatesMetadataFilesAtProjectRoot=false -DDetectVMInstallationsJob.disabled=true -Dfile.encoding=utf8 -XX:+UseParallelGC -XX:GCTimeRatio=4 -XX:AdaptiveSizePolicyWeight=90 -Dsun.zip.disableMemoryMapping=true -Xmx2G -Xms100m -Xlog:disable -javaagent:c:\Users\Admin\.antigravity\extensions\redhat.java-1.50.0-win32-x64\lombok\lombok-1.18.39-4050.jar -XX:+HeapDumpOnOutOfMemoryError -XX:HeapDumpPath=c:\Users\Admin\AppData\Roaming\Antigravity\User\workspaceStorage\af1cb1524c391b6bf54d4a5b5d479961\redhat.java -Daether.dependencyCollector.impl=bf c:\Users\Admin\.antigravity\extensions\redhat.java-1.50.0-win32-x64\server\plugins\org.eclipse.equinox.launcher_1.7.100.v20251111-0406.jar -configuration c:\Users\Admin\AppData\Roaming\Antigravity\User\globalStorage\redhat.java\1.50.0\config_win -data c:\Users\Admin\AppData\Roaming\Antigravity\User\workspaceStorage\af1cb1524c391b6bf54d4a5b5d479961\redhat.java\jdt_ws --pipe=\\.\pipe\lsp-3437690c716c852fbb085b936a8f54df-sock

Host: Intel(R) Core(TM) i5-2500 CPU @ 3.30GHz, 4 cores, 15G,  Windows 10 , 64 bit Build 19041 (10.0.19041.5915)
Time: Thu Dec 18 20:57:29 2025 SE Asia Standard Time elapsed time: 9.044534 seconds (0d 0h 0m 9s)

---------------  T H R E A D  ---------------

Current thread (0x000001fe645d3dc0):  JavaThread "C2 CompilerThread1" daemon [_thread_in_native, id=12176, stack(0x0000007a0a300000,0x0000007a0a400000) (1024K)]


Current CompileTask:
C2:9044 4124   !   4       org.eclipse.osgi.internal.loader.classpath.ClasspathManager::findClassImpl (328 bytes)

Stack: [0x0000007a0a300000,0x0000007a0a400000]
Native frames: (J=compiled Java code, j=interpreted, Vv=VM code, C=native code)
V  [jvm.dll+0x6d6e29]
V  [jvm.dll+0x8b4b76]
V  [jvm.dll+0x8b712e]
V  [jvm.dll+0x8b7813]
V  [jvm.dll+0x283d86]
V  [jvm.dll+0xc66ed]
V  [jvm.dll+0xc6c31]
V  [jvm.dll+0x2facee]
V  [jvm.dll+0x5fde44]
V  [jvm.dll+0x255557]
V  [jvm.dll+0x25591d]
V  [jvm.dll+0x24df40]
V  [jvm.dll+0x24b482]
V  [jvm.dll+0x1cb13e]
V  [jvm.dll+0x25b29d]
V  [jvm.dll+0x25982a]
V  [jvm.dll+0x3f7ea6]
V  [jvm.dll+0x85e9ad]
V  [jvm.dll+0x6d565d]
C  [ucrtbase.dll+0x21bb2]
C  [KERNEL32.DLL+0x17374]
C  [ntdll.dll+0x4cc91]


---------------  P R O C E S S  ---------------

Threads class SMR info:
_java_thread_list=0x000001fe63f0cb20, length=25, elements={
0x000001fe0613cc10, 0x000001fe1cb280b0, 0x000001fe1cb29540, 0x000001fe1cb2cc60,
0x000001fe1cb2d8b0, 0x000001fe1cb30410, 0x000001fe1cb30e60, 0x000001fe1cb31c90,
0x000001fe1cba88a0, 0x000001fe5e9aa960, 0x000001fe5eb270a0, 0x000001fe633c2d50,
0x000001fe6386b3b0, 0x000001fe6385bfd0, 0x000001fe631c1df0, 0x000001fe6382f190,
0x000001fe63b2e710, 0x000001fe638853e0, 0x000001fe63778da0, 0x000001fe6422a510,
0x000001fe6422aba0, 0x000001fe6422cc70, 0x000001fe6422bf50, 0x000001fe6422b230,
0x000001fe645d3dc0
}

Java Threads: ( => current thread )
  0x000001fe0613cc10 JavaThread "main"                              [_thread_blocked, id=7284, stack(0x0000007a08800000,0x0000007a08900000) (1024K)]
  0x000001fe1cb280b0 JavaThread "Reference Handler"          daemon [_thread_blocked, id=11172, stack(0x0000007a08c00000,0x0000007a08d00000) (1024K)]
  0x000001fe1cb29540 JavaThread "Finalizer"                  daemon [_thread_blocked, id=2952, stack(0x0000007a08d00000,0x0000007a08e00000) (1024K)]
  0x000001fe1cb2cc60 JavaThread "Signal Dispatcher"          daemon [_thread_blocked, id=8512, stack(0x0000007a08e00000,0x0000007a08f00000) (1024K)]
  0x000001fe1cb2d8b0 JavaThread "Attach Listener"            daemon [_thread_blocked, id=18312, stack(0x0000007a08f00000,0x0000007a09000000) (1024K)]
  0x000001fe1cb30410 JavaThread "Service Thread"             daemon [_thread_blocked, id=15448, stack(0x0000007a09000000,0x0000007a09100000) (1024K)]
  0x000001fe1cb30e60 JavaThread "Monitor Deflation Thread"   daemon [_thread_blocked, id=19160, stack(0x0000007a09100000,0x0000007a09200000) (1024K)]
  0x000001fe1cb31c90 JavaThread "C2 CompilerThread0"         daemon [_thread_in_native, id=14504, stack(0x0000007a09200000,0x0000007a09300000) (1024K)]
  0x000001fe1cba88a0 JavaThread "C1 CompilerThread0"         daemon [_thread_in_vm, id=11676, stack(0x0000007a09300000,0x0000007a09400000) (1024K)]
  0x000001fe5e9aa960 JavaThread "Common-Cleaner"             daemon [_thread_blocked, id=16924, stack(0x0000007a09500000,0x0000007a09600000) (1024K)]
  0x000001fe5eb270a0 JavaThread "Notification Thread"        daemon [_thread_blocked, id=4048, stack(0x0000007a09600000,0x0000007a09700000) (1024K)]
  0x000001fe633c2d50 JavaThread "Active Thread: Equinox Container: 62bd9be8-3bc1-46b4-85ff-e959ed54832e"        [_thread_blocked, id=12608, stack(0x0000007a09a00000,0x0000007a09b00000) (1024K)]
  0x000001fe6386b3b0 JavaThread "Refresh Thread: Equinox Container: 62bd9be8-3bc1-46b4-85ff-e959ed54832e" daemon [_thread_blocked, id=7352, stack(0x0000007a09b00000,0x0000007a09c00000) (1024K)]
  0x000001fe6385bfd0 JavaThread "Framework Event Dispatcher: Equinox Container: 62bd9be8-3bc1-46b4-85ff-e959ed54832e" daemon [_thread_blocked, id=14736, stack(0x0000007a09c00000,0x0000007a09d00000) (1024K)]
  0x000001fe631c1df0 JavaThread "Start Level: Equinox Container: 62bd9be8-3bc1-46b4-85ff-e959ed54832e" daemon [_thread_in_vm, id=15404, stack(0x0000007a09900000,0x0000007a09a00000) (1024K)]
  0x000001fe6382f190 JavaThread "Bundle File Closer"         daemon [_thread_blocked, id=15580, stack(0x0000007a09d00000,0x0000007a09e00000) (1024K)]
  0x000001fe63b2e710 JavaThread "SCR Component Actor"        daemon [_thread_blocked, id=5644, stack(0x0000007a09e00000,0x0000007a09f00000) (1024K)]
  0x000001fe638853e0 JavaThread "Worker-JM"                         [_thread_blocked, id=7832, stack(0x0000007a0a000000,0x0000007a0a100000) (1024K)]
  0x000001fe63778da0 JavaThread "JNA Cleaner"                daemon [_thread_blocked, id=14044, stack(0x0000007a09f00000,0x0000007a0a000000) (1024K)]
  0x000001fe6422a510 JavaThread "Worker-0"                          [_thread_blocked, id=12340, stack(0x0000007a0a100000,0x0000007a0a200000) (1024K)]
  0x000001fe6422aba0 JavaThread "Worker-1: Updating Maven Dependencies"        [_thread_in_Java, id=12228, stack(0x0000007a0a200000,0x0000007a0a300000) (1024K)]
  0x000001fe6422cc70 JavaThread "Java indexing"              daemon [_thread_blocked, id=16020, stack(0x0000007a0a400000,0x0000007a0a500000) (1024K)]
  0x000001fe6422bf50 JavaThread "Worker-2: Repository registry initialization"        [_thread_blocked, id=14632, stack(0x0000007a0a500000,0x0000007a0a600000) (1024K)]
  0x000001fe6422b230 JavaThread "Worker-3"                          [_thread_blocked, id=10772, stack(0x0000007a0a600000,0x0000007a0a700000) (1024K)]
=>0x000001fe645d3dc0 JavaThread "C2 CompilerThread1"         daemon [_thread_in_native, id=12176, stack(0x0000007a0a300000,0x0000007a0a400000) (1024K)]
Total: 25

Other Threads:
  0x000001fe1cb0ae60 VMThread "VM Thread"                           [id=11220, stack(0x0000007a08b00000,0x0000007a08c00000) (1024K)]
  0x000001fe06203d70 WatcherThread "VM Periodic Task Thread"        [id=4376, stack(0x0000007a08a00000,0x0000007a08b00000) (1024K)]
  0x000001fe0615a970 WorkerThread "GC Thread#0"                     [id=19152, stack(0x0000007a08900000,0x0000007a08a00000) (1024K)]
  0x000001fe6324ec40 WorkerThread "GC Thread#1"                     [id=10364, stack(0x0000007a09400000,0x0000007a09500000) (1024K)]
  0x000001fe6314f420 WorkerThread "GC Thread#2"                     [id=1076, stack(0x0000007a09700000,0x0000007a09800000) (1024K)]
  0x000001fe635b3090 WorkerThread "GC Thread#3"                     [id=5784, stack(0x0000007a09800000,0x0000007a09900000) (1024K)]
Total: 6

Threads with active compile tasks:
C2 CompilerThread0  9065 4058       4       org.eclipse.osgi.internal.serviceregistry.ServiceRegistry::notifyHooksPrivileged (57 bytes)
C1 CompilerThread0  9065 4211  s    1       java.util.Vector::size (5 bytes)
C2 CompilerThread1  9065 4124   !   4       org.eclipse.osgi.internal.loader.classpath.ClasspathManager::findClassImpl (328 bytes)
Total: 3

VM state: not at safepoint (normal execution)

VM Mutex/Monitor currently owned by a thread: None

Heap address: 0x0000000080000000, size: 2048 MB, Compressed Oops mode: 32-bit

CDS archive(s) mapped at: [0x000001fe1d000000-0x000001fe1dba0000-0x000001fe1dba0000), size 12189696, SharedBaseAddress: 0x000001fe1d000000, ArchiveRelocationMode: 1.
Compressed class space mapped at: 0x000001fe1e000000-0x000001fe5e000000, reserved size: 1073741824
Narrow klass base: 0x000001fe1d000000, Narrow klass shift: 0, Narrow klass range: 0x100000000

GC Precious Log:
 CardTable entry size: 512
 CPUs: 4 total, 4 available
 Memory: 16337M
 Large Page Support: Disabled
 NUMA Support: Disabled
 Compressed Oops: Enabled (32-bit)
 Alignments: Space 512K, Generation 512K, Heap 2M
 Heap Min Capacity: 100M
 Heap Initial Capacity: 100M
 Heap Max Capacity: 2G
 Pre-touch: Disabled
 Parallel Workers: 4

Heap:
 PSYoungGen      total 25088K, used 16726K [0x00000000d5580000, 0x00000000d7300000, 0x0000000100000000)
  eden space 23040K, 63% used [0x00000000d5580000,0x00000000d63d6f18,0x00000000d6c00000)
  from space 2048K, 99% used [0x00000000d7100000,0x00000000d72fea48,0x00000000d7300000)
  to   space 3584K, 0% used [0x00000000d6c00000,0x00000000d6c00000,0x00000000d6f80000)
 ParOldGen       total 68608K, used 14592K [0x0000000080000000, 0x0000000084300000, 0x00000000d5580000)
  object space 68608K, 21% used [0x0000000080000000,0x0000000080e40080,0x0000000084300000)
 Metaspace       used 30645K, committed 31616K, reserved 1114112K
  class space    used 3059K, committed 3456K, reserved 1048576K

Card table byte_map: [0x000001fe05b20000,0x000001fe05f30000] _byte_map_base: 0x000001fe05720000

Marking Bits: (ParMarkBitMap*) 0x00007ff8e4662460
 Begin Bits: [0x000001fe18600000, 0x000001fe1a600000)
 End Bits:   [0x000001fe1a600000, 0x000001fe1c600000)

Polling page: 0x000001fe05910000

Metaspace:

Usage:
  Non-class:     26.94 MB used.
      Class:      2.99 MB used.
       Both:     29.93 MB used.

Virtual space:
  Non-class space:       64.00 MB reserved,      27.50 MB ( 43%) committed,  1 nodes.
      Class space:        1.00 GB reserved,       3.38 MB ( <1%) committed,  1 nodes.
             Both:        1.06 GB reserved,      30.88 MB (  3%) committed. 

Chunk freelists:
   Non-Class:  4.47 MB
       Class:  12.44 MB
        Both:  16.91 MB

MaxMetaspaceSize: unlimited
CompressedClassSpaceSize: 1.00 GB
Initial GC threshold: 21.00 MB
Current GC threshold: 35.00 MB
CDS: on
 - commit_granule_bytes: 65536.
 - commit_granule_words: 8192.
 - virtual_space_node_default_size: 8388608.
 - enlarge_chunks_in_place: 1.
 - use_allocation_guard: 0.


Internal statistics:

num_allocs_failed_limit: 3.
num_arena_births: 710.
num_arena_deaths: 14.
num_vsnodes_births: 2.
num_vsnodes_deaths: 0.
num_space_committed: 494.
num_space_uncommitted: 0.
num_chunks_returned_to_freelist: 17.
num_chunks_taken_from_freelist: 1930.
num_chunk_merges: 9.
num_chunk_splits: 1238.
num_chunks_enlarged: 797.
num_inconsistent_stats: 0.

CodeHeap 'non-profiled nmethods': size=120000Kb used=1992Kb max_used=1992Kb free=118007Kb
 bounds [0x000001fe10e20000, 0x000001fe11090000, 0x000001fe18350000]
CodeHeap 'profiled nmethods': size=120000Kb used=8774Kb max_used=8774Kb free=111225Kb
 bounds [0x000001fe09350000, 0x000001fe09bf0000, 0x000001fe10880000]
CodeHeap 'non-nmethods': size=5760Kb used=1338Kb max_used=1376Kb free=4421Kb
 bounds [0x000001fe10880000, 0x000001fe10af0000, 0x000001fe10e20000]
CodeCache: size=245760Kb, used=12104Kb, max_used=12142Kb, free=233653Kb
 total_blobs=4830, nmethods=4198, adapters=538, full_count=0
Compilation: enabled, stopped_count=0, restarted_count=0

Compilation events (20 events):
Event: 9.033 Thread 0x000001fe1cba88a0 4195       3       java.io.StringWriter::write (11 bytes)
Event: 9.033 Thread 0x000001fe1cba88a0 nmethod 4195 0x000001fe09bd8610 code [0x000001fe09bd87c0, 0x000001fe09bd8a78]
Event: 9.034 Thread 0x000001fe1cba88a0 4196       3       com.sun.org.apache.xml.internal.serializer.ToStream::escapingNotNeeded (51 bytes)
Event: 9.034 Thread 0x000001fe1cba88a0 nmethod 4196 0x000001fe09bd8b90 code [0x000001fe09bd8d60, 0x000001fe09bd9118]
Event: 9.034 Thread 0x000001fe1cba88a0 4197       3       com.sun.org.apache.xml.internal.serializer.CharInfo::isSpecialAttrChar (20 bytes)
Event: 9.034 Thread 0x000001fe1cba88a0 nmethod 4197 0x000001fe09bd9290 code [0x000001fe09bd9440, 0x000001fe09bd9608]
Event: 9.034 Thread 0x000001fe1cba88a0 4198       1       com.sun.org.apache.xerces.internal.dom.NodeImpl::getNamespaceURI (2 bytes)
Event: 9.034 Thread 0x000001fe1cba88a0 nmethod 4198 0x000001fe11011110 code [0x000001fe110112a0, 0x000001fe11011370]
Event: 9.034 Thread 0x000001fe1cba88a0 4199       2       java.io.StringWriter::write (10 bytes)
Event: 9.034 Thread 0x000001fe1cba88a0 nmethod 4199 0x000001fe09bd9710 code [0x000001fe09bd98c0, 0x000001fe09bd9af8]
Event: 9.038 Thread 0x000001fe1cba88a0 4200       2       com.sun.org.apache.xerces.internal.impl.XMLScanner::isValidNameStartChar (5 bytes)
Event: 9.038 Thread 0x000001fe1cba88a0 nmethod 4200 0x000001fe09bd9c10 code [0x000001fe09bd9da0, 0x000001fe09bd9f08]
Event: 9.038 Thread 0x000001fe1cba88a0 4201       2       com.sun.org.apache.xerces.internal.util.SymbolTable::addSymbol0 (103 bytes)
Event: 9.039 Thread 0x000001fe1cba88a0 nmethod 4201 0x000001fe09bda010 code [0x000001fe09bda220, 0x000001fe09bda740]
Event: 9.039 Thread 0x000001fe1cba88a0 4202       2       com.sun.org.apache.xerces.internal.xni.XMLString::toString (32 bytes)
Event: 9.039 Thread 0x000001fe1cba88a0 nmethod 4202 0x000001fe09bdaa90 code [0x000001fe09bdac40, 0x000001fe09bdae20]
Event: 9.039 Thread 0x000001fe1cba88a0 4203       2       com.sun.org.apache.xerces.internal.impl.XMLEntityScanner::skipString (122 bytes)
Event: 9.040 Thread 0x000001fe1cba88a0 nmethod 4203 0x000001fe09bdaf10 code [0x000001fe09bdb100, 0x000001fe09bdb510]
Event: 9.040 Thread 0x000001fe1cba88a0 4204       2       com.sun.org.apache.xerces.internal.dom.DeferredDocumentImpl::setChunkValue (80 bytes)
Event: 9.040 Thread 0x000001fe1cba88a0 nmethod 4204 0x000001fe09bdb890 code [0x000001fe09bdba80, 0x000001fe09bdbfd0]

GC Heap History (20 events):
Event: 3.123 GC heap before
{Heap before GC invocations=2 (full 0):
 PSYoungGen      total 29696K, used 28880K [0x00000000d5580000, 0x00000000d7680000, 0x0000000100000000)
  eden space 25600K, 100% used [0x00000000d5580000,0x00000000d6e80000,0x00000000d6e80000)
  from space 4096K, 80% used [0x00000000d6e80000,0x00000000d71b4148,0x00000000d7280000)
  to   space 4096K, 0% used [0x00000000d7280000,0x00000000d7280000,0x00000000d7680000)
 ParOldGen       total 68608K, used 0K [0x0000000080000000, 0x0000000084300000, 0x00000000d5580000)
  object space 68608K, 0% used [0x0000000080000000,0x0000000080000000,0x0000000084300000)
 Metaspace       used 8093K, committed 8384K, reserved 1114112K
  class space    used 845K, committed 960K, reserved 1048576K
}
Event: 3.129 GC heap after
{Heap after GC invocations=2 (full 0):
 PSYoungGen      total 29696K, used 4070K [0x00000000d5580000, 0x00000000d7680000, 0x0000000100000000)
  eden space 25600K, 0% used [0x00000000d5580000,0x00000000d5580000,0x00000000d6e80000)
  from space 4096K, 99% used [0x00000000d7280000,0x00000000d7679800,0x00000000d7680000)
  to   space 4096K, 0% used [0x00000000d6e80000,0x00000000d6e80000,0x00000000d7280000)
 ParOldGen       total 68608K, used 1732K [0x0000000080000000, 0x0000000084300000, 0x00000000d5580000)
  object space 68608K, 2% used [0x0000000080000000,0x00000000801b11b8,0x0000000084300000)
 Metaspace       used 8093K, committed 8384K, reserved 1114112K
  class space    used 845K, committed 960K, reserved 1048576K
}
Event: 4.252 GC heap before
{Heap before GC invocations=3 (full 0):
 PSYoungGen      total 29696K, used 29670K [0x00000000d5580000, 0x00000000d7680000, 0x0000000100000000)
  eden space 25600K, 100% used [0x00000000d5580000,0x00000000d6e80000,0x00000000d6e80000)
  from space 4096K, 99% used [0x00000000d7280000,0x00000000d7679800,0x00000000d7680000)
  to   space 4096K, 0% used [0x00000000d6e80000,0x00000000d6e80000,0x00000000d7280000)
 ParOldGen       total 68608K, used 1732K [0x0000000080000000, 0x0000000084300000, 0x00000000d5580000)
  object space 68608K, 2% used [0x0000000080000000,0x00000000801b11b8,0x0000000084300000)
 Metaspace       used 9432K, committed 9728K, reserved 1114112K
  class space    used 1004K, committed 1152K, reserved 1048576K
}
Event: 4.256 GC heap after
{Heap after GC invocations=3 (full 0):
 PSYoungGen      total 29696K, used 4082K [0x00000000d5580000, 0x00000000d7680000, 0x0000000100000000)
  eden space 25600K, 0% used [0x00000000d5580000,0x00000000d5580000,0x00000000d6e80000)
  from space 4096K, 99% used [0x00000000d6e80000,0x00000000d727c888,0x00000000d7280000)
  to   space 4096K, 0% used [0x00000000d7280000,0x00000000d7280000,0x00000000d7680000)
 ParOldGen       total 68608K, used 5049K [0x0000000080000000, 0x0000000084300000, 0x00000000d5580000)
  object space 68608K, 7% used [0x0000000080000000,0x00000000804ee5b0,0x0000000084300000)
 Metaspace       used 9432K, committed 9728K, reserved 1114112K
  class space    used 1004K, committed 1152K, reserved 1048576K
}
Event: 4.959 GC heap before
{Heap before GC invocations=4 (full 0):
 PSYoungGen      total 29696K, used 29682K [0x00000000d5580000, 0x00000000d7680000, 0x0000000100000000)
  eden space 25600K, 100% used [0x00000000d5580000,0x00000000d6e80000,0x00000000d6e80000)
  from space 4096K, 99% used [0x00000000d6e80000,0x00000000d727c888,0x00000000d7280000)
  to   space 4096K, 0% used [0x00000000d7280000,0x00000000d7280000,0x00000000d7680000)
 ParOldGen       total 68608K, used 5049K [0x0000000080000000, 0x0000000084300000, 0x00000000d5580000)
  object space 68608K, 7% used [0x0000000080000000,0x00000000804ee5b0,0x0000000084300000)
 Metaspace       used 12292K, committed 12736K, reserved 1114112K
  class space    used 1311K, committed 1472K, reserved 1048576K
}
Event: 4.963 GC heap after
{Heap after GC invocations=4 (full 0):
 PSYoungGen      total 29696K, used 4088K [0x00000000d5580000, 0x00000000d7680000, 0x0000000100000000)
  eden space 25600K, 0% used [0x00000000d5580000,0x00000000d5580000,0x00000000d6e80000)
  from space 4096K, 99% used [0x00000000d7280000,0x00000000d767e2e0,0x00000000d7680000)
  to   space 4096K, 0% used [0x00000000d6e80000,0x00000000d6e80000,0x00000000d7280000)
 ParOldGen       total 68608K, used 6168K [0x0000000080000000, 0x0000000084300000, 0x00000000d5580000)
  object space 68608K, 8% used [0x0000000080000000,0x0000000080606248,0x0000000084300000)
 Metaspace       used 12292K, committed 12736K, reserved 1114112K
  class space    used 1311K, committed 1472K, reserved 1048576K
}
Event: 5.644 GC heap before
{Heap before GC invocations=5 (full 0):
 PSYoungGen      total 29696K, used 29688K [0x00000000d5580000, 0x00000000d7680000, 0x0000000100000000)
  eden space 25600K, 100% used [0x00000000d5580000,0x00000000d6e80000,0x00000000d6e80000)
  from space 4096K, 99% used [0x00000000d7280000,0x00000000d767e2e0,0x00000000d7680000)
  to   space 4096K, 0% used [0x00000000d6e80000,0x00000000d6e80000,0x00000000d7280000)
 ParOldGen       total 68608K, used 6168K [0x0000000080000000, 0x0000000084300000, 0x00000000d5580000)
  object space 68608K, 8% used [0x0000000080000000,0x0000000080606248,0x0000000084300000)
 Metaspace       used 16116K, committed 16704K, reserved 1114112K
  class space    used 1669K, committed 1984K, reserved 1048576K
}
Event: 5.649 GC heap after
{Heap after GC invocations=5 (full 0):
 PSYoungGen      total 29184K, used 4079K [0x00000000d5580000, 0x00000000d7b00000, 0x0000000100000000)
  eden space 25088K, 0% used [0x00000000d5580000,0x00000000d5580000,0x00000000d6e00000)
  from space 4096K, 99% used [0x00000000d6e80000,0x00000000d727bec8,0x00000000d7280000)
  to   space 6656K, 0% used [0x00000000d7480000,0x00000000d7480000,0x00000000d7b00000)
 ParOldGen       total 68608K, used 8309K [0x0000000080000000, 0x0000000084300000, 0x00000000d5580000)
  object space 68608K, 12% used [0x0000000080000000,0x000000008081d540,0x0000000084300000)
 Metaspace       used 16116K, committed 16704K, reserved 1114112K
  class space    used 1669K, committed 1984K, reserved 1048576K
}
Event: 6.574 GC heap before
{Heap before GC invocations=6 (full 0):
 PSYoungGen      total 29184K, used 29167K [0x00000000d5580000, 0x00000000d7b00000, 0x0000000100000000)
  eden space 25088K, 100% used [0x00000000d5580000,0x00000000d6e00000,0x00000000d6e00000)
  from space 4096K, 99% used [0x00000000d6e80000,0x00000000d727bec8,0x00000000d7280000)
  to   space 6656K, 0% used [0x00000000d7480000,0x00000000d7480000,0x00000000d7b00000)
 ParOldGen       total 68608K, used 8309K [0x0000000080000000, 0x0000000084300000, 0x00000000d5580000)
  object space 68608K, 12% used [0x0000000080000000,0x000000008081d540,0x0000000084300000)
 Metaspace       used 18985K, committed 19776K, reserved 1114112K
  class space    used 2001K, committed 2304K, reserved 1048576K
}
Event: 6.578 GC heap after
{Heap after GC invocations=6 (full 0):
 PSYoungGen      total 29696K, used 4727K [0x00000000d5580000, 0x00000000d7980000, 0x0000000100000000)
  eden space 24576K, 0% used [0x00000000d5580000,0x00000000d5580000,0x00000000d6d80000)
  from space 5120K, 92% used [0x00000000d7480000,0x00000000d791df90,0x00000000d7980000)
  to   space 5632K, 0% used [0x00000000d6e80000,0x00000000d6e80000,0x00000000d7400000)
 ParOldGen       total 68608K, used 8317K [0x0000000080000000, 0x0000000084300000, 0x00000000d5580000)
  object space 68608K, 12% used [0x0000000080000000,0x000000008081f540,0x0000000084300000)
 Metaspace       used 18985K, committed 19776K, reserved 1114112K
  class space    used 2001K, committed 2304K, reserved 1048576K
}
Event: 6.860 GC heap before
{Heap before GC invocations=7 (full 0):
 PSYoungGen      total 29696K, used 21667K [0x00000000d5580000, 0x00000000d7980000, 0x0000000100000000)
  eden space 24576K, 68% used [0x00000000d5580000,0x00000000d660b020,0x00000000d6d80000)
  from space 5120K, 92% used [0x00000000d7480000,0x00000000d791df90,0x00000000d7980000)
  to   space 5632K, 0% used [0x00000000d6e80000,0x00000000d6e80000,0x00000000d7400000)
 ParOldGen       total 68608K, used 8317K [0x0000000080000000, 0x0000000084300000, 0x00000000d5580000)
  object space 68608K, 12% used [0x0000000080000000,0x000000008081f540,0x0000000084300000)
 Metaspace       used 20713K, committed 21504K, reserved 1114112K
  class space    used 2196K, committed 2560K, reserved 1048576K
}
Event: 6.865 GC heap after
{Heap after GC invocations=7 (full 0):
 PSYoungGen      total 28672K, used 4015K [0x00000000d5580000, 0x00000000d7680000, 0x0000000100000000)
  eden space 24576K, 0% used [0x00000000d5580000,0x00000000d5580000,0x00000000d6d80000)
  from space 4096K, 98% used [0x00000000d6e80000,0x00000000d726bc30,0x00000000d7280000)
  to   space 4096K, 0% used [0x00000000d7280000,0x00000000d7280000,0x00000000d7680000)
 ParOldGen       total 68608K, used 9821K [0x0000000080000000, 0x0000000084300000, 0x00000000d5580000)
  object space 68608K, 14% used [0x0000000080000000,0x0000000080997700,0x0000000084300000)
 Metaspace       used 20713K, committed 21504K, reserved 1114112K
  class space    used 2196K, committed 2560K, reserved 1048576K
}
Event: 6.865 GC heap before
{Heap before GC invocations=8 (full 1):
 PSYoungGen      total 28672K, used 4015K [0x00000000d5580000, 0x00000000d7680000, 0x0000000100000000)
  eden space 24576K, 0% used [0x00000000d5580000,0x00000000d5580000,0x00000000d6d80000)
  from space 4096K, 98% used [0x00000000d6e80000,0x00000000d726bc30,0x00000000d7280000)
  to   space 4096K, 0% used [0x00000000d7280000,0x00000000d7280000,0x00000000d7680000)
 ParOldGen       total 68608K, used 9821K [0x0000000080000000, 0x0000000084300000, 0x00000000d5580000)
  object space 68608K, 14% used [0x0000000080000000,0x0000000080997700,0x0000000084300000)
 Metaspace       used 20713K, committed 21504K, reserved 1114112K
  class space    used 2196K, committed 2560K, reserved 1048576K
}
Event: 6.900 GC heap after
{Heap after GC invocations=8 (full 1):
 PSYoungGen      total 28672K, used 0K [0x00000000d5580000, 0x00000000d7680000, 0x0000000100000000)
  eden space 24576K, 0% used [0x00000000d5580000,0x00000000d5580000,0x00000000d6d80000)
  from space 4096K, 0% used [0x00000000d6e80000,0x00000000d6e80000,0x00000000d7280000)
  to   space 4096K, 0% used [0x00000000d7280000,0x00000000d7280000,0x00000000d7680000)
 ParOldGen       total 68608K, used 13274K [0x0000000080000000, 0x0000000084300000, 0x00000000d5580000)
  object space 68608K, 19% used [0x0000000080000000,0x0000000080cf6818,0x0000000084300000)
 Metaspace       used 20700K, committed 21504K, reserved 1114112K
  class space    used 2192K, committed 2560K, reserved 1048576K
}
Event: 7.169 GC heap before
{Heap before GC invocations=9 (full 1):
 PSYoungGen      total 28672K, used 24576K [0x00000000d5580000, 0x00000000d7680000, 0x0000000100000000)
  eden space 24576K, 100% used [0x00000000d5580000,0x00000000d6d80000,0x00000000d6d80000)
  from space 4096K, 0% used [0x00000000d6e80000,0x00000000d6e80000,0x00000000d7280000)
  to   space 4096K, 0% used [0x00000000d7280000,0x00000000d7280000,0x00000000d7680000)
 ParOldGen       total 68608K, used 13274K [0x0000000080000000, 0x0000000084300000, 0x00000000d5580000)
  object space 68608K, 19% used [0x0000000080000000,0x0000000080cf6818,0x0000000084300000)
 Metaspace       used 23227K, committed 24128K, reserved 1114112K
  class space    used 2357K, committed 2752K, reserved 1048576K
}
Event: 7.170 GC heap after
{Heap after GC invocations=9 (full 1):
 PSYoungGen      total 25088K, used 830K [0x00000000d5580000, 0x00000000d7380000, 0x0000000100000000)
  eden space 24064K, 0% used [0x00000000d5580000,0x00000000d5580000,0x00000000d6d00000)
  from space 1024K, 81% used [0x00000000d7280000,0x00000000d734fbf8,0x00000000d7380000)
  to   space 2560K, 0% used [0x00000000d6e80000,0x00000000d6e80000,0x00000000d7100000)
 ParOldGen       total 68608K, used 13282K [0x0000000080000000, 0x0000000084300000, 0x00000000d5580000)
  object space 68608K, 19% used [0x0000000080000000,0x0000000080cf8818,0x0000000084300000)
 Metaspace       used 23227K, committed 24128K, reserved 1114112K
  class space    used 2357K, committed 2752K, reserved 1048576K
}
Event: 7.491 GC heap before
{Heap before GC invocations=10 (full 1):
 PSYoungGen      total 25088K, used 24894K [0x00000000d5580000, 0x00000000d7380000, 0x0000000100000000)
  eden space 24064K, 100% used [0x00000000d5580000,0x00000000d6d00000,0x00000000d6d00000)
  from space 1024K, 81% used [0x00000000d7280000,0x00000000d734fbf8,0x00000000d7380000)
  to   space 2560K, 0% used [0x00000000d6e80000,0x00000000d6e80000,0x00000000d7100000)
 ParOldGen       total 68608K, used 13282K [0x0000000080000000, 0x0000000084300000, 0x00000000d5580000)
  object space 68608K, 19% used [0x0000000080000000,0x0000000080cf8818,0x0000000084300000)
 Metaspace       used 26424K, committed 27264K, reserved 1114112K
  class space    used 2600K, committed 2944K, reserved 1048576K
}
Event: 7.493 GC heap after
{Heap after GC invocations=10 (full 1):
 PSYoungGen      total 26112K, used 2463K [0x00000000d5580000, 0x00000000d7300000, 0x0000000100000000)
  eden space 23552K, 0% used [0x00000000d5580000,0x00000000d5580000,0x00000000d6c80000)
  from space 2560K, 96% used [0x00000000d6e80000,0x00000000d70e7ef0,0x00000000d7100000)
  to   space 2048K, 0% used [0x00000000d7100000,0x00000000d7100000,0x00000000d7300000)
 ParOldGen       total 68608K, used 13290K [0x0000000080000000, 0x0000000084300000, 0x00000000d5580000)
  object space 68608K, 19% used [0x0000000080000000,0x0000000080cfa818,0x0000000084300000)
 Metaspace       used 26424K, committed 27264K, reserved 1114112K
  class space    used 2600K, committed 2944K, reserved 1048576K
}
Event: 8.836 GC heap before
{Heap before GC invocations=11 (full 1):
 PSYoungGen      total 26112K, used 26015K [0x00000000d5580000, 0x00000000d7300000, 0x0000000100000000)
  eden space 23552K, 100% used [0x00000000d5580000,0x00000000d6c80000,0x00000000d6c80000)
  from space 2560K, 96% used [0x00000000d6e80000,0x00000000d70e7ef0,0x00000000d7100000)
  to   space 2048K, 0% used [0x00000000d7100000,0x00000000d7100000,0x00000000d7300000)
 ParOldGen       total 68608K, used 13290K [0x0000000080000000, 0x0000000084300000, 0x00000000d5580000)
  object space 68608K, 19% used [0x0000000080000000,0x0000000080cfa818,0x0000000084300000)
 Metaspace       used 28464K, committed 29440K, reserved 1114112K
  class space    used 2790K, committed 3200K, reserved 1048576K
}
Event: 8.838 GC heap after
{Heap after GC invocations=11 (full 1):
 PSYoungGen      total 25088K, used 2042K [0x00000000d5580000, 0x00000000d7300000, 0x0000000100000000)
  eden space 23040K, 0% used [0x00000000d5580000,0x00000000d5580000,0x00000000d6c00000)
  from space 2048K, 99% used [0x00000000d7100000,0x00000000d72fea48,0x00000000d7300000)
  to   space 3584K, 0% used [0x00000000d6c00000,0x00000000d6c00000,0x00000000d6f80000)
 ParOldGen       total 68608K, used 14592K [0x0000000080000000, 0x0000000084300000, 0x00000000d5580000)
  object space 68608K, 21% used [0x0000000080000000,0x0000000080e40080,0x0000000084300000)
 Metaspace       used 28464K, committed 29440K, reserved 1114112K
  class space    used 2790K, committed 3200K, reserved 1048576K
}

Dll operation events (10 events):
Event: 0.007 Loaded shared library c:\Users\Admin\.antigravity\extensions\redhat.java-1.50.0-win32-x64\jre\21.0.9-win32-x86_64\bin\java.dll
Event: 0.275 Loaded shared library c:\Users\Admin\.antigravity\extensions\redhat.java-1.50.0-win32-x64\jre\21.0.9-win32-x86_64\bin\zip.dll
Event: 0.296 Loaded shared library C:\Users\Admin\.antigravity\extensions\redhat.java-1.50.0-win32-x64\jre\21.0.9-win32-x86_64\bin\instrument.dll
Event: 0.302 Loaded shared library C:\Users\Admin\.antigravity\extensions\redhat.java-1.50.0-win32-x64\jre\21.0.9-win32-x86_64\bin\net.dll
Event: 0.304 Loaded shared library C:\Users\Admin\.antigravity\extensions\redhat.java-1.50.0-win32-x64\jre\21.0.9-win32-x86_64\bin\nio.dll
Event: 0.309 Loaded shared library C:\Users\Admin\.antigravity\extensions\redhat.java-1.50.0-win32-x64\jre\21.0.9-win32-x86_64\bin\zip.dll
Event: 0.353 Loaded shared library C:\Users\Admin\.antigravity\extensions\redhat.java-1.50.0-win32-x64\jre\21.0.9-win32-x86_64\bin\jimage.dll
Event: 0.565 Loaded shared library c:\Users\Admin\.antigravity\extensions\redhat.java-1.50.0-win32-x64\jre\21.0.9-win32-x86_64\bin\verify.dll
Event: 3.091 Loaded shared library C:\Users\Admin\AppData\Roaming\Antigravity\User\globalStorage\redhat.java\1.50.0\config_win\org.eclipse.equinox.launcher\org.eclipse.equinox.launcher.win32.win32.x86_64_1.2.1400.v20250801-0854\eclipse_11916.dll
Event: 5.771 Loaded shared library C:\Users\Admin\AppData\Local\Temp\jna-63116079\jna4030801762177297578.dll

Deoptimization events (20 events):
Event: 8.835 Thread 0x000001fe6422aba0 Uncommon trap: trap_request=0xffffffde fr.pc=0x000001fe10fd72b8 relative=0x00000000000000f8
Event: 8.835 Thread 0x000001fe6422aba0 Uncommon trap: reason=class_check action=maybe_recompile pc=0x000001fe10fd72b8 method=java.lang.Character.codePointAt(Ljava/lang/CharSequence;I)I @ 2 c2
Event: 8.835 Thread 0x000001fe6422aba0 DEOPT PACKING pc=0x000001fe10fd72b8 sp=0x0000007a0a2fe4e0
Event: 8.835 Thread 0x000001fe6422aba0 DEOPT UNPACKING pc=0x000001fe108d3aa2 sp=0x0000007a0a2fe468 mode 2
Event: 8.835 Thread 0x000001fe6422aba0 Uncommon trap: trap_request=0xffffffde fr.pc=0x000001fe10fd72b8 relative=0x00000000000000f8
Event: 8.835 Thread 0x000001fe6422aba0 Uncommon trap: reason=class_check action=maybe_recompile pc=0x000001fe10fd72b8 method=java.lang.Character.codePointAt(Ljava/lang/CharSequence;I)I @ 2 c2
Event: 8.835 Thread 0x000001fe6422aba0 DEOPT PACKING pc=0x000001fe10fd72b8 sp=0x0000007a0a2fe4e0
Event: 8.835 Thread 0x000001fe6422aba0 DEOPT UNPACKING pc=0x000001fe108d3aa2 sp=0x0000007a0a2fe468 mode 2
Event: 8.835 Thread 0x000001fe6422aba0 Uncommon trap: trap_request=0xffffffde fr.pc=0x000001fe10fd72b8 relative=0x00000000000000f8
Event: 8.835 Thread 0x000001fe6422aba0 Uncommon trap: reason=class_check action=maybe_recompile pc=0x000001fe10fd72b8 method=java.lang.Character.codePointAt(Ljava/lang/CharSequence;I)I @ 2 c2
Event: 8.835 Thread 0x000001fe6422aba0 DEOPT PACKING pc=0x000001fe10fd72b8 sp=0x0000007a0a2fe4e0
Event: 8.835 Thread 0x000001fe6422aba0 DEOPT UNPACKING pc=0x000001fe108d3aa2 sp=0x0000007a0a2fe468 mode 2
Event: 8.835 Thread 0x000001fe6422aba0 Uncommon trap: trap_request=0xffffffde fr.pc=0x000001fe10fd72b8 relative=0x00000000000000f8
Event: 8.835 Thread 0x000001fe6422aba0 Uncommon trap: reason=class_check action=maybe_recompile pc=0x000001fe10fd72b8 method=java.lang.Character.codePointAt(Ljava/lang/CharSequence;I)I @ 2 c2
Event: 8.835 Thread 0x000001fe6422aba0 DEOPT PACKING pc=0x000001fe10fd72b8 sp=0x0000007a0a2fe4e0
Event: 8.835 Thread 0x000001fe6422aba0 DEOPT UNPACKING pc=0x000001fe108d3aa2 sp=0x0000007a0a2fe468 mode 2
Event: 8.835 Thread 0x000001fe6422aba0 Uncommon trap: trap_request=0xffffff76 fr.pc=0x000001fe10fb6280 relative=0x0000000000000380
Event: 8.835 Thread 0x000001fe6422aba0 Uncommon trap: reason=predicate action=maybe_recompile pc=0x000001fe10fb6280 method=java.util.regex.Pattern$BmpCharPropertyGreedy.match(Ljava/util/regex/Matcher;ILjava/lang/CharSequence;)Z @ 12 c2
Event: 8.835 Thread 0x000001fe6422aba0 DEOPT PACKING pc=0x000001fe10fb6280 sp=0x0000007a0a2fe420
Event: 8.835 Thread 0x000001fe6422aba0 DEOPT UNPACKING pc=0x000001fe108d3aa2 sp=0x0000007a0a2fe3c8 mode 2

Classes loaded (20 events):
Event: 9.014 Loading class sun/nio/cs/KOI8_R
Event: 9.015 Loading class sun/nio/cs/KOI8_R done
Event: 9.028 Loading class com/sun/org/apache/xml/internal/serializer/NamespaceMappings
Event: 9.028 Loading class com/sun/org/apache/xml/internal/serializer/NamespaceMappings done
Event: 9.028 Loading class com/sun/org/apache/xml/internal/serializer/NamespaceMappings$MappingRecord
Event: 9.028 Loading class com/sun/org/apache/xml/internal/serializer/NamespaceMappings$MappingRecord done
Event: 9.029 Loading class javax/xml/transform/stream/StreamSource
Event: 9.029 Loading class javax/xml/transform/stream/StreamSource done
Event: 9.029 Loading class javax/xml/transform/sax/SAXSource
Event: 9.029 Loading class javax/xml/transform/sax/SAXSource done
Event: 9.029 Loading class javax/xml/transform/stax/StAXSource
Event: 9.029 Loading class javax/xml/transform/stax/StAXSource done
Event: 9.029 Loading class com/sun/org/apache/xalan/internal/xsltc/trax/DOM2TO
Event: 9.029 Loading class com/sun/org/apache/xalan/internal/xsltc/trax/DOM2TO done
Event: 9.035 Loading class com/sun/org/apache/xml/internal/serializer/WriterToUTF8Buffered
Event: 9.035 Loading class com/sun/org/apache/xml/internal/serializer/WriterChain
Event: 9.035 Loading class com/sun/org/apache/xml/internal/serializer/WriterChain done
Event: 9.035 Loading class com/sun/org/apache/xml/internal/serializer/WriterToUTF8Buffered done
Event: 9.035 Loading class com/sun/org/apache/xml/internal/serializer/WriterToASCI
Event: 9.035 Loading class com/sun/org/apache/xml/internal/serializer/WriterToASCI done

Classes unloaded (7 events):
Event: 6.871 Thread 0x000001fe1cb0ae60 Unloading class 0x000001fe1e1acc00 'java/lang/invoke/LambdaForm$MH+0x000001fe1e1acc00'
Event: 6.871 Thread 0x000001fe1cb0ae60 Unloading class 0x000001fe1e1ac800 'java/lang/invoke/LambdaForm$MH+0x000001fe1e1ac800'
Event: 6.871 Thread 0x000001fe1cb0ae60 Unloading class 0x000001fe1e1ac400 'java/lang/invoke/LambdaForm$MH+0x000001fe1e1ac400'
Event: 6.871 Thread 0x000001fe1cb0ae60 Unloading class 0x000001fe1e1ac000 'java/lang/invoke/LambdaForm$MH+0x000001fe1e1ac000'
Event: 6.871 Thread 0x000001fe1cb0ae60 Unloading class 0x000001fe1e1abc00 'java/lang/invoke/LambdaForm$BMH+0x000001fe1e1abc00'
Event: 6.871 Thread 0x000001fe1cb0ae60 Unloading class 0x000001fe1e1ab800 'java/lang/invoke/LambdaForm$DMH+0x000001fe1e1ab800'
Event: 6.871 Thread 0x000001fe1cb0ae60 Unloading class 0x000001fe1e1aa400 'java/lang/invoke/LambdaForm$DMH+0x000001fe1e1aa400'

Classes redefined (0 events):
No events

Internal exceptions (20 events):
Event: 6.930 Thread 0x000001fe631c1df0 Exception <a 'java/lang/NoSuchMethodError'{0x00000000d579dac0}: 'double java.lang.invoke.DirectMethodHandle$Holder.invokeStaticInit(java.lang.Object, java.lang.Object)'> (0x00000000d579dac0) 
thrown [s\src\hotspot\share\interpreter\linkResolver.cpp, line 773]
Event: 7.363 Thread 0x000001fe631c1df0 Implicit null exception at 0x000001fe10fdd0f5 to 0x000001fe10fdd1c4
Event: 7.776 Thread 0x000001fe631c1df0 Exception <a 'java/lang/ClassNotFoundException'{0x00000000d65c1bb0}: com/sun/org/apache/xerces/internal/impl/msg/spi/DOMMessagesProvider> (0x00000000d65c1bb0) 
thrown [s\src\hotspot\share\classfile\systemDictionary.cpp, line 312]
Event: 7.777 Thread 0x000001fe631c1df0 Exception <a 'java/lang/ClassNotFoundException'{0x00000000d65d3618}: com/sun/org/apache/xerces/internal/impl/msg/spi/XMLSerializerMessagesProvider> (0x00000000d65d3618) 
thrown [s\src\hotspot\share\classfile\systemDictionary.cpp, line 312]
Event: 7.778 Thread 0x000001fe631c1df0 Exception <a 'java/lang/ClassNotFoundException'{0x00000000d65e08e8}: com/sun/org/apache/xerces/internal/impl/msg/spi/XMLMessagesProvider> (0x00000000d65e08e8) 
thrown [s\src\hotspot\share\classfile\systemDictionary.cpp, line 312]
Event: 7.818 Thread 0x000001fe6422aba0 Exception <a 'java/lang/NoSuchMethodError'{0x00000000d6802c88}: 'java.lang.Object java.lang.invoke.DirectMethodHandle$Holder.invokeStaticInit(java.lang.Object, java.lang.Object, java.lang.Object, java.lang.Object, java.lang.Object, java.lang.Object, java.lang.Object)'> (0x00000000d6802c88) 
thrown [s\src\hotspot\share\interpreter\linkResolver.cpp, line 773]
Event: 7.819 Thread 0x000001fe6422aba0 Exception <a 'java/lang/NoSuchMethodError'{0x00000000d68076a8}: 'java.lang.Object java.lang.invoke.Invokers$Holder.invoke_MT(java.lang.Object, java.lang.Object, java.lang.Object, java.lang.Object, java.lang.Object, java.lang.Object, java.lang.Object, java.lang.Object, java.lang.Object)'> (0x00000000d68076a8) 
thrown [s\src\hotspot\share\interpreter\linkResolver.cpp, line 773]
Event: 7.827 Thread 0x000001fe6422aba0 Exception <a 'java/lang/NoSuchMethodError'{0x00000000d684fef0}: 'int java.lang.invoke.DirectMethodHandle$Holder.invokeVirtual(java.lang.Object, java.lang.Object, java.lang.Object)'> (0x00000000d684fef0) 
thrown [s\src\hotspot\share\interpreter\linkResolver.cpp, line 773]
Event: 7.830 Thread 0x000001fe6422aba0 Exception <a 'java/lang/NoSuchMethodError'{0x00000000d688b178}: 'int java.lang.invoke.DirectMethodHandle$Holder.invokeStaticInit(java.lang.Object, int, int)'> (0x00000000d688b178) 
thrown [s\src\hotspot\share\interpreter\linkResolver.cpp, line 773]
Event: 7.830 Thread 0x000001fe6422aba0 Exception <a 'java/lang/NoSuchMethodError'{0x00000000d689abc0}: 'int java.lang.invoke.DirectMethodHandle$Holder.invokeStaticInit(java.lang.Object, long, long)'> (0x00000000d689abc0) 
thrown [s\src\hotspot\share\interpreter\linkResolver.cpp, line 773]
Event: 7.831 Thread 0x000001fe6422aba0 Exception <a 'java/lang/NoSuchMethodError'{0x00000000d68a1a50}: 'int java.lang.invoke.DirectMethodHandle$Holder.invokeStaticInit(java.lang.Object, float, float)'> (0x00000000d68a1a50) 
thrown [s\src\hotspot\share\interpreter\linkResolver.cpp, line 773]
Event: 7.832 Thread 0x000001fe6422aba0 Exception <a 'java/lang/NoSuchMethodError'{0x00000000d68a8668}: 'int java.lang.invoke.DirectMethodHandle$Holder.invokeStaticInit(java.lang.Object, double, double)'> (0x00000000d68a8668) 
thrown [s\src\hotspot\share\interpreter\linkResolver.cpp, line 773]
Event: 7.832 Thread 0x000001fe6422aba0 Exception <a 'java/lang/NoSuchMethodError'{0x00000000d68accc8}: 'int java.lang.invoke.DirectMethodHandle$Holder.invokeStatic(java.lang.Object, long)'> (0x00000000d68accc8) 
thrown [s\src\hotspot\share\interpreter\linkResolver.cpp, line 773]
Event: 7.836 Thread 0x000001fe6422aba0 Exception <a 'java/lang/NoSuchMethodError'{0x00000000d694ea28}: 'int java.lang.invoke.Invokers$Holder.linkToTargetMethod(java.lang.Object, java.lang.Object)'> (0x00000000d694ea28) 
thrown [s\src\hotspot\share\interpreter\linkResolver.cpp, line 773]
Event: 7.844 Thread 0x000001fe6422bf50 Exception <a 'java/lang/NoSuchMethodError'{0x00000000d6989120}: 'int java.lang.invoke.DirectMethodHandle$Holder.invokeSpecial(java.lang.Object, java.lang.Object, java.lang.Object, java.lang.Object)'> (0x00000000d6989120) 
thrown [s\src\hotspot\share\interpreter\linkResolver.cpp, line 773]
Event: 7.845 Thread 0x000001fe6422bf50 Exception <a 'java/lang/NoSuchMethodError'{0x00000000d69965e0}: 'java.lang.Object java.lang.invoke.DirectMethodHandle$Holder.invokeStatic(java.lang.Object, int, java.lang.Object, java.lang.Object)'> (0x00000000d69965e0) 
thrown [s\src\hotspot\share\interpreter\linkResolver.cpp, line 773]
Event: 7.846 Thread 0x000001fe6422bf50 Exception <a 'java/lang/NoSuchMethodError'{0x00000000d699a010}: 'java.lang.Object java.lang.invoke.DelegatingMethodHandle$Holder.delegate(java.lang.Object, int, java.lang.Object, java.lang.Object)'> (0x00000000d699a010) 
thrown [s\src\hotspot\share\interpreter\linkResolver.cpp, line 773]
Event: 8.822 Thread 0x000001fe6422bf50 Exception <a 'java/lang/NoSuchMethodError'{0x00000000d6bc3e38}: 'int java.lang.invoke.Invokers$Holder.linkToTargetMethod(java.lang.Object, java.lang.Object, java.lang.Object)'> (0x00000000d6bc3e38) 
thrown [s\src\hotspot\share\interpreter\linkResolver.cpp, line 773]
Event: 8.855 Thread 0x000001fe6422aba0 Exception <a 'java/lang/NoSuchMethodError'{0x00000000d5779c28}: 'java.lang.Object java.lang.invoke.DirectMethodHandle$Holder.invokeSpecialIFC(java.lang.Object, java.lang.Object, java.lang.Object, java.lang.Object)'> (0x00000000d5779c28) 
thrown [s\src\hotspot\share\interpreter\linkResolver.cpp, line 773]
Event: 8.919 Thread 0x000001fe631c1df0 Exception <a 'java/lang/ClassNotFoundException'{0x00000000d5a848c8}: com/sun/org/apache/xml/internal/serializer/spi/XMLEntitiesProvider> (0x00000000d5a848c8) 
thrown [s\src\hotspot\share\classfile\systemDictionary.cpp, line 312]

ZGC Phase Switch (0 events):
No events

VM Operations (20 events):
Event: 6.330 Executing VM operation: ICBufferFull
Event: 6.330 Executing VM operation: ICBufferFull done
Event: 6.574 Executing VM operation: ParallelGCFailedAllocation (Allocation Failure)
Event: 6.578 Executing VM operation: ParallelGCFailedAllocation (Allocation Failure) done
Event: 6.860 Executing VM operation: CollectForMetadataAllocation (Metadata GC Threshold)
Event: 6.900 Executing VM operation: CollectForMetadataAllocation (Metadata GC Threshold) done
Event: 7.169 Executing VM operation: ParallelGCFailedAllocation (Allocation Failure)
Event: 7.170 Executing VM operation: ParallelGCFailedAllocation (Allocation Failure) done
Event: 7.491 Executing VM operation: ParallelGCFailedAllocation (Allocation Failure)
Event: 7.493 Executing VM operation: ParallelGCFailedAllocation (Allocation Failure) done
Event: 7.839 Executing VM operation: HandshakeAllThreads (Deoptimize)
Event: 8.782 Executing VM operation: HandshakeAllThreads (Deoptimize) done
Event: 8.782 Executing VM operation: Cleanup
Event: 8.782 Executing VM operation: Cleanup done
Event: 8.823 Executing VM operation: HandshakeAllThreads (Deoptimize)
Event: 8.828 Executing VM operation: HandshakeAllThreads (Deoptimize) done
Event: 8.836 Executing VM operation: ParallelGCFailedAllocation (Allocation Failure)
Event: 8.838 Executing VM operation: ParallelGCFailedAllocation (Allocation Failure) done
Event: 8.944 Executing VM operation: HandshakeAllThreads (Deoptimize)
Event: 8.944 Executing VM operation: HandshakeAllThreads (Deoptimize) done

Memory protections (0 events):
No events

Nmethod flushes (0 events):
No events

Events (20 events):
Event: 3.080 Thread 0x000001fe0613cc10 Thread added: 0x000001fe6386b3b0
Event: 3.214 Thread 0x000001fe6386b3b0 Thread added: 0x000001fe6385bfd0
Event: 3.285 Thread 0x000001fe631c1df0 Thread exited: 0x000001fe631c1df0
Event: 3.289 Thread 0x000001fe0613cc10 Thread added: 0x000001fe631c1df0
Event: 3.814 Thread 0x000001fe1cba88a0 Thread added: 0x000001fe6382f190
Event: 4.373 Thread 0x000001fe6382f190 Thread exited: 0x000001fe6382f190
Event: 4.377 Thread 0x000001fe631c1df0 Thread added: 0x000001fe6382f190
Event: 4.811 Thread 0x000001fe631c1df0 Thread added: 0x000001fe63b2e710
Event: 4.880 Thread 0x000001fe1cb31c90 Thread added: 0x000001fe63a3b6e0
Event: 5.226 Thread 0x000001fe631c1df0 Thread added: 0x000001fe638853e0
Event: 5.259 Thread 0x000001fe63a3b6e0 Thread exited: 0x000001fe63a3b6e0
Event: 5.800 Thread 0x000001fe631c1df0 Thread added: 0x000001fe63778da0
Event: 5.862 Thread 0x000001fe631c1df0 Thread added: 0x000001fe6422a510
Event: 5.925 Thread 0x000001fe631c1df0 Thread added: 0x000001fe6422aba0
Event: 6.071 Thread 0x000001fe1cba88a0 Thread added: 0x000001fe645d3dc0
Event: 7.820 Thread 0x000001fe631c1df0 Thread added: 0x000001fe6422cc70
Event: 7.821 Thread 0x000001fe6422a510 Thread added: 0x000001fe6422bf50
Event: 7.987 Thread 0x000001fe6422a510 Thread added: 0x000001fe6422b230
Event: 8.783 Thread 0x000001fe645d3dc0 Thread exited: 0x000001fe645d3dc0
Event: 8.847 Thread 0x000001fe1cba88a0 Thread added: 0x000001fe645d3dc0


Dynamic libraries:
0x00007ff6b7ab0000 - 0x00007ff6b7abe000 	c:\Users\Admin\.antigravity\extensions\redhat.java-1.50.0-win32-x64\jre\21.0.9-win32-x86_64\bin\java.exe
0x00007ff91ea90000 - 0x00007ff91ec88000 	C:\WINDOWS\SYSTEM32\ntdll.dll
0x00007ff91e2b0000 - 0x00007ff91e372000 	C:\WINDOWS\System32\KERNEL32.DLL
0x00007ff91c1c0000 - 0x00007ff91c4b6000 	C:\WINDOWS\System32\KERNELBASE.dll
0x00007ff91c960000 - 0x00007ff91ca60000 	C:\WINDOWS\System32\ucrtbase.dll
0x00007ff8fadc0000 - 0x00007ff8fadd8000 	c:\Users\Admin\.antigravity\extensions\redhat.java-1.50.0-win32-x64\jre\21.0.9-win32-x86_64\bin\jli.dll
0x00007ff91cfd0000 - 0x00007ff91d171000 	C:\WINDOWS\System32\USER32.dll
0x00007ff91c550000 - 0x00007ff91c572000 	C:\WINDOWS\System32\win32u.dll
0x00007ff91cdd0000 - 0x00007ff91cdfb000 	C:\WINDOWS\System32\GDI32.dll
0x00007ff91c710000 - 0x00007ff91c829000 	C:\WINDOWS\System32\gdi32full.dll
0x00007ff91c120000 - 0x00007ff91c1bd000 	C:\WINDOWS\System32\msvcp_win.dll
0x00007ff8face0000 - 0x00007ff8facfe000 	c:\Users\Admin\.antigravity\extensions\redhat.java-1.50.0-win32-x64\jre\21.0.9-win32-x86_64\bin\VCRUNTIME140.dll
0x00007ff90b970000 - 0x00007ff90bc0b000 	C:\WINDOWS\WinSxS\amd64_microsoft.windows.common-controls_6595b64144ccf1df_6.0.19041.6456_none_60b8a6cb71f64256\COMCTL32.dll
0x00007ff91e540000 - 0x00007ff91e5de000 	C:\WINDOWS\System32\msvcrt.dll
0x00007ff91d180000 - 0x00007ff91d1af000 	C:\WINDOWS\System32\IMM32.DLL
0x00007ff90c240000 - 0x00007ff90c24c000 	c:\Users\Admin\.antigravity\extensions\redhat.java-1.50.0-win32-x64\jre\21.0.9-win32-x86_64\bin\vcruntime140_1.dll
0x00007ff8f8670000 - 0x00007ff8f86fd000 	c:\Users\Admin\.antigravity\extensions\redhat.java-1.50.0-win32-x64\jre\21.0.9-win32-x86_64\bin\msvcp140.dll
0x00007ff8e39a0000 - 0x00007ff8e4740000 	c:\Users\Admin\.antigravity\extensions\redhat.java-1.50.0-win32-x64\jre\21.0.9-win32-x86_64\bin\server\jvm.dll
0x00007ff91d220000 - 0x00007ff91d2d1000 	C:\WINDOWS\System32\ADVAPI32.dll
0x00007ff91d2f0000 - 0x00007ff91d38f000 	C:\WINDOWS\System32\sechost.dll
0x00007ff91df50000 - 0x00007ff91e070000 	C:\WINDOWS\System32\RPCRT4.dll
0x00007ff91c6e0000 - 0x00007ff91c707000 	C:\WINDOWS\System32\bcrypt.dll
0x00007ff91d1b0000 - 0x00007ff91d21b000 	C:\WINDOWS\System32\WS2_32.dll
0x00007ff91b6b0000 - 0x00007ff91b6fb000 	C:\WINDOWS\SYSTEM32\POWRPROF.dll
0x00007ff9129b0000 - 0x00007ff9129d7000 	C:\WINDOWS\SYSTEM32\WINMM.dll
0x00007ff915d60000 - 0x00007ff915d6a000 	C:\WINDOWS\SYSTEM32\VERSION.dll
0x00007ff91b520000 - 0x00007ff91b532000 	C:\WINDOWS\SYSTEM32\UMPDC.dll
0x00007ff919fb0000 - 0x00007ff919fc2000 	C:\WINDOWS\SYSTEM32\kernel.appcore.dll
0x00007ff908ec0000 - 0x00007ff908eca000 	c:\Users\Admin\.antigravity\extensions\redhat.java-1.50.0-win32-x64\jre\21.0.9-win32-x86_64\bin\jimage.dll
0x00007ff916af0000 - 0x00007ff916cf1000 	C:\WINDOWS\SYSTEM32\DBGHELP.DLL
0x00007ff8f9ff0000 - 0x00007ff8fa024000 	C:\WINDOWS\SYSTEM32\dbgcore.DLL
0x00007ff91c4c0000 - 0x00007ff91c542000 	C:\WINDOWS\System32\bcryptPrimitives.dll
0x00007ff8fadb0000 - 0x00007ff8fadbf000 	c:\Users\Admin\.antigravity\extensions\redhat.java-1.50.0-win32-x64\jre\21.0.9-win32-x86_64\bin\instrument.dll
0x00007ff8fac00000 - 0x00007ff8fac20000 	c:\Users\Admin\.antigravity\extensions\redhat.java-1.50.0-win32-x64\jre\21.0.9-win32-x86_64\bin\java.dll
0x00007ff91d400000 - 0x00007ff91db70000 	C:\WINDOWS\System32\SHELL32.dll
0x00007ff91a1b0000 - 0x00007ff91a955000 	C:\WINDOWS\SYSTEM32\windows.storage.dll
0x00007ff91db70000 - 0x00007ff91dec4000 	C:\WINDOWS\System32\combase.dll
0x00007ff91bb50000 - 0x00007ff91bb7b000 	C:\WINDOWS\SYSTEM32\Wldp.dll
0x00007ff91e410000 - 0x00007ff91e4dd000 	C:\WINDOWS\System32\OLEAUT32.dll
0x00007ff91e200000 - 0x00007ff91e2ad000 	C:\WINDOWS\System32\SHCORE.dll
0x00007ff91e4e0000 - 0x00007ff91e53b000 	C:\WINDOWS\System32\shlwapi.dll
0x00007ff91c050000 - 0x00007ff91c074000 	C:\WINDOWS\SYSTEM32\profapi.dll
0x00007ff8fa9d0000 - 0x00007ff8fa9e8000 	c:\Users\Admin\.antigravity\extensions\redhat.java-1.50.0-win32-x64\jre\21.0.9-win32-x86_64\bin\zip.dll
0x00007ff8fa630000 - 0x00007ff8fa640000 	C:\Users\Admin\.antigravity\extensions\redhat.java-1.50.0-win32-x64\jre\21.0.9-win32-x86_64\bin\net.dll
0x00007ff915610000 - 0x00007ff91571a000 	C:\WINDOWS\SYSTEM32\WINHTTP.dll
0x00007ff91b8b0000 - 0x00007ff91b91a000 	C:\WINDOWS\system32\mswsock.dll
0x00007ff8fa590000 - 0x00007ff8fa5a6000 	C:\Users\Admin\.antigravity\extensions\redhat.java-1.50.0-win32-x64\jre\21.0.9-win32-x86_64\bin\nio.dll
0x00007ff8fa620000 - 0x00007ff8fa630000 	c:\Users\Admin\.antigravity\extensions\redhat.java-1.50.0-win32-x64\jre\21.0.9-win32-x86_64\bin\verify.dll
0x00007ff8f4720000 - 0x00007ff8f4764000 	C:\Users\Admin\AppData\Roaming\Antigravity\User\globalStorage\redhat.java\1.50.0\config_win\org.eclipse.equinox.launcher\org.eclipse.equinox.launcher.win32.win32.x86_64_1.2.1400.v20250801-0854\eclipse_11916.dll
0x00007ff91e0d0000 - 0x00007ff91e1fb000 	C:\WINDOWS\System32\ole32.dll
0x00007ff91baa0000 - 0x00007ff91bab8000 	C:\WINDOWS\SYSTEM32\CRYPTSP.dll
0x00007ff91b160000 - 0x00007ff91b198000 	C:\WINDOWS\system32\rsaenh.dll
0x00007ff91c010000 - 0x00007ff91c03e000 	C:\WINDOWS\SYSTEM32\USERENV.dll
0x00007ff91bac0000 - 0x00007ff91bacc000 	C:\WINDOWS\SYSTEM32\CRYPTBASE.dll
0x00007ff91b540000 - 0x00007ff91b57b000 	C:\WINDOWS\SYSTEM32\IPHLPAPI.DLL
0x00007ff91d2e0000 - 0x00007ff91d2e8000 	C:\WINDOWS\System32\NSI.dll
0x00007ff8fad00000 - 0x00007ff8fad49000 	C:\Users\Admin\AppData\Local\Temp\jna-63116079\jna4030801762177297578.dll
0x00007ff91d390000 - 0x00007ff91d398000 	C:\WINDOWS\System32\PSAPI.DLL

JVMTI agents:
c:\Users\Admin\.antigravity\extensions\redhat.java-1.50.0-win32-x64\lombok\lombok-1.18.39-4050.jar path:c:\Users\Admin\.antigravity\extensions\redhat.java-1.50.0-win32-x64\jre\21.0.9-win32-x86_64\bin\instrument.dll, loaded, initialized, instrumentlib options:none

dbghelp: loaded successfully - version: 4.0.5 - missing functions: none
symbol engine: initialized successfully - sym options: 0x614 - pdb path: .;c:\Users\Admin\.antigravity\extensions\redhat.java-1.50.0-win32-x64\jre\21.0.9-win32-x86_64\bin;C:\WINDOWS\SYSTEM32;C:\WINDOWS\WinSxS\amd64_microsoft.windows.common-controls_6595b64144ccf1df_6.0.19041.6456_none_60b8a6cb71f64256;c:\Users\Admin\.antigravity\extensions\redhat.java-1.50.0-win32-x64\jre\21.0.9-win32-x86_64\bin\server;C:\Users\Admin\AppData\Roaming\Antigravity\User\globalStorage\redhat.java\1.50.0\config_win\org.eclipse.equinox.launcher\org.eclipse.equinox.launcher.win32.win32.x86_64_1.2.1400.v20250801-0854;C:\Users\Admin\AppData\Local\Temp\jna-63116079

VM Arguments:
jvm_args: --add-modules=ALL-SYSTEM --add-opens=java.base/java.util=ALL-UNNAMED --add-opens=java.base/java.lang=ALL-UNNAMED --add-opens=java.base/sun.nio.fs=ALL-UNNAMED -Declipse.application=org.eclipse.jdt.ls.core.id1 -Dosgi.bundles.defaultStartLevel=4 -Declipse.product=org.eclipse.jdt.ls.core.product -Djava.import.generatesMetadataFilesAtProjectRoot=false -DDetectVMInstallationsJob.disabled=true -Dfile.encoding=utf8 -XX:+UseParallelGC -XX:GCTimeRatio=4 -XX:AdaptiveSizePolicyWeight=90 -Dsun.zip.disableMemoryMapping=true -Xmx2G -Xms100m -Xlog:disable -javaagent:c:\Users\Admin\.antigravity\extensions\redhat.java-1.50.0-win32-x64\lombok\lombok-1.18.39-4050.jar -XX:+HeapDumpOnOutOfMemoryError -XX:HeapDumpPath=c:\Users\Admin\AppData\Roaming\Antigravity\User\workspaceStorage\af1cb1524c391b6bf54d4a5b5d479961\redhat.java -Daether.dependencyCollector.impl=bf 
java_command: c:\Users\Admin\.antigravity\extensions\redhat.java-1.50.0-win32-x64\server\plugins\org.eclipse.equinox.launcher_1.7.100.v20251111-0406.jar -configuration c:\Users\Admin\AppData\Roaming\Antigravity\User\globalStorage\redhat.java\1.50.0\config_win -data c:\Users\Admin\AppData\Roaming\Antigravity\User\workspaceStorage\af1cb1524c391b6bf54d4a5b5d479961\redhat.java\jdt_ws --pipe=\\.\pipe\lsp-3437690c716c852fbb085b936a8f54df-sock
java_class_path (initial): c:\Users\Admin\.antigravity\extensions\redhat.java-1.50.0-win32-x64\server\plugins\org.eclipse.equinox.launcher_1.7.100.v20251111-0406.jar
Launcher Type: SUN_STANDARD

[Global flags]
    uintx AdaptiveSizePolicyWeight                 = 90                                        {product} {command line}
     intx CICompilerCount                          = 3                                         {product} {ergonomic}
    uintx GCTimeRatio                              = 4                                         {product} {command line}
     bool HeapDumpOnOutOfMemoryError               = true                                   {manageable} {command line}
    ccstr HeapDumpPath                             = c:\Users\Admin\AppData\Roaming\Antigravity\User\workspaceStorage\af1cb1524c391b6bf54d4a5b5d479961\redhat.java         {manageable} {command line}
   size_t InitialHeapSize                          = 104857600                                 {product} {command line}
   size_t MaxHeapSize                              = 2147483648                                {product} {command line}
   size_t MaxNewSize                               = 715653120                                 {product} {ergonomic}
   size_t MinHeapDeltaBytes                        = 524288                                    {product} {ergonomic}
   size_t MinHeapSize                              = 104857600                                 {product} {command line}
   size_t NewSize                                  = 34603008                                  {product} {ergonomic}
    uintx NonNMethodCodeHeapSize                   = 5832780                                {pd product} {ergonomic}
    uintx NonProfiledCodeHeapSize                  = 122912730                              {pd product} {ergonomic}
   size_t OldSize                                  = 70254592                                  {product} {ergonomic}
    uintx ProfiledCodeHeapSize                     = 122912730                              {pd product} {ergonomic}
    uintx ReservedCodeCacheSize                    = 251658240                              {pd product} {ergonomic}
     bool SegmentedCodeCache                       = true                                      {product} {ergonomic}
   size_t SoftMaxHeapSize                          = 2147483648                             {manageable} {ergonomic}
     bool UseCompressedOops                        = true                           {product lp64_product} {ergonomic}
     bool UseLargePagesIndividualAllocation        = false                                  {pd product} {ergonomic}
     bool UseParallelGC                            = true                                      {product} {command line}

Logging:
Log output configuration:
 #0: stdout all=off uptime,level,tags foldmultilines=false
 #1: stderr all=off uptime,level,tags foldmultilines=false

Release file:
JAVA_VERSION="21.0.9" 
MODULES="java.base java.compiler java.datatransfer java.xml java.prefs java.desktop java.instrument java.logging java.management java.security.sasl java.naming java.rmi java.management.rmi java.net.http java.scripting java.security.jgss java.transaction.xa java.sql java.sql.rowset java.xml.crypto java.se java.smartcardio jdk.accessibility jdk.internal.jvmstat jdk.attach jdk.charsets jdk.internal.opt jdk.zipfs jdk.compiler jdk.crypto.ec jdk.crypto.cryptoki jdk.crypto.mscapi jdk.dynalink jdk.internal.ed jdk.editpad jdk.hotspot.agent jdk.httpserver jdk.internal.le jdk.internal.vm.ci jdk.internal.vm.compiler jdk.internal.vm.compiler.management jdk.jartool jdk.javadoc jdk.jcmd jdk.management jdk.management.agent jdk.jconsole jdk.jdeps jdk.jdwp.agent jdk.jdi jdk.jfr jdk.jshell jdk.jsobject jdk.jstatd jdk.localedata jdk.management.jfr jdk.naming.dns jdk.naming.rmi jdk.net jdk.nio.mapmode jdk.random jdk.sctp jdk.security.auth jdk.security.jgss jdk.unsupported jdk.unsupported.desktop jdk.xml.dom" 

Environment Variables:
PATH=C:\Program Files\Common Files\Oracle\Java\javapath;C:\WINDOWS\system32;C:\WINDOWS;C:\WINDOWS\System32\Wbem;C:\WINDOWS\System32\WindowsPowerShell\v1.0\;C:\WINDOWS\System32\OpenSSH\;C:\Program Files\Microsoft SQL Server\150\Tools\Binn\;C:\Program Files\nodejs\;C:\Users\Admin\AppData\Local\Microsoft\WindowsApps;C:\Users\Admin\AppData\Local\Programs\Microsoft VS Code\bin;C:\Users\Admin\AppData\Local\Programs\Antigravity\bin;C:\Users\Admin\AppData\Roaming\npm
USERNAME=Admin
OS=Windows_NT
PROCESSOR_IDENTIFIER=Intel64 Family 6 Model 42 Stepping 7, GenuineIntel
TMP=C:\Users\Admin\AppData\Local\Temp
TEMP=C:\Users\Admin\AppData\Local\Temp




Periodic native trim disabled

---------------  S Y S T E M  ---------------

OS:
 Windows 10 , 64 bit Build 19041 (10.0.19041.5915)
OS uptime: 0 days 10:52 hours

CPU: total 4 (initial active 4) (4 cores per cpu, 1 threads per core) family 6 model 42 stepping 7 microcode 0x2f, cx8, cmov, fxsr, mmx, sse, sse2, sse3, ssse3, sse4.1, sse4.2, popcnt, tsc, tscinvbit, avx, aes, clmul, vzeroupper, clflush, rdtscp
Processor Information for the first 4 processors :
  Max Mhz: 3301, Current Mhz: 3301, Mhz Limit: 3301

Memory: 4k page, system-wide physical 16337M (7295M free)
TotalPageFile size 20433M (AvailPageFile size 5M)
current process WorkingSet (physical memory assigned to process): 174M, peak: 174M
current process commit charge ("private bytes"): 291M, peak: 292M

vm_info: OpenJDK 64-Bit Server VM (21.0.9+10-LTS) for windows-amd64 JRE (21.0.9+10-LTS), built on 2025-10-21T00:00:00Z by "admin" with unknown MS VC++:1942

END.
