#
# There is insufficient memory for the Java Runtime Environment to continue.
# Native memory allocation (malloc) failed to allocate 2187168 bytes. Error detail: Chunk::new
# Possible reasons:
#   The system is out of physical RAM or swap space
#   This process is running with CompressedOops enabled, and the Java Heap may be blocking the growth of the native heap
# Possible solutions:
#   Reduce memory load on the system
#   Increase physical memory or swap space
#   Check if swap backing store is full
#   Decrease Java heap size (-Xmx/-Xms)
#   Decrease number of Java threads
#   Decrease Java thread stack sizes (-Xss)
#   Set larger code cache with -XX:ReservedCodeCacheSize=
#   JVM is running with Unscaled Compressed Oops mode in which the Java heap is
#     placed in the first 4GB address space. The Java Heap base address is the
#     maximum limit for the native heap growth. Please use -XX:HeapBaseMinAddress
#     to set the Java Heap base and to place the Java Heap above 4GB virtual address.
# This output file may be truncated or incomplete.
#
#  Out of Memory Error (arena.cpp:168), pid=7052, tid=16996
#
# JRE version: OpenJDK Runtime Environment Temurin-21.0.9+10 (21.0.9+10) (build 21.0.9+10-LTS)
# Java VM: OpenJDK 64-Bit Server VM Temurin-21.0.9+10 (21.0.9+10-LTS, mixed mode, sharing, tiered, compressed oops, compressed class ptrs, parallel gc, windows-amd64)
# No core dump will be written. Minidumps are not enabled by default on client versions of Windows
#

---------------  S U M M A R Y ------------

Command Line: --add-modules=ALL-SYSTEM --add-opens=java.base/java.util=ALL-UNNAMED --add-opens=java.base/java.lang=ALL-UNNAMED --add-opens=java.base/sun.nio.fs=ALL-UNNAMED -Declipse.application=org.eclipse.jdt.ls.core.id1 -Dosgi.bundles.defaultStartLevel=4 -Declipse.product=org.eclipse.jdt.ls.core.product -Djava.import.generatesMetadataFilesAtProjectRoot=false -DDetectVMInstallationsJob.disabled=true -Dfile.encoding=utf8 -XX:+UseParallelGC -XX:GCTimeRatio=4 -XX:AdaptiveSizePolicyWeight=90 -Dsun.zip.disableMemoryMapping=true -Xmx2G -Xms100m -Xlog:disable -javaagent:c:\Users\Admin\.antigravity\extensions\redhat.java-1.50.0-win32-x64\lombok\lombok-1.18.39-4050.jar -XX:+HeapDumpOnOutOfMemoryError -XX:HeapDumpPath=c:\Users\Admin\AppData\Roaming\Antigravity\User\workspaceStorage\af1cb1524c391b6bf54d4a5b5d479961\redhat.java -Daether.dependencyCollector.impl=bf c:\Users\Admin\.antigravity\extensions\redhat.java-1.50.0-win32-x64\server\plugins\org.eclipse.equinox.launcher_1.7.100.v20251111-0406.jar -configuration c:\Users\Admin\AppData\Roaming\Antigravity\User\globalStorage\redhat.java\1.50.0\config_win -data c:\Users\Admin\AppData\Roaming\Antigravity\User\workspaceStorage\af1cb1524c391b6bf54d4a5b5d479961\redhat.java\jdt_ws --pipe=\\.\pipe\lsp-700e8901b0020ff76b6acecdcd6fd6b2-sock

Host: Intel(R) Core(TM) i5-2500 CPU @ 3.30GHz, 4 cores, 15G,  Windows 10 , 64 bit Build 19041 (10.0.19041.5915)
Time: Thu Dec 18 19:11:46 2025 SE Asia Standard Time elapsed time: 12.647751 seconds (0d 0h 0m 12s)

---------------  T H R E A D  ---------------

Current thread (0x000002151626dab0):  JavaThread "C2 CompilerThread0" daemon [_thread_in_native, id=16996, stack(0x0000009237100000,0x0000009237200000) (1024K)]


Current CompileTask:
C2:12647 6358   !   4       org.eclipse.osgi.internal.loader.classpath.ClasspathManager::defineClass (636 bytes)

Stack: [0x0000009237100000,0x0000009237200000]
Native frames: (J=compiled Java code, j=interpreted, Vv=VM code, C=native code)
V  [jvm.dll+0x6d6e29]
V  [jvm.dll+0x8b4b76]
V  [jvm.dll+0x8b712e]
V  [jvm.dll+0x8b7813]
V  [jvm.dll+0x283d86]
V  [jvm.dll+0xc66ed]
V  [jvm.dll+0xc6c31]
V  [jvm.dll+0x3be53b]
V  [jvm.dll+0x1e3d59]
V  [jvm.dll+0x24c0f3]
V  [jvm.dll+0x24b580]
V  [jvm.dll+0x1cb13e]
V  [jvm.dll+0x25b29d]
V  [jvm.dll+0x25982a]
V  [jvm.dll+0x3f7ea6]
V  [jvm.dll+0x85e9ad]
V  [jvm.dll+0x6d565d]
C  [ucrtbase.dll+0x21bb2]
C  [KERNEL32.DLL+0x17374]
C  [ntdll.dll+0x4cc91]


---------------  P R O C E S S  ---------------

Threads class SMR info:
_java_thread_list=0x000002156034eb50, length=38, elements={
0x000002157c051720, 0x00000215162648e0, 0x0000021516265f20, 0x0000021516268b80,
0x00000215162697d0, 0x000002151626c230, 0x000002151626cc80, 0x000002151626dab0,
0x00000215162e5740, 0x000002155c1139b0, 0x000002155c145ad0, 0x000002155ca6f320,
0x000002155c6b3bc0, 0x000002155c972770, 0x000002155c9731a0, 0x000002155ce77740,
0x000002155cd680a0, 0x000002155d1c7700, 0x000002155d057d70, 0x000002155d388e60,
0x000002155d386700, 0x000002155d386070, 0x000002155d386d90, 0x000002155d387420,
0x000002155d387ab0, 0x000002155d3887d0, 0x000002155d388140, 0x000002155d3894f0,
0x000002155fb1e7d0, 0x000002155fb20210, 0x000002155fb1fb80, 0x000002155fb208a0,
0x000002155fb20f30, 0x000002155fb1ee60, 0x000002155fb215c0, 0x000002155fb1e140,
0x000002155fb1f4f0, 0x000002155c434230
}

Java Threads: ( => current thread )
  0x000002157c051720 JavaThread "main"                              [_thread_blocked, id=10164, stack(0x0000009236600000,0x0000009236700000) (1024K)]
  0x00000215162648e0 JavaThread "Reference Handler"          daemon [_thread_blocked, id=9736, stack(0x0000009236b00000,0x0000009236c00000) (1024K)]
  0x0000021516265f20 JavaThread "Finalizer"                  daemon [_thread_blocked, id=18264, stack(0x0000009236c00000,0x0000009236d00000) (1024K)]
  0x0000021516268b80 JavaThread "Signal Dispatcher"          daemon [_thread_blocked, id=7096, stack(0x0000009236d00000,0x0000009236e00000) (1024K)]
  0x00000215162697d0 JavaThread "Attach Listener"            daemon [_thread_blocked, id=15340, stack(0x0000009236e00000,0x0000009236f00000) (1024K)]
  0x000002151626c230 JavaThread "Service Thread"             daemon [_thread_blocked, id=12564, stack(0x0000009236f00000,0x0000009237000000) (1024K)]
  0x000002151626cc80 JavaThread "Monitor Deflation Thread"   daemon [_thread_blocked, id=15632, stack(0x0000009237000000,0x0000009237100000) (1024K)]
=>0x000002151626dab0 JavaThread "C2 CompilerThread0"         daemon [_thread_in_native, id=16996, stack(0x0000009237100000,0x0000009237200000) (1024K)]
  0x00000215162e5740 JavaThread "C1 CompilerThread0"         daemon [_thread_blocked, id=960, stack(0x0000009237200000,0x0000009237300000) (1024K)]
  0x000002155c1139b0 JavaThread "Common-Cleaner"             daemon [_thread_blocked, id=9240, stack(0x0000009237300000,0x0000009237400000) (1024K)]
  0x000002155c145ad0 JavaThread "Notification Thread"        daemon [_thread_blocked, id=10636, stack(0x0000009237400000,0x0000009237500000) (1024K)]
  0x000002155ca6f320 JavaThread "Active Thread: Equinox Container: a653a8bb-76c0-41ad-ae07-b0921ae2b5ab"        [_thread_blocked, id=18416, stack(0x0000009237900000,0x0000009237a00000) (1024K)]
  0x000002155c6b3bc0 JavaThread "Refresh Thread: Equinox Container: a653a8bb-76c0-41ad-ae07-b0921ae2b5ab" daemon [_thread_blocked, id=12628, stack(0x0000009237a00000,0x0000009237b00000) (1024K)]
  0x000002155c972770 JavaThread "Framework Event Dispatcher: Equinox Container: a653a8bb-76c0-41ad-ae07-b0921ae2b5ab" daemon [_thread_blocked, id=17656, stack(0x0000009237b00000,0x0000009237c00000) (1024K)]
  0x000002155c9731a0 JavaThread "Start Level: Equinox Container: a653a8bb-76c0-41ad-ae07-b0921ae2b5ab" daemon [_thread_blocked, id=13060, stack(0x0000009237c00000,0x0000009237d00000) (1024K)]
  0x000002155ce77740 JavaThread "Bundle File Closer"         daemon [_thread_blocked, id=2888, stack(0x0000009237d00000,0x0000009237e00000) (1024K)]
  0x000002155cd680a0 JavaThread "SCR Component Actor"        daemon [_thread_blocked, id=2536, stack(0x0000009237e00000,0x0000009237f00000) (1024K)]
  0x000002155d1c7700 JavaThread "Worker-JM"                         [_thread_blocked, id=18604, stack(0x0000009237f00000,0x0000009238000000) (1024K)]
  0x000002155d057d70 JavaThread "JNA Cleaner"                daemon [_thread_blocked, id=19016, stack(0x0000009237500000,0x0000009237600000) (1024K)]
  0x000002155d388e60 JavaThread "Worker-0"                          [_thread_blocked, id=15052, stack(0x0000009238000000,0x0000009238100000) (1024K)]
  0x000002155d386700 JavaThread "Worker-1"                          [_thread_blocked, id=10100, stack(0x0000009238100000,0x0000009238200000) (1024K)]
  0x000002155d386070 JavaThread "Java indexing"              daemon [_thread_blocked, id=14884, stack(0x0000009238300000,0x0000009238400000) (1024K)]
  0x000002155d386d90 JavaThread "Worker-2"                          [_thread_blocked, id=6252, stack(0x0000009238400000,0x0000009238500000) (1024K)]
  0x000002155d387420 JavaThread "Worker-3"                          [_thread_blocked, id=17964, stack(0x0000009238500000,0x0000009238600000) (1024K)]
  0x000002155d387ab0 JavaThread "Worker-4: Initialize Workspace"        [_thread_blocked, id=7968, stack(0x0000009238800000,0x0000009238900000) (1024K)]
  0x000002155d3887d0 JavaThread "Worker-5"                          [_thread_blocked, id=14152, stack(0x0000009238900000,0x0000009238a00000) (1024K)]
  0x000002155d388140 JavaThread "Thread-1"                   daemon [_thread_in_native, id=4672, stack(0x0000009238a00000,0x0000009238b00000) (1024K)]
  0x000002155d3894f0 JavaThread "Thread-2"                   daemon [_thread_in_native, id=18016, stack(0x0000009238b00000,0x0000009238c00000) (1024K)]
  0x000002155fb1e7d0 JavaThread "Thread-3"                   daemon [_thread_in_native, id=13260, stack(0x0000009238c00000,0x0000009238d00000) (1024K)]
  0x000002155fb20210 JavaThread "Thread-4"                   daemon [_thread_in_native, id=18612, stack(0x0000009238d00000,0x0000009238e00000) (1024K)]
  0x000002155fb1fb80 JavaThread "Thread-5"                   daemon [_thread_in_native, id=11872, stack(0x0000009238e00000,0x0000009238f00000) (1024K)]
  0x000002155fb208a0 JavaThread "pool-2-thread-1"                   [_thread_blocked, id=15984, stack(0x0000009238f00000,0x0000009239000000) (1024K)]
  0x000002155fb20f30 JavaThread "WorkspaceEventsHandler"            [_thread_blocked, id=1392, stack(0x0000009239000000,0x0000009239100000) (1024K)]
  0x000002155fb1ee60 JavaThread "pool-1-thread-1"                   [_thread_blocked, id=7812, stack(0x0000009239100000,0x0000009239200000) (1024K)]
  0x000002155fb215c0 JavaThread "ForkJoinPool.commonPool-worker-1" daemon [_thread_blocked, id=16060, stack(0x0000009239200000,0x0000009239300000) (1024K)]
  0x000002155fb1e140 JavaThread "ForkJoinPool.commonPool-worker-2" daemon [_thread_blocked, id=9396, stack(0x0000009239300000,0x0000009239400000) (1024K)]
  0x000002155fb1f4f0 JavaThread "Timer-0"                           [_thread_blocked, id=19064, stack(0x0000009239400000,0x0000009239500000) (1024K)]
  0x000002155c434230 JavaThread "Connection worker"                 [_thread_in_vm, id=1144, stack(0x0000009239500000,0x0000009239600000) (1024K)]
Total: 38

Other Threads:
  0x000002157e2ab5b0 VMThread "VM Thread"                           [id=17160, stack(0x0000009236a00000,0x0000009236b00000) (1024K)]
  0x000002157e25e2d0 WatcherThread "VM Periodic Task Thread"        [id=12032, stack(0x0000009236900000,0x0000009236a00000) (1024K)]
  0x000002157e20fb50 WorkerThread "GC Thread#0"                     [id=8860, stack(0x0000009236800000,0x0000009236900000) (1024K)]
  0x000002155c44e030 WorkerThread "GC Thread#1"                     [id=17388, stack(0x0000009237600000,0x0000009237700000) (1024K)]
  0x000002155c44e3d0 WorkerThread "GC Thread#2"                     [id=6328, stack(0x0000009237700000,0x0000009237800000) (1024K)]
  0x000002155c44e770 WorkerThread "GC Thread#3"                     [id=4632, stack(0x0000009237800000,0x0000009237900000) (1024K)]
Total: 6

Threads with active compile tasks:
C2 CompilerThread0  12669 6358   !   4       org.eclipse.osgi.internal.loader.classpath.ClasspathManager::defineClass (636 bytes)
Total: 1

VM state: not at safepoint (normal execution)

VM Mutex/Monitor currently owned by a thread: None

Heap address: 0x0000000080000000, size: 2048 MB, Compressed Oops mode: 32-bit

CDS archive(s) mapped at: [0x0000021517000000-0x0000021517ba0000-0x0000021517ba0000), size 12189696, SharedBaseAddress: 0x0000021517000000, ArchiveRelocationMode: 1.
Compressed class space mapped at: 0x0000021518000000-0x0000021558000000, reserved size: 1073741824
Narrow klass base: 0x0000021517000000, Narrow klass shift: 0, Narrow klass range: 0x100000000

GC Precious Log:
 CardTable entry size: 512
 CPUs: 4 total, 4 available
 Memory: 16337M
 Large Page Support: Disabled
 NUMA Support: Disabled
 Compressed Oops: Enabled (32-bit)
 Alignments: Space 512K, Generation 512K, Heap 2M
 Heap Min Capacity: 100M
 Heap Initial Capacity: 100M
 Heap Max Capacity: 2G
 Pre-touch: Disabled
 Parallel Workers: 4

Heap:
 PSYoungGen      total 16896K, used 12963K [0x00000000d5580000, 0x00000000d8000000, 0x0000000100000000)
  eden space 15872K, 75% used [0x00000000d5580000,0x00000000d612b0c8,0x00000000d6500000)
  from space 1024K, 99% used [0x00000000d6f80000,0x00000000d707ddf8,0x00000000d7080000)
  to   space 10752K, 0% used [0x00000000d6500000,0x00000000d6500000,0x00000000d6f80000)
 ParOldGen       total 68608K, used 31524K [0x0000000080000000, 0x0000000084300000, 0x00000000d5580000)
  object space 68608K, 45% used [0x0000000080000000,0x0000000081ec9038,0x0000000084300000)
 Metaspace       used 49738K, committed 50816K, reserved 1114112K
  class space    used 5675K, committed 6144K, reserved 1048576K

Card table byte_map: [0x000002157dba0000,0x000002157dfb0000] _byte_map_base: 0x000002157d7a0000

Marking Bits: (ParMarkBitMap*) 0x00007ff8e4662460
 Begin Bits: [0x0000021512140000, 0x0000021514140000)
 End Bits:   [0x0000021514140000, 0x0000021516140000)

Polling page: 0x000002157bfe0000

Metaspace:

Usage:
  Non-class:     43.03 MB used.
      Class:      5.54 MB used.
       Both:     48.57 MB used.

Virtual space:
  Non-class space:       64.00 MB reserved,      43.62 MB ( 68%) committed,  1 nodes.
      Class space:        1.00 GB reserved,       6.00 MB ( <1%) committed,  1 nodes.
             Both:        1.06 GB reserved,      49.62 MB (  5%) committed. 

Chunk freelists:
   Non-Class:  3.56 MB
       Class:  9.94 MB
        Both:  13.50 MB

MaxMetaspaceSize: unlimited
CompressedClassSpaceSize: 1.00 GB
Initial GC threshold: 21.00 MB
Current GC threshold: 58.38 MB
CDS: on
 - commit_granule_bytes: 65536.
 - commit_granule_words: 8192.
 - virtual_space_node_default_size: 8388608.
 - enlarge_chunks_in_place: 1.
 - use_allocation_guard: 0.


Internal statistics:

num_allocs_failed_limit: 6.
num_arena_births: 850.
num_arena_deaths: 26.
num_vsnodes_births: 2.
num_vsnodes_deaths: 0.
num_space_committed: 794.
num_space_uncommitted: 0.
num_chunks_returned_to_freelist: 35.
num_chunks_taken_from_freelist: 3001.
num_chunk_merges: 12.
num_chunk_splits: 1913.
num_chunks_enlarged: 1195.
num_inconsistent_stats: 0.

CodeHeap 'non-profiled nmethods': size=120000Kb used=3361Kb max_used=3361Kb free=116638Kb
 bounds [0x000002150ac10000, 0x000002150af60000, 0x0000021512140000]
CodeHeap 'profiled nmethods': size=120000Kb used=11953Kb max_used=11953Kb free=108046Kb
 bounds [0x0000021503140000, 0x0000021503cf0000, 0x000002150a670000]
CodeHeap 'non-nmethods': size=5760Kb used=1372Kb max_used=1421Kb free=4387Kb
 bounds [0x000002150a670000, 0x000002150a8e0000, 0x000002150ac10000]
CodeCache: size=245760Kb, used=16686Kb, max_used=16735Kb, free=229071Kb
 total_blobs=6539, nmethods=5865, adapters=580, full_count=0
Compilation: enabled, stopped_count=0, restarted_count=0

Compilation events (20 events):
Event: 12.631 Thread 0x00000215162e5740 6412       3       java.lang.reflect.ProxyGenerator::collectCompatibleTypes (93 bytes)
Event: 12.631 Thread 0x00000215162e5740 nmethod 6412 0x0000021503ce5990 code [0x0000021503ce5b80, 0x0000021503ce6068]
Event: 12.634 Thread 0x00000215162e5740 6413       1       org.gradle.internal.service.AbstractServiceMethod::getMethod (5 bytes)
Event: 12.634 Thread 0x00000215162e5740 nmethod 6413 0x000002150af57910 code [0x000002150af57aa0, 0x000002150af57b68]
Event: 12.634 Thread 0x00000215162e5740 6416       3       sun.reflect.generics.parser.SignatureParser::parseTypeSignature (130 bytes)
Event: 12.635 Thread 0x00000215162e5740 nmethod 6416 0x0000021503ce6310 code [0x0000021503ce6500, 0x0000021503ce6960]
Event: 12.635 Thread 0x00000215162e5740 6415       3       java.lang.invoke.DirectMethodHandle$Holder::newInvokeSpecial (28 bytes)
Event: 12.635 Thread 0x00000215162e5740 nmethod 6415 0x0000021503ce6a90 code [0x0000021503ce6c80, 0x0000021503ce7420]
Event: 12.635 Thread 0x00000215162e5740 6414       1       org.gradle.internal.service.AbstractServiceMethod::getServiceType (5 bytes)
Event: 12.635 Thread 0x00000215162e5740 nmethod 6414 0x000002150af57c10 code [0x000002150af57da0, 0x000002150af57e68]
Event: 12.637 Thread 0x00000215162e5740 6418       1       org.gradle.internal.service.DefaultServiceRegistry$SingletonService::getDeclaredServiceTypes (5 bytes)
Event: 12.637 Thread 0x00000215162e5740 nmethod 6418 0x000002150af57f10 code [0x000002150af580a0, 0x000002150af58168]
Event: 12.637 Thread 0x00000215162e5740 6419       3       sun.reflect.annotation.AnnotationParser::parseMemberValue (230 bytes)
Event: 12.639 Thread 0x00000215162e5740 nmethod 6419 0x0000021503ce7610 code [0x0000021503ce7b20, 0x0000021503ce9f18]
Event: 12.639 Thread 0x00000215162e5740 6421       3       org.gradle.internal.service.DefaultServiceRegistry$ClassInspector$ClassDetails::collectTypes (63 bytes)
Event: 12.639 Thread 0x00000215162e5740 nmethod 6421 0x0000021503ceab90 code [0x0000021503ceada0, 0x0000021503ceb248]
Event: 12.639 Thread 0x00000215162e5740 6420       3       org.gradle.internal.service.DefaultServiceRegistry::unwrap (75 bytes)
Event: 12.640 Thread 0x00000215162e5740 nmethod 6420 0x0000021503ceb490 code [0x0000021503ceb6e0, 0x0000021503cec260]
Event: 12.640 Thread 0x00000215162e5740 6422       1       org.gradle.internal.service.ServiceScopeValidator::getImplicitAnnotation (3 bytes)
Event: 12.640 Thread 0x00000215162e5740 nmethod 6422 0x000002150af58210 code [0x000002150af583a0, 0x000002150af58470]

GC Heap History (20 events):
Event: 7.987 GC heap before
{Heap before GC invocations=13 (full 1):
 PSYoungGen      total 24064K, used 23837K [0x00000000d5580000, 0x00000000d7280000, 0x0000000100000000)
  eden space 22528K, 100% used [0x00000000d5580000,0x00000000d6b80000,0x00000000d6b80000)
  from space 1536K, 85% used [0x00000000d7080000,0x00000000d71c76e0,0x00000000d7200000)
  to   space 512K, 0% used [0x00000000d7200000,0x00000000d7200000,0x00000000d7280000)
 ParOldGen       total 68608K, used 16500K [0x0000000080000000, 0x0000000084300000, 0x00000000d5580000)
  object space 68608K, 24% used [0x0000000080000000,0x000000008101d3b0,0x0000000084300000)
 Metaspace       used 34305K, committed 35392K, reserved 1114112K
  class space    used 3548K, committed 4032K, reserved 1048576K
}
Event: 7.991 GC heap after
{Heap after GC invocations=13 (full 1):
 PSYoungGen      total 22528K, used 499K [0x00000000d5580000, 0x00000000d7280000, 0x0000000100000000)
  eden space 22016K, 0% used [0x00000000d5580000,0x00000000d5580000,0x00000000d6b00000)
  from space 512K, 97% used [0x00000000d7200000,0x00000000d727ce68,0x00000000d7280000)
  to   space 3584K, 0% used [0x00000000d6b80000,0x00000000d6b80000,0x00000000d6f00000)
 ParOldGen       total 68608K, used 18837K [0x0000000080000000, 0x0000000084300000, 0x00000000d5580000)
  object space 68608K, 27% used [0x0000000080000000,0x0000000081265590,0x0000000084300000)
 Metaspace       used 34305K, committed 35392K, reserved 1114112K
  class space    used 3548K, committed 4032K, reserved 1048576K
}
Event: 8.062 GC heap before
{Heap before GC invocations=14 (full 1):
 PSYoungGen      total 22528K, used 4727K [0x00000000d5580000, 0x00000000d7280000, 0x0000000100000000)
  eden space 22016K, 19% used [0x00000000d5580000,0x00000000d59a0fe8,0x00000000d6b00000)
  from space 512K, 97% used [0x00000000d7200000,0x00000000d727ce68,0x00000000d7280000)
  to   space 3584K, 0% used [0x00000000d6b80000,0x00000000d6b80000,0x00000000d6f00000)
 ParOldGen       total 68608K, used 18837K [0x0000000080000000, 0x0000000084300000, 0x00000000d5580000)
  object space 68608K, 27% used [0x0000000080000000,0x0000000081265590,0x0000000084300000)
 Metaspace       used 34731K, committed 35840K, reserved 1114112K
  class space    used 3610K, committed 4096K, reserved 1048576K
}
Event: 8.064 GC heap after
{Heap after GC invocations=14 (full 1):
 PSYoungGen      total 25600K, used 160K [0x00000000d5580000, 0x00000000d7280000, 0x0000000100000000)
  eden space 22016K, 0% used [0x00000000d5580000,0x00000000d5580000,0x00000000d6b00000)
  from space 3584K, 4% used [0x00000000d6b80000,0x00000000d6ba8000,0x00000000d6f00000)
  to   space 1536K, 0% used [0x00000000d7100000,0x00000000d7100000,0x00000000d7280000)
 ParOldGen       total 68608K, used 19344K [0x0000000080000000, 0x0000000084300000, 0x00000000d5580000)
  object space 68608K, 28% used [0x0000000080000000,0x00000000812e43f8,0x0000000084300000)
 Metaspace       used 34731K, committed 35840K, reserved 1114112K
  class space    used 3610K, committed 4096K, reserved 1048576K
}
Event: 8.064 GC heap before
{Heap before GC invocations=15 (full 2):
 PSYoungGen      total 25600K, used 160K [0x00000000d5580000, 0x00000000d7280000, 0x0000000100000000)
  eden space 22016K, 0% used [0x00000000d5580000,0x00000000d5580000,0x00000000d6b00000)
  from space 3584K, 4% used [0x00000000d6b80000,0x00000000d6ba8000,0x00000000d6f00000)
  to   space 1536K, 0% used [0x00000000d7100000,0x00000000d7100000,0x00000000d7280000)
 ParOldGen       total 68608K, used 19344K [0x0000000080000000, 0x0000000084300000, 0x00000000d5580000)
  object space 68608K, 28% used [0x0000000080000000,0x00000000812e43f8,0x0000000084300000)
 Metaspace       used 34731K, committed 35840K, reserved 1114112K
  class space    used 3610K, committed 4096K, reserved 1048576K
}
Event: 8.108 GC heap after
{Heap after GC invocations=15 (full 2):
 PSYoungGen      total 25600K, used 0K [0x00000000d5580000, 0x00000000d7280000, 0x0000000100000000)
  eden space 22016K, 0% used [0x00000000d5580000,0x00000000d5580000,0x00000000d6b00000)
  from space 3584K, 0% used [0x00000000d6b80000,0x00000000d6b80000,0x00000000d6f00000)
  to   space 1536K, 0% used [0x00000000d7100000,0x00000000d7100000,0x00000000d7280000)
 ParOldGen       total 68608K, used 18695K [0x0000000080000000, 0x0000000084300000, 0x00000000d5580000)
  object space 68608K, 27% used [0x0000000080000000,0x0000000081241cd8,0x0000000084300000)
 Metaspace       used 34720K, committed 35840K, reserved 1114112K
  class space    used 3607K, committed 4096K, reserved 1048576K
}
Event: 8.421 GC heap before
{Heap before GC invocations=16 (full 2):
 PSYoungGen      total 25600K, used 22016K [0x00000000d5580000, 0x00000000d7280000, 0x0000000100000000)
  eden space 22016K, 100% used [0x00000000d5580000,0x00000000d6b00000,0x00000000d6b00000)
  from space 3584K, 0% used [0x00000000d6b80000,0x00000000d6b80000,0x00000000d6f00000)
  to   space 1536K, 0% used [0x00000000d7100000,0x00000000d7100000,0x00000000d7280000)
 ParOldGen       total 68608K, used 18695K [0x0000000080000000, 0x0000000084300000, 0x00000000d5580000)
  object space 68608K, 27% used [0x0000000080000000,0x0000000081241cd8,0x0000000084300000)
 Metaspace       used 36355K, committed 37440K, reserved 1114112K
  class space    used 3832K, committed 4288K, reserved 1048576K
}
Event: 8.423 GC heap after
{Heap after GC invocations=16 (full 2):
 PSYoungGen      total 23040K, used 768K [0x00000000d5580000, 0x00000000d7200000, 0x0000000100000000)
  eden space 22016K, 0% used [0x00000000d5580000,0x00000000d5580000,0x00000000d6b00000)
  from space 1024K, 75% used [0x00000000d7100000,0x00000000d71c0000,0x00000000d7200000)
  to   space 1024K, 0% used [0x00000000d7000000,0x00000000d7000000,0x00000000d7100000)
 ParOldGen       total 68608K, used 18703K [0x0000000080000000, 0x0000000084300000, 0x00000000d5580000)
  object space 68608K, 27% used [0x0000000080000000,0x0000000081243cd8,0x0000000084300000)
 Metaspace       used 36355K, committed 37440K, reserved 1114112K
  class space    used 3832K, committed 4288K, reserved 1048576K
}
Event: 8.706 GC heap before
{Heap before GC invocations=17 (full 2):
 PSYoungGen      total 23040K, used 22783K [0x00000000d5580000, 0x00000000d7200000, 0x0000000100000000)
  eden space 22016K, 99% used [0x00000000d5580000,0x00000000d6affff0,0x00000000d6b00000)
  from space 1024K, 75% used [0x00000000d7100000,0x00000000d71c0000,0x00000000d7200000)
  to   space 1024K, 0% used [0x00000000d7000000,0x00000000d7000000,0x00000000d7100000)
 ParOldGen       total 68608K, used 18703K [0x0000000080000000, 0x0000000084300000, 0x00000000d5580000)
  object space 68608K, 27% used [0x0000000080000000,0x0000000081243cd8,0x0000000084300000)
 Metaspace       used 38217K, committed 39360K, reserved 1114112K
  class space    used 4078K, committed 4544K, reserved 1048576K
}
Event: 8.708 GC heap after
{Heap after GC invocations=17 (full 2):
 PSYoungGen      total 23040K, used 608K [0x00000000d5580000, 0x00000000d7180000, 0x0000000100000000)
  eden space 22016K, 0% used [0x00000000d5580000,0x00000000d5580000,0x00000000d6b00000)
  from space 1024K, 59% used [0x00000000d7000000,0x00000000d7098000,0x00000000d7100000)
  to   space 512K, 0% used [0x00000000d7100000,0x00000000d7100000,0x00000000d7180000)
 ParOldGen       total 68608K, used 19351K [0x0000000080000000, 0x0000000084300000, 0x00000000d5580000)
  object space 68608K, 28% used [0x0000000080000000,0x00000000812e5cd8,0x0000000084300000)
 Metaspace       used 38217K, committed 39360K, reserved 1114112K
  class space    used 4078K, committed 4544K, reserved 1048576K
}
Event: 9.069 GC heap before
{Heap before GC invocations=18 (full 2):
 PSYoungGen      total 23040K, used 22624K [0x00000000d5580000, 0x00000000d7180000, 0x0000000100000000)
  eden space 22016K, 100% used [0x00000000d5580000,0x00000000d6b00000,0x00000000d6b00000)
  from space 1024K, 59% used [0x00000000d7000000,0x00000000d7098000,0x00000000d7100000)
  to   space 512K, 0% used [0x00000000d7100000,0x00000000d7100000,0x00000000d7180000)
 ParOldGen       total 68608K, used 19351K [0x0000000080000000, 0x0000000084300000, 0x00000000d5580000)
  object space 68608K, 28% used [0x0000000080000000,0x00000000812e5cd8,0x0000000084300000)
 Metaspace       used 40690K, committed 41792K, reserved 1114112K
  class space    used 4390K, committed 4864K, reserved 1048576K
}
Event: 9.073 GC heap after
{Heap after GC invocations=18 (full 2):
 PSYoungGen      total 22528K, used 512K [0x00000000d5580000, 0x00000000d7180000, 0x0000000100000000)
  eden space 22016K, 0% used [0x00000000d5580000,0x00000000d5580000,0x00000000d6b00000)
  from space 512K, 100% used [0x00000000d7100000,0x00000000d7180000,0x00000000d7180000)
  to   space 2048K, 0% used [0x00000000d6d80000,0x00000000d6d80000,0x00000000d6f80000)
 ParOldGen       total 68608K, used 20522K [0x0000000080000000, 0x0000000084300000, 0x00000000d5580000)
  object space 68608K, 29% used [0x0000000080000000,0x000000008140a9f8,0x0000000084300000)
 Metaspace       used 40690K, committed 41792K, reserved 1114112K
  class space    used 4390K, committed 4864K, reserved 1048576K
}
Event: 10.159 GC heap before
{Heap before GC invocations=19 (full 2):
 PSYoungGen      total 22528K, used 22528K [0x00000000d5580000, 0x00000000d7180000, 0x0000000100000000)
  eden space 22016K, 100% used [0x00000000d5580000,0x00000000d6b00000,0x00000000d6b00000)
  from space 512K, 100% used [0x00000000d7100000,0x00000000d7180000,0x00000000d7180000)
  to   space 2048K, 0% used [0x00000000d6d80000,0x00000000d6d80000,0x00000000d6f80000)
 ParOldGen       total 68608K, used 20522K [0x0000000080000000, 0x0000000084300000, 0x00000000d5580000)
  object space 68608K, 29% used [0x0000000080000000,0x000000008140a9f8,0x0000000084300000)
 Metaspace       used 43185K, committed 44288K, reserved 1114112K
  class space    used 4729K, committed 5184K, reserved 1048576K
}
Event: 10.162 GC heap after
{Heap after GC invocations=19 (full 2):
 PSYoungGen      total 24064K, used 1344K [0x00000000d5580000, 0x00000000d7180000, 0x0000000100000000)
  eden space 22016K, 0% used [0x00000000d5580000,0x00000000d5580000,0x00000000d6b00000)
  from space 2048K, 65% used [0x00000000d6d80000,0x00000000d6ed0000,0x00000000d6f80000)
  to   space 1536K, 0% used [0x00000000d7000000,0x00000000d7000000,0x00000000d7180000)
 ParOldGen       total 68608K, used 21034K [0x0000000080000000, 0x0000000084300000, 0x00000000d5580000)
  object space 68608K, 30% used [0x0000000080000000,0x000000008148a9f8,0x0000000084300000)
 Metaspace       used 43185K, committed 44288K, reserved 1114112K
  class space    used 4729K, committed 5184K, reserved 1048576K
}
Event: 11.055 GC heap before
{Heap before GC invocations=20 (full 2):
 PSYoungGen      total 24064K, used 23357K [0x00000000d5580000, 0x00000000d7180000, 0x0000000100000000)
  eden space 22016K, 99% used [0x00000000d5580000,0x00000000d6aff4d8,0x00000000d6b00000)
  from space 2048K, 65% used [0x00000000d6d80000,0x00000000d6ed0000,0x00000000d6f80000)
  to   space 1536K, 0% used [0x00000000d7000000,0x00000000d7000000,0x00000000d7180000)
 ParOldGen       total 68608K, used 21034K [0x0000000080000000, 0x0000000084300000, 0x00000000d5580000)
  object space 68608K, 30% used [0x0000000080000000,0x000000008148a9f8,0x0000000084300000)
 Metaspace       used 45368K, committed 46528K, reserved 1114112K
  class space    used 4965K, committed 5504K, reserved 1048576K
}
Event: 11.057 GC heap after
{Heap after GC invocations=20 (full 2):
 PSYoungGen      total 23552K, used 1145K [0x00000000d5580000, 0x00000000d7180000, 0x0000000100000000)
  eden space 22016K, 0% used [0x00000000d5580000,0x00000000d5580000,0x00000000d6b00000)
  from space 1536K, 74% used [0x00000000d7000000,0x00000000d711e7d0,0x00000000d7180000)
  to   space 1536K, 0% used [0x00000000d6e80000,0x00000000d6e80000,0x00000000d7000000)
 ParOldGen       total 68608K, used 22226K [0x0000000080000000, 0x0000000084300000, 0x00000000d5580000)
  object space 68608K, 32% used [0x0000000080000000,0x00000000815b4a18,0x0000000084300000)
 Metaspace       used 45368K, committed 46528K, reserved 1114112K
  class space    used 4965K, committed 5504K, reserved 1048576K
}
Event: 11.679 GC heap before
{Heap before GC invocations=21 (full 2):
 PSYoungGen      total 23552K, used 23161K [0x00000000d5580000, 0x00000000d7180000, 0x0000000100000000)
  eden space 22016K, 100% used [0x00000000d5580000,0x00000000d6b00000,0x00000000d6b00000)
  from space 1536K, 74% used [0x00000000d7000000,0x00000000d711e7d0,0x00000000d7180000)
  to   space 1536K, 0% used [0x00000000d6e80000,0x00000000d6e80000,0x00000000d7000000)
 ParOldGen       total 68608K, used 22226K [0x0000000080000000, 0x0000000084300000, 0x00000000d5580000)
  object space 68608K, 32% used [0x0000000080000000,0x00000000815b4a18,0x0000000084300000)
 Metaspace       used 47578K, committed 48640K, reserved 1114112K
  class space    used 5294K, committed 5760K, reserved 1048576K
}
Event: 11.681 GC heap after
{Heap after GC invocations=21 (full 2):
 PSYoungGen      total 23040K, used 672K [0x00000000d5580000, 0x00000000d7080000, 0x0000000100000000)
  eden space 22016K, 0% used [0x00000000d5580000,0x00000000d5580000,0x00000000d6b00000)
  from space 1024K, 65% used [0x00000000d6e80000,0x00000000d6f28000,0x00000000d6f80000)
  to   space 1024K, 0% used [0x00000000d6f80000,0x00000000d6f80000,0x00000000d7080000)
 ParOldGen       total 68608K, used 23262K [0x0000000080000000, 0x0000000084300000, 0x00000000d5580000)
  object space 68608K, 33% used [0x0000000080000000,0x00000000816b79c8,0x0000000084300000)
 Metaspace       used 47578K, committed 48640K, reserved 1114112K
  class space    used 5294K, committed 5760K, reserved 1048576K
}
Event: 12.232 GC heap before
{Heap before GC invocations=22 (full 2):
 PSYoungGen      total 23040K, used 22688K [0x00000000d5580000, 0x00000000d7080000, 0x0000000100000000)
  eden space 22016K, 100% used [0x00000000d5580000,0x00000000d6b00000,0x00000000d6b00000)
  from space 1024K, 65% used [0x00000000d6e80000,0x00000000d6f28000,0x00000000d6f80000)
  to   space 1024K, 0% used [0x00000000d6f80000,0x00000000d6f80000,0x00000000d7080000)
 ParOldGen       total 68608K, used 23262K [0x0000000080000000, 0x0000000084300000, 0x00000000d5580000)
  object space 68608K, 33% used [0x0000000080000000,0x00000000816b79c8,0x0000000084300000)
 Metaspace       used 48827K, committed 49984K, reserved 1114112K
  class space    used 5490K, committed 6016K, reserved 1048576K
}
Event: 12.236 GC heap after
{Heap after GC invocations=22 (full 2):
 PSYoungGen      total 16896K, used 1015K [0x00000000d5580000, 0x00000000d8000000, 0x0000000100000000)
  eden space 15872K, 0% used [0x00000000d5580000,0x00000000d5580000,0x00000000d6500000)
  from space 1024K, 99% used [0x00000000d6f80000,0x00000000d707ddf8,0x00000000d7080000)
  to   space 10752K, 0% used [0x00000000d6500000,0x00000000d6500000,0x00000000d6f80000)
 ParOldGen       total 68608K, used 31524K [0x0000000080000000, 0x0000000084300000, 0x00000000d5580000)
  object space 68608K, 45% used [0x0000000080000000,0x0000000081ec9038,0x0000000084300000)
 Metaspace       used 48827K, committed 49984K, reserved 1114112K
  class space    used 5490K, committed 6016K, reserved 1048576K
}

Dll operation events (11 events):
Event: 0.014 Loaded shared library c:\Users\Admin\.antigravity\extensions\redhat.java-1.50.0-win32-x64\jre\21.0.9-win32-x86_64\bin\java.dll
Event: 0.181 Loaded shared library c:\Users\Admin\.antigravity\extensions\redhat.java-1.50.0-win32-x64\jre\21.0.9-win32-x86_64\bin\zip.dll
Event: 0.208 Loaded shared library C:\Users\Admin\.antigravity\extensions\redhat.java-1.50.0-win32-x64\jre\21.0.9-win32-x86_64\bin\instrument.dll
Event: 0.213 Loaded shared library C:\Users\Admin\.antigravity\extensions\redhat.java-1.50.0-win32-x64\jre\21.0.9-win32-x86_64\bin\net.dll
Event: 0.215 Loaded shared library C:\Users\Admin\.antigravity\extensions\redhat.java-1.50.0-win32-x64\jre\21.0.9-win32-x86_64\bin\nio.dll
Event: 0.218 Loaded shared library C:\Users\Admin\.antigravity\extensions\redhat.java-1.50.0-win32-x64\jre\21.0.9-win32-x86_64\bin\zip.dll
Event: 0.269 Loaded shared library C:\Users\Admin\.antigravity\extensions\redhat.java-1.50.0-win32-x64\jre\21.0.9-win32-x86_64\bin\jimage.dll
Event: 0.518 Loaded shared library c:\Users\Admin\.antigravity\extensions\redhat.java-1.50.0-win32-x64\jre\21.0.9-win32-x86_64\bin\verify.dll
Event: 2.826 Loaded shared library C:\Users\Admin\AppData\Roaming\Antigravity\User\globalStorage\redhat.java\1.50.0\config_win\org.eclipse.equinox.launcher\org.eclipse.equinox.launcher.win32.win32.x86_64_1.2.1400.v20250801-0854\eclipse_11916.dll
Event: 5.437 Loaded shared library C:\Users\Admin\AppData\Local\Temp\jna-63116079\jna9259165143269482006.dll
Event: 12.351 Loaded shared library C:\Users\Admin\.gradle\native\1def1411415f61bf3af743bc5b6707747c0891f09f0c88961ee8f79bc544acac\windows-amd64\native-platform.dll

Deoptimization events (20 events):
Event: 11.871 Thread 0x000002155c434230 Uncommon trap: trap_request=0xffffff45 fr.pc=0x000002150ac1a3c8 relative=0x00000000000000a8
Event: 11.871 Thread 0x000002155c434230 Uncommon trap: reason=unstable_if action=reinterpret pc=0x000002150ac1a3c8 method=java.lang.String.isLatin1()Z @ 10 c2
Event: 11.871 Thread 0x000002155c434230 DEOPT PACKING pc=0x000002150ac1a3c8 sp=0x00000092395fd3f0
Event: 11.871 Thread 0x000002155c434230 DEOPT UNPACKING pc=0x000002150a6c3aa2 sp=0x00000092395fd320 mode 2
Event: 11.873 Thread 0x000002155c434230 Uncommon trap: trap_request=0xffffff45 fr.pc=0x000002150af29eb4 relative=0x00000000000016d4
Event: 11.873 Thread 0x000002155c434230 Uncommon trap: reason=unstable_if action=reinterpret pc=0x000002150af29eb4 method=java.util.zip.ZipFile$Source.isMetaName([BII)Z @ 57 c2
Event: 11.873 Thread 0x000002155c434230 DEOPT PACKING pc=0x000002150af29eb4 sp=0x00000092395fd640
Event: 11.873 Thread 0x000002155c434230 DEOPT UNPACKING pc=0x000002150a6c3aa2 sp=0x00000092395fd5c0 mode 2
Event: 11.873 Thread 0x000002155c434230 Uncommon trap: trap_request=0xffffff45 fr.pc=0x000002150acef1bc relative=0x000000000000017c
Event: 11.873 Thread 0x000002155c434230 Uncommon trap: reason=unstable_if action=reinterpret pc=0x000002150acef1bc method=java.util.zip.ZipFile$Source.isMetaName([BII)Z @ 57 c2
Event: 11.873 Thread 0x000002155c434230 DEOPT PACKING pc=0x000002150acef1bc sp=0x00000092395fd610
Event: 11.873 Thread 0x000002155c434230 DEOPT UNPACKING pc=0x000002150a6c3aa2 sp=0x00000092395fd5b8 mode 2
Event: 11.964 Thread 0x000002155c434230 DEOPT PACKING pc=0x0000021503290ab9 sp=0x00000092395fd9a0
Event: 11.964 Thread 0x000002155c434230 DEOPT UNPACKING pc=0x000002150a6c4242 sp=0x00000092395fcea0 mode 0
Event: 12.435 Thread 0x000002155c434230 Uncommon trap: trap_request=0xffffff45 fr.pc=0x000002150ae066ec relative=0x00000000000000cc
Event: 12.435 Thread 0x000002155c434230 Uncommon trap: reason=unstable_if action=reinterpret pc=0x000002150ae066ec method=java.util.RegularEnumSet.contains(Ljava/lang/Object;)Z @ 16 c2
Event: 12.435 Thread 0x000002155c434230 DEOPT PACKING pc=0x000002150ae066ec sp=0x00000092395fe3e0
Event: 12.435 Thread 0x000002155c434230 DEOPT UNPACKING pc=0x000002150a6c3aa2 sp=0x00000092395fe380 mode 2
Event: 12.589 Thread 0x000002155c434230 DEOPT PACKING pc=0x000002150330cf3d sp=0x00000092395fd250
Event: 12.589 Thread 0x000002155c434230 DEOPT UNPACKING pc=0x000002150a6c4242 sp=0x00000092395fc758 mode 0

Classes loaded (20 events):
Event: 11.449 Loading class java/util/TaskQueue
Event: 11.449 Loading class java/util/TaskQueue done
Event: 11.449 Loading class java/util/TimerThread
Event: 11.449 Loading class java/util/TimerThread done
Event: 11.449 Loading class java/util/Timer$ThreadReaper
Event: 11.449 Loading class java/util/Timer$ThreadReaper done
Event: 11.500 Loading class java/util/concurrent/CopyOnWriteArraySet
Event: 11.501 Loading class java/util/concurrent/CopyOnWriteArraySet done
Event: 11.554 Loading class java/util/concurrent/ArrayBlockingQueue
Event: 11.555 Loading class java/util/concurrent/ArrayBlockingQueue done
Event: 11.703 Loading class java/net/HttpURLConnection
Event: 11.704 Loading class java/net/HttpURLConnection done
Event: 11.721 Loading class java/io/FileFilter
Event: 11.721 Loading class java/io/FileFilter done
Event: 11.739 Loading class java/util/concurrent/ConcurrentHashMap$ValueSpliterator
Event: 11.739 Loading class java/util/concurrent/ConcurrentHashMap$ValueSpliterator done
Event: 11.741 Loading class jdk/internal/loader/BootLoader$PackageHelper
Event: 11.741 Loading class jdk/internal/loader/BootLoader$PackageHelper done
Event: 12.559 Loading class java/lang/Class$EnclosingMethodInfo
Event: 12.559 Loading class java/lang/Class$EnclosingMethodInfo done

Classes unloaded (13 events):
Event: 6.431 Thread 0x000002157e2ab5b0 Unloading class 0x00000215181aec00 'java/lang/invoke/LambdaForm$MH+0x00000215181aec00'
Event: 6.431 Thread 0x000002157e2ab5b0 Unloading class 0x00000215181ae800 'java/lang/invoke/LambdaForm$MH+0x00000215181ae800'
Event: 6.431 Thread 0x000002157e2ab5b0 Unloading class 0x00000215181ae400 'java/lang/invoke/LambdaForm$MH+0x00000215181ae400'
Event: 6.431 Thread 0x000002157e2ab5b0 Unloading class 0x00000215181ae000 'java/lang/invoke/LambdaForm$MH+0x00000215181ae000'
Event: 6.431 Thread 0x000002157e2ab5b0 Unloading class 0x00000215181adc00 'java/lang/invoke/LambdaForm$BMH+0x00000215181adc00'
Event: 6.431 Thread 0x000002157e2ab5b0 Unloading class 0x00000215181ad800 'java/lang/invoke/LambdaForm$DMH+0x00000215181ad800'
Event: 6.431 Thread 0x000002157e2ab5b0 Unloading class 0x00000215181ac400 'java/lang/invoke/LambdaForm$DMH+0x00000215181ac400'
Event: 8.072 Thread 0x000002157e2ab5b0 Unloading class 0x000002151831b800 'java/lang/invoke/LambdaForm$MH+0x000002151831b800'
Event: 8.072 Thread 0x000002157e2ab5b0 Unloading class 0x000002151831b000 'java/lang/invoke/LambdaForm$MH+0x000002151831b000'
Event: 8.072 Thread 0x000002157e2ab5b0 Unloading class 0x000002151831a400 'java/lang/invoke/LambdaForm$DMH+0x000002151831a400'
Event: 8.072 Thread 0x000002157e2ab5b0 Unloading class 0x0000021518319c00 'java/lang/invoke/LambdaForm$MH+0x0000021518319c00'
Event: 8.072 Thread 0x000002157e2ab5b0 Unloading class 0x0000021518316800 'java/lang/invoke/LambdaForm$MH+0x0000021518316800'
Event: 8.072 Thread 0x000002157e2ab5b0 Unloading class 0x0000021518315800 'java/lang/invoke/LambdaForm$DMH+0x0000021518315800'

Classes redefined (0 events):
No events

Internal exceptions (20 events):
Event: 11.324 Thread 0x000002155d387ab0 Exception <a 'sun/nio/fs/WindowsException'{0x00000000d5deecf0}> (0x00000000d5deecf0) 
thrown [s\src\hotspot\share\prims\jni.cpp, line 520]
Event: 11.325 Thread 0x000002155d387ab0 Exception <a 'sun/nio/fs/WindowsException'{0x00000000d5df4af8}> (0x00000000d5df4af8) 
thrown [s\src\hotspot\share\prims\jni.cpp, line 520]
Event: 11.327 Thread 0x000002155d387ab0 Exception <a 'sun/nio/fs/WindowsException'{0x00000000d5df5278}> (0x00000000d5df5278) 
thrown [s\src\hotspot\share\prims\jni.cpp, line 520]
Event: 11.327 Thread 0x000002155d387ab0 Exception <a 'sun/nio/fs/WindowsException'{0x00000000d5df57b0}> (0x00000000d5df57b0) 
thrown [s\src\hotspot\share\prims\jni.cpp, line 520]
Event: 11.327 Thread 0x000002155d387ab0 Exception <a 'sun/nio/fs/WindowsException'{0x00000000d5df5d50}> (0x00000000d5df5d50) 
thrown [s\src\hotspot\share\prims\jni.cpp, line 520]
Event: 11.328 Thread 0x000002155d387ab0 Exception <a 'sun/nio/fs/WindowsException'{0x00000000d5df8c70}> (0x00000000d5df8c70) 
thrown [s\src\hotspot\share\prims\jni.cpp, line 520]
Event: 11.328 Thread 0x000002155d387ab0 Exception <a 'sun/nio/fs/WindowsException'{0x00000000d5df9208}> (0x00000000d5df9208) 
thrown [s\src\hotspot\share\prims\jni.cpp, line 520]
Event: 11.328 Thread 0x000002155d387ab0 Exception <a 'sun/nio/fs/WindowsException'{0x00000000d5df97a0}> (0x00000000d5df97a0) 
thrown [s\src\hotspot\share\prims\jni.cpp, line 520]
Event: 11.328 Thread 0x000002155d387ab0 Exception <a 'sun/nio/fs/WindowsException'{0x00000000d5df9d58}> (0x00000000d5df9d58) 
thrown [s\src\hotspot\share\prims\jni.cpp, line 520]
Event: 11.328 Thread 0x000002155d387ab0 Exception <a 'sun/nio/fs/WindowsException'{0x00000000d5dfcde0}> (0x00000000d5dfcde0) 
thrown [s\src\hotspot\share\prims\jni.cpp, line 520]
Event: 11.329 Thread 0x000002155d387ab0 Exception <a 'sun/nio/fs/WindowsException'{0x00000000d5dfd378}> (0x00000000d5dfd378) 
thrown [s\src\hotspot\share\prims\jni.cpp, line 520]
Event: 11.329 Thread 0x000002155d387ab0 Exception <a 'sun/nio/fs/WindowsException'{0x00000000d5dfd910}> (0x00000000d5dfd910) 
thrown [s\src\hotspot\share\prims\jni.cpp, line 520]
Event: 11.329 Thread 0x000002155d387ab0 Exception <a 'sun/nio/fs/WindowsException'{0x00000000d5dfdec8}> (0x00000000d5dfdec8) 
thrown [s\src\hotspot\share\prims\jni.cpp, line 520]
Event: 11.330 Thread 0x000002155d387ab0 Exception <a 'sun/nio/fs/WindowsException'{0x00000000d5e012c0}> (0x00000000d5e012c0) 
thrown [s\src\hotspot\share\prims\jni.cpp, line 520]
Event: 11.330 Thread 0x000002155d387ab0 Exception <a 'sun/nio/fs/WindowsException'{0x00000000d5e01870}> (0x00000000d5e01870) 
thrown [s\src\hotspot\share\prims\jni.cpp, line 520]
Event: 11.330 Thread 0x000002155d387ab0 Exception <a 'sun/nio/fs/WindowsException'{0x00000000d5e02070}> (0x00000000d5e02070) 
thrown [s\src\hotspot\share\prims\jni.cpp, line 520]
Event: 11.330 Thread 0x000002155d387ab0 Exception <a 'sun/nio/fs/WindowsException'{0x00000000d5e02640}> (0x00000000d5e02640) 
thrown [s\src\hotspot\share\prims\jni.cpp, line 520]
Event: 11.502 Thread 0x000002155d387ab0 Exception <a 'java/lang/NoSuchMethodError'{0x00000000d6597a20}: 'java.lang.Object java.lang.invoke.DirectMethodHandle$Holder.invokeVirtual(java.lang.Object, java.lang.Object, java.lang.Object, java.lang.Object)'> (0x00000000d6597a20) 
thrown [s\src\hotspot\share\interpreter\linkResolver.cpp, line 773]
Event: 11.505 Thread 0x000002155d387ab0 Exception <a 'java/lang/NoSuchMethodError'{0x00000000d65ba858}: 'java.lang.Object java.lang.invoke.DirectMethodHandle$Holder.invokeVirtual(java.lang.Object, java.lang.Object, java.lang.Object, java.lang.Object, java.lang.Object)'> (0x00000000d65ba858) 
thrown [s\src\hotspot\share\interpreter\linkResolver.cpp, line 773]
Event: 12.276 Thread 0x000002155fb1ee60 Exception <a 'java/lang/IncompatibleClassChangeError'{0x00000000d55c0040}: Found class java.lang.Object, but interface was expected> (0x00000000d55c0040) 
thrown [s\src\hotspot\share\interpreter\linkResolver.cpp, line 840]

ZGC Phase Switch (0 events):
No events

VM Operations (20 events):
Event: 9.069 Executing VM operation: ParallelGCFailedAllocation (Allocation Failure)
Event: 9.073 Executing VM operation: ParallelGCFailedAllocation (Allocation Failure) done
Event: 9.312 Executing VM operation: HandshakeAllThreads (Deoptimize)
Event: 9.313 Executing VM operation: HandshakeAllThreads (Deoptimize) done
Event: 10.057 Executing VM operation: ICBufferFull
Event: 10.058 Executing VM operation: ICBufferFull done
Event: 10.159 Executing VM operation: ParallelGCFailedAllocation (Allocation Failure)
Event: 10.162 Executing VM operation: ParallelGCFailedAllocation (Allocation Failure) done
Event: 10.982 Executing VM operation: HandshakeAllThreads (Deoptimize)
Event: 10.982 Executing VM operation: HandshakeAllThreads (Deoptimize) done
Event: 11.004 Executing VM operation: ICBufferFull
Event: 11.004 Executing VM operation: ICBufferFull done
Event: 11.055 Executing VM operation: ParallelGCFailedAllocation (Allocation Failure)
Event: 11.057 Executing VM operation: ParallelGCFailedAllocation (Allocation Failure) done
Event: 11.679 Executing VM operation: ParallelGCFailedAllocation (Allocation Failure)
Event: 11.681 Executing VM operation: ParallelGCFailedAllocation (Allocation Failure) done
Event: 11.736 Executing VM operation: HandshakeAllThreads (Deoptimize)
Event: 11.736 Executing VM operation: HandshakeAllThreads (Deoptimize) done
Event: 12.232 Executing VM operation: ParallelGCFailedAllocation (Allocation Failure)
Event: 12.236 Executing VM operation: ParallelGCFailedAllocation (Allocation Failure) done

Memory protections (0 events):
No events

Nmethod flushes (20 events):
Event: 8.082 Thread 0x000002157e2ab5b0 flushing  nmethod 0x000002150378be90
Event: 8.082 Thread 0x000002157e2ab5b0 flushing  nmethod 0x000002150378c690
Event: 8.082 Thread 0x000002157e2ab5b0 flushing  nmethod 0x000002150378e390
Event: 8.082 Thread 0x000002157e2ab5b0 flushing  nmethod 0x000002150378e890
Event: 8.082 Thread 0x000002157e2ab5b0 flushing  nmethod 0x000002150378f190
Event: 8.082 Thread 0x000002157e2ab5b0 flushing  nmethod 0x000002150378f610
Event: 8.082 Thread 0x000002157e2ab5b0 flushing  nmethod 0x0000021503790590
Event: 8.082 Thread 0x000002157e2ab5b0 flushing  nmethod 0x0000021503792e10
Event: 8.082 Thread 0x000002157e2ab5b0 flushing  nmethod 0x0000021503793110
Event: 8.082 Thread 0x000002157e2ab5b0 flushing  nmethod 0x000002150379dc90
Event: 8.082 Thread 0x000002157e2ab5b0 flushing  nmethod 0x00000215037a5a10
Event: 8.082 Thread 0x000002157e2ab5b0 flushing  nmethod 0x00000215037ed490
Event: 8.082 Thread 0x000002157e2ab5b0 flushing  nmethod 0x00000215037eed10
Event: 8.082 Thread 0x000002157e2ab5b0 flushing  nmethod 0x00000215037f6e10
Event: 8.082 Thread 0x000002157e2ab5b0 flushing  nmethod 0x0000021503837390
Event: 8.082 Thread 0x000002157e2ab5b0 flushing osr nmethod 0x0000021503852010
Event: 8.082 Thread 0x000002157e2ab5b0 flushing  nmethod 0x0000021503852b90
Event: 8.082 Thread 0x000002157e2ab5b0 flushing  nmethod 0x0000021503855d10
Event: 8.082 Thread 0x000002157e2ab5b0 flushing  nmethod 0x0000021503867f90
Event: 8.082 Thread 0x000002157e2ab5b0 flushing  nmethod 0x000002150388e610

Events (20 events):
Event: 5.835 Thread 0x000002155d9236b0 Thread exited: 0x000002155d9236b0
Event: 6.620 Thread 0x00000215162e5740 Thread added: 0x000002155d018550
Event: 7.192 Thread 0x000002155c9731a0 Thread added: 0x000002155d386070
Event: 7.421 Thread 0x000002155d386700 Thread added: 0x000002155d386d90
Event: 7.607 Thread 0x000002155d386d90 Thread added: 0x000002155d387420
Event: 7.716 Thread 0x000002155d387420 Thread added: 0x000002155d387ab0
Event: 7.876 Thread 0x000002155d387ab0 Thread added: 0x000002155d3887d0
Event: 8.005 Thread 0x000002157c051720 Thread added: 0x000002155d388140
Event: 8.005 Thread 0x000002157c051720 Thread added: 0x000002155d3894f0
Event: 8.006 Thread 0x000002157c051720 Thread added: 0x000002155fb1e7d0
Event: 8.006 Thread 0x000002157c051720 Thread added: 0x000002155fb20210
Event: 8.006 Thread 0x000002157c051720 Thread added: 0x000002155fb1fb80
Event: 8.110 Thread 0x000002157c051720 Thread added: 0x000002155fb208a0
Event: 8.462 Thread 0x000002157c051720 Thread added: 0x000002155fb20f30
Event: 8.462 Thread 0x000002157c051720 Thread added: 0x000002155fb1ee60
Event: 10.935 Thread 0x000002155d386d90 Thread added: 0x000002155fb215c0
Event: 10.938 Thread 0x000002155fb215c0 Thread added: 0x000002155fb1e140
Event: 11.449 Thread 0x000002155d387ab0 Thread added: 0x000002155fb1f4f0
Event: 11.630 Thread 0x000002155d387ab0 Thread added: 0x000002155c434230
Event: 12.564 Thread 0x000002155d018550 Thread exited: 0x000002155d018550


Dynamic libraries:
0x00007ff6b7ab0000 - 0x00007ff6b7abe000 	c:\Users\Admin\.antigravity\extensions\redhat.java-1.50.0-win32-x64\jre\21.0.9-win32-x86_64\bin\java.exe
0x00007ff91ea90000 - 0x00007ff91ec88000 	C:\WINDOWS\SYSTEM32\ntdll.dll
0x00007ff91e2b0000 - 0x00007ff91e372000 	C:\WINDOWS\System32\KERNEL32.DLL
0x00007ff91c1c0000 - 0x00007ff91c4b6000 	C:\WINDOWS\System32\KERNELBASE.dll
0x00007ff91c960000 - 0x00007ff91ca60000 	C:\WINDOWS\System32\ucrtbase.dll
0x00007ff8fadc0000 - 0x00007ff8fadd8000 	c:\Users\Admin\.antigravity\extensions\redhat.java-1.50.0-win32-x64\jre\21.0.9-win32-x86_64\bin\jli.dll
0x00007ff91cfd0000 - 0x00007ff91d171000 	C:\WINDOWS\System32\USER32.dll
0x00007ff91c550000 - 0x00007ff91c572000 	C:\WINDOWS\System32\win32u.dll
0x00007ff91cdd0000 - 0x00007ff91cdfb000 	C:\WINDOWS\System32\GDI32.dll
0x00007ff91c710000 - 0x00007ff91c829000 	C:\WINDOWS\System32\gdi32full.dll
0x00007ff91c120000 - 0x00007ff91c1bd000 	C:\WINDOWS\System32\msvcp_win.dll
0x00007ff8face0000 - 0x00007ff8facfe000 	c:\Users\Admin\.antigravity\extensions\redhat.java-1.50.0-win32-x64\jre\21.0.9-win32-x86_64\bin\VCRUNTIME140.dll
0x00007ff90b970000 - 0x00007ff90bc0b000 	C:\WINDOWS\WinSxS\amd64_microsoft.windows.common-controls_6595b64144ccf1df_6.0.19041.6456_none_60b8a6cb71f64256\COMCTL32.dll
0x00007ff91e540000 - 0x00007ff91e5de000 	C:\WINDOWS\System32\msvcrt.dll
0x00007ff91d180000 - 0x00007ff91d1af000 	C:\WINDOWS\System32\IMM32.DLL
0x00007ff90c240000 - 0x00007ff90c24c000 	c:\Users\Admin\.antigravity\extensions\redhat.java-1.50.0-win32-x64\jre\21.0.9-win32-x86_64\bin\vcruntime140_1.dll
0x00007ff8f8670000 - 0x00007ff8f86fd000 	c:\Users\Admin\.antigravity\extensions\redhat.java-1.50.0-win32-x64\jre\21.0.9-win32-x86_64\bin\msvcp140.dll
0x00007ff8e39a0000 - 0x00007ff8e4740000 	c:\Users\Admin\.antigravity\extensions\redhat.java-1.50.0-win32-x64\jre\21.0.9-win32-x86_64\bin\server\jvm.dll
0x00007ff91d220000 - 0x00007ff91d2d1000 	C:\WINDOWS\System32\ADVAPI32.dll
0x00007ff91d2f0000 - 0x00007ff91d38f000 	C:\WINDOWS\System32\sechost.dll
0x00007ff91df50000 - 0x00007ff91e070000 	C:\WINDOWS\System32\RPCRT4.dll
0x00007ff91c6e0000 - 0x00007ff91c707000 	C:\WINDOWS\System32\bcrypt.dll
0x00007ff91d1b0000 - 0x00007ff91d21b000 	C:\WINDOWS\System32\WS2_32.dll
0x00007ff91b6b0000 - 0x00007ff91b6fb000 	C:\WINDOWS\SYSTEM32\POWRPROF.dll
0x00007ff9129b0000 - 0x00007ff9129d7000 	C:\WINDOWS\SYSTEM32\WINMM.dll
0x00007ff915d60000 - 0x00007ff915d6a000 	C:\WINDOWS\SYSTEM32\VERSION.dll
0x00007ff91b520000 - 0x00007ff91b532000 	C:\WINDOWS\SYSTEM32\UMPDC.dll
0x00007ff919fb0000 - 0x00007ff919fc2000 	C:\WINDOWS\SYSTEM32\kernel.appcore.dll
0x00007ff908ec0000 - 0x00007ff908eca000 	c:\Users\Admin\.antigravity\extensions\redhat.java-1.50.0-win32-x64\jre\21.0.9-win32-x86_64\bin\jimage.dll
0x00007ff916af0000 - 0x00007ff916cf1000 	C:\WINDOWS\SYSTEM32\DBGHELP.DLL
0x00007ff8f9ff0000 - 0x00007ff8fa024000 	C:\WINDOWS\SYSTEM32\dbgcore.DLL
0x00007ff91c4c0000 - 0x00007ff91c542000 	C:\WINDOWS\System32\bcryptPrimitives.dll
0x00007ff8fadb0000 - 0x00007ff8fadbf000 	c:\Users\Admin\.antigravity\extensions\redhat.java-1.50.0-win32-x64\jre\21.0.9-win32-x86_64\bin\instrument.dll
0x00007ff8fac00000 - 0x00007ff8fac20000 	c:\Users\Admin\.antigravity\extensions\redhat.java-1.50.0-win32-x64\jre\21.0.9-win32-x86_64\bin\java.dll
0x00007ff91d400000 - 0x00007ff91db70000 	C:\WINDOWS\System32\SHELL32.dll
0x00007ff91a1b0000 - 0x00007ff91a955000 	C:\WINDOWS\SYSTEM32\windows.storage.dll
0x00007ff91db70000 - 0x00007ff91dec4000 	C:\WINDOWS\System32\combase.dll
0x00007ff91bb50000 - 0x00007ff91bb7b000 	C:\WINDOWS\SYSTEM32\Wldp.dll
0x00007ff91e410000 - 0x00007ff91e4dd000 	C:\WINDOWS\System32\OLEAUT32.dll
0x00007ff91e200000 - 0x00007ff91e2ad000 	C:\WINDOWS\System32\SHCORE.dll
0x00007ff91e4e0000 - 0x00007ff91e53b000 	C:\WINDOWS\System32\shlwapi.dll
0x00007ff91c050000 - 0x00007ff91c074000 	C:\WINDOWS\SYSTEM32\profapi.dll
0x00007ff8fa9d0000 - 0x00007ff8fa9e8000 	c:\Users\Admin\.antigravity\extensions\redhat.java-1.50.0-win32-x64\jre\21.0.9-win32-x86_64\bin\zip.dll
0x00007ff8fa630000 - 0x00007ff8fa640000 	C:\Users\Admin\.antigravity\extensions\redhat.java-1.50.0-win32-x64\jre\21.0.9-win32-x86_64\bin\net.dll
0x00007ff915610000 - 0x00007ff91571a000 	C:\WINDOWS\SYSTEM32\WINHTTP.dll
0x00007ff91b8b0000 - 0x00007ff91b91a000 	C:\WINDOWS\system32\mswsock.dll
0x00007ff8fa590000 - 0x00007ff8fa5a6000 	C:\Users\Admin\.antigravity\extensions\redhat.java-1.50.0-win32-x64\jre\21.0.9-win32-x86_64\bin\nio.dll
0x00007ff8fa620000 - 0x00007ff8fa630000 	c:\Users\Admin\.antigravity\extensions\redhat.java-1.50.0-win32-x64\jre\21.0.9-win32-x86_64\bin\verify.dll
0x00007ff8f4720000 - 0x00007ff8f4764000 	C:\Users\Admin\AppData\Roaming\Antigravity\User\globalStorage\redhat.java\1.50.0\config_win\org.eclipse.equinox.launcher\org.eclipse.equinox.launcher.win32.win32.x86_64_1.2.1400.v20250801-0854\eclipse_11916.dll
0x00007ff91e0d0000 - 0x00007ff91e1fb000 	C:\WINDOWS\System32\ole32.dll
0x00007ff91baa0000 - 0x00007ff91bab8000 	C:\WINDOWS\SYSTEM32\CRYPTSP.dll
0x00007ff91b160000 - 0x00007ff91b198000 	C:\WINDOWS\system32\rsaenh.dll
0x00007ff91c010000 - 0x00007ff91c03e000 	C:\WINDOWS\SYSTEM32\USERENV.dll
0x00007ff91bac0000 - 0x00007ff91bacc000 	C:\WINDOWS\SYSTEM32\CRYPTBASE.dll
0x00007ff91b540000 - 0x00007ff91b57b000 	C:\WINDOWS\SYSTEM32\IPHLPAPI.DLL
0x00007ff91d2e0000 - 0x00007ff91d2e8000 	C:\WINDOWS\System32\NSI.dll
0x00007ff8fa6b0000 - 0x00007ff8fa6f9000 	C:\Users\Admin\AppData\Local\Temp\jna-63116079\jna9259165143269482006.dll
0x00007ff91d390000 - 0x00007ff91d398000 	C:\WINDOWS\System32\PSAPI.DLL
0x00007ff9166d0000 - 0x00007ff9166e7000 	C:\WINDOWS\SYSTEM32\dhcpcsvc6.DLL
0x00007ff9166b0000 - 0x00007ff9166cd000 	C:\WINDOWS\SYSTEM32\dhcpcsvc.DLL
0x00007ff8f8890000 - 0x00007ff8f88b7000 	C:\Users\Admin\.gradle\native\1def1411415f61bf3af743bc5b6707747c0891f09f0c88961ee8f79bc544acac\windows-amd64\native-platform.dll

JVMTI agents:
c:\Users\Admin\.antigravity\extensions\redhat.java-1.50.0-win32-x64\lombok\lombok-1.18.39-4050.jar path:c:\Users\Admin\.antigravity\extensions\redhat.java-1.50.0-win32-x64\jre\21.0.9-win32-x86_64\bin\instrument.dll, loaded, initialized, instrumentlib options:none

dbghelp: loaded successfully - version: 4.0.5 - missing functions: none
symbol engine: initialized successfully - sym options: 0x614 - pdb path: .;c:\Users\Admin\.antigravity\extensions\redhat.java-1.50.0-win32-x64\jre\21.0.9-win32-x86_64\bin;C:\WINDOWS\SYSTEM32;C:\WINDOWS\WinSxS\amd64_microsoft.windows.common-controls_6595b64144ccf1df_6.0.19041.6456_none_60b8a6cb71f64256;c:\Users\Admin\.antigravity\extensions\redhat.java-1.50.0-win32-x64\jre\21.0.9-win32-x86_64\bin\server;C:\Users\Admin\AppData\Roaming\Antigravity\User\globalStorage\redhat.java\1.50.0\config_win\org.eclipse.equinox.launcher\org.eclipse.equinox.launcher.win32.win32.x86_64_1.2.1400.v20250801-0854;C:\Users\Admin\AppData\Local\Temp\jna-63116079;C:\Users\Admin\.gradle\native\1def1411415f61bf3af743bc5b6707747c0891f09f0c88961ee8f79bc544acac\windows-amd64

VM Arguments:
jvm_args: --add-modules=ALL-SYSTEM --add-opens=java.base/java.util=ALL-UNNAMED --add-opens=java.base/java.lang=ALL-UNNAMED --add-opens=java.base/sun.nio.fs=ALL-UNNAMED -Declipse.application=org.eclipse.jdt.ls.core.id1 -Dosgi.bundles.defaultStartLevel=4 -Declipse.product=org.eclipse.jdt.ls.core.product -Djava.import.generatesMetadataFilesAtProjectRoot=false -DDetectVMInstallationsJob.disabled=true -Dfile.encoding=utf8 -XX:+UseParallelGC -XX:GCTimeRatio=4 -XX:AdaptiveSizePolicyWeight=90 -Dsun.zip.disableMemoryMapping=true -Xmx2G -Xms100m -Xlog:disable -javaagent:c:\Users\Admin\.antigravity\extensions\redhat.java-1.50.0-win32-x64\lombok\lombok-1.18.39-4050.jar -XX:+HeapDumpOnOutOfMemoryError -XX:HeapDumpPath=c:\Users\Admin\AppData\Roaming\Antigravity\User\workspaceStorage\af1cb1524c391b6bf54d4a5b5d479961\redhat.java -Daether.dependencyCollector.impl=bf 
java_command: c:\Users\Admin\.antigravity\extensions\redhat.java-1.50.0-win32-x64\server\plugins\org.eclipse.equinox.launcher_1.7.100.v20251111-0406.jar -configuration c:\Users\Admin\AppData\Roaming\Antigravity\User\globalStorage\redhat.java\1.50.0\config_win -data c:\Users\Admin\AppData\Roaming\Antigravity\User\workspaceStorage\af1cb1524c391b6bf54d4a5b5d479961\redhat.java\jdt_ws --pipe=\\.\pipe\lsp-700e8901b0020ff76b6acecdcd6fd6b2-sock
java_class_path (initial): c:\Users\Admin\.antigravity\extensions\redhat.java-1.50.0-win32-x64\server\plugins\org.eclipse.equinox.launcher_1.7.100.v20251111-0406.jar
Launcher Type: SUN_STANDARD

[Global flags]
    uintx AdaptiveSizePolicyWeight                 = 90                                        {product} {command line}
     intx CICompilerCount                          = 3                                         {product} {ergonomic}
    uintx GCTimeRatio                              = 4                                         {product} {command line}
     bool HeapDumpOnOutOfMemoryError               = true                                   {manageable} {command line}
    ccstr HeapDumpPath                             = c:\Users\Admin\AppData\Roaming\Antigravity\User\workspaceStorage\af1cb1524c391b6bf54d4a5b5d479961\redhat.java         {manageable} {command line}
   size_t InitialHeapSize                          = 104857600                                 {product} {command line}
   size_t MaxHeapSize                              = 2147483648                                {product} {command line}
   size_t MaxNewSize                               = 715653120                                 {product} {ergonomic}
   size_t MinHeapDeltaBytes                        = 524288                                    {product} {ergonomic}
   size_t MinHeapSize                              = 104857600                                 {product} {command line}
   size_t NewSize                                  = 34603008                                  {product} {ergonomic}
    uintx NonNMethodCodeHeapSize                   = 5832780                                {pd product} {ergonomic}
    uintx NonProfiledCodeHeapSize                  = 122912730                              {pd product} {ergonomic}
   size_t OldSize                                  = 70254592                                  {product} {ergonomic}
    uintx ProfiledCodeHeapSize                     = 122912730                              {pd product} {ergonomic}
    uintx ReservedCodeCacheSize                    = 251658240                              {pd product} {ergonomic}
     bool SegmentedCodeCache                       = true                                      {product} {ergonomic}
   size_t SoftMaxHeapSize                          = 2147483648                             {manageable} {ergonomic}
     bool UseCompressedOops                        = true                           {product lp64_product} {ergonomic}
     bool UseLargePagesIndividualAllocation        = false                                  {pd product} {ergonomic}
     bool UseParallelGC                            = true                                      {product} {command line}

Logging:
Log output configuration:
 #0: stdout all=off uptime,level,tags foldmultilines=false
 #1: stderr all=off uptime,level,tags foldmultilines=false

Release file:
JAVA_VERSION="21.0.9" 
MODULES="java.base java.compiler java.datatransfer java.xml java.prefs java.desktop java.instrument java.logging java.management java.security.sasl java.naming java.rmi java.management.rmi java.net.http java.scripting java.security.jgss java.transaction.xa java.sql java.sql.rowset java.xml.crypto java.se java.smartcardio jdk.accessibility jdk.internal.jvmstat jdk.attach jdk.charsets jdk.internal.opt jdk.zipfs jdk.compiler jdk.crypto.ec jdk.crypto.cryptoki jdk.crypto.mscapi jdk.dynalink jdk.internal.ed jdk.editpad jdk.hotspot.agent jdk.httpserver jdk.internal.le jdk.internal.vm.ci jdk.internal.vm.compiler jdk.internal.vm.compiler.management jdk.jartool jdk.javadoc jdk.jcmd jdk.management jdk.management.agent jdk.jconsole jdk.jdeps jdk.jdwp.agent jdk.jdi jdk.jfr jdk.jshell jdk.jsobject jdk.jstatd jdk.localedata jdk.management.jfr jdk.naming.dns jdk.naming.rmi jdk.net jdk.nio.mapmode jdk.random jdk.sctp jdk.security.auth jdk.security.jgss jdk.unsupported jdk.unsupported.desktop jdk.xml.dom" 

Environment Variables:
PATH=C:\Program Files\Common Files\Oracle\Java\javapath;C:\WINDOWS\system32;C:\WINDOWS;C:\WINDOWS\System32\Wbem;C:\WINDOWS\System32\WindowsPowerShell\v1.0\;C:\WINDOWS\System32\OpenSSH\;C:\Program Files\Microsoft SQL Server\150\Tools\Binn\;C:\Program Files\nodejs\;C:\Users\Admin\AppData\Local\Microsoft\WindowsApps;C:\Users\Admin\AppData\Local\Programs\Microsoft VS Code\bin;C:\Users\Admin\AppData\Local\Programs\Antigravity\bin;C:\Users\Admin\AppData\Roaming\npm
USERNAME=Admin
OS=Windows_NT
PROCESSOR_IDENTIFIER=Intel64 Family 6 Model 42 Stepping 7, GenuineIntel
TMP=C:\Users\Admin\AppData\Local\Temp
TEMP=C:\Users\Admin\AppData\Local\Temp




Periodic native trim disabled

---------------  S Y S T E M  ---------------

OS:
 Windows 10 , 64 bit Build 19041 (10.0.19041.5915)
OS uptime: 0 days 9:07 hours

CPU: total 4 (initial active 4) (4 cores per cpu, 1 threads per core) family 6 model 42 stepping 7 microcode 0x2f, cx8, cmov, fxsr, mmx, sse, sse2, sse3, ssse3, sse4.1, sse4.2, popcnt, tsc, tscinvbit, avx, aes, clmul, vzeroupper, clflush, rdtscp
Processor Information for the first 4 processors :
  Max Mhz: 3301, Current Mhz: 3301, Mhz Limit: 3301

Memory: 4k page, system-wide physical 16337M (6262M free)
TotalPageFile size 20433M (AvailPageFile size 5M)
current process WorkingSet (physical memory assigned to process): 231M, peak: 234M
current process commit charge ("private bytes"): 348M, peak: 350M

vm_info: OpenJDK 64-Bit Server VM (21.0.9+10-LTS) for windows-amd64 JRE (21.0.9+10-LTS), built on 2025-10-21T00:00:00Z by "admin" with unknown MS VC++:1942

END.
