#
# There is insufficient memory for the Java Runtime Environment to continue.
# Native memory allocation (malloc) failed to allocate 65616 bytes. Error detail: Chunk::new
# Possible reasons:
#   The system is out of physical RAM or swap space
#   This process is running with CompressedOops enabled, and the Java Heap may be blocking the growth of the native heap
# Possible solutions:
#   Reduce memory load on the system
#   Increase physical memory or swap space
#   Check if swap backing store is full
#   Decrease Java heap size (-Xmx/-Xms)
#   Decrease number of Java threads
#   Decrease Java thread stack sizes (-Xss)
#   Set larger code cache with -XX:ReservedCodeCacheSize=
#   JVM is running with Unscaled Compressed Oops mode in which the Java heap is
#     placed in the first 4GB address space. The Java Heap base address is the
#     maximum limit for the native heap growth. Please use -XX:HeapBaseMinAddress
#     to set the Java Heap base and to place the Java Heap above 4GB virtual address.
# This output file may be truncated or incomplete.
#
#  Out of Memory Error (arena.cpp:168), pid=17980, tid=5060
#
# JRE version: OpenJDK Runtime Environment Temurin-21.0.9+10 (21.0.9+10) (build 21.0.9+10-LTS)
# Java VM: OpenJDK 64-Bit Server VM Temurin-21.0.9+10 (21.0.9+10-LTS, mixed mode, sharing, tiered, compressed oops, compressed class ptrs, parallel gc, windows-amd64)
# No core dump will be written. Minidumps are not enabled by default on client versions of Windows
#

---------------  S U M M A R Y ------------

Command Line: --add-modules=ALL-SYSTEM --add-opens=java.base/java.util=ALL-UNNAMED --add-opens=java.base/java.lang=ALL-UNNAMED --add-opens=java.base/sun.nio.fs=ALL-UNNAMED -Declipse.application=org.eclipse.jdt.ls.core.id1 -Dosgi.bundles.defaultStartLevel=4 -Declipse.product=org.eclipse.jdt.ls.core.product -Djava.import.generatesMetadataFilesAtProjectRoot=false -DDetectVMInstallationsJob.disabled=true -Dfile.encoding=utf8 -XX:+UseParallelGC -XX:GCTimeRatio=4 -XX:AdaptiveSizePolicyWeight=90 -Dsun.zip.disableMemoryMapping=true -Xmx2G -Xms100m -Xlog:disable -javaagent:c:\Users\Admin\.antigravity\extensions\redhat.java-1.50.0-win32-x64\lombok\lombok-1.18.39-4050.jar -XX:+HeapDumpOnOutOfMemoryError -XX:HeapDumpPath=c:\Users\Admin\AppData\Roaming\Antigravity\User\workspaceStorage\af1cb1524c391b6bf54d4a5b5d479961\redhat.java -Daether.dependencyCollector.impl=bf c:\Users\Admin\.antigravity\extensions\redhat.java-1.50.0-win32-x64\server\plugins\org.eclipse.equinox.launcher_1.7.100.v20251111-0406.jar -configuration c:\Users\Admin\AppData\Roaming\Antigravity\User\globalStorage\redhat.java\1.50.0\config_win -data c:\Users\Admin\AppData\Roaming\Antigravity\User\workspaceStorage\af1cb1524c391b6bf54d4a5b5d479961\redhat.java\jdt_ws --pipe=\\.\pipe\lsp-2a2b1b7f495e18fb8bfb5ea3018017b4-sock

Host: Intel(R) Core(TM) i5-2500 CPU @ 3.30GHz, 4 cores, 15G,  Windows 10 , 64 bit Build 19041 (10.0.19041.5915)
Time: Thu Dec 18 21:04:15 2025 SE Asia Standard Time elapsed time: 1.198684 seconds (0d 0h 0m 1s)

---------------  T H R E A D  ---------------

Current thread (0x0000025be506e7b0):  JavaThread "C2 CompilerThread0" daemon [_thread_in_native, id=5060, stack(0x000000da4aa00000,0x000000da4ab00000) (1024K)]


Current CompileTask:
C2:1198 1055       4       java.util.jar.Manifest$FastInputStream::readLine (9 bytes)

Stack: [0x000000da4aa00000,0x000000da4ab00000]
Native frames: (J=compiled Java code, j=interpreted, Vv=VM code, C=native code)
V  [jvm.dll+0x6d6e29]
V  [jvm.dll+0x8b4b76]
V  [jvm.dll+0x8b712e]
V  [jvm.dll+0x8b7813]
V  [jvm.dll+0x283d86]
V  [jvm.dll+0xc66ed]
V  [jvm.dll+0xc6c31]
V  [jvm.dll+0x2facee]
V  [jvm.dll+0x5fde44]
V  [jvm.dll+0x255557]
V  [jvm.dll+0x24db6a]
V  [jvm.dll+0x24b482]
V  [jvm.dll+0x1cb13e]
V  [jvm.dll+0x25b29d]
V  [jvm.dll+0x25982a]
V  [jvm.dll+0x3f7ea6]
V  [jvm.dll+0x85e9ad]
V  [jvm.dll+0x6d565d]
C  [ucrtbase.dll+0x21bb2]
C  [KERNEL32.DLL+0x17374]
C  [ntdll.dll+0x4cc91]


---------------  P R O C E S S  ---------------

Threads class SMR info:
_java_thread_list=0x0000025bea273290, length=12, elements={
0x0000025bcc4c1ef0, 0x0000025be5064890, 0x0000025be5065ed0, 0x0000025be5068b30,
0x0000025be50699d0, 0x0000025be506cbd0, 0x0000025be506d620, 0x0000025be506e7b0,
0x0000025be50f02d0, 0x0000025bea147e10, 0x0000025bea26ce20, 0x0000025bea26d480
}

Java Threads: ( => current thread )
  0x0000025bcc4c1ef0 JavaThread "main"                              [_thread_in_Java, id=18440, stack(0x000000da4a000000,0x000000da4a100000) (1024K)]
  0x0000025be5064890 JavaThread "Reference Handler"          daemon [_thread_blocked, id=11524, stack(0x000000da4a400000,0x000000da4a500000) (1024K)]
  0x0000025be5065ed0 JavaThread "Finalizer"                  daemon [_thread_blocked, id=7700, stack(0x000000da4a500000,0x000000da4a600000) (1024K)]
  0x0000025be5068b30 JavaThread "Signal Dispatcher"          daemon [_thread_blocked, id=6072, stack(0x000000da4a600000,0x000000da4a700000) (1024K)]
  0x0000025be50699d0 JavaThread "Attach Listener"            daemon [_thread_blocked, id=1032, stack(0x000000da4a700000,0x000000da4a800000) (1024K)]
  0x0000025be506cbd0 JavaThread "Service Thread"             daemon [_thread_blocked, id=19172, stack(0x000000da4a800000,0x000000da4a900000) (1024K)]
  0x0000025be506d620 JavaThread "Monitor Deflation Thread"   daemon [_thread_blocked, id=14624, stack(0x000000da4a900000,0x000000da4aa00000) (1024K)]
=>0x0000025be506e7b0 JavaThread "C2 CompilerThread0"         daemon [_thread_in_native, id=5060, stack(0x000000da4aa00000,0x000000da4ab00000) (1024K)]
  0x0000025be50f02d0 JavaThread "C1 CompilerThread0"         daemon [_thread_blocked, id=8280, stack(0x000000da4ab00000,0x000000da4ac00000) (1024K)]
  0x0000025bea147e10 JavaThread "Common-Cleaner"             daemon [_thread_blocked, id=16036, stack(0x000000da4ac00000,0x000000da4ad00000) (1024K)]
  0x0000025bea26ce20 JavaThread "Notification Thread"        daemon [_thread_blocked, id=15308, stack(0x000000da4ad00000,0x000000da4ae00000) (1024K)]
  0x0000025bea26d480 JavaThread "C2 CompilerThread1"         daemon [_thread_in_native, id=9108, stack(0x000000da4ae00000,0x000000da4af00000) (1024K)]
Total: 12

Other Threads:
  0x0000025bce73bcd0 VMThread "VM Thread"                           [id=8712, stack(0x000000da4a300000,0x000000da4a400000) (1024K)]
  0x0000025bce6eec20 WatcherThread "VM Periodic Task Thread"        [id=7676, stack(0x000000da4a200000,0x000000da4a300000) (1024K)]
  0x0000025bce69ff20 WorkerThread "GC Thread#0"                     [id=6392, stack(0x000000da4a100000,0x000000da4a200000) (1024K)]
Total: 3

Threads with active compile tasks:
C2 CompilerThread0  1214 1055       4       java.util.jar.Manifest$FastInputStream::readLine (9 bytes)
C2 CompilerThread1  1215 1053   !   4       java.util.jar.Attributes::read (494 bytes)
Total: 2

VM state: not at safepoint (normal execution)

VM Mutex/Monitor currently owned by a thread: None

Heap address: 0x0000000080000000, size: 2048 MB, Compressed Oops mode: 32-bit

CDS archive(s) mapped at: [0x0000025b80000000-0x0000025b80ba0000-0x0000025b80ba0000), size 12189696, SharedBaseAddress: 0x0000025b80000000, ArchiveRelocationMode: 1.
Compressed class space mapped at: 0x0000025b81000000-0x0000025bc1000000, reserved size: 1073741824
Narrow klass base: 0x0000025b80000000, Narrow klass shift: 0, Narrow klass range: 0x100000000

GC Precious Log:
 CardTable entry size: 512
 CPUs: 4 total, 4 available
 Memory: 16337M
 Large Page Support: Disabled
 NUMA Support: Disabled
 Compressed Oops: Enabled (32-bit)
 Alignments: Space 512K, Generation 512K, Heap 2M
 Heap Min Capacity: 100M
 Heap Initial Capacity: 100M
 Heap Max Capacity: 2G
 Pre-touch: Disabled
 Parallel Workers: 4

Heap:
 PSYoungGen      total 29696K, used 25222K [0x00000000d5580000, 0x00000000d7680000, 0x0000000100000000)
  eden space 25600K, 98% used [0x00000000d5580000,0x00000000d6e21bb0,0x00000000d6e80000)
  from space 4096K, 0% used [0x00000000d7280000,0x00000000d7280000,0x00000000d7680000)
  to   space 4096K, 0% used [0x00000000d6e80000,0x00000000d6e80000,0x00000000d7280000)
 ParOldGen       total 68608K, used 0K [0x0000000080000000, 0x0000000084300000, 0x00000000d5580000)
  object space 68608K, 0% used [0x0000000080000000,0x0000000080000000,0x0000000084300000)
 Metaspace       used 4169K, committed 4416K, reserved 1114112K
  class space    used 462K, committed 576K, reserved 1048576K

Card table byte_map: [0x0000025bce060000,0x0000025bce470000] _byte_map_base: 0x0000025bcdc60000

Marking Bits: (ParMarkBitMap*) 0x00007ff8e4662460
 Begin Bits: [0x0000025be0b40000, 0x0000025be2b40000)
 End Bits:   [0x0000025be2b40000, 0x0000025be4b40000)

Polling page: 0x0000025bcde50000

Metaspace:

Usage:
  Non-class:      3.62 MB used.
      Class:    462.20 KB used.
       Both:      4.07 MB used.

Virtual space:
  Non-class space:       64.00 MB reserved,       3.75 MB (  6%) committed,  1 nodes.
      Class space:        1.00 GB reserved,     576.00 KB ( <1%) committed,  1 nodes.
             Both:        1.06 GB reserved,       4.31 MB ( <1%) committed. 

Chunk freelists:
   Non-Class:  11.22 MB
       Class:  15.44 MB
        Both:  26.66 MB

MaxMetaspaceSize: unlimited
CompressedClassSpaceSize: 1.00 GB
Initial GC threshold: 21.00 MB
Current GC threshold: 21.00 MB
CDS: on
 - commit_granule_bytes: 65536.
 - commit_granule_words: 8192.
 - virtual_space_node_default_size: 8388608.
 - enlarge_chunks_in_place: 1.
 - use_allocation_guard: 0.


Internal statistics:

num_allocs_failed_limit: 0.
num_arena_births: 184.
num_arena_deaths: 0.
num_vsnodes_births: 2.
num_vsnodes_deaths: 0.
num_space_committed: 69.
num_space_uncommitted: 0.
num_chunks_returned_to_freelist: 0.
num_chunks_taken_from_freelist: 247.
num_chunk_merges: 0.
num_chunk_splits: 157.
num_chunks_enlarged: 89.
num_inconsistent_stats: 0.

CodeHeap 'non-profiled nmethods': size=120000Kb used=439Kb max_used=439Kb free=119560Kb
 bounds [0x0000025bd9360000, 0x0000025bd95d0000, 0x0000025be0890000]
CodeHeap 'profiled nmethods': size=120000Kb used=1700Kb max_used=1700Kb free=118299Kb
 bounds [0x0000025bd1890000, 0x0000025bd1b00000, 0x0000025bd8dc0000]
CodeHeap 'non-nmethods': size=5760Kb used=1190Kb max_used=1206Kb free=4570Kb
 bounds [0x0000025bd8dc0000, 0x0000025bd9030000, 0x0000025bd9360000]
CodeCache: size=245760Kb, used=3329Kb, max_used=3345Kb, free=242429Kb
 total_blobs=1522, nmethods=1071, adapters=358, full_count=0
Compilation: enabled, stopped_count=0, restarted_count=0

Compilation events (20 events):
Event: 1.188 Thread 0x0000025be50f02d0 1049       3       sun.net.util.IPAddressUtil::checkHost (156 bytes)
Event: 1.188 Thread 0x0000025be506e7b0 nmethod 1043 0x0000025bd93ccc90 code [0x0000025bd93cce40, 0x0000025bd93cd118]
Event: 1.189 Thread 0x0000025be50f02d0 nmethod 1049 0x0000025bd1a2e990 code [0x0000025bd1a2ee20, 0x0000025bd1a30a70]
Event: 1.190 Thread 0x0000025be50f02d0 1051       1       java.security.CodeSource::getLocationNoFragString (5 bytes)
Event: 1.190 Thread 0x0000025be50f02d0 nmethod 1051 0x0000025bd93cd790 code [0x0000025bd93cd920, 0x0000025bd93cd9e8]
Event: 1.191 Thread 0x0000025be50f02d0 1052   !   3       java.io.RandomAccessFile::seek (42 bytes)
Event: 1.191 Thread 0x0000025be50f02d0 nmethod 1052 0x0000025bd1a31590 code [0x0000025bd1a31780, 0x0000025bd1a31ab0]
Event: 1.194 Thread 0x0000025bea26d480 1053   !   4       java.util.jar.Attributes::read (494 bytes)
Event: 1.194 Thread 0x0000025be506e7b0 1054       4       java.lang.String::<init> (22 bytes)
Event: 1.196 Thread 0x0000025be506e7b0 nmethod 1054 0x0000025bd93cda90 code [0x0000025bd93cdc40, 0x0000025bd93cddc8]
Event: 1.196 Thread 0x0000025be506e7b0 1055       4       java.util.jar.Manifest$FastInputStream::readLine (9 bytes)
Event: 1.196 Thread 0x0000025be50f02d0 1056       3       java.util.LinkedHashMap$LinkedHashIterator::nextNode (68 bytes)
Event: 1.196 Thread 0x0000025be50f02d0 nmethod 1056 0x0000025bd1a31c10 code [0x0000025bd1a31de0, 0x0000025bd1a32148]
Event: 1.196 Thread 0x0000025be50f02d0 1057       3       java.util.LinkedHashMap$LinkedHashIterator::hasNext (13 bytes)
Event: 1.196 Thread 0x0000025be50f02d0 nmethod 1057 0x0000025bd1a32310 code [0x0000025bd1a324a0, 0x0000025bd1a32600]
Event: 1.196 Thread 0x0000025be50f02d0 1058       3       java.util.LinkedHashMap$LinkedEntryIterator::next (5 bytes)
Event: 1.197 Thread 0x0000025be50f02d0 nmethod 1058 0x0000025bd1a32690 code [0x0000025bd1a32840, 0x0000025bd1a329d8]
Event: 1.197 Thread 0x0000025be50f02d0 1059       3       java.util.LinkedHashMap$LinkedEntryIterator::next (5 bytes)
Event: 1.197 Thread 0x0000025be50f02d0 nmethod 1059 0x0000025bd1a32a90 code [0x0000025bd1a32c40, 0x0000025bd1a32d78]
Event: 1.197 Thread 0x0000025be50f02d0 1061       3       java.util.HashMap::putMapEntries (170 bytes)

GC Heap History (0 events):
No events

Dll operation events (8 events):
Event: 0.012 Loaded shared library c:\Users\Admin\.antigravity\extensions\redhat.java-1.50.0-win32-x64\jre\21.0.9-win32-x86_64\bin\java.dll
Event: 0.090 Loaded shared library c:\Users\Admin\.antigravity\extensions\redhat.java-1.50.0-win32-x64\jre\21.0.9-win32-x86_64\bin\zip.dll
Event: 0.112 Loaded shared library C:\Users\Admin\.antigravity\extensions\redhat.java-1.50.0-win32-x64\jre\21.0.9-win32-x86_64\bin\instrument.dll
Event: 0.117 Loaded shared library C:\Users\Admin\.antigravity\extensions\redhat.java-1.50.0-win32-x64\jre\21.0.9-win32-x86_64\bin\net.dll
Event: 0.119 Loaded shared library C:\Users\Admin\.antigravity\extensions\redhat.java-1.50.0-win32-x64\jre\21.0.9-win32-x86_64\bin\nio.dll
Event: 0.122 Loaded shared library C:\Users\Admin\.antigravity\extensions\redhat.java-1.50.0-win32-x64\jre\21.0.9-win32-x86_64\bin\zip.dll
Event: 0.142 Loaded shared library C:\Users\Admin\.antigravity\extensions\redhat.java-1.50.0-win32-x64\jre\21.0.9-win32-x86_64\bin\jimage.dll
Event: 0.242 Loaded shared library c:\Users\Admin\.antigravity\extensions\redhat.java-1.50.0-win32-x64\jre\21.0.9-win32-x86_64\bin\verify.dll

Deoptimization events (20 events):
Event: 1.076 Thread 0x0000025bcc4c1ef0 DEOPT PACKING pc=0x0000025bd19a357b sp=0x000000da4a0fdf30
Event: 1.076 Thread 0x0000025bcc4c1ef0 DEOPT UNPACKING pc=0x0000025bd8e14242 sp=0x000000da4a0fd3a8 mode 0
Event: 1.076 Thread 0x0000025bcc4c1ef0 DEOPT PACKING pc=0x0000025bd19a357b sp=0x000000da4a0fdf30
Event: 1.076 Thread 0x0000025bcc4c1ef0 DEOPT UNPACKING pc=0x0000025bd8e14242 sp=0x000000da4a0fd3a8 mode 0
Event: 1.076 Thread 0x0000025bcc4c1ef0 DEOPT PACKING pc=0x0000025bd19a357b sp=0x000000da4a0fdf30
Event: 1.076 Thread 0x0000025bcc4c1ef0 DEOPT UNPACKING pc=0x0000025bd8e14242 sp=0x000000da4a0fd3a8 mode 0
Event: 1.076 Thread 0x0000025bcc4c1ef0 DEOPT PACKING pc=0x0000025bd19a33dd sp=0x000000da4a0fdf30
Event: 1.076 Thread 0x0000025bcc4c1ef0 DEOPT UNPACKING pc=0x0000025bd8e14242 sp=0x000000da4a0fd3a8 mode 0
Event: 1.076 Thread 0x0000025bcc4c1ef0 DEOPT PACKING pc=0x0000025bd19a33dd sp=0x000000da4a0fdf30
Event: 1.076 Thread 0x0000025bcc4c1ef0 DEOPT UNPACKING pc=0x0000025bd8e14242 sp=0x000000da4a0fd3a8 mode 0
Event: 1.076 Thread 0x0000025bcc4c1ef0 DEOPT PACKING pc=0x0000025bd19a33dd sp=0x000000da4a0fdf30
Event: 1.076 Thread 0x0000025bcc4c1ef0 DEOPT UNPACKING pc=0x0000025bd8e14242 sp=0x000000da4a0fd3a8 mode 0
Event: 1.077 Thread 0x0000025bcc4c1ef0 DEOPT PACKING pc=0x0000025bd19a33dd sp=0x000000da4a0fdf30
Event: 1.077 Thread 0x0000025bcc4c1ef0 DEOPT UNPACKING pc=0x0000025bd8e14242 sp=0x000000da4a0fd3a8 mode 0
Event: 1.077 Thread 0x0000025bcc4c1ef0 DEOPT PACKING pc=0x0000025bd19a357b sp=0x000000da4a0fdf30
Event: 1.077 Thread 0x0000025bcc4c1ef0 DEOPT UNPACKING pc=0x0000025bd8e14242 sp=0x000000da4a0fd3a8 mode 0
Event: 1.173 Thread 0x0000025bcc4c1ef0 Uncommon trap: trap_request=0xffffff45 fr.pc=0x0000025bd93bc278 relative=0x00000000000002b8
Event: 1.173 Thread 0x0000025bcc4c1ef0 Uncommon trap: reason=unstable_if action=reinterpret pc=0x0000025bd93bc278 method=java.util.concurrent.ConcurrentHashMap.get(Ljava/lang/Object;)Ljava/lang/Object; @ 76 c2
Event: 1.173 Thread 0x0000025bcc4c1ef0 DEOPT PACKING pc=0x0000025bd93bc278 sp=0x000000da4a0fd960
Event: 1.173 Thread 0x0000025bcc4c1ef0 DEOPT UNPACKING pc=0x0000025bd8e13aa2 sp=0x000000da4a0fd8d8 mode 2

Classes loaded (20 events):
Event: 1.160 Loading class java/util/LinkedHashMap$LinkedValueIterator
Event: 1.160 Loading class java/util/LinkedHashMap$LinkedValueIterator done
Event: 1.167 Loading class java/lang/reflect/Proxy$ProxyBuilder$ProxyClassContext
Event: 1.167 Loading class java/lang/reflect/Proxy$ProxyBuilder$ProxyClassContext done
Event: 1.169 Loading class java/lang/reflect/ProxyGenerator
Event: 1.169 Loading class java/lang/reflect/ProxyGenerator done
Event: 1.169 Loading class java/lang/reflect/ProxyGenerator$ProxyMethod
Event: 1.169 Loading class java/lang/reflect/ProxyGenerator$ProxyMethod done
Event: 1.171 Loading class java/lang/reflect/ProxyGenerator$PrimitiveTypeInfo
Event: 1.171 Loading class java/lang/reflect/ProxyGenerator$PrimitiveTypeInfo done
Event: 1.171 Loading class jdk/internal/org/objectweb/asm/Edge
Event: 1.171 Loading class jdk/internal/org/objectweb/asm/Edge done
Event: 1.173 Loading class java/lang/reflect/Proxy$ProxyBuilder$1
Event: 1.173 Loading class java/lang/reflect/Proxy$ProxyBuilder$1 done
Event: 1.173 Loading class java/lang/annotation/Target
Event: 1.173 Loading class java/lang/annotation/Target done
Event: 1.184 Loading class java/util/NoSuchElementException
Event: 1.184 Loading class java/util/NoSuchElementException done
Event: 1.191 Loading class java/net/URLClassLoader$2
Event: 1.191 Loading class java/net/URLClassLoader$2 done

Classes unloaded (0 events):
No events

Classes redefined (0 events):
No events

Internal exceptions (20 events):
Event: 0.192 Thread 0x0000025bcc4c1ef0 Exception <a 'java/lang/NoSuchMethodError'{0x00000000d59f8ca8}: 'int java.lang.invoke.DirectMethodHandle$Holder.invokeSpecial(java.lang.Object, java.lang.Object, java.lang.Object)'> (0x00000000d59f8ca8) 
thrown [s\src\hotspot\share\interpreter\linkResolver.cpp, line 773]
Event: 0.194 Thread 0x0000025bcc4c1ef0 Exception <a 'java/lang/NoSuchMethodError'{0x00000000d5a04968}: 'java.lang.Object java.lang.invoke.DirectMethodHandle$Holder.invokeStatic(java.lang.Object, java.lang.Object, int)'> (0x00000000d5a04968) 
thrown [s\src\hotspot\share\interpreter\linkResolver.cpp, line 773]
Event: 0.198 Thread 0x0000025bcc4c1ef0 Exception <a 'java/lang/NoSuchMethodError'{0x00000000d5a092b8}: 'void java.lang.invoke.DirectMethodHandle$Holder.invokeStatic(java.lang.Object, java.lang.Object, int, java.lang.Object)'> (0x00000000d5a092b8) 
thrown [s\src\hotspot\share\interpreter\linkResolver.cpp, line 773]
Event: 0.199 Thread 0x0000025bcc4c1ef0 Exception <a 'java/lang/NoSuchMethodError'{0x00000000d5a0ce48}: 'void java.lang.invoke.DirectMethodHandle$Holder.invokeSpecial(java.lang.Object, java.lang.Object, java.lang.Object, int, java.lang.Object)'> (0x00000000d5a0ce48) 
thrown [s\src\hotspot\share\interpreter\linkResolver.cpp, line 773]
Event: 0.199 Thread 0x0000025bcc4c1ef0 Exception <a 'java/lang/NoSuchMethodError'{0x00000000d5a102b8}: 'void java.lang.invoke.DelegatingMethodHandle$Holder.delegate(java.lang.Object, java.lang.Object, int, java.lang.Object)'> (0x00000000d5a102b8) 
thrown [s\src\hotspot\share\interpreter\linkResolver.cpp, line 773]
Event: 0.288 Thread 0x0000025bcc4c1ef0 Exception <a 'java/lang/NoSuchMethodError'{0x00000000d5bd0178}: 'void java.lang.invoke.DelegatingMethodHandle$Holder.reinvoke_L(java.lang.Object, java.lang.Object, java.lang.Object, int)'> (0x00000000d5bd0178) 
thrown [s\src\hotspot\share\interpreter\linkResolver.cpp, line 773]
Event: 0.698 Thread 0x0000025bcc4c1ef0 Exception <a 'java/lang/NoSuchMethodError'{0x00000000d6060c68}: 'void java.lang.invoke.DirectMethodHandle$Holder.invokeVirtual(java.lang.Object, java.lang.Object)'> (0x00000000d6060c68) 
thrown [s\src\hotspot\share\interpreter\linkResolver.cpp, line 773]
Event: 0.894 Thread 0x0000025bcc4c1ef0 Exception <a 'java/lang/NoSuchMethodError'{0x00000000d6443a20}: 'void java.lang.invoke.DirectMethodHandle$Holder.invokeStatic(java.lang.Object, java.lang.Object)'> (0x00000000d6443a20) 
thrown [s\src\hotspot\share\interpreter\linkResolver.cpp, line 773]
Event: 0.903 Thread 0x0000025bcc4c1ef0 Exception <a 'java/lang/ClassNotFoundException'{0x00000000d646be00}: sun/net/www/protocol/c/Handler> (0x00000000d646be00) 
thrown [s\src\hotspot\share\classfile\systemDictionary.cpp, line 312]
Event: 0.926 Thread 0x0000025bcc4c1ef0 Exception <a 'java/io/FileNotFoundException'{0x00000000d64c9820}> (0x00000000d64c9820) 
thrown [s\src\hotspot\share\prims\jni.cpp, line 520]
Event: 0.926 Thread 0x0000025bcc4c1ef0 Exception <a 'java/io/FileNotFoundException'{0x00000000d64cab58}> (0x00000000d64cab58) 
thrown [s\src\hotspot\share\prims\jni.cpp, line 520]
Event: 0.926 Thread 0x0000025bcc4c1ef0 Exception <a 'java/io/FileNotFoundException'{0x00000000d64cb7e0}> (0x00000000d64cb7e0) 
thrown [s\src\hotspot\share\prims\jni.cpp, line 520]
Event: 0.927 Thread 0x0000025bcc4c1ef0 Exception <a 'java/io/FileNotFoundException'{0x00000000d64cc350}> (0x00000000d64cc350) 
thrown [s\src\hotspot\share\prims\jni.cpp, line 520]
Event: 0.930 Thread 0x0000025bcc4c1ef0 Implicit null exception at 0x0000025bd938e5a4 to 0x0000025bd938eb04
Event: 0.936 Thread 0x0000025bcc4c1ef0 Exception <a 'java/io/FileNotFoundException'{0x00000000d65047e0}> (0x00000000d65047e0) 
thrown [s\src\hotspot\share\prims\jni.cpp, line 520]
Event: 0.945 Thread 0x0000025bcc4c1ef0 Exception <a 'java/lang/NoSuchMethodError'{0x00000000d653cb48}: 'java.lang.Object java.lang.invoke.DirectMethodHandle$Holder.invokeInterface(java.lang.Object, java.lang.Object)'> (0x00000000d653cb48) 
thrown [s\src\hotspot\share\interpreter\linkResolver.cpp, line 773]
Event: 0.968 Thread 0x0000025bcc4c1ef0 Exception <a 'java/lang/NoSuchMethodError'{0x00000000d6550100}: 'java.lang.Object java.lang.invoke.Invokers$Holder.invokeExact_MT(java.lang.Object, java.lang.Object, java.lang.Object, java.lang.Object, java.lang.Object, java.lang.Object)'> (0x00000000d6550100) 
thrown [s\src\hotspot\share\interpreter\linkResolver.cpp, line 773]
Event: 0.970 Thread 0x0000025bcc4c1ef0 Exception <a 'java/lang/NoSuchMethodError'{0x00000000d65671d8}: 'int java.lang.invoke.DirectMethodHandle$Holder.invokeStatic(java.lang.Object, java.lang.Object, java.lang.Object, java.lang.Object, java.lang.Object)'> (0x00000000d65671d8) 
thrown [s\src\hotspot\share\interpreter\linkResolver.cpp, line 773]
Event: 0.989 Thread 0x0000025bcc4c1ef0 Exception <a 'java/lang/NoSuchMethodError'{0x00000000d65faa30}: 'java.lang.Object java.lang.invoke.DirectMethodHandle$Holder.invokeInterface(java.lang.Object, java.lang.Object, int)'> (0x00000000d65faa30) 
thrown [s\src\hotspot\share\interpreter\linkResolver.cpp, line 773]
Event: 1.177 Thread 0x0000025bcc4c1ef0 Exception <a 'java/lang/NoSuchMethodError'{0x00000000d6a611a0}: 'java.lang.ClassLoader java.lang.ClassLoader.getPlatformClassLoader(java.lang.Class)'> (0x00000000d6a611a0) 
thrown [s\src\hotspot\share\interpreter\linkResolver.cpp, line 773]

ZGC Phase Switch (0 events):
No events

VM Operations (10 events):
Event: 0.089 Executing VM operation: HandshakeAllThreads (Deoptimize)
Event: 0.089 Executing VM operation: HandshakeAllThreads (Deoptimize) done
Event: 0.156 Executing VM operation: HandshakeAllThreads (Deoptimize)
Event: 0.156 Executing VM operation: HandshakeAllThreads (Deoptimize) done
Event: 0.836 Executing VM operation: HandshakeAllThreads (Deoptimize)
Event: 0.836 Executing VM operation: HandshakeAllThreads (Deoptimize) done
Event: 0.852 Executing VM operation: HandshakeAllThreads (Deoptimize)
Event: 0.852 Executing VM operation: HandshakeAllThreads (Deoptimize) done
Event: 1.190 Executing VM operation: ICBufferFull
Event: 1.190 Executing VM operation: ICBufferFull done

Memory protections (0 events):
No events

Nmethod flushes (0 events):
No events

Events (12 events):
Event: 0.025 Thread 0x0000025bcc4c1ef0 Thread added: 0x0000025bcc4c1ef0
Event: 0.043 Thread 0x0000025bcc4c1ef0 Thread added: 0x0000025be5064890
Event: 0.043 Thread 0x0000025bcc4c1ef0 Thread added: 0x0000025be5065ed0
Event: 0.043 Thread 0x0000025bcc4c1ef0 Thread added: 0x0000025be5068b30
Event: 0.043 Thread 0x0000025bcc4c1ef0 Thread added: 0x0000025be50699d0
Event: 0.043 Thread 0x0000025bcc4c1ef0 Thread added: 0x0000025be506cbd0
Event: 0.043 Thread 0x0000025bcc4c1ef0 Thread added: 0x0000025be506d620
Event: 0.043 Thread 0x0000025bcc4c1ef0 Thread added: 0x0000025be506e7b0
Event: 0.050 Thread 0x0000025bcc4c1ef0 Thread added: 0x0000025be50f02d0
Event: 0.114 Thread 0x0000025bcc4c1ef0 Thread added: 0x0000025bea147e10
Event: 0.574 Thread 0x0000025bcc4c1ef0 Thread added: 0x0000025bea26ce20
Event: 0.576 Thread 0x0000025be50f02d0 Thread added: 0x0000025bea26d480


Dynamic libraries:
0x00007ff6b7ab0000 - 0x00007ff6b7abe000 	c:\Users\Admin\.antigravity\extensions\redhat.java-1.50.0-win32-x64\jre\21.0.9-win32-x86_64\bin\java.exe
0x00007ff91ea90000 - 0x00007ff91ec88000 	C:\WINDOWS\SYSTEM32\ntdll.dll
0x00007ff91e2b0000 - 0x00007ff91e372000 	C:\WINDOWS\System32\KERNEL32.DLL
0x00007ff91c1c0000 - 0x00007ff91c4b6000 	C:\WINDOWS\System32\KERNELBASE.dll
0x00007ff91c960000 - 0x00007ff91ca60000 	C:\WINDOWS\System32\ucrtbase.dll
0x00007ff8fadc0000 - 0x00007ff8fadd8000 	c:\Users\Admin\.antigravity\extensions\redhat.java-1.50.0-win32-x64\jre\21.0.9-win32-x86_64\bin\jli.dll
0x00007ff91cfd0000 - 0x00007ff91d171000 	C:\WINDOWS\System32\USER32.dll
0x00007ff91c550000 - 0x00007ff91c572000 	C:\WINDOWS\System32\win32u.dll
0x00007ff91cdd0000 - 0x00007ff91cdfb000 	C:\WINDOWS\System32\GDI32.dll
0x00007ff91c710000 - 0x00007ff91c829000 	C:\WINDOWS\System32\gdi32full.dll
0x00007ff91c120000 - 0x00007ff91c1bd000 	C:\WINDOWS\System32\msvcp_win.dll
0x00007ff8face0000 - 0x00007ff8facfe000 	c:\Users\Admin\.antigravity\extensions\redhat.java-1.50.0-win32-x64\jre\21.0.9-win32-x86_64\bin\VCRUNTIME140.dll
0x00007ff90b970000 - 0x00007ff90bc0b000 	C:\WINDOWS\WinSxS\amd64_microsoft.windows.common-controls_6595b64144ccf1df_6.0.19041.6456_none_60b8a6cb71f64256\COMCTL32.dll
0x00007ff91e540000 - 0x00007ff91e5de000 	C:\WINDOWS\System32\msvcrt.dll
0x00007ff91d180000 - 0x00007ff91d1af000 	C:\WINDOWS\System32\IMM32.DLL
0x00007ff90c240000 - 0x00007ff90c24c000 	c:\Users\Admin\.antigravity\extensions\redhat.java-1.50.0-win32-x64\jre\21.0.9-win32-x86_64\bin\vcruntime140_1.dll
0x00007ff8f8670000 - 0x00007ff8f86fd000 	c:\Users\Admin\.antigravity\extensions\redhat.java-1.50.0-win32-x64\jre\21.0.9-win32-x86_64\bin\msvcp140.dll
0x00007ff8e39a0000 - 0x00007ff8e4740000 	c:\Users\Admin\.antigravity\extensions\redhat.java-1.50.0-win32-x64\jre\21.0.9-win32-x86_64\bin\server\jvm.dll
0x00007ff91d220000 - 0x00007ff91d2d1000 	C:\WINDOWS\System32\ADVAPI32.dll
0x00007ff91d2f0000 - 0x00007ff91d38f000 	C:\WINDOWS\System32\sechost.dll
0x00007ff91df50000 - 0x00007ff91e070000 	C:\WINDOWS\System32\RPCRT4.dll
0x00007ff91c6e0000 - 0x00007ff91c707000 	C:\WINDOWS\System32\bcrypt.dll
0x00007ff91d1b0000 - 0x00007ff91d21b000 	C:\WINDOWS\System32\WS2_32.dll
0x00007ff91b6b0000 - 0x00007ff91b6fb000 	C:\WINDOWS\SYSTEM32\POWRPROF.dll
0x00007ff9129b0000 - 0x00007ff9129d7000 	C:\WINDOWS\SYSTEM32\WINMM.dll
0x00007ff915d60000 - 0x00007ff915d6a000 	C:\WINDOWS\SYSTEM32\VERSION.dll
0x00007ff91b520000 - 0x00007ff91b532000 	C:\WINDOWS\SYSTEM32\UMPDC.dll
0x00007ff919fb0000 - 0x00007ff919fc2000 	C:\WINDOWS\SYSTEM32\kernel.appcore.dll
0x00007ff908ec0000 - 0x00007ff908eca000 	c:\Users\Admin\.antigravity\extensions\redhat.java-1.50.0-win32-x64\jre\21.0.9-win32-x86_64\bin\jimage.dll
0x00007ff916af0000 - 0x00007ff916cf1000 	C:\WINDOWS\SYSTEM32\DBGHELP.DLL
0x00007ff8f9ff0000 - 0x00007ff8fa024000 	C:\WINDOWS\SYSTEM32\dbgcore.DLL
0x00007ff91c4c0000 - 0x00007ff91c542000 	C:\WINDOWS\System32\bcryptPrimitives.dll
0x00007ff8fadb0000 - 0x00007ff8fadbf000 	c:\Users\Admin\.antigravity\extensions\redhat.java-1.50.0-win32-x64\jre\21.0.9-win32-x86_64\bin\instrument.dll
0x00007ff8fac00000 - 0x00007ff8fac20000 	c:\Users\Admin\.antigravity\extensions\redhat.java-1.50.0-win32-x64\jre\21.0.9-win32-x86_64\bin\java.dll
0x00007ff91d400000 - 0x00007ff91db70000 	C:\WINDOWS\System32\SHELL32.dll
0x00007ff91a1b0000 - 0x00007ff91a955000 	C:\WINDOWS\SYSTEM32\windows.storage.dll
0x00007ff91db70000 - 0x00007ff91dec4000 	C:\WINDOWS\System32\combase.dll
0x00007ff91bb50000 - 0x00007ff91bb7b000 	C:\WINDOWS\SYSTEM32\Wldp.dll
0x00007ff91e410000 - 0x00007ff91e4dd000 	C:\WINDOWS\System32\OLEAUT32.dll
0x00007ff91e200000 - 0x00007ff91e2ad000 	C:\WINDOWS\System32\SHCORE.dll
0x00007ff91e4e0000 - 0x00007ff91e53b000 	C:\WINDOWS\System32\shlwapi.dll
0x00007ff91c050000 - 0x00007ff91c074000 	C:\WINDOWS\SYSTEM32\profapi.dll
0x00007ff8fa9d0000 - 0x00007ff8fa9e8000 	c:\Users\Admin\.antigravity\extensions\redhat.java-1.50.0-win32-x64\jre\21.0.9-win32-x86_64\bin\zip.dll
0x00007ff8fa630000 - 0x00007ff8fa640000 	C:\Users\Admin\.antigravity\extensions\redhat.java-1.50.0-win32-x64\jre\21.0.9-win32-x86_64\bin\net.dll
0x00007ff915610000 - 0x00007ff91571a000 	C:\WINDOWS\SYSTEM32\WINHTTP.dll
0x00007ff91b8b0000 - 0x00007ff91b91a000 	C:\WINDOWS\system32\mswsock.dll
0x00007ff8fa590000 - 0x00007ff8fa5a6000 	C:\Users\Admin\.antigravity\extensions\redhat.java-1.50.0-win32-x64\jre\21.0.9-win32-x86_64\bin\nio.dll
0x00007ff8fa620000 - 0x00007ff8fa630000 	c:\Users\Admin\.antigravity\extensions\redhat.java-1.50.0-win32-x64\jre\21.0.9-win32-x86_64\bin\verify.dll

JVMTI agents:
c:\Users\Admin\.antigravity\extensions\redhat.java-1.50.0-win32-x64\lombok\lombok-1.18.39-4050.jar path:c:\Users\Admin\.antigravity\extensions\redhat.java-1.50.0-win32-x64\jre\21.0.9-win32-x86_64\bin\instrument.dll, loaded, initialized, instrumentlib options:none

dbghelp: loaded successfully - version: 4.0.5 - missing functions: none
symbol engine: initialized successfully - sym options: 0x614 - pdb path: .;c:\Users\Admin\.antigravity\extensions\redhat.java-1.50.0-win32-x64\jre\21.0.9-win32-x86_64\bin;C:\WINDOWS\SYSTEM32;C:\WINDOWS\WinSxS\amd64_microsoft.windows.common-controls_6595b64144ccf1df_6.0.19041.6456_none_60b8a6cb71f64256;c:\Users\Admin\.antigravity\extensions\redhat.java-1.50.0-win32-x64\jre\21.0.9-win32-x86_64\bin\server

VM Arguments:
jvm_args: --add-modules=ALL-SYSTEM --add-opens=java.base/java.util=ALL-UNNAMED --add-opens=java.base/java.lang=ALL-UNNAMED --add-opens=java.base/sun.nio.fs=ALL-UNNAMED -Declipse.application=org.eclipse.jdt.ls.core.id1 -Dosgi.bundles.defaultStartLevel=4 -Declipse.product=org.eclipse.jdt.ls.core.product -Djava.import.generatesMetadataFilesAtProjectRoot=false -DDetectVMInstallationsJob.disabled=true -Dfile.encoding=utf8 -XX:+UseParallelGC -XX:GCTimeRatio=4 -XX:AdaptiveSizePolicyWeight=90 -Dsun.zip.disableMemoryMapping=true -Xmx2G -Xms100m -Xlog:disable -javaagent:c:\Users\Admin\.antigravity\extensions\redhat.java-1.50.0-win32-x64\lombok\lombok-1.18.39-4050.jar -XX:+HeapDumpOnOutOfMemoryError -XX:HeapDumpPath=c:\Users\Admin\AppData\Roaming\Antigravity\User\workspaceStorage\af1cb1524c391b6bf54d4a5b5d479961\redhat.java -Daether.dependencyCollector.impl=bf 
java_command: c:\Users\Admin\.antigravity\extensions\redhat.java-1.50.0-win32-x64\server\plugins\org.eclipse.equinox.launcher_1.7.100.v20251111-0406.jar -configuration c:\Users\Admin\AppData\Roaming\Antigravity\User\globalStorage\redhat.java\1.50.0\config_win -data c:\Users\Admin\AppData\Roaming\Antigravity\User\workspaceStorage\af1cb1524c391b6bf54d4a5b5d479961\redhat.java\jdt_ws --pipe=\\.\pipe\lsp-2a2b1b7f495e18fb8bfb5ea3018017b4-sock
java_class_path (initial): c:\Users\Admin\.antigravity\extensions\redhat.java-1.50.0-win32-x64\server\plugins\org.eclipse.equinox.launcher_1.7.100.v20251111-0406.jar
Launcher Type: SUN_STANDARD

[Global flags]
    uintx AdaptiveSizePolicyWeight                 = 90                                        {product} {command line}
     intx CICompilerCount                          = 3                                         {product} {ergonomic}
    uintx GCTimeRatio                              = 4                                         {product} {command line}
     bool HeapDumpOnOutOfMemoryError               = true                                   {manageable} {command line}
    ccstr HeapDumpPath                             = c:\Users\Admin\AppData\Roaming\Antigravity\User\workspaceStorage\af1cb1524c391b6bf54d4a5b5d479961\redhat.java         {manageable} {command line}
   size_t InitialHeapSize                          = 104857600                                 {product} {command line}
   size_t MaxHeapSize                              = 2147483648                                {product} {command line}
   size_t MaxNewSize                               = 715653120                                 {product} {ergonomic}
   size_t MinHeapDeltaBytes                        = 524288                                    {product} {ergonomic}
   size_t MinHeapSize                              = 104857600                                 {product} {command line}
   size_t NewSize                                  = 34603008                                  {product} {ergonomic}
    uintx NonNMethodCodeHeapSize                   = 5832780                                {pd product} {ergonomic}
    uintx NonProfiledCodeHeapSize                  = 122912730                              {pd product} {ergonomic}
   size_t OldSize                                  = 70254592                                  {product} {ergonomic}
    uintx ProfiledCodeHeapSize                     = 122912730                              {pd product} {ergonomic}
    uintx ReservedCodeCacheSize                    = 251658240                              {pd product} {ergonomic}
     bool SegmentedCodeCache                       = true                                      {product} {ergonomic}
   size_t SoftMaxHeapSize                          = 2147483648                             {manageable} {ergonomic}
     bool UseCompressedOops                        = true                           {product lp64_product} {ergonomic}
     bool UseLargePagesIndividualAllocation        = false                                  {pd product} {ergonomic}
     bool UseParallelGC                            = true                                      {product} {command line}

Logging:
Log output configuration:
 #0: stdout all=off uptime,level,tags foldmultilines=false
 #1: stderr all=off uptime,level,tags foldmultilines=false

Release file:
JAVA_VERSION="21.0.9" 
MODULES="java.base java.compiler java.datatransfer java.xml java.prefs java.desktop java.instrument java.logging java.management java.security.sasl java.naming java.rmi java.management.rmi java.net.http java.scripting java.security.jgss java.transaction.xa java.sql java.sql.rowset java.xml.crypto java.se java.smartcardio jdk.accessibility jdk.internal.jvmstat jdk.attach jdk.charsets jdk.internal.opt jdk.zipfs jdk.compiler jdk.crypto.ec jdk.crypto.cryptoki jdk.crypto.mscapi jdk.dynalink jdk.internal.ed jdk.editpad jdk.hotspot.agent jdk.httpserver jdk.internal.le jdk.internal.vm.ci jdk.internal.vm.compiler jdk.internal.vm.compiler.management jdk.jartool jdk.javadoc jdk.jcmd jdk.management jdk.management.agent jdk.jconsole jdk.jdeps jdk.jdwp.agent jdk.jdi jdk.jfr jdk.jshell jdk.jsobject jdk.jstatd jdk.localedata jdk.management.jfr jdk.naming.dns jdk.naming.rmi jdk.net jdk.nio.mapmode jdk.random jdk.sctp jdk.security.auth jdk.security.jgss jdk.unsupported jdk.unsupported.desktop jdk.xml.dom" 

Environment Variables:
PATH=C:\Program Files\Common Files\Oracle\Java\javapath;C:\WINDOWS\system32;C:\WINDOWS;C:\WINDOWS\System32\Wbem;C:\WINDOWS\System32\WindowsPowerShell\v1.0\;C:\WINDOWS\System32\OpenSSH\;C:\Program Files\Microsoft SQL Server\150\Tools\Binn\;C:\Program Files\nodejs\;C:\Users\Admin\AppData\Local\Microsoft\WindowsApps;C:\Users\Admin\AppData\Local\Programs\Microsoft VS Code\bin;C:\Users\Admin\AppData\Local\Programs\Antigravity\bin;C:\Users\Admin\AppData\Roaming\npm
USERNAME=Admin
OS=Windows_NT
PROCESSOR_IDENTIFIER=Intel64 Family 6 Model 42 Stepping 7, GenuineIntel
TMP=C:\Users\Admin\AppData\Local\Temp
TEMP=C:\Users\Admin\AppData\Local\Temp




Periodic native trim disabled

---------------  S Y S T E M  ---------------

OS:
 Windows 10 , 64 bit Build 19041 (10.0.19041.5915)
OS uptime: 0 days 10:59 hours

CPU: total 4 (initial active 4) (4 cores per cpu, 1 threads per core) family 6 model 42 stepping 7 microcode 0x2f, cx8, cmov, fxsr, mmx, sse, sse2, sse3, ssse3, sse4.1, sse4.2, popcnt, tsc, tscinvbit, avx, aes, clmul, vzeroupper, clflush, rdtscp
Processor Information for the first 4 processors :
  Max Mhz: 3301, Current Mhz: 3301, Mhz Limit: 3301

Memory: 4k page, system-wide physical 16337M (7907M free)
TotalPageFile size 20433M (AvailPageFile size 3M)
current process WorkingSet (physical memory assigned to process): 73M, peak: 73M
current process commit charge ("private bytes"): 221M, peak: 221M

vm_info: OpenJDK 64-Bit Server VM (21.0.9+10-LTS) for windows-amd64 JRE (21.0.9+10-LTS), built on 2025-10-21T00:00:00Z by "admin" with unknown MS VC++:1942

END.
