#
# There is insufficient memory for the Java Runtime Environment to continue.
# Native memory allocation (malloc) failed to allocate 272816 bytes. Error detail: Chunk::new
# Possible reasons:
#   The system is out of physical RAM or swap space
#   This process is running with CompressedOops enabled, and the Java Heap may be blocking the growth of the native heap
# Possible solutions:
#   Reduce memory load on the system
#   Increase physical memory or swap space
#   Check if swap backing store is full
#   Decrease Java heap size (-Xmx/-Xms)
#   Decrease number of Java threads
#   Decrease Java thread stack sizes (-Xss)
#   Set larger code cache with -XX:ReservedCodeCacheSize=
#   JVM is running with Unscaled Compressed Oops mode in which the Java heap is
#     placed in the first 4GB address space. The Java Heap base address is the
#     maximum limit for the native heap growth. Please use -XX:HeapBaseMinAddress
#     to set the Java Heap base and to place the Java Heap above 4GB virtual address.
# This output file may be truncated or incomplete.
#
#  Out of Memory Error (arena.cpp:168), pid=12928, tid=13748
#
# JRE version: OpenJDK Runtime Environment Temurin-21.0.9+10 (21.0.9+10) (build 21.0.9+10-LTS)
# Java VM: OpenJDK 64-Bit Server VM Temurin-21.0.9+10 (21.0.9+10-LTS, mixed mode, sharing, tiered, compressed oops, compressed class ptrs, parallel gc, windows-amd64)
# No core dump will be written. Minidumps are not enabled by default on client versions of Windows
#

---------------  S U M M A R Y ------------

Command Line: --add-modules=ALL-SYSTEM --add-opens=java.base/java.util=ALL-UNNAMED --add-opens=java.base/java.lang=ALL-UNNAMED --add-opens=java.base/sun.nio.fs=ALL-UNNAMED -Declipse.application=org.eclipse.jdt.ls.core.id1 -Dosgi.bundles.defaultStartLevel=4 -Declipse.product=org.eclipse.jdt.ls.core.product -Djava.import.generatesMetadataFilesAtProjectRoot=false -DDetectVMInstallationsJob.disabled=true -Dfile.encoding=utf8 -XX:+UseParallelGC -XX:GCTimeRatio=4 -XX:AdaptiveSizePolicyWeight=90 -Dsun.zip.disableMemoryMapping=true -Xmx2G -Xms100m -Xlog:disable -javaagent:c:\Users\Admin\.antigravity\extensions\redhat.java-1.50.0-win32-x64\lombok\lombok-1.18.39-4050.jar -XX:+HeapDumpOnOutOfMemoryError -XX:HeapDumpPath=c:\Users\Admin\AppData\Roaming\Antigravity\User\workspaceStorage\af1cb1524c391b6bf54d4a5b5d479961\redhat.java -Daether.dependencyCollector.impl=bf c:\Users\Admin\.antigravity\extensions\redhat.java-1.50.0-win32-x64\server\plugins\org.eclipse.equinox.launcher_1.7.100.v20251111-0406.jar -configuration c:\Users\Admin\AppData\Roaming\Antigravity\User\globalStorage\redhat.java\1.50.0\config_win -data c:\Users\Admin\AppData\Roaming\Antigravity\User\workspaceStorage\af1cb1524c391b6bf54d4a5b5d479961\redhat.java\jdt_ws --pipe=\\.\pipe\lsp-8da9497f57ea6c144dae83f2d62c618e-sock

Host: Intel(R) Core(TM) i5-2500 CPU @ 3.30GHz, 4 cores, 15G,  Windows 10 , 64 bit Build 19041 (10.0.19041.5915)
Time: Thu Dec 18 20:56:41 2025 SE Asia Standard Time elapsed time: 2.061446 seconds (0d 0h 0m 2s)

---------------  T H R E A D  ---------------

Current thread (0x00000211de404af0):  JavaThread "C2 CompilerThread1" daemon [_thread_in_native, id=13748, stack(0x0000004e93900000,0x0000004e93a00000) (1024K)]


Current CompileTask:
C2:2061 1760       4       java.io.WinNTFileSystem::normalize (143 bytes)

Stack: [0x0000004e93900000,0x0000004e93a00000]
Native frames: (J=compiled Java code, j=interpreted, Vv=VM code, C=native code)
V  [jvm.dll+0x6d6e29]
V  [jvm.dll+0x8b4b76]
V  [jvm.dll+0x8b712e]
V  [jvm.dll+0x8b7813]
V  [jvm.dll+0x283d86]
V  [jvm.dll+0xc66ed]
V  [jvm.dll+0xc6c31]
V  [jvm.dll+0x2facee]
V  [jvm.dll+0x5fde44]
V  [jvm.dll+0x255557]
V  [jvm.dll+0x24d64b]
V  [jvm.dll+0x24b482]
V  [jvm.dll+0x1cb13e]
V  [jvm.dll+0x25b29d]
V  [jvm.dll+0x25982a]
V  [jvm.dll+0x3f7ea6]
V  [jvm.dll+0x85e9ad]
V  [jvm.dll+0x6d565d]
C  [ucrtbase.dll+0x21bb2]
C  [KERNEL32.DLL+0x17374]
C  [ntdll.dll+0x4cc91]


---------------  P R O C E S S  ---------------

Threads class SMR info:
_java_thread_list=0x00000211de63eca0, length=13, elements={
0x00000211ff6f1f70, 0x0000021198225760, 0x0000021198226bf0, 0x000002119822a3f0,
0x000002119822b040, 0x000002119822daa0, 0x000002119822e4f0, 0x000002119822f320,
0x00000211982a5a90, 0x00000211de1128e0, 0x00000211de1ac100, 0x00000211de404af0,
0x00000211de857e10
}

Java Threads: ( => current thread )
  0x00000211ff6f1f70 JavaThread "main"                              [_thread_in_native, id=19220, stack(0x0000004e92b00000,0x0000004e92c00000) (1024K)]
  0x0000021198225760 JavaThread "Reference Handler"          daemon [_thread_blocked, id=12960, stack(0x0000004e92f00000,0x0000004e93000000) (1024K)]
  0x0000021198226bf0 JavaThread "Finalizer"                  daemon [_thread_blocked, id=12060, stack(0x0000004e93000000,0x0000004e93100000) (1024K)]
  0x000002119822a3f0 JavaThread "Signal Dispatcher"          daemon [_thread_blocked, id=3036, stack(0x0000004e93100000,0x0000004e93200000) (1024K)]
  0x000002119822b040 JavaThread "Attach Listener"            daemon [_thread_blocked, id=17812, stack(0x0000004e93200000,0x0000004e93300000) (1024K)]
  0x000002119822daa0 JavaThread "Service Thread"             daemon [_thread_blocked, id=17160, stack(0x0000004e93300000,0x0000004e93400000) (1024K)]
  0x000002119822e4f0 JavaThread "Monitor Deflation Thread"   daemon [_thread_blocked, id=7140, stack(0x0000004e93400000,0x0000004e93500000) (1024K)]
  0x000002119822f320 JavaThread "C2 CompilerThread0"         daemon [_thread_blocked, id=8996, stack(0x0000004e93500000,0x0000004e93600000) (1024K)]
  0x00000211982a5a90 JavaThread "C1 CompilerThread0"         daemon [_thread_blocked, id=18548, stack(0x0000004e93600000,0x0000004e93700000) (1024K)]
  0x00000211de1128e0 JavaThread "Common-Cleaner"             daemon [_thread_blocked, id=2744, stack(0x0000004e93700000,0x0000004e93800000) (1024K)]
  0x00000211de1ac100 JavaThread "Notification Thread"        daemon [_thread_blocked, id=15764, stack(0x0000004e93800000,0x0000004e93900000) (1024K)]
=>0x00000211de404af0 JavaThread "C2 CompilerThread1"         daemon [_thread_in_native, id=13748, stack(0x0000004e93900000,0x0000004e93a00000) (1024K)]
  0x00000211de857e10 JavaThread "Active Thread: Equinox Container: cb52ab6b-3715-454f-9410-1cd771036842"        [_thread_blocked, id=8548, stack(0x0000004e93d00000,0x0000004e93e00000) (1024K)]
Total: 13

Other Threads:
  0x00000211ffe4bec0 VMThread "VM Thread"                           [id=7812, stack(0x0000004e92e00000,0x0000004e92f00000) (1024K)]
  0x00000211ffdfecd0 WatcherThread "VM Periodic Task Thread"        [id=3428, stack(0x0000004e92d00000,0x0000004e92e00000) (1024K)]
  0x00000211ffdaff20 WorkerThread "GC Thread#0"                     [id=5944, stack(0x0000004e92c00000,0x0000004e92d00000) (1024K)]
  0x00000211de81fa50 WorkerThread "GC Thread#1"                     [id=17788, stack(0x0000004e93a00000,0x0000004e93b00000) (1024K)]
  0x00000211de993e80 WorkerThread "GC Thread#2"                     [id=2628, stack(0x0000004e93b00000,0x0000004e93c00000) (1024K)]
  0x00000211de994220 WorkerThread "GC Thread#3"                     [id=18340, stack(0x0000004e93c00000,0x0000004e93d00000) (1024K)]
Total: 6

Threads with active compile tasks:
C2 CompilerThread1  2079 1760       4       java.io.WinNTFileSystem::normalize (143 bytes)
Total: 1

VM state: not at safepoint (normal execution)

VM Mutex/Monitor currently owned by a thread: None

Heap address: 0x0000000080000000, size: 2048 MB, Compressed Oops mode: 32-bit

CDS archive(s) mapped at: [0x0000021199000000-0x0000021199ba0000-0x0000021199ba0000), size 12189696, SharedBaseAddress: 0x0000021199000000, ArchiveRelocationMode: 1.
Compressed class space mapped at: 0x000002119a000000-0x00000211da000000, reserved size: 1073741824
Narrow klass base: 0x0000021199000000, Narrow klass shift: 0, Narrow klass range: 0x100000000

GC Precious Log:
 CardTable entry size: 512
 CPUs: 4 total, 4 available
 Memory: 16337M
 Large Page Support: Disabled
 NUMA Support: Disabled
 Compressed Oops: Enabled (32-bit)
 Alignments: Space 512K, Generation 512K, Heap 2M
 Heap Min Capacity: 100M
 Heap Initial Capacity: 100M
 Heap Max Capacity: 2G
 Pre-touch: Disabled
 Parallel Workers: 4

Heap:
 PSYoungGen      total 29696K, used 27854K [0x00000000d5580000, 0x00000000d7680000, 0x0000000100000000)
  eden space 25600K, 95% used [0x00000000d5580000,0x00000000d6d7f8a0,0x00000000d6e80000)
  from space 4096K, 80% used [0x00000000d6e80000,0x00000000d71b4148,0x00000000d7280000)
  to   space 4096K, 0% used [0x00000000d7280000,0x00000000d7280000,0x00000000d7680000)
 ParOldGen       total 68608K, used 8K [0x0000000080000000, 0x0000000084300000, 0x00000000d5580000)
  object space 68608K, 0% used [0x0000000080000000,0x0000000080002000,0x0000000084300000)
 Metaspace       used 7946K, committed 8192K, reserved 1114112K
  class space    used 827K, committed 960K, reserved 1048576K

Card table byte_map: [0x0000021193640000,0x0000021193a50000] _byte_map_base: 0x0000021193240000

Marking Bits: (ParMarkBitMap*) 0x00007ff8e4662460
 Begin Bits: [0x0000021193d00000, 0x0000021195d00000)
 End Bits:   [0x0000021195d00000, 0x0000021197d00000)

Polling page: 0x00000211ff990000

Metaspace:

Usage:
  Non-class:      6.95 MB used.
      Class:    827.85 KB used.
       Both:      7.76 MB used.

Virtual space:
  Non-class space:       64.00 MB reserved,       7.06 MB ( 11%) committed,  1 nodes.
      Class space:        1.00 GB reserved,     960.00 KB ( <1%) committed,  1 nodes.
             Both:        1.06 GB reserved,       8.00 MB ( <1%) committed. 

Chunk freelists:
   Non-Class:  8.81 MB
       Class:  14.91 MB
        Both:  23.72 MB

MaxMetaspaceSize: unlimited
CompressedClassSpaceSize: 1.00 GB
Initial GC threshold: 21.00 MB
Current GC threshold: 21.00 MB
CDS: on
 - commit_granule_bytes: 65536.
 - commit_granule_words: 8192.
 - virtual_space_node_default_size: 8388608.
 - enlarge_chunks_in_place: 1.
 - use_allocation_guard: 0.


Internal statistics:

num_allocs_failed_limit: 0.
num_arena_births: 228.
num_arena_deaths: 0.
num_vsnodes_births: 2.
num_vsnodes_deaths: 0.
num_space_committed: 128.
num_space_uncommitted: 0.
num_chunks_returned_to_freelist: 0.
num_chunks_taken_from_freelist: 418.
num_chunk_merges: 0.
num_chunk_splits: 271.
num_chunks_enlarged: 179.
num_inconsistent_stats: 0.

CodeHeap 'non-profiled nmethods': size=120000Kb used=784Kb max_used=784Kb free=119215Kb
 bounds [0x000002118c020000, 0x000002118c290000, 0x0000021193550000]
CodeHeap 'profiled nmethods': size=120000Kb used=3193Kb max_used=3193Kb free=116806Kb
 bounds [0x0000021184550000, 0x0000021184870000, 0x000002118ba80000]
CodeHeap 'non-nmethods': size=5760Kb used=1214Kb max_used=1234Kb free=4545Kb
 bounds [0x000002118ba80000, 0x000002118bcf0000, 0x000002118c020000]
CodeCache: size=245760Kb, used=5191Kb, max_used=5211Kb, free=240566Kb
 total_blobs=2253, nmethods=1771, adapters=389, full_count=0
Compilation: enabled, stopped_count=0, restarted_count=0

Compilation events (20 events):
Event: 2.046 Thread 0x00000211de404af0 nmethod 1749 0x000002118c0e0990 code [0x000002118c0e0b40, 0x000002118c0e0db8]
Event: 2.046 Thread 0x00000211982a5a90 nmethod 1750 0x0000021184860e90 code [0x00000211848611a0, 0x00000211848623d8]
Event: 2.046 Thread 0x00000211982a5a90 1751       3       java.lang.StringBuilder::append (10 bytes)
Event: 2.046 Thread 0x00000211982a5a90 nmethod 1751 0x0000021184862b10 code [0x0000021184862cc0, 0x0000021184862e10]
Event: 2.046 Thread 0x00000211982a5a90 1754       3       java.net.URL::toExternalForm (9 bytes)
Event: 2.046 Thread 0x00000211982a5a90 nmethod 1754 0x0000021184862f10 code [0x00000211848630c0, 0x00000211848632a0]
Event: 2.046 Thread 0x00000211982a5a90 1752       3       java.lang.AbstractStringBuilder::append (67 bytes)
Event: 2.047 Thread 0x00000211982a5a90 nmethod 1752 0x0000021184863390 code [0x00000211848635a0, 0x0000021184863c20]
Event: 2.047 Thread 0x00000211982a5a90 1753       1       sun.nio.fs.NativeBuffer::address (5 bytes)
Event: 2.047 Thread 0x00000211982a5a90 nmethod 1753 0x000002118c0e1010 code [0x000002118c0e11a0, 0x000002118c0e1268]
Event: 2.047 Thread 0x000002119822f320 1755 %     4       java.io.WinNTFileSystem::normalize @ 58 (224 bytes)
Event: 2.049 Thread 0x00000211982a5a90 1756       3       sun.nio.fs.WindowsPathParser::nextNonSlash (24 bytes)
Event: 2.049 Thread 0x00000211de404af0 1757       4       java.lang.StringLatin1::inflate (34 bytes)
Event: 2.050 Thread 0x00000211982a5a90 nmethod 1756 0x0000021184863e10 code [0x0000021184864020, 0x0000021184864728]
Event: 2.050 Thread 0x00000211982a5a90 1758       3       java.lang.Integer::valueOf (32 bytes)
Event: 2.051 Thread 0x00000211982a5a90 nmethod 1758 0x0000021184864a90 code [0x0000021184864c60, 0x0000021184864f68]
Event: 2.051 Thread 0x00000211982a5a90 1759       3       java.lang.ThreadLocal$ThreadLocalMap::getEntry (42 bytes)
Event: 2.051 Thread 0x00000211982a5a90 nmethod 1759 0x0000021184865090 code [0x0000021184865260, 0x0000021184865620]
Event: 2.053 Thread 0x00000211de404af0 nmethod 1757 0x000002118c0e1310 code [0x000002118c0e14a0, 0x000002118c0e1630]
Event: 2.053 Thread 0x00000211de404af0 1760       4       java.io.WinNTFileSystem::normalize (143 bytes)

GC Heap History (2 events):
Event: 1.217 GC heap before
{Heap before GC invocations=1 (full 0):
 PSYoungGen      total 29696K, used 25600K [0x00000000d5580000, 0x00000000d7680000, 0x0000000100000000)
  eden space 25600K, 100% used [0x00000000d5580000,0x00000000d6e80000,0x00000000d6e80000)
  from space 4096K, 0% used [0x00000000d7280000,0x00000000d7280000,0x00000000d7680000)
  to   space 4096K, 0% used [0x00000000d6e80000,0x00000000d6e80000,0x00000000d7280000)
 ParOldGen       total 68608K, used 0K [0x0000000080000000, 0x0000000084300000, 0x00000000d5580000)
  object space 68608K, 0% used [0x0000000080000000,0x0000000080000000,0x0000000084300000)
 Metaspace       used 4352K, committed 4608K, reserved 1114112K
  class space    used 473K, committed 576K, reserved 1048576K
}
Event: 1.225 GC heap after
{Heap after GC invocations=1 (full 0):
 PSYoungGen      total 29696K, used 3280K [0x00000000d5580000, 0x00000000d7680000, 0x0000000100000000)
  eden space 25600K, 0% used [0x00000000d5580000,0x00000000d5580000,0x00000000d6e80000)
  from space 4096K, 80% used [0x00000000d6e80000,0x00000000d71b4148,0x00000000d7280000)
  to   space 4096K, 0% used [0x00000000d7280000,0x00000000d7280000,0x00000000d7680000)
 ParOldGen       total 68608K, used 8K [0x0000000080000000, 0x0000000084300000, 0x00000000d5580000)
  object space 68608K, 0% used [0x0000000080000000,0x0000000080002000,0x0000000084300000)
 Metaspace       used 4352K, committed 4608K, reserved 1114112K
  class space    used 473K, committed 576K, reserved 1048576K
}

Dll operation events (8 events):
Event: 0.010 Loaded shared library c:\Users\Admin\.antigravity\extensions\redhat.java-1.50.0-win32-x64\jre\21.0.9-win32-x86_64\bin\java.dll
Event: 0.130 Loaded shared library c:\Users\Admin\.antigravity\extensions\redhat.java-1.50.0-win32-x64\jre\21.0.9-win32-x86_64\bin\zip.dll
Event: 0.153 Loaded shared library C:\Users\Admin\.antigravity\extensions\redhat.java-1.50.0-win32-x64\jre\21.0.9-win32-x86_64\bin\instrument.dll
Event: 0.160 Loaded shared library C:\Users\Admin\.antigravity\extensions\redhat.java-1.50.0-win32-x64\jre\21.0.9-win32-x86_64\bin\net.dll
Event: 0.162 Loaded shared library C:\Users\Admin\.antigravity\extensions\redhat.java-1.50.0-win32-x64\jre\21.0.9-win32-x86_64\bin\nio.dll
Event: 0.169 Loaded shared library C:\Users\Admin\.antigravity\extensions\redhat.java-1.50.0-win32-x64\jre\21.0.9-win32-x86_64\bin\zip.dll
Event: 0.190 Loaded shared library C:\Users\Admin\.antigravity\extensions\redhat.java-1.50.0-win32-x64\jre\21.0.9-win32-x86_64\bin\jimage.dll
Event: 0.277 Loaded shared library c:\Users\Admin\.antigravity\extensions\redhat.java-1.50.0-win32-x64\jre\21.0.9-win32-x86_64\bin\verify.dll

Deoptimization events (20 events):
Event: 1.907 Thread 0x00000211ff6f1f70 DEOPT PACKING pc=0x000002118c0c1490 sp=0x0000004e92bfe690
Event: 1.907 Thread 0x00000211ff6f1f70 DEOPT UNPACKING pc=0x000002118bad3aa2 sp=0x0000004e92bfe5b8 mode 2
Event: 1.909 Thread 0x00000211ff6f1f70 Uncommon trap: trap_request=0xffffffde fr.pc=0x000002118c0c1490 relative=0x0000000000000950
Event: 1.909 Thread 0x00000211ff6f1f70 Uncommon trap: reason=class_check action=maybe_recompile pc=0x000002118c0c1490 method=java.util.HashMap.putVal(ILjava/lang/Object;Ljava/lang/Object;ZZ)Ljava/lang/Object; @ 253 c2
Event: 1.909 Thread 0x00000211ff6f1f70 DEOPT PACKING pc=0x000002118c0c1490 sp=0x0000004e92bfe690
Event: 1.909 Thread 0x00000211ff6f1f70 DEOPT UNPACKING pc=0x000002118bad3aa2 sp=0x0000004e92bfe5b8 mode 2
Event: 1.910 Thread 0x00000211ff6f1f70 Uncommon trap: trap_request=0xffffffde fr.pc=0x000002118c053780 relative=0x00000000000008c0
Event: 1.910 Thread 0x00000211ff6f1f70 Uncommon trap: reason=class_check action=maybe_recompile pc=0x000002118c053780 method=java.util.HashMap.putVal(ILjava/lang/Object;Ljava/lang/Object;ZZ)Ljava/lang/Object; @ 253 c2
Event: 1.910 Thread 0x00000211ff6f1f70 DEOPT PACKING pc=0x000002118c053780 sp=0x0000004e92bfe4f0
Event: 1.910 Thread 0x00000211ff6f1f70 DEOPT UNPACKING pc=0x000002118bad3aa2 sp=0x0000004e92bfe4b0 mode 2
Event: 1.970 Thread 0x00000211ff6f1f70 Uncommon trap: trap_request=0xffffff45 fr.pc=0x000002118c0ca95c relative=0x00000000000000bc
Event: 1.970 Thread 0x00000211ff6f1f70 Uncommon trap: reason=unstable_if action=reinterpret pc=0x000002118c0ca95c method=java.util.LinkedHashMap.afterNodeAccess(Ljava/util/HashMap$Node;)V @ 19 c2
Event: 1.970 Thread 0x00000211ff6f1f70 DEOPT PACKING pc=0x000002118c0ca95c sp=0x0000004e92bfd1a0
Event: 1.970 Thread 0x00000211ff6f1f70 DEOPT UNPACKING pc=0x000002118bad3aa2 sp=0x0000004e92bfd108 mode 2
Event: 1.971 Thread 0x00000211ff6f1f70 DEOPT PACKING pc=0x000002118465410b sp=0x0000004e92bfcc70
Event: 1.971 Thread 0x00000211ff6f1f70 DEOPT UNPACKING pc=0x000002118bad4242 sp=0x0000004e92bfc0e8 mode 0
Event: 1.972 Thread 0x00000211ff6f1f70 DEOPT PACKING pc=0x000002118464f606 sp=0x0000004e92bfc730
Event: 1.972 Thread 0x00000211ff6f1f70 DEOPT UNPACKING pc=0x000002118bad4242 sp=0x0000004e92bfbbb0 mode 0
Event: 1.974 Thread 0x00000211ff6f1f70 DEOPT PACKING pc=0x000002118464f606 sp=0x0000004e92bfc980
Event: 1.974 Thread 0x00000211ff6f1f70 DEOPT UNPACKING pc=0x000002118bad4242 sp=0x0000004e92bfbe00 mode 0

Classes loaded (20 events):
Event: 1.966 Loading class java/security/KeyStoreException
Event: 1.966 Loading class java/security/KeyStoreException done
Event: 1.992 Loading class java/util/LinkedList$Node
Event: 1.992 Loading class java/util/LinkedList$Node done
Event: 1.992 Loading class java/util/LinkedList$ListItr
Event: 1.992 Loading class java/util/LinkedList$ListItr done
Event: 1.993 Loading class java/lang/Thread$Builder$OfPlatform
Event: 1.993 Loading class java/lang/Thread$Builder
Event: 1.993 Loading class java/lang/Thread$Builder done
Event: 1.993 Loading class java/lang/Thread$Builder$OfPlatform done
Event: 1.993 Loading class java/lang/Thread$Builder$OfVirtual
Event: 1.993 Loading class java/lang/Thread$Builder$OfVirtual done
Event: 2.034 Loading class sun/nio/fs/WindowsChannelFactory
Event: 2.034 Loading class sun/nio/fs/WindowsChannelFactory done
Event: 2.034 Loading class sun/nio/fs/WindowsChannelFactory$1
Event: 2.034 Loading class sun/nio/fs/WindowsChannelFactory$1 done
Event: 2.034 Loading class sun/nio/fs/WindowsChannelFactory$Flags
Event: 2.034 Loading class sun/nio/fs/WindowsChannelFactory$Flags done
Event: 2.035 Loading class sun/nio/ch/FileChannelImpl$Closer
Event: 2.035 Loading class sun/nio/ch/FileChannelImpl$Closer done

Classes unloaded (0 events):
No events

Classes redefined (0 events):
No events

Internal exceptions (20 events):
Event: 0.850 Thread 0x00000211ff6f1f70 Exception <a 'java/lang/NoSuchMethodError'{0x00000000d6563998}: 'int java.lang.invoke.DirectMethodHandle$Holder.invokeStatic(java.lang.Object, java.lang.Object, java.lang.Object, java.lang.Object, java.lang.Object)'> (0x00000000d6563998) 
thrown [s\src\hotspot\share\interpreter\linkResolver.cpp, line 773]
Event: 0.870 Thread 0x00000211ff6f1f70 Exception <a 'java/lang/NoSuchMethodError'{0x00000000d65f8ba0}: 'java.lang.Object java.lang.invoke.DirectMethodHandle$Holder.invokeInterface(java.lang.Object, java.lang.Object, int)'> (0x00000000d65f8ba0) 
thrown [s\src\hotspot\share\interpreter\linkResolver.cpp, line 773]
Event: 1.109 Thread 0x00000211ff6f1f70 Exception <a 'java/lang/NoSuchMethodError'{0x00000000d6a5f5c8}: 'java.lang.ClassLoader java.lang.ClassLoader.getPlatformClassLoader(java.lang.Class)'> (0x00000000d6a5f5c8) 
thrown [s\src\hotspot\share\interpreter\linkResolver.cpp, line 773]
Event: 1.216 Thread 0x00000211ff6f1f70 Exception <a 'java/lang/ClassNotFoundException'{0x00000000d6e7ebe8}: sun/net/www/protocol/c/Handler> (0x00000000d6e7ebe8) 
thrown [s\src\hotspot\share\classfile\systemDictionary.cpp, line 312]
Event: 1.225 Thread 0x00000211ff6f1f70 Exception <a 'java/lang/ClassNotFoundException'{0x00000000d5580178}: sun/net/www/protocol/c/Handler> (0x00000000d5580178) 
thrown [s\src\hotspot\share\classfile\systemDictionary.cpp, line 312]
Event: 1.225 Thread 0x00000211ff6f1f70 Exception <a 'java/lang/ClassNotFoundException'{0x00000000d55812d0}: sun/net/www/protocol/c/Handler> (0x00000000d55812d0) 
thrown [s\src\hotspot\share\classfile\systemDictionary.cpp, line 312]
Event: 1.237 Thread 0x00000211ff6f1f70 Exception <a 'java/io/FileNotFoundException'{0x00000000d55a9eb8}> (0x00000000d55a9eb8) 
thrown [s\src\hotspot\share\prims\jni.cpp, line 520]
Event: 1.358 Thread 0x00000211ff6f1f70 Implicit null exception at 0x000002118c081ba9 to 0x000002118c08241c
Event: 1.358 Thread 0x00000211ff6f1f70 Implicit null exception at 0x000002118c093d1a to 0x000002118c093f20
Event: 1.359 Thread 0x00000211ff6f1f70 Exception <a 'java/lang/NoSuchMethodError'{0x00000000d56ddce0}: 'void java.lang.invoke.DirectMethodHandle$Holder.invokeStatic(java.lang.Object, java.lang.Object, java.lang.Object, java.lang.Object)'> (0x00000000d56ddce0) 
thrown [s\src\hotspot\share\interpreter\linkResolver.cpp, line 773]
Event: 1.361 Thread 0x00000211ff6f1f70 Implicit null exception at 0x000002118c082e3c to 0x000002118c0830c8
Event: 1.475 Thread 0x00000211ff6f1f70 Exception <a 'java/lang/NoSuchMethodError'{0x00000000d59b9658}: 'void java.lang.invoke.DirectMethodHandle$Holder.invokeSpecial(java.lang.Object, java.lang.Object, java.lang.Object)'> (0x00000000d59b9658) 
thrown [s\src\hotspot\share\interpreter\linkResolver.cpp, line 773]
Event: 1.783 Thread 0x00000211ff6f1f70 Exception <a 'java/lang/NoSuchMethodError'{0x00000000d63b0a40}: 'int java.lang.invoke.DirectMethodHandle$Holder.invokeVirtual(java.lang.Object, java.lang.Object)'> (0x00000000d63b0a40) 
thrown [s\src\hotspot\share\interpreter\linkResolver.cpp, line 773]
Event: 1.836 Thread 0x00000211ff6f1f70 Exception <a 'java/lang/NoSuchMethodError'{0x00000000d65264f0}: 'int java.lang.invoke.DirectMethodHandle$Holder.invokeStaticInit(java.lang.Object, java.lang.Object, java.lang.Object, java.lang.Object)'> (0x00000000d65264f0) 
thrown [s\src\hotspot\share\interpreter\linkResolver.cpp, line 773]
Event: 1.837 Thread 0x00000211ff6f1f70 Exception <a 'java/lang/IncompatibleClassChangeError'{0x00000000d652e8f8}: Found class java.lang.Object, but interface was expected> (0x00000000d652e8f8) 
thrown [s\src\hotspot\share\interpreter\linkResolver.cpp, line 840]
Event: 1.838 Thread 0x00000211ff6f1f70 Exception <a 'java/lang/NoSuchMethodError'{0x00000000d6534ea8}: 'void java.lang.invoke.DirectMethodHandle$Holder.invokeStaticInit(java.lang.Object, java.lang.Object)'> (0x00000000d6534ea8) 
thrown [s\src\hotspot\share\interpreter\linkResolver.cpp, line 773]
Event: 1.838 Thread 0x00000211ff6f1f70 Exception <a 'java/lang/NoSuchMethodError'{0x00000000d653e080}: 'int java.lang.invoke.DirectMethodHandle$Holder.invokeStaticInit(java.lang.Object, java.lang.Object)'> (0x00000000d653e080) 
thrown [s\src\hotspot\share\interpreter\linkResolver.cpp, line 773]
Event: 1.895 Thread 0x00000211ff6f1f70 Exception <a 'java/lang/NoSuchMethodError'{0x00000000d67884e0}: 'java.lang.Object java.lang.invoke.DirectMethodHandle$Holder.newInvokeSpecial(java.lang.Object, int, java.lang.Object)'> (0x00000000d67884e0) 
thrown [s\src\hotspot\share\interpreter\linkResolver.cpp, line 773]
Event: 1.939 Thread 0x00000211ff6f1f70 Exception <a 'java/lang/ClassNotFoundException'{0x00000000d69a3180}: sun/net/www/protocol/plurl/Handler> (0x00000000d69a3180) 
thrown [s\src\hotspot\share\classfile\systemDictionary.cpp, line 312]
Event: 1.939 Thread 0x00000211ff6f1f70 Exception <a 'java/lang/ClassNotFoundException'{0x00000000d69a4000}: sun/net/www/protocol/plurl/Handler> (0x00000000d69a4000) 
thrown [s\src\hotspot\share\classfile\systemDictionary.cpp, line 312]

ZGC Phase Switch (0 events):
No events

VM Operations (20 events):
Event: 0.204 Executing VM operation: HandshakeAllThreads (Deoptimize)
Event: 0.204 Executing VM operation: HandshakeAllThreads (Deoptimize) done
Event: 0.710 Executing VM operation: HandshakeAllThreads (Deoptimize)
Event: 0.710 Executing VM operation: HandshakeAllThreads (Deoptimize) done
Event: 0.770 Executing VM operation: HandshakeAllThreads (Deoptimize)
Event: 0.770 Executing VM operation: HandshakeAllThreads (Deoptimize) done
Event: 1.170 Executing VM operation: ICBufferFull
Event: 1.170 Executing VM operation: ICBufferFull done
Event: 1.198 Executing VM operation: HandshakeAllThreads (Deoptimize)
Event: 1.198 Executing VM operation: HandshakeAllThreads (Deoptimize) done
Event: 1.217 Executing VM operation: ParallelGCFailedAllocation (Allocation Failure)
Event: 1.225 Executing VM operation: ParallelGCFailedAllocation (Allocation Failure) done
Event: 1.867 Executing VM operation: HandshakeAllThreads (Deoptimize)
Event: 1.867 Executing VM operation: HandshakeAllThreads (Deoptimize) done
Event: 1.883 Executing VM operation: HandshakeAllThreads (Deoptimize)
Event: 1.883 Executing VM operation: HandshakeAllThreads (Deoptimize) done
Event: 1.925 Executing VM operation: HandshakeAllThreads (Deoptimize)
Event: 1.925 Executing VM operation: HandshakeAllThreads (Deoptimize) done
Event: 1.936 Executing VM operation: HandshakeAllThreads (Deoptimize)
Event: 1.936 Executing VM operation: HandshakeAllThreads (Deoptimize) done

Memory protections (0 events):
No events

Nmethod flushes (0 events):
No events

Events (15 events):
Event: 0.026 Thread 0x00000211ff6f1f70 Thread added: 0x00000211ff6f1f70
Event: 0.042 Thread 0x00000211ff6f1f70 Thread added: 0x0000021198225760
Event: 0.042 Thread 0x00000211ff6f1f70 Thread added: 0x0000021198226bf0
Event: 0.042 Thread 0x00000211ff6f1f70 Thread added: 0x000002119822a3f0
Event: 0.043 Thread 0x00000211ff6f1f70 Thread added: 0x000002119822b040
Event: 0.043 Thread 0x00000211ff6f1f70 Thread added: 0x000002119822daa0
Event: 0.043 Thread 0x00000211ff6f1f70 Thread added: 0x000002119822e4f0
Event: 0.043 Thread 0x00000211ff6f1f70 Thread added: 0x000002119822f320
Event: 0.053 Thread 0x00000211ff6f1f70 Thread added: 0x00000211982a5a90
Event: 0.156 Thread 0x00000211ff6f1f70 Thread added: 0x00000211de1128e0
Event: 0.450 Thread 0x00000211ff6f1f70 Thread added: 0x00000211de1ac100
Event: 0.618 Thread 0x00000211982a5a90 Thread added: 0x00000211de3a3b20
Event: 1.360 Thread 0x00000211de3a3b20 Thread exited: 0x00000211de3a3b20
Event: 1.554 Thread 0x00000211982a5a90 Thread added: 0x00000211de404af0
Event: 1.852 Thread 0x00000211ff6f1f70 Thread added: 0x00000211de857e10


Dynamic libraries:
0x00007ff6b7ab0000 - 0x00007ff6b7abe000 	c:\Users\Admin\.antigravity\extensions\redhat.java-1.50.0-win32-x64\jre\21.0.9-win32-x86_64\bin\java.exe
0x00007ff91ea90000 - 0x00007ff91ec88000 	C:\WINDOWS\SYSTEM32\ntdll.dll
0x00007ff91e2b0000 - 0x00007ff91e372000 	C:\WINDOWS\System32\KERNEL32.DLL
0x00007ff91c1c0000 - 0x00007ff91c4b6000 	C:\WINDOWS\System32\KERNELBASE.dll
0x00007ff91c960000 - 0x00007ff91ca60000 	C:\WINDOWS\System32\ucrtbase.dll
0x00007ff8fadc0000 - 0x00007ff8fadd8000 	c:\Users\Admin\.antigravity\extensions\redhat.java-1.50.0-win32-x64\jre\21.0.9-win32-x86_64\bin\jli.dll
0x00007ff91cfd0000 - 0x00007ff91d171000 	C:\WINDOWS\System32\USER32.dll
0x00007ff91c550000 - 0x00007ff91c572000 	C:\WINDOWS\System32\win32u.dll
0x00007ff91cdd0000 - 0x00007ff91cdfb000 	C:\WINDOWS\System32\GDI32.dll
0x00007ff91c710000 - 0x00007ff91c829000 	C:\WINDOWS\System32\gdi32full.dll
0x00007ff91c120000 - 0x00007ff91c1bd000 	C:\WINDOWS\System32\msvcp_win.dll
0x00007ff8face0000 - 0x00007ff8facfe000 	c:\Users\Admin\.antigravity\extensions\redhat.java-1.50.0-win32-x64\jre\21.0.9-win32-x86_64\bin\VCRUNTIME140.dll
0x00007ff90b970000 - 0x00007ff90bc0b000 	C:\WINDOWS\WinSxS\amd64_microsoft.windows.common-controls_6595b64144ccf1df_6.0.19041.6456_none_60b8a6cb71f64256\COMCTL32.dll
0x00007ff91e540000 - 0x00007ff91e5de000 	C:\WINDOWS\System32\msvcrt.dll
0x00007ff91d180000 - 0x00007ff91d1af000 	C:\WINDOWS\System32\IMM32.DLL
0x00007ff90c240000 - 0x00007ff90c24c000 	c:\Users\Admin\.antigravity\extensions\redhat.java-1.50.0-win32-x64\jre\21.0.9-win32-x86_64\bin\vcruntime140_1.dll
0x00007ff8f8670000 - 0x00007ff8f86fd000 	c:\Users\Admin\.antigravity\extensions\redhat.java-1.50.0-win32-x64\jre\21.0.9-win32-x86_64\bin\msvcp140.dll
0x00007ff8e39a0000 - 0x00007ff8e4740000 	c:\Users\Admin\.antigravity\extensions\redhat.java-1.50.0-win32-x64\jre\21.0.9-win32-x86_64\bin\server\jvm.dll
0x00007ff91d220000 - 0x00007ff91d2d1000 	C:\WINDOWS\System32\ADVAPI32.dll
0x00007ff91d2f0000 - 0x00007ff91d38f000 	C:\WINDOWS\System32\sechost.dll
0x00007ff91df50000 - 0x00007ff91e070000 	C:\WINDOWS\System32\RPCRT4.dll
0x00007ff91c6e0000 - 0x00007ff91c707000 	C:\WINDOWS\System32\bcrypt.dll
0x00007ff91d1b0000 - 0x00007ff91d21b000 	C:\WINDOWS\System32\WS2_32.dll
0x00007ff91b6b0000 - 0x00007ff91b6fb000 	C:\WINDOWS\SYSTEM32\POWRPROF.dll
0x00007ff9129b0000 - 0x00007ff9129d7000 	C:\WINDOWS\SYSTEM32\WINMM.dll
0x00007ff915d60000 - 0x00007ff915d6a000 	C:\WINDOWS\SYSTEM32\VERSION.dll
0x00007ff91b520000 - 0x00007ff91b532000 	C:\WINDOWS\SYSTEM32\UMPDC.dll
0x00007ff919fb0000 - 0x00007ff919fc2000 	C:\WINDOWS\SYSTEM32\kernel.appcore.dll
0x00007ff908ec0000 - 0x00007ff908eca000 	c:\Users\Admin\.antigravity\extensions\redhat.java-1.50.0-win32-x64\jre\21.0.9-win32-x86_64\bin\jimage.dll
0x00007ff916af0000 - 0x00007ff916cf1000 	C:\WINDOWS\SYSTEM32\DBGHELP.DLL
0x00007ff8f9ff0000 - 0x00007ff8fa024000 	C:\WINDOWS\SYSTEM32\dbgcore.DLL
0x00007ff91c4c0000 - 0x00007ff91c542000 	C:\WINDOWS\System32\bcryptPrimitives.dll
0x00007ff8fadb0000 - 0x00007ff8fadbf000 	c:\Users\Admin\.antigravity\extensions\redhat.java-1.50.0-win32-x64\jre\21.0.9-win32-x86_64\bin\instrument.dll
0x00007ff8fac00000 - 0x00007ff8fac20000 	c:\Users\Admin\.antigravity\extensions\redhat.java-1.50.0-win32-x64\jre\21.0.9-win32-x86_64\bin\java.dll
0x00007ff91d400000 - 0x00007ff91db70000 	C:\WINDOWS\System32\SHELL32.dll
0x00007ff91a1b0000 - 0x00007ff91a955000 	C:\WINDOWS\SYSTEM32\windows.storage.dll
0x00007ff91db70000 - 0x00007ff91dec4000 	C:\WINDOWS\System32\combase.dll
0x00007ff91bb50000 - 0x00007ff91bb7b000 	C:\WINDOWS\SYSTEM32\Wldp.dll
0x00007ff91e410000 - 0x00007ff91e4dd000 	C:\WINDOWS\System32\OLEAUT32.dll
0x00007ff91e200000 - 0x00007ff91e2ad000 	C:\WINDOWS\System32\SHCORE.dll
0x00007ff91e4e0000 - 0x00007ff91e53b000 	C:\WINDOWS\System32\shlwapi.dll
0x00007ff91c050000 - 0x00007ff91c074000 	C:\WINDOWS\SYSTEM32\profapi.dll
0x00007ff8fa9d0000 - 0x00007ff8fa9e8000 	c:\Users\Admin\.antigravity\extensions\redhat.java-1.50.0-win32-x64\jre\21.0.9-win32-x86_64\bin\zip.dll
0x00007ff8fa630000 - 0x00007ff8fa640000 	C:\Users\Admin\.antigravity\extensions\redhat.java-1.50.0-win32-x64\jre\21.0.9-win32-x86_64\bin\net.dll
0x00007ff915610000 - 0x00007ff91571a000 	C:\WINDOWS\SYSTEM32\WINHTTP.dll
0x00007ff91b8b0000 - 0x00007ff91b91a000 	C:\WINDOWS\system32\mswsock.dll
0x00007ff8fa590000 - 0x00007ff8fa5a6000 	C:\Users\Admin\.antigravity\extensions\redhat.java-1.50.0-win32-x64\jre\21.0.9-win32-x86_64\bin\nio.dll
0x00007ff8fa620000 - 0x00007ff8fa630000 	c:\Users\Admin\.antigravity\extensions\redhat.java-1.50.0-win32-x64\jre\21.0.9-win32-x86_64\bin\verify.dll

JVMTI agents:
c:\Users\Admin\.antigravity\extensions\redhat.java-1.50.0-win32-x64\lombok\lombok-1.18.39-4050.jar path:c:\Users\Admin\.antigravity\extensions\redhat.java-1.50.0-win32-x64\jre\21.0.9-win32-x86_64\bin\instrument.dll, loaded, initialized, instrumentlib options:none

dbghelp: loaded successfully - version: 4.0.5 - missing functions: none
symbol engine: initialized successfully - sym options: 0x614 - pdb path: .;c:\Users\Admin\.antigravity\extensions\redhat.java-1.50.0-win32-x64\jre\21.0.9-win32-x86_64\bin;C:\WINDOWS\SYSTEM32;C:\WINDOWS\WinSxS\amd64_microsoft.windows.common-controls_6595b64144ccf1df_6.0.19041.6456_none_60b8a6cb71f64256;c:\Users\Admin\.antigravity\extensions\redhat.java-1.50.0-win32-x64\jre\21.0.9-win32-x86_64\bin\server

VM Arguments:
jvm_args: --add-modules=ALL-SYSTEM --add-opens=java.base/java.util=ALL-UNNAMED --add-opens=java.base/java.lang=ALL-UNNAMED --add-opens=java.base/sun.nio.fs=ALL-UNNAMED -Declipse.application=org.eclipse.jdt.ls.core.id1 -Dosgi.bundles.defaultStartLevel=4 -Declipse.product=org.eclipse.jdt.ls.core.product -Djava.import.generatesMetadataFilesAtProjectRoot=false -DDetectVMInstallationsJob.disabled=true -Dfile.encoding=utf8 -XX:+UseParallelGC -XX:GCTimeRatio=4 -XX:AdaptiveSizePolicyWeight=90 -Dsun.zip.disableMemoryMapping=true -Xmx2G -Xms100m -Xlog:disable -javaagent:c:\Users\Admin\.antigravity\extensions\redhat.java-1.50.0-win32-x64\lombok\lombok-1.18.39-4050.jar -XX:+HeapDumpOnOutOfMemoryError -XX:HeapDumpPath=c:\Users\Admin\AppData\Roaming\Antigravity\User\workspaceStorage\af1cb1524c391b6bf54d4a5b5d479961\redhat.java -Daether.dependencyCollector.impl=bf 
java_command: c:\Users\Admin\.antigravity\extensions\redhat.java-1.50.0-win32-x64\server\plugins\org.eclipse.equinox.launcher_1.7.100.v20251111-0406.jar -configuration c:\Users\Admin\AppData\Roaming\Antigravity\User\globalStorage\redhat.java\1.50.0\config_win -data c:\Users\Admin\AppData\Roaming\Antigravity\User\workspaceStorage\af1cb1524c391b6bf54d4a5b5d479961\redhat.java\jdt_ws --pipe=\\.\pipe\lsp-8da9497f57ea6c144dae83f2d62c618e-sock
java_class_path (initial): c:\Users\Admin\.antigravity\extensions\redhat.java-1.50.0-win32-x64\server\plugins\org.eclipse.equinox.launcher_1.7.100.v20251111-0406.jar
Launcher Type: SUN_STANDARD

[Global flags]
    uintx AdaptiveSizePolicyWeight                 = 90                                        {product} {command line}
     intx CICompilerCount                          = 3                                         {product} {ergonomic}
    uintx GCTimeRatio                              = 4                                         {product} {command line}
     bool HeapDumpOnOutOfMemoryError               = true                                   {manageable} {command line}
    ccstr HeapDumpPath                             = c:\Users\Admin\AppData\Roaming\Antigravity\User\workspaceStorage\af1cb1524c391b6bf54d4a5b5d479961\redhat.java         {manageable} {command line}
   size_t InitialHeapSize                          = 104857600                                 {product} {command line}
   size_t MaxHeapSize                              = 2147483648                                {product} {command line}
   size_t MaxNewSize                               = 715653120                                 {product} {ergonomic}
   size_t MinHeapDeltaBytes                        = 524288                                    {product} {ergonomic}
   size_t MinHeapSize                              = 104857600                                 {product} {command line}
   size_t NewSize                                  = 34603008                                  {product} {ergonomic}
    uintx NonNMethodCodeHeapSize                   = 5832780                                {pd product} {ergonomic}
    uintx NonProfiledCodeHeapSize                  = 122912730                              {pd product} {ergonomic}
   size_t OldSize                                  = 70254592                                  {product} {ergonomic}
    uintx ProfiledCodeHeapSize                     = 122912730                              {pd product} {ergonomic}
    uintx ReservedCodeCacheSize                    = 251658240                              {pd product} {ergonomic}
     bool SegmentedCodeCache                       = true                                      {product} {ergonomic}
   size_t SoftMaxHeapSize                          = 2147483648                             {manageable} {ergonomic}
     bool UseCompressedOops                        = true                           {product lp64_product} {ergonomic}
     bool UseLargePagesIndividualAllocation        = false                                  {pd product} {ergonomic}
     bool UseParallelGC                            = true                                      {product} {command line}

Logging:
Log output configuration:
 #0: stdout all=off uptime,level,tags foldmultilines=false
 #1: stderr all=off uptime,level,tags foldmultilines=false

Release file:
JAVA_VERSION="21.0.9" 
MODULES="java.base java.compiler java.datatransfer java.xml java.prefs java.desktop java.instrument java.logging java.management java.security.sasl java.naming java.rmi java.management.rmi java.net.http java.scripting java.security.jgss java.transaction.xa java.sql java.sql.rowset java.xml.crypto java.se java.smartcardio jdk.accessibility jdk.internal.jvmstat jdk.attach jdk.charsets jdk.internal.opt jdk.zipfs jdk.compiler jdk.crypto.ec jdk.crypto.cryptoki jdk.crypto.mscapi jdk.dynalink jdk.internal.ed jdk.editpad jdk.hotspot.agent jdk.httpserver jdk.internal.le jdk.internal.vm.ci jdk.internal.vm.compiler jdk.internal.vm.compiler.management jdk.jartool jdk.javadoc jdk.jcmd jdk.management jdk.management.agent jdk.jconsole jdk.jdeps jdk.jdwp.agent jdk.jdi jdk.jfr jdk.jshell jdk.jsobject jdk.jstatd jdk.localedata jdk.management.jfr jdk.naming.dns jdk.naming.rmi jdk.net jdk.nio.mapmode jdk.random jdk.sctp jdk.security.auth jdk.security.jgss jdk.unsupported jdk.unsupported.desktop jdk.xml.dom" 

Environment Variables:
PATH=C:\Program Files\Common Files\Oracle\Java\javapath;C:\WINDOWS\system32;C:\WINDOWS;C:\WINDOWS\System32\Wbem;C:\WINDOWS\System32\WindowsPowerShell\v1.0\;C:\WINDOWS\System32\OpenSSH\;C:\Program Files\Microsoft SQL Server\150\Tools\Binn\;C:\Program Files\nodejs\;C:\Users\Admin\AppData\Local\Microsoft\WindowsApps;C:\Users\Admin\AppData\Local\Programs\Microsoft VS Code\bin;C:\Users\Admin\AppData\Local\Programs\Antigravity\bin;C:\Users\Admin\AppData\Roaming\npm
USERNAME=Admin
OS=Windows_NT
PROCESSOR_IDENTIFIER=Intel64 Family 6 Model 42 Stepping 7, GenuineIntel
TMP=C:\Users\Admin\AppData\Local\Temp
TEMP=C:\Users\Admin\AppData\Local\Temp




Periodic native trim disabled

---------------  S Y S T E M  ---------------

OS:
 Windows 10 , 64 bit Build 19041 (10.0.19041.5915)
OS uptime: 0 days 10:52 hours

CPU: total 4 (initial active 4) (4 cores per cpu, 1 threads per core) family 6 model 42 stepping 7 microcode 0x2f, cx8, cmov, fxsr, mmx, sse, sse2, sse3, ssse3, sse4.1, sse4.2, popcnt, tsc, tscinvbit, avx, aes, clmul, vzeroupper, clflush, rdtscp
Processor Information for the first 4 processors :
  Max Mhz: 3301, Current Mhz: 3301, Mhz Limit: 3301

Memory: 4k page, system-wide physical 16337M (7294M free)
TotalPageFile size 20433M (AvailPageFile size 6M)
current process WorkingSet (physical memory assigned to process): 86M, peak: 87M
current process commit charge ("private bytes"): 227M, peak: 228M

vm_info: OpenJDK 64-Bit Server VM (21.0.9+10-LTS) for windows-amd64 JRE (21.0.9+10-LTS), built on 2025-10-21T00:00:00Z by "admin" with unknown MS VC++:1942

END.
