#
# There is insufficient memory for the Java Runtime Environment to continue.
# Native memory allocation (malloc) failed to allocate 235216 bytes. Error detail: Chunk::new
# Possible reasons:
#   The system is out of physical RAM or swap space
#   This process is running with CompressedOops enabled, and the Java Heap may be blocking the growth of the native heap
# Possible solutions:
#   Reduce memory load on the system
#   Increase physical memory or swap space
#   Check if swap backing store is full
#   Decrease Java heap size (-Xmx/-Xms)
#   Decrease number of Java threads
#   Decrease Java thread stack sizes (-Xss)
#   Set larger code cache with -XX:ReservedCodeCacheSize=
#   JVM is running with Unscaled Compressed Oops mode in which the Java heap is
#     placed in the first 4GB address space. The Java Heap base address is the
#     maximum limit for the native heap growth. Please use -XX:HeapBaseMinAddress
#     to set the Java Heap base and to place the Java Heap above 4GB virtual address.
# This output file may be truncated or incomplete.
#
#  Out of Memory Error (arena.cpp:168), pid=18072, tid=13856
#
# JRE version: OpenJDK Runtime Environment Temurin-21.0.9+10 (21.0.9+10) (build 21.0.9+10-LTS)
# Java VM: OpenJDK 64-Bit Server VM Temurin-21.0.9+10 (21.0.9+10-LTS, mixed mode, sharing, tiered, compressed oops, compressed class ptrs, parallel gc, windows-amd64)
# No core dump will be written. Minidumps are not enabled by default on client versions of Windows
#

---------------  S U M M A R Y ------------

Command Line: --add-modules=ALL-SYSTEM --add-opens=java.base/java.util=ALL-UNNAMED --add-opens=java.base/java.lang=ALL-UNNAMED --add-opens=java.base/sun.nio.fs=ALL-UNNAMED -Declipse.application=org.eclipse.jdt.ls.core.id1 -Dosgi.bundles.defaultStartLevel=4 -Declipse.product=org.eclipse.jdt.ls.core.product -Djava.import.generatesMetadataFilesAtProjectRoot=false -DDetectVMInstallationsJob.disabled=true -Dfile.encoding=utf8 -XX:+UseParallelGC -XX:GCTimeRatio=4 -XX:AdaptiveSizePolicyWeight=90 -Dsun.zip.disableMemoryMapping=true -Xmx2G -Xms100m -Xlog:disable -javaagent:c:\Users\Admin\.antigravity\extensions\redhat.java-1.50.0-win32-x64\lombok\lombok-1.18.39-4050.jar c:\Users\Admin\.antigravity\extensions\redhat.java-1.50.0-win32-x64\server\plugins\org.eclipse.equinox.launcher_1.7.100.v20251111-0406.jar -configuration c:\Users\Admin\AppData\Roaming\Antigravity\User\globalStorage\redhat.java\1.50.0\config_ss_win -data c:\Users\Admin\AppData\Roaming\Antigravity\User\workspaceStorage\af1cb1524c391b6bf54d4a5b5d479961\redhat.java\ss_ws --pipe=\\.\pipe\lsp-0db9345f40ddbc11348aab7fb44c57d0-sock

Host: Intel(R) Core(TM) i5-2500 CPU @ 3.30GHz, 4 cores, 15G,  Windows 10 , 64 bit Build 19041 (10.0.19041.5915)
Time: Thu Dec 18 21:07:42 2025 SE Asia Standard Time elapsed time: 0.562052 seconds (0d 0h 0m 0s)

---------------  T H R E A D  ---------------

Current thread (0x000001f97a4d8420):  JavaThread "C2 CompilerThread1" daemon [_thread_in_native, id=13856, stack(0x0000005abb700000,0x0000005abb800000) (1024K)]


Current CompileTask:
C2:562  614   !   4       java.lang.String::replace (258 bytes)

Stack: [0x0000005abb700000,0x0000005abb800000]
Native frames: (J=compiled Java code, j=interpreted, Vv=VM code, C=native code)
V  [jvm.dll+0x6d6e29]
V  [jvm.dll+0x8b4b76]
V  [jvm.dll+0x8b712e]
V  [jvm.dll+0x8b7813]
V  [jvm.dll+0x283d86]
V  [jvm.dll+0xc66ed]
V  [jvm.dll+0xc6c31]
V  [jvm.dll+0x2facee]
V  [jvm.dll+0x5fde44]
V  [jvm.dll+0x255557]
V  [jvm.dll+0x25591d]
V  [jvm.dll+0x24df40]
V  [jvm.dll+0x24b482]
V  [jvm.dll+0x1cb13e]
V  [jvm.dll+0x25b29d]
V  [jvm.dll+0x25982a]
V  [jvm.dll+0x3f7ea6]
V  [jvm.dll+0x85e9ad]
V  [jvm.dll+0x6d565d]
C  [ucrtbase.dll+0x21bb2]
C  [KERNEL32.DLL+0x17374]
C  [ntdll.dll+0x4cc91]


---------------  P R O C E S S  ---------------

Threads class SMR info:
_java_thread_list=0x000001f97a58c820, length=12, elements={
0x000001f921c822a0, 0x000001f938664a40, 0x000001f9386665f0, 0x000001f93866dc20,
0x000001f938670680, 0x000001f9386710d0, 0x000001f938671b20, 0x000001f938672950,
0x000001f9386e35d0, 0x000001f97a43e2e0, 0x000001f97a4d8420, 0x000001f97a62d160
}

Java Threads: ( => current thread )
  0x000001f921c822a0 JavaThread "main"                              [_thread_in_vm, id=18572, stack(0x0000005abaa00000,0x0000005abab00000) (1024K)]
  0x000001f938664a40 JavaThread "Reference Handler"          daemon [_thread_blocked, id=9160, stack(0x0000005abae00000,0x0000005abaf00000) (1024K)]
  0x000001f9386665f0 JavaThread "Finalizer"                  daemon [_thread_blocked, id=9728, stack(0x0000005abaf00000,0x0000005abb000000) (1024K)]
  0x000001f93866dc20 JavaThread "Signal Dispatcher"          daemon [_thread_blocked, id=18740, stack(0x0000005abb000000,0x0000005abb100000) (1024K)]
  0x000001f938670680 JavaThread "Attach Listener"            daemon [_thread_blocked, id=6824, stack(0x0000005abb100000,0x0000005abb200000) (1024K)]
  0x000001f9386710d0 JavaThread "Service Thread"             daemon [_thread_blocked, id=13964, stack(0x0000005abb200000,0x0000005abb300000) (1024K)]
  0x000001f938671b20 JavaThread "Monitor Deflation Thread"   daemon [_thread_blocked, id=17320, stack(0x0000005abb300000,0x0000005abb400000) (1024K)]
  0x000001f938672950 JavaThread "C2 CompilerThread0"         daemon [_thread_blocked, id=12240, stack(0x0000005abb400000,0x0000005abb500000) (1024K)]
  0x000001f9386e35d0 JavaThread "C1 CompilerThread0"         daemon [_thread_blocked, id=3736, stack(0x0000005abb500000,0x0000005abb600000) (1024K)]
  0x000001f97a43e2e0 JavaThread "Common-Cleaner"             daemon [_thread_blocked, id=7568, stack(0x0000005abb600000,0x0000005abb700000) (1024K)]
=>0x000001f97a4d8420 JavaThread "C2 CompilerThread1"         daemon [_thread_in_native, id=13856, stack(0x0000005abb700000,0x0000005abb800000) (1024K)]
  0x000001f97a62d160 JavaThread "Notification Thread"        daemon [_thread_blocked, id=13748, stack(0x0000005abb800000,0x0000005abb900000) (1024K)]
Total: 12

Other Threads:
  0x000001f921d3bd30 VMThread "VM Thread"                           [id=6092, stack(0x0000005abad00000,0x0000005abae00000) (1024K)]
  0x000001f921ceedb0 WatcherThread "VM Periodic Task Thread"        [id=17984, stack(0x0000005abac00000,0x0000005abad00000) (1024K)]
  0x000001f921ca0000 WorkerThread "GC Thread#0"                     [id=3964, stack(0x0000005abab00000,0x0000005abac00000) (1024K)]
Total: 3

Threads with active compile tasks:
C2 CompilerThread1  578  614   !   4       java.lang.String::replace (258 bytes)
Total: 1

VM state: not at safepoint (normal execution)

VM Mutex/Monitor currently owned by a thread:  ([mutex/lock_event])
[0x00007ff8e465b4f0] Metaspace_lock - owner thread: 0x000001f921c822a0

Heap address: 0x0000000080000000, size: 2048 MB, Compressed Oops mode: 32-bit

CDS archive(s) mapped at: [0x000001f939000000-0x000001f939ba0000-0x000001f939ba0000), size 12189696, SharedBaseAddress: 0x000001f939000000, ArchiveRelocationMode: 1.
Compressed class space mapped at: 0x000001f93a000000-0x000001f97a000000, reserved size: 1073741824
Narrow klass base: 0x000001f939000000, Narrow klass shift: 0, Narrow klass range: 0x100000000

GC Precious Log:
 CardTable entry size: 512
 CPUs: 4 total, 4 available
 Memory: 16337M
 Large Page Support: Disabled
 NUMA Support: Disabled
 Compressed Oops: Enabled (32-bit)
 Alignments: Space 512K, Generation 512K, Heap 2M
 Heap Min Capacity: 100M
 Heap Initial Capacity: 100M
 Heap Max Capacity: 2G
 Pre-touch: Disabled
 Parallel Workers: 4

Heap:
 PSYoungGen      total 29696K, used 11351K [0x00000000d5580000, 0x00000000d7680000, 0x0000000100000000)
  eden space 25600K, 44% used [0x00000000d5580000,0x00000000d6095ed0,0x00000000d6e80000)
  from space 4096K, 0% used [0x00000000d7280000,0x00000000d7280000,0x00000000d7680000)
  to   space 4096K, 0% used [0x00000000d6e80000,0x00000000d6e80000,0x00000000d7280000)
 ParOldGen       total 68608K, used 0K [0x0000000080000000, 0x0000000084300000, 0x00000000d5580000)
  object space 68608K, 0% used [0x0000000080000000,0x0000000080000000,0x0000000084300000)
 Metaspace       used 1835K, committed 2048K, reserved 1114112K
  class space    used 183K, committed 320K, reserved 1048576K

Card table byte_map: [0x000001f921630000,0x000001f921a40000] _byte_map_base: 0x000001f921230000

Marking Bits: (ParMarkBitMap*) 0x00007ff8e4662460
 Begin Bits: [0x000001f934140000, 0x000001f936140000)
 End Bits:   [0x000001f936140000, 0x000001f938140000)

Polling page: 0x000001f91fa70000

Metaspace:

Usage:
  Non-class:      1.61 MB used.
      Class:    183.30 KB used.
       Both:      1.79 MB used.

Virtual space:
  Non-class space:       64.00 MB reserved,       1.69 MB (  3%) committed,  1 nodes.
      Class space:        1.00 GB reserved,     320.00 KB ( <1%) committed,  1 nodes.
             Both:        1.06 GB reserved,       2.00 MB ( <1%) committed. 

Chunk freelists:
   Non-Class:  11.65 MB
       Class:  15.67 MB
        Both:  27.32 MB

MaxMetaspaceSize: unlimited
CompressedClassSpaceSize: 1.00 GB
Initial GC threshold: 21.00 MB
Current GC threshold: 21.00 MB
CDS: on
 - commit_granule_bytes: 65536.
 - commit_granule_words: 8192.
 - virtual_space_node_default_size: 8388608.
 - enlarge_chunks_in_place: 1.
 - use_allocation_guard: 0.


Internal statistics:

num_allocs_failed_limit: 0.
num_arena_births: 78.
num_arena_deaths: 0.
num_vsnodes_births: 2.
num_vsnodes_deaths: 0.
num_space_committed: 32.
num_space_uncommitted: 0.
num_chunks_returned_to_freelist: 0.
num_chunks_taken_from_freelist: 100.
num_chunk_merges: 0.
num_chunk_splits: 70.
num_chunks_enlarged: 45.
num_inconsistent_stats: 0.

CodeHeap 'non-profiled nmethods': size=120000Kb used=235Kb max_used=235Kb free=119764Kb
 bounds [0x000001f92c960000, 0x000001f92cbd0000, 0x000001f933e90000]
CodeHeap 'profiled nmethods': size=120000Kb used=882Kb max_used=882Kb free=119117Kb
 bounds [0x000001f924e90000, 0x000001f925100000, 0x000001f92c3c0000]
CodeHeap 'non-nmethods': size=5760Kb used=1158Kb max_used=1173Kb free=4601Kb
 bounds [0x000001f92c3c0000, 0x000001f92c630000, 0x000001f92c960000]
CodeCache: size=245760Kb, used=2275Kb, max_used=2290Kb, free=243482Kb
 total_blobs=1023, nmethods=613, adapters=317, full_count=0
Compilation: enabled, stopped_count=0, restarted_count=0

Compilation events (20 events):
Event: 0.534 Thread 0x000001f97a4d8420  603       4       java.util.ArrayList$Itr::next (66 bytes)
Event: 0.535 Thread 0x000001f97a4d8420 nmethod 603 0x000001f92c998510 code [0x000001f92c9986a0, 0x000001f92c998808]
Event: 0.535 Thread 0x000001f97a4d8420  604       4       java.lang.String::replace (42 bytes)
Event: 0.535 Thread 0x000001f938672950 nmethod 599 0x000001f92c998990 code [0x000001f92c998b20, 0x000001f92c998e38]
Event: 0.536 Thread 0x000001f9386e35d0  607       3       jdk.internal.org.objectweb.asm.ByteVector::putByteArray (49 bytes)
Event: 0.536 Thread 0x000001f9386e35d0 nmethod 607 0x000001f924f6a810 code [0x000001f924f6a9e0, 0x000001f924f6aca8]
Event: 0.539 Thread 0x000001f9386e35d0  608       3       java.util.HashMap::putVal (300 bytes)
Event: 0.552 Thread 0x000001f97a4d8420 nmethod 604 0x000001f92c999290 code [0x000001f92c999460, 0x000001f92c9999e0]
Event: 0.552 Thread 0x000001f9386e35d0 nmethod 608 0x000001f924f6ad90 code [0x000001f924f6b040, 0x000001f924f6c0f8]
Event: 0.552 Thread 0x000001f9386e35d0  609       1       sun.security.util.KnownOIDs::value (5 bytes)
Event: 0.552 Thread 0x000001f9386e35d0 nmethod 609 0x000001f92c999d10 code [0x000001f92c999ea0, 0x000001f92c999f68]
Event: 0.552 Thread 0x000001f9386e35d0  610       1       java.security.Provider$Service::getType (5 bytes)
Event: 0.553 Thread 0x000001f9386e35d0 nmethod 610 0x000001f92c99a010 code [0x000001f92c99a1a0, 0x000001f92c99a268]
Event: 0.553 Thread 0x000001f9386e35d0  611       1       java.security.Provider$Service::getAlgorithm (5 bytes)
Event: 0.553 Thread 0x000001f9386e35d0 nmethod 611 0x000001f92c99a310 code [0x000001f92c99a4a0, 0x000001f92c99a568]
Event: 0.553 Thread 0x000001f9386e35d0  612       1       java.security.Provider$Service::getAliases (5 bytes)
Event: 0.553 Thread 0x000001f9386e35d0 nmethod 612 0x000001f92c99a610 code [0x000001f92c99a7a0, 0x000001f92c99a868]
Event: 0.553 Thread 0x000001f9386e35d0  613       3       java.security.Provider$ServiceKey::hashCode (19 bytes)
Event: 0.553 Thread 0x000001f9386e35d0 nmethod 613 0x000001f924f6c590 code [0x000001f924f6c740, 0x000001f924f6c8d8]
Event: 0.553 Thread 0x000001f97a4d8420  614   !   4       java.lang.String::replace (258 bytes)

GC Heap History (0 events):
No events

Dll operation events (8 events):
Event: 0.028 Loaded shared library c:\Users\Admin\.antigravity\extensions\redhat.java-1.50.0-win32-x64\jre\21.0.9-win32-x86_64\bin\java.dll
Event: 0.127 Loaded shared library c:\Users\Admin\.antigravity\extensions\redhat.java-1.50.0-win32-x64\jre\21.0.9-win32-x86_64\bin\zip.dll
Event: 0.148 Loaded shared library C:\Users\Admin\.antigravity\extensions\redhat.java-1.50.0-win32-x64\jre\21.0.9-win32-x86_64\bin\instrument.dll
Event: 0.153 Loaded shared library C:\Users\Admin\.antigravity\extensions\redhat.java-1.50.0-win32-x64\jre\21.0.9-win32-x86_64\bin\net.dll
Event: 0.156 Loaded shared library C:\Users\Admin\.antigravity\extensions\redhat.java-1.50.0-win32-x64\jre\21.0.9-win32-x86_64\bin\nio.dll
Event: 0.159 Loaded shared library C:\Users\Admin\.antigravity\extensions\redhat.java-1.50.0-win32-x64\jre\21.0.9-win32-x86_64\bin\zip.dll
Event: 0.197 Loaded shared library C:\Users\Admin\.antigravity\extensions\redhat.java-1.50.0-win32-x64\jre\21.0.9-win32-x86_64\bin\jimage.dll
Event: 0.284 Loaded shared library c:\Users\Admin\.antigravity\extensions\redhat.java-1.50.0-win32-x64\jre\21.0.9-win32-x86_64\bin\verify.dll

Deoptimization events (20 events):
Event: 0.418 Thread 0x000001f921c822a0 DEOPT PACKING pc=0x000001f924eda5d8 sp=0x0000005abaafbe30
Event: 0.418 Thread 0x000001f921c822a0 DEOPT UNPACKING pc=0x000001f92c414242 sp=0x0000005abaafb2f0 mode 0
Event: 0.427 Thread 0x000001f921c822a0 DEOPT PACKING pc=0x000001f924f2b90d sp=0x0000005abaaf9cd0
Event: 0.427 Thread 0x000001f921c822a0 DEOPT UNPACKING pc=0x000001f92c414242 sp=0x0000005abaaf9180 mode 0
Event: 0.448 Thread 0x000001f921c822a0 Uncommon trap: trap_request=0xffffff45 fr.pc=0x000001f92c9716e0 relative=0x00000000000000c0
Event: 0.448 Thread 0x000001f921c822a0 Uncommon trap: reason=unstable_if action=reinterpret pc=0x000001f92c9716e0 method=java.lang.String.isLatin1()Z @ 10 c2
Event: 0.448 Thread 0x000001f921c822a0 DEOPT PACKING pc=0x000001f92c9716e0 sp=0x0000005abaafec80
Event: 0.448 Thread 0x000001f921c822a0 DEOPT UNPACKING pc=0x000001f92c413aa2 sp=0x0000005abaafebc0 mode 2
Event: 0.449 Thread 0x000001f921c822a0 Uncommon trap: trap_request=0xffffffde fr.pc=0x000001f92c9709d4 relative=0x00000000000006b4
Event: 0.449 Thread 0x000001f921c822a0 Uncommon trap: reason=class_check action=maybe_recompile pc=0x000001f92c9709d4 method=java.util.HashMap.putVal(ILjava/lang/Object;Ljava/lang/Object;ZZ)Ljava/lang/Object; @ 152 c2
Event: 0.449 Thread 0x000001f921c822a0 DEOPT PACKING pc=0x000001f92c9709d4 sp=0x0000005abaafeab0
Event: 0.449 Thread 0x000001f921c822a0 DEOPT UNPACKING pc=0x000001f92c413aa2 sp=0x0000005abaafea10 mode 2
Event: 0.449 Thread 0x000001f921c822a0 Uncommon trap: trap_request=0xffffffde fr.pc=0x000001f92c9709d4 relative=0x00000000000006b4
Event: 0.449 Thread 0x000001f921c822a0 Uncommon trap: reason=class_check action=maybe_recompile pc=0x000001f92c9709d4 method=java.util.HashMap.putVal(ILjava/lang/Object;Ljava/lang/Object;ZZ)Ljava/lang/Object; @ 152 c2
Event: 0.449 Thread 0x000001f921c822a0 DEOPT PACKING pc=0x000001f92c9709d4 sp=0x0000005abaafeab0
Event: 0.449 Thread 0x000001f921c822a0 DEOPT UNPACKING pc=0x000001f92c413aa2 sp=0x0000005abaafea10 mode 2
Event: 0.506 Thread 0x000001f921c822a0 Uncommon trap: trap_request=0xffffff45 fr.pc=0x000001f92c990ae0 relative=0x0000000000000820
Event: 0.506 Thread 0x000001f921c822a0 Uncommon trap: reason=unstable_if action=reinterpret pc=0x000001f92c990ae0 method=java.util.HashMap.putVal(ILjava/lang/Object;Ljava/lang/Object;ZZ)Ljava/lang/Object; @ 181 c2
Event: 0.506 Thread 0x000001f921c822a0 DEOPT PACKING pc=0x000001f92c990ae0 sp=0x0000005abaafd960
Event: 0.506 Thread 0x000001f921c822a0 DEOPT UNPACKING pc=0x000001f92c413aa2 sp=0x0000005abaafd8e0 mode 2

Classes loaded (20 events):
Event: 0.535 Loading class java/security/spec/KeySpec done
Event: 0.535 Loading class java/security/spec/EncodedKeySpec done
Event: 0.535 Loading class java/security/spec/X509EncodedKeySpec done
Event: 0.535 Loading class jdk/internal/access/JavaSecuritySpecAccess
Event: 0.535 Loading class jdk/internal/access/JavaSecuritySpecAccess done
Event: 0.536 Loading class java/security/KeyFactory
Event: 0.537 Loading class java/security/KeyFactory done
Event: 0.537 Loading class sun/security/jca/ProviderList$ServiceList
Event: 0.537 Loading class sun/security/jca/ProviderList$ServiceList done
Event: 0.537 Loading class sun/security/jca/ProviderList$ServiceList$1
Event: 0.537 Loading class sun/security/jca/ProviderList$ServiceList$1 done
Event: 0.537 Loading class sun/security/rsa/SunRsaSign
Event: 0.537 Loading class sun/security/rsa/SunRsaSign done
Event: 0.537 Loading class sun/security/rsa/SunRsaSignEntries
Event: 0.539 Loading class sun/security/rsa/SunRsaSignEntries done
Event: 0.553 Loading class sun/security/rsa/RSAKeyFactory$Legacy
Event: 0.553 Loading class sun/security/rsa/RSAKeyFactory
Event: 0.556 Loading class java/security/KeyFactorySpi
Event: 0.557 Loading class java/security/KeyFactorySpi done
Event: 0.557 Loading class sun/security/rsa/RSAKeyFactory done

Classes unloaded (0 events):
No events

Classes redefined (0 events):
No events

Internal exceptions (12 events):
Event: 0.117 Thread 0x000001f921c822a0 Exception <a 'java/lang/NoSuchMethodError'{0x00000000d57a8ed0}: 'void java.lang.invoke.DirectMethodHandle$Holder.invokeStatic(java.lang.Object, java.lang.Object, java.lang.Object)'> (0x00000000d57a8ed0) 
thrown [s\src\hotspot\share\interpreter\linkResolver.cpp, line 773]
Event: 0.190 Thread 0x000001f921c822a0 Exception <a 'java/lang/NoSuchMethodError'{0x00000000d59115a0}: 'java.lang.Object java.lang.invoke.Invokers$Holder.invokeExact_MT(java.lang.Object, java.lang.Object, java.lang.Object, java.lang.Object, java.lang.Object)'> (0x00000000d59115a0) 
thrown [s\src\hotspot\share\interpreter\linkResolver.cpp, line 773]
Event: 0.243 Thread 0x000001f921c822a0 Exception <a 'java/lang/NoSuchMethodError'{0x00000000d59ca4f8}: 'int java.lang.invoke.DirectMethodHandle$Holder.invokeSpecial(java.lang.Object, java.lang.Object, java.lang.Object, int)'> (0x00000000d59ca4f8) 
thrown [s\src\hotspot\share\interpreter\linkResolver.cpp, line 773]
Event: 0.245 Thread 0x000001f921c822a0 Exception <a 'java/lang/NoSuchMethodError'{0x00000000d59dcee0}: 'java.lang.Object java.lang.invoke.DirectMethodHandle$Holder.invokeStatic(java.lang.Object, java.lang.Object, java.lang.Object, java.lang.Object, int)'> (0x00000000d59dcee0) 
thrown [s\src\hotspot\share\interpreter\linkResolver.cpp, line 773]
Event: 0.247 Thread 0x000001f921c822a0 Exception <a 'java/lang/NoSuchMethodError'{0x00000000d59e8320}: 'void java.lang.invoke.DelegatingMethodHandle$Holder.reinvoke_L(java.lang.Object, java.lang.Object, java.lang.Object, int, java.lang.Object)'> (0x00000000d59e8320) 
thrown [s\src\hotspot\share\interpreter\linkResolver.cpp, line 773]
Event: 0.249 Thread 0x000001f921c822a0 Exception <a 'java/lang/NoSuchMethodError'{0x00000000d59f8c70}: 'int java.lang.invoke.DirectMethodHandle$Holder.invokeSpecial(java.lang.Object, java.lang.Object, java.lang.Object)'> (0x00000000d59f8c70) 
thrown [s\src\hotspot\share\interpreter\linkResolver.cpp, line 773]
Event: 0.251 Thread 0x000001f921c822a0 Exception <a 'java/lang/NoSuchMethodError'{0x00000000d5a04930}: 'java.lang.Object java.lang.invoke.DirectMethodHandle$Holder.invokeStatic(java.lang.Object, java.lang.Object, int)'> (0x00000000d5a04930) 
thrown [s\src\hotspot\share\interpreter\linkResolver.cpp, line 773]
Event: 0.251 Thread 0x000001f921c822a0 Exception <a 'java/lang/NoSuchMethodError'{0x00000000d5a09280}: 'void java.lang.invoke.DirectMethodHandle$Holder.invokeStatic(java.lang.Object, java.lang.Object, int, java.lang.Object)'> (0x00000000d5a09280) 
thrown [s\src\hotspot\share\interpreter\linkResolver.cpp, line 773]
Event: 0.252 Thread 0x000001f921c822a0 Exception <a 'java/lang/NoSuchMethodError'{0x00000000d5a0ce10}: 'void java.lang.invoke.DirectMethodHandle$Holder.invokeSpecial(java.lang.Object, java.lang.Object, java.lang.Object, int, java.lang.Object)'> (0x00000000d5a0ce10) 
thrown [s\src\hotspot\share\interpreter\linkResolver.cpp, line 773]
Event: 0.252 Thread 0x000001f921c822a0 Exception <a 'java/lang/NoSuchMethodError'{0x00000000d5a10280}: 'void java.lang.invoke.DelegatingMethodHandle$Holder.delegate(java.lang.Object, java.lang.Object, int, java.lang.Object)'> (0x00000000d5a10280) 
thrown [s\src\hotspot\share\interpreter\linkResolver.cpp, line 773]
Event: 0.312 Thread 0x000001f921c822a0 Exception <a 'java/lang/NoSuchMethodError'{0x00000000d5bd01e0}: 'void java.lang.invoke.DelegatingMethodHandle$Holder.reinvoke_L(java.lang.Object, java.lang.Object, java.lang.Object, int)'> (0x00000000d5bd01e0) 
thrown [s\src\hotspot\share\interpreter\linkResolver.cpp, line 773]
Event: 0.536 Thread 0x000001f921c822a0 Exception <a 'java/lang/NoSuchMethodError'{0x00000000d6060d28}: 'void java.lang.invoke.DirectMethodHandle$Holder.invokeVirtual(java.lang.Object, java.lang.Object)'> (0x00000000d6060d28) 
thrown [s\src\hotspot\share\interpreter\linkResolver.cpp, line 773]

ZGC Phase Switch (0 events):
No events

VM Operations (4 events):
Event: 0.125 Executing VM operation: HandshakeAllThreads (Deoptimize)
Event: 0.126 Executing VM operation: HandshakeAllThreads (Deoptimize) done
Event: 0.215 Executing VM operation: HandshakeAllThreads (Deoptimize)
Event: 0.215 Executing VM operation: HandshakeAllThreads (Deoptimize) done

Memory protections (0 events):
No events

Nmethod flushes (0 events):
No events

Events (12 events):
Event: 0.044 Thread 0x000001f921c822a0 Thread added: 0x000001f921c822a0
Event: 0.076 Thread 0x000001f921c822a0 Thread added: 0x000001f938664a40
Event: 0.076 Thread 0x000001f921c822a0 Thread added: 0x000001f9386665f0
Event: 0.076 Thread 0x000001f921c822a0 Thread added: 0x000001f93866dc20
Event: 0.076 Thread 0x000001f921c822a0 Thread added: 0x000001f938670680
Event: 0.076 Thread 0x000001f921c822a0 Thread added: 0x000001f9386710d0
Event: 0.076 Thread 0x000001f921c822a0 Thread added: 0x000001f938671b20
Event: 0.076 Thread 0x000001f921c822a0 Thread added: 0x000001f938672950
Event: 0.081 Thread 0x000001f921c822a0 Thread added: 0x000001f9386e35d0
Event: 0.150 Thread 0x000001f921c822a0 Thread added: 0x000001f97a43e2e0
Event: 0.283 Thread 0x000001f9386e35d0 Thread added: 0x000001f97a4d8420
Event: 0.445 Thread 0x000001f921c822a0 Thread added: 0x000001f97a62d160


Dynamic libraries:
0x00007ff6b7ab0000 - 0x00007ff6b7abe000 	c:\Users\Admin\.antigravity\extensions\redhat.java-1.50.0-win32-x64\jre\21.0.9-win32-x86_64\bin\java.exe
0x00007ff91ea90000 - 0x00007ff91ec88000 	C:\WINDOWS\SYSTEM32\ntdll.dll
0x00007ff91e2b0000 - 0x00007ff91e372000 	C:\WINDOWS\System32\KERNEL32.DLL
0x00007ff91c1c0000 - 0x00007ff91c4b6000 	C:\WINDOWS\System32\KERNELBASE.dll
0x00007ff91c960000 - 0x00007ff91ca60000 	C:\WINDOWS\System32\ucrtbase.dll
0x00007ff8fadc0000 - 0x00007ff8fadd8000 	c:\Users\Admin\.antigravity\extensions\redhat.java-1.50.0-win32-x64\jre\21.0.9-win32-x86_64\bin\jli.dll
0x00007ff91cfd0000 - 0x00007ff91d171000 	C:\WINDOWS\System32\USER32.dll
0x00007ff91c550000 - 0x00007ff91c572000 	C:\WINDOWS\System32\win32u.dll
0x00007ff91cdd0000 - 0x00007ff91cdfb000 	C:\WINDOWS\System32\GDI32.dll
0x00007ff91c710000 - 0x00007ff91c829000 	C:\WINDOWS\System32\gdi32full.dll
0x00007ff91c120000 - 0x00007ff91c1bd000 	C:\WINDOWS\System32\msvcp_win.dll
0x00007ff8face0000 - 0x00007ff8facfe000 	c:\Users\Admin\.antigravity\extensions\redhat.java-1.50.0-win32-x64\jre\21.0.9-win32-x86_64\bin\VCRUNTIME140.dll
0x00007ff90b970000 - 0x00007ff90bc0b000 	C:\WINDOWS\WinSxS\amd64_microsoft.windows.common-controls_6595b64144ccf1df_6.0.19041.6456_none_60b8a6cb71f64256\COMCTL32.dll
0x00007ff91e540000 - 0x00007ff91e5de000 	C:\WINDOWS\System32\msvcrt.dll
0x00007ff91d180000 - 0x00007ff91d1af000 	C:\WINDOWS\System32\IMM32.DLL
0x00007ff90c240000 - 0x00007ff90c24c000 	c:\Users\Admin\.antigravity\extensions\redhat.java-1.50.0-win32-x64\jre\21.0.9-win32-x86_64\bin\vcruntime140_1.dll
0x00007ff8f8670000 - 0x00007ff8f86fd000 	c:\Users\Admin\.antigravity\extensions\redhat.java-1.50.0-win32-x64\jre\21.0.9-win32-x86_64\bin\msvcp140.dll
0x00007ff8e39a0000 - 0x00007ff8e4740000 	c:\Users\Admin\.antigravity\extensions\redhat.java-1.50.0-win32-x64\jre\21.0.9-win32-x86_64\bin\server\jvm.dll
0x00007ff91d220000 - 0x00007ff91d2d1000 	C:\WINDOWS\System32\ADVAPI32.dll
0x00007ff91d2f0000 - 0x00007ff91d38f000 	C:\WINDOWS\System32\sechost.dll
0x00007ff91df50000 - 0x00007ff91e070000 	C:\WINDOWS\System32\RPCRT4.dll
0x00007ff91c6e0000 - 0x00007ff91c707000 	C:\WINDOWS\System32\bcrypt.dll
0x00007ff91d1b0000 - 0x00007ff91d21b000 	C:\WINDOWS\System32\WS2_32.dll
0x00007ff91b6b0000 - 0x00007ff91b6fb000 	C:\WINDOWS\SYSTEM32\POWRPROF.dll
0x00007ff9129b0000 - 0x00007ff9129d7000 	C:\WINDOWS\SYSTEM32\WINMM.dll
0x00007ff915d60000 - 0x00007ff915d6a000 	C:\WINDOWS\SYSTEM32\VERSION.dll
0x00007ff91b520000 - 0x00007ff91b532000 	C:\WINDOWS\SYSTEM32\UMPDC.dll
0x00007ff919fb0000 - 0x00007ff919fc2000 	C:\WINDOWS\SYSTEM32\kernel.appcore.dll
0x00007ff908ec0000 - 0x00007ff908eca000 	c:\Users\Admin\.antigravity\extensions\redhat.java-1.50.0-win32-x64\jre\21.0.9-win32-x86_64\bin\jimage.dll
0x00007ff916af0000 - 0x00007ff916cf1000 	C:\WINDOWS\SYSTEM32\DBGHELP.DLL
0x00007ff8f9ff0000 - 0x00007ff8fa024000 	C:\WINDOWS\SYSTEM32\dbgcore.DLL
0x00007ff91c4c0000 - 0x00007ff91c542000 	C:\WINDOWS\System32\bcryptPrimitives.dll
0x00007ff8fadb0000 - 0x00007ff8fadbf000 	c:\Users\Admin\.antigravity\extensions\redhat.java-1.50.0-win32-x64\jre\21.0.9-win32-x86_64\bin\instrument.dll
0x00007ff8fac00000 - 0x00007ff8fac20000 	c:\Users\Admin\.antigravity\extensions\redhat.java-1.50.0-win32-x64\jre\21.0.9-win32-x86_64\bin\java.dll
0x00007ff91d400000 - 0x00007ff91db70000 	C:\WINDOWS\System32\SHELL32.dll
0x00007ff91a1b0000 - 0x00007ff91a955000 	C:\WINDOWS\SYSTEM32\windows.storage.dll
0x00007ff91db70000 - 0x00007ff91dec4000 	C:\WINDOWS\System32\combase.dll
0x00007ff91bb50000 - 0x00007ff91bb7b000 	C:\WINDOWS\SYSTEM32\Wldp.dll
0x00007ff91e410000 - 0x00007ff91e4dd000 	C:\WINDOWS\System32\OLEAUT32.dll
0x00007ff91e200000 - 0x00007ff91e2ad000 	C:\WINDOWS\System32\SHCORE.dll
0x00007ff91e4e0000 - 0x00007ff91e53b000 	C:\WINDOWS\System32\shlwapi.dll
0x00007ff91c050000 - 0x00007ff91c074000 	C:\WINDOWS\SYSTEM32\profapi.dll
0x00007ff8fa9d0000 - 0x00007ff8fa9e8000 	c:\Users\Admin\.antigravity\extensions\redhat.java-1.50.0-win32-x64\jre\21.0.9-win32-x86_64\bin\zip.dll
0x00007ff8fa630000 - 0x00007ff8fa640000 	C:\Users\Admin\.antigravity\extensions\redhat.java-1.50.0-win32-x64\jre\21.0.9-win32-x86_64\bin\net.dll
0x00007ff915610000 - 0x00007ff91571a000 	C:\WINDOWS\SYSTEM32\WINHTTP.dll
0x00007ff91b8b0000 - 0x00007ff91b91a000 	C:\WINDOWS\system32\mswsock.dll
0x00007ff8fa590000 - 0x00007ff8fa5a6000 	C:\Users\Admin\.antigravity\extensions\redhat.java-1.50.0-win32-x64\jre\21.0.9-win32-x86_64\bin\nio.dll
0x00007ff8fa620000 - 0x00007ff8fa630000 	c:\Users\Admin\.antigravity\extensions\redhat.java-1.50.0-win32-x64\jre\21.0.9-win32-x86_64\bin\verify.dll

JVMTI agents:
c:\Users\Admin\.antigravity\extensions\redhat.java-1.50.0-win32-x64\lombok\lombok-1.18.39-4050.jar path:c:\Users\Admin\.antigravity\extensions\redhat.java-1.50.0-win32-x64\jre\21.0.9-win32-x86_64\bin\instrument.dll, loaded, initialized, instrumentlib options:none

dbghelp: loaded successfully - version: 4.0.5 - missing functions: none
symbol engine: initialized successfully - sym options: 0x614 - pdb path: .;c:\Users\Admin\.antigravity\extensions\redhat.java-1.50.0-win32-x64\jre\21.0.9-win32-x86_64\bin;C:\WINDOWS\SYSTEM32;C:\WINDOWS\WinSxS\amd64_microsoft.windows.common-controls_6595b64144ccf1df_6.0.19041.6456_none_60b8a6cb71f64256;c:\Users\Admin\.antigravity\extensions\redhat.java-1.50.0-win32-x64\jre\21.0.9-win32-x86_64\bin\server

VM Arguments:
jvm_args: --add-modules=ALL-SYSTEM --add-opens=java.base/java.util=ALL-UNNAMED --add-opens=java.base/java.lang=ALL-UNNAMED --add-opens=java.base/sun.nio.fs=ALL-UNNAMED -Declipse.application=org.eclipse.jdt.ls.core.id1 -Dosgi.bundles.defaultStartLevel=4 -Declipse.product=org.eclipse.jdt.ls.core.product -Djava.import.generatesMetadataFilesAtProjectRoot=false -DDetectVMInstallationsJob.disabled=true -Dfile.encoding=utf8 -XX:+UseParallelGC -XX:GCTimeRatio=4 -XX:AdaptiveSizePolicyWeight=90 -Dsun.zip.disableMemoryMapping=true -Xmx2G -Xms100m -Xlog:disable -javaagent:c:\Users\Admin\.antigravity\extensions\redhat.java-1.50.0-win32-x64\lombok\lombok-1.18.39-4050.jar 
java_command: c:\Users\Admin\.antigravity\extensions\redhat.java-1.50.0-win32-x64\server\plugins\org.eclipse.equinox.launcher_1.7.100.v20251111-0406.jar -configuration c:\Users\Admin\AppData\Roaming\Antigravity\User\globalStorage\redhat.java\1.50.0\config_ss_win -data c:\Users\Admin\AppData\Roaming\Antigravity\User\workspaceStorage\af1cb1524c391b6bf54d4a5b5d479961\redhat.java\ss_ws --pipe=\\.\pipe\lsp-0db9345f40ddbc11348aab7fb44c57d0-sock
java_class_path (initial): c:\Users\Admin\.antigravity\extensions\redhat.java-1.50.0-win32-x64\server\plugins\org.eclipse.equinox.launcher_1.7.100.v20251111-0406.jar
Launcher Type: SUN_STANDARD

[Global flags]
    uintx AdaptiveSizePolicyWeight                 = 90                                        {product} {command line}
     intx CICompilerCount                          = 3                                         {product} {ergonomic}
    uintx GCTimeRatio                              = 4                                         {product} {command line}
   size_t InitialHeapSize                          = 104857600                                 {product} {command line}
   size_t MaxHeapSize                              = 2147483648                                {product} {command line}
   size_t MaxNewSize                               = 715653120                                 {product} {ergonomic}
   size_t MinHeapDeltaBytes                        = 524288                                    {product} {ergonomic}
   size_t MinHeapSize                              = 104857600                                 {product} {command line}
   size_t NewSize                                  = 34603008                                  {product} {ergonomic}
    uintx NonNMethodCodeHeapSize                   = 5832780                                {pd product} {ergonomic}
    uintx NonProfiledCodeHeapSize                  = 122912730                              {pd product} {ergonomic}
   size_t OldSize                                  = 70254592                                  {product} {ergonomic}
    uintx ProfiledCodeHeapSize                     = 122912730                              {pd product} {ergonomic}
    uintx ReservedCodeCacheSize                    = 251658240                              {pd product} {ergonomic}
     bool SegmentedCodeCache                       = true                                      {product} {ergonomic}
   size_t SoftMaxHeapSize                          = 2147483648                             {manageable} {ergonomic}
     bool UseCompressedOops                        = true                           {product lp64_product} {ergonomic}
     bool UseLargePagesIndividualAllocation        = false                                  {pd product} {ergonomic}
     bool UseParallelGC                            = true                                      {product} {command line}

Logging:
Log output configuration:
 #0: stdout all=off uptime,level,tags foldmultilines=false
 #1: stderr all=off uptime,level,tags foldmultilines=false

Release file:
JAVA_VERSION="21.0.9" 
MODULES="java.base java.compiler java.datatransfer java.xml java.prefs java.desktop java.instrument java.logging java.management java.security.sasl java.naming java.rmi java.management.rmi java.net.http java.scripting java.security.jgss java.transaction.xa java.sql java.sql.rowset java.xml.crypto java.se java.smartcardio jdk.accessibility jdk.internal.jvmstat jdk.attach jdk.charsets jdk.internal.opt jdk.zipfs jdk.compiler jdk.crypto.ec jdk.crypto.cryptoki jdk.crypto.mscapi jdk.dynalink jdk.internal.ed jdk.editpad jdk.hotspot.agent jdk.httpserver jdk.internal.le jdk.internal.vm.ci jdk.internal.vm.compiler jdk.internal.vm.compiler.management jdk.jartool jdk.javadoc jdk.jcmd jdk.management jdk.management.agent jdk.jconsole jdk.jdeps jdk.jdwp.agent jdk.jdi jdk.jfr jdk.jshell jdk.jsobject jdk.jstatd jdk.localedata jdk.management.jfr jdk.naming.dns jdk.naming.rmi jdk.net jdk.nio.mapmode jdk.random jdk.sctp jdk.security.auth jdk.security.jgss jdk.unsupported jdk.unsupported.desktop jdk.xml.dom" 

Environment Variables:
PATH=C:\Program Files\Common Files\Oracle\Java\javapath;C:\WINDOWS\system32;C:\WINDOWS;C:\WINDOWS\System32\Wbem;C:\WINDOWS\System32\WindowsPowerShell\v1.0\;C:\WINDOWS\System32\OpenSSH\;C:\Program Files\Microsoft SQL Server\150\Tools\Binn\;C:\Program Files\nodejs\;C:\Users\Admin\AppData\Local\Microsoft\WindowsApps;C:\Users\Admin\AppData\Local\Programs\Microsoft VS Code\bin;C:\Users\Admin\AppData\Local\Programs\Antigravity\bin;C:\Users\Admin\AppData\Roaming\npm
USERNAME=Admin
OS=Windows_NT
PROCESSOR_IDENTIFIER=Intel64 Family 6 Model 42 Stepping 7, GenuineIntel
TMP=C:\Users\Admin\AppData\Local\Temp
TEMP=C:\Users\Admin\AppData\Local\Temp




Periodic native trim disabled

---------------  S Y S T E M  ---------------

OS:
 Windows 10 , 64 bit Build 19041 (10.0.19041.5915)
OS uptime: 0 days 11:03 hours

CPU: total 4 (initial active 4) (4 cores per cpu, 1 threads per core) family 6 model 42 stepping 7 microcode 0x2f, cx8, cmov, fxsr, mmx, sse, sse2, sse3, ssse3, sse4.1, sse4.2, popcnt, tsc, tscinvbit, avx, aes, clmul, vzeroupper, clflush, rdtscp
Processor Information for the first 4 processors :
  Max Mhz: 3301, Current Mhz: 3301, Mhz Limit: 3301

Memory: 4k page, system-wide physical 16337M (7712M free)
TotalPageFile size 20433M (AvailPageFile size 2M)
current process WorkingSet (physical memory assigned to process): 52M, peak: 52M
current process commit charge ("private bytes"): 217M, peak: 217M

vm_info: OpenJDK 64-Bit Server VM (21.0.9+10-LTS) for windows-amd64 JRE (21.0.9+10-LTS), built on 2025-10-21T00:00:00Z by "admin" with unknown MS VC++:1942

END.
