#
# There is insufficient memory for the Java Runtime Environment to continue.
# Native memory allocation (mmap) failed to map 65536 bytes. Error detail: Failed to commit metaspace.
# Possible reasons:
#   The system is out of physical RAM or swap space
#   This process is running with CompressedOops enabled, and the Java Heap may be blocking the growth of the native heap
# Possible solutions:
#   Reduce memory load on the system
#   Increase physical memory or swap space
#   Check if swap backing store is full
#   Decrease Java heap size (-Xmx/-Xms)
#   Decrease number of Java threads
#   Decrease Java thread stack sizes (-Xss)
#   Set larger code cache with -XX:ReservedCodeCacheSize=
#   JVM is running with Unscaled Compressed Oops mode in which the Java heap is
#     placed in the first 4GB address space. The Java Heap base address is the
#     maximum limit for the native heap growth. Please use -XX:HeapBaseMinAddress
#     to set the Java Heap base and to place the Java Heap above 4GB virtual address.
# This output file may be truncated or incomplete.
#
#  Out of Memory Error (virtualSpaceNode.cpp:113), pid=19336, tid=3932
#
# JRE version: OpenJDK Runtime Environment Temurin-21.0.9+10 (21.0.9+10) (build 21.0.9+10-LTS)
# Java VM: OpenJDK 64-Bit Server VM Temurin-21.0.9+10 (21.0.9+10-LTS, mixed mode, sharing, tiered, compressed oops, compressed class ptrs, parallel gc, windows-amd64)
# No core dump will be written. Minidumps are not enabled by default on client versions of Windows
#

---------------  S U M M A R Y ------------

Command Line: --add-modules=ALL-SYSTEM --add-opens=java.base/java.util=ALL-UNNAMED --add-opens=java.base/java.lang=ALL-UNNAMED --add-opens=java.base/sun.nio.fs=ALL-UNNAMED -Declipse.application=org.eclipse.jdt.ls.core.id1 -Dosgi.bundles.defaultStartLevel=4 -Declipse.product=org.eclipse.jdt.ls.core.product -Djava.import.generatesMetadataFilesAtProjectRoot=false -DDetectVMInstallationsJob.disabled=true -Dfile.encoding=utf8 -XX:+UseParallelGC -XX:GCTimeRatio=4 -XX:AdaptiveSizePolicyWeight=90 -Dsun.zip.disableMemoryMapping=true -Xmx2G -Xms100m -Xlog:disable -javaagent:c:\Users\Admin\.antigravity\extensions\redhat.java-1.50.0-win32-x64\lombok\lombok-1.18.39-4050.jar -XX:+HeapDumpOnOutOfMemoryError -XX:HeapDumpPath=c:\Users\Admin\AppData\Roaming\Antigravity\User\workspaceStorage\af1cb1524c391b6bf54d4a5b5d479961\redhat.java -Daether.dependencyCollector.impl=bf c:\Users\Admin\.antigravity\extensions\redhat.java-1.50.0-win32-x64\server\plugins\org.eclipse.equinox.launcher_1.7.100.v20251111-0406.jar -configuration c:\Users\Admin\AppData\Roaming\Antigravity\User\globalStorage\redhat.java\1.50.0\config_win -data c:\Users\Admin\AppData\Roaming\Antigravity\User\workspaceStorage\af1cb1524c391b6bf54d4a5b5d479961\redhat.java\jdt_ws --pipe=\\.\pipe\lsp-2b88d65b3fca37cd5e11c2646b57f3f4-sock

Host: Intel(R) Core(TM) i5-2500 CPU @ 3.30GHz, 4 cores, 15G,  Windows 10 , 64 bit Build 19041 (10.0.19041.5915)
Time: Thu Dec 18 19:09:51 2025 SE Asia Standard Time elapsed time: 19.665888 seconds (0d 0h 0m 19s)

---------------  T H R E A D  ---------------

Current thread (0x000001e1f6c85900):  JavaThread "C1 CompilerThread0" daemon [_thread_in_vm, id=3932, stack(0x00000074c6600000,0x00000074c6700000) (1024K)]


Current CompileTask:
C1:19665 6947       3       org.eclipse.core.runtime.SubMonitor::worked (22 bytes)

Stack: [0x00000074c6600000,0x00000074c6700000]
Native frames: (J=compiled Java code, j=interpreted, Vv=VM code, C=native code)
V  [jvm.dll+0x6d6e29]
V  [jvm.dll+0x8b4b76]
V  [jvm.dll+0x8b712e]
V  [jvm.dll+0x8b7813]
V  [jvm.dll+0x283d86]
V  [jvm.dll+0x8b08be]
V  [jvm.dll+0x678824]
V  [jvm.dll+0x1e80ab]
V  [jvm.dll+0x1e7e6e]
V  [jvm.dll+0x67b122]
V  [jvm.dll+0x67af52]
V  [jvm.dll+0x6791fe]
V  [jvm.dll+0x68a6ca]
V  [jvm.dll+0x683842]
V  [jvm.dll+0x1f6150]
V  [jvm.dll+0x1f6338]
V  [jvm.dll+0x169161]
V  [jvm.dll+0x168fa6]
V  [jvm.dll+0x160b70]
V  [jvm.dll+0x162e0d]
V  [jvm.dll+0x161416]
V  [jvm.dll+0x15b257]
V  [jvm.dll+0x16abd8]
V  [jvm.dll+0x156845]
V  [jvm.dll+0x156b92]
V  [jvm.dll+0x156e44]
V  [jvm.dll+0x15625c]
V  [jvm.dll+0x157fed]
V  [jvm.dll+0x25b29d]
V  [jvm.dll+0x25982a]
V  [jvm.dll+0x3f7ea6]
V  [jvm.dll+0x85e9ad]
V  [jvm.dll+0x6d565d]
C  [ucrtbase.dll+0x21bb2]
C  [KERNEL32.DLL+0x17374]
C  [ntdll.dll+0x4cc91]


---------------  P R O C E S S  ---------------

Threads class SMR info:
_java_thread_list=0x000001e1ff9a7000, length=40, elements={
0x000001e1de061b10, 0x000001e1f6c05670, 0x000001e1f6c06b00, 0x000001e1f6c0a300,
0x000001e1f6c0af50, 0x000001e1f6c0d9b0, 0x000001e1f6c0e400, 0x000001e1f6c0f230,
0x000001e1f6c85900, 0x000001e1f796fdd0, 0x000001e1f7b06870, 0x000001e1fc4db560,
0x000001e1fc82f380, 0x000001e1fc5f1a10, 0x000001e1fc82d900, 0x000001e1fcc49800,
0x000001e1fcc24a20, 0x000001e1fcd172f0, 0x000001e1fcc969a0, 0x000001e1fc9b7450,
0x000001e1fc9b7ae0, 0x000001e1fc9b8170, 0x000001e1fc9b6dc0, 0x000001e1fd5097f0,
0x000001e1fd50a510, 0x000001e1fd50e020, 0x000001e1fd50aba0, 0x000001e1fd507db0,
0x000001e1fd508440, 0x000001e1fd50b8c0, 0x000001e1fd508ad0, 0x000001e1fd50c5e0,
0x000001e1fd509160, 0x000001e1fd50b230, 0x000001e1fd50d300, 0x000001e1fd50bf50,
0x000001e1fd507720, 0x000001e1fedd3a50, 0x000001e1fedd40e0, 0x000001e1c23a58f0
}

Java Threads: ( => current thread )
  0x000001e1de061b10 JavaThread "main"                              [_thread_blocked, id=13556, stack(0x00000074c5b00000,0x00000074c5c00000) (1024K)]
  0x000001e1f6c05670 JavaThread "Reference Handler"          daemon [_thread_blocked, id=10296, stack(0x00000074c5f00000,0x00000074c6000000) (1024K)]
  0x000001e1f6c06b00 JavaThread "Finalizer"                  daemon [_thread_blocked, id=12784, stack(0x00000074c6000000,0x00000074c6100000) (1024K)]
  0x000001e1f6c0a300 JavaThread "Signal Dispatcher"          daemon [_thread_blocked, id=19176, stack(0x00000074c6100000,0x00000074c6200000) (1024K)]
  0x000001e1f6c0af50 JavaThread "Attach Listener"            daemon [_thread_blocked, id=5792, stack(0x00000074c6200000,0x00000074c6300000) (1024K)]
  0x000001e1f6c0d9b0 JavaThread "Service Thread"             daemon [_thread_blocked, id=11344, stack(0x00000074c6300000,0x00000074c6400000) (1024K)]
  0x000001e1f6c0e400 JavaThread "Monitor Deflation Thread"   daemon [_thread_blocked, id=14128, stack(0x00000074c6400000,0x00000074c6500000) (1024K)]
  0x000001e1f6c0f230 JavaThread "C2 CompilerThread0"         daemon [_thread_blocked, id=7724, stack(0x00000074c6500000,0x00000074c6600000) (1024K)]
=>0x000001e1f6c85900 JavaThread "C1 CompilerThread0"         daemon [_thread_in_vm, id=3932, stack(0x00000074c6600000,0x00000074c6700000) (1024K)]
  0x000001e1f796fdd0 JavaThread "Common-Cleaner"             daemon [_thread_blocked, id=1416, stack(0x00000074c6700000,0x00000074c6800000) (1024K)]
  0x000001e1f7b06870 JavaThread "Notification Thread"        daemon [_thread_blocked, id=8064, stack(0x00000074c6900000,0x00000074c6a00000) (1024K)]
  0x000001e1fc4db560 JavaThread "Active Thread: Equinox Container: c9b90429-fbd4-4c32-878c-bac3d33d2bd5"        [_thread_blocked, id=17916, stack(0x00000074c6d00000,0x00000074c6e00000) (1024K)]
  0x000001e1fc82f380 JavaThread "Refresh Thread: Equinox Container: c9b90429-fbd4-4c32-878c-bac3d33d2bd5" daemon [_thread_blocked, id=10580, stack(0x00000074c6800000,0x00000074c6900000) (1024K)]
  0x000001e1fc5f1a10 JavaThread "Framework Event Dispatcher: Equinox Container: c9b90429-fbd4-4c32-878c-bac3d33d2bd5" daemon [_thread_blocked, id=10768, stack(0x00000074c6e00000,0x00000074c6f00000) (1024K)]
  0x000001e1fc82d900 JavaThread "Start Level: Equinox Container: c9b90429-fbd4-4c32-878c-bac3d33d2bd5" daemon [_thread_blocked, id=15692, stack(0x00000074c6f00000,0x00000074c7000000) (1024K)]
  0x000001e1fcc49800 JavaThread "Bundle File Closer"         daemon [_thread_blocked, id=11012, stack(0x00000074c7100000,0x00000074c7200000) (1024K)]
  0x000001e1fcc24a20 JavaThread "SCR Component Actor"        daemon [_thread_blocked, id=14856, stack(0x00000074c7200000,0x00000074c7300000) (1024K)]
  0x000001e1fcd172f0 JavaThread "Worker-JM"                         [_thread_blocked, id=7808, stack(0x00000074c7300000,0x00000074c7400000) (1024K)]
  0x000001e1fcc969a0 JavaThread "JNA Cleaner"                daemon [_thread_blocked, id=17604, stack(0x00000074c7000000,0x00000074c7100000) (1024K)]
  0x000001e1fc9b7450 JavaThread "Worker-0"                          [_thread_blocked, id=5100, stack(0x00000074c7400000,0x00000074c7500000) (1024K)]
  0x000001e1fc9b7ae0 JavaThread "Worker-1"                          [_thread_blocked, id=6540, stack(0x00000074c7500000,0x00000074c7600000) (1024K)]
  0x000001e1fc9b8170 JavaThread "Worker-2"                          [_thread_blocked, id=7484, stack(0x00000074c7700000,0x00000074c7800000) (1024K)]
  0x000001e1fc9b6dc0 JavaThread "Worker-3"                          [_thread_blocked, id=15172, stack(0x00000074c7800000,0x00000074c7900000) (1024K)]
  0x000001e1fd5097f0 JavaThread "Java indexing"              daemon [_thread_blocked, id=18336, stack(0x00000074c7900000,0x00000074c7a00000) (1024K)]
  0x000001e1fd50a510 JavaThread "Worker-4: Initialize Workspace"        [_thread_in_Java, id=7088, stack(0x00000074c7b00000,0x00000074c7c00000) (1024K)]
  0x000001e1fd50e020 JavaThread "Worker-5"                          [_thread_blocked, id=3024, stack(0x00000074c7d00000,0x00000074c7e00000) (1024K)]
  0x000001e1fd50aba0 JavaThread "Thread-1"                   daemon [_thread_in_native, id=17320, stack(0x00000074c7e00000,0x00000074c7f00000) (1024K)]
  0x000001e1fd507db0 JavaThread "Thread-2"                   daemon [_thread_in_native, id=12400, stack(0x00000074c7f00000,0x00000074c8000000) (1024K)]
  0x000001e1fd508440 JavaThread "Thread-3"                   daemon [_thread_in_native, id=3420, stack(0x00000074c8000000,0x00000074c8100000) (1024K)]
  0x000001e1fd50b8c0 JavaThread "Thread-4"                   daemon [_thread_in_native, id=11100, stack(0x00000074c8100000,0x00000074c8200000) (1024K)]
  0x000001e1fd508ad0 JavaThread "Thread-5"                   daemon [_thread_in_native, id=10216, stack(0x00000074c8200000,0x00000074c8300000) (1024K)]
  0x000001e1fd50c5e0 JavaThread "pool-2-thread-1"                   [_thread_blocked, id=16220, stack(0x00000074c8300000,0x00000074c8400000) (1024K)]
  0x000001e1fd509160 JavaThread "WorkspaceEventsHandler"            [_thread_blocked, id=9176, stack(0x00000074c8400000,0x00000074c8500000) (1024K)]
  0x000001e1fd50b230 JavaThread "pool-1-thread-1"                   [_thread_blocked, id=7832, stack(0x00000074c8500000,0x00000074c8600000) (1024K)]
  0x000001e1fd50d300 JavaThread "ForkJoinPool.commonPool-worker-1" daemon [_thread_blocked, id=16328, stack(0x00000074c8600000,0x00000074c8700000) (1024K)]
  0x000001e1fd50bf50 JavaThread "ForkJoinPool.commonPool-worker-2" daemon [_thread_blocked, id=17588, stack(0x00000074c8700000,0x00000074c8800000) (1024K)]
  0x000001e1fd507720 JavaThread "Timer-0"                           [_thread_blocked, id=1188, stack(0x00000074c7600000,0x00000074c7700000) (1024K)]
  0x000001e1fedd3a50 JavaThread "Timer-1"                           [_thread_blocked, id=18352, stack(0x00000074c8800000,0x00000074c8900000) (1024K)]
  0x000001e1fedd40e0 JavaThread "Timer-2"                           [_thread_blocked, id=4048, stack(0x00000074c8900000,0x00000074c8a00000) (1024K)]
  0x000001e1c23a58f0 JavaThread "C2 CompilerThread1"         daemon [_thread_blocked, id=16960, stack(0x00000074c8a00000,0x00000074c8b00000) (1024K)]
Total: 40

Other Threads:
  0x000001e1e02dbcd0 VMThread "VM Thread"                           [id=4900, stack(0x00000074c5e00000,0x00000074c5f00000) (1024K)]
  0x000001e1e028ec20 WatcherThread "VM Periodic Task Thread"        [id=17848, stack(0x00000074c5d00000,0x00000074c5e00000) (1024K)]
  0x000001e1e023ff20 WorkerThread "GC Thread#0"                     [id=11776, stack(0x00000074c5c00000,0x00000074c5d00000) (1024K)]
  0x000001e1fc0e28e0 WorkerThread "GC Thread#1"                     [id=3380, stack(0x00000074c6a00000,0x00000074c6b00000) (1024K)]
  0x000001e1fc0e2c80 WorkerThread "GC Thread#2"                     [id=17748, stack(0x00000074c6b00000,0x00000074c6c00000) (1024K)]
  0x000001e1fc0e3020 WorkerThread "GC Thread#3"                     [id=16504, stack(0x00000074c6c00000,0x00000074c6d00000) (1024K)]
Total: 6

Threads with active compile tasks:
C1 CompilerThread0  19695 6947       3       org.eclipse.core.runtime.SubMonitor::worked (22 bytes)
Total: 1

VM state: not at safepoint (normal execution)

VM Mutex/Monitor currently owned by a thread:  ([mutex/lock_event])
[0x00007ff8e465b4f0] Metaspace_lock - owner thread: 0x000001e1f6c85900

Heap address: 0x0000000080000000, size: 2048 MB, Compressed Oops mode: 32-bit

CDS archive(s) mapped at: [0x000001e180000000-0x000001e180ba0000-0x000001e180ba0000), size 12189696, SharedBaseAddress: 0x000001e180000000, ArchiveRelocationMode: 1.
Compressed class space mapped at: 0x000001e181000000-0x000001e1c1000000, reserved size: 1073741824
Narrow klass base: 0x000001e180000000, Narrow klass shift: 0, Narrow klass range: 0x100000000

GC Precious Log:
 CardTable entry size: 512
 CPUs: 4 total, 4 available
 Memory: 16337M
 Large Page Support: Disabled
 NUMA Support: Disabled
 Compressed Oops: Enabled (32-bit)
 Alignments: Space 512K, Generation 512K, Heap 2M
 Heap Min Capacity: 100M
 Heap Initial Capacity: 100M
 Heap Max Capacity: 2G
 Pre-touch: Disabled
 Parallel Workers: 4

Heap:
 PSYoungGen      total 24576K, used 5559K [0x00000000d5580000, 0x00000000d7080000, 0x0000000100000000)
  eden space 22016K, 21% used [0x00000000d5580000,0x00000000d5a39b48,0x00000000d6b00000)
  from space 2560K, 28% used [0x00000000d6c00000,0x00000000d6cb43e8,0x00000000d6e80000)
  to   space 1024K, 0% used [0x00000000d6f80000,0x00000000d6f80000,0x00000000d7080000)
 ParOldGen       total 68608K, used 39164K [0x0000000080000000, 0x0000000084300000, 0x00000000d5580000)
  object space 68608K, 57% used [0x0000000080000000,0x000000008263f3f0,0x0000000084300000)
 Metaspace       used 54521K, committed 55744K, reserved 1114112K
  class space    used 6459K, committed 7040K, reserved 1048576K

Card table byte_map: [0x000001e1dfbd0000,0x000001e1dffe0000] _byte_map_base: 0x000001e1df7d0000

Marking Bits: (ParMarkBitMap*) 0x00007ff8e4662460
 Begin Bits: [0x000001e1f26e0000, 0x000001e1f46e0000)
 End Bits:   [0x000001e1f46e0000, 0x000001e1f66e0000)

Polling page: 0x000001e1de000000

Metaspace:

Usage:
  Non-class:     46.93 MB used.
      Class:      6.31 MB used.
       Both:     53.24 MB used.

Virtual space:
  Non-class space:       64.00 MB reserved,      47.56 MB ( 74%) committed,  1 nodes.
      Class space:        1.00 GB reserved,       6.88 MB ( <1%) committed,  1 nodes.
             Both:        1.06 GB reserved,      54.44 MB (  5%) committed. 

Chunk freelists:
   Non-Class:  176.00 KB
       Class:  8.95 MB
        Both:  9.12 MB

MaxMetaspaceSize: unlimited
CompressedClassSpaceSize: 1.00 GB
Initial GC threshold: 21.00 MB
Current GC threshold: 58.38 MB
CDS: on
 - commit_granule_bytes: 65536.
 - commit_granule_words: 8192.
 - virtual_space_node_default_size: 8388608.
 - enlarge_chunks_in_place: 1.
 - use_allocation_guard: 0.


Internal statistics:

num_allocs_failed_limit: 6.
num_arena_births: 994.
num_arena_deaths: 30.
num_vsnodes_births: 2.
num_vsnodes_deaths: 0.
num_space_committed: 871.
num_space_uncommitted: 0.
num_chunks_returned_to_freelist: 37.
num_chunks_taken_from_freelist: 3347.
num_chunk_merges: 13.
num_chunk_splits: 2162.
num_chunks_enlarged: 1381.
num_inconsistent_stats: 0.

CodeHeap 'non-profiled nmethods': size=120000Kb used=4059Kb max_used=4059Kb free=115940Kb
 bounds [0x000001e1eaf00000, 0x000001e1eb300000, 0x000001e1f2430000]
CodeHeap 'profiled nmethods': size=120000Kb used=13326Kb max_used=13326Kb free=106673Kb
 bounds [0x000001e1e3430000, 0x000001e1e4140000, 0x000001e1ea960000]
CodeHeap 'non-nmethods': size=5760Kb used=1373Kb max_used=1444Kb free=4386Kb
 bounds [0x000001e1ea960000, 0x000001e1eabd0000, 0x000001e1eaf00000]
CodeCache: size=245760Kb, used=18758Kb, max_used=18829Kb, free=226999Kb
 total_blobs=7043, nmethods=6368, adapters=581, full_count=0
Compilation: enabled, stopped_count=0, restarted_count=0

Compilation events (20 events):
Event: 19.604 Thread 0x000001e1c23a58f0 nmethod 6913 0x000001e1eb2efe10 code [0x000001e1eb2f00c0, 0x000001e1eb2f0f48]
Event: 19.644 Thread 0x000001e1f6c85900 6938       3       org.eclipse.core.resources.ResourcesPlugin::getWorkspace (44 bytes)
Event: 19.645 Thread 0x000001e1f6c85900 nmethod 6938 0x000001e1e412f390 code [0x000001e1e412f560, 0x000001e1e412f890]
Event: 19.645 Thread 0x000001e1f6c85900 6939       3       org.eclipse.core.internal.watson.ElementTree$ChildIDsCache::<init> (15 bytes)
Event: 19.645 Thread 0x000001e1f6c85900 nmethod 6939 0x000001e1e412fa10 code [0x000001e1e412fbc0, 0x000001e1e412fd58]
Event: 19.646 Thread 0x000001e1c23a58f0 6940   !   4       org.eclipse.core.internal.watson.ElementTree::getElementData (74 bytes)
Event: 19.648 Thread 0x000001e1c23a58f0 nmethod 6940 0x000001e1eb2f1990 code [0x000001e1eb2f1b40, 0x000001e1eb2f1e90]
Event: 19.650 Thread 0x000001e1f6c85900 6941       3       java.util.LinkedList::remove (5 bytes)
Event: 19.650 Thread 0x000001e1f6c85900 nmethod 6941 0x000001e1e412fe10 code [0x000001e1e412ffe0, 0x000001e1e41302a0]
Event: 19.651 Thread 0x000001e1f6c85900 6942   !   3       java.lang.Object::wait (50 bytes)
Event: 19.651 Thread 0x000001e1f6c85900 nmethod 6942 0x000001e1e4130410 code [0x000001e1e4130620, 0x000001e1e4130b88]
Event: 19.652 Thread 0x000001e1f6c85900 6943       3       org.eclipse.core.internal.filesystem.local.LocalFile::getParent (25 bytes)
Event: 19.652 Thread 0x000001e1f6c85900 nmethod 6943 0x000001e1e4130e10 code [0x000001e1e4131000, 0x000001e1e4131478]
Event: 19.655 Thread 0x000001e1f6c85900 6944   !   3       org.eclipse.core.internal.resources.ProjectPathVariableManager::resolveURI (170 bytes)
Event: 19.655 Thread 0x000001e1f6c0f230 6945       4       org.eclipse.core.runtime.Path::append (147 bytes)
Event: 19.656 Thread 0x000001e1f6c85900 nmethod 6944 0x000001e1e4131690 code [0x000001e1e41319e0, 0x000001e1e4132b58]
Event: 19.661 Thread 0x000001e1f6c85900 6946       3       org.eclipse.core.internal.localstore.UnifiedTreeNode::isFolder (21 bytes)
Event: 19.661 Thread 0x000001e1f6c85900 nmethod 6946 0x000001e1e4133310 code [0x000001e1e41334c0, 0x000001e1e4133780]
Event: 19.662 Thread 0x000001e1f6c0f230 nmethod 6945 0x000001e1eb2f2110 code [0x000001e1eb2f2360, 0x000001e1eb2f2c48]
Event: 19.663 Thread 0x000001e1f6c85900 6947       3       org.eclipse.core.runtime.SubMonitor::worked (22 bytes)

GC Heap History (20 events):
Event: 12.955 GC heap before
{Heap before GC invocations=18 (full 2):
 PSYoungGen      total 23040K, used 23019K [0x00000000d5580000, 0x00000000d7100000, 0x0000000100000000)
  eden space 22016K, 100% used [0x00000000d5580000,0x00000000d6b00000,0x00000000d6b00000)
  from space 1024K, 97% used [0x00000000d6e00000,0x00000000d6efad38,0x00000000d6f00000)
  to   space 1536K, 0% used [0x00000000d6f80000,0x00000000d6f80000,0x00000000d7100000)
 ParOldGen       total 68608K, used 19754K [0x0000000080000000, 0x0000000084300000, 0x00000000d5580000)
  object space 68608K, 28% used [0x0000000080000000,0x000000008134aa98,0x0000000084300000)
 Metaspace       used 41751K, committed 42944K, reserved 1114112K
  class space    used 4549K, committed 5056K, reserved 1048576K
}
Event: 12.957 GC heap after
{Heap after GC invocations=18 (full 2):
 PSYoungGen      total 23552K, used 1312K [0x00000000d5580000, 0x00000000d7100000, 0x0000000100000000)
  eden space 22016K, 0% used [0x00000000d5580000,0x00000000d5580000,0x00000000d6b00000)
  from space 1536K, 85% used [0x00000000d6f80000,0x00000000d70c8000,0x00000000d7100000)
  to   space 1536K, 0% used [0x00000000d6e00000,0x00000000d6e00000,0x00000000d6f80000)
 ParOldGen       total 68608K, used 20562K [0x0000000080000000, 0x0000000084300000, 0x00000000d5580000)
  object space 68608K, 29% used [0x0000000080000000,0x0000000081414a98,0x0000000084300000)
 Metaspace       used 41751K, committed 42944K, reserved 1114112K
  class space    used 4549K, committed 5056K, reserved 1048576K
}
Event: 14.393 GC heap before
{Heap before GC invocations=19 (full 2):
 PSYoungGen      total 23552K, used 23320K [0x00000000d5580000, 0x00000000d7100000, 0x0000000100000000)
  eden space 22016K, 99% used [0x00000000d5580000,0x00000000d6afe088,0x00000000d6b00000)
  from space 1536K, 85% used [0x00000000d6f80000,0x00000000d70c8000,0x00000000d7100000)
  to   space 1536K, 0% used [0x00000000d6e00000,0x00000000d6e00000,0x00000000d6f80000)
 ParOldGen       total 68608K, used 20562K [0x0000000080000000, 0x0000000084300000, 0x00000000d5580000)
  object space 68608K, 29% used [0x0000000080000000,0x0000000081414a98,0x0000000084300000)
 Metaspace       used 44162K, committed 45376K, reserved 1114112K
  class space    used 4857K, committed 5440K, reserved 1048576K
}
Event: 14.399 GC heap after
{Heap after GC invocations=19 (full 2):
 PSYoungGen      total 23552K, used 1536K [0x00000000d5580000, 0x00000000d7100000, 0x0000000100000000)
  eden space 22016K, 0% used [0x00000000d5580000,0x00000000d5580000,0x00000000d6b00000)
  from space 1536K, 100% used [0x00000000d6e00000,0x00000000d6f80000,0x00000000d6f80000)
  to   space 1536K, 0% used [0x00000000d6f80000,0x00000000d6f80000,0x00000000d7100000)
 ParOldGen       total 68608K, used 21818K [0x0000000080000000, 0x0000000084300000, 0x00000000d5580000)
  object space 68608K, 31% used [0x0000000080000000,0x000000008154eac8,0x0000000084300000)
 Metaspace       used 44162K, committed 45376K, reserved 1114112K
  class space    used 4857K, committed 5440K, reserved 1048576K
}
Event: 16.138 GC heap before
{Heap before GC invocations=20 (full 2):
 PSYoungGen      total 23552K, used 23552K [0x00000000d5580000, 0x00000000d7100000, 0x0000000100000000)
  eden space 22016K, 100% used [0x00000000d5580000,0x00000000d6b00000,0x00000000d6b00000)
  from space 1536K, 100% used [0x00000000d6e00000,0x00000000d6f80000,0x00000000d6f80000)
  to   space 1536K, 0% used [0x00000000d6f80000,0x00000000d6f80000,0x00000000d7100000)
 ParOldGen       total 68608K, used 21818K [0x0000000080000000, 0x0000000084300000, 0x00000000d5580000)
  object space 68608K, 31% used [0x0000000080000000,0x000000008154eac8,0x0000000084300000)
 Metaspace       used 46200K, committed 47360K, reserved 1114112K
  class space    used 5065K, committed 5568K, reserved 1048576K
}
Event: 16.140 GC heap after
{Heap after GC invocations=20 (full 2):
 PSYoungGen      total 23040K, used 736K [0x00000000d5580000, 0x00000000d7080000, 0x0000000100000000)
  eden space 22016K, 0% used [0x00000000d5580000,0x00000000d5580000,0x00000000d6b00000)
  from space 1024K, 71% used [0x00000000d6f80000,0x00000000d7038000,0x00000000d7080000)
  to   space 1536K, 0% used [0x00000000d6d80000,0x00000000d6d80000,0x00000000d6f00000)
 ParOldGen       total 68608K, used 23270K [0x0000000080000000, 0x0000000084300000, 0x00000000d5580000)
  object space 68608K, 33% used [0x0000000080000000,0x00000000816b99b0,0x0000000084300000)
 Metaspace       used 46200K, committed 47360K, reserved 1114112K
  class space    used 5065K, committed 5568K, reserved 1048576K
}
Event: 16.598 GC heap before
{Heap before GC invocations=21 (full 2):
 PSYoungGen      total 23040K, used 22749K [0x00000000d5580000, 0x00000000d7080000, 0x0000000100000000)
  eden space 22016K, 99% used [0x00000000d5580000,0x00000000d6aff600,0x00000000d6b00000)
  from space 1024K, 71% used [0x00000000d6f80000,0x00000000d7038000,0x00000000d7080000)
  to   space 1536K, 0% used [0x00000000d6d80000,0x00000000d6d80000,0x00000000d6f00000)
 ParOldGen       total 68608K, used 23270K [0x0000000080000000, 0x0000000084300000, 0x00000000d5580000)
  object space 68608K, 33% used [0x0000000080000000,0x00000000816b99b0,0x0000000084300000)
 Metaspace       used 48036K, committed 49216K, reserved 1114112K
  class space    used 5371K, committed 5888K, reserved 1048576K
}
Event: 16.601 GC heap after
{Heap after GC invocations=21 (full 2):
 PSYoungGen      total 23552K, used 1527K [0x00000000d5580000, 0x00000000d7700000, 0x0000000100000000)
  eden space 22016K, 0% used [0x00000000d5580000,0x00000000d5580000,0x00000000d6b00000)
  from space 1536K, 99% used [0x00000000d6d80000,0x00000000d6efde60,0x00000000d6f00000)
  to   space 6144K, 0% used [0x00000000d7100000,0x00000000d7100000,0x00000000d7700000)
 ParOldGen       total 68608K, used 26806K [0x0000000080000000, 0x0000000084300000, 0x00000000d5580000)
  object space 68608K, 39% used [0x0000000080000000,0x0000000081a2d890,0x0000000084300000)
 Metaspace       used 48036K, committed 49216K, reserved 1114112K
  class space    used 5371K, committed 5888K, reserved 1048576K
}
Event: 17.198 GC heap before
{Heap before GC invocations=22 (full 2):
 PSYoungGen      total 23552K, used 23543K [0x00000000d5580000, 0x00000000d7700000, 0x0000000100000000)
  eden space 22016K, 100% used [0x00000000d5580000,0x00000000d6b00000,0x00000000d6b00000)
  from space 1536K, 99% used [0x00000000d6d80000,0x00000000d6efde60,0x00000000d6f00000)
  to   space 6144K, 0% used [0x00000000d7100000,0x00000000d7100000,0x00000000d7700000)
 ParOldGen       total 68608K, used 26806K [0x0000000080000000, 0x0000000084300000, 0x00000000d5580000)
  object space 68608K, 39% used [0x0000000080000000,0x0000000081a2d890,0x0000000084300000)
 Metaspace       used 49590K, committed 50816K, reserved 1114112K
  class space    used 5658K, committed 6208K, reserved 1048576K
}
Event: 17.201 GC heap after
{Heap after GC invocations=22 (full 2):
 PSYoungGen      total 27136K, used 4989K [0x00000000d5580000, 0x00000000d7600000, 0x0000000100000000)
  eden space 22016K, 0% used [0x00000000d5580000,0x00000000d5580000,0x00000000d6b00000)
  from space 5120K, 97% used [0x00000000d7100000,0x00000000d75df768,0x00000000d7600000)
  to   space 5632K, 0% used [0x00000000d6b00000,0x00000000d6b00000,0x00000000d7080000)
 ParOldGen       total 68608K, used 28335K [0x0000000080000000, 0x0000000084300000, 0x00000000d5580000)
  object space 68608K, 41% used [0x0000000080000000,0x0000000081babc80,0x0000000084300000)
 Metaspace       used 49590K, committed 50816K, reserved 1114112K
  class space    used 5658K, committed 6208K, reserved 1048576K
}
Event: 17.628 GC heap before
{Heap before GC invocations=23 (full 2):
 PSYoungGen      total 27136K, used 27005K [0x00000000d5580000, 0x00000000d7600000, 0x0000000100000000)
  eden space 22016K, 100% used [0x00000000d5580000,0x00000000d6b00000,0x00000000d6b00000)
  from space 5120K, 97% used [0x00000000d7100000,0x00000000d75df768,0x00000000d7600000)
  to   space 5632K, 0% used [0x00000000d6b00000,0x00000000d6b00000,0x00000000d7080000)
 ParOldGen       total 68608K, used 28335K [0x0000000080000000, 0x0000000084300000, 0x00000000d5580000)
  object space 68608K, 41% used [0x0000000080000000,0x0000000081babc80,0x0000000084300000)
 Metaspace       used 50204K, committed 51392K, reserved 1114112K
  class space    used 5745K, committed 6272K, reserved 1048576K
}
Event: 17.631 GC heap after
{Heap after GC invocations=23 (full 2):
 PSYoungGen      total 23040K, used 672K [0x00000000d5580000, 0x00000000d7180000, 0x0000000100000000)
  eden space 22016K, 0% used [0x00000000d5580000,0x00000000d5580000,0x00000000d6b00000)
  from space 1024K, 65% used [0x00000000d6b00000,0x00000000d6ba8000,0x00000000d6c00000)
  to   space 2560K, 0% used [0x00000000d6f00000,0x00000000d6f00000,0x00000000d7180000)
 ParOldGen       total 68608K, used 33269K [0x0000000080000000, 0x0000000084300000, 0x00000000d5580000)
  object space 68608K, 48% used [0x0000000080000000,0x000000008207d4c0,0x0000000084300000)
 Metaspace       used 50204K, committed 51392K, reserved 1114112K
  class space    used 5745K, committed 6272K, reserved 1048576K
}
Event: 18.020 GC heap before
{Heap before GC invocations=24 (full 2):
 PSYoungGen      total 23040K, used 22688K [0x00000000d5580000, 0x00000000d7180000, 0x0000000100000000)
  eden space 22016K, 100% used [0x00000000d5580000,0x00000000d6b00000,0x00000000d6b00000)
  from space 1024K, 65% used [0x00000000d6b00000,0x00000000d6ba8000,0x00000000d6c00000)
  to   space 2560K, 0% used [0x00000000d6f00000,0x00000000d6f00000,0x00000000d7180000)
 ParOldGen       total 68608K, used 33269K [0x0000000080000000, 0x0000000084300000, 0x00000000d5580000)
  object space 68608K, 48% used [0x0000000080000000,0x000000008207d4c0,0x0000000084300000)
 Metaspace       used 50224K, committed 51392K, reserved 1114112K
  class space    used 5746K, committed 6272K, reserved 1048576K
}
Event: 18.021 GC heap after
{Heap after GC invocations=24 (full 2):
 PSYoungGen      total 23040K, used 672K [0x00000000d5580000, 0x00000000d7000000, 0x0000000100000000)
  eden space 22016K, 0% used [0x00000000d5580000,0x00000000d5580000,0x00000000d6b00000)
  from space 1024K, 65% used [0x00000000d6f00000,0x00000000d6fa8000,0x00000000d7000000)
  to   space 1024K, 0% used [0x00000000d6b00000,0x00000000d6b00000,0x00000000d6c00000)
 ParOldGen       total 68608K, used 33846K [0x0000000080000000, 0x0000000084300000, 0x00000000d5580000)
  object space 68608K, 49% used [0x0000000080000000,0x000000008210d860,0x0000000084300000)
 Metaspace       used 50224K, committed 51392K, reserved 1114112K
  class space    used 5746K, committed 6272K, reserved 1048576K
}
Event: 18.245 GC heap before
{Heap before GC invocations=25 (full 2):
 PSYoungGen      total 23040K, used 22688K [0x00000000d5580000, 0x00000000d7000000, 0x0000000100000000)
  eden space 22016K, 100% used [0x00000000d5580000,0x00000000d6b00000,0x00000000d6b00000)
  from space 1024K, 65% used [0x00000000d6f00000,0x00000000d6fa8000,0x00000000d7000000)
  to   space 1024K, 0% used [0x00000000d6b00000,0x00000000d6b00000,0x00000000d6c00000)
 ParOldGen       total 68608K, used 33846K [0x0000000080000000, 0x0000000084300000, 0x00000000d5580000)
  object space 68608K, 49% used [0x0000000080000000,0x000000008210d860,0x0000000084300000)
 Metaspace       used 50234K, committed 51392K, reserved 1114112K
  class space    used 5747K, committed 6272K, reserved 1048576K
}
Event: 18.247 GC heap after
{Heap after GC invocations=25 (full 2):
 PSYoungGen      total 23040K, used 1011K [0x00000000d5580000, 0x00000000d7500000, 0x0000000100000000)
  eden space 22016K, 0% used [0x00000000d5580000,0x00000000d5580000,0x00000000d6b00000)
  from space 1024K, 98% used [0x00000000d6b00000,0x00000000d6bfcf88,0x00000000d6c00000)
  to   space 5120K, 0% used [0x00000000d7000000,0x00000000d7000000,0x00000000d7500000)
 ParOldGen       total 68608K, used 37255K [0x0000000080000000, 0x0000000084300000, 0x00000000d5580000)
  object space 68608K, 54% used [0x0000000080000000,0x0000000082461c88,0x0000000084300000)
 Metaspace       used 50234K, committed 51392K, reserved 1114112K
  class space    used 5747K, committed 6272K, reserved 1048576K
}
Event: 18.660 GC heap before
{Heap before GC invocations=26 (full 2):
 PSYoungGen      total 23040K, used 23027K [0x00000000d5580000, 0x00000000d7500000, 0x0000000100000000)
  eden space 22016K, 100% used [0x00000000d5580000,0x00000000d6b00000,0x00000000d6b00000)
  from space 1024K, 98% used [0x00000000d6b00000,0x00000000d6bfcf88,0x00000000d6c00000)
  to   space 5120K, 0% used [0x00000000d7000000,0x00000000d7000000,0x00000000d7500000)
 ParOldGen       total 68608K, used 37255K [0x0000000080000000, 0x0000000084300000, 0x00000000d5580000)
  object space 68608K, 54% used [0x0000000080000000,0x0000000082461c88,0x0000000084300000)
 Metaspace       used 51857K, committed 53056K, reserved 1114112K
  class space    used 6052K, committed 6592K, reserved 1048576K
}
Event: 18.662 GC heap after
{Heap after GC invocations=26 (full 2):
 PSYoungGen      total 23040K, used 960K [0x00000000d5580000, 0x00000000d7100000, 0x0000000100000000)
  eden space 22016K, 0% used [0x00000000d5580000,0x00000000d5580000,0x00000000d6b00000)
  from space 1024K, 93% used [0x00000000d7000000,0x00000000d70f0020,0x00000000d7100000)
  to   space 2560K, 0% used [0x00000000d6c00000,0x00000000d6c00000,0x00000000d6e80000)
 ParOldGen       total 68608K, used 38276K [0x0000000080000000, 0x0000000084300000, 0x00000000d5580000)
  object space 68608K, 55% used [0x0000000080000000,0x00000000825613c0,0x0000000084300000)
 Metaspace       used 51857K, committed 53056K, reserved 1114112K
  class space    used 6052K, committed 6592K, reserved 1048576K
}
Event: 19.207 GC heap before
{Heap before GC invocations=27 (full 2):
 PSYoungGen      total 23040K, used 22976K [0x00000000d5580000, 0x00000000d7100000, 0x0000000100000000)
  eden space 22016K, 100% used [0x00000000d5580000,0x00000000d6b00000,0x00000000d6b00000)
  from space 1024K, 93% used [0x00000000d7000000,0x00000000d70f0020,0x00000000d7100000)
  to   space 2560K, 0% used [0x00000000d6c00000,0x00000000d6c00000,0x00000000d6e80000)
 ParOldGen       total 68608K, used 38276K [0x0000000080000000, 0x0000000084300000, 0x00000000d5580000)
  object space 68608K, 55% used [0x0000000080000000,0x00000000825613c0,0x0000000084300000)
 Metaspace       used 54308K, committed 55616K, reserved 1114112K
  class space    used 6449K, committed 7040K, reserved 1048576K
}
Event: 19.209 GC heap after
{Heap after GC invocations=27 (full 2):
 PSYoungGen      total 24576K, used 720K [0x00000000d5580000, 0x00000000d7080000, 0x0000000100000000)
  eden space 22016K, 0% used [0x00000000d5580000,0x00000000d5580000,0x00000000d6b00000)
  from space 2560K, 28% used [0x00000000d6c00000,0x00000000d6cb43e8,0x00000000d6e80000)
  to   space 1024K, 0% used [0x00000000d6f80000,0x00000000d6f80000,0x00000000d7080000)
 ParOldGen       total 68608K, used 39164K [0x0000000080000000, 0x0000000084300000, 0x00000000d5580000)
  object space 68608K, 57% used [0x0000000080000000,0x000000008263f3f0,0x0000000084300000)
 Metaspace       used 54308K, committed 55616K, reserved 1114112K
  class space    used 6449K, committed 7040K, reserved 1048576K
}

Dll operation events (13 events):
Event: 0.009 Loaded shared library c:\Users\Admin\.antigravity\extensions\redhat.java-1.50.0-win32-x64\jre\21.0.9-win32-x86_64\bin\java.dll
Event: 0.214 Loaded shared library c:\Users\Admin\.antigravity\extensions\redhat.java-1.50.0-win32-x64\jre\21.0.9-win32-x86_64\bin\zip.dll
Event: 0.235 Loaded shared library C:\Users\Admin\.antigravity\extensions\redhat.java-1.50.0-win32-x64\jre\21.0.9-win32-x86_64\bin\instrument.dll
Event: 0.242 Loaded shared library C:\Users\Admin\.antigravity\extensions\redhat.java-1.50.0-win32-x64\jre\21.0.9-win32-x86_64\bin\net.dll
Event: 0.244 Loaded shared library C:\Users\Admin\.antigravity\extensions\redhat.java-1.50.0-win32-x64\jre\21.0.9-win32-x86_64\bin\nio.dll
Event: 0.317 Loaded shared library C:\Users\Admin\.antigravity\extensions\redhat.java-1.50.0-win32-x64\jre\21.0.9-win32-x86_64\bin\zip.dll
Event: 0.342 Loaded shared library C:\Users\Admin\.antigravity\extensions\redhat.java-1.50.0-win32-x64\jre\21.0.9-win32-x86_64\bin\jimage.dll
Event: 0.484 Loaded shared library c:\Users\Admin\.antigravity\extensions\redhat.java-1.50.0-win32-x64\jre\21.0.9-win32-x86_64\bin\verify.dll
Event: 2.586 Loaded shared library C:\Users\Admin\AppData\Roaming\Antigravity\User\globalStorage\redhat.java\1.50.0\config_win\org.eclipse.equinox.launcher\org.eclipse.equinox.launcher.win32.win32.x86_64_1.2.1400.v20250801-0854\eclipse_11916.dll
Event: 4.794 Loaded shared library C:\Users\Admin\AppData\Local\Temp\jna-63116079\jna8967115102167291156.dll
Event: 17.027 Loaded shared library C:\Users\Admin\.gradle\native\1def1411415f61bf3af743bc5b6707747c0891f09f0c88961ee8f79bc544acac\windows-amd64\native-platform.dll
Event: 18.970 Loaded shared library C:\Users\Admin\.antigravity\extensions\redhat.java-1.50.0-win32-x64\jre\21.0.9-win32-x86_64\bin\management.dll
Event: 18.973 Loaded shared library C:\Users\Admin\.antigravity\extensions\redhat.java-1.50.0-win32-x64\jre\21.0.9-win32-x86_64\bin\management_ext.dll

Deoptimization events (20 events):
Event: 19.092 Thread 0x000001e1fd50e6b0 Uncommon trap: trap_request=0xffffffc6 fr.pc=0x000001e1eb21e280 relative=0x0000000000000920
Event: 19.092 Thread 0x000001e1fd50e6b0 Uncommon trap: reason=bimorphic_or_optimized_type_check action=maybe_recompile pc=0x000001e1eb21e280 method=java.util.regex.Pattern$CharPropertyGreedy.match(Ljava/util/regex/Matcher;ILjava/lang/CharSequence;)Z @ 64 c2
Event: 19.092 Thread 0x000001e1fd50e6b0 DEOPT PACKING pc=0x000001e1eb21e280 sp=0x00000074c88fe650
Event: 19.092 Thread 0x000001e1fd50e6b0 DEOPT UNPACKING pc=0x000001e1ea9b3aa2 sp=0x00000074c88fe5d0 mode 2
Event: 19.092 Thread 0x000001e1fd50e6b0 Uncommon trap: trap_request=0xffffffc6 fr.pc=0x000001e1eb21e280 relative=0x0000000000000920
Event: 19.092 Thread 0x000001e1fd50e6b0 Uncommon trap: reason=bimorphic_or_optimized_type_check action=maybe_recompile pc=0x000001e1eb21e280 method=java.util.regex.Pattern$CharPropertyGreedy.match(Ljava/util/regex/Matcher;ILjava/lang/CharSequence;)Z @ 64 c2
Event: 19.092 Thread 0x000001e1fd50e6b0 DEOPT PACKING pc=0x000001e1eb21e280 sp=0x00000074c88fe650
Event: 19.092 Thread 0x000001e1fd50e6b0 DEOPT UNPACKING pc=0x000001e1ea9b3aa2 sp=0x00000074c88fe5d0 mode 2
Event: 19.094 Thread 0x000001e1fd50e6b0 Uncommon trap: trap_request=0xffffffc6 fr.pc=0x000001e1eb21e280 relative=0x0000000000000920
Event: 19.094 Thread 0x000001e1fd50e6b0 Uncommon trap: reason=bimorphic_or_optimized_type_check action=maybe_recompile pc=0x000001e1eb21e280 method=java.util.regex.Pattern$CharPropertyGreedy.match(Ljava/util/regex/Matcher;ILjava/lang/CharSequence;)Z @ 64 c2
Event: 19.094 Thread 0x000001e1fd50e6b0 DEOPT PACKING pc=0x000001e1eb21e280 sp=0x00000074c88fde70
Event: 19.094 Thread 0x000001e1fd50e6b0 DEOPT UNPACKING pc=0x000001e1ea9b3aa2 sp=0x00000074c88fddf0 mode 2
Event: 19.214 Thread 0x000001e1fd50a510 Uncommon trap: trap_request=0xffffff76 fr.pc=0x000001e1eb2991d8 relative=0x00000000000001b8
Event: 19.214 Thread 0x000001e1fd50a510 Uncommon trap: reason=predicate action=maybe_recompile pc=0x000001e1eb2991d8 method=java.util.LinkedHashMap.keysToArray([Ljava/lang/Object;Z)[Ljava/lang/Object; @ 53 c2
Event: 19.214 Thread 0x000001e1fd50a510 DEOPT PACKING pc=0x000001e1eb2991d8 sp=0x00000074c7bfded0
Event: 19.214 Thread 0x000001e1fd50a510 DEOPT UNPACKING pc=0x000001e1ea9b3aa2 sp=0x00000074c7bfde60 mode 2
Event: 19.227 Thread 0x000001e1fd50a510 Uncommon trap: trap_request=0xffffff45 fr.pc=0x000001e1eb2836ac relative=0x000000000000054c
Event: 19.227 Thread 0x000001e1fd50a510 Uncommon trap: reason=unstable_if action=reinterpret pc=0x000001e1eb2836ac method=java.io.File.getName()Ljava/lang/String; @ 16 c2
Event: 19.227 Thread 0x000001e1fd50a510 DEOPT PACKING pc=0x000001e1eb2836ac sp=0x00000074c7bfdff0
Event: 19.227 Thread 0x000001e1fd50a510 DEOPT UNPACKING pc=0x000001e1ea9b3aa2 sp=0x00000074c7bfdfc0 mode 2

Classes loaded (20 events):
Event: 18.979 Loading class sun/management/RuntimeImpl
Event: 18.979 Loading class sun/management/RuntimeImpl done
Event: 18.980 Loading class java/util/Collections$2
Event: 18.980 Loading class java/util/Collections$2 done
Event: 18.980 Loading class sun/management/Util
Event: 18.980 Loading class sun/management/Util done
Event: 18.980 Loading class java/lang/management/ManagementPermission
Event: 18.980 Loading class java/lang/management/ManagementPermission done
Event: 19.130 Loading class java/util/AbstractList$ListItr
Event: 19.130 Loading class java/util/AbstractList$ListItr done
Event: 19.218 Loading class java/util/regex/PatternSyntaxException
Event: 19.218 Loading class java/util/regex/PatternSyntaxException done
Event: 19.219 Loading class java/util/AbstractList$RandomAccessSubList
Event: 19.219 Loading class java/util/AbstractList$SubList
Event: 19.219 Loading class java/util/AbstractList$SubList done
Event: 19.219 Loading class java/util/AbstractList$RandomAccessSubList done
Event: 19.219 Loading class java/util/AbstractList$SubList$1
Event: 19.219 Loading class java/util/AbstractList$SubList$1 done
Event: 19.242 Loading class java/util/ImmutableCollections$SubList
Event: 19.242 Loading class java/util/ImmutableCollections$SubList done

Classes unloaded (15 events):
Event: 5.900 Thread 0x000001e1e02dbcd0 Unloading class 0x000001e1811a4c00 'java/lang/invoke/LambdaForm$MH+0x000001e1811a4c00'
Event: 5.900 Thread 0x000001e1e02dbcd0 Unloading class 0x000001e1811a4800 'java/lang/invoke/LambdaForm$MH+0x000001e1811a4800'
Event: 5.900 Thread 0x000001e1e02dbcd0 Unloading class 0x000001e1811a4400 'java/lang/invoke/LambdaForm$MH+0x000001e1811a4400'
Event: 5.900 Thread 0x000001e1e02dbcd0 Unloading class 0x000001e1811a4000 'java/lang/invoke/LambdaForm$MH+0x000001e1811a4000'
Event: 5.900 Thread 0x000001e1e02dbcd0 Unloading class 0x000001e1811a3c00 'java/lang/invoke/LambdaForm$BMH+0x000001e1811a3c00'
Event: 5.900 Thread 0x000001e1e02dbcd0 Unloading class 0x000001e1811a3800 'java/lang/invoke/LambdaForm$DMH+0x000001e1811a3800'
Event: 5.900 Thread 0x000001e1e02dbcd0 Unloading class 0x000001e1811a2400 'java/lang/invoke/LambdaForm$DMH+0x000001e1811a2400'
Event: 10.281 Thread 0x000001e1e02dbcd0 Unloading class 0x000001e1812f6000 'java/lang/invoke/LambdaForm$MH+0x000001e1812f6000'
Event: 10.281 Thread 0x000001e1e02dbcd0 Unloading class 0x000001e1812f5400 'java/lang/invoke/LambdaForm$MH+0x000001e1812f5400'
Event: 10.281 Thread 0x000001e1e02dbcd0 Unloading class 0x000001e1812f4800 'java/lang/invoke/LambdaForm$MH+0x000001e1812f4800'
Event: 10.281 Thread 0x000001e1e02dbcd0 Unloading class 0x000001e1812f4400 'java/lang/invoke/LambdaForm$DMH+0x000001e1812f4400'
Event: 10.281 Thread 0x000001e1e02dbcd0 Unloading class 0x000001e1812f3800 'java/lang/invoke/LambdaForm$MH+0x000001e1812f3800'
Event: 10.281 Thread 0x000001e1e02dbcd0 Unloading class 0x000001e1812f0000 'java/lang/invoke/LambdaForm$MH+0x000001e1812f0000'
Event: 10.281 Thread 0x000001e1e02dbcd0 Unloading class 0x000001e1812eb800 'java/lang/invoke/LambdaForm$MH+0x000001e1812eb800'
Event: 10.281 Thread 0x000001e1e02dbcd0 Unloading class 0x000001e1812eb000 'java/lang/invoke/LambdaForm$MH+0x000001e1812eb000'

Classes redefined (0 events):
No events

Internal exceptions (20 events):
Event: 16.038 Thread 0x000001e1fd50a510 Exception <a 'sun/nio/fs/WindowsException'{0x00000000d697cdd8}> (0x00000000d697cdd8) 
thrown [s\src\hotspot\share\prims\jni.cpp, line 520]
Event: 16.038 Thread 0x000001e1fd50a510 Exception <a 'sun/nio/fs/WindowsException'{0x00000000d697d370}> (0x00000000d697d370) 
thrown [s\src\hotspot\share\prims\jni.cpp, line 520]
Event: 16.038 Thread 0x000001e1fd50a510 Exception <a 'sun/nio/fs/WindowsException'{0x00000000d697d908}> (0x00000000d697d908) 
thrown [s\src\hotspot\share\prims\jni.cpp, line 520]
Event: 16.038 Thread 0x000001e1fd50a510 Exception <a 'sun/nio/fs/WindowsException'{0x00000000d697dec0}> (0x00000000d697dec0) 
thrown [s\src\hotspot\share\prims\jni.cpp, line 520]
Event: 16.039 Thread 0x000001e1fd50a510 Exception <a 'sun/nio/fs/WindowsException'{0x00000000d6981188}> (0x00000000d6981188) 
thrown [s\src\hotspot\share\prims\jni.cpp, line 520]
Event: 16.039 Thread 0x000001e1fd50a510 Exception <a 'sun/nio/fs/WindowsException'{0x00000000d6981720}> (0x00000000d6981720) 
thrown [s\src\hotspot\share\prims\jni.cpp, line 520]
Event: 16.039 Thread 0x000001e1fd50a510 Exception <a 'sun/nio/fs/WindowsException'{0x00000000d6981cb8}> (0x00000000d6981cb8) 
thrown [s\src\hotspot\share\prims\jni.cpp, line 520]
Event: 16.039 Thread 0x000001e1fd50a510 Exception <a 'sun/nio/fs/WindowsException'{0x00000000d6982270}> (0x00000000d6982270) 
thrown [s\src\hotspot\share\prims\jni.cpp, line 520]
Event: 16.040 Thread 0x000001e1fd50a510 Exception <a 'sun/nio/fs/WindowsException'{0x00000000d6985668}> (0x00000000d6985668) 
thrown [s\src\hotspot\share\prims\jni.cpp, line 520]
Event: 16.040 Thread 0x000001e1fd50a510 Exception <a 'sun/nio/fs/WindowsException'{0x00000000d6985c18}> (0x00000000d6985c18) 
thrown [s\src\hotspot\share\prims\jni.cpp, line 520]
Event: 16.040 Thread 0x000001e1fd50a510 Exception <a 'sun/nio/fs/WindowsException'{0x00000000d69861c8}> (0x00000000d69861c8) 
thrown [s\src\hotspot\share\prims\jni.cpp, line 520]
Event: 16.040 Thread 0x000001e1fd50a510 Exception <a 'sun/nio/fs/WindowsException'{0x00000000d6986798}> (0x00000000d6986798) 
thrown [s\src\hotspot\share\prims\jni.cpp, line 520]
Event: 16.268 Thread 0x000001e1fd50a510 Exception <a 'java/lang/NoSuchMethodError'{0x00000000d5ba0f38}: 'java.lang.Object java.lang.invoke.DirectMethodHandle$Holder.invokeVirtual(java.lang.Object, java.lang.Object, java.lang.Object, java.lang.Object)'> (0x00000000d5ba0f38) 
thrown [s\src\hotspot\share\interpreter\linkResolver.cpp, line 773]
Event: 16.273 Thread 0x000001e1fd50a510 Exception <a 'java/lang/NoSuchMethodError'{0x00000000d5bc38d8}: 'java.lang.Object java.lang.invoke.DirectMethodHandle$Holder.invokeVirtual(java.lang.Object, java.lang.Object, java.lang.Object, java.lang.Object, java.lang.Object)'> (0x00000000d5bc38d8) 
thrown [s\src\hotspot\share\interpreter\linkResolver.cpp, line 773]
Event: 18.547 Thread 0x000001e1fd50e6b0 Exception <a 'java/lang/NoSuchMethodError'{0x00000000d65111e0}: 'java.lang.Object java.lang.invoke.DirectMethodHandle$Holder.invokeVirtual(java.lang.Object, java.lang.Object, java.lang.Object, java.lang.Object, java.lang.Object, java.lang.Object)'> (0x00000000d65111e0) 
thrown [s\src\hotspot\share\interpreter\linkResolver.cpp, line 773]
Event: 18.640 Thread 0x000001e1fd50e6b0 Exception <a 'java/lang/NoSuchMethodError'{0x00000000d6a09608}: 'java.lang.Object java.lang.invoke.DirectMethodHandle$Holder.invokeVirtual(java.lang.Object, java.lang.Object, java.lang.Object, java.lang.Object, java.lang.Object, java.lang.Object, java.lang.Object)'> (0x00000000d6a09608) 
thrown [s\src\hotspot\share\interpreter\linkResolver.cpp, line 773]
Event: 18.759 Thread 0x000001e1fd50e6b0 Exception <a 'java/lang/NoSuchMethodError'{0x00000000d5a488c8}: 'java.lang.Object java.lang.invoke.DirectMethodHandle$Holder.invokeVirtual(java.lang.Object, java.lang.Object, java.lang.Object, java.lang.Object, java.lang.Object, java.lang.Object, java.lang.Object, java.lang.Object)'> (0x00000000d5a488c8) 
thrown [s\src\hotspot\share\interpreter\linkResolver.cpp, line 773]
Event: 18.809 Thread 0x000001e1fd50e6b0 Exception <a 'java/lang/NoSuchMethodError'{0x00000000d5db6400}: 'java.lang.Object java.lang.invoke.DirectMethodHandle$Holder.invokeVirtual(java.lang.Object, java.lang.Object, java.lang.Object, java.lang.Object, java.lang.Object, java.lang.Object, java.lang.Object, java.lang.Object, java.lang.Object, java.lang.Object, java.lang.Object, java.lang.Object)'> (0x00000000d5db6400) 
thrown [s\src\hotspot\share\interpreter\linkResolver.cpp, line 773]
Event: 18.812 Thread 0x000001e1fd50e6b0 Exception <a 'java/lang/NoSuchMethodError'{0x00000000d5e04660}: 'java.lang.Object java.lang.invoke.DirectMethodHandle$Holder.invokeStatic(java.lang.Object, java.lang.Object, java.lang.Object, java.lang.Object, java.lang.Object, java.lang.Object, java.lang.Object, java.lang.Object, java.lang.Object, java.lang.Object, java.lang.Object, java.lang.Object, java.lang.Object)'> (0x00000000d5e04660) 
thrown [s\src\hotspot\share\interpreter\linkResolver.cpp, line 773]
Event: 18.814 Thread 0x000001e1fd50e6b0 Exception <a 'java/lang/NoSuchMethodError'{0x00000000d5e27740}: 'java.lang.Object java.lang.invoke.DirectMethodHandle$Holder.invokeStatic(java.lang.Object, java.lang.Object, java.lang.Object, java.lang.Object, java.lang.Object, java.lang.Object, java.lang.Object, java.lang.Object, java.lang.Object, java.lang.Object, java.lang.Object, java.lang.Object, java.lang.Object, java.lang.Object)'> (0x00000000d5e27740) 
thrown [s\src\hotspot\share\interpreter\linkResolver.cpp, line 773]

ZGC Phase Switch (0 events):
No events

VM Operations (20 events):
Event: 16.598 Executing VM operation: ParallelGCFailedAllocation (Allocation Failure)
Event: 16.601 Executing VM operation: ParallelGCFailedAllocation (Allocation Failure) done
Event: 17.198 Executing VM operation: ParallelGCFailedAllocation (Allocation Failure)
Event: 17.201 Executing VM operation: ParallelGCFailedAllocation (Allocation Failure) done
Event: 17.628 Executing VM operation: ParallelGCFailedAllocation (Allocation Failure)
Event: 17.631 Executing VM operation: ParallelGCFailedAllocation (Allocation Failure) done
Event: 18.020 Executing VM operation: ParallelGCFailedAllocation (Allocation Failure)
Event: 18.021 Executing VM operation: ParallelGCFailedAllocation (Allocation Failure) done
Event: 18.245 Executing VM operation: ParallelGCFailedAllocation (Allocation Failure)
Event: 18.247 Executing VM operation: ParallelGCFailedAllocation (Allocation Failure) done
Event: 18.535 Executing VM operation: HandshakeAllThreads (Deoptimize)
Event: 18.535 Executing VM operation: HandshakeAllThreads (Deoptimize) done
Event: 18.660 Executing VM operation: ParallelGCFailedAllocation (Allocation Failure)
Event: 18.662 Executing VM operation: ParallelGCFailedAllocation (Allocation Failure) done
Event: 19.131 Executing VM operation: HandshakeAllThreads (Deoptimize)
Event: 19.131 Executing VM operation: HandshakeAllThreads (Deoptimize) done
Event: 19.153 Executing VM operation: HandshakeAllThreads (Deoptimize)
Event: 19.153 Executing VM operation: HandshakeAllThreads (Deoptimize) done
Event: 19.159 Executing VM operation: ParallelGCFailedAllocation (Allocation Failure)
Event: 19.209 Executing VM operation: ParallelGCFailedAllocation (Allocation Failure) done

Memory protections (0 events):
No events

Nmethod flushes (20 events):
Event: 10.290 Thread 0x000001e1e02dbcd0 flushing  nmethod 0x000001e1e3a80590
Event: 10.290 Thread 0x000001e1e02dbcd0 flushing  nmethod 0x000001e1e3a80d10
Event: 10.290 Thread 0x000001e1e02dbcd0 flushing  nmethod 0x000001e1e3a82290
Event: 10.290 Thread 0x000001e1e02dbcd0 flushing  nmethod 0x000001e1e3a82790
Event: 10.290 Thread 0x000001e1e02dbcd0 flushing  nmethod 0x000001e1e3a82c90
Event: 10.290 Thread 0x000001e1e02dbcd0 flushing  nmethod 0x000001e1e3a83090
Event: 10.290 Thread 0x000001e1e02dbcd0 flushing  nmethod 0x000001e1e3a83910
Event: 10.290 Thread 0x000001e1e02dbcd0 flushing  nmethod 0x000001e1e3a86190
Event: 10.290 Thread 0x000001e1e02dbcd0 flushing  nmethod 0x000001e1e3a86490
Event: 10.290 Thread 0x000001e1e02dbcd0 flushing  nmethod 0x000001e1e3a8fb10
Event: 10.290 Thread 0x000001e1e02dbcd0 flushing  nmethod 0x000001e1e3a90010
Event: 10.290 Thread 0x000001e1e02dbcd0 flushing  nmethod 0x000001e1e3abc690
Event: 10.290 Thread 0x000001e1e02dbcd0 flushing  nmethod 0x000001e1e3ac0690
Event: 10.290 Thread 0x000001e1e02dbcd0 flushing  nmethod 0x000001e1e3ac6910
Event: 10.290 Thread 0x000001e1e02dbcd0 flushing  nmethod 0x000001e1e3afa110
Event: 10.290 Thread 0x000001e1e02dbcd0 flushing  nmethod 0x000001e1e3b24b90
Event: 10.290 Thread 0x000001e1e02dbcd0 flushing osr nmethod 0x000001e1e3b3e690
Event: 10.290 Thread 0x000001e1e02dbcd0 flushing  nmethod 0x000001e1e3b3f210
Event: 10.290 Thread 0x000001e1e02dbcd0 flushing  nmethod 0x000001e1e3b40d10
Event: 10.290 Thread 0x000001e1e02dbcd0 flushing  nmethod 0x000001e1e3b76310

Events (20 events):
Event: 12.275 Thread 0x000001e1f6c85900 Thread added: 0x000001e1f7a76bf0
Event: 12.790 Thread 0x000001e1f7a76bf0 Thread exited: 0x000001e1f7a76bf0
Event: 12.995 Thread 0x000001e1f6c85900 Thread added: 0x000001e1f7a76bf0
Event: 13.311 Thread 0x000001e1f7a76bf0 Thread exited: 0x000001e1f7a76bf0
Event: 14.178 Thread 0x000001e1f6c85900 Thread added: 0x000001e1f7a76bf0
Event: 14.667 Thread 0x000001e1fc9b8170 Thread added: 0x000001e1fd50d300
Event: 14.759 Thread 0x000001e1fd50d300 Thread added: 0x000001e1fd50bf50
Event: 14.866 Thread 0x000001e1f7a76bf0 Thread exited: 0x000001e1f7a76bf0
Event: 14.876 Thread 0x000001e1f6c85900 Thread added: 0x000001e1f7a76bf0
Event: 15.561 Thread 0x000001e1f7a76bf0 Thread exited: 0x000001e1f7a76bf0
Event: 16.184 Thread 0x000001e1fd50a510 Thread added: 0x000001e1fd507720
Event: 16.384 Thread 0x000001e1fd50a510 Thread added: 0x000001e1fd50e6b0
Event: 16.608 Thread 0x000001e1f6c85900 Thread added: 0x000001e1fd784ee0
Event: 17.840 Thread 0x000001e1fd784ee0 Thread exited: 0x000001e1fd784ee0
Event: 19.102 Thread 0x000001e1fd50e6b0 Thread exited: 0x000001e1fd50e6b0
Event: 19.114 Thread 0x000001e1fd50a510 Thread added: 0x000001e1fedd3a50
Event: 19.115 Thread 0x000001e1fd50a510 Thread added: 0x000001e1fedcff40
Event: 19.149 Thread 0x000001e1fedcff40 Thread exited: 0x000001e1fedcff40
Event: 19.155 Thread 0x000001e1fd50a510 Thread added: 0x000001e1fedd40e0
Event: 19.437 Thread 0x000001e1f6c85900 Thread added: 0x000001e1c23a58f0


Dynamic libraries:
0x00007ff6b7ab0000 - 0x00007ff6b7abe000 	c:\Users\Admin\.antigravity\extensions\redhat.java-1.50.0-win32-x64\jre\21.0.9-win32-x86_64\bin\java.exe
0x00007ff91ea90000 - 0x00007ff91ec88000 	C:\WINDOWS\SYSTEM32\ntdll.dll
0x00007ff91e2b0000 - 0x00007ff91e372000 	C:\WINDOWS\System32\KERNEL32.DLL
0x00007ff91c1c0000 - 0x00007ff91c4b6000 	C:\WINDOWS\System32\KERNELBASE.dll
0x00007ff91c960000 - 0x00007ff91ca60000 	C:\WINDOWS\System32\ucrtbase.dll
0x00007ff8fadc0000 - 0x00007ff8fadd8000 	c:\Users\Admin\.antigravity\extensions\redhat.java-1.50.0-win32-x64\jre\21.0.9-win32-x86_64\bin\jli.dll
0x00007ff91cfd0000 - 0x00007ff91d171000 	C:\WINDOWS\System32\USER32.dll
0x00007ff91c550000 - 0x00007ff91c572000 	C:\WINDOWS\System32\win32u.dll
0x00007ff91cdd0000 - 0x00007ff91cdfb000 	C:\WINDOWS\System32\GDI32.dll
0x00007ff91c710000 - 0x00007ff91c829000 	C:\WINDOWS\System32\gdi32full.dll
0x00007ff91c120000 - 0x00007ff91c1bd000 	C:\WINDOWS\System32\msvcp_win.dll
0x00007ff8face0000 - 0x00007ff8facfe000 	c:\Users\Admin\.antigravity\extensions\redhat.java-1.50.0-win32-x64\jre\21.0.9-win32-x86_64\bin\VCRUNTIME140.dll
0x00007ff90b970000 - 0x00007ff90bc0b000 	C:\WINDOWS\WinSxS\amd64_microsoft.windows.common-controls_6595b64144ccf1df_6.0.19041.6456_none_60b8a6cb71f64256\COMCTL32.dll
0x00007ff91e540000 - 0x00007ff91e5de000 	C:\WINDOWS\System32\msvcrt.dll
0x00007ff91d180000 - 0x00007ff91d1af000 	C:\WINDOWS\System32\IMM32.DLL
0x00007ff90c240000 - 0x00007ff90c24c000 	c:\Users\Admin\.antigravity\extensions\redhat.java-1.50.0-win32-x64\jre\21.0.9-win32-x86_64\bin\vcruntime140_1.dll
0x00007ff8f8670000 - 0x00007ff8f86fd000 	c:\Users\Admin\.antigravity\extensions\redhat.java-1.50.0-win32-x64\jre\21.0.9-win32-x86_64\bin\msvcp140.dll
0x00007ff8e39a0000 - 0x00007ff8e4740000 	c:\Users\Admin\.antigravity\extensions\redhat.java-1.50.0-win32-x64\jre\21.0.9-win32-x86_64\bin\server\jvm.dll
0x00007ff91d220000 - 0x00007ff91d2d1000 	C:\WINDOWS\System32\ADVAPI32.dll
0x00007ff91d2f0000 - 0x00007ff91d38f000 	C:\WINDOWS\System32\sechost.dll
0x00007ff91df50000 - 0x00007ff91e070000 	C:\WINDOWS\System32\RPCRT4.dll
0x00007ff91c6e0000 - 0x00007ff91c707000 	C:\WINDOWS\System32\bcrypt.dll
0x00007ff91d1b0000 - 0x00007ff91d21b000 	C:\WINDOWS\System32\WS2_32.dll
0x00007ff91b6b0000 - 0x00007ff91b6fb000 	C:\WINDOWS\SYSTEM32\POWRPROF.dll
0x00007ff9129b0000 - 0x00007ff9129d7000 	C:\WINDOWS\SYSTEM32\WINMM.dll
0x00007ff915d60000 - 0x00007ff915d6a000 	C:\WINDOWS\SYSTEM32\VERSION.dll
0x00007ff91b520000 - 0x00007ff91b532000 	C:\WINDOWS\SYSTEM32\UMPDC.dll
0x00007ff919fb0000 - 0x00007ff919fc2000 	C:\WINDOWS\SYSTEM32\kernel.appcore.dll
0x00007ff908ec0000 - 0x00007ff908eca000 	c:\Users\Admin\.antigravity\extensions\redhat.java-1.50.0-win32-x64\jre\21.0.9-win32-x86_64\bin\jimage.dll
0x00007ff916af0000 - 0x00007ff916cf1000 	C:\WINDOWS\SYSTEM32\DBGHELP.DLL
0x00007ff8f9ff0000 - 0x00007ff8fa024000 	C:\WINDOWS\SYSTEM32\dbgcore.DLL
0x00007ff91c4c0000 - 0x00007ff91c542000 	C:\WINDOWS\System32\bcryptPrimitives.dll
0x00007ff8fadb0000 - 0x00007ff8fadbf000 	c:\Users\Admin\.antigravity\extensions\redhat.java-1.50.0-win32-x64\jre\21.0.9-win32-x86_64\bin\instrument.dll
0x00007ff8fac00000 - 0x00007ff8fac20000 	c:\Users\Admin\.antigravity\extensions\redhat.java-1.50.0-win32-x64\jre\21.0.9-win32-x86_64\bin\java.dll
0x00007ff91d400000 - 0x00007ff91db70000 	C:\WINDOWS\System32\SHELL32.dll
0x00007ff91a1b0000 - 0x00007ff91a955000 	C:\WINDOWS\SYSTEM32\windows.storage.dll
0x00007ff91db70000 - 0x00007ff91dec4000 	C:\WINDOWS\System32\combase.dll
0x00007ff91bb50000 - 0x00007ff91bb7b000 	C:\WINDOWS\SYSTEM32\Wldp.dll
0x00007ff91e410000 - 0x00007ff91e4dd000 	C:\WINDOWS\System32\OLEAUT32.dll
0x00007ff91e200000 - 0x00007ff91e2ad000 	C:\WINDOWS\System32\SHCORE.dll
0x00007ff91e4e0000 - 0x00007ff91e53b000 	C:\WINDOWS\System32\shlwapi.dll
0x00007ff91c050000 - 0x00007ff91c074000 	C:\WINDOWS\SYSTEM32\profapi.dll
0x00007ff8fa9d0000 - 0x00007ff8fa9e8000 	c:\Users\Admin\.antigravity\extensions\redhat.java-1.50.0-win32-x64\jre\21.0.9-win32-x86_64\bin\zip.dll
0x00007ff8fa630000 - 0x00007ff8fa640000 	C:\Users\Admin\.antigravity\extensions\redhat.java-1.50.0-win32-x64\jre\21.0.9-win32-x86_64\bin\net.dll
0x00007ff915610000 - 0x00007ff91571a000 	C:\WINDOWS\SYSTEM32\WINHTTP.dll
0x00007ff91b8b0000 - 0x00007ff91b91a000 	C:\WINDOWS\system32\mswsock.dll
0x00007ff8fa590000 - 0x00007ff8fa5a6000 	C:\Users\Admin\.antigravity\extensions\redhat.java-1.50.0-win32-x64\jre\21.0.9-win32-x86_64\bin\nio.dll
0x00007ff8fa620000 - 0x00007ff8fa630000 	c:\Users\Admin\.antigravity\extensions\redhat.java-1.50.0-win32-x64\jre\21.0.9-win32-x86_64\bin\verify.dll
0x00007ff8f4720000 - 0x00007ff8f4764000 	C:\Users\Admin\AppData\Roaming\Antigravity\User\globalStorage\redhat.java\1.50.0\config_win\org.eclipse.equinox.launcher\org.eclipse.equinox.launcher.win32.win32.x86_64_1.2.1400.v20250801-0854\eclipse_11916.dll
0x00007ff91e0d0000 - 0x00007ff91e1fb000 	C:\WINDOWS\System32\ole32.dll
0x00007ff91baa0000 - 0x00007ff91bab8000 	C:\WINDOWS\SYSTEM32\CRYPTSP.dll
0x00007ff91b160000 - 0x00007ff91b198000 	C:\WINDOWS\system32\rsaenh.dll
0x00007ff91c010000 - 0x00007ff91c03e000 	C:\WINDOWS\SYSTEM32\USERENV.dll
0x00007ff91bac0000 - 0x00007ff91bacc000 	C:\WINDOWS\SYSTEM32\CRYPTBASE.dll
0x00007ff91b540000 - 0x00007ff91b57b000 	C:\WINDOWS\SYSTEM32\IPHLPAPI.DLL
0x00007ff91d2e0000 - 0x00007ff91d2e8000 	C:\WINDOWS\System32\NSI.dll
0x00007ff8faab0000 - 0x00007ff8faaf9000 	C:\Users\Admin\AppData\Local\Temp\jna-63116079\jna8967115102167291156.dll
0x00007ff91d390000 - 0x00007ff91d398000 	C:\WINDOWS\System32\PSAPI.DLL
0x00007ff9166d0000 - 0x00007ff9166e7000 	C:\WINDOWS\SYSTEM32\dhcpcsvc6.DLL
0x00007ff9166b0000 - 0x00007ff9166cd000 	C:\WINDOWS\SYSTEM32\dhcpcsvc.DLL
0x00007ff8f8890000 - 0x00007ff8f88b7000 	C:\Users\Admin\.gradle\native\1def1411415f61bf3af743bc5b6707747c0891f09f0c88961ee8f79bc544acac\windows-amd64\native-platform.dll
0x00007ff8fa390000 - 0x00007ff8fa39a000 	C:\Users\Admin\.antigravity\extensions\redhat.java-1.50.0-win32-x64\jre\21.0.9-win32-x86_64\bin\management.dll
0x00007ff8fa380000 - 0x00007ff8fa38c000 	C:\Users\Admin\.antigravity\extensions\redhat.java-1.50.0-win32-x64\jre\21.0.9-win32-x86_64\bin\management_ext.dll

JVMTI agents:
c:\Users\Admin\.antigravity\extensions\redhat.java-1.50.0-win32-x64\lombok\lombok-1.18.39-4050.jar path:c:\Users\Admin\.antigravity\extensions\redhat.java-1.50.0-win32-x64\jre\21.0.9-win32-x86_64\bin\instrument.dll, loaded, initialized, instrumentlib options:none

dbghelp: loaded successfully - version: 4.0.5 - missing functions: none
symbol engine: initialized successfully - sym options: 0x614 - pdb path: .;c:\Users\Admin\.antigravity\extensions\redhat.java-1.50.0-win32-x64\jre\21.0.9-win32-x86_64\bin;C:\WINDOWS\SYSTEM32;C:\WINDOWS\WinSxS\amd64_microsoft.windows.common-controls_6595b64144ccf1df_6.0.19041.6456_none_60b8a6cb71f64256;c:\Users\Admin\.antigravity\extensions\redhat.java-1.50.0-win32-x64\jre\21.0.9-win32-x86_64\bin\server;C:\Users\Admin\AppData\Roaming\Antigravity\User\globalStorage\redhat.java\1.50.0\config_win\org.eclipse.equinox.launcher\org.eclipse.equinox.launcher.win32.win32.x86_64_1.2.1400.v20250801-0854;C:\Users\Admin\AppData\Local\Temp\jna-63116079;C:\Users\Admin\.gradle\native\1def1411415f61bf3af743bc5b6707747c0891f09f0c88961ee8f79bc544acac\windows-amd64

VM Arguments:
jvm_args: --add-modules=ALL-SYSTEM --add-opens=java.base/java.util=ALL-UNNAMED --add-opens=java.base/java.lang=ALL-UNNAMED --add-opens=java.base/sun.nio.fs=ALL-UNNAMED -Declipse.application=org.eclipse.jdt.ls.core.id1 -Dosgi.bundles.defaultStartLevel=4 -Declipse.product=org.eclipse.jdt.ls.core.product -Djava.import.generatesMetadataFilesAtProjectRoot=false -DDetectVMInstallationsJob.disabled=true -Dfile.encoding=utf8 -XX:+UseParallelGC -XX:GCTimeRatio=4 -XX:AdaptiveSizePolicyWeight=90 -Dsun.zip.disableMemoryMapping=true -Xmx2G -Xms100m -Xlog:disable -javaagent:c:\Users\Admin\.antigravity\extensions\redhat.java-1.50.0-win32-x64\lombok\lombok-1.18.39-4050.jar -XX:+HeapDumpOnOutOfMemoryError -XX:HeapDumpPath=c:\Users\Admin\AppData\Roaming\Antigravity\User\workspaceStorage\af1cb1524c391b6bf54d4a5b5d479961\redhat.java -Daether.dependencyCollector.impl=bf 
java_command: c:\Users\Admin\.antigravity\extensions\redhat.java-1.50.0-win32-x64\server\plugins\org.eclipse.equinox.launcher_1.7.100.v20251111-0406.jar -configuration c:\Users\Admin\AppData\Roaming\Antigravity\User\globalStorage\redhat.java\1.50.0\config_win -data c:\Users\Admin\AppData\Roaming\Antigravity\User\workspaceStorage\af1cb1524c391b6bf54d4a5b5d479961\redhat.java\jdt_ws --pipe=\\.\pipe\lsp-2b88d65b3fca37cd5e11c2646b57f3f4-sock
java_class_path (initial): c:\Users\Admin\.antigravity\extensions\redhat.java-1.50.0-win32-x64\server\plugins\org.eclipse.equinox.launcher_1.7.100.v20251111-0406.jar
Launcher Type: SUN_STANDARD

[Global flags]
    uintx AdaptiveSizePolicyWeight                 = 90                                        {product} {command line}
     intx CICompilerCount                          = 3                                         {product} {ergonomic}
    uintx GCTimeRatio                              = 4                                         {product} {command line}
     bool HeapDumpOnOutOfMemoryError               = true                                   {manageable} {command line}
    ccstr HeapDumpPath                             = c:\Users\Admin\AppData\Roaming\Antigravity\User\workspaceStorage\af1cb1524c391b6bf54d4a5b5d479961\redhat.java         {manageable} {command line}
   size_t InitialHeapSize                          = 104857600                                 {product} {command line}
   size_t MaxHeapSize                              = 2147483648                                {product} {command line}
   size_t MaxNewSize                               = 715653120                                 {product} {ergonomic}
   size_t MinHeapDeltaBytes                        = 524288                                    {product} {ergonomic}
   size_t MinHeapSize                              = 104857600                                 {product} {command line}
   size_t NewSize                                  = 34603008                                  {product} {ergonomic}
    uintx NonNMethodCodeHeapSize                   = 5832780                                {pd product} {ergonomic}
    uintx NonProfiledCodeHeapSize                  = 122912730                              {pd product} {ergonomic}
   size_t OldSize                                  = 70254592                                  {product} {ergonomic}
    uintx ProfiledCodeHeapSize                     = 122912730                              {pd product} {ergonomic}
    uintx ReservedCodeCacheSize                    = 251658240                              {pd product} {ergonomic}
     bool SegmentedCodeCache                       = true                                      {product} {ergonomic}
   size_t SoftMaxHeapSize                          = 2147483648                             {manageable} {ergonomic}
     bool UseCompressedOops                        = true                           {product lp64_product} {ergonomic}
     bool UseLargePagesIndividualAllocation        = false                                  {pd product} {ergonomic}
     bool UseParallelGC                            = true                                      {product} {command line}

Logging:
Log output configuration:
 #0: stdout all=off uptime,level,tags foldmultilines=false
 #1: stderr all=off uptime,level,tags foldmultilines=false

Release file:
JAVA_VERSION="21.0.9" 
MODULES="java.base java.compiler java.datatransfer java.xml java.prefs java.desktop java.instrument java.logging java.management java.security.sasl java.naming java.rmi java.management.rmi java.net.http java.scripting java.security.jgss java.transaction.xa java.sql java.sql.rowset java.xml.crypto java.se java.smartcardio jdk.accessibility jdk.internal.jvmstat jdk.attach jdk.charsets jdk.internal.opt jdk.zipfs jdk.compiler jdk.crypto.ec jdk.crypto.cryptoki jdk.crypto.mscapi jdk.dynalink jdk.internal.ed jdk.editpad jdk.hotspot.agent jdk.httpserver jdk.internal.le jdk.internal.vm.ci jdk.internal.vm.compiler jdk.internal.vm.compiler.management jdk.jartool jdk.javadoc jdk.jcmd jdk.management jdk.management.agent jdk.jconsole jdk.jdeps jdk.jdwp.agent jdk.jdi jdk.jfr jdk.jshell jdk.jsobject jdk.jstatd jdk.localedata jdk.management.jfr jdk.naming.dns jdk.naming.rmi jdk.net jdk.nio.mapmode jdk.random jdk.sctp jdk.security.auth jdk.security.jgss jdk.unsupported jdk.unsupported.desktop jdk.xml.dom" 

Environment Variables:
PATH=C:\Program Files\Common Files\Oracle\Java\javapath;C:\WINDOWS\system32;C:\WINDOWS;C:\WINDOWS\System32\Wbem;C:\WINDOWS\System32\WindowsPowerShell\v1.0\;C:\WINDOWS\System32\OpenSSH\;C:\Program Files\Microsoft SQL Server\150\Tools\Binn\;C:\Program Files\nodejs\;C:\Users\Admin\AppData\Local\Microsoft\WindowsApps;C:\Users\Admin\AppData\Local\Programs\Microsoft VS Code\bin;C:\Users\Admin\AppData\Local\Programs\Antigravity\bin;C:\Users\Admin\AppData\Roaming\npm
USERNAME=Admin
OS=Windows_NT
PROCESSOR_IDENTIFIER=Intel64 Family 6 Model 42 Stepping 7, GenuineIntel
TMP=C:\Users\Admin\AppData\Local\Temp
TEMP=C:\Users\Admin\AppData\Local\Temp




Periodic native trim disabled

---------------  S Y S T E M  ---------------

OS:
 Windows 10 , 64 bit Build 19041 (10.0.19041.5915)
OS uptime: 0 days 9:05 hours

CPU: total 4 (initial active 4) (4 cores per cpu, 1 threads per core) family 6 model 42 stepping 7 microcode 0x2f, cx8, cmov, fxsr, mmx, sse, sse2, sse3, ssse3, sse4.1, sse4.2, popcnt, tsc, tscinvbit, avx, aes, clmul, vzeroupper, clflush, rdtscp
Processor Information for the first 4 processors :
  Max Mhz: 3301, Current Mhz: 3301, Mhz Limit: 3301

Memory: 4k page, system-wide physical 16337M (5916M free)
TotalPageFile size 20433M (AvailPageFile size 2M)
current process WorkingSet (physical memory assigned to process): 251M, peak: 253M
current process commit charge ("private bytes"): 346M, peak: 348M

vm_info: OpenJDK 64-Bit Server VM (21.0.9+10-LTS) for windows-amd64 JRE (21.0.9+10-LTS), built on 2025-10-21T00:00:00Z by "admin" with unknown MS VC++:1942

END.
