#
# There is insufficient memory for the Java Runtime Environment to continue.
# Native memory allocation (malloc) failed to allocate 1135536 bytes. Error detail: Chunk::new
# Possible reasons:
#   The system is out of physical RAM or swap space
#   This process is running with CompressedOops enabled, and the Java Heap may be blocking the growth of the native heap
# Possible solutions:
#   Reduce memory load on the system
#   Increase physical memory or swap space
#   Check if swap backing store is full
#   Decrease Java heap size (-Xmx/-Xms)
#   Decrease number of Java threads
#   Decrease Java thread stack sizes (-Xss)
#   Set larger code cache with -XX:ReservedCodeCacheSize=
#   JVM is running with Unscaled Compressed Oops mode in which the Java heap is
#     placed in the first 4GB address space. The Java Heap base address is the
#     maximum limit for the native heap growth. Please use -XX:HeapBaseMinAddress
#     to set the Java Heap base and to place the Java Heap above 4GB virtual address.
# This output file may be truncated or incomplete.
#
#  Out of Memory Error (arena.cpp:168), pid=10288, tid=4216
#
# JRE version: OpenJDK Runtime Environment Temurin-21.0.9+10 (21.0.9+10) (build 21.0.9+10-LTS)
# Java VM: OpenJDK 64-Bit Server VM Temurin-21.0.9+10 (21.0.9+10-LTS, mixed mode, sharing, tiered, compressed oops, compressed class ptrs, parallel gc, windows-amd64)
# No core dump will be written. Minidumps are not enabled by default on client versions of Windows
#

---------------  S U M M A R Y ------------

Command Line: --add-modules=ALL-SYSTEM --add-opens=java.base/java.util=ALL-UNNAMED --add-opens=java.base/java.lang=ALL-UNNAMED --add-opens=java.base/sun.nio.fs=ALL-UNNAMED -Declipse.application=org.eclipse.jdt.ls.core.id1 -Dosgi.bundles.defaultStartLevel=4 -Declipse.product=org.eclipse.jdt.ls.core.product -Djava.import.generatesMetadataFilesAtProjectRoot=false -DDetectVMInstallationsJob.disabled=true -Dfile.encoding=utf8 -XX:+UseParallelGC -XX:GCTimeRatio=4 -XX:AdaptiveSizePolicyWeight=90 -Dsun.zip.disableMemoryMapping=true -Xmx2G -Xms100m -Xlog:disable -javaagent:c:\Users\Admin\.antigravity\extensions\redhat.java-1.50.0-win32-x64\lombok\lombok-1.18.39-4050.jar -XX:+HeapDumpOnOutOfMemoryError -XX:HeapDumpPath=c:\Users\Admin\AppData\Roaming\Antigravity\User\workspaceStorage\af1cb1524c391b6bf54d4a5b5d479961\redhat.java -Daether.dependencyCollector.impl=bf c:\Users\Admin\.antigravity\extensions\redhat.java-1.50.0-win32-x64\server\plugins\org.eclipse.equinox.launcher_1.7.100.v20251111-0406.jar -configuration c:\Users\Admin\AppData\Roaming\Antigravity\User\globalStorage\redhat.java\1.50.0\config_win -data c:\Users\Admin\AppData\Roaming\Antigravity\User\workspaceStorage\af1cb1524c391b6bf54d4a5b5d479961\redhat.java\jdt_ws --pipe=\\.\pipe\lsp-3365a3a58f06809311cb1d4b9d7eee30-sock

Host: Intel(R) Core(TM) i5-2500 CPU @ 3.30GHz, 4 cores, 15G,  Windows 10 , 64 bit Build 19041 (10.0.19041.5915)
Time: Thu Dec 18 21:00:51 2025 SE Asia Standard Time elapsed time: 9.071554 seconds (0d 0h 0m 9s)

---------------  T H R E A D  ---------------

Current thread (0x00000224081617e0):  JavaThread "C2 CompilerThread0" daemon [_thread_in_native, id=4216, stack(0x000000dfbab00000,0x000000dfbac00000) (1024K)]


Current CompileTask:
C2:9071 4038       4       org.eclipse.osgi.internal.serviceregistry.ServiceRegistry::notifyHooksPrivileged (57 bytes)

Stack: [0x000000dfbab00000,0x000000dfbac00000]
Native frames: (J=compiled Java code, j=interpreted, Vv=VM code, C=native code)
V  [jvm.dll+0x6d6e29]
V  [jvm.dll+0x8b4b76]
V  [jvm.dll+0x8b712e]
V  [jvm.dll+0x8b7813]
V  [jvm.dll+0x283d86]
V  [jvm.dll+0xc66ed]
V  [jvm.dll+0xc6c31]
V  [jvm.dll+0x3be501]
V  [jvm.dll+0x38ab92]
V  [jvm.dll+0x389fda]
V  [jvm.dll+0x24bfa0]
V  [jvm.dll+0x24b580]
V  [jvm.dll+0x1cb13e]
V  [jvm.dll+0x25b29d]
V  [jvm.dll+0x25982a]
V  [jvm.dll+0x3f7ea6]
V  [jvm.dll+0x85e9ad]
V  [jvm.dll+0x6d565d]
C  [ucrtbase.dll+0x21bb2]
C  [KERNEL32.DLL+0x17374]
C  [ntdll.dll+0x4cc91]


---------------  P R O C E S S  ---------------

Threads class SMR info:
_java_thread_list=0x00000224666dc160, length=25, elements={
0x0000022408272dd0, 0x00000224081589e0, 0x0000022408159880, 0x000002240815c9b0,
0x000002240815f510, 0x000002240815ff60, 0x00000224081609b0, 0x00000224081617e0,
0x0000022408196b30, 0x00000224609e1060, 0x0000022460afa8d0, 0x00000224652d14a0,
0x00000224653dc160, 0x00000224653dbad0, 0x00000224653dadb0, 0x00000224653dc7f0,
0x00000224653dce80, 0x00000224653d9a00, 0x00000224653da720, 0x00000224653da090,
0x00000224653db440, 0x0000022467ab5a10, 0x0000022467ab3fd0, 0x0000022467ab32b0,
0x00000224672405d0
}

Java Threads: ( => current thread )
  0x0000022408272dd0 JavaThread "main"                              [_thread_blocked, id=16364, stack(0x000000dfba100000,0x000000dfba200000) (1024K)]
  0x00000224081589e0 JavaThread "Reference Handler"          daemon [_thread_blocked, id=15780, stack(0x000000dfba500000,0x000000dfba600000) (1024K)]
  0x0000022408159880 JavaThread "Finalizer"                  daemon [_thread_blocked, id=1748, stack(0x000000dfba600000,0x000000dfba700000) (1024K)]
  0x000002240815c9b0 JavaThread "Signal Dispatcher"          daemon [_thread_blocked, id=11132, stack(0x000000dfba700000,0x000000dfba800000) (1024K)]
  0x000002240815f510 JavaThread "Attach Listener"            daemon [_thread_blocked, id=5968, stack(0x000000dfba800000,0x000000dfba900000) (1024K)]
  0x000002240815ff60 JavaThread "Service Thread"             daemon [_thread_blocked, id=14152, stack(0x000000dfba900000,0x000000dfbaa00000) (1024K)]
  0x00000224081609b0 JavaThread "Monitor Deflation Thread"   daemon [_thread_blocked, id=5740, stack(0x000000dfbaa00000,0x000000dfbab00000) (1024K)]
=>0x00000224081617e0 JavaThread "C2 CompilerThread0"         daemon [_thread_in_native, id=4216, stack(0x000000dfbab00000,0x000000dfbac00000) (1024K)]
  0x0000022408196b30 JavaThread "C1 CompilerThread0"         daemon [_thread_blocked, id=8028, stack(0x000000dfbac00000,0x000000dfbad00000) (1024K)]
  0x00000224609e1060 JavaThread "Common-Cleaner"             daemon [_thread_blocked, id=11772, stack(0x000000dfbad00000,0x000000dfbae00000) (1024K)]
  0x0000022460afa8d0 JavaThread "Notification Thread"        daemon [_thread_blocked, id=12400, stack(0x000000dfbae00000,0x000000dfbaf00000) (1024K)]
  0x00000224652d14a0 JavaThread "Active Thread: Equinox Container: e9757609-fe36-4310-88ca-3fe418189432"        [_thread_blocked, id=15740, stack(0x000000dfbb300000,0x000000dfbb400000) (1024K)]
  0x00000224653dc160 JavaThread "Refresh Thread: Equinox Container: e9757609-fe36-4310-88ca-3fe418189432" daemon [_thread_blocked, id=10436, stack(0x000000dfbb400000,0x000000dfbb500000) (1024K)]
  0x00000224653dbad0 JavaThread "Framework Event Dispatcher: Equinox Container: e9757609-fe36-4310-88ca-3fe418189432" daemon [_thread_blocked, id=11508, stack(0x000000dfbb500000,0x000000dfbb600000) (1024K)]
  0x00000224653dadb0 JavaThread "Start Level: Equinox Container: e9757609-fe36-4310-88ca-3fe418189432" daemon [_thread_in_vm, id=14652, stack(0x000000dfbaf00000,0x000000dfbb000000) (1024K)]
  0x00000224653dc7f0 JavaThread "Bundle File Closer"         daemon [_thread_blocked, id=11676, stack(0x000000dfbb700000,0x000000dfbb800000) (1024K)]
  0x00000224653dce80 JavaThread "SCR Component Actor"        daemon [_thread_blocked, id=2536, stack(0x000000dfbb800000,0x000000dfbb900000) (1024K)]
  0x00000224653d9a00 JavaThread "Worker-JM"                         [_thread_blocked, id=19100, stack(0x000000dfbb600000,0x000000dfbb700000) (1024K)]
  0x00000224653da720 JavaThread "JNA Cleaner"                daemon [_thread_blocked, id=2184, stack(0x000000dfbba00000,0x000000dfbbb00000) (1024K)]
  0x00000224653da090 JavaThread "Worker-0: Repository registry initialization"        [_thread_blocked, id=14580, stack(0x000000dfbbb00000,0x000000dfbbc00000) (1024K)]
  0x00000224653db440 JavaThread "Worker-1: Updating Maven Dependencies"        [_thread_in_vm, id=10372, stack(0x000000dfbbc00000,0x000000dfbbd00000) (1024K)]
  0x0000022467ab5a10 JavaThread "Java indexing"              daemon [_thread_blocked, id=12876, stack(0x000000dfbbd00000,0x000000dfbbe00000) (1024K)]
  0x0000022467ab3fd0 JavaThread "Worker-2"                          [_thread_blocked, id=14516, stack(0x000000dfbbe00000,0x000000dfbbf00000) (1024K)]
  0x0000022467ab32b0 JavaThread "Worker-3"                          [_thread_blocked, id=13640, stack(0x000000dfbbf00000,0x000000dfbc000000) (1024K)]
  0x00000224672405d0 JavaThread "C2 CompilerThread1"         daemon [_thread_blocked, id=12624, stack(0x000000dfbb900000,0x000000dfbba00000) (1024K)]
Total: 25

Other Threads:
  0x000002240832c480 VMThread "VM Thread"                           [id=416, stack(0x000000dfba400000,0x000000dfba500000) (1024K)]
  0x00000224082df5c0 WatcherThread "VM Periodic Task Thread"        [id=2744, stack(0x000000dfba300000,0x000000dfba400000) (1024K)]
  0x000002240828ff10 WorkerThread "GC Thread#0"                     [id=17160, stack(0x000000dfba200000,0x000000dfba300000) (1024K)]
  0x00000224652e6590 WorkerThread "GC Thread#1"                     [id=10296, stack(0x000000dfbb000000,0x000000dfbb100000) (1024K)]
  0x0000022465190a40 WorkerThread "GC Thread#2"                     [id=14264, stack(0x000000dfbb100000,0x000000dfbb200000) (1024K)]
  0x00000224654c3290 WorkerThread "GC Thread#3"                     [id=9484, stack(0x000000dfbb200000,0x000000dfbb300000) (1024K)]
Total: 6

Threads with active compile tasks:
C2 CompilerThread0  9092 4038       4       org.eclipse.osgi.internal.serviceregistry.ServiceRegistry::notifyHooksPrivileged (57 bytes)
Total: 1

VM state: not at safepoint (normal execution)

VM Mutex/Monitor currently owned by a thread:  ([mutex/lock_event])
[0x00007ff8e465b4f0] Metaspace_lock - owner thread: 0x00000224653dadb0

Heap address: 0x0000000080000000, size: 2048 MB, Compressed Oops mode: 32-bit

CDS archive(s) mapped at: [0x000002241f000000-0x000002241fba0000-0x000002241fba0000), size 12189696, SharedBaseAddress: 0x000002241f000000, ArchiveRelocationMode: 1.
Compressed class space mapped at: 0x0000022420000000-0x0000022460000000, reserved size: 1073741824
Narrow klass base: 0x000002241f000000, Narrow klass shift: 0, Narrow klass range: 0x100000000

GC Precious Log:
 CardTable entry size: 512
 CPUs: 4 total, 4 available
 Memory: 16337M
 Large Page Support: Disabled
 NUMA Support: Disabled
 Compressed Oops: Enabled (32-bit)
 Alignments: Space 512K, Generation 512K, Heap 2M
 Heap Min Capacity: 100M
 Heap Initial Capacity: 100M
 Heap Max Capacity: 2G
 Pre-touch: Disabled
 Parallel Workers: 4

Heap:
 PSYoungGen      total 24576K, used 6844K [0x00000000d5580000, 0x00000000d7400000, 0x0000000100000000)
  eden space 23040K, 23% used [0x00000000d5580000,0x00000000d5ab3510,0x00000000d6c00000)
  from space 1536K, 98% used [0x00000000d7280000,0x00000000d73fbdf0,0x00000000d7400000)
  to   space 3584K, 0% used [0x00000000d6d00000,0x00000000d6d00000,0x00000000d7080000)
 ParOldGen       total 68608K, used 15148K [0x0000000080000000, 0x0000000084300000, 0x00000000d5580000)
  object space 68608K, 22% used [0x0000000080000000,0x0000000080ecb100,0x0000000084300000)
 Metaspace       used 29324K, committed 30336K, reserved 1114112K
  class space    used 2881K, committed 3328K, reserved 1048576K

Card table byte_map: [0x0000022407c20000,0x0000022408030000] _byte_map_base: 0x0000022407820000

Marking Bits: (ParMarkBitMap*) 0x00007ff8e4662460
 Begin Bits: [0x000002241a730000, 0x000002241c730000)
 End Bits:   [0x000002241c730000, 0x000002241e730000)

Polling page: 0x0000022406030000

Metaspace:

Usage:
  Non-class:     25.82 MB used.
      Class:      2.81 MB used.
       Both:     28.64 MB used.

Virtual space:
  Non-class space:       64.00 MB reserved,      26.38 MB ( 41%) committed,  1 nodes.
      Class space:        1.00 GB reserved,       3.25 MB ( <1%) committed,  1 nodes.
             Both:        1.06 GB reserved,      29.62 MB (  3%) committed. 

Chunk freelists:
   Non-Class:  4.67 MB
       Class:  12.61 MB
        Both:  17.28 MB

MaxMetaspaceSize: unlimited
CompressedClassSpaceSize: 1.00 GB
Initial GC threshold: 21.00 MB
Current GC threshold: 35.00 MB
CDS: on
 - commit_granule_bytes: 65536.
 - commit_granule_words: 8192.
 - virtual_space_node_default_size: 8388608.
 - enlarge_chunks_in_place: 1.
 - use_allocation_guard: 0.


Internal statistics:

num_allocs_failed_limit: 3.
num_arena_births: 726.
num_arena_deaths: 14.
num_vsnodes_births: 2.
num_vsnodes_deaths: 0.
num_space_committed: 474.
num_space_uncommitted: 0.
num_chunks_returned_to_freelist: 17.
num_chunks_taken_from_freelist: 1905.
num_chunk_merges: 8.
num_chunk_splits: 1233.
num_chunks_enlarged: 768.
num_inconsistent_stats: 0.

CodeHeap 'non-profiled nmethods': size=120000Kb used=1946Kb max_used=1946Kb free=118053Kb
 bounds [0x0000022412f50000, 0x00000224131c0000, 0x000002241a480000]
CodeHeap 'profiled nmethods': size=120000Kb used=8595Kb max_used=8595Kb free=111404Kb
 bounds [0x000002240b480000, 0x000002240bcf0000, 0x00000224129b0000]
CodeHeap 'non-nmethods': size=5760Kb used=1339Kb max_used=1374Kb free=4420Kb
 bounds [0x00000224129b0000, 0x0000022412c20000, 0x0000022412f50000]
CodeCache: size=245760Kb, used=11880Kb, max_used=11915Kb, free=233877Kb
 total_blobs=4754, nmethods=4122, adapters=538, full_count=0
Compilation: enabled, stopped_count=0, restarted_count=0

Compilation events (20 events):
Event: 9.027 Thread 0x0000022408196b30 4115       3       com.sun.org.apache.xerces.internal.dom.NodeImpl::isNormalized (17 bytes)
Event: 9.027 Thread 0x0000022408196b30 nmethod 4115 0x000002240bce2d10 code [0x000002240bce2ea0, 0x000002240bce3008]
Event: 9.027 Thread 0x0000022408196b30 4116       3       com.sun.org.apache.xerces.internal.dom.NodeImpl::needsSyncChildren (15 bytes)
Event: 9.028 Thread 0x0000022408196b30 nmethod 4116 0x000002240bce3090 code [0x000002240bce3220, 0x000002240bce3388]
Event: 9.028 Thread 0x0000022408196b30 4117       1       com.sun.org.apache.xerces.internal.dom.AttrImpl::getNodeType (2 bytes)
Event: 9.028 Thread 0x0000022408196b30 nmethod 4117 0x0000022413130e10 code [0x0000022413130fa0, 0x0000022413131068]
Event: 9.028 Thread 0x0000022408196b30 4118       3       jdk.internal.org.objectweb.asm.MethodVisitor::visitInsn (16 bytes)
Event: 9.028 Thread 0x0000022408196b30 nmethod 4118 0x000002240bce3410 code [0x000002240bce35c0, 0x000002240bce37c8]
Event: 9.029 Thread 0x00000224672405d0 nmethod 4066 0x0000022413131110 code [0x0000022413131380, 0x0000022413132200]
Event: 9.029 Thread 0x00000224672405d0 4055       4       jdk.internal.org.objectweb.asm.SymbolTable::addConstantUtf8Reference (101 bytes)
Event: 9.066 Thread 0x0000022408196b30 4119       1       jdk.xml.internal.XMLSecurityManager$Limit::systemProperty (5 bytes)
Event: 9.066 Thread 0x0000022408196b30 nmethod 4119 0x0000022413132e10 code [0x0000022413132fa0, 0x0000022413133068]
Event: 9.067 Thread 0x0000022408196b30 4120       3       java.lang.invoke.TypeConvertingMethodAdapter::<init> (8 bytes)
Event: 9.067 Thread 0x0000022408196b30 nmethod 4120 0x000002240bce3890 code [0x000002240bce3a40, 0x000002240bce3b88]
Event: 9.068 Thread 0x0000022408196b30 4121       3       jdk.internal.org.objectweb.asm.MethodVisitor::visitCode (15 bytes)
Event: 9.068 Thread 0x0000022408196b30 nmethod 4121 0x000002240bce3c10 code [0x000002240bce3dc0, 0x000002240bce3fc8]
Event: 9.069 Thread 0x0000022408196b30 4122       3       jdk.internal.org.objectweb.asm.MethodVisitor::visitMethodInsn (80 bytes)
Event: 9.069 Thread 0x0000022408196b30 nmethod 4122 0x000002240bce4090 code [0x000002240bce4280, 0x000002240bce4728]
Event: 9.069 Thread 0x0000022408196b30 4123       3       jdk.internal.org.objectweb.asm.MethodVisitor::visitMaxs (17 bytes)
Event: 9.069 Thread 0x0000022408196b30 nmethod 4123 0x000002240bce4890 code [0x000002240bce4a40, 0x000002240bce4c48]

GC Heap History (20 events):
Event: 2.686 GC heap before
{Heap before GC invocations=2 (full 0):
 PSYoungGen      total 29696K, used 28850K [0x00000000d5580000, 0x00000000d7680000, 0x0000000100000000)
  eden space 25600K, 99% used [0x00000000d5580000,0x00000000d6e788b8,0x00000000d6e80000)
  from space 4096K, 80% used [0x00000000d6e80000,0x00000000d71b4148,0x00000000d7280000)
  to   space 4096K, 0% used [0x00000000d7280000,0x00000000d7280000,0x00000000d7680000)
 ParOldGen       total 68608K, used 0K [0x0000000080000000, 0x0000000084300000, 0x00000000d5580000)
  object space 68608K, 0% used [0x0000000080000000,0x0000000080000000,0x0000000084300000)
 Metaspace       used 8034K, committed 8320K, reserved 1114112K
  class space    used 841K, committed 960K, reserved 1048576K
}
Event: 2.691 GC heap after
{Heap after GC invocations=2 (full 0):
 PSYoungGen      total 29696K, used 4068K [0x00000000d5580000, 0x00000000d7680000, 0x0000000100000000)
  eden space 25600K, 0% used [0x00000000d5580000,0x00000000d5580000,0x00000000d6e80000)
  from space 4096K, 99% used [0x00000000d7280000,0x00000000d76791e8,0x00000000d7680000)
  to   space 4096K, 0% used [0x00000000d6e80000,0x00000000d6e80000,0x00000000d7280000)
 ParOldGen       total 68608K, used 1753K [0x0000000080000000, 0x0000000084300000, 0x00000000d5580000)
  object space 68608K, 2% used [0x0000000080000000,0x00000000801b66d8,0x0000000084300000)
 Metaspace       used 8034K, committed 8320K, reserved 1114112K
  class space    used 841K, committed 960K, reserved 1048576K
}
Event: 3.370 GC heap before
{Heap before GC invocations=3 (full 0):
 PSYoungGen      total 29696K, used 29668K [0x00000000d5580000, 0x00000000d7680000, 0x0000000100000000)
  eden space 25600K, 100% used [0x00000000d5580000,0x00000000d6e80000,0x00000000d6e80000)
  from space 4096K, 99% used [0x00000000d7280000,0x00000000d76791e8,0x00000000d7680000)
  to   space 4096K, 0% used [0x00000000d6e80000,0x00000000d6e80000,0x00000000d7280000)
 ParOldGen       total 68608K, used 1753K [0x0000000080000000, 0x0000000084300000, 0x00000000d5580000)
  object space 68608K, 2% used [0x0000000080000000,0x00000000801b66d8,0x0000000084300000)
 Metaspace       used 9410K, committed 9728K, reserved 1114112K
  class space    used 1003K, committed 1152K, reserved 1048576K
}
Event: 3.375 GC heap after
{Heap after GC invocations=3 (full 0):
 PSYoungGen      total 29696K, used 4065K [0x00000000d5580000, 0x00000000d7680000, 0x0000000100000000)
  eden space 25600K, 0% used [0x00000000d5580000,0x00000000d5580000,0x00000000d6e80000)
  from space 4096K, 99% used [0x00000000d6e80000,0x00000000d7278418,0x00000000d7280000)
  to   space 4096K, 0% used [0x00000000d7280000,0x00000000d7280000,0x00000000d7680000)
 ParOldGen       total 68608K, used 5211K [0x0000000080000000, 0x0000000084300000, 0x00000000d5580000)
  object space 68608K, 7% used [0x0000000080000000,0x0000000080516cb0,0x0000000084300000)
 Metaspace       used 9410K, committed 9728K, reserved 1114112K
  class space    used 1003K, committed 1152K, reserved 1048576K
}
Event: 4.062 GC heap before
{Heap before GC invocations=4 (full 0):
 PSYoungGen      total 29696K, used 29665K [0x00000000d5580000, 0x00000000d7680000, 0x0000000100000000)
  eden space 25600K, 100% used [0x00000000d5580000,0x00000000d6e80000,0x00000000d6e80000)
  from space 4096K, 99% used [0x00000000d6e80000,0x00000000d7278418,0x00000000d7280000)
  to   space 4096K, 0% used [0x00000000d7280000,0x00000000d7280000,0x00000000d7680000)
 ParOldGen       total 68608K, used 5211K [0x0000000080000000, 0x0000000084300000, 0x00000000d5580000)
  object space 68608K, 7% used [0x0000000080000000,0x0000000080516cb0,0x0000000084300000)
 Metaspace       used 12225K, committed 12608K, reserved 1114112K
  class space    used 1305K, committed 1472K, reserved 1048576K
}
Event: 4.065 GC heap after
{Heap after GC invocations=4 (full 0):
 PSYoungGen      total 29696K, used 4090K [0x00000000d5580000, 0x00000000d7680000, 0x0000000100000000)
  eden space 25600K, 0% used [0x00000000d5580000,0x00000000d5580000,0x00000000d6e80000)
  from space 4096K, 99% used [0x00000000d7280000,0x00000000d767eb48,0x00000000d7680000)
  to   space 4096K, 0% used [0x00000000d6e80000,0x00000000d6e80000,0x00000000d7280000)
 ParOldGen       total 68608K, used 6369K [0x0000000080000000, 0x0000000084300000, 0x00000000d5580000)
  object space 68608K, 9% used [0x0000000080000000,0x0000000080638798,0x0000000084300000)
 Metaspace       used 12225K, committed 12608K, reserved 1114112K
  class space    used 1305K, committed 1472K, reserved 1048576K
}
Event: 5.141 GC heap before
{Heap before GC invocations=5 (full 0):
 PSYoungGen      total 29696K, used 29690K [0x00000000d5580000, 0x00000000d7680000, 0x0000000100000000)
  eden space 25600K, 100% used [0x00000000d5580000,0x00000000d6e80000,0x00000000d6e80000)
  from space 4096K, 99% used [0x00000000d7280000,0x00000000d767eb48,0x00000000d7680000)
  to   space 4096K, 0% used [0x00000000d6e80000,0x00000000d6e80000,0x00000000d7280000)
 ParOldGen       total 68608K, used 6369K [0x0000000080000000, 0x0000000084300000, 0x00000000d5580000)
  object space 68608K, 9% used [0x0000000080000000,0x0000000080638798,0x0000000084300000)
 Metaspace       used 16060K, committed 16704K, reserved 1114112K
  class space    used 1668K, committed 1920K, reserved 1048576K
}
Event: 5.146 GC heap after
{Heap after GC invocations=5 (full 0):
 PSYoungGen      total 29184K, used 4079K [0x00000000d5580000, 0x00000000d7b00000, 0x0000000100000000)
  eden space 25088K, 0% used [0x00000000d5580000,0x00000000d5580000,0x00000000d6e00000)
  from space 4096K, 99% used [0x00000000d6e80000,0x00000000d727bec8,0x00000000d7280000)
  to   space 6656K, 0% used [0x00000000d7480000,0x00000000d7480000,0x00000000d7b00000)
 ParOldGen       total 68608K, used 8490K [0x0000000080000000, 0x0000000084300000, 0x00000000d5580000)
  object space 68608K, 12% used [0x0000000080000000,0x000000008084aab0,0x0000000084300000)
 Metaspace       used 16060K, committed 16704K, reserved 1114112K
  class space    used 1668K, committed 1920K, reserved 1048576K
}
Event: 5.963 GC heap before
{Heap before GC invocations=6 (full 0):
 PSYoungGen      total 29184K, used 29167K [0x00000000d5580000, 0x00000000d7b00000, 0x0000000100000000)
  eden space 25088K, 100% used [0x00000000d5580000,0x00000000d6e00000,0x00000000d6e00000)
  from space 4096K, 99% used [0x00000000d6e80000,0x00000000d727bec8,0x00000000d7280000)
  to   space 6656K, 0% used [0x00000000d7480000,0x00000000d7480000,0x00000000d7b00000)
 ParOldGen       total 68608K, used 8490K [0x0000000080000000, 0x0000000084300000, 0x00000000d5580000)
  object space 68608K, 12% used [0x0000000080000000,0x000000008084aab0,0x0000000084300000)
 Metaspace       used 19016K, committed 19776K, reserved 1114112K
  class space    used 2002K, committed 2304K, reserved 1048576K
}
Event: 5.967 GC heap after
{Heap after GC invocations=6 (full 0):
 PSYoungGen      total 29184K, used 4444K [0x00000000d5580000, 0x00000000d7900000, 0x0000000100000000)
  eden space 24576K, 0% used [0x00000000d5580000,0x00000000d5580000,0x00000000d6d80000)
  from space 4608K, 96% used [0x00000000d7480000,0x00000000d78d7388,0x00000000d7900000)
  to   space 5120K, 0% used [0x00000000d6f00000,0x00000000d6f00000,0x00000000d7400000)
 ParOldGen       total 68608K, used 8498K [0x0000000080000000, 0x0000000084300000, 0x00000000d5580000)
  object space 68608K, 12% used [0x0000000080000000,0x000000008084cab0,0x0000000084300000)
 Metaspace       used 19016K, committed 19776K, reserved 1114112K
  class space    used 2002K, committed 2304K, reserved 1048576K
}
Event: 6.308 GC heap before
{Heap before GC invocations=7 (full 0):
 PSYoungGen      total 29184K, used 21368K [0x00000000d5580000, 0x00000000d7900000, 0x0000000100000000)
  eden space 24576K, 68% used [0x00000000d5580000,0x00000000d6606db0,0x00000000d6d80000)
  from space 4608K, 96% used [0x00000000d7480000,0x00000000d78d7388,0x00000000d7900000)
  to   space 5120K, 0% used [0x00000000d6f00000,0x00000000d6f00000,0x00000000d7400000)
 ParOldGen       total 68608K, used 8498K [0x0000000080000000, 0x0000000084300000, 0x00000000d5580000)
  object space 68608K, 12% used [0x0000000080000000,0x000000008084cab0,0x0000000084300000)
 Metaspace       used 20705K, committed 21504K, reserved 1114112K
  class space    used 2190K, committed 2560K, reserved 1048576K
}
Event: 6.313 GC heap after
{Heap after GC invocations=7 (full 0):
 PSYoungGen      total 29184K, used 4201K [0x00000000d5580000, 0x00000000d7680000, 0x0000000100000000)
  eden space 24576K, 0% used [0x00000000d5580000,0x00000000d5580000,0x00000000d6d80000)
  from space 4608K, 91% used [0x00000000d6f00000,0x00000000d731a498,0x00000000d7380000)
  to   space 3072K, 0% used [0x00000000d7380000,0x00000000d7380000,0x00000000d7680000)
 ParOldGen       total 68608K, used 9796K [0x0000000080000000, 0x0000000084300000, 0x00000000d5580000)
  object space 68608K, 14% used [0x0000000080000000,0x0000000080991358,0x0000000084300000)
 Metaspace       used 20705K, committed 21504K, reserved 1114112K
  class space    used 2190K, committed 2560K, reserved 1048576K
}
Event: 6.313 GC heap before
{Heap before GC invocations=8 (full 1):
 PSYoungGen      total 29184K, used 4201K [0x00000000d5580000, 0x00000000d7680000, 0x0000000100000000)
  eden space 24576K, 0% used [0x00000000d5580000,0x00000000d5580000,0x00000000d6d80000)
  from space 4608K, 91% used [0x00000000d6f00000,0x00000000d731a498,0x00000000d7380000)
  to   space 3072K, 0% used [0x00000000d7380000,0x00000000d7380000,0x00000000d7680000)
 ParOldGen       total 68608K, used 9796K [0x0000000080000000, 0x0000000084300000, 0x00000000d5580000)
  object space 68608K, 14% used [0x0000000080000000,0x0000000080991358,0x0000000084300000)
 Metaspace       used 20705K, committed 21504K, reserved 1114112K
  class space    used 2190K, committed 2560K, reserved 1048576K
}
Event: 6.351 GC heap after
{Heap after GC invocations=8 (full 1):
 PSYoungGen      total 29184K, used 0K [0x00000000d5580000, 0x00000000d7680000, 0x0000000100000000)
  eden space 24576K, 0% used [0x00000000d5580000,0x00000000d5580000,0x00000000d6d80000)
  from space 4608K, 0% used [0x00000000d6f00000,0x00000000d6f00000,0x00000000d7380000)
  to   space 3072K, 0% used [0x00000000d7380000,0x00000000d7380000,0x00000000d7680000)
 ParOldGen       total 68608K, used 13294K [0x0000000080000000, 0x0000000084300000, 0x00000000d5580000)
  object space 68608K, 19% used [0x0000000080000000,0x0000000080cfb8a8,0x0000000084300000)
 Metaspace       used 20692K, committed 21504K, reserved 1114112K
  class space    used 2187K, committed 2560K, reserved 1048576K
}
Event: 6.585 GC heap before
{Heap before GC invocations=9 (full 1):
 PSYoungGen      total 29184K, used 24477K [0x00000000d5580000, 0x00000000d7680000, 0x0000000100000000)
  eden space 24576K, 99% used [0x00000000d5580000,0x00000000d6d674f0,0x00000000d6d80000)
  from space 4608K, 0% used [0x00000000d6f00000,0x00000000d6f00000,0x00000000d7380000)
  to   space 3072K, 0% used [0x00000000d7380000,0x00000000d7380000,0x00000000d7680000)
 ParOldGen       total 68608K, used 13294K [0x0000000080000000, 0x0000000084300000, 0x00000000d5580000)
  object space 68608K, 19% used [0x0000000080000000,0x0000000080cfb8a8,0x0000000084300000)
 Metaspace       used 23250K, committed 24064K, reserved 1114112K
  class space    used 2354K, committed 2752K, reserved 1048576K
}
Event: 6.586 GC heap after
{Heap after GC invocations=9 (full 1):
 PSYoungGen      total 25088K, used 705K [0x00000000d5580000, 0x00000000d7480000, 0x0000000100000000)
  eden space 24064K, 0% used [0x00000000d5580000,0x00000000d5580000,0x00000000d6d00000)
  from space 1024K, 68% used [0x00000000d7380000,0x00000000d7430660,0x00000000d7480000)
  to   space 2048K, 0% used [0x00000000d7080000,0x00000000d7080000,0x00000000d7280000)
 ParOldGen       total 68608K, used 13294K [0x0000000080000000, 0x0000000084300000, 0x00000000d5580000)
  object space 68608K, 19% used [0x0000000080000000,0x0000000080cfb8a8,0x0000000084300000)
 Metaspace       used 23250K, committed 24064K, reserved 1114112K
  class space    used 2354K, committed 2752K, reserved 1048576K
}
Event: 6.803 GC heap before
{Heap before GC invocations=10 (full 1):
 PSYoungGen      total 25088K, used 24769K [0x00000000d5580000, 0x00000000d7480000, 0x0000000100000000)
  eden space 24064K, 100% used [0x00000000d5580000,0x00000000d6d00000,0x00000000d6d00000)
  from space 1024K, 68% used [0x00000000d7380000,0x00000000d7430660,0x00000000d7480000)
  to   space 2048K, 0% used [0x00000000d7080000,0x00000000d7080000,0x00000000d7280000)
 ParOldGen       total 68608K, used 13294K [0x0000000080000000, 0x0000000084300000, 0x00000000d5580000)
  object space 68608K, 19% used [0x0000000080000000,0x0000000080cfb8a8,0x0000000084300000)
 Metaspace       used 26444K, committed 27328K, reserved 1114112K
  class space    used 2598K, committed 3008K, reserved 1048576K
}
Event: 6.805 GC heap after
{Heap after GC invocations=10 (full 1):
 PSYoungGen      total 25600K, used 2046K [0x00000000d5580000, 0x00000000d7400000, 0x0000000100000000)
  eden space 23552K, 0% used [0x00000000d5580000,0x00000000d5580000,0x00000000d6c80000)
  from space 2048K, 99% used [0x00000000d7080000,0x00000000d727fb68,0x00000000d7280000)
  to   space 1536K, 0% used [0x00000000d7280000,0x00000000d7280000,0x00000000d7400000)
 ParOldGen       total 68608K, used 13655K [0x0000000080000000, 0x0000000084300000, 0x00000000d5580000)
  object space 68608K, 19% used [0x0000000080000000,0x0000000080d55c30,0x0000000084300000)
 Metaspace       used 26444K, committed 27328K, reserved 1114112K
  class space    used 2598K, committed 3008K, reserved 1048576K
}
Event: 8.988 GC heap before
{Heap before GC invocations=11 (full 1):
 PSYoungGen      total 25600K, used 25598K [0x00000000d5580000, 0x00000000d7400000, 0x0000000100000000)
  eden space 23552K, 100% used [0x00000000d5580000,0x00000000d6c80000,0x00000000d6c80000)
  from space 2048K, 99% used [0x00000000d7080000,0x00000000d727fb68,0x00000000d7280000)
  to   space 1536K, 0% used [0x00000000d7280000,0x00000000d7280000,0x00000000d7400000)
 ParOldGen       total 68608K, used 13655K [0x0000000080000000, 0x0000000084300000, 0x00000000d5580000)
  object space 68608K, 19% used [0x0000000080000000,0x0000000080d55c30,0x0000000084300000)
 Metaspace       used 28475K, committed 29504K, reserved 1114112K
  class space    used 2785K, committed 3200K, reserved 1048576K
}
Event: 8.991 GC heap after
{Heap after GC invocations=11 (full 1):
 PSYoungGen      total 24576K, used 1519K [0x00000000d5580000, 0x00000000d7400000, 0x0000000100000000)
  eden space 23040K, 0% used [0x00000000d5580000,0x00000000d5580000,0x00000000d6c00000)
  from space 1536K, 98% used [0x00000000d7280000,0x00000000d73fbdf0,0x00000000d7400000)
  to   space 3584K, 0% used [0x00000000d6d00000,0x00000000d6d00000,0x00000000d7080000)
 ParOldGen       total 68608K, used 15148K [0x0000000080000000, 0x0000000084300000, 0x00000000d5580000)
  object space 68608K, 22% used [0x0000000080000000,0x0000000080ecb100,0x0000000084300000)
 Metaspace       used 28475K, committed 29504K, reserved 1114112K
  class space    used 2785K, committed 3200K, reserved 1048576K
}

Dll operation events (10 events):
Event: 0.010 Loaded shared library c:\Users\Admin\.antigravity\extensions\redhat.java-1.50.0-win32-x64\jre\21.0.9-win32-x86_64\bin\java.dll
Event: 0.143 Loaded shared library c:\Users\Admin\.antigravity\extensions\redhat.java-1.50.0-win32-x64\jre\21.0.9-win32-x86_64\bin\zip.dll
Event: 0.176 Loaded shared library C:\Users\Admin\.antigravity\extensions\redhat.java-1.50.0-win32-x64\jre\21.0.9-win32-x86_64\bin\instrument.dll
Event: 0.181 Loaded shared library C:\Users\Admin\.antigravity\extensions\redhat.java-1.50.0-win32-x64\jre\21.0.9-win32-x86_64\bin\net.dll
Event: 0.182 Loaded shared library C:\Users\Admin\.antigravity\extensions\redhat.java-1.50.0-win32-x64\jre\21.0.9-win32-x86_64\bin\nio.dll
Event: 0.186 Loaded shared library C:\Users\Admin\.antigravity\extensions\redhat.java-1.50.0-win32-x64\jre\21.0.9-win32-x86_64\bin\zip.dll
Event: 0.204 Loaded shared library C:\Users\Admin\.antigravity\extensions\redhat.java-1.50.0-win32-x64\jre\21.0.9-win32-x86_64\bin\jimage.dll
Event: 0.326 Loaded shared library c:\Users\Admin\.antigravity\extensions\redhat.java-1.50.0-win32-x64\jre\21.0.9-win32-x86_64\bin\verify.dll
Event: 2.621 Loaded shared library C:\Users\Admin\AppData\Roaming\Antigravity\User\globalStorage\redhat.java\1.50.0\config_win\org.eclipse.equinox.launcher\org.eclipse.equinox.launcher.win32.win32.x86_64_1.2.1400.v20250801-0854\eclipse_11916.dll
Event: 5.274 Loaded shared library C:\Users\Admin\AppData\Local\Temp\jna-63116079\jna13896018533281041027.dll

Deoptimization events (20 events):
Event: 8.996 Thread 0x00000224653db440 Uncommon trap: trap_request=0xffffffde fr.pc=0x00000224131009b8 relative=0x00000000000000f8
Event: 8.996 Thread 0x00000224653db440 Uncommon trap: reason=class_check action=maybe_recompile pc=0x00000224131009b8 method=java.lang.Character.codePointAt(Ljava/lang/CharSequence;I)I @ 2 c2
Event: 8.996 Thread 0x00000224653db440 DEOPT PACKING pc=0x00000224131009b8 sp=0x000000dfbbcfe440
Event: 8.996 Thread 0x00000224653db440 DEOPT UNPACKING pc=0x0000022412a03aa2 sp=0x000000dfbbcfe3c8 mode 2
Event: 8.996 Thread 0x00000224653db440 Uncommon trap: trap_request=0xffffffde fr.pc=0x00000224131009b8 relative=0x00000000000000f8
Event: 8.996 Thread 0x00000224653db440 Uncommon trap: reason=class_check action=maybe_recompile pc=0x00000224131009b8 method=java.lang.Character.codePointAt(Ljava/lang/CharSequence;I)I @ 2 c2
Event: 8.996 Thread 0x00000224653db440 DEOPT PACKING pc=0x00000224131009b8 sp=0x000000dfbbcfe440
Event: 8.996 Thread 0x00000224653db440 DEOPT UNPACKING pc=0x0000022412a03aa2 sp=0x000000dfbbcfe3c8 mode 2
Event: 8.996 Thread 0x00000224653db440 Uncommon trap: trap_request=0xffffffde fr.pc=0x00000224131009b8 relative=0x00000000000000f8
Event: 8.996 Thread 0x00000224653db440 Uncommon trap: reason=class_check action=maybe_recompile pc=0x00000224131009b8 method=java.lang.Character.codePointAt(Ljava/lang/CharSequence;I)I @ 2 c2
Event: 8.996 Thread 0x00000224653db440 DEOPT PACKING pc=0x00000224131009b8 sp=0x000000dfbbcfe440
Event: 8.996 Thread 0x00000224653db440 DEOPT UNPACKING pc=0x0000022412a03aa2 sp=0x000000dfbbcfe3c8 mode 2
Event: 8.996 Thread 0x00000224653db440 Uncommon trap: trap_request=0xffffffde fr.pc=0x00000224131009b8 relative=0x00000000000000f8
Event: 8.996 Thread 0x00000224653db440 Uncommon trap: reason=class_check action=maybe_recompile pc=0x00000224131009b8 method=java.lang.Character.codePointAt(Ljava/lang/CharSequence;I)I @ 2 c2
Event: 8.996 Thread 0x00000224653db440 DEOPT PACKING pc=0x00000224131009b8 sp=0x000000dfbbcfe440
Event: 8.996 Thread 0x00000224653db440 DEOPT UNPACKING pc=0x0000022412a03aa2 sp=0x000000dfbbcfe3c8 mode 2
Event: 8.996 Thread 0x00000224653db440 Uncommon trap: trap_request=0xffffff76 fr.pc=0x0000022413086e00 relative=0x0000000000000380
Event: 8.996 Thread 0x00000224653db440 Uncommon trap: reason=predicate action=maybe_recompile pc=0x0000022413086e00 method=java.util.regex.Pattern$BmpCharPropertyGreedy.match(Ljava/util/regex/Matcher;ILjava/lang/CharSequence;)Z @ 12 c2
Event: 8.996 Thread 0x00000224653db440 DEOPT PACKING pc=0x0000022413086e00 sp=0x000000dfbbcfe380
Event: 8.996 Thread 0x00000224653db440 DEOPT UNPACKING pc=0x0000022412a03aa2 sp=0x000000dfbbcfe328 mode 2

Classes loaded (20 events):
Event: 9.064 Loading class javax/xml/catalog/CatalogFeatures
Event: 9.064 Loading class javax/xml/catalog/CatalogFeatures done
Event: 9.064 Loading class javax/xml/catalog/CatalogFeatures$Builder
Event: 9.064 Loading class javax/xml/catalog/CatalogFeatures$Builder done
Event: 9.064 Loading class jdk/xml/internal/JdkXmlFeatures
Event: 9.065 Loading class jdk/xml/internal/JdkXmlFeatures done
Event: 9.065 Loading class jdk/xml/internal/JdkXmlFeatures$XmlFeature
Event: 9.065 Loading class jdk/xml/internal/JdkXmlFeatures$XmlFeature done
Event: 9.065 Loading class jdk/xml/internal/JdkProperty$ImplPropMap
Event: 9.065 Loading class jdk/xml/internal/JdkProperty$ImplPropMap done
Event: 9.065 Loading class com/sun/org/apache/xalan/internal/utils/XMLSecurityPropertyManager
Event: 9.065 Loading class com/sun/org/apache/xalan/internal/utils/FeaturePropertyBase
Event: 9.065 Loading class com/sun/org/apache/xalan/internal/utils/FeaturePropertyBase done
Event: 9.065 Loading class com/sun/org/apache/xalan/internal/utils/XMLSecurityPropertyManager done
Event: 9.065 Loading class com/sun/org/apache/xalan/internal/utils/FeaturePropertyBase$State
Event: 9.066 Loading class com/sun/org/apache/xalan/internal/utils/FeaturePropertyBase$State done
Event: 9.066 Loading class com/sun/org/apache/xalan/internal/utils/XMLSecurityPropertyManager$Property
Event: 9.066 Loading class com/sun/org/apache/xalan/internal/utils/XMLSecurityPropertyManager$Property done
Event: 9.066 Loading class jdk/xml/internal/JdkProperty
Event: 9.066 Loading class jdk/xml/internal/JdkProperty done

Classes unloaded (7 events):
Event: 6.320 Thread 0x000002240832c480 Unloading class 0x00000224201a5000 'java/lang/invoke/LambdaForm$MH+0x00000224201a5000'
Event: 6.320 Thread 0x000002240832c480 Unloading class 0x00000224201a4c00 'java/lang/invoke/LambdaForm$MH+0x00000224201a4c00'
Event: 6.320 Thread 0x000002240832c480 Unloading class 0x00000224201a4800 'java/lang/invoke/LambdaForm$MH+0x00000224201a4800'
Event: 6.320 Thread 0x000002240832c480 Unloading class 0x00000224201a4400 'java/lang/invoke/LambdaForm$MH+0x00000224201a4400'
Event: 6.320 Thread 0x000002240832c480 Unloading class 0x00000224201a4000 'java/lang/invoke/LambdaForm$BMH+0x00000224201a4000'
Event: 6.320 Thread 0x000002240832c480 Unloading class 0x00000224201a3c00 'java/lang/invoke/LambdaForm$DMH+0x00000224201a3c00'
Event: 6.320 Thread 0x000002240832c480 Unloading class 0x00000224201a2800 'java/lang/invoke/LambdaForm$DMH+0x00000224201a2800'

Classes redefined (0 events):
No events

Internal exceptions (20 events):
Event: 6.687 Thread 0x00000224653dadb0 Implicit null exception at 0x0000022413105875 to 0x0000022413105944
Event: 7.165 Thread 0x00000224653dadb0 Exception <a 'java/lang/ClassNotFoundException'{0x00000000d65ea758}: com/sun/org/apache/xerces/internal/impl/msg/spi/DOMMessagesProvider> (0x00000000d65ea758) 
thrown [s\src\hotspot\share\classfile\systemDictionary.cpp, line 312]
Event: 7.166 Thread 0x00000224653dadb0 Exception <a 'java/lang/ClassNotFoundException'{0x00000000d65fbf10}: com/sun/org/apache/xerces/internal/impl/msg/spi/XMLSerializerMessagesProvider> (0x00000000d65fbf10) 
thrown [s\src\hotspot\share\classfile\systemDictionary.cpp, line 312]
Event: 7.166 Thread 0x00000224653dadb0 Exception <a 'java/lang/ClassNotFoundException'{0x00000000d66091e0}: com/sun/org/apache/xerces/internal/impl/msg/spi/XMLMessagesProvider> (0x00000000d66091e0) 
thrown [s\src\hotspot\share\classfile\systemDictionary.cpp, line 312]
Event: 7.334 Thread 0x00000224653da090 Exception <a 'java/lang/NoSuchMethodError'{0x00000000d68efcd0}: 'java.lang.Object java.lang.invoke.DirectMethodHandle$Holder.invokeStaticInit(java.lang.Object, java.lang.Object, java.lang.Object, java.lang.Object, java.lang.Object, java.lang.Object, java.lang.Object)'> (0x00000000d68efcd0) 
thrown [s\src\hotspot\share\interpreter\linkResolver.cpp, line 773]
Event: 7.335 Thread 0x00000224653db440 Exception <a 'java/lang/NoSuchMethodError'{0x00000000d68fc598}: 'java.lang.Object java.lang.invoke.Invokers$Holder.invoke_MT(java.lang.Object, java.lang.Object, java.lang.Object, java.lang.Object, java.lang.Object, java.lang.Object, java.lang.Object, java.lang.Object, java.lang.Object)'> (0x00000000d68fc598) 
thrown [s\src\hotspot\share\interpreter\linkResolver.cpp, line 773]
Event: 7.336 Thread 0x00000224653da090 Exception <a 'java/lang/NoSuchMethodError'{0x00000000d69084f0}: 'java.lang.Object java.lang.invoke.Invokers$Holder.invoke_MT(java.lang.Object, java.lang.Object, java.lang.Object, java.lang.Object, java.lang.Object, java.lang.Object, java.lang.Object, java.lang.Object, java.lang.Object)'> (0x00000000d69084f0) 
thrown [s\src\hotspot\share\interpreter\linkResolver.cpp, line 773]
Event: 8.947 Thread 0x00000224653db440 Exception <a 'java/lang/NoSuchMethodError'{0x00000000d6b63c20}: 'int java.lang.invoke.DirectMethodHandle$Holder.invokeVirtual(java.lang.Object, java.lang.Object, java.lang.Object)'> (0x00000000d6b63c20) 
thrown [s\src\hotspot\share\interpreter\linkResolver.cpp, line 773]
Event: 8.948 Thread 0x00000224653db440 Exception <a 'java/lang/NoSuchMethodError'{0x00000000d6b67f30}: 'int java.lang.invoke.DirectMethodHandle$Holder.invokeStaticInit(java.lang.Object, int, int)'> (0x00000000d6b67f30) 
thrown [s\src\hotspot\share\interpreter\linkResolver.cpp, line 773]
Event: 8.948 Thread 0x00000224653db440 Exception <a 'java/lang/NoSuchMethodError'{0x00000000d6b6f688}: 'int java.lang.invoke.DirectMethodHandle$Holder.invokeStaticInit(java.lang.Object, long, long)'> (0x00000000d6b6f688) 
thrown [s\src\hotspot\share\interpreter\linkResolver.cpp, line 773]
Event: 8.949 Thread 0x00000224653db440 Exception <a 'java/lang/NoSuchMethodError'{0x00000000d6b765c8}: 'int java.lang.invoke.DirectMethodHandle$Holder.invokeStaticInit(java.lang.Object, float, float)'> (0x00000000d6b765c8) 
thrown [s\src\hotspot\share\interpreter\linkResolver.cpp, line 773]
Event: 8.949 Thread 0x00000224653db440 Exception <a 'java/lang/NoSuchMethodError'{0x00000000d6b7d2a8}: 'int java.lang.invoke.DirectMethodHandle$Holder.invokeStaticInit(java.lang.Object, double, double)'> (0x00000000d6b7d2a8) 
thrown [s\src\hotspot\share\interpreter\linkResolver.cpp, line 773]
Event: 8.949 Thread 0x00000224653db440 Exception <a 'java/lang/NoSuchMethodError'{0x00000000d6b81a90}: 'int java.lang.invoke.DirectMethodHandle$Holder.invokeStatic(java.lang.Object, long)'> (0x00000000d6b81a90) 
thrown [s\src\hotspot\share\interpreter\linkResolver.cpp, line 773]
Event: 8.952 Thread 0x00000224653da090 Exception <a 'java/lang/NoSuchMethodError'{0x00000000d6baf628}: 'int java.lang.invoke.Invokers$Holder.linkToTargetMethod(java.lang.Object, java.lang.Object)'> (0x00000000d6baf628) 
thrown [s\src\hotspot\share\interpreter\linkResolver.cpp, line 773]
Event: 8.952 Thread 0x00000224653db440 Exception <a 'java/lang/NoSuchMethodError'{0x00000000d6bb27e0}: 'int java.lang.invoke.Invokers$Holder.linkToTargetMethod(java.lang.Object, java.lang.Object)'> (0x00000000d6bb27e0) 
thrown [s\src\hotspot\share\interpreter\linkResolver.cpp, line 773]
Event: 8.954 Thread 0x00000224653da090 Exception <a 'java/lang/NoSuchMethodError'{0x00000000d6bc8f78}: 'int java.lang.invoke.DirectMethodHandle$Holder.invokeSpecial(java.lang.Object, java.lang.Object, java.lang.Object, java.lang.Object)'> (0x00000000d6bc8f78) 
thrown [s\src\hotspot\share\interpreter\linkResolver.cpp, line 773]
Event: 8.955 Thread 0x00000224653da090 Exception <a 'java/lang/NoSuchMethodError'{0x00000000d6be3dd0}: 'java.lang.Object java.lang.invoke.DirectMethodHandle$Holder.invokeStatic(java.lang.Object, int, java.lang.Object, java.lang.Object)'> (0x00000000d6be3dd0) 
thrown [s\src\hotspot\share\interpreter\linkResolver.cpp, line 773]
Event: 8.955 Thread 0x00000224653da090 Exception <a 'java/lang/NoSuchMethodError'{0x00000000d6bf67f8}: 'java.lang.Object java.lang.invoke.DelegatingMethodHandle$Holder.delegate(java.lang.Object, int, java.lang.Object, java.lang.Object)'> (0x00000000d6bf67f8) 
thrown [s\src\hotspot\share\interpreter\linkResolver.cpp, line 773]
Event: 8.957 Thread 0x00000224653da090 Exception <a 'java/lang/NoSuchMethodError'{0x00000000d6c143f0}: 'int java.lang.invoke.Invokers$Holder.linkToTargetMethod(java.lang.Object, java.lang.Object, java.lang.Object)'> (0x00000000d6c143f0) 
thrown [s\src\hotspot\share\interpreter\linkResolver.cpp, line 773]
Event: 9.014 Thread 0x00000224653db440 Exception <a 'java/lang/NoSuchMethodError'{0x00000000d57c28c0}: 'java.lang.Object java.lang.invoke.DirectMethodHandle$Holder.invokeSpecialIFC(java.lang.Object, java.lang.Object, java.lang.Object, java.lang.Object)'> (0x00000000d57c28c0) 
thrown [s\src\hotspot\share\interpreter\linkResolver.cpp, line 773]

ZGC Phase Switch (0 events):
No events

VM Operations (20 events):
Event: 5.706 Executing VM operation: HandshakeAllThreads (Deoptimize)
Event: 5.706 Executing VM operation: HandshakeAllThreads (Deoptimize) done
Event: 5.773 Executing VM operation: ICBufferFull
Event: 5.773 Executing VM operation: ICBufferFull done
Event: 5.963 Executing VM operation: ParallelGCFailedAllocation (Allocation Failure)
Event: 5.967 Executing VM operation: ParallelGCFailedAllocation (Allocation Failure) done
Event: 6.308 Executing VM operation: CollectForMetadataAllocation (Metadata GC Threshold)
Event: 6.351 Executing VM operation: CollectForMetadataAllocation (Metadata GC Threshold) done
Event: 6.585 Executing VM operation: ParallelGCFailedAllocation (Allocation Failure)
Event: 6.586 Executing VM operation: ParallelGCFailedAllocation (Allocation Failure) done
Event: 6.803 Executing VM operation: ParallelGCFailedAllocation (Allocation Failure)
Event: 6.805 Executing VM operation: ParallelGCFailedAllocation (Allocation Failure) done
Event: 7.201 Executing VM operation: HandshakeAllThreads (Deoptimize)
Event: 8.910 Executing VM operation: HandshakeAllThreads (Deoptimize) done
Event: 8.910 Executing VM operation: Cleanup
Event: 8.910 Executing VM operation: Cleanup done
Event: 8.957 Executing VM operation: HandshakeAllThreads (Deoptimize)
Event: 8.979 Executing VM operation: HandshakeAllThreads (Deoptimize) done
Event: 8.985 Executing VM operation: ParallelGCFailedAllocation (Allocation Failure)
Event: 8.991 Executing VM operation: ParallelGCFailedAllocation (Allocation Failure) done

Memory protections (0 events):
No events

Nmethod flushes (0 events):
No events

Events (20 events):
Event: 2.617 Thread 0x0000022408272dd0 Thread added: 0x00000224653dc160
Event: 2.791 Thread 0x00000224653dc160 Thread added: 0x00000224653dbad0
Event: 2.811 Thread 0x00000224653bea00 Thread exited: 0x00000224653bea00
Event: 2.813 Thread 0x0000022408272dd0 Thread added: 0x00000224653dadb0
Event: 3.101 Thread 0x0000022408196b30 Thread added: 0x00000224655806c0
Event: 3.406 Thread 0x00000224653dadb0 Thread added: 0x00000224653dc7f0
Event: 3.863 Thread 0x00000224653dadb0 Thread added: 0x00000224653dce80
Event: 4.263 Thread 0x00000224655806c0 Thread exited: 0x00000224655806c0
Event: 4.440 Thread 0x00000224653dadb0 Thread added: 0x00000224653d9a00
Event: 5.024 Thread 0x0000022408196b30 Thread added: 0x0000022465850d20
Event: 5.298 Thread 0x00000224653dadb0 Thread added: 0x00000224653da720
Event: 5.371 Thread 0x00000224653dadb0 Thread added: 0x00000224653da090
Event: 5.416 Thread 0x00000224653dadb0 Thread added: 0x00000224653db440
Event: 6.595 Thread 0x0000022465850d20 Thread exited: 0x0000022465850d20
Event: 6.916 Thread 0x0000022408196b30 Thread added: 0x0000022467128010
Event: 7.188 Thread 0x00000224653dadb0 Thread added: 0x0000022467ab5a10
Event: 7.333 Thread 0x00000224653da090 Thread added: 0x0000022467ab3fd0
Event: 7.559 Thread 0x0000022467ab3fd0 Thread added: 0x0000022467ab32b0
Event: 7.559 Thread 0x0000022467128010 Thread exited: 0x0000022467128010
Event: 9.011 Thread 0x0000022408196b30 Thread added: 0x00000224672405d0


Dynamic libraries:
0x00007ff6b7ab0000 - 0x00007ff6b7abe000 	c:\Users\Admin\.antigravity\extensions\redhat.java-1.50.0-win32-x64\jre\21.0.9-win32-x86_64\bin\java.exe
0x00007ff91ea90000 - 0x00007ff91ec88000 	C:\WINDOWS\SYSTEM32\ntdll.dll
0x00007ff91e2b0000 - 0x00007ff91e372000 	C:\WINDOWS\System32\KERNEL32.DLL
0x00007ff91c1c0000 - 0x00007ff91c4b6000 	C:\WINDOWS\System32\KERNELBASE.dll
0x00007ff91c960000 - 0x00007ff91ca60000 	C:\WINDOWS\System32\ucrtbase.dll
0x00007ff8fadc0000 - 0x00007ff8fadd8000 	c:\Users\Admin\.antigravity\extensions\redhat.java-1.50.0-win32-x64\jre\21.0.9-win32-x86_64\bin\jli.dll
0x00007ff91cfd0000 - 0x00007ff91d171000 	C:\WINDOWS\System32\USER32.dll
0x00007ff91c550000 - 0x00007ff91c572000 	C:\WINDOWS\System32\win32u.dll
0x00007ff91cdd0000 - 0x00007ff91cdfb000 	C:\WINDOWS\System32\GDI32.dll
0x00007ff91c710000 - 0x00007ff91c829000 	C:\WINDOWS\System32\gdi32full.dll
0x00007ff91c120000 - 0x00007ff91c1bd000 	C:\WINDOWS\System32\msvcp_win.dll
0x00007ff8face0000 - 0x00007ff8facfe000 	c:\Users\Admin\.antigravity\extensions\redhat.java-1.50.0-win32-x64\jre\21.0.9-win32-x86_64\bin\VCRUNTIME140.dll
0x00007ff90b970000 - 0x00007ff90bc0b000 	C:\WINDOWS\WinSxS\amd64_microsoft.windows.common-controls_6595b64144ccf1df_6.0.19041.6456_none_60b8a6cb71f64256\COMCTL32.dll
0x00007ff91e540000 - 0x00007ff91e5de000 	C:\WINDOWS\System32\msvcrt.dll
0x00007ff91d180000 - 0x00007ff91d1af000 	C:\WINDOWS\System32\IMM32.DLL
0x00007ff90c240000 - 0x00007ff90c24c000 	c:\Users\Admin\.antigravity\extensions\redhat.java-1.50.0-win32-x64\jre\21.0.9-win32-x86_64\bin\vcruntime140_1.dll
0x00007ff8f8670000 - 0x00007ff8f86fd000 	c:\Users\Admin\.antigravity\extensions\redhat.java-1.50.0-win32-x64\jre\21.0.9-win32-x86_64\bin\msvcp140.dll
0x00007ff8e39a0000 - 0x00007ff8e4740000 	c:\Users\Admin\.antigravity\extensions\redhat.java-1.50.0-win32-x64\jre\21.0.9-win32-x86_64\bin\server\jvm.dll
0x00007ff91d220000 - 0x00007ff91d2d1000 	C:\WINDOWS\System32\ADVAPI32.dll
0x00007ff91d2f0000 - 0x00007ff91d38f000 	C:\WINDOWS\System32\sechost.dll
0x00007ff91df50000 - 0x00007ff91e070000 	C:\WINDOWS\System32\RPCRT4.dll
0x00007ff91c6e0000 - 0x00007ff91c707000 	C:\WINDOWS\System32\bcrypt.dll
0x00007ff91d1b0000 - 0x00007ff91d21b000 	C:\WINDOWS\System32\WS2_32.dll
0x00007ff91b6b0000 - 0x00007ff91b6fb000 	C:\WINDOWS\SYSTEM32\POWRPROF.dll
0x00007ff9129b0000 - 0x00007ff9129d7000 	C:\WINDOWS\SYSTEM32\WINMM.dll
0x00007ff915d60000 - 0x00007ff915d6a000 	C:\WINDOWS\SYSTEM32\VERSION.dll
0x00007ff91b520000 - 0x00007ff91b532000 	C:\WINDOWS\SYSTEM32\UMPDC.dll
0x00007ff919fb0000 - 0x00007ff919fc2000 	C:\WINDOWS\SYSTEM32\kernel.appcore.dll
0x00007ff908ec0000 - 0x00007ff908eca000 	c:\Users\Admin\.antigravity\extensions\redhat.java-1.50.0-win32-x64\jre\21.0.9-win32-x86_64\bin\jimage.dll
0x00007ff916af0000 - 0x00007ff916cf1000 	C:\WINDOWS\SYSTEM32\DBGHELP.DLL
0x00007ff8f9ff0000 - 0x00007ff8fa024000 	C:\WINDOWS\SYSTEM32\dbgcore.DLL
0x00007ff91c4c0000 - 0x00007ff91c542000 	C:\WINDOWS\System32\bcryptPrimitives.dll
0x00007ff8fadb0000 - 0x00007ff8fadbf000 	c:\Users\Admin\.antigravity\extensions\redhat.java-1.50.0-win32-x64\jre\21.0.9-win32-x86_64\bin\instrument.dll
0x00007ff8fac00000 - 0x00007ff8fac20000 	c:\Users\Admin\.antigravity\extensions\redhat.java-1.50.0-win32-x64\jre\21.0.9-win32-x86_64\bin\java.dll
0x00007ff91d400000 - 0x00007ff91db70000 	C:\WINDOWS\System32\SHELL32.dll
0x00007ff91a1b0000 - 0x00007ff91a955000 	C:\WINDOWS\SYSTEM32\windows.storage.dll
0x00007ff91db70000 - 0x00007ff91dec4000 	C:\WINDOWS\System32\combase.dll
0x00007ff91bb50000 - 0x00007ff91bb7b000 	C:\WINDOWS\SYSTEM32\Wldp.dll
0x00007ff91e410000 - 0x00007ff91e4dd000 	C:\WINDOWS\System32\OLEAUT32.dll
0x00007ff91e200000 - 0x00007ff91e2ad000 	C:\WINDOWS\System32\SHCORE.dll
0x00007ff91e4e0000 - 0x00007ff91e53b000 	C:\WINDOWS\System32\shlwapi.dll
0x00007ff91c050000 - 0x00007ff91c074000 	C:\WINDOWS\SYSTEM32\profapi.dll
0x00007ff8fa9d0000 - 0x00007ff8fa9e8000 	c:\Users\Admin\.antigravity\extensions\redhat.java-1.50.0-win32-x64\jre\21.0.9-win32-x86_64\bin\zip.dll
0x00007ff8fa630000 - 0x00007ff8fa640000 	C:\Users\Admin\.antigravity\extensions\redhat.java-1.50.0-win32-x64\jre\21.0.9-win32-x86_64\bin\net.dll
0x00007ff915610000 - 0x00007ff91571a000 	C:\WINDOWS\SYSTEM32\WINHTTP.dll
0x00007ff91b8b0000 - 0x00007ff91b91a000 	C:\WINDOWS\system32\mswsock.dll
0x00007ff8fa590000 - 0x00007ff8fa5a6000 	C:\Users\Admin\.antigravity\extensions\redhat.java-1.50.0-win32-x64\jre\21.0.9-win32-x86_64\bin\nio.dll
0x00007ff8fa620000 - 0x00007ff8fa630000 	c:\Users\Admin\.antigravity\extensions\redhat.java-1.50.0-win32-x64\jre\21.0.9-win32-x86_64\bin\verify.dll
0x00007ff8f4720000 - 0x00007ff8f4764000 	C:\Users\Admin\AppData\Roaming\Antigravity\User\globalStorage\redhat.java\1.50.0\config_win\org.eclipse.equinox.launcher\org.eclipse.equinox.launcher.win32.win32.x86_64_1.2.1400.v20250801-0854\eclipse_11916.dll
0x00007ff91e0d0000 - 0x00007ff91e1fb000 	C:\WINDOWS\System32\ole32.dll
0x00007ff91baa0000 - 0x00007ff91bab8000 	C:\WINDOWS\SYSTEM32\CRYPTSP.dll
0x00007ff91b160000 - 0x00007ff91b198000 	C:\WINDOWS\system32\rsaenh.dll
0x00007ff91c010000 - 0x00007ff91c03e000 	C:\WINDOWS\SYSTEM32\USERENV.dll
0x00007ff91bac0000 - 0x00007ff91bacc000 	C:\WINDOWS\SYSTEM32\CRYPTBASE.dll
0x00007ff91b540000 - 0x00007ff91b57b000 	C:\WINDOWS\SYSTEM32\IPHLPAPI.DLL
0x00007ff91d2e0000 - 0x00007ff91d2e8000 	C:\WINDOWS\System32\NSI.dll
0x00007ff8fa290000 - 0x00007ff8fa2d9000 	C:\Users\Admin\AppData\Local\Temp\jna-63116079\jna13896018533281041027.dll
0x00007ff91d390000 - 0x00007ff91d398000 	C:\WINDOWS\System32\PSAPI.DLL

JVMTI agents:
c:\Users\Admin\.antigravity\extensions\redhat.java-1.50.0-win32-x64\lombok\lombok-1.18.39-4050.jar path:c:\Users\Admin\.antigravity\extensions\redhat.java-1.50.0-win32-x64\jre\21.0.9-win32-x86_64\bin\instrument.dll, loaded, initialized, instrumentlib options:none

dbghelp: loaded successfully - version: 4.0.5 - missing functions: none
symbol engine: initialized successfully - sym options: 0x614 - pdb path: .;c:\Users\Admin\.antigravity\extensions\redhat.java-1.50.0-win32-x64\jre\21.0.9-win32-x86_64\bin;C:\WINDOWS\SYSTEM32;C:\WINDOWS\WinSxS\amd64_microsoft.windows.common-controls_6595b64144ccf1df_6.0.19041.6456_none_60b8a6cb71f64256;c:\Users\Admin\.antigravity\extensions\redhat.java-1.50.0-win32-x64\jre\21.0.9-win32-x86_64\bin\server;C:\Users\Admin\AppData\Roaming\Antigravity\User\globalStorage\redhat.java\1.50.0\config_win\org.eclipse.equinox.launcher\org.eclipse.equinox.launcher.win32.win32.x86_64_1.2.1400.v20250801-0854;C:\Users\Admin\AppData\Local\Temp\jna-63116079

VM Arguments:
jvm_args: --add-modules=ALL-SYSTEM --add-opens=java.base/java.util=ALL-UNNAMED --add-opens=java.base/java.lang=ALL-UNNAMED --add-opens=java.base/sun.nio.fs=ALL-UNNAMED -Declipse.application=org.eclipse.jdt.ls.core.id1 -Dosgi.bundles.defaultStartLevel=4 -Declipse.product=org.eclipse.jdt.ls.core.product -Djava.import.generatesMetadataFilesAtProjectRoot=false -DDetectVMInstallationsJob.disabled=true -Dfile.encoding=utf8 -XX:+UseParallelGC -XX:GCTimeRatio=4 -XX:AdaptiveSizePolicyWeight=90 -Dsun.zip.disableMemoryMapping=true -Xmx2G -Xms100m -Xlog:disable -javaagent:c:\Users\Admin\.antigravity\extensions\redhat.java-1.50.0-win32-x64\lombok\lombok-1.18.39-4050.jar -XX:+HeapDumpOnOutOfMemoryError -XX:HeapDumpPath=c:\Users\Admin\AppData\Roaming\Antigravity\User\workspaceStorage\af1cb1524c391b6bf54d4a5b5d479961\redhat.java -Daether.dependencyCollector.impl=bf 
java_command: c:\Users\Admin\.antigravity\extensions\redhat.java-1.50.0-win32-x64\server\plugins\org.eclipse.equinox.launcher_1.7.100.v20251111-0406.jar -configuration c:\Users\Admin\AppData\Roaming\Antigravity\User\globalStorage\redhat.java\1.50.0\config_win -data c:\Users\Admin\AppData\Roaming\Antigravity\User\workspaceStorage\af1cb1524c391b6bf54d4a5b5d479961\redhat.java\jdt_ws --pipe=\\.\pipe\lsp-3365a3a58f06809311cb1d4b9d7eee30-sock
java_class_path (initial): c:\Users\Admin\.antigravity\extensions\redhat.java-1.50.0-win32-x64\server\plugins\org.eclipse.equinox.launcher_1.7.100.v20251111-0406.jar
Launcher Type: SUN_STANDARD

[Global flags]
    uintx AdaptiveSizePolicyWeight                 = 90                                        {product} {command line}
     intx CICompilerCount                          = 3                                         {product} {ergonomic}
    uintx GCTimeRatio                              = 4                                         {product} {command line}
     bool HeapDumpOnOutOfMemoryError               = true                                   {manageable} {command line}
    ccstr HeapDumpPath                             = c:\Users\Admin\AppData\Roaming\Antigravity\User\workspaceStorage\af1cb1524c391b6bf54d4a5b5d479961\redhat.java         {manageable} {command line}
   size_t InitialHeapSize                          = 104857600                                 {product} {command line}
   size_t MaxHeapSize                              = 2147483648                                {product} {command line}
   size_t MaxNewSize                               = 715653120                                 {product} {ergonomic}
   size_t MinHeapDeltaBytes                        = 524288                                    {product} {ergonomic}
   size_t MinHeapSize                              = 104857600                                 {product} {command line}
   size_t NewSize                                  = 34603008                                  {product} {ergonomic}
    uintx NonNMethodCodeHeapSize                   = 5832780                                {pd product} {ergonomic}
    uintx NonProfiledCodeHeapSize                  = 122912730                              {pd product} {ergonomic}
   size_t OldSize                                  = 70254592                                  {product} {ergonomic}
    uintx ProfiledCodeHeapSize                     = 122912730                              {pd product} {ergonomic}
    uintx ReservedCodeCacheSize                    = 251658240                              {pd product} {ergonomic}
     bool SegmentedCodeCache                       = true                                      {product} {ergonomic}
   size_t SoftMaxHeapSize                          = 2147483648                             {manageable} {ergonomic}
     bool UseCompressedOops                        = true                           {product lp64_product} {ergonomic}
     bool UseLargePagesIndividualAllocation        = false                                  {pd product} {ergonomic}
     bool UseParallelGC                            = true                                      {product} {command line}

Logging:
Log output configuration:
 #0: stdout all=off uptime,level,tags foldmultilines=false
 #1: stderr all=off uptime,level,tags foldmultilines=false

Release file:
JAVA_VERSION="21.0.9" 
MODULES="java.base java.compiler java.datatransfer java.xml java.prefs java.desktop java.instrument java.logging java.management java.security.sasl java.naming java.rmi java.management.rmi java.net.http java.scripting java.security.jgss java.transaction.xa java.sql java.sql.rowset java.xml.crypto java.se java.smartcardio jdk.accessibility jdk.internal.jvmstat jdk.attach jdk.charsets jdk.internal.opt jdk.zipfs jdk.compiler jdk.crypto.ec jdk.crypto.cryptoki jdk.crypto.mscapi jdk.dynalink jdk.internal.ed jdk.editpad jdk.hotspot.agent jdk.httpserver jdk.internal.le jdk.internal.vm.ci jdk.internal.vm.compiler jdk.internal.vm.compiler.management jdk.jartool jdk.javadoc jdk.jcmd jdk.management jdk.management.agent jdk.jconsole jdk.jdeps jdk.jdwp.agent jdk.jdi jdk.jfr jdk.jshell jdk.jsobject jdk.jstatd jdk.localedata jdk.management.jfr jdk.naming.dns jdk.naming.rmi jdk.net jdk.nio.mapmode jdk.random jdk.sctp jdk.security.auth jdk.security.jgss jdk.unsupported jdk.unsupported.desktop jdk.xml.dom" 

Environment Variables:
PATH=C:\Program Files\Common Files\Oracle\Java\javapath;C:\WINDOWS\system32;C:\WINDOWS;C:\WINDOWS\System32\Wbem;C:\WINDOWS\System32\WindowsPowerShell\v1.0\;C:\WINDOWS\System32\OpenSSH\;C:\Program Files\Microsoft SQL Server\150\Tools\Binn\;C:\Program Files\nodejs\;C:\Users\Admin\AppData\Local\Microsoft\WindowsApps;C:\Users\Admin\AppData\Local\Programs\Microsoft VS Code\bin;C:\Users\Admin\AppData\Local\Programs\Antigravity\bin;C:\Users\Admin\AppData\Roaming\npm
USERNAME=Admin
OS=Windows_NT
PROCESSOR_IDENTIFIER=Intel64 Family 6 Model 42 Stepping 7, GenuineIntel
TMP=C:\Users\Admin\AppData\Local\Temp
TEMP=C:\Users\Admin\AppData\Local\Temp




Periodic native trim disabled

---------------  S Y S T E M  ---------------

OS:
 Windows 10 , 64 bit Build 19041 (10.0.19041.5915)
OS uptime: 0 days 10:56 hours

CPU: total 4 (initial active 4) (4 cores per cpu, 1 threads per core) family 6 model 42 stepping 7 microcode 0x2f, cx8, cmov, fxsr, mmx, sse, sse2, sse3, ssse3, sse4.1, sse4.2, popcnt, tsc, tscinvbit, avx, aes, clmul, vzeroupper, clflush, rdtscp
Processor Information for the first 4 processors :
  Max Mhz: 3301, Current Mhz: 3301, Mhz Limit: 3301

Memory: 4k page, system-wide physical 16337M (7587M free)
TotalPageFile size 20433M (AvailPageFile size 3M)
current process WorkingSet (physical memory assigned to process): 170M, peak: 171M
current process commit charge ("private bytes"): 287M, peak: 291M

vm_info: OpenJDK 64-Bit Server VM (21.0.9+10-LTS) for windows-amd64 JRE (21.0.9+10-LTS), built on 2025-10-21T00:00:00Z by "admin" with unknown MS VC++:1942

END.
