#
# There is insufficient memory for the Java Runtime Environment to continue.
# Native memory allocation (malloc) failed to allocate 1642256 bytes. Error detail: Chunk::new
# Possible reasons:
#   The system is out of physical RAM or swap space
#   This process is running with CompressedOops enabled, and the Java Heap may be blocking the growth of the native heap
# Possible solutions:
#   Reduce memory load on the system
#   Increase physical memory or swap space
#   Check if swap backing store is full
#   Decrease Java heap size (-Xmx/-Xms)
#   Decrease number of Java threads
#   Decrease Java thread stack sizes (-Xss)
#   Set larger code cache with -XX:ReservedCodeCacheSize=
#   JVM is running with Unscaled Compressed Oops mode in which the Java heap is
#     placed in the first 4GB address space. The Java Heap base address is the
#     maximum limit for the native heap growth. Please use -XX:HeapBaseMinAddress
#     to set the Java Heap base and to place the Java Heap above 4GB virtual address.
# This output file may be truncated or incomplete.
#
#  Out of Memory Error (arena.cpp:168), pid=18016, tid=19112
#
# JRE version: OpenJDK Runtime Environment Temurin-21.0.9+10 (21.0.9+10) (build 21.0.9+10-LTS)
# Java VM: OpenJDK 64-Bit Server VM Temurin-21.0.9+10 (21.0.9+10-LTS, mixed mode, sharing, tiered, compressed oops, compressed class ptrs, parallel gc, windows-amd64)
# No core dump will be written. Minidumps are not enabled by default on client versions of Windows
#

---------------  S U M M A R Y ------------

Command Line: --add-modules=ALL-SYSTEM --add-opens=java.base/java.util=ALL-UNNAMED --add-opens=java.base/java.lang=ALL-UNNAMED --add-opens=java.base/sun.nio.fs=ALL-UNNAMED -Declipse.application=org.eclipse.jdt.ls.core.id1 -Dosgi.bundles.defaultStartLevel=4 -Declipse.product=org.eclipse.jdt.ls.core.product -Djava.import.generatesMetadataFilesAtProjectRoot=false -DDetectVMInstallationsJob.disabled=true -Dfile.encoding=utf8 -XX:+UseParallelGC -XX:GCTimeRatio=4 -XX:AdaptiveSizePolicyWeight=90 -Dsun.zip.disableMemoryMapping=true -Xmx2G -Xms100m -Xlog:disable -javaagent:c:\Users\Admin\.antigravity\extensions\redhat.java-1.50.0-win32-x64\lombok\lombok-1.18.39-4050.jar -XX:+HeapDumpOnOutOfMemoryError -XX:HeapDumpPath=c:\Users\Admin\AppData\Roaming\Antigravity\User\workspaceStorage\af1cb1524c391b6bf54d4a5b5d479961\redhat.java -Daether.dependencyCollector.impl=bf c:\Users\Admin\.antigravity\extensions\redhat.java-1.50.0-win32-x64\server\plugins\org.eclipse.equinox.launcher_1.7.100.v20251111-0406.jar -configuration c:\Users\Admin\AppData\Roaming\Antigravity\User\globalStorage\redhat.java\1.50.0\config_win -data c:\Users\Admin\AppData\Roaming\Antigravity\User\workspaceStorage\af1cb1524c391b6bf54d4a5b5d479961\redhat.java\jdt_ws --pipe=\\.\pipe\lsp-d7d0f9613ee903487b33844329e64a2b-sock

Host: Intel(R) Core(TM) i5-2500 CPU @ 3.30GHz, 4 cores, 15G,  Windows 10 , 64 bit Build 19041 (10.0.19041.5915)
Time: Thu Dec 18 19:11:21 2025 SE Asia Standard Time elapsed time: 13.417691 seconds (0d 0h 0m 13s)

---------------  T H R E A D  ---------------

Current thread (0x000002a5276ae4f0):  JavaThread "C2 CompilerThread0" daemon [_thread_in_native, id=19112, stack(0x000000f329a00000,0x000000f329b00000) (1024K)]


Current CompileTask:
C2:13417 6209       4       java.lang.invoke.MethodType::makeImpl (109 bytes)

Stack: [0x000000f329a00000,0x000000f329b00000]
Native frames: (J=compiled Java code, j=interpreted, Vv=VM code, C=native code)
V  [jvm.dll+0x6d6e29]
V  [jvm.dll+0x8b4b76]
V  [jvm.dll+0x8b712e]
V  [jvm.dll+0x8b7813]
V  [jvm.dll+0x283d86]
V  [jvm.dll+0xc66ed]
V  [jvm.dll+0xc6c31]
V  [jvm.dll+0x3be501]
V  [jvm.dll+0x38ab92]
V  [jvm.dll+0x389fda]
V  [jvm.dll+0x24bfa0]
V  [jvm.dll+0x24b580]
V  [jvm.dll+0x1cb13e]
V  [jvm.dll+0x25b29d]
V  [jvm.dll+0x25982a]
V  [jvm.dll+0x3f7ea6]
V  [jvm.dll+0x85e9ad]
V  [jvm.dll+0x6d565d]
C  [ucrtbase.dll+0x21bb2]
C  [KERNEL32.DLL+0x17374]
C  [ntdll.dll+0x4cc91]


---------------  P R O C E S S  ---------------

Threads class SMR info:
_java_thread_list=0x000002a56ec0b6a0, length=37, elements={
0x000002a50eb21720, 0x000002a5276a4900, 0x000002a5276a5f40, 0x000002a5276a95c0,
0x000002a5276aa210, 0x000002a5276acc70, 0x000002a5276ad6c0, 0x000002a5276ae4f0,
0x000002a52772c380, 0x000002a5693fdc40, 0x000002a569590230, 0x000002a569d15810,
0x000002a56e0f5be0, 0x000002a569cf7f70, 0x000002a569efe630, 0x000002a56e329680,
0x000002a569e47880, 0x000002a56e704950, 0x000002a56e65aa10, 0x000002a56ea0dc50,
0x000002a56ea0bb80, 0x000002a56ea0c210, 0x000002a56ea0e970, 0x000002a56ea0d5c0,
0x000002a56ea0f000, 0x000002a56ea0c8a0, 0x000002a56ea0cf30, 0x000002a56ea0e2e0,
0x000002a56e4b2b00, 0x000002a56e4b6610, 0x000002a56e4b2470, 0x000002a56e4b7330,
0x000002a56e4b6ca0, 0x000002a56e4b79c0, 0x000002a56e4b10c0, 0x000002a56e4b3820,
0x000002a56e4b4bd0
}

Java Threads: ( => current thread )
  0x000002a50eb21720 JavaThread "main"                              [_thread_blocked, id=16996, stack(0x000000f328f00000,0x000000f329000000) (1024K)]
  0x000002a5276a4900 JavaThread "Reference Handler"          daemon [_thread_blocked, id=17528, stack(0x000000f329400000,0x000000f329500000) (1024K)]
  0x000002a5276a5f40 JavaThread "Finalizer"                  daemon [_thread_blocked, id=6740, stack(0x000000f329500000,0x000000f329600000) (1024K)]
  0x000002a5276a95c0 JavaThread "Signal Dispatcher"          daemon [_thread_blocked, id=5804, stack(0x000000f329600000,0x000000f329700000) (1024K)]
  0x000002a5276aa210 JavaThread "Attach Listener"            daemon [_thread_blocked, id=224, stack(0x000000f329700000,0x000000f329800000) (1024K)]
  0x000002a5276acc70 JavaThread "Service Thread"             daemon [_thread_blocked, id=5104, stack(0x000000f329800000,0x000000f329900000) (1024K)]
  0x000002a5276ad6c0 JavaThread "Monitor Deflation Thread"   daemon [_thread_blocked, id=17148, stack(0x000000f329900000,0x000000f329a00000) (1024K)]
=>0x000002a5276ae4f0 JavaThread "C2 CompilerThread0"         daemon [_thread_in_native, id=19112, stack(0x000000f329a00000,0x000000f329b00000) (1024K)]
  0x000002a52772c380 JavaThread "C1 CompilerThread0"         daemon [_thread_blocked, id=13320, stack(0x000000f329b00000,0x000000f329c00000) (1024K)]
  0x000002a5693fdc40 JavaThread "Common-Cleaner"             daemon [_thread_blocked, id=15752, stack(0x000000f329c00000,0x000000f329d00000) (1024K)]
  0x000002a569590230 JavaThread "Notification Thread"        daemon [_thread_blocked, id=8128, stack(0x000000f329d00000,0x000000f329e00000) (1024K)]
  0x000002a569d15810 JavaThread "Active Thread: Equinox Container: 9ab752a4-70d3-464b-8e8f-e7a05b389e39"        [_thread_blocked, id=14192, stack(0x000000f32a200000,0x000000f32a300000) (1024K)]
  0x000002a56e0f5be0 JavaThread "Refresh Thread: Equinox Container: 9ab752a4-70d3-464b-8e8f-e7a05b389e39" daemon [_thread_blocked, id=7704, stack(0x000000f32a300000,0x000000f32a400000) (1024K)]
  0x000002a569cf7f70 JavaThread "Framework Event Dispatcher: Equinox Container: 9ab752a4-70d3-464b-8e8f-e7a05b389e39" daemon [_thread_blocked, id=4676, stack(0x000000f32a400000,0x000000f32a500000) (1024K)]
  0x000002a569efe630 JavaThread "Start Level: Equinox Container: 9ab752a4-70d3-464b-8e8f-e7a05b389e39" daemon [_thread_blocked, id=15340, stack(0x000000f32a500000,0x000000f32a600000) (1024K)]
  0x000002a56e329680 JavaThread "Bundle File Closer"         daemon [_thread_blocked, id=960, stack(0x000000f32a600000,0x000000f32a700000) (1024K)]
  0x000002a569e47880 JavaThread "SCR Component Actor"        daemon [_thread_blocked, id=6988, stack(0x000000f32a700000,0x000000f32a800000) (1024K)]
  0x000002a56e704950 JavaThread "Worker-JM"                         [_thread_blocked, id=8860, stack(0x000000f32a800000,0x000000f32a900000) (1024K)]
  0x000002a56e65aa10 JavaThread "JNA Cleaner"                daemon [_thread_blocked, id=7768, stack(0x000000f329e00000,0x000000f329f00000) (1024K)]
  0x000002a56ea0dc50 JavaThread "Worker-0"                          [_thread_blocked, id=1068, stack(0x000000f32a900000,0x000000f32aa00000) (1024K)]
  0x000002a56ea0bb80 JavaThread "Worker-1"                          [_thread_blocked, id=14208, stack(0x000000f32aa00000,0x000000f32ab00000) (1024K)]
  0x000002a56ea0c210 JavaThread "Worker-2"                          [_thread_blocked, id=6992, stack(0x000000f32ac00000,0x000000f32ad00000) (1024K)]
  0x000002a56ea0e970 JavaThread "Java indexing"              daemon [_thread_blocked, id=14320, stack(0x000000f32ad00000,0x000000f32ae00000) (1024K)]
  0x000002a56ea0d5c0 JavaThread "Worker-3: Initialize Workspace"        [_thread_in_vm, id=18264, stack(0x000000f32ae00000,0x000000f32af00000) (1024K)]
  0x000002a56ea0f000 JavaThread "Worker-4"                          [_thread_blocked, id=12564, stack(0x000000f32b100000,0x000000f32b200000) (1024K)]
  0x000002a56ea0c8a0 JavaThread "Worker-5"                          [_thread_blocked, id=15632, stack(0x000000f32b200000,0x000000f32b300000) (1024K)]
  0x000002a56ea0cf30 JavaThread "Thread-1"                   daemon [_thread_in_native, id=12032, stack(0x000000f32b300000,0x000000f32b400000) (1024K)]
  0x000002a56ea0e2e0 JavaThread "Thread-2"                   daemon [_thread_in_native, id=17160, stack(0x000000f32b400000,0x000000f32b500000) (1024K)]
  0x000002a56e4b2b00 JavaThread "Thread-3"                   daemon [_thread_in_native, id=17396, stack(0x000000f32b500000,0x000000f32b600000) (1024K)]
  0x000002a56e4b6610 JavaThread "Thread-4"                   daemon [_thread_in_native, id=10164, stack(0x000000f32b600000,0x000000f32b700000) (1024K)]
  0x000002a56e4b2470 JavaThread "Thread-5"                   daemon [_thread_in_native, id=17864, stack(0x000000f32b700000,0x000000f32b800000) (1024K)]
  0x000002a56e4b7330 JavaThread "pool-2-thread-1"                   [_thread_blocked, id=9736, stack(0x000000f32b800000,0x000000f32b900000) (1024K)]
  0x000002a56e4b6ca0 JavaThread "WorkspaceEventsHandler"            [_thread_blocked, id=17064, stack(0x000000f32b900000,0x000000f32ba00000) (1024K)]
  0x000002a56e4b79c0 JavaThread "pool-1-thread-1"                   [_thread_blocked, id=5324, stack(0x000000f32ba00000,0x000000f32bb00000) (1024K)]
  0x000002a56e4b10c0 JavaThread "ForkJoinPool.commonPool-worker-1" daemon [_thread_blocked, id=7096, stack(0x000000f32bb00000,0x000000f32bc00000) (1024K)]
  0x000002a56e4b3820 JavaThread "ForkJoinPool.commonPool-worker-2" daemon [_thread_blocked, id=10824, stack(0x000000f32bc00000,0x000000f32bd00000) (1024K)]
  0x000002a56e4b4bd0 JavaThread "Timer-0"                           [_thread_blocked, id=3232, stack(0x000000f32b000000,0x000000f32b100000) (1024K)]
Total: 37

Other Threads:
  0x000002a510d7afd0 VMThread "VM Thread"                           [id=17776, stack(0x000000f329300000,0x000000f329400000) (1024K)]
  0x000002a510d2df30 WatcherThread "VM Periodic Task Thread"        [id=11700, stack(0x000000f329200000,0x000000f329300000) (1024K)]
  0x000002a510cdfb50 WorkerThread "GC Thread#0"                     [id=5004, stack(0x000000f329100000,0x000000f329200000) (1024K)]
  0x000002a5697c8620 WorkerThread "GC Thread#1"                     [id=3436, stack(0x000000f329f00000,0x000000f32a000000) (1024K)]
  0x000002a5699b4390 WorkerThread "GC Thread#2"                     [id=7052, stack(0x000000f32a000000,0x000000f32a100000) (1024K)]
  0x000002a5699b4730 WorkerThread "GC Thread#3"                     [id=17200, stack(0x000000f32a100000,0x000000f32a200000) (1024K)]
Total: 6

Threads with active compile tasks:
C2 CompilerThread0  13439 6209       4       java.lang.invoke.MethodType::makeImpl (109 bytes)
Total: 1

VM state: not at safepoint (normal execution)

VM Mutex/Monitor currently owned by a thread:  ([mutex/lock_event])
[0x00007ff8e465b4f0] Metaspace_lock - owner thread: 0x000002a56ea0d5c0

Heap address: 0x0000000080000000, size: 2048 MB, Compressed Oops mode: 32-bit

CDS archive(s) mapped at: [0x000002a528000000-0x000002a528ba0000-0x000002a528ba0000), size 12189696, SharedBaseAddress: 0x000002a528000000, ArchiveRelocationMode: 1.
Compressed class space mapped at: 0x000002a529000000-0x000002a569000000, reserved size: 1073741824
Narrow klass base: 0x000002a528000000, Narrow klass shift: 0, Narrow klass range: 0x100000000

GC Precious Log:
 CardTable entry size: 512
 CPUs: 4 total, 4 available
 Memory: 16337M
 Large Page Support: Disabled
 NUMA Support: Disabled
 Compressed Oops: Enabled (32-bit)
 Alignments: Space 512K, Generation 512K, Heap 2M
 Heap Min Capacity: 100M
 Heap Initial Capacity: 100M
 Heap Max Capacity: 2G
 Pre-touch: Disabled
 Parallel Workers: 4

Heap:
 PSYoungGen      total 23552K, used 11724K [0x00000000d5580000, 0x00000000d6f00000, 0x0000000100000000)
  eden space 22016K, 48% used [0x00000000d5580000,0x00000000d5fef130,0x00000000d6b00000)
  from space 1536K, 67% used [0x00000000d6b00000,0x00000000d6c04010,0x00000000d6c80000)
  to   space 2048K, 0% used [0x00000000d6d00000,0x00000000d6d00000,0x00000000d6f00000)
 ParOldGen       total 68608K, used 23372K [0x0000000080000000, 0x0000000084300000, 0x00000000d5580000)
  object space 68608K, 34% used [0x0000000080000000,0x00000000816d31a8,0x0000000084300000)
 Metaspace       used 47033K, committed 48256K, reserved 1114112K
  class space    used 5201K, committed 5760K, reserved 1048576K

Card table byte_map: [0x000002a510690000,0x000002a510aa0000] _byte_map_base: 0x000002a510290000

Marking Bits: (ParMarkBitMap*) 0x00007ff8e4662460
 Begin Bits: [0x000002a523180000, 0x000002a525180000)
 End Bits:   [0x000002a525180000, 0x000002a527180000)

Polling page: 0x000002a50eae0000

Metaspace:

Usage:
  Non-class:     40.85 MB used.
      Class:      5.08 MB used.
       Both:     45.93 MB used.

Virtual space:
  Non-class space:       64.00 MB reserved,      41.50 MB ( 65%) committed,  1 nodes.
      Class space:        1.00 GB reserved,       5.62 MB ( <1%) committed,  1 nodes.
             Both:        1.06 GB reserved,      47.12 MB (  4%) committed. 

Chunk freelists:
   Non-Class:  5.61 MB
       Class:  10.24 MB
        Both:  15.85 MB

MaxMetaspaceSize: unlimited
CompressedClassSpaceSize: 1.00 GB
Initial GC threshold: 21.00 MB
Current GC threshold: 58.88 MB
CDS: on
 - commit_granule_bytes: 65536.
 - commit_granule_words: 8192.
 - virtual_space_node_default_size: 8388608.
 - enlarge_chunks_in_place: 1.
 - use_allocation_guard: 0.


Internal statistics:

num_allocs_failed_limit: 10.
num_arena_births: 834.
num_arena_deaths: 20.
num_vsnodes_births: 2.
num_vsnodes_deaths: 0.
num_space_committed: 754.
num_space_uncommitted: 0.
num_chunks_returned_to_freelist: 31.
num_chunks_taken_from_freelist: 2886.
num_chunk_merges: 13.
num_chunk_splits: 1830.
num_chunks_enlarged: 1122.
num_inconsistent_stats: 0.

CodeHeap 'non-profiled nmethods': size=120000Kb used=3081Kb max_used=3081Kb free=116918Kb
 bounds [0x000002a51b9a0000, 0x000002a51bcb0000, 0x000002a522ed0000]
CodeHeap 'profiled nmethods': size=120000Kb used=11786Kb max_used=11786Kb free=108213Kb
 bounds [0x000002a513ed0000, 0x000002a514a60000, 0x000002a51b400000]
CodeHeap 'non-nmethods': size=5760Kb used=1371Kb max_used=1415Kb free=4388Kb
 bounds [0x000002a51b400000, 0x000002a51b670000, 0x000002a51b9a0000]
CodeCache: size=245760Kb, used=16238Kb, max_used=16282Kb, free=229519Kb
 total_blobs=6328, nmethods=5656, adapters=578, full_count=0
Compilation: enabled, stopped_count=0, restarted_count=0

Compilation events (20 events):
Event: 13.162 Thread 0x000002a52772c380 6211       3       java.lang.invoke.MethodHandleImpl$IntrinsicMethodHandle::<init> (8 bytes)
Event: 13.162 Thread 0x000002a52772c380 nmethod 6211 0x000002a514a4d010 code [0x000002a514a4d200, 0x000002a514a4d7b0]
Event: 13.164 Thread 0x000002a52772c380 6212       3       java.nio.MappedByteBuffer::limit (8 bytes)
Event: 13.164 Thread 0x000002a52772c380 nmethod 6212 0x000002a514a4d990 code [0x000002a514a4db40, 0x000002a514a4dcf0]
Event: 13.170 Thread 0x000002a52772c380 6213       3       java.lang.invoke.MethodHandles::constant (88 bytes)
Event: 13.171 Thread 0x000002a52772c380 nmethod 6213 0x000002a514a4de10 code [0x000002a514a4e120, 0x000002a514a4f000]
Event: 13.171 Thread 0x000002a52772c380 6214       3       java.lang.invoke.MethodHandles::makeIdentity (23 bytes)
Event: 13.172 Thread 0x000002a52772c380 nmethod 6214 0x000002a514a4f510 code [0x000002a514a4f780, 0x000002a514a50098]
Event: 13.172 Thread 0x000002a52772c380 6215       3       java.lang.invoke.LambdaForm::identityForm (27 bytes)
Event: 13.172 Thread 0x000002a52772c380 nmethod 6215 0x000002a514a50510 code [0x000002a514a506c0, 0x000002a514a50898]
Event: 13.185 Thread 0x000002a52772c380 6218       3       sun.reflect.generics.reflectiveObjects.ParameterizedTypeImpl::make (11 bytes)
Event: 13.185 Thread 0x000002a52772c380 nmethod 6218 0x000002a514a50990 code [0x000002a514a50b60, 0x000002a514a50e78]
Event: 13.299 Thread 0x000002a52772c380 6219       3       jdk.internal.reflect.MethodHandleAccessorFactory::slotCount (75 bytes)
Event: 13.299 Thread 0x000002a52772c380 nmethod 6219 0x000002a514a51010 code [0x000002a514a51200, 0x000002a514a516b0]
Event: 13.329 Thread 0x000002a52772c380 6221       3       java.lang.invoke.MethodType::appendParameterTypes (10 bytes)
Event: 13.330 Thread 0x000002a52772c380 nmethod 6221 0x000002a514a51810 code [0x000002a514a519c0, 0x000002a514a51b70]
Event: 13.331 Thread 0x000002a52772c380 6224       3       java.lang.invoke.LambdaForm::arguments (47 bytes)
Event: 13.332 Thread 0x000002a52772c380 nmethod 6224 0x000002a514a51c90 code [0x000002a514a51ec0, 0x000002a514a526e8]
Event: 13.332 Thread 0x000002a52772c380 6225       1       java.lang.invoke.LambdaForm::arity (5 bytes)
Event: 13.332 Thread 0x000002a52772c380 nmethod 6225 0x000002a51bca2210 code [0x000002a51bca23a0, 0x000002a51bca2468]

GC Heap History (20 events):
Event: 8.029 GC heap before
{Heap before GC invocations=12 (full 1):
 PSYoungGen      total 25088K, used 25079K [0x00000000d5580000, 0x00000000d7300000, 0x0000000100000000)
  eden space 23040K, 100% used [0x00000000d5580000,0x00000000d6c00000,0x00000000d6c00000)
  from space 2048K, 99% used [0x00000000d7100000,0x00000000d72fdc50,0x00000000d7300000)
  to   space 3584K, 0% used [0x00000000d6c00000,0x00000000d6c00000,0x00000000d6f80000)
 ParOldGen       total 68608K, used 14564K [0x0000000080000000, 0x0000000084300000, 0x00000000d5580000)
  object space 68608K, 21% used [0x0000000080000000,0x0000000080e39130,0x0000000084300000)
 Metaspace       used 31879K, committed 32896K, reserved 1114112K
  class space    used 3244K, committed 3648K, reserved 1048576K
}
Event: 8.032 GC heap after
{Heap after GC invocations=12 (full 1):
 PSYoungGen      total 26112K, used 1004K [0x00000000d5580000, 0x00000000d7180000, 0x0000000100000000)
  eden space 22528K, 0% used [0x00000000d5580000,0x00000000d5580000,0x00000000d6b80000)
  from space 3584K, 28% used [0x00000000d6c00000,0x00000000d6cfb328,0x00000000d6f80000)
  to   space 2048K, 0% used [0x00000000d6f80000,0x00000000d6f80000,0x00000000d7180000)
 ParOldGen       total 68608K, used 16534K [0x0000000080000000, 0x0000000084300000, 0x00000000d5580000)
  object space 68608K, 24% used [0x0000000080000000,0x0000000081025b50,0x0000000084300000)
 Metaspace       used 31879K, committed 32896K, reserved 1114112K
  class space    used 3244K, committed 3648K, reserved 1048576K
}
Event: 8.447 GC heap before
{Heap before GC invocations=13 (full 1):
 PSYoungGen      total 26112K, used 23532K [0x00000000d5580000, 0x00000000d7180000, 0x0000000100000000)
  eden space 22528K, 100% used [0x00000000d5580000,0x00000000d6b80000,0x00000000d6b80000)
  from space 3584K, 28% used [0x00000000d6c00000,0x00000000d6cfb328,0x00000000d6f80000)
  to   space 2048K, 0% used [0x00000000d6f80000,0x00000000d6f80000,0x00000000d7180000)
 ParOldGen       total 68608K, used 16534K [0x0000000080000000, 0x0000000084300000, 0x00000000d5580000)
  object space 68608K, 24% used [0x0000000080000000,0x0000000081025b50,0x0000000084300000)
 Metaspace       used 34266K, committed 35392K, reserved 1114112K
  class space    used 3555K, committed 4032K, reserved 1048576K
}
Event: 8.449 GC heap after
{Heap after GC invocations=13 (full 1):
 PSYoungGen      total 23552K, used 1511K [0x00000000d5580000, 0x00000000d7100000, 0x0000000100000000)
  eden space 22016K, 0% used [0x00000000d5580000,0x00000000d5580000,0x00000000d6b00000)
  from space 1536K, 98% used [0x00000000d6f80000,0x00000000d70f9de8,0x00000000d7100000)
  to   space 2048K, 0% used [0x00000000d6d00000,0x00000000d6d00000,0x00000000d6f00000)
 ParOldGen       total 68608K, used 17372K [0x0000000080000000, 0x0000000084300000, 0x00000000d5580000)
  object space 68608K, 25% used [0x0000000080000000,0x00000000810f73b8,0x0000000084300000)
 Metaspace       used 34266K, committed 35392K, reserved 1114112K
  class space    used 3555K, committed 4032K, reserved 1048576K
}
Event: 8.573 GC heap before
{Heap before GC invocations=14 (full 1):
 PSYoungGen      total 23552K, used 9290K [0x00000000d5580000, 0x00000000d7100000, 0x0000000100000000)
  eden space 22016K, 35% used [0x00000000d5580000,0x00000000d5d18a60,0x00000000d6b00000)
  from space 1536K, 98% used [0x00000000d6f80000,0x00000000d70f9de8,0x00000000d7100000)
  to   space 2048K, 0% used [0x00000000d6d00000,0x00000000d6d00000,0x00000000d6f00000)
 ParOldGen       total 68608K, used 17372K [0x0000000080000000, 0x0000000084300000, 0x00000000d5580000)
  object space 68608K, 25% used [0x0000000080000000,0x00000000810f73b8,0x0000000084300000)
 Metaspace       used 34828K, committed 35968K, reserved 1114112K
  class space    used 3628K, committed 4096K, reserved 1048576K
}
Event: 8.575 GC heap after
{Heap after GC invocations=14 (full 1):
 PSYoungGen      total 24064K, used 365K [0x00000000d5580000, 0x00000000d7000000, 0x0000000100000000)
  eden space 22016K, 0% used [0x00000000d5580000,0x00000000d5580000,0x00000000d6b00000)
  from space 2048K, 17% used [0x00000000d6d00000,0x00000000d6d5b610,0x00000000d6f00000)
  to   space 1024K, 0% used [0x00000000d6f00000,0x00000000d6f00000,0x00000000d7000000)
 ParOldGen       total 68608K, used 18672K [0x0000000080000000, 0x0000000084300000, 0x00000000d5580000)
  object space 68608K, 27% used [0x0000000080000000,0x000000008123c1b8,0x0000000084300000)
 Metaspace       used 34828K, committed 35968K, reserved 1114112K
  class space    used 3628K, committed 4096K, reserved 1048576K
}
Event: 8.587 GC heap before
{Heap before GC invocations=15 (full 1):
 PSYoungGen      total 24064K, used 3142K [0x00000000d5580000, 0x00000000d7000000, 0x0000000100000000)
  eden space 22016K, 12% used [0x00000000d5580000,0x00000000d5836408,0x00000000d6b00000)
  from space 2048K, 17% used [0x00000000d6d00000,0x00000000d6d5b610,0x00000000d6f00000)
  to   space 1024K, 0% used [0x00000000d6f00000,0x00000000d6f00000,0x00000000d7000000)
 ParOldGen       total 68608K, used 18672K [0x0000000080000000, 0x0000000084300000, 0x00000000d5580000)
  object space 68608K, 27% used [0x0000000080000000,0x000000008123c1b8,0x0000000084300000)
 Metaspace       used 35001K, committed 36160K, reserved 1114112K
  class space    used 3651K, committed 4160K, reserved 1048576K
}
Event: 8.588 GC heap after
{Heap after GC invocations=15 (full 1):
 PSYoungGen      total 22528K, used 128K [0x00000000d5580000, 0x00000000d6f80000, 0x0000000100000000)
  eden space 22016K, 0% used [0x00000000d5580000,0x00000000d5580000,0x00000000d6b00000)
  from space 512K, 25% used [0x00000000d6f00000,0x00000000d6f20000,0x00000000d6f80000)
  to   space 512K, 0% used [0x00000000d6e80000,0x00000000d6e80000,0x00000000d6f00000)
 ParOldGen       total 68608K, used 18929K [0x0000000080000000, 0x0000000084300000, 0x00000000d5580000)
  object space 68608K, 27% used [0x0000000080000000,0x000000008127c7f8,0x0000000084300000)
 Metaspace       used 35001K, committed 36160K, reserved 1114112K
  class space    used 3651K, committed 4160K, reserved 1048576K
}
Event: 8.588 GC heap before
{Heap before GC invocations=16 (full 2):
 PSYoungGen      total 22528K, used 128K [0x00000000d5580000, 0x00000000d6f80000, 0x0000000100000000)
  eden space 22016K, 0% used [0x00000000d5580000,0x00000000d5580000,0x00000000d6b00000)
  from space 512K, 25% used [0x00000000d6f00000,0x00000000d6f20000,0x00000000d6f80000)
  to   space 512K, 0% used [0x00000000d6e80000,0x00000000d6e80000,0x00000000d6f00000)
 ParOldGen       total 68608K, used 18929K [0x0000000080000000, 0x0000000084300000, 0x00000000d5580000)
  object space 68608K, 27% used [0x0000000080000000,0x000000008127c7f8,0x0000000084300000)
 Metaspace       used 35001K, committed 36160K, reserved 1114112K
  class space    used 3651K, committed 4160K, reserved 1048576K
}
Event: 8.625 GC heap after
{Heap after GC invocations=16 (full 2):
 PSYoungGen      total 22528K, used 0K [0x00000000d5580000, 0x00000000d6f80000, 0x0000000100000000)
  eden space 22016K, 0% used [0x00000000d5580000,0x00000000d5580000,0x00000000d6b00000)
  from space 512K, 0% used [0x00000000d6f00000,0x00000000d6f00000,0x00000000d6f80000)
  to   space 512K, 0% used [0x00000000d6e80000,0x00000000d6e80000,0x00000000d6f00000)
 ParOldGen       total 68608K, used 18106K [0x0000000080000000, 0x0000000084300000, 0x00000000d5580000)
  object space 68608K, 26% used [0x0000000080000000,0x00000000811ae930,0x0000000084300000)
 Metaspace       used 34996K, committed 36160K, reserved 1114112K
  class space    used 3650K, committed 4160K, reserved 1048576K
}
Event: 8.933 GC heap before
{Heap before GC invocations=17 (full 2):
 PSYoungGen      total 22528K, used 22016K [0x00000000d5580000, 0x00000000d6f80000, 0x0000000100000000)
  eden space 22016K, 100% used [0x00000000d5580000,0x00000000d6b00000,0x00000000d6b00000)
  from space 512K, 0% used [0x00000000d6f00000,0x00000000d6f00000,0x00000000d6f80000)
  to   space 512K, 0% used [0x00000000d6e80000,0x00000000d6e80000,0x00000000d6f00000)
 ParOldGen       total 68608K, used 18106K [0x0000000080000000, 0x0000000084300000, 0x00000000d5580000)
  object space 68608K, 26% used [0x0000000080000000,0x00000000811ae930,0x0000000084300000)
 Metaspace       used 36874K, committed 38016K, reserved 1114112K
  class space    used 3902K, committed 4352K, reserved 1048576K
}
Event: 8.936 GC heap after
{Heap after GC invocations=17 (full 2):
 PSYoungGen      total 22528K, used 480K [0x00000000d5580000, 0x00000000d7000000, 0x0000000100000000)
  eden space 22016K, 0% used [0x00000000d5580000,0x00000000d5580000,0x00000000d6b00000)
  from space 512K, 93% used [0x00000000d6e80000,0x00000000d6ef8288,0x00000000d6f00000)
  to   space 1024K, 0% used [0x00000000d6f00000,0x00000000d6f00000,0x00000000d7000000)
 ParOldGen       total 68608K, used 19667K [0x0000000080000000, 0x0000000084300000, 0x00000000d5580000)
  object space 68608K, 28% used [0x0000000080000000,0x0000000081334e30,0x0000000084300000)
 Metaspace       used 36874K, committed 38016K, reserved 1114112K
  class space    used 3902K, committed 4352K, reserved 1048576K
}
Event: 9.955 GC heap before
{Heap before GC invocations=18 (full 2):
 PSYoungGen      total 22528K, used 22496K [0x00000000d5580000, 0x00000000d7000000, 0x0000000100000000)
  eden space 22016K, 100% used [0x00000000d5580000,0x00000000d6b00000,0x00000000d6b00000)
  from space 512K, 93% used [0x00000000d6e80000,0x00000000d6ef8288,0x00000000d6f00000)
  to   space 1024K, 0% used [0x00000000d6f00000,0x00000000d6f00000,0x00000000d7000000)
 ParOldGen       total 68608K, used 19667K [0x0000000080000000, 0x0000000084300000, 0x00000000d5580000)
  object space 68608K, 28% used [0x0000000080000000,0x0000000081334e30,0x0000000084300000)
 Metaspace       used 38940K, committed 40064K, reserved 1114112K
  class space    used 4167K, committed 4608K, reserved 1048576K
}
Event: 9.958 GC heap after
{Heap after GC invocations=18 (full 2):
 PSYoungGen      total 23040K, used 736K [0x00000000d5580000, 0x00000000d7000000, 0x0000000100000000)
  eden space 22016K, 0% used [0x00000000d5580000,0x00000000d5580000,0x00000000d6b00000)
  from space 1024K, 71% used [0x00000000d6f00000,0x00000000d6fb8000,0x00000000d7000000)
  to   space 1536K, 0% used [0x00000000d6d00000,0x00000000d6d00000,0x00000000d6e80000)
 ParOldGen       total 68608K, used 20140K [0x0000000080000000, 0x0000000084300000, 0x00000000d5580000)
  object space 68608K, 29% used [0x0000000080000000,0x00000000813ab0b8,0x0000000084300000)
 Metaspace       used 38940K, committed 40064K, reserved 1114112K
  class space    used 4167K, committed 4608K, reserved 1048576K
}
Event: 10.593 GC heap before
{Heap before GC invocations=19 (full 2):
 PSYoungGen      total 23040K, used 22752K [0x00000000d5580000, 0x00000000d7000000, 0x0000000100000000)
  eden space 22016K, 100% used [0x00000000d5580000,0x00000000d6b00000,0x00000000d6b00000)
  from space 1024K, 71% used [0x00000000d6f00000,0x00000000d6fb8000,0x00000000d7000000)
  to   space 1536K, 0% used [0x00000000d6d00000,0x00000000d6d00000,0x00000000d6e80000)
 ParOldGen       total 68608K, used 20140K [0x0000000080000000, 0x0000000084300000, 0x00000000d5580000)
  object space 68608K, 29% used [0x0000000080000000,0x00000000813ab0b8,0x0000000084300000)
 Metaspace       used 41436K, committed 42560K, reserved 1114112K
  class space    used 4483K, committed 4928K, reserved 1048576K
}
Event: 10.595 GC heap after
{Heap after GC invocations=19 (full 2):
 PSYoungGen      total 23552K, used 1376K [0x00000000d5580000, 0x00000000d6f80000, 0x0000000100000000)
  eden space 22016K, 0% used [0x00000000d5580000,0x00000000d5580000,0x00000000d6b00000)
  from space 1536K, 89% used [0x00000000d6d00000,0x00000000d6e58000,0x00000000d6e80000)
  to   space 1024K, 0% used [0x00000000d6e80000,0x00000000d6e80000,0x00000000d6f80000)
 ParOldGen       total 68608K, used 20732K [0x0000000080000000, 0x0000000084300000, 0x00000000d5580000)
  object space 68608K, 30% used [0x0000000080000000,0x000000008143f0c8,0x0000000084300000)
 Metaspace       used 41436K, committed 42560K, reserved 1114112K
  class space    used 4483K, committed 4928K, reserved 1048576K
}
Event: 11.191 GC heap before
{Heap before GC invocations=20 (full 2):
 PSYoungGen      total 23552K, used 23392K [0x00000000d5580000, 0x00000000d6f80000, 0x0000000100000000)
  eden space 22016K, 100% used [0x00000000d5580000,0x00000000d6b00000,0x00000000d6b00000)
  from space 1536K, 89% used [0x00000000d6d00000,0x00000000d6e58000,0x00000000d6e80000)
  to   space 1024K, 0% used [0x00000000d6e80000,0x00000000d6e80000,0x00000000d6f80000)
 ParOldGen       total 68608K, used 20732K [0x0000000080000000, 0x0000000084300000, 0x00000000d5580000)
  object space 68608K, 30% used [0x0000000080000000,0x000000008143f0c8,0x0000000084300000)
 Metaspace       used 43878K, committed 45056K, reserved 1114112K
  class space    used 4814K, committed 5312K, reserved 1048576K
}
Event: 11.195 GC heap after
{Heap after GC invocations=20 (full 2):
 PSYoungGen      total 23040K, used 1017K [0x00000000d5580000, 0x00000000d7100000, 0x0000000100000000)
  eden space 22016K, 0% used [0x00000000d5580000,0x00000000d5580000,0x00000000d6b00000)
  from space 1024K, 99% used [0x00000000d6e80000,0x00000000d6f7e5e0,0x00000000d6f80000)
  to   space 3072K, 0% used [0x00000000d6b00000,0x00000000d6b00000,0x00000000d6e00000)
 ParOldGen       total 68608K, used 22386K [0x0000000080000000, 0x0000000084300000, 0x00000000d5580000)
  object space 68608K, 32% used [0x0000000080000000,0x00000000815dcb08,0x0000000084300000)
 Metaspace       used 43878K, committed 45056K, reserved 1114112K
  class space    used 4814K, committed 5312K, reserved 1048576K
}
Event: 12.550 GC heap before
{Heap before GC invocations=21 (full 2):
 PSYoungGen      total 23040K, used 23033K [0x00000000d5580000, 0x00000000d7100000, 0x0000000100000000)
  eden space 22016K, 100% used [0x00000000d5580000,0x00000000d6b00000,0x00000000d6b00000)
  from space 1024K, 99% used [0x00000000d6e80000,0x00000000d6f7e5e0,0x00000000d6f80000)
  to   space 3072K, 0% used [0x00000000d6b00000,0x00000000d6b00000,0x00000000d6e00000)
 ParOldGen       total 68608K, used 22386K [0x0000000080000000, 0x0000000084300000, 0x00000000d5580000)
  object space 68608K, 32% used [0x0000000080000000,0x00000000815dcb08,0x0000000084300000)
 Metaspace       used 46134K, committed 47232K, reserved 1114112K
  class space    used 5058K, committed 5568K, reserved 1048576K
}
Event: 12.552 GC heap after
{Heap after GC invocations=21 (full 2):
 PSYoungGen      total 23552K, used 1040K [0x00000000d5580000, 0x00000000d6f00000, 0x0000000100000000)
  eden space 22016K, 0% used [0x00000000d5580000,0x00000000d5580000,0x00000000d6b00000)
  from space 1536K, 67% used [0x00000000d6b00000,0x00000000d6c04010,0x00000000d6c80000)
  to   space 2048K, 0% used [0x00000000d6d00000,0x00000000d6d00000,0x00000000d6f00000)
 ParOldGen       total 68608K, used 23372K [0x0000000080000000, 0x0000000084300000, 0x00000000d5580000)
  object space 68608K, 34% used [0x0000000080000000,0x00000000816d31a8,0x0000000084300000)
 Metaspace       used 46134K, committed 47232K, reserved 1114112K
  class space    used 5058K, committed 5568K, reserved 1048576K
}

Dll operation events (10 events):
Event: 0.008 Loaded shared library c:\Users\Admin\.antigravity\extensions\redhat.java-1.50.0-win32-x64\jre\21.0.9-win32-x86_64\bin\java.dll
Event: 0.223 Loaded shared library c:\Users\Admin\.antigravity\extensions\redhat.java-1.50.0-win32-x64\jre\21.0.9-win32-x86_64\bin\zip.dll
Event: 0.255 Loaded shared library C:\Users\Admin\.antigravity\extensions\redhat.java-1.50.0-win32-x64\jre\21.0.9-win32-x86_64\bin\instrument.dll
Event: 0.264 Loaded shared library C:\Users\Admin\.antigravity\extensions\redhat.java-1.50.0-win32-x64\jre\21.0.9-win32-x86_64\bin\net.dll
Event: 0.265 Loaded shared library C:\Users\Admin\.antigravity\extensions\redhat.java-1.50.0-win32-x64\jre\21.0.9-win32-x86_64\bin\nio.dll
Event: 0.269 Loaded shared library C:\Users\Admin\.antigravity\extensions\redhat.java-1.50.0-win32-x64\jre\21.0.9-win32-x86_64\bin\zip.dll
Event: 0.344 Loaded shared library C:\Users\Admin\.antigravity\extensions\redhat.java-1.50.0-win32-x64\jre\21.0.9-win32-x86_64\bin\jimage.dll
Event: 0.605 Loaded shared library c:\Users\Admin\.antigravity\extensions\redhat.java-1.50.0-win32-x64\jre\21.0.9-win32-x86_64\bin\verify.dll
Event: 2.558 Loaded shared library C:\Users\Admin\AppData\Roaming\Antigravity\User\globalStorage\redhat.java\1.50.0\config_win\org.eclipse.equinox.launcher\org.eclipse.equinox.launcher.win32.win32.x86_64_1.2.1400.v20250801-0854\eclipse_11916.dll
Event: 4.743 Loaded shared library C:\Users\Admin\AppData\Local\Temp\jna-63116079\jna4594491061878727357.dll

Deoptimization events (20 events):
Event: 11.559 Thread 0x000002a56e4b79c0 DEOPT PACKING pc=0x000002a5142a2559 sp=0x000000f32bafe290
Event: 11.559 Thread 0x000002a56e4b79c0 DEOPT UNPACKING pc=0x000002a51b454242 sp=0x000000f32bafd718 mode 0
Event: 11.605 Thread 0x000002a56e4b79c0 DEOPT PACKING pc=0x000002a51436059f sp=0x000000f32bafe840
Event: 11.605 Thread 0x000002a56e4b79c0 DEOPT UNPACKING pc=0x000002a51b454242 sp=0x000000f32bafdd18 mode 0
Event: 11.621 Thread 0x000002a56e4b79c0 DEOPT PACKING pc=0x000002a514498ebe sp=0x000000f32bafdf20
Event: 11.621 Thread 0x000002a56e4b79c0 DEOPT UNPACKING pc=0x000002a51b454242 sp=0x000000f32bafd460 mode 0
Event: 11.725 Thread 0x000002a56e4b79c0 DEOPT PACKING pc=0x000002a51483533c sp=0x000000f32bafb6a0
Event: 11.725 Thread 0x000002a56e4b79c0 DEOPT UNPACKING pc=0x000002a51b454242 sp=0x000000f32bafabc0 mode 0
Event: 11.742 Thread 0x000002a56e4b79c0 Uncommon trap: trap_request=0xffffff45 fr.pc=0x000002a51bc80aa4 relative=0x0000000000000084
Event: 11.742 Thread 0x000002a56e4b79c0 Uncommon trap: reason=unstable_if action=reinterpret pc=0x000002a51bc80aa4 method=java.lang.invoke.DirectMethodHandle.ftypeKind(Ljava/lang/Class;)I @ 28 c2
Event: 11.742 Thread 0x000002a56e4b79c0 DEOPT PACKING pc=0x000002a51bc80aa4 sp=0x000000f32bafe120
Event: 11.742 Thread 0x000002a56e4b79c0 DEOPT UNPACKING pc=0x000002a51b453aa2 sp=0x000000f32bafe0a8 mode 2
Event: 12.996 Thread 0x000002a56ea0d5c0 Uncommon trap: trap_request=0xffffffde fr.pc=0x000002a51bc8a2e8 relative=0x0000000000000468
Event: 12.996 Thread 0x000002a56ea0d5c0 Uncommon trap: reason=class_check action=maybe_recompile pc=0x000002a51bc8a2e8 method=java.util.regex.Pattern$SliceU.match(Ljava/util/regex/Matcher;ILjava/lang/CharSequence;)Z @ 95 c2
Event: 12.996 Thread 0x000002a56ea0d5c0 DEOPT PACKING pc=0x000002a51bc8a2e8 sp=0x000000f32aefef90
Event: 12.996 Thread 0x000002a56ea0d5c0 DEOPT UNPACKING pc=0x000002a51b453aa2 sp=0x000000f32aefef18 mode 2
Event: 13.162 Thread 0x000002a56ea0d5c0 Uncommon trap: trap_request=0xffffffde fr.pc=0x000002a51bbe6e1c relative=0x000000000000253c
Event: 13.162 Thread 0x000002a56ea0d5c0 Uncommon trap: reason=class_check action=maybe_recompile pc=0x000002a51bbe6e1c method=sun.nio.cs.StreamDecoder.read([CII)I @ 8 c2
Event: 13.162 Thread 0x000002a56ea0d5c0 DEOPT PACKING pc=0x000002a51bbe6e1c sp=0x000000f32aefec60
Event: 13.162 Thread 0x000002a56ea0d5c0 DEOPT UNPACKING pc=0x000002a51b453aa2 sp=0x000000f32aefec58 mode 2

Classes loaded (20 events):
Event: 12.407 Loading class java/nio/file/FileVisitResult
Event: 12.408 Loading class java/nio/file/FileVisitResult done
Event: 13.160 Loading class java/nio/file/FileChannelLinesSpliterator
Event: 13.160 Loading class java/nio/file/FileChannelLinesSpliterator done
Event: 13.161 Loading class java/util/stream/Streams$1
Event: 13.161 Loading class java/util/stream/Streams$1 done
Event: 13.161 Loading class java/nio/file/FileChannelLinesSpliterator$1
Event: 13.161 Loading class java/nio/file/FileChannelLinesSpliterator$1 done
Event: 13.189 Loading class java/util/TimerTask
Event: 13.189 Loading class java/util/TimerTask done
Event: 13.189 Loading class java/util/Timer
Event: 13.189 Loading class java/util/Timer done
Event: 13.190 Loading class java/util/TaskQueue
Event: 13.190 Loading class java/util/TaskQueue done
Event: 13.190 Loading class java/util/TimerThread
Event: 13.190 Loading class java/util/TimerThread done
Event: 13.190 Loading class java/util/Timer$ThreadReaper
Event: 13.190 Loading class java/util/Timer$ThreadReaper done
Event: 13.328 Loading class java/util/concurrent/CopyOnWriteArraySet
Event: 13.328 Loading class java/util/concurrent/CopyOnWriteArraySet done

Classes unloaded (10 events):
Event: 5.717 Thread 0x000002a510d7afd0 Unloading class 0x000002a5291acc00 'java/lang/invoke/LambdaForm$MH+0x000002a5291acc00'
Event: 5.717 Thread 0x000002a510d7afd0 Unloading class 0x000002a5291ac800 'java/lang/invoke/LambdaForm$MH+0x000002a5291ac800'
Event: 5.717 Thread 0x000002a510d7afd0 Unloading class 0x000002a5291ac400 'java/lang/invoke/LambdaForm$MH+0x000002a5291ac400'
Event: 5.717 Thread 0x000002a510d7afd0 Unloading class 0x000002a5291ac000 'java/lang/invoke/LambdaForm$MH+0x000002a5291ac000'
Event: 5.717 Thread 0x000002a510d7afd0 Unloading class 0x000002a5291abc00 'java/lang/invoke/LambdaForm$BMH+0x000002a5291abc00'
Event: 5.717 Thread 0x000002a510d7afd0 Unloading class 0x000002a5291ab800 'java/lang/invoke/LambdaForm$DMH+0x000002a5291ab800'
Event: 5.717 Thread 0x000002a510d7afd0 Unloading class 0x000002a5291aa400 'java/lang/invoke/LambdaForm$DMH+0x000002a5291aa400'
Event: 8.596 Thread 0x000002a510d7afd0 Unloading class 0x000002a529308400 'java/lang/invoke/LambdaForm$MH+0x000002a529308400'
Event: 8.596 Thread 0x000002a510d7afd0 Unloading class 0x000002a529305000 'java/lang/invoke/LambdaForm$MH+0x000002a529305000'
Event: 8.596 Thread 0x000002a510d7afd0 Unloading class 0x000002a529300000 'java/lang/invoke/LambdaForm$MH+0x000002a529300000'

Classes redefined (0 events):
No events

Internal exceptions (20 events):
Event: 12.991 Thread 0x000002a56ea0d5c0 Exception <a 'sun/nio/fs/WindowsException'{0x00000000d5777ff0}> (0x00000000d5777ff0) 
thrown [s\src\hotspot\share\prims\jni.cpp, line 520]
Event: 12.991 Thread 0x000002a56ea0d5c0 Exception <a 'sun/nio/fs/WindowsException'{0x00000000d57785b0}> (0x00000000d57785b0) 
thrown [s\src\hotspot\share\prims\jni.cpp, line 520]
Event: 12.992 Thread 0x000002a56ea0d5c0 Exception <a 'sun/nio/fs/WindowsException'{0x00000000d577dfd8}> (0x00000000d577dfd8) 
thrown [s\src\hotspot\share\prims\jni.cpp, line 520]
Event: 12.992 Thread 0x000002a56ea0d5c0 Exception <a 'sun/nio/fs/WindowsException'{0x00000000d577e500}> (0x00000000d577e500) 
thrown [s\src\hotspot\share\prims\jni.cpp, line 520]
Event: 12.992 Thread 0x000002a56ea0d5c0 Exception <a 'sun/nio/fs/WindowsException'{0x00000000d577ea38}> (0x00000000d577ea38) 
thrown [s\src\hotspot\share\prims\jni.cpp, line 520]
Event: 12.992 Thread 0x000002a56ea0d5c0 Exception <a 'sun/nio/fs/WindowsException'{0x00000000d577efd8}> (0x00000000d577efd8) 
thrown [s\src\hotspot\share\prims\jni.cpp, line 520]
Event: 12.992 Thread 0x000002a56ea0d5c0 Exception <a 'sun/nio/fs/WindowsException'{0x00000000d5781ef8}> (0x00000000d5781ef8) 
thrown [s\src\hotspot\share\prims\jni.cpp, line 520]
Event: 12.992 Thread 0x000002a56ea0d5c0 Exception <a 'sun/nio/fs/WindowsException'{0x00000000d5782490}> (0x00000000d5782490) 
thrown [s\src\hotspot\share\prims\jni.cpp, line 520]
Event: 12.992 Thread 0x000002a56ea0d5c0 Exception <a 'sun/nio/fs/WindowsException'{0x00000000d5782a28}> (0x00000000d5782a28) 
thrown [s\src\hotspot\share\prims\jni.cpp, line 520]
Event: 12.992 Thread 0x000002a56ea0d5c0 Exception <a 'sun/nio/fs/WindowsException'{0x00000000d5782fe0}> (0x00000000d5782fe0) 
thrown [s\src\hotspot\share\prims\jni.cpp, line 520]
Event: 12.993 Thread 0x000002a56ea0d5c0 Exception <a 'sun/nio/fs/WindowsException'{0x00000000d5786068}> (0x00000000d5786068) 
thrown [s\src\hotspot\share\prims\jni.cpp, line 520]
Event: 12.993 Thread 0x000002a56ea0d5c0 Exception <a 'sun/nio/fs/WindowsException'{0x00000000d5786600}> (0x00000000d5786600) 
thrown [s\src\hotspot\share\prims\jni.cpp, line 520]
Event: 12.993 Thread 0x000002a56ea0d5c0 Exception <a 'sun/nio/fs/WindowsException'{0x00000000d5786b98}> (0x00000000d5786b98) 
thrown [s\src\hotspot\share\prims\jni.cpp, line 520]
Event: 12.993 Thread 0x000002a56ea0d5c0 Exception <a 'sun/nio/fs/WindowsException'{0x00000000d5787150}> (0x00000000d5787150) 
thrown [s\src\hotspot\share\prims\jni.cpp, line 520]
Event: 12.993 Thread 0x000002a56ea0d5c0 Exception <a 'sun/nio/fs/WindowsException'{0x00000000d578a790}> (0x00000000d578a790) 
thrown [s\src\hotspot\share\prims\jni.cpp, line 520]
Event: 12.993 Thread 0x000002a56ea0d5c0 Exception <a 'sun/nio/fs/WindowsException'{0x00000000d578ad40}> (0x00000000d578ad40) 
thrown [s\src\hotspot\share\prims\jni.cpp, line 520]
Event: 12.993 Thread 0x000002a56ea0d5c0 Exception <a 'sun/nio/fs/WindowsException'{0x00000000d578b2f0}> (0x00000000d578b2f0) 
thrown [s\src\hotspot\share\prims\jni.cpp, line 520]
Event: 12.994 Thread 0x000002a56ea0d5c0 Exception <a 'sun/nio/fs/WindowsException'{0x00000000d578b8c0}> (0x00000000d578b8c0) 
thrown [s\src\hotspot\share\prims\jni.cpp, line 520]
Event: 13.329 Thread 0x000002a56ea0d5c0 Exception <a 'java/lang/NoSuchMethodError'{0x00000000d5f14be0}: 'java.lang.Object java.lang.invoke.DirectMethodHandle$Holder.invokeVirtual(java.lang.Object, java.lang.Object, java.lang.Object, java.lang.Object)'> (0x00000000d5f14be0) 
thrown [s\src\hotspot\share\interpreter\linkResolver.cpp, line 773]
Event: 13.331 Thread 0x000002a56ea0d5c0 Exception <a 'java/lang/NoSuchMethodError'{0x00000000d5f37948}: 'java.lang.Object java.lang.invoke.DirectMethodHandle$Holder.invokeVirtual(java.lang.Object, java.lang.Object, java.lang.Object, java.lang.Object, java.lang.Object)'> (0x00000000d5f37948) 
thrown [s\src\hotspot\share\interpreter\linkResolver.cpp, line 773]

ZGC Phase Switch (0 events):
No events

VM Operations (20 events):
Event: 9.645 Executing VM operation: HandshakeAllThreads (Deoptimize)
Event: 9.645 Executing VM operation: HandshakeAllThreads (Deoptimize) done
Event: 9.919 Executing VM operation: HandshakeAllThreads (Deoptimize)
Event: 9.919 Executing VM operation: HandshakeAllThreads (Deoptimize) done
Event: 9.955 Executing VM operation: ParallelGCFailedAllocation (Allocation Failure)
Event: 9.959 Executing VM operation: ParallelGCFailedAllocation (Allocation Failure) done
Event: 10.593 Executing VM operation: ParallelGCFailedAllocation (Allocation Failure)
Event: 10.595 Executing VM operation: ParallelGCFailedAllocation (Allocation Failure) done
Event: 10.645 Executing VM operation: HandshakeAllThreads (Deoptimize)
Event: 10.645 Executing VM operation: HandshakeAllThreads (Deoptimize) done
Event: 11.102 Executing VM operation: ICBufferFull
Event: 11.102 Executing VM operation: ICBufferFull done
Event: 11.191 Executing VM operation: ParallelGCFailedAllocation (Allocation Failure)
Event: 11.195 Executing VM operation: ParallelGCFailedAllocation (Allocation Failure) done
Event: 11.518 Executing VM operation: HandshakeAllThreads (Deoptimize)
Event: 11.523 Executing VM operation: HandshakeAllThreads (Deoptimize) done
Event: 12.533 Executing VM operation: Cleanup
Event: 12.533 Executing VM operation: Cleanup done
Event: 12.550 Executing VM operation: ParallelGCFailedAllocation (Allocation Failure)
Event: 12.552 Executing VM operation: ParallelGCFailedAllocation (Allocation Failure) done

Memory protections (0 events):
No events

Nmethod flushes (20 events):
Event: 8.604 Thread 0x000002a510d7afd0 flushing  nmethod 0x000002a5144fa490
Event: 8.604 Thread 0x000002a510d7afd0 flushing  nmethod 0x000002a5144fb810
Event: 8.604 Thread 0x000002a510d7afd0 flushing  nmethod 0x000002a5144fbf90
Event: 8.604 Thread 0x000002a510d7afd0 flushing  nmethod 0x000002a5144fd510
Event: 8.604 Thread 0x000002a510d7afd0 flushing  nmethod 0x000002a5144fda10
Event: 8.604 Thread 0x000002a510d7afd0 flushing  nmethod 0x000002a5144ff310
Event: 8.604 Thread 0x000002a510d7afd0 flushing  nmethod 0x000002a514500b90
Event: 8.604 Thread 0x000002a510d7afd0 flushing  nmethod 0x000002a514501590
Event: 8.604 Thread 0x000002a510d7afd0 flushing  nmethod 0x000002a514501890
Event: 8.604 Thread 0x000002a510d7afd0 flushing  nmethod 0x000002a514501d90
Event: 8.604 Thread 0x000002a510d7afd0 flushing  nmethod 0x000002a514502690
Event: 8.604 Thread 0x000002a510d7afd0 flushing  nmethod 0x000002a51450b690
Event: 8.604 Thread 0x000002a510d7afd0 flushing  nmethod 0x000002a514548210
Event: 8.604 Thread 0x000002a510d7afd0 flushing  nmethod 0x000002a51454c210
Event: 8.604 Thread 0x000002a510d7afd0 flushing  nmethod 0x000002a51455aa90
Event: 8.604 Thread 0x000002a510d7afd0 flushing  nmethod 0x000002a5145a3210
Event: 8.604 Thread 0x000002a510d7afd0 flushing  nmethod 0x000002a5145a5290
Event: 8.604 Thread 0x000002a510d7afd0 flushing  nmethod 0x000002a5145c7590
Event: 8.604 Thread 0x000002a510d7afd0 flushing  nmethod 0x000002a5145db790
Event: 8.604 Thread 0x000002a510d7afd0 flushing  nmethod 0x000002a5145ffe10

Events (20 events):
Event: 6.834 Thread 0x000002a569efe630 Thread added: 0x000002a56ea0e970
Event: 6.942 Thread 0x000002a56ea0c210 Thread added: 0x000002a56ea0d5c0
Event: 7.623 Thread 0x000002a569799810 Thread exited: 0x000002a569799810
Event: 8.080 Thread 0x000002a52772c380 Thread added: 0x000002a569c55620
Event: 8.113 Thread 0x000002a56ea0d5c0 Thread added: 0x000002a56ea0f000
Event: 8.355 Thread 0x000002a56ea0f000 Thread added: 0x000002a56ea0c8a0
Event: 8.470 Thread 0x000002a50eb21720 Thread added: 0x000002a56ea0cf30
Event: 8.470 Thread 0x000002a50eb21720 Thread added: 0x000002a56ea0e2e0
Event: 8.471 Thread 0x000002a50eb21720 Thread added: 0x000002a56e4b2b00
Event: 8.471 Thread 0x000002a50eb21720 Thread added: 0x000002a56e4b6610
Event: 8.471 Thread 0x000002a50eb21720 Thread added: 0x000002a56e4b2470
Event: 8.497 Thread 0x000002a50eb21720 Thread added: 0x000002a56e4b7330
Event: 8.940 Thread 0x000002a50eb21720 Thread added: 0x000002a56e4b6ca0
Event: 8.940 Thread 0x000002a50eb21720 Thread added: 0x000002a56e4b79c0
Event: 9.655 Thread 0x000002a569c55620 Thread exited: 0x000002a569c55620
Event: 11.030 Thread 0x000002a52772c380 Thread added: 0x000002a56fee64a0
Event: 11.458 Thread 0x000002a56ea0c210 Thread added: 0x000002a56e4b10c0
Event: 11.490 Thread 0x000002a56e4b10c0 Thread added: 0x000002a56e4b3820
Event: 11.907 Thread 0x000002a56fee64a0 Thread exited: 0x000002a56fee64a0
Event: 13.190 Thread 0x000002a56ea0d5c0 Thread added: 0x000002a56e4b4bd0


Dynamic libraries:
0x00007ff6b7ab0000 - 0x00007ff6b7abe000 	c:\Users\Admin\.antigravity\extensions\redhat.java-1.50.0-win32-x64\jre\21.0.9-win32-x86_64\bin\java.exe
0x00007ff91ea90000 - 0x00007ff91ec88000 	C:\WINDOWS\SYSTEM32\ntdll.dll
0x00007ff91e2b0000 - 0x00007ff91e372000 	C:\WINDOWS\System32\KERNEL32.DLL
0x00007ff91c1c0000 - 0x00007ff91c4b6000 	C:\WINDOWS\System32\KERNELBASE.dll
0x00007ff91c960000 - 0x00007ff91ca60000 	C:\WINDOWS\System32\ucrtbase.dll
0x00007ff8fadc0000 - 0x00007ff8fadd8000 	c:\Users\Admin\.antigravity\extensions\redhat.java-1.50.0-win32-x64\jre\21.0.9-win32-x86_64\bin\jli.dll
0x00007ff91cfd0000 - 0x00007ff91d171000 	C:\WINDOWS\System32\USER32.dll
0x00007ff91c550000 - 0x00007ff91c572000 	C:\WINDOWS\System32\win32u.dll
0x00007ff91cdd0000 - 0x00007ff91cdfb000 	C:\WINDOWS\System32\GDI32.dll
0x00007ff91c710000 - 0x00007ff91c829000 	C:\WINDOWS\System32\gdi32full.dll
0x00007ff91c120000 - 0x00007ff91c1bd000 	C:\WINDOWS\System32\msvcp_win.dll
0x00007ff8face0000 - 0x00007ff8facfe000 	c:\Users\Admin\.antigravity\extensions\redhat.java-1.50.0-win32-x64\jre\21.0.9-win32-x86_64\bin\VCRUNTIME140.dll
0x00007ff90b970000 - 0x00007ff90bc0b000 	C:\WINDOWS\WinSxS\amd64_microsoft.windows.common-controls_6595b64144ccf1df_6.0.19041.6456_none_60b8a6cb71f64256\COMCTL32.dll
0x00007ff91e540000 - 0x00007ff91e5de000 	C:\WINDOWS\System32\msvcrt.dll
0x00007ff91d180000 - 0x00007ff91d1af000 	C:\WINDOWS\System32\IMM32.DLL
0x00007ff90c240000 - 0x00007ff90c24c000 	c:\Users\Admin\.antigravity\extensions\redhat.java-1.50.0-win32-x64\jre\21.0.9-win32-x86_64\bin\vcruntime140_1.dll
0x00007ff8f8670000 - 0x00007ff8f86fd000 	c:\Users\Admin\.antigravity\extensions\redhat.java-1.50.0-win32-x64\jre\21.0.9-win32-x86_64\bin\msvcp140.dll
0x00007ff8e39a0000 - 0x00007ff8e4740000 	c:\Users\Admin\.antigravity\extensions\redhat.java-1.50.0-win32-x64\jre\21.0.9-win32-x86_64\bin\server\jvm.dll
0x00007ff91d220000 - 0x00007ff91d2d1000 	C:\WINDOWS\System32\ADVAPI32.dll
0x00007ff91d2f0000 - 0x00007ff91d38f000 	C:\WINDOWS\System32\sechost.dll
0x00007ff91df50000 - 0x00007ff91e070000 	C:\WINDOWS\System32\RPCRT4.dll
0x00007ff91c6e0000 - 0x00007ff91c707000 	C:\WINDOWS\System32\bcrypt.dll
0x00007ff91d1b0000 - 0x00007ff91d21b000 	C:\WINDOWS\System32\WS2_32.dll
0x00007ff91b6b0000 - 0x00007ff91b6fb000 	C:\WINDOWS\SYSTEM32\POWRPROF.dll
0x00007ff9129b0000 - 0x00007ff9129d7000 	C:\WINDOWS\SYSTEM32\WINMM.dll
0x00007ff915d60000 - 0x00007ff915d6a000 	C:\WINDOWS\SYSTEM32\VERSION.dll
0x00007ff91b520000 - 0x00007ff91b532000 	C:\WINDOWS\SYSTEM32\UMPDC.dll
0x00007ff919fb0000 - 0x00007ff919fc2000 	C:\WINDOWS\SYSTEM32\kernel.appcore.dll
0x00007ff908ec0000 - 0x00007ff908eca000 	c:\Users\Admin\.antigravity\extensions\redhat.java-1.50.0-win32-x64\jre\21.0.9-win32-x86_64\bin\jimage.dll
0x00007ff916af0000 - 0x00007ff916cf1000 	C:\WINDOWS\SYSTEM32\DBGHELP.DLL
0x00007ff8f9ff0000 - 0x00007ff8fa024000 	C:\WINDOWS\SYSTEM32\dbgcore.DLL
0x00007ff91c4c0000 - 0x00007ff91c542000 	C:\WINDOWS\System32\bcryptPrimitives.dll
0x00007ff8fadb0000 - 0x00007ff8fadbf000 	c:\Users\Admin\.antigravity\extensions\redhat.java-1.50.0-win32-x64\jre\21.0.9-win32-x86_64\bin\instrument.dll
0x00007ff8fac00000 - 0x00007ff8fac20000 	c:\Users\Admin\.antigravity\extensions\redhat.java-1.50.0-win32-x64\jre\21.0.9-win32-x86_64\bin\java.dll
0x00007ff91d400000 - 0x00007ff91db70000 	C:\WINDOWS\System32\SHELL32.dll
0x00007ff91a1b0000 - 0x00007ff91a955000 	C:\WINDOWS\SYSTEM32\windows.storage.dll
0x00007ff91db70000 - 0x00007ff91dec4000 	C:\WINDOWS\System32\combase.dll
0x00007ff91bb50000 - 0x00007ff91bb7b000 	C:\WINDOWS\SYSTEM32\Wldp.dll
0x00007ff91e410000 - 0x00007ff91e4dd000 	C:\WINDOWS\System32\OLEAUT32.dll
0x00007ff91e200000 - 0x00007ff91e2ad000 	C:\WINDOWS\System32\SHCORE.dll
0x00007ff91e4e0000 - 0x00007ff91e53b000 	C:\WINDOWS\System32\shlwapi.dll
0x00007ff91c050000 - 0x00007ff91c074000 	C:\WINDOWS\SYSTEM32\profapi.dll
0x00007ff8fa9d0000 - 0x00007ff8fa9e8000 	c:\Users\Admin\.antigravity\extensions\redhat.java-1.50.0-win32-x64\jre\21.0.9-win32-x86_64\bin\zip.dll
0x00007ff8fa630000 - 0x00007ff8fa640000 	C:\Users\Admin\.antigravity\extensions\redhat.java-1.50.0-win32-x64\jre\21.0.9-win32-x86_64\bin\net.dll
0x00007ff915610000 - 0x00007ff91571a000 	C:\WINDOWS\SYSTEM32\WINHTTP.dll
0x00007ff91b8b0000 - 0x00007ff91b91a000 	C:\WINDOWS\system32\mswsock.dll
0x00007ff8fa590000 - 0x00007ff8fa5a6000 	C:\Users\Admin\.antigravity\extensions\redhat.java-1.50.0-win32-x64\jre\21.0.9-win32-x86_64\bin\nio.dll
0x00007ff8fa620000 - 0x00007ff8fa630000 	c:\Users\Admin\.antigravity\extensions\redhat.java-1.50.0-win32-x64\jre\21.0.9-win32-x86_64\bin\verify.dll
0x00007ff8f4720000 - 0x00007ff8f4764000 	C:\Users\Admin\AppData\Roaming\Antigravity\User\globalStorage\redhat.java\1.50.0\config_win\org.eclipse.equinox.launcher\org.eclipse.equinox.launcher.win32.win32.x86_64_1.2.1400.v20250801-0854\eclipse_11916.dll
0x00007ff91e0d0000 - 0x00007ff91e1fb000 	C:\WINDOWS\System32\ole32.dll
0x00007ff91baa0000 - 0x00007ff91bab8000 	C:\WINDOWS\SYSTEM32\CRYPTSP.dll
0x00007ff91b160000 - 0x00007ff91b198000 	C:\WINDOWS\system32\rsaenh.dll
0x00007ff91c010000 - 0x00007ff91c03e000 	C:\WINDOWS\SYSTEM32\USERENV.dll
0x00007ff91bac0000 - 0x00007ff91bacc000 	C:\WINDOWS\SYSTEM32\CRYPTBASE.dll
0x00007ff91b540000 - 0x00007ff91b57b000 	C:\WINDOWS\SYSTEM32\IPHLPAPI.DLL
0x00007ff91d2e0000 - 0x00007ff91d2e8000 	C:\WINDOWS\System32\NSI.dll
0x00007ff8fa3a0000 - 0x00007ff8fa3e9000 	C:\Users\Admin\AppData\Local\Temp\jna-63116079\jna4594491061878727357.dll
0x00007ff91d390000 - 0x00007ff91d398000 	C:\WINDOWS\System32\PSAPI.DLL
0x00007ff9166d0000 - 0x00007ff9166e7000 	C:\WINDOWS\SYSTEM32\dhcpcsvc6.DLL
0x00007ff9166b0000 - 0x00007ff9166cd000 	C:\WINDOWS\SYSTEM32\dhcpcsvc.DLL

JVMTI agents:
c:\Users\Admin\.antigravity\extensions\redhat.java-1.50.0-win32-x64\lombok\lombok-1.18.39-4050.jar path:c:\Users\Admin\.antigravity\extensions\redhat.java-1.50.0-win32-x64\jre\21.0.9-win32-x86_64\bin\instrument.dll, loaded, initialized, instrumentlib options:none

dbghelp: loaded successfully - version: 4.0.5 - missing functions: none
symbol engine: initialized successfully - sym options: 0x614 - pdb path: .;c:\Users\Admin\.antigravity\extensions\redhat.java-1.50.0-win32-x64\jre\21.0.9-win32-x86_64\bin;C:\WINDOWS\SYSTEM32;C:\WINDOWS\WinSxS\amd64_microsoft.windows.common-controls_6595b64144ccf1df_6.0.19041.6456_none_60b8a6cb71f64256;c:\Users\Admin\.antigravity\extensions\redhat.java-1.50.0-win32-x64\jre\21.0.9-win32-x86_64\bin\server;C:\Users\Admin\AppData\Roaming\Antigravity\User\globalStorage\redhat.java\1.50.0\config_win\org.eclipse.equinox.launcher\org.eclipse.equinox.launcher.win32.win32.x86_64_1.2.1400.v20250801-0854;C:\Users\Admin\AppData\Local\Temp\jna-63116079

VM Arguments:
jvm_args: --add-modules=ALL-SYSTEM --add-opens=java.base/java.util=ALL-UNNAMED --add-opens=java.base/java.lang=ALL-UNNAMED --add-opens=java.base/sun.nio.fs=ALL-UNNAMED -Declipse.application=org.eclipse.jdt.ls.core.id1 -Dosgi.bundles.defaultStartLevel=4 -Declipse.product=org.eclipse.jdt.ls.core.product -Djava.import.generatesMetadataFilesAtProjectRoot=false -DDetectVMInstallationsJob.disabled=true -Dfile.encoding=utf8 -XX:+UseParallelGC -XX:GCTimeRatio=4 -XX:AdaptiveSizePolicyWeight=90 -Dsun.zip.disableMemoryMapping=true -Xmx2G -Xms100m -Xlog:disable -javaagent:c:\Users\Admin\.antigravity\extensions\redhat.java-1.50.0-win32-x64\lombok\lombok-1.18.39-4050.jar -XX:+HeapDumpOnOutOfMemoryError -XX:HeapDumpPath=c:\Users\Admin\AppData\Roaming\Antigravity\User\workspaceStorage\af1cb1524c391b6bf54d4a5b5d479961\redhat.java -Daether.dependencyCollector.impl=bf 
java_command: c:\Users\Admin\.antigravity\extensions\redhat.java-1.50.0-win32-x64\server\plugins\org.eclipse.equinox.launcher_1.7.100.v20251111-0406.jar -configuration c:\Users\Admin\AppData\Roaming\Antigravity\User\globalStorage\redhat.java\1.50.0\config_win -data c:\Users\Admin\AppData\Roaming\Antigravity\User\workspaceStorage\af1cb1524c391b6bf54d4a5b5d479961\redhat.java\jdt_ws --pipe=\\.\pipe\lsp-d7d0f9613ee903487b33844329e64a2b-sock
java_class_path (initial): c:\Users\Admin\.antigravity\extensions\redhat.java-1.50.0-win32-x64\server\plugins\org.eclipse.equinox.launcher_1.7.100.v20251111-0406.jar
Launcher Type: SUN_STANDARD

[Global flags]
    uintx AdaptiveSizePolicyWeight                 = 90                                        {product} {command line}
     intx CICompilerCount                          = 3                                         {product} {ergonomic}
    uintx GCTimeRatio                              = 4                                         {product} {command line}
     bool HeapDumpOnOutOfMemoryError               = true                                   {manageable} {command line}
    ccstr HeapDumpPath                             = c:\Users\Admin\AppData\Roaming\Antigravity\User\workspaceStorage\af1cb1524c391b6bf54d4a5b5d479961\redhat.java         {manageable} {command line}
   size_t InitialHeapSize                          = 104857600                                 {product} {command line}
   size_t MaxHeapSize                              = 2147483648                                {product} {command line}
   size_t MaxNewSize                               = 715653120                                 {product} {ergonomic}
   size_t MinHeapDeltaBytes                        = 524288                                    {product} {ergonomic}
   size_t MinHeapSize                              = 104857600                                 {product} {command line}
   size_t NewSize                                  = 34603008                                  {product} {ergonomic}
    uintx NonNMethodCodeHeapSize                   = 5832780                                {pd product} {ergonomic}
    uintx NonProfiledCodeHeapSize                  = 122912730                              {pd product} {ergonomic}
   size_t OldSize                                  = 70254592                                  {product} {ergonomic}
    uintx ProfiledCodeHeapSize                     = 122912730                              {pd product} {ergonomic}
    uintx ReservedCodeCacheSize                    = 251658240                              {pd product} {ergonomic}
     bool SegmentedCodeCache                       = true                                      {product} {ergonomic}
   size_t SoftMaxHeapSize                          = 2147483648                             {manageable} {ergonomic}
     bool UseCompressedOops                        = true                           {product lp64_product} {ergonomic}
     bool UseLargePagesIndividualAllocation        = false                                  {pd product} {ergonomic}
     bool UseParallelGC                            = true                                      {product} {command line}

Logging:
Log output configuration:
 #0: stdout all=off uptime,level,tags foldmultilines=false
 #1: stderr all=off uptime,level,tags foldmultilines=false

Release file:
JAVA_VERSION="21.0.9" 
MODULES="java.base java.compiler java.datatransfer java.xml java.prefs java.desktop java.instrument java.logging java.management java.security.sasl java.naming java.rmi java.management.rmi java.net.http java.scripting java.security.jgss java.transaction.xa java.sql java.sql.rowset java.xml.crypto java.se java.smartcardio jdk.accessibility jdk.internal.jvmstat jdk.attach jdk.charsets jdk.internal.opt jdk.zipfs jdk.compiler jdk.crypto.ec jdk.crypto.cryptoki jdk.crypto.mscapi jdk.dynalink jdk.internal.ed jdk.editpad jdk.hotspot.agent jdk.httpserver jdk.internal.le jdk.internal.vm.ci jdk.internal.vm.compiler jdk.internal.vm.compiler.management jdk.jartool jdk.javadoc jdk.jcmd jdk.management jdk.management.agent jdk.jconsole jdk.jdeps jdk.jdwp.agent jdk.jdi jdk.jfr jdk.jshell jdk.jsobject jdk.jstatd jdk.localedata jdk.management.jfr jdk.naming.dns jdk.naming.rmi jdk.net jdk.nio.mapmode jdk.random jdk.sctp jdk.security.auth jdk.security.jgss jdk.unsupported jdk.unsupported.desktop jdk.xml.dom" 

Environment Variables:
PATH=C:\Program Files\Common Files\Oracle\Java\javapath;C:\WINDOWS\system32;C:\WINDOWS;C:\WINDOWS\System32\Wbem;C:\WINDOWS\System32\WindowsPowerShell\v1.0\;C:\WINDOWS\System32\OpenSSH\;C:\Program Files\Microsoft SQL Server\150\Tools\Binn\;C:\Program Files\nodejs\;C:\Users\Admin\AppData\Local\Microsoft\WindowsApps;C:\Users\Admin\AppData\Local\Programs\Microsoft VS Code\bin;C:\Users\Admin\AppData\Local\Programs\Antigravity\bin;C:\Users\Admin\AppData\Roaming\npm
USERNAME=Admin
OS=Windows_NT
PROCESSOR_IDENTIFIER=Intel64 Family 6 Model 42 Stepping 7, GenuineIntel
TMP=C:\Users\Admin\AppData\Local\Temp
TEMP=C:\Users\Admin\AppData\Local\Temp




Periodic native trim disabled

---------------  S Y S T E M  ---------------

OS:
 Windows 10 , 64 bit Build 19041 (10.0.19041.5915)
OS uptime: 0 days 9:06 hours

CPU: total 4 (initial active 4) (4 cores per cpu, 1 threads per core) family 6 model 42 stepping 7 microcode 0x2f, cx8, cmov, fxsr, mmx, sse, sse2, sse3, ssse3, sse4.1, sse4.2, popcnt, tsc, tscinvbit, avx, aes, clmul, vzeroupper, clflush, rdtscp
Processor Information for the first 4 processors :
  Max Mhz: 3301, Current Mhz: 3301, Mhz Limit: 3301

Memory: 4k page, system-wide physical 16337M (6246M free)
TotalPageFile size 20433M (AvailPageFile size 4M)
current process WorkingSet (physical memory assigned to process): 211M, peak: 212M
current process commit charge ("private bytes"): 319M, peak: 324M

vm_info: OpenJDK 64-Bit Server VM (21.0.9+10-LTS) for windows-amd64 JRE (21.0.9+10-LTS), built on 2025-10-21T00:00:00Z by "admin" with unknown MS VC++:1942

END.
