#
# There is insufficient memory for the Java Runtime Environment to continue.
# Native memory allocation (malloc) failed to allocate 32784 bytes. Error detail: Chunk::new
# Possible reasons:
#   The system is out of physical RAM or swap space
#   This process is running with CompressedOops enabled, and the Java Heap may be blocking the growth of the native heap
# Possible solutions:
#   Reduce memory load on the system
#   Increase physical memory or swap space
#   Check if swap backing store is full
#   Decrease Java heap size (-Xmx/-Xms)
#   Decrease number of Java threads
#   Decrease Java thread stack sizes (-Xss)
#   Set larger code cache with -XX:ReservedCodeCacheSize=
#   JVM is running with Unscaled Compressed Oops mode in which the Java heap is
#     placed in the first 4GB address space. The Java Heap base address is the
#     maximum limit for the native heap growth. Please use -XX:HeapBaseMinAddress
#     to set the Java Heap base and to place the Java Heap above 4GB virtual address.
# This output file may be truncated or incomplete.
#
#  Out of Memory Error (arena.cpp:168), pid=12336, tid=13224
#
# JRE version: OpenJDK Runtime Environment Temurin-21.0.9+10 (21.0.9+10) (build 21.0.9+10-LTS)
# Java VM: OpenJDK 64-Bit Server VM Temurin-21.0.9+10 (21.0.9+10-LTS, mixed mode, sharing, tiered, compressed oops, compressed class ptrs, parallel gc, windows-amd64)
# No core dump will be written. Minidumps are not enabled by default on client versions of Windows
#

---------------  S U M M A R Y ------------

Command Line: --add-modules=ALL-SYSTEM --add-opens=java.base/java.util=ALL-UNNAMED --add-opens=java.base/java.lang=ALL-UNNAMED --add-opens=java.base/sun.nio.fs=ALL-UNNAMED -Declipse.application=org.eclipse.jdt.ls.core.id1 -Dosgi.bundles.defaultStartLevel=4 -Declipse.product=org.eclipse.jdt.ls.core.product -Djava.import.generatesMetadataFilesAtProjectRoot=false -DDetectVMInstallationsJob.disabled=true -Dfile.encoding=utf8 -XX:+UseParallelGC -XX:GCTimeRatio=4 -XX:AdaptiveSizePolicyWeight=90 -Dsun.zip.disableMemoryMapping=true -Xmx2G -Xms100m -Xlog:disable -javaagent:c:\Users\Admin\.antigravity\extensions\redhat.java-1.50.0-win32-x64\lombok\lombok-1.18.39-4050.jar c:\Users\Admin\.antigravity\extensions\redhat.java-1.50.0-win32-x64\server\plugins\org.eclipse.equinox.launcher_1.7.100.v20251111-0406.jar -configuration c:\Users\Admin\AppData\Roaming\Antigravity\User\globalStorage\redhat.java\1.50.0\config_ss_win -data c:\Users\Admin\AppData\Roaming\Antigravity\User\workspaceStorage\af1cb1524c391b6bf54d4a5b5d479961\redhat.java\ss_ws --pipe=\\.\pipe\lsp-1cec897c3b2795a09a1bc3b2afdd3724-sock

Host: Intel(R) Core(TM) i5-2500 CPU @ 3.30GHz, 4 cores, 15G,  Windows 10 , 64 bit Build 19041 (10.0.19041.5915)
Time: Thu Dec 18 21:01:56 2025 SE Asia Standard Time elapsed time: 3.155713 seconds (0d 0h 0m 3s)

---------------  T H R E A D  ---------------

Current thread (0x000002555d5fe6c0):  JavaThread "C2 CompilerThread0" daemon [_thread_in_native, id=13224, stack(0x0000009972a00000,0x0000009972b00000) (1024K)]


Current CompileTask:
C2:3155 1886       4       java.io.DataInputStream::readFully (59 bytes)

Stack: [0x0000009972a00000,0x0000009972b00000]
Native frames: (J=compiled Java code, j=interpreted, Vv=VM code, C=native code)
V  [jvm.dll+0x6d6e29]
V  [jvm.dll+0x8b4b76]
V  [jvm.dll+0x8b712e]
V  [jvm.dll+0x8b7813]
V  [jvm.dll+0x283d86]
V  [jvm.dll+0xc66ed]
V  [jvm.dll+0xc6c31]
V  [jvm.dll+0xc6815]
V  [jvm.dll+0x6b1f8c]
V  [jvm.dll+0x65f24f]
V  [jvm.dll+0x664bcf]
V  [jvm.dll+0x665b16]
V  [jvm.dll+0x663e5b]
V  [jvm.dll+0x24be1b]
V  [jvm.dll+0x24b580]
V  [jvm.dll+0x1cb13e]
V  [jvm.dll+0x25b29d]
V  [jvm.dll+0x25982a]
V  [jvm.dll+0x3f7ea6]
V  [jvm.dll+0x85e9ad]
V  [jvm.dll+0x6d565d]
C  [ucrtbase.dll+0x21bb2]
C  [KERNEL32.DLL+0x17374]
C  [ntdll.dll+0x4cc91]


---------------  P R O C E S S  ---------------

Threads class SMR info:
_java_thread_list=0x00000255798a9ce0, length=16, elements={
0x000002555d7122a0, 0x000002555d5f4a40, 0x000002555d5f5fe0, 0x000002555d5f9990,
0x000002555d5fc3f0, 0x000002555d5fce40, 0x000002555d5fd890, 0x000002555d5fe6c0,
0x000002555d675560, 0x00000255791126f0, 0x00000255792654f0, 0x0000025579767860,
0x0000025579768c10, 0x0000025579769930, 0x0000025579768580, 0x0000025579a69fe0
}

Java Threads: ( => current thread )
  0x000002555d7122a0 JavaThread "main"                              [_thread_blocked, id=2936, stack(0x0000009972000000,0x0000009972100000) (1024K)]
  0x000002555d5f4a40 JavaThread "Reference Handler"          daemon [_thread_blocked, id=12752, stack(0x0000009972400000,0x0000009972500000) (1024K)]
  0x000002555d5f5fe0 JavaThread "Finalizer"                  daemon [_thread_blocked, id=11104, stack(0x0000009972500000,0x0000009972600000) (1024K)]
  0x000002555d5f9990 JavaThread "Signal Dispatcher"          daemon [_thread_blocked, id=2280, stack(0x0000009972600000,0x0000009972700000) (1024K)]
  0x000002555d5fc3f0 JavaThread "Attach Listener"            daemon [_thread_blocked, id=11912, stack(0x0000009972700000,0x0000009972800000) (1024K)]
  0x000002555d5fce40 JavaThread "Service Thread"             daemon [_thread_blocked, id=19404, stack(0x0000009972800000,0x0000009972900000) (1024K)]
  0x000002555d5fd890 JavaThread "Monitor Deflation Thread"   daemon [_thread_blocked, id=15224, stack(0x0000009972900000,0x0000009972a00000) (1024K)]
=>0x000002555d5fe6c0 JavaThread "C2 CompilerThread0"         daemon [_thread_in_native, id=13224, stack(0x0000009972a00000,0x0000009972b00000) (1024K)]
  0x000002555d675560 JavaThread "C1 CompilerThread0"         daemon [_thread_in_native, id=5336, stack(0x0000009972b00000,0x0000009972c00000) (1024K)]
  0x00000255791126f0 JavaThread "Common-Cleaner"             daemon [_thread_blocked, id=15700, stack(0x0000009972c00000,0x0000009972d00000) (1024K)]
  0x00000255792654f0 JavaThread "Notification Thread"        daemon [_thread_blocked, id=10376, stack(0x0000009972d00000,0x0000009972e00000) (1024K)]
  0x0000025579767860 JavaThread "Active Thread: Equinox Container: 824c9210-f012-4991-86d1-b71ce1cd51f2"        [_thread_blocked, id=12508, stack(0x0000009973200000,0x0000009973300000) (1024K)]
  0x0000025579768c10 JavaThread "Framework Event Dispatcher: Equinox Container: 824c9210-f012-4991-86d1-b71ce1cd51f2" daemon [_thread_blocked, id=15584, stack(0x0000009972e00000,0x0000009972f00000) (1024K)]
  0x0000025579769930 JavaThread "Start Level: Equinox Container: 824c9210-f012-4991-86d1-b71ce1cd51f2" daemon [_thread_in_vm, id=13276, stack(0x0000009973300000,0x0000009973400000) (1024K)]
  0x0000025579768580 JavaThread "SCR Component Actor"        daemon [_thread_blocked, id=4900, stack(0x0000009973400000,0x0000009973500000) (1024K)]
  0x0000025579a69fe0 JavaThread "C2 CompilerThread1"         daemon [_thread_in_native, id=7072, stack(0x0000009973500000,0x0000009973600000) (1024K)]
Total: 16

Other Threads:
  0x000002555d7cbd30 VMThread "VM Thread"                           [id=8592, stack(0x0000009972300000,0x0000009972400000) (1024K)]
  0x000002555d77edb0 WatcherThread "VM Periodic Task Thread"        [id=11512, stack(0x0000009972200000,0x0000009972300000) (1024K)]
  0x000002555d730000 WorkerThread "GC Thread#0"                     [id=12760, stack(0x0000009972100000,0x0000009972200000) (1024K)]
  0x000002557941f0e0 WorkerThread "GC Thread#1"                     [id=17584, stack(0x0000009972f00000,0x0000009973000000) (1024K)]
  0x000002557941f480 WorkerThread "GC Thread#2"                     [id=10204, stack(0x0000009973000000,0x0000009973100000) (1024K)]
  0x0000025579935900 WorkerThread "GC Thread#3"                     [id=12616, stack(0x0000009973100000,0x0000009973200000) (1024K)]
Total: 6

Threads with active compile tasks:
C2 CompilerThread0  3175 1886       4       java.io.DataInputStream::readFully (59 bytes)
C1 CompilerThread0  3175 1938       3       sun.util.locale.StringTokenIterator::next (74 bytes)
C2 CompilerThread1  3175 1887   !   4       java.io.BufferedInputStream::read (69 bytes)
Total: 3

VM state: not at safepoint (normal execution)

VM Mutex/Monitor currently owned by a thread: None

OutOfMemory and StackOverflow Exception counts:
OutOfMemoryError java_heap_errors=1
LinkageErrors=27

Heap address: 0x0000000080000000, size: 2048 MB, Compressed Oops mode: 32-bit

CDS archive(s) mapped at: [0x0000025500000000-0x0000025500ba0000-0x0000025500ba0000), size 12189696, SharedBaseAddress: 0x0000025500000000, ArchiveRelocationMode: 1.
Compressed class space mapped at: 0x0000025501000000-0x0000025541000000, reserved size: 1073741824
Narrow klass base: 0x0000025500000000, Narrow klass shift: 0, Narrow klass range: 0x100000000

GC Precious Log:
 CardTable entry size: 512
 CPUs: 4 total, 4 available
 Memory: 16337M
 Large Page Support: Disabled
 NUMA Support: Disabled
 Compressed Oops: Enabled (32-bit)
 Alignments: Space 512K, Generation 512K, Heap 2M
 Heap Min Capacity: 100M
 Heap Initial Capacity: 100M
 Heap Max Capacity: 2G
 Pre-touch: Disabled
 Parallel Workers: 4

Heap:
 PSYoungGen      total 29696K, used 14671K [0x00000000d5580000, 0x00000000d7680000, 0x0000000100000000)
  eden space 25600K, 41% used [0x00000000d5580000,0x00000000d5fd9fb8,0x00000000d6e80000)
  from space 4096K, 99% used [0x00000000d7280000,0x00000000d7679e98,0x00000000d7680000)
  to   space 4096K, 0% used [0x00000000d6e80000,0x00000000d6e80000,0x00000000d7280000)
 ParOldGen       total 68608K, used 898K [0x0000000080000000, 0x0000000084300000, 0x00000000d5580000)
  object space 68608K, 1% used [0x0000000080000000,0x00000000800e0878,0x0000000084300000)
 Metaspace       used 10166K, committed 10496K, reserved 1114112K
  class space    used 1093K, committed 1216K, reserved 1048576K

Card table byte_map: [0x000002555d0c0000,0x000002555d4d0000] _byte_map_base: 0x000002555ccc0000

Marking Bits: (ParMarkBitMap*) 0x00007ff8e4662460
 Begin Bits: [0x000002556fbd0000, 0x0000025571bd0000)
 End Bits:   [0x0000025571bd0000, 0x0000025573bd0000)

Polling page: 0x000002555b4a0000

Metaspace:

Usage:
  Non-class:      8.86 MB used.
      Class:      1.07 MB used.
       Both:      9.93 MB used.

Virtual space:
  Non-class space:       64.00 MB reserved,       9.06 MB ( 14%) committed,  1 nodes.
      Class space:        1.00 GB reserved,       1.19 MB ( <1%) committed,  1 nodes.
             Both:        1.06 GB reserved,      10.25 MB ( <1%) committed. 

Chunk freelists:
   Non-Class:  6.53 MB
       Class:  14.76 MB
        Both:  21.28 MB

MaxMetaspaceSize: unlimited
CompressedClassSpaceSize: 1.00 GB
Initial GC threshold: 21.00 MB
Current GC threshold: 21.00 MB
CDS: on
 - commit_granule_bytes: 65536.
 - commit_granule_words: 8192.
 - virtual_space_node_default_size: 8388608.
 - enlarge_chunks_in_place: 1.
 - use_allocation_guard: 0.


Internal statistics:

num_allocs_failed_limit: 0.
num_arena_births: 244.
num_arena_deaths: 0.
num_vsnodes_births: 2.
num_vsnodes_deaths: 0.
num_space_committed: 164.
num_space_uncommitted: 0.
num_chunks_returned_to_freelist: 0.
num_chunks_taken_from_freelist: 510.
num_chunk_merges: 0.
num_chunk_splits: 331.
num_chunks_enlarged: 215.
num_inconsistent_stats: 0.

CodeHeap 'non-profiled nmethods': size=120000Kb used=803Kb max_used=803Kb free=119196Kb
 bounds [0x00000255683f0000, 0x0000025568660000, 0x000002556f920000]
CodeHeap 'profiled nmethods': size=120000Kb used=3473Kb max_used=3473Kb free=116526Kb
 bounds [0x0000025560920000, 0x0000025560c90000, 0x0000025567e50000]
CodeHeap 'non-nmethods': size=5760Kb used=1223Kb max_used=1239Kb free=4536Kb
 bounds [0x0000025567e50000, 0x00000255680c0000, 0x00000255683f0000]
CodeCache: size=245760Kb, used=5499Kb, max_used=5515Kb, free=240258Kb
 total_blobs=2428, nmethods=1933, adapters=402, full_count=0
Compilation: enabled, stopped_count=0, restarted_count=0

Compilation events (20 events):
Event: 3.145 Thread 0x000002555d675560 1890       3       java.io.DataInputStream::readShort (19 bytes)
Event: 3.145 Thread 0x000002555d5fe6c0 1886       4       java.io.DataInputStream::readFully (59 bytes)
Event: 3.145 Thread 0x0000025579a69fe0 1888 %     4       java.io.DataInputStream::readUTF @ 92 (501 bytes)
Event: 3.145 Thread 0x000002555d675560 nmethod 1890 0x0000025560c70610 code [0x0000025560c70820, 0x0000025560c70e40]
Event: 3.145 Thread 0x000002555d675560 1891       3       jdk.internal.util.ByteArray::getShort (9 bytes)
Event: 3.145 Thread 0x000002555d675560 nmethod 1891 0x0000025560c71110 code [0x0000025560c71300, 0x0000025560c71840]
Event: 3.145 Thread 0x000002555d675560 1892       3       java.io.DataInputStream::readFully (9 bytes)
Event: 3.146 Thread 0x000002555d675560 nmethod 1892 0x0000025560c71a90 code [0x0000025560c71c40, 0x0000025560c71d88]
Event: 3.149 Thread 0x000002555d675560 1893       3       java.io.DataInputStream::readLong (20 bytes)
Event: 3.149 Thread 0x000002555d675560 nmethod 1893 0x0000025560c71e90 code [0x0000025560c720a0, 0x0000025560c726b0]
Event: 3.150 Thread 0x000002555d675560 1894       3       jdk.internal.util.ByteArray::getLong (9 bytes)
Event: 3.150 Thread 0x000002555d675560 nmethod 1894 0x0000025560c72990 code [0x0000025560c72b80, 0x0000025560c730b0]
Event: 3.150 Thread 0x000002555d675560 1898       3       jdk.internal.misc.Unsafe::getLongUnaligned (12 bytes)
Event: 3.150 Thread 0x000002555d675560 nmethod 1898 0x0000025560c73310 code [0x0000025560c734c0, 0x0000025560c736a0]
Event: 3.150 Thread 0x000002555d675560 1895       3       java.lang.invoke.VarHandleGuards::guard_LI_J (78 bytes)
Event: 3.151 Thread 0x000002555d675560 nmethod 1895 0x0000025560c73790 code [0x0000025560c73ac0, 0x0000025560c75290]
Event: 3.151 Thread 0x000002555d675560 1896       3       java.lang.invoke.VarHandleByteArrayAsLongs$ArrayHandle::get (36 bytes)
Event: 3.151 Thread 0x000002555d675560 nmethod 1896 0x0000025560c75990 code [0x0000025560c75b60, 0x0000025560c75f38]
Event: 3.151 Thread 0x000002555d675560 1897       3       java.lang.invoke.VarHandleByteArrayAsLongs$ArrayHandle::index (13 bytes)
Event: 3.151 Thread 0x000002555d675560 nmethod 1897 0x0000025560c76110 code [0x0000025560c762c0, 0x0000025560c76408]

GC Heap History (4 events):
Event: 1.368 GC heap before
{Heap before GC invocations=1 (full 0):
 PSYoungGen      total 29696K, used 25600K [0x00000000d5580000, 0x00000000d7680000, 0x0000000100000000)
  eden space 25600K, 100% used [0x00000000d5580000,0x00000000d6e80000,0x00000000d6e80000)
  from space 4096K, 0% used [0x00000000d7280000,0x00000000d7280000,0x00000000d7680000)
  to   space 4096K, 0% used [0x00000000d6e80000,0x00000000d6e80000,0x00000000d7280000)
 ParOldGen       total 68608K, used 0K [0x0000000080000000, 0x0000000084300000, 0x00000000d5580000)
  object space 68608K, 0% used [0x0000000080000000,0x0000000080000000,0x0000000084300000)
 Metaspace       used 4351K, committed 4608K, reserved 1114112K
  class space    used 473K, committed 576K, reserved 1048576K
}
Event: 1.454 GC heap after
{Heap after GC invocations=1 (full 0):
 PSYoungGen      total 29696K, used 3303K [0x00000000d5580000, 0x00000000d7680000, 0x0000000100000000)
  eden space 25600K, 0% used [0x00000000d5580000,0x00000000d5580000,0x00000000d6e80000)
  from space 4096K, 80% used [0x00000000d6e80000,0x00000000d71b9e98,0x00000000d7280000)
  to   space 4096K, 0% used [0x00000000d7280000,0x00000000d7280000,0x00000000d7680000)
 ParOldGen       total 68608K, used 0K [0x0000000080000000, 0x0000000084300000, 0x00000000d5580000)
  object space 68608K, 0% used [0x0000000080000000,0x0000000080000000,0x0000000084300000)
 Metaspace       used 4351K, committed 4608K, reserved 1114112K
  class space    used 473K, committed 576K, reserved 1048576K
}
Event: 2.852 GC heap before
{Heap before GC invocations=2 (full 0):
 PSYoungGen      total 29696K, used 28903K [0x00000000d5580000, 0x00000000d7680000, 0x0000000100000000)
  eden space 25600K, 100% used [0x00000000d5580000,0x00000000d6e80000,0x00000000d6e80000)
  from space 4096K, 80% used [0x00000000d6e80000,0x00000000d71b9e98,0x00000000d7280000)
  to   space 4096K, 0% used [0x00000000d7280000,0x00000000d7280000,0x00000000d7680000)
 ParOldGen       total 68608K, used 0K [0x0000000080000000, 0x0000000084300000, 0x00000000d5580000)
  object space 68608K, 0% used [0x0000000080000000,0x0000000080000000,0x0000000084300000)
 Metaspace       used 8223K, committed 8512K, reserved 1114112K
  class space    used 876K, committed 1024K, reserved 1048576K
}
Event: 2.857 GC heap after
{Heap after GC invocations=2 (full 0):
 PSYoungGen      total 29696K, used 4071K [0x00000000d5580000, 0x00000000d7680000, 0x0000000100000000)
  eden space 25600K, 0% used [0x00000000d5580000,0x00000000d5580000,0x00000000d6e80000)
  from space 4096K, 99% used [0x00000000d7280000,0x00000000d7679e98,0x00000000d7680000)
  to   space 4096K, 0% used [0x00000000d6e80000,0x00000000d6e80000,0x00000000d7280000)
 ParOldGen       total 68608K, used 898K [0x0000000080000000, 0x0000000084300000, 0x00000000d5580000)
  object space 68608K, 1% used [0x0000000080000000,0x00000000800e0878,0x0000000084300000)
 Metaspace       used 8223K, committed 8512K, reserved 1114112K
  class space    used 876K, committed 1024K, reserved 1048576K
}

Dll operation events (9 events):
Event: 0.009 Loaded shared library c:\Users\Admin\.antigravity\extensions\redhat.java-1.50.0-win32-x64\jre\21.0.9-win32-x86_64\bin\java.dll
Event: 0.128 Loaded shared library c:\Users\Admin\.antigravity\extensions\redhat.java-1.50.0-win32-x64\jre\21.0.9-win32-x86_64\bin\zip.dll
Event: 0.149 Loaded shared library C:\Users\Admin\.antigravity\extensions\redhat.java-1.50.0-win32-x64\jre\21.0.9-win32-x86_64\bin\instrument.dll
Event: 0.154 Loaded shared library C:\Users\Admin\.antigravity\extensions\redhat.java-1.50.0-win32-x64\jre\21.0.9-win32-x86_64\bin\net.dll
Event: 0.156 Loaded shared library C:\Users\Admin\.antigravity\extensions\redhat.java-1.50.0-win32-x64\jre\21.0.9-win32-x86_64\bin\nio.dll
Event: 0.160 Loaded shared library C:\Users\Admin\.antigravity\extensions\redhat.java-1.50.0-win32-x64\jre\21.0.9-win32-x86_64\bin\zip.dll
Event: 0.187 Loaded shared library C:\Users\Admin\.antigravity\extensions\redhat.java-1.50.0-win32-x64\jre\21.0.9-win32-x86_64\bin\jimage.dll
Event: 0.286 Loaded shared library c:\Users\Admin\.antigravity\extensions\redhat.java-1.50.0-win32-x64\jre\21.0.9-win32-x86_64\bin\verify.dll
Event: 2.664 Loaded shared library C:\Users\Admin\AppData\Roaming\Antigravity\User\globalStorage\redhat.java\1.50.0\config_ss_win\org.eclipse.equinox.launcher\org.eclipse.equinox.launcher.win32.win32.x86_64_1.2.1400.v20250801-0854\eclipse_11916.dll

Deoptimization events (20 events):
Event: 2.464 Thread 0x000002555d7122a0 DEOPT PACKING pc=0x0000025560c0afb1 sp=0x00000099720fd770
Event: 2.464 Thread 0x000002555d7122a0 DEOPT UNPACKING pc=0x0000025567ea4242 sp=0x00000099720fcbe8 mode 0
Event: 2.464 Thread 0x000002555d7122a0 DEOPT PACKING pc=0x0000025560a2ee8b sp=0x00000099720fcd20
Event: 2.464 Thread 0x000002555d7122a0 DEOPT UNPACKING pc=0x0000025567ea4242 sp=0x00000099720fc198 mode 0
Event: 2.465 Thread 0x000002555d7122a0 DEOPT PACKING pc=0x0000025560a1a886 sp=0x00000099720fc830
Event: 2.465 Thread 0x000002555d7122a0 DEOPT UNPACKING pc=0x0000025567ea4242 sp=0x00000099720fbcb0 mode 0
Event: 2.467 Thread 0x000002555d7122a0 DEOPT PACKING pc=0x0000025560a1a886 sp=0x00000099720fca80
Event: 2.467 Thread 0x000002555d7122a0 DEOPT UNPACKING pc=0x0000025567ea4242 sp=0x00000099720fbf00 mode 0
Event: 2.768 Thread 0x000002555d7122a0 Uncommon trap: trap_request=0xffffff45 fr.pc=0x0000025568472960 relative=0x0000000000000040
Event: 2.768 Thread 0x000002555d7122a0 Uncommon trap: reason=unstable_if action=reinterpret pc=0x0000025568472960 method=java.util.concurrent.locks.AbstractQueuedSynchronizer.signalNext(Ljava/util/concurrent/locks/AbstractQueuedSynchronizer$Node;)V @ 1 c2
Event: 2.768 Thread 0x000002555d7122a0 DEOPT PACKING pc=0x0000025568472960 sp=0x00000099720fee00
Event: 2.768 Thread 0x000002555d7122a0 DEOPT UNPACKING pc=0x0000025567ea3aa2 sp=0x00000099720fed98 mode 2
Event: 2.824 Thread 0x0000025579769930 Uncommon trap: trap_request=0xffffff6e fr.pc=0x000002556846c1b0 relative=0x0000000000000370
Event: 2.824 Thread 0x0000025579769930 Uncommon trap: reason=loop_limit_check action=maybe_recompile pc=0x000002556846c1b0 method=java.lang.StringLatin1.indexOf([BI[BII)I @ 37 c2
Event: 2.824 Thread 0x0000025579769930 DEOPT PACKING pc=0x000002556846c1b0 sp=0x00000099733f8c90
Event: 2.824 Thread 0x0000025579769930 DEOPT UNPACKING pc=0x0000025567ea3aa2 sp=0x00000099733f8bf0 mode 2
Event: 3.143 Thread 0x0000025579769930 Uncommon trap: trap_request=0xffffff45 fr.pc=0x00000255684774b4 relative=0x0000000000000094
Event: 3.143 Thread 0x0000025579769930 Uncommon trap: reason=unstable_if action=reinterpret pc=0x00000255684774b4 method=java.io.BufferedInputStream.getBufIfOpen(Z)[B @ 13 c2
Event: 3.143 Thread 0x0000025579769930 DEOPT PACKING pc=0x00000255684774b4 sp=0x00000099733fc8d0
Event: 3.143 Thread 0x0000025579769930 DEOPT UNPACKING pc=0x0000025567ea3aa2 sp=0x00000099733fc850 mode 2

Classes loaded (20 events):
Event: 3.045 Loading class java/io/CharConversionException done
Event: 3.045 Loading class com/sun/org/apache/xerces/internal/impl/io/MalformedByteSequenceException done
Event: 3.055 Loading class java/util/concurrent/RejectedExecutionException
Event: 3.055 Loading class java/util/concurrent/RejectedExecutionException done
Event: 3.055 Loading class java/util/concurrent/CompletionStage
Event: 3.055 Loading class java/util/concurrent/CompletionStage done
Event: 3.067 Loading class java/util/concurrent/locks/ReentrantLock$FairSync
Event: 3.067 Loading class java/util/concurrent/locks/ReentrantLock$FairSync done
Event: 3.084 Loading class java/util/Collections$ReverseComparator
Event: 3.084 Loading class java/util/Collections$ReverseComparator done
Event: 3.137 Loading class java/text/MessageFormat
Event: 3.137 Loading class java/text/MessageFormat done
Event: 3.138 Loading class java/text/MessageFormat$Field
Event: 3.138 Loading class java/text/MessageFormat$Field done
Event: 3.139 Loading class java/lang/StackTraceElement$HashedModules
Event: 3.139 Loading class java/lang/StackTraceElement$HashedModules done
Event: 3.141 Loading class sun/nio/cs/UTF_8$Encoder
Event: 3.141 Loading class sun/nio/cs/UTF_8$Encoder done
Event: 3.152 Loading class sun/util/calendar/ZoneInfoFile$Checksum
Event: 3.152 Loading class sun/util/calendar/ZoneInfoFile$Checksum done

Classes unloaded (0 events):
No events

Classes redefined (0 events):
No events

Internal exceptions (20 events):
Event: 1.365 Thread 0x000002555d7122a0 Exception <a 'java/lang/ClassNotFoundException'{0x00000000d6e75ca8}: sun/net/www/protocol/c/Handler> (0x00000000d6e75ca8) 
thrown [s\src\hotspot\share\classfile\systemDictionary.cpp, line 312]
Event: 1.366 Thread 0x000002555d7122a0 Exception <a 'java/lang/ClassNotFoundException'{0x00000000d6e76e00}: sun/net/www/protocol/c/Handler> (0x00000000d6e76e00) 
thrown [s\src\hotspot\share\classfile\systemDictionary.cpp, line 312]
Event: 1.460 Thread 0x000002555d7122a0 Exception <a 'java/io/FileNotFoundException'{0x00000000d559c758}> (0x00000000d559c758) 
thrown [s\src\hotspot\share\prims\jni.cpp, line 520]
Event: 1.488 Thread 0x000002555d7122a0 Implicit null exception at 0x00000255684607c9 to 0x0000025568461130
Event: 1.539 Thread 0x000002555d7122a0 Implicit null exception at 0x000002556846449a to 0x00000255684646a0
Event: 1.540 Thread 0x000002555d7122a0 Exception <a 'java/lang/NoSuchMethodError'{0x00000000d56d0520}: 'void java.lang.invoke.DirectMethodHandle$Holder.invokeStatic(java.lang.Object, java.lang.Object, java.lang.Object, java.lang.Object)'> (0x00000000d56d0520) 
thrown [s\src\hotspot\share\interpreter\linkResolver.cpp, line 773]
Event: 1.544 Thread 0x000002555d7122a0 Implicit null exception at 0x0000025568454c3c to 0x0000025568454ec8
Event: 1.753 Thread 0x000002555d7122a0 Exception <a 'java/lang/NoSuchMethodError'{0x00000000d5989c98}: 'void java.lang.invoke.DirectMethodHandle$Holder.invokeSpecial(java.lang.Object, java.lang.Object, java.lang.Object)'> (0x00000000d5989c98) 
thrown [s\src\hotspot\share\interpreter\linkResolver.cpp, line 773]
Event: 2.192 Thread 0x000002555d7122a0 Exception <a 'java/lang/NoSuchMethodError'{0x00000000d623e9c0}: 'int java.lang.invoke.DirectMethodHandle$Holder.invokeVirtual(java.lang.Object, java.lang.Object)'> (0x00000000d623e9c0) 
thrown [s\src\hotspot\share\interpreter\linkResolver.cpp, line 773]
Event: 2.237 Thread 0x000002555d7122a0 Exception <a 'java/lang/NoSuchMethodError'{0x00000000d63b2170}: 'int java.lang.invoke.DirectMethodHandle$Holder.invokeStaticInit(java.lang.Object, java.lang.Object, java.lang.Object, java.lang.Object)'> (0x00000000d63b2170) 
thrown [s\src\hotspot\share\interpreter\linkResolver.cpp, line 773]
Event: 2.238 Thread 0x000002555d7122a0 Exception <a 'java/lang/IncompatibleClassChangeError'{0x00000000d63ba578}: Found class java.lang.Object, but interface was expected> (0x00000000d63ba578) 
thrown [s\src\hotspot\share\interpreter\linkResolver.cpp, line 840]
Event: 2.238 Thread 0x000002555d7122a0 Exception <a 'java/lang/NoSuchMethodError'{0x00000000d63c0d70}: 'void java.lang.invoke.DirectMethodHandle$Holder.invokeStaticInit(java.lang.Object, java.lang.Object)'> (0x00000000d63c0d70) 
thrown [s\src\hotspot\share\interpreter\linkResolver.cpp, line 773]
Event: 2.239 Thread 0x000002555d7122a0 Exception <a 'java/lang/NoSuchMethodError'{0x00000000d63c9f88}: 'int java.lang.invoke.DirectMethodHandle$Holder.invokeStaticInit(java.lang.Object, java.lang.Object)'> (0x00000000d63c9f88) 
thrown [s\src\hotspot\share\interpreter\linkResolver.cpp, line 773]
Event: 2.302 Thread 0x000002555d7122a0 Exception <a 'java/lang/NoSuchMethodError'{0x00000000d66130b8}: 'java.lang.Object java.lang.invoke.DirectMethodHandle$Holder.newInvokeSpecial(java.lang.Object, int, java.lang.Object)'> (0x00000000d66130b8) 
thrown [s\src\hotspot\share\interpreter\linkResolver.cpp, line 773]
Event: 2.383 Thread 0x000002555d7122a0 Exception <a 'java/lang/ClassNotFoundException'{0x00000000d682ebf0}: sun/net/www/protocol/plurl/Handler> (0x00000000d682ebf0) 
thrown [s\src\hotspot\share\classfile\systemDictionary.cpp, line 312]
Event: 2.383 Thread 0x000002555d7122a0 Exception <a 'java/lang/ClassNotFoundException'{0x00000000d682fa70}: sun/net/www/protocol/plurl/Handler> (0x00000000d682fa70) 
thrown [s\src\hotspot\share\classfile\systemDictionary.cpp, line 312]
Event: 2.661 Thread 0x000002555d7122a0 Exception <a 'java/lang/UnsatisfiedLinkError'{0x00000000d6c3a1f8}: 'void org.eclipse.equinox.launcher.JNIBridge._update_splash()'> (0x00000000d6c3a1f8) 
thrown [s\src\hotspot\share\prims\nativeLookup.cpp, line 415]
Event: 2.922 Thread 0x0000025579769930 Exception <a 'java/lang/NullPointerException'{0x00000000d57854c0}> (0x00000000d57854c0) 
thrown [s\src\hotspot\share\interpreter\linkResolver.cpp, line 1372]
Event: 2.922 Thread 0x0000025579769930 Exception <a 'java/lang/NullPointerException'{0x00000000d57857a0}> (0x00000000d57857a0) 
thrown [s\src\hotspot\share\interpreter\linkResolver.cpp, line 1372]
Event: 3.137 Thread 0x0000025579769930 Exception <a 'java/lang/OutOfMemoryError'{0x00000000d5e04ca8}> (0x00000000d5e04ca8) 
thrown [s\src\hotspot\share\prims\jni.cpp, line 539]

ZGC Phase Switch (0 events):
No events

VM Operations (20 events):
Event: 1.368 Executing VM operation: ParallelGCFailedAllocation (Allocation Failure)
Event: 1.454 Executing VM operation: ParallelGCFailedAllocation (Allocation Failure) done
Event: 2.258 Executing VM operation: HandshakeAllThreads (Deoptimize)
Event: 2.279 Executing VM operation: HandshakeAllThreads (Deoptimize) done
Event: 2.290 Executing VM operation: HandshakeAllThreads (Deoptimize)
Event: 2.290 Executing VM operation: HandshakeAllThreads (Deoptimize) done
Event: 2.368 Executing VM operation: HandshakeAllThreads (Deoptimize)
Event: 2.368 Executing VM operation: HandshakeAllThreads (Deoptimize) done
Event: 2.378 Executing VM operation: HandshakeAllThreads (Deoptimize)
Event: 2.378 Executing VM operation: HandshakeAllThreads (Deoptimize) done
Event: 2.651 Executing VM operation: ICBufferFull
Event: 2.651 Executing VM operation: ICBufferFull done
Event: 2.843 Executing VM operation: ParallelGCFailedAllocation (Allocation Failure)
Event: 2.857 Executing VM operation: ParallelGCFailedAllocation (Allocation Failure) done
Event: 3.068 Executing VM operation: HandshakeAllThreads (Deoptimize)
Event: 3.082 Executing VM operation: HandshakeAllThreads (Deoptimize) done
Event: 3.138 Executing VM operation: HandshakeAllThreads (Deoptimize)
Event: 3.138 Executing VM operation: HandshakeAllThreads (Deoptimize) done
Event: 3.152 Executing VM operation: HandshakeAllThreads (Deoptimize)
Event: 3.152 Executing VM operation: HandshakeAllThreads (Deoptimize) done

Memory protections (0 events):
No events

Nmethod flushes (0 events):
No events

Events (20 events):
Event: 0.023 Thread 0x000002555d7122a0 Thread added: 0x000002555d7122a0
Event: 0.046 Thread 0x000002555d7122a0 Thread added: 0x000002555d5f4a40
Event: 0.046 Thread 0x000002555d7122a0 Thread added: 0x000002555d5f5fe0
Event: 0.046 Thread 0x000002555d7122a0 Thread added: 0x000002555d5f9990
Event: 0.046 Thread 0x000002555d7122a0 Thread added: 0x000002555d5fc3f0
Event: 0.046 Thread 0x000002555d7122a0 Thread added: 0x000002555d5fce40
Event: 0.046 Thread 0x000002555d7122a0 Thread added: 0x000002555d5fd890
Event: 0.047 Thread 0x000002555d7122a0 Thread added: 0x000002555d5fe6c0
Event: 0.055 Thread 0x000002555d7122a0 Thread added: 0x000002555d675560
Event: 0.151 Thread 0x000002555d7122a0 Thread added: 0x00000255791126f0
Event: 0.418 Thread 0x000002555d7122a0 Thread added: 0x00000255792654f0
Event: 0.420 Thread 0x000002555d675560 Thread added: 0x000002557926fc20
Event: 1.460 Thread 0x000002557926fc20 Thread exited: 0x000002557926fc20
Event: 1.814 Thread 0x000002555d675560 Thread added: 0x00000255795d75d0
Event: 2.250 Thread 0x000002555d7122a0 Thread added: 0x0000025579767860
Event: 2.451 Thread 0x00000255795d75d0 Thread exited: 0x00000255795d75d0
Event: 2.657 Thread 0x000002555d7122a0 Thread added: 0x0000025579768c10
Event: 2.660 Thread 0x000002555d7122a0 Thread added: 0x0000025579769930
Event: 3.057 Thread 0x0000025579769930 Thread added: 0x0000025579768580
Event: 3.145 Thread 0x000002555d5fe6c0 Thread added: 0x0000025579a69fe0


Dynamic libraries:
0x00007ff6b7ab0000 - 0x00007ff6b7abe000 	c:\Users\Admin\.antigravity\extensions\redhat.java-1.50.0-win32-x64\jre\21.0.9-win32-x86_64\bin\java.exe
0x00007ff91ea90000 - 0x00007ff91ec88000 	C:\WINDOWS\SYSTEM32\ntdll.dll
0x00007ff91e2b0000 - 0x00007ff91e372000 	C:\WINDOWS\System32\KERNEL32.DLL
0x00007ff91c1c0000 - 0x00007ff91c4b6000 	C:\WINDOWS\System32\KERNELBASE.dll
0x00007ff91c960000 - 0x00007ff91ca60000 	C:\WINDOWS\System32\ucrtbase.dll
0x00007ff8fadc0000 - 0x00007ff8fadd8000 	c:\Users\Admin\.antigravity\extensions\redhat.java-1.50.0-win32-x64\jre\21.0.9-win32-x86_64\bin\jli.dll
0x00007ff91cfd0000 - 0x00007ff91d171000 	C:\WINDOWS\System32\USER32.dll
0x00007ff91c550000 - 0x00007ff91c572000 	C:\WINDOWS\System32\win32u.dll
0x00007ff91cdd0000 - 0x00007ff91cdfb000 	C:\WINDOWS\System32\GDI32.dll
0x00007ff91c710000 - 0x00007ff91c829000 	C:\WINDOWS\System32\gdi32full.dll
0x00007ff91c120000 - 0x00007ff91c1bd000 	C:\WINDOWS\System32\msvcp_win.dll
0x00007ff8face0000 - 0x00007ff8facfe000 	c:\Users\Admin\.antigravity\extensions\redhat.java-1.50.0-win32-x64\jre\21.0.9-win32-x86_64\bin\VCRUNTIME140.dll
0x00007ff90b970000 - 0x00007ff90bc0b000 	C:\WINDOWS\WinSxS\amd64_microsoft.windows.common-controls_6595b64144ccf1df_6.0.19041.6456_none_60b8a6cb71f64256\COMCTL32.dll
0x00007ff91e540000 - 0x00007ff91e5de000 	C:\WINDOWS\System32\msvcrt.dll
0x00007ff91d180000 - 0x00007ff91d1af000 	C:\WINDOWS\System32\IMM32.DLL
0x00007ff90c240000 - 0x00007ff90c24c000 	c:\Users\Admin\.antigravity\extensions\redhat.java-1.50.0-win32-x64\jre\21.0.9-win32-x86_64\bin\vcruntime140_1.dll
0x00007ff8f8670000 - 0x00007ff8f86fd000 	c:\Users\Admin\.antigravity\extensions\redhat.java-1.50.0-win32-x64\jre\21.0.9-win32-x86_64\bin\msvcp140.dll
0x00007ff8e39a0000 - 0x00007ff8e4740000 	c:\Users\Admin\.antigravity\extensions\redhat.java-1.50.0-win32-x64\jre\21.0.9-win32-x86_64\bin\server\jvm.dll
0x00007ff91d220000 - 0x00007ff91d2d1000 	C:\WINDOWS\System32\ADVAPI32.dll
0x00007ff91d2f0000 - 0x00007ff91d38f000 	C:\WINDOWS\System32\sechost.dll
0x00007ff91df50000 - 0x00007ff91e070000 	C:\WINDOWS\System32\RPCRT4.dll
0x00007ff91c6e0000 - 0x00007ff91c707000 	C:\WINDOWS\System32\bcrypt.dll
0x00007ff91d1b0000 - 0x00007ff91d21b000 	C:\WINDOWS\System32\WS2_32.dll
0x00007ff91b6b0000 - 0x00007ff91b6fb000 	C:\WINDOWS\SYSTEM32\POWRPROF.dll
0x00007ff9129b0000 - 0x00007ff9129d7000 	C:\WINDOWS\SYSTEM32\WINMM.dll
0x00007ff915d60000 - 0x00007ff915d6a000 	C:\WINDOWS\SYSTEM32\VERSION.dll
0x00007ff91b520000 - 0x00007ff91b532000 	C:\WINDOWS\SYSTEM32\UMPDC.dll
0x00007ff919fb0000 - 0x00007ff919fc2000 	C:\WINDOWS\SYSTEM32\kernel.appcore.dll
0x00007ff908ec0000 - 0x00007ff908eca000 	c:\Users\Admin\.antigravity\extensions\redhat.java-1.50.0-win32-x64\jre\21.0.9-win32-x86_64\bin\jimage.dll
0x00007ff916af0000 - 0x00007ff916cf1000 	C:\WINDOWS\SYSTEM32\DBGHELP.DLL
0x00007ff8f9ff0000 - 0x00007ff8fa024000 	C:\WINDOWS\SYSTEM32\dbgcore.DLL
0x00007ff91c4c0000 - 0x00007ff91c542000 	C:\WINDOWS\System32\bcryptPrimitives.dll
0x00007ff8fadb0000 - 0x00007ff8fadbf000 	c:\Users\Admin\.antigravity\extensions\redhat.java-1.50.0-win32-x64\jre\21.0.9-win32-x86_64\bin\instrument.dll
0x00007ff8fac00000 - 0x00007ff8fac20000 	c:\Users\Admin\.antigravity\extensions\redhat.java-1.50.0-win32-x64\jre\21.0.9-win32-x86_64\bin\java.dll
0x00007ff91d400000 - 0x00007ff91db70000 	C:\WINDOWS\System32\SHELL32.dll
0x00007ff91a1b0000 - 0x00007ff91a955000 	C:\WINDOWS\SYSTEM32\windows.storage.dll
0x00007ff91db70000 - 0x00007ff91dec4000 	C:\WINDOWS\System32\combase.dll
0x00007ff91bb50000 - 0x00007ff91bb7b000 	C:\WINDOWS\SYSTEM32\Wldp.dll
0x00007ff91e410000 - 0x00007ff91e4dd000 	C:\WINDOWS\System32\OLEAUT32.dll
0x00007ff91e200000 - 0x00007ff91e2ad000 	C:\WINDOWS\System32\SHCORE.dll
0x00007ff91e4e0000 - 0x00007ff91e53b000 	C:\WINDOWS\System32\shlwapi.dll
0x00007ff91c050000 - 0x00007ff91c074000 	C:\WINDOWS\SYSTEM32\profapi.dll
0x00007ff8fa9d0000 - 0x00007ff8fa9e8000 	c:\Users\Admin\.antigravity\extensions\redhat.java-1.50.0-win32-x64\jre\21.0.9-win32-x86_64\bin\zip.dll
0x00007ff8fa630000 - 0x00007ff8fa640000 	C:\Users\Admin\.antigravity\extensions\redhat.java-1.50.0-win32-x64\jre\21.0.9-win32-x86_64\bin\net.dll
0x00007ff915610000 - 0x00007ff91571a000 	C:\WINDOWS\SYSTEM32\WINHTTP.dll
0x00007ff91b8b0000 - 0x00007ff91b91a000 	C:\WINDOWS\system32\mswsock.dll
0x00007ff8fa590000 - 0x00007ff8fa5a6000 	C:\Users\Admin\.antigravity\extensions\redhat.java-1.50.0-win32-x64\jre\21.0.9-win32-x86_64\bin\nio.dll
0x00007ff8fa620000 - 0x00007ff8fa630000 	c:\Users\Admin\.antigravity\extensions\redhat.java-1.50.0-win32-x64\jre\21.0.9-win32-x86_64\bin\verify.dll
0x00007ff8fac90000 - 0x00007ff8facd4000 	C:\Users\Admin\AppData\Roaming\Antigravity\User\globalStorage\redhat.java\1.50.0\config_ss_win\org.eclipse.equinox.launcher\org.eclipse.equinox.launcher.win32.win32.x86_64_1.2.1400.v20250801-0854\eclipse_11916.dll
0x00007ff91e0d0000 - 0x00007ff91e1fb000 	C:\WINDOWS\System32\ole32.dll

JVMTI agents:
c:\Users\Admin\.antigravity\extensions\redhat.java-1.50.0-win32-x64\lombok\lombok-1.18.39-4050.jar path:c:\Users\Admin\.antigravity\extensions\redhat.java-1.50.0-win32-x64\jre\21.0.9-win32-x86_64\bin\instrument.dll, loaded, initialized, instrumentlib options:none

dbghelp: loaded successfully - version: 4.0.5 - missing functions: none
symbol engine: initialized successfully - sym options: 0x614 - pdb path: .;c:\Users\Admin\.antigravity\extensions\redhat.java-1.50.0-win32-x64\jre\21.0.9-win32-x86_64\bin;C:\WINDOWS\SYSTEM32;C:\WINDOWS\WinSxS\amd64_microsoft.windows.common-controls_6595b64144ccf1df_6.0.19041.6456_none_60b8a6cb71f64256;c:\Users\Admin\.antigravity\extensions\redhat.java-1.50.0-win32-x64\jre\21.0.9-win32-x86_64\bin\server;C:\Users\Admin\AppData\Roaming\Antigravity\User\globalStorage\redhat.java\1.50.0\config_ss_win\org.eclipse.equinox.launcher\org.eclipse.equinox.launcher.win32.win32.x86_64_1.2.1400.v20250801-0854

VM Arguments:
jvm_args: --add-modules=ALL-SYSTEM --add-opens=java.base/java.util=ALL-UNNAMED --add-opens=java.base/java.lang=ALL-UNNAMED --add-opens=java.base/sun.nio.fs=ALL-UNNAMED -Declipse.application=org.eclipse.jdt.ls.core.id1 -Dosgi.bundles.defaultStartLevel=4 -Declipse.product=org.eclipse.jdt.ls.core.product -Djava.import.generatesMetadataFilesAtProjectRoot=false -DDetectVMInstallationsJob.disabled=true -Dfile.encoding=utf8 -XX:+UseParallelGC -XX:GCTimeRatio=4 -XX:AdaptiveSizePolicyWeight=90 -Dsun.zip.disableMemoryMapping=true -Xmx2G -Xms100m -Xlog:disable -javaagent:c:\Users\Admin\.antigravity\extensions\redhat.java-1.50.0-win32-x64\lombok\lombok-1.18.39-4050.jar 
java_command: c:\Users\Admin\.antigravity\extensions\redhat.java-1.50.0-win32-x64\server\plugins\org.eclipse.equinox.launcher_1.7.100.v20251111-0406.jar -configuration c:\Users\Admin\AppData\Roaming\Antigravity\User\globalStorage\redhat.java\1.50.0\config_ss_win -data c:\Users\Admin\AppData\Roaming\Antigravity\User\workspaceStorage\af1cb1524c391b6bf54d4a5b5d479961\redhat.java\ss_ws --pipe=\\.\pipe\lsp-1cec897c3b2795a09a1bc3b2afdd3724-sock
java_class_path (initial): c:\Users\Admin\.antigravity\extensions\redhat.java-1.50.0-win32-x64\server\plugins\org.eclipse.equinox.launcher_1.7.100.v20251111-0406.jar
Launcher Type: SUN_STANDARD

[Global flags]
    uintx AdaptiveSizePolicyWeight                 = 90                                        {product} {command line}
     intx CICompilerCount                          = 3                                         {product} {ergonomic}
    uintx GCTimeRatio                              = 4                                         {product} {command line}
   size_t InitialHeapSize                          = 104857600                                 {product} {command line}
   size_t MaxHeapSize                              = 2147483648                                {product} {command line}
   size_t MaxNewSize                               = 715653120                                 {product} {ergonomic}
   size_t MinHeapDeltaBytes                        = 524288                                    {product} {ergonomic}
   size_t MinHeapSize                              = 104857600                                 {product} {command line}
   size_t NewSize                                  = 34603008                                  {product} {ergonomic}
    uintx NonNMethodCodeHeapSize                   = 5832780                                {pd product} {ergonomic}
    uintx NonProfiledCodeHeapSize                  = 122912730                              {pd product} {ergonomic}
   size_t OldSize                                  = 70254592                                  {product} {ergonomic}
    uintx ProfiledCodeHeapSize                     = 122912730                              {pd product} {ergonomic}
    uintx ReservedCodeCacheSize                    = 251658240                              {pd product} {ergonomic}
     bool SegmentedCodeCache                       = true                                      {product} {ergonomic}
   size_t SoftMaxHeapSize                          = 2147483648                             {manageable} {ergonomic}
     bool UseCompressedOops                        = true                           {product lp64_product} {ergonomic}
     bool UseLargePagesIndividualAllocation        = false                                  {pd product} {ergonomic}
     bool UseParallelGC                            = true                                      {product} {command line}

Logging:
Log output configuration:
 #0: stdout all=off uptime,level,tags foldmultilines=false
 #1: stderr all=off uptime,level,tags foldmultilines=false

Release file:
JAVA_VERSION="21.0.9" 
MODULES="java.base java.compiler java.datatransfer java.xml java.prefs java.desktop java.instrument java.logging java.management java.security.sasl java.naming java.rmi java.management.rmi java.net.http java.scripting java.security.jgss java.transaction.xa java.sql java.sql.rowset java.xml.crypto java.se java.smartcardio jdk.accessibility jdk.internal.jvmstat jdk.attach jdk.charsets jdk.internal.opt jdk.zipfs jdk.compiler jdk.crypto.ec jdk.crypto.cryptoki jdk.crypto.mscapi jdk.dynalink jdk.internal.ed jdk.editpad jdk.hotspot.agent jdk.httpserver jdk.internal.le jdk.internal.vm.ci jdk.internal.vm.compiler jdk.internal.vm.compiler.management jdk.jartool jdk.javadoc jdk.jcmd jdk.management jdk.management.agent jdk.jconsole jdk.jdeps jdk.jdwp.agent jdk.jdi jdk.jfr jdk.jshell jdk.jsobject jdk.jstatd jdk.localedata jdk.management.jfr jdk.naming.dns jdk.naming.rmi jdk.net jdk.nio.mapmode jdk.random jdk.sctp jdk.security.auth jdk.security.jgss jdk.unsupported jdk.unsupported.desktop jdk.xml.dom" 

Environment Variables:
PATH=C:\Program Files\Common Files\Oracle\Java\javapath;C:\WINDOWS\system32;C:\WINDOWS;C:\WINDOWS\System32\Wbem;C:\WINDOWS\System32\WindowsPowerShell\v1.0\;C:\WINDOWS\System32\OpenSSH\;C:\Program Files\Microsoft SQL Server\150\Tools\Binn\;C:\Program Files\nodejs\;C:\Users\Admin\AppData\Local\Microsoft\WindowsApps;C:\Users\Admin\AppData\Local\Programs\Microsoft VS Code\bin;C:\Users\Admin\AppData\Local\Programs\Antigravity\bin;C:\Users\Admin\AppData\Roaming\npm
USERNAME=Admin
OS=Windows_NT
PROCESSOR_IDENTIFIER=Intel64 Family 6 Model 42 Stepping 7, GenuineIntel
TMP=C:\Users\Admin\AppData\Local\Temp
TEMP=C:\Users\Admin\AppData\Local\Temp




Periodic native trim disabled

---------------  S Y S T E M  ---------------

OS:
 Windows 10 , 64 bit Build 19041 (10.0.19041.5915)
OS uptime: 0 days 10:57 hours

CPU: total 4 (initial active 4) (4 cores per cpu, 1 threads per core) family 6 model 42 stepping 7 microcode 0x2f, cx8, cmov, fxsr, mmx, sse, sse2, sse3, ssse3, sse4.1, sse4.2, popcnt, tsc, tscinvbit, avx, aes, clmul, vzeroupper, clflush, rdtscp
Processor Information for the first 4 processors :
  Max Mhz: 3301, Current Mhz: 3301, Mhz Limit: 3301

Memory: 4k page, system-wide physical 16337M (7631M free)
TotalPageFile size 20433M (AvailPageFile size 3M)
current process WorkingSet (physical memory assigned to process): 96M, peak: 96M
current process commit charge ("private bytes"): 230M, peak: 230M

vm_info: OpenJDK 64-Bit Server VM (21.0.9+10-LTS) for windows-amd64 JRE (21.0.9+10-LTS), built on 2025-10-21T00:00:00Z by "admin" with unknown MS VC++:1942

END.
