#
# There is insufficient memory for the Java Runtime Environment to continue.
# Native memory allocation (mmap) failed to map 65536 bytes. Error detail: Failed to commit metaspace.
# Possible reasons:
#   The system is out of physical RAM or swap space
#   This process is running with CompressedOops enabled, and the Java Heap may be blocking the growth of the native heap
# Possible solutions:
#   Reduce memory load on the system
#   Increase physical memory or swap space
#   Check if swap backing store is full
#   Decrease Java heap size (-Xmx/-Xms)
#   Decrease number of Java threads
#   Decrease Java thread stack sizes (-Xss)
#   Set larger code cache with -XX:ReservedCodeCacheSize=
#   JVM is running with Unscaled Compressed Oops mode in which the Java heap is
#     placed in the first 4GB address space. The Java Heap base address is the
#     maximum limit for the native heap growth. Please use -XX:HeapBaseMinAddress
#     to set the Java Heap base and to place the Java Heap above 4GB virtual address.
# This output file may be truncated or incomplete.
#
#  Out of Memory Error (virtualSpaceNode.cpp:113), pid=1068, tid=5432
#
# JRE version: OpenJDK Runtime Environment Temurin-21.0.9+10 (21.0.9+10) (build 21.0.9+10-LTS)
# Java VM: OpenJDK 64-Bit Server VM Temurin-21.0.9+10 (21.0.9+10-LTS, mixed mode, sharing, tiered, compressed oops, compressed class ptrs, parallel gc, windows-amd64)
# No core dump will be written. Minidumps are not enabled by default on client versions of Windows
#

---------------  S U M M A R Y ------------

Command Line: --add-modules=ALL-SYSTEM --add-opens=java.base/java.util=ALL-UNNAMED --add-opens=java.base/java.lang=ALL-UNNAMED --add-opens=java.base/sun.nio.fs=ALL-UNNAMED -Declipse.application=org.eclipse.jdt.ls.core.id1 -Dosgi.bundles.defaultStartLevel=4 -Declipse.product=org.eclipse.jdt.ls.core.product -Djava.import.generatesMetadataFilesAtProjectRoot=false -DDetectVMInstallationsJob.disabled=true -Dfile.encoding=utf8 -XX:+UseParallelGC -XX:GCTimeRatio=4 -XX:AdaptiveSizePolicyWeight=90 -Dsun.zip.disableMemoryMapping=true -Xmx2G -Xms100m -Xlog:disable -javaagent:c:\Users\Admin\.antigravity\extensions\redhat.java-1.50.0-win32-x64\lombok\lombok-1.18.39-4050.jar -XX:+HeapDumpOnOutOfMemoryError -XX:HeapDumpPath=c:\Users\Admin\AppData\Roaming\Antigravity\User\workspaceStorage\af1cb1524c391b6bf54d4a5b5d479961\redhat.java -Daether.dependencyCollector.impl=bf c:\Users\Admin\.antigravity\extensions\redhat.java-1.50.0-win32-x64\server\plugins\org.eclipse.equinox.launcher_1.7.100.v20251111-0406.jar -configuration c:\Users\Admin\AppData\Roaming\Antigravity\User\globalStorage\redhat.java\1.50.0\config_win -data c:\Users\Admin\AppData\Roaming\Antigravity\User\workspaceStorage\af1cb1524c391b6bf54d4a5b5d479961\redhat.java\jdt_ws --pipe=\\.\pipe\lsp-d972c9af0b28c3c382420075ef8d9217-sock

Host: Intel(R) Core(TM) i5-2500 CPU @ 3.30GHz, 4 cores, 15G,  Windows 10 , 64 bit Build 19041 (10.0.19041.5915)
Time: Thu Dec 18 15:48:23 2025 SE Asia Standard Time elapsed time: 2.593149 seconds (0d 0h 0m 2s)

---------------  T H R E A D  ---------------

Current thread (0x00000166fd966d60):  JavaThread "Start Level: Equinox Container: cd61ce57-c266-43d1-b2d5-783178462884" daemon [_thread_in_vm, id=5432, stack(0x00000005a7b00000,0x00000005a7c00000) (1024K)]

Stack: [0x00000005a7b00000,0x00000005a7c00000]
Native frames: (J=compiled Java code, j=interpreted, Vv=VM code, C=native code)
V  [jvm.dll+0x6d6e29]
V  [jvm.dll+0x8b4b76]
V  [jvm.dll+0x8b712e]
V  [jvm.dll+0x8b7813]
V  [jvm.dll+0x283d86]
V  [jvm.dll+0x8b08be]
V  [jvm.dll+0x678824]
V  [jvm.dll+0x67888a]
V  [jvm.dll+0x67b086]
V  [jvm.dll+0x67af52]
V  [jvm.dll+0x6791fe]
V  [jvm.dll+0x3c6dd3]
V  [jvm.dll+0x21151b]
V  [jvm.dll+0x5b5a39]
V  [jvm.dll+0x2210ce]
V  [jvm.dll+0x82d53d]
V  [jvm.dll+0x82e56b]
V  [jvm.dll+0x82eb34]
V  [jvm.dll+0x82e7c8]
V  [jvm.dll+0x2716ad]
V  [jvm.dll+0x3dc74e]
C  0x000001668754915f

The last pc belongs to new (printed below).
Java frames: (J=compiled Java code, j=interpreted, Vv=VM code)
j  java.util.concurrent.CountDownLatch.<init>(I)V+19 java.base@21.0.9
j  org.eclipse.osgi.container.ModuleContainer$ContainerStartLevel.incStartLevel(ILjava/util/List;Z)V+149
j  org.eclipse.osgi.container.ModuleContainer$ContainerStartLevel.incStartLevel(ILjava/util/List;Ljava/util/List;Ljava/util/List;Ljava/util/List;)V+19
j  org.eclipse.osgi.container.ModuleContainer$ContainerStartLevel.doContainerStartLevel(Lorg/eclipse/osgi/container/Module;I[Lorg/osgi/framework/FrameworkListener;)V+358
j  org.eclipse.osgi.container.ModuleContainer$ContainerStartLevel.dispatchEvent(Lorg/eclipse/osgi/container/Module;[Lorg/osgi/framework/FrameworkListener;ILjava/lang/Integer;)V+32
j  org.eclipse.osgi.container.ModuleContainer$ContainerStartLevel.dispatchEvent(Ljava/lang/Object;Ljava/lang/Object;ILjava/lang/Object;)V+15
j  org.eclipse.osgi.framework.eventmgr.EventManager.dispatchEvent(Ljava/util/Set;Lorg/eclipse/osgi/framework/eventmgr/EventDispatcher;ILjava/lang/Object;)V+48
j  org.eclipse.osgi.framework.eventmgr.EventManager$EventThread.run()V+26
v  ~StubRoutines::call_stub 0x000001668753100d
new  187 new  [0x0000016687548fe0, 0x00000166875491e8]  520 bytes
[MachCode]
  0x0000016687548fe0: 4883 ec08 | c5fa 1104 | 24eb 1f48 | 83ec 10c5 | fb11 0424 | eb14 4883 | ec10 4889 | 0424 48c7 
  0x0000016687549000: 4424 0800 | 0000 00eb | 0150 410f | b755 010f | cac1 ea10 | 488b 4de8 | 488b 4908 | 488b 4908 
  0x0000016687549020: 488b 4108 | 807c 1004 | 070f 85d3 | 0000 0066 | 8b54 d148 | 488b 4928 | 488b 4cd1 | 0851 80b9 
  0x0000016687549040: 3101 0000 | 040f 85b6 | 0000 008b | 5108 f6c2 | 010f 85aa | 0000 0049 | 8b87 b801 | 0000 488d 
  0x0000016687549060: 1c10 493b | 9fc8 0100 | 000f 8792 | 0000 0049 | 899f b801 | 0000 4883 | ea10 0f84 | 0f00 0000 
  0x0000016687549080: 33c9 c1ea | 0348 894c | d008 48ff | ca75 f648 | c700 0100 | 0000 5933 | f689 700c | 49ba 0000 
  0x00000166875490a0: 008f 6601 | 0000 492b | ca89 4808 | 49ba d84d | 64e4 f87f | 0000 4180 | 3a00 0f84 | 3c00 0000 
  0x00000166875490c0: 5048 8bc8 | 4883 ec20 | 40f6 c40f | 0f84 1900 | 0000 4883 | ec08 48b8 | 80d5 0de4 | f87f 0000 
  0x00000166875490e0: ffd0 4883 | c408 e90c | 0000 0048 | b880 d50d | e4f8 7f00 | 00ff d048 | 83c4 2058 | e9cb 0000 
  0x0000016687549100: 0059 488b | 55e8 488b | 5208 488b | 5208 450f | b745 0141 | 0fc8 41c1 | e810 e805 | 0000 00e9 
  0x0000016687549120: a800 0000 | 488d 4424 | 084c 896d | c049 8bcf | c5f8 7749 | 89af a803 | 0000 4989 | 8798 0300 
  0x0000016687549140: 0048 83ec | 2040 f6c4 | 0f0f 8419 | 0000 0048 | 83ec 0848 | b800 c7d7 | e3f8 7f00 | 00ff d048 
  0x0000016687549160: 83c4 08e9 | 0c00 0000 | 48b8 00c7 | d7e3 f87f | 0000 ffd0 | 4883 c420 | 49c7 8798 | 0300 0000 
  0x0000016687549180: 0000 0049 | c787 a803 | 0000 0000 | 0000 49c7 | 87a0 0300 | 0000 0000 | 00c5 f877 | 4983 7f08 
  0x00000166875491a0: 000f 8405 | 0000 00e9 | 547d feff | 498b 87f0 | 0300 0049 | c787 f003 | 0000 0000 | 0000 4c8b 
  0x00000166875491c0: 6dc0 4c8b | 75c8 4e8d | 74f5 00c3 | 410f b65d | 0349 83c5 | 0349 ba30 | 1567 e4f8 | 7f00 0041 
  0x00000166875491e0: ff24 da0f | 1f44 0000 
[/MachCode]

---------------  P R O C E S S  ---------------

Threads class SMR info:
_java_thread_list=0x00000166fd7fe860, length=15, elements={
0x00000166f4c8cc10, 0x00000166f4b77410, 0x00000166f4b79270, 0x00000166f4b7cb40,
0x00000166f4b7d790, 0x00000166f4b802f0, 0x00000166f4b80d40, 0x00000166f4b81b70,
0x00000166f4bf8ff0, 0x00000166fd344e50, 0x00000166fd4948d0, 0x00000166fdc69310,
0x00000166fd5ed730, 0x00000166fdc0f530, 0x00000166fd966d60
}

Java Threads: ( => current thread )
  0x00000166f4c8cc10 JavaThread "main"                              [_thread_blocked, id=15416, stack(0x00000005a6600000,0x00000005a6700000) (1024K)]
  0x00000166f4b77410 JavaThread "Reference Handler"          daemon [_thread_blocked, id=13752, stack(0x00000005a6a00000,0x00000005a6b00000) (1024K)]
  0x00000166f4b79270 JavaThread "Finalizer"                  daemon [_thread_blocked, id=18832, stack(0x00000005a6b00000,0x00000005a6c00000) (1024K)]
  0x00000166f4b7cb40 JavaThread "Signal Dispatcher"          daemon [_thread_blocked, id=15648, stack(0x00000005a6c00000,0x00000005a6d00000) (1024K)]
  0x00000166f4b7d790 JavaThread "Attach Listener"            daemon [_thread_blocked, id=8972, stack(0x00000005a6d00000,0x00000005a6e00000) (1024K)]
  0x00000166f4b802f0 JavaThread "Service Thread"             daemon [_thread_blocked, id=17288, stack(0x00000005a6e00000,0x00000005a6f00000) (1024K)]
  0x00000166f4b80d40 JavaThread "Monitor Deflation Thread"   daemon [_thread_blocked, id=10168, stack(0x00000005a6f00000,0x00000005a7000000) (1024K)]
  0x00000166f4b81b70 JavaThread "C2 CompilerThread0"         daemon [_thread_blocked, id=6764, stack(0x00000005a7000000,0x00000005a7100000) (1024K)]
  0x00000166f4bf8ff0 JavaThread "C1 CompilerThread0"         daemon [_thread_blocked, id=8240, stack(0x00000005a7100000,0x00000005a7200000) (1024K)]
  0x00000166fd344e50 JavaThread "Common-Cleaner"             daemon [_thread_blocked, id=18156, stack(0x00000005a7200000,0x00000005a7300000) (1024K)]
  0x00000166fd4948d0 JavaThread "Notification Thread"        daemon [_thread_blocked, id=12676, stack(0x00000005a7300000,0x00000005a7400000) (1024K)]
  0x00000166fdc69310 JavaThread "Active Thread: Equinox Container: cd61ce57-c266-43d1-b2d5-783178462884"        [_thread_blocked, id=18824, stack(0x00000005a7800000,0x00000005a7900000) (1024K)]
  0x00000166fd5ed730 JavaThread "Refresh Thread: Equinox Container: cd61ce57-c266-43d1-b2d5-783178462884" daemon [_thread_blocked, id=16716, stack(0x00000005a7900000,0x00000005a7a00000) (1024K)]
  0x00000166fdc0f530 JavaThread "Framework Event Dispatcher: Equinox Container: cd61ce57-c266-43d1-b2d5-783178462884" daemon [_thread_blocked, id=19224, stack(0x00000005a7a00000,0x00000005a7b00000) (1024K)]
=>0x00000166fd966d60 JavaThread "Start Level: Equinox Container: cd61ce57-c266-43d1-b2d5-783178462884" daemon [_thread_in_vm, id=5432, stack(0x00000005a7b00000,0x00000005a7c00000) (1024K)]
Total: 15

Other Threads:
  0x00000166f4b5b710 VMThread "VM Thread"                           [id=4312, stack(0x00000005a6900000,0x00000005a6a00000) (1024K)]
  0x00000166f4d54740 WatcherThread "VM Periodic Task Thread"        [id=10868, stack(0x00000005a6800000,0x00000005a6900000) (1024K)]
  0x00000166f4caa970 WorkerThread "GC Thread#0"                     [id=16748, stack(0x00000005a6700000,0x00000005a6800000) (1024K)]
  0x00000166fd79d300 WorkerThread "GC Thread#1"                     [id=3428, stack(0x00000005a7500000,0x00000005a7600000) (1024K)]
  0x00000166fd984300 WorkerThread "GC Thread#2"                     [id=8196, stack(0x00000005a7600000,0x00000005a7700000) (1024K)]
  0x00000166fd79d6a0 WorkerThread "GC Thread#3"                     [id=9888, stack(0x00000005a7700000,0x00000005a7800000) (1024K)]
Total: 6

Threads with active compile tasks:
Total: 0

VM state: not at safepoint (normal execution)

VM Mutex/Monitor currently owned by a thread:  ([mutex/lock_event])
[0x00007ff8e465b4f0] Metaspace_lock - owner thread: 0x00000166fd966d60

Heap address: 0x0000000080000000, size: 2048 MB, Compressed Oops mode: 32-bit

CDS archive(s) mapped at: [0x000001668f000000-0x000001668fba0000-0x000001668fba0000), size 12189696, SharedBaseAddress: 0x000001668f000000, ArchiveRelocationMode: 1.
Compressed class space mapped at: 0x0000016690000000-0x00000166d0000000, reserved size: 1073741824
Narrow klass base: 0x000001668f000000, Narrow klass shift: 0, Narrow klass range: 0x100000000

GC Precious Log:
 CardTable entry size: 512
 CPUs: 4 total, 4 available
 Memory: 16337M
 Large Page Support: Disabled
 NUMA Support: Disabled
 Compressed Oops: Enabled (32-bit)
 Alignments: Space 512K, Generation 512K, Heap 2M
 Heap Min Capacity: 100M
 Heap Initial Capacity: 100M
 Heap Max Capacity: 2G
 Pre-touch: Disabled
 Parallel Workers: 4

Heap:
 PSYoungGen      total 29696K, used 6404K [0x00000000d5580000, 0x00000000d7680000, 0x0000000100000000)
  eden space 25600K, 9% used [0x00000000d5580000,0x00000000d57c1af8,0x00000000d6e80000)
  from space 4096K, 99% used [0x00000000d7280000,0x00000000d767f680,0x00000000d7680000)
  to   space 4096K, 0% used [0x00000000d6e80000,0x00000000d6e80000,0x00000000d7280000)
 ParOldGen       total 68608K, used 1537K [0x0000000080000000, 0x0000000084300000, 0x00000000d5580000)
  object space 68608K, 2% used [0x0000000080000000,0x0000000080180730,0x0000000084300000)
 Metaspace       used 8407K, committed 8704K, reserved 1114112K
  class space    used 894K, committed 1024K, reserved 1048576K

Card table byte_map: [0x00000166f4640000,0x00000166f4a50000] _byte_map_base: 0x00000166f4240000

Marking Bits: (ParMarkBitMap*) 0x00007ff8e4662460
 Begin Bits: [0x00000166f8150000, 0x00000166fa150000)
 End Bits:   [0x00000166fa150000, 0x00000166fc150000)

Polling page: 0x00000166f2ae0000

Metaspace:

Usage:
  Non-class:      7.34 MB used.
      Class:    894.39 KB used.
       Both:      8.21 MB used.

Virtual space:
  Non-class space:       64.00 MB reserved,       7.50 MB ( 12%) committed,  1 nodes.
      Class space:        1.00 GB reserved,       1.00 MB ( <1%) committed,  1 nodes.
             Both:        1.06 GB reserved,       8.50 MB ( <1%) committed. 

Chunk freelists:
   Non-Class:  8.48 MB
       Class:  14.86 MB
        Both:  23.34 MB

MaxMetaspaceSize: unlimited
CompressedClassSpaceSize: 1.00 GB
Initial GC threshold: 21.00 MB
Current GC threshold: 21.00 MB
CDS: on
 - commit_granule_bytes: 65536.
 - commit_granule_words: 8192.
 - virtual_space_node_default_size: 8388608.
 - enlarge_chunks_in_place: 1.
 - use_allocation_guard: 0.


Internal statistics:

num_allocs_failed_limit: 0.
num_arena_births: 234.
num_arena_deaths: 0.
num_vsnodes_births: 2.
num_vsnodes_deaths: 0.
num_space_committed: 136.
num_space_uncommitted: 0.
num_chunks_returned_to_freelist: 0.
num_chunks_taken_from_freelist: 450.
num_chunk_merges: 0.
num_chunk_splits: 287.
num_chunks_enlarged: 189.
num_inconsistent_stats: 0.

CodeHeap 'non-profiled nmethods': size=120000Kb used=802Kb max_used=802Kb free=119197Kb
 bounds [0x0000016687ad0000, 0x0000016687d40000, 0x000001668f000000]
CodeHeap 'profiled nmethods': size=120000Kb used=3327Kb max_used=3327Kb free=116672Kb
 bounds [0x0000016680000000, 0x0000016680340000, 0x0000016687530000]
CodeHeap 'non-nmethods': size=5760Kb used=1215Kb max_used=1234Kb free=4545Kb
 bounds [0x0000016687530000, 0x00000166877a0000, 0x0000016687ad0000]
CodeCache: size=245760Kb, used=5344Kb, max_used=5363Kb, free=240414Kb
 total_blobs=2327, nmethods=1844, adapters=390, full_count=0
Compilation: enabled, stopped_count=0, restarted_count=0

Compilation events (20 events):
Event: 2.510 Thread 0x00000166f4bf8ff0 1835       3       java.lang.ClassLoader::defineClassSourceLocation (28 bytes)
Event: 2.510 Thread 0x00000166f4bf8ff0 nmethod 1835 0x0000016680338510 code [0x00000166803386e0, 0x0000016680338a60]
Event: 2.512 Thread 0x00000166f4bf8ff0 1836       3       java.util.HashMap$HashIterator::<init> (79 bytes)
Event: 2.512 Thread 0x00000166f4bf8ff0 nmethod 1836 0x0000016680338c10 code [0x0000016680338dc0, 0x0000016680339100]
Event: 2.512 Thread 0x00000166f4bf8ff0 1837   !   3       java.util.concurrent.ConcurrentHashMap::replaceNode (437 bytes)
Event: 2.514 Thread 0x00000166f4bf8ff0 nmethod 1837 0x0000016680339290 code [0x0000016680339600, 0x000001668033acd8]
Event: 2.514 Thread 0x00000166f4bf8ff0 1838       3       java.util.concurrent.ConcurrentHashMap::remove (8 bytes)
Event: 2.514 Thread 0x00000166f4bf8ff0 nmethod 1838 0x000001668033b990 code [0x000001668033bb40, 0x000001668033bc90]
Event: 2.520 Thread 0x00000166f4bf8ff0 1839       3       sun.security.util.ManifestEntryVerifier::algsPermittedStatusForSigners (40 bytes)
Event: 2.520 Thread 0x00000166f4bf8ff0 nmethod 1839 0x000001668033bd10 code [0x000001668033bf00, 0x000001668033c4c8]
Event: 2.529 Thread 0x00000166f4bf8ff0 1840       3       sun.net.www.protocol.jar.Handler::parseContextSpec (150 bytes)
Event: 2.531 Thread 0x00000166f4bf8ff0 nmethod 1840 0x000001668033c690 code [0x000001668033cb00, 0x000001668033e5d0]
Event: 2.537 Thread 0x00000166f4bf8ff0 1841       3       java.lang.invoke.DirectMethodHandle$Constructor::<init> (44 bytes)
Event: 2.537 Thread 0x00000166f4bf8ff0 nmethod 1841 0x000001668033f090 code [0x000001668033f240, 0x000001668033f3d8]
Event: 2.568 Thread 0x00000166f4bf8ff0 1843       3       org.eclipse.osgi.container.Module::compareTo (9 bytes)
Event: 2.568 Thread 0x00000166f4bf8ff0 nmethod 1843 0x000001668033f490 code [0x000001668033f640, 0x000001668033f870]
Event: 2.568 Thread 0x00000166f4bf8ff0 1844       3       org.eclipse.osgi.container.Module::compareTo (54 bytes)
Event: 2.569 Thread 0x00000166f4bf8ff0 nmethod 1844 0x000001668033f910 code [0x000001668033fae0, 0x000001668033fdd0]
Event: 2.569 Thread 0x00000166f4bf8ff0 1845       1       org.eclipse.osgi.framework.eventmgr.CopyOnWriteIdentityMap::entries (5 bytes)
Event: 2.569 Thread 0x00000166f4bf8ff0 nmethod 1845 0x0000016687b98690 code [0x0000016687b98820, 0x0000016687b988e8]

GC Heap History (4 events):
Event: 1.404 GC heap before
{Heap before GC invocations=1 (full 0):
 PSYoungGen      total 29696K, used 25600K [0x00000000d5580000, 0x00000000d7680000, 0x0000000100000000)
  eden space 25600K, 100% used [0x00000000d5580000,0x00000000d6e80000,0x00000000d6e80000)
  from space 4096K, 0% used [0x00000000d7280000,0x00000000d7280000,0x00000000d7680000)
  to   space 4096K, 0% used [0x00000000d6e80000,0x00000000d6e80000,0x00000000d7280000)
 ParOldGen       total 68608K, used 0K [0x0000000080000000, 0x0000000084300000, 0x00000000d5580000)
  object space 68608K, 0% used [0x0000000080000000,0x0000000080000000,0x0000000084300000)
 Metaspace       used 4334K, committed 4608K, reserved 1114112K
  class space    used 472K, committed 576K, reserved 1048576K
}
Event: 1.417 GC heap after
{Heap after GC invocations=1 (full 0):
 PSYoungGen      total 29696K, used 3280K [0x00000000d5580000, 0x00000000d7680000, 0x0000000100000000)
  eden space 25600K, 0% used [0x00000000d5580000,0x00000000d5580000,0x00000000d6e80000)
  from space 4096K, 80% used [0x00000000d6e80000,0x00000000d71b4148,0x00000000d7280000)
  to   space 4096K, 0% used [0x00000000d7280000,0x00000000d7280000,0x00000000d7680000)
 ParOldGen       total 68608K, used 0K [0x0000000080000000, 0x0000000084300000, 0x00000000d5580000)
  object space 68608K, 0% used [0x0000000080000000,0x0000000080000000,0x0000000084300000)
 Metaspace       used 4334K, committed 4608K, reserved 1114112K
  class space    used 472K, committed 576K, reserved 1048576K
}
Event: 2.500 GC heap before
{Heap before GC invocations=2 (full 0):
 PSYoungGen      total 29696K, used 28876K [0x00000000d5580000, 0x00000000d7680000, 0x0000000100000000)
  eden space 25600K, 99% used [0x00000000d5580000,0x00000000d6e7efd0,0x00000000d6e80000)
  from space 4096K, 80% used [0x00000000d6e80000,0x00000000d71b4148,0x00000000d7280000)
  to   space 4096K, 0% used [0x00000000d7280000,0x00000000d7280000,0x00000000d7680000)
 ParOldGen       total 68608K, used 0K [0x0000000080000000, 0x0000000084300000, 0x00000000d5580000)
  object space 68608K, 0% used [0x0000000080000000,0x0000000080000000,0x0000000084300000)
 Metaspace       used 8136K, committed 8384K, reserved 1114112K
  class space    used 856K, committed 960K, reserved 1048576K
}
Event: 2.506 GC heap after
{Heap after GC invocations=2 (full 0):
 PSYoungGen      total 29696K, used 4093K [0x00000000d5580000, 0x00000000d7680000, 0x0000000100000000)
  eden space 25600K, 0% used [0x00000000d5580000,0x00000000d5580000,0x00000000d6e80000)
  from space 4096K, 99% used [0x00000000d7280000,0x00000000d767f680,0x00000000d7680000)
  to   space 4096K, 0% used [0x00000000d6e80000,0x00000000d6e80000,0x00000000d7280000)
 ParOldGen       total 68608K, used 1537K [0x0000000080000000, 0x0000000084300000, 0x00000000d5580000)
  object space 68608K, 2% used [0x0000000080000000,0x0000000080180730,0x0000000084300000)
 Metaspace       used 8136K, committed 8384K, reserved 1114112K
  class space    used 856K, committed 960K, reserved 1048576K
}

Dll operation events (9 events):
Event: 0.009 Loaded shared library c:\Users\Admin\.antigravity\extensions\redhat.java-1.50.0-win32-x64\jre\21.0.9-win32-x86_64\bin\java.dll
Event: 0.111 Loaded shared library c:\Users\Admin\.antigravity\extensions\redhat.java-1.50.0-win32-x64\jre\21.0.9-win32-x86_64\bin\zip.dll
Event: 0.132 Loaded shared library C:\Users\Admin\.antigravity\extensions\redhat.java-1.50.0-win32-x64\jre\21.0.9-win32-x86_64\bin\instrument.dll
Event: 0.137 Loaded shared library C:\Users\Admin\.antigravity\extensions\redhat.java-1.50.0-win32-x64\jre\21.0.9-win32-x86_64\bin\net.dll
Event: 0.141 Loaded shared library C:\Users\Admin\.antigravity\extensions\redhat.java-1.50.0-win32-x64\jre\21.0.9-win32-x86_64\bin\nio.dll
Event: 0.146 Loaded shared library C:\Users\Admin\.antigravity\extensions\redhat.java-1.50.0-win32-x64\jre\21.0.9-win32-x86_64\bin\zip.dll
Event: 0.167 Loaded shared library C:\Users\Admin\.antigravity\extensions\redhat.java-1.50.0-win32-x64\jre\21.0.9-win32-x86_64\bin\jimage.dll
Event: 0.394 Loaded shared library c:\Users\Admin\.antigravity\extensions\redhat.java-1.50.0-win32-x64\jre\21.0.9-win32-x86_64\bin\verify.dll
Event: 2.460 Loaded shared library C:\Users\Admin\AppData\Roaming\Antigravity\User\globalStorage\redhat.java\1.50.0\config_win\org.eclipse.equinox.launcher\org.eclipse.equinox.launcher.win32.win32.x86_64_1.2.1400.v20250801-0854\eclipse_11916.dll

Deoptimization events (20 events):
Event: 2.485 Thread 0x00000166fd5ed730 Uncommon trap: trap_request=0xffffff45 fr.pc=0x0000016687b0bbcc relative=0x000000000000030c
Event: 2.485 Thread 0x00000166fd5ed730 Uncommon trap: reason=unstable_if action=reinterpret pc=0x0000016687b0bbcc method=java.util.HashMap$HashIterator.<init>(Ljava/util/HashMap;)V @ 45 c2
Event: 2.485 Thread 0x00000166fd5ed730 DEOPT PACKING pc=0x0000016687b0bbcc sp=0x00000005a79fee00
Event: 2.485 Thread 0x00000166fd5ed730 DEOPT UNPACKING pc=0x0000016687583aa2 sp=0x00000005a79fecd0 mode 2
Event: 2.495 Thread 0x00000166fd5ed730 Uncommon trap: trap_request=0xffffff45 fr.pc=0x0000016687b057c8 relative=0x00000000000002a8
Event: 2.495 Thread 0x00000166fd5ed730 Uncommon trap: reason=unstable_if action=reinterpret pc=0x0000016687b057c8 method=java.util.HashMap$HashIterator.<init>(Ljava/util/HashMap;)V @ 45 c2
Event: 2.495 Thread 0x00000166fd5ed730 DEOPT PACKING pc=0x0000016687b057c8 sp=0x00000005a79fed00
Event: 2.495 Thread 0x00000166fd5ed730 DEOPT UNPACKING pc=0x0000016687583aa2 sp=0x00000005a79fec98 mode 2
Event: 2.498 Thread 0x00000166fd5ed730 Uncommon trap: trap_request=0xffffff45 fr.pc=0x0000016687b7a65c relative=0x00000000000000bc
Event: 2.498 Thread 0x00000166fd5ed730 Uncommon trap: reason=unstable_if action=reinterpret pc=0x0000016687b7a65c method=java.util.concurrent.locks.AbstractQueuedSynchronizer.signalNext(Ljava/util/concurrent/locks/AbstractQueuedSynchronizer$Node;)V @ 1 c2
Event: 2.498 Thread 0x00000166fd5ed730 DEOPT PACKING pc=0x0000016687b7a65c sp=0x00000005a79fe910
Event: 2.498 Thread 0x00000166fd5ed730 DEOPT UNPACKING pc=0x0000016687583aa2 sp=0x00000005a79fe7e0 mode 2
Event: 2.515 Thread 0x00000166fd5ed730 Uncommon trap: trap_request=0xffffffde fr.pc=0x0000016687b7797c relative=0x00000000000009fc
Event: 2.515 Thread 0x00000166fd5ed730 Uncommon trap: reason=class_check action=maybe_recompile pc=0x0000016687b7797c method=java.util.HashMap.putVal(ILjava/lang/Object;Ljava/lang/Object;ZZ)Ljava/lang/Object; @ 253 c2
Event: 2.515 Thread 0x00000166fd5ed730 DEOPT PACKING pc=0x0000016687b7797c sp=0x00000005a79fe820
Event: 2.515 Thread 0x00000166fd5ed730 DEOPT UNPACKING pc=0x0000016687583aa2 sp=0x00000005a79fe6b8 mode 2
Event: 2.527 Thread 0x00000166f4c8cc10 Uncommon trap: trap_request=0xffffff45 fr.pc=0x0000016687b4ede0 relative=0x0000000000000040
Event: 2.527 Thread 0x00000166f4c8cc10 Uncommon trap: reason=unstable_if action=reinterpret pc=0x0000016687b4ede0 method=java.util.concurrent.locks.AbstractQueuedSynchronizer.signalNext(Ljava/util/concurrent/locks/AbstractQueuedSynchronizer$Node;)V @ 1 c2
Event: 2.527 Thread 0x00000166f4c8cc10 DEOPT PACKING pc=0x0000016687b4ede0 sp=0x00000005a66feda0
Event: 2.527 Thread 0x00000166f4c8cc10 DEOPT UNPACKING pc=0x0000016687583aa2 sp=0x00000005a66fed38 mode 2

Classes loaded (20 events):
Event: 2.477 Loading class java/util/concurrent/RejectedExecutionException done
Event: 2.487 Loading class java/util/Collections$ReverseComparator
Event: 2.487 Loading class java/util/Collections$ReverseComparator done
Event: 2.487 Loading class java/util/Comparators$NaturalOrderComparator
Event: 2.487 Loading class java/util/Comparators$NaturalOrderComparator done
Event: 2.487 Loading class java/util/Collections$ReverseComparator2
Event: 2.487 Loading class java/util/Collections$ReverseComparator2 done
Event: 2.498 Loading class java/util/concurrent/CancellationException
Event: 2.498 Loading class java/util/concurrent/CancellationException done
Event: 2.510 Loading class java/lang/CloneNotSupportedException
Event: 2.511 Loading class java/lang/CloneNotSupportedException done
Event: 2.535 Loading class java/util/concurrent/ExecutionException
Event: 2.535 Loading class java/util/concurrent/ExecutionException done
Event: 2.535 Loading class java/util/concurrent/ConcurrentLinkedQueue
Event: 2.535 Loading class java/util/concurrent/ConcurrentLinkedQueue done
Event: 2.535 Loading class java/util/concurrent/ConcurrentLinkedQueue$Node
Event: 2.535 Loading class java/util/concurrent/ConcurrentLinkedQueue$Node done
Event: 2.588 Loading class java/util/concurrent/CountDownLatch
Event: 2.588 Loading class java/util/concurrent/CountDownLatch done
Event: 2.588 Loading class java/util/concurrent/CountDownLatch$Sync

Classes unloaded (0 events):
No events

Classes redefined (0 events):
No events

Internal exceptions (20 events):
Event: 1.296 Thread 0x00000166f4c8cc10 Exception <a 'java/lang/NoSuchMethodError'{0x00000000d6a650f8}: 'java.lang.ClassLoader java.lang.ClassLoader.getPlatformClassLoader(java.lang.Class)'> (0x00000000d6a650f8) 
thrown [s\src\hotspot\share\interpreter\linkResolver.cpp, line 773]
Event: 1.418 Thread 0x00000166f4c8cc10 Exception <a 'java/lang/ClassNotFoundException'{0x00000000d5582630}: sun/net/www/protocol/c/Handler> (0x00000000d5582630) 
thrown [s\src\hotspot\share\classfile\systemDictionary.cpp, line 312]
Event: 1.418 Thread 0x00000166f4c8cc10 Exception <a 'java/lang/ClassNotFoundException'{0x00000000d5583970}: sun/net/www/protocol/c/Handler> (0x00000000d5583970) 
thrown [s\src\hotspot\share\classfile\systemDictionary.cpp, line 312]
Event: 1.418 Thread 0x00000166f4c8cc10 Exception <a 'java/lang/ClassNotFoundException'{0x00000000d5584ac8}: sun/net/www/protocol/c/Handler> (0x00000000d5584ac8) 
thrown [s\src\hotspot\share\classfile\systemDictionary.cpp, line 312]
Event: 1.426 Thread 0x00000166f4c8cc10 Exception <a 'java/io/FileNotFoundException'{0x00000000d55ad6b0}> (0x00000000d55ad6b0) 
thrown [s\src\hotspot\share\prims\jni.cpp, line 520]
Event: 1.487 Thread 0x00000166f4c8cc10 Implicit null exception at 0x0000016687b2e1c9 to 0x0000016687b2eb38
Event: 1.487 Thread 0x00000166f4c8cc10 Implicit null exception at 0x0000016687b35e1a to 0x0000016687b36020
Event: 1.488 Thread 0x00000166f4c8cc10 Exception <a 'java/lang/NoSuchMethodError'{0x00000000d56dff30}: 'void java.lang.invoke.DirectMethodHandle$Holder.invokeStatic(java.lang.Object, java.lang.Object, java.lang.Object, java.lang.Object)'> (0x00000000d56dff30) 
thrown [s\src\hotspot\share\interpreter\linkResolver.cpp, line 773]
Event: 1.490 Thread 0x00000166f4c8cc10 Implicit null exception at 0x0000016687b306bc to 0x0000016687b30948
Event: 1.654 Thread 0x00000166f4c8cc10 Exception <a 'java/lang/NoSuchMethodError'{0x00000000d59aefe8}: 'void java.lang.invoke.DirectMethodHandle$Holder.invokeSpecial(java.lang.Object, java.lang.Object, java.lang.Object)'> (0x00000000d59aefe8) 
thrown [s\src\hotspot\share\interpreter\linkResolver.cpp, line 773]
Event: 1.977 Thread 0x00000166f4c8cc10 Exception <a 'java/lang/NoSuchMethodError'{0x00000000d6332a40}: 'int java.lang.invoke.DirectMethodHandle$Holder.invokeVirtual(java.lang.Object, java.lang.Object)'> (0x00000000d6332a40) 
thrown [s\src\hotspot\share\interpreter\linkResolver.cpp, line 773]
Event: 2.038 Thread 0x00000166f4c8cc10 Exception <a 'java/lang/NoSuchMethodError'{0x00000000d64a7400}: 'int java.lang.invoke.DirectMethodHandle$Holder.invokeStaticInit(java.lang.Object, java.lang.Object, java.lang.Object, java.lang.Object)'> (0x00000000d64a7400) 
thrown [s\src\hotspot\share\interpreter\linkResolver.cpp, line 773]
Event: 2.039 Thread 0x00000166f4c8cc10 Exception <a 'java/lang/IncompatibleClassChangeError'{0x00000000d64af808}: Found class java.lang.Object, but interface was expected> (0x00000000d64af808) 
thrown [s\src\hotspot\share\interpreter\linkResolver.cpp, line 840]
Event: 2.039 Thread 0x00000166f4c8cc10 Exception <a 'java/lang/NoSuchMethodError'{0x00000000d64b5dd8}: 'void java.lang.invoke.DirectMethodHandle$Holder.invokeStaticInit(java.lang.Object, java.lang.Object)'> (0x00000000d64b5dd8) 
thrown [s\src\hotspot\share\interpreter\linkResolver.cpp, line 773]
Event: 2.040 Thread 0x00000166f4c8cc10 Exception <a 'java/lang/NoSuchMethodError'{0x00000000d64bef70}: 'int java.lang.invoke.DirectMethodHandle$Holder.invokeStaticInit(java.lang.Object, java.lang.Object)'> (0x00000000d64bef70) 
thrown [s\src\hotspot\share\interpreter\linkResolver.cpp, line 773]
Event: 2.124 Thread 0x00000166f4c8cc10 Exception <a 'java/lang/NoSuchMethodError'{0x00000000d6708268}: 'java.lang.Object java.lang.invoke.DirectMethodHandle$Holder.newInvokeSpecial(java.lang.Object, int, java.lang.Object)'> (0x00000000d6708268) 
thrown [s\src\hotspot\share\interpreter\linkResolver.cpp, line 773]
Event: 2.237 Thread 0x00000166f4c8cc10 Exception <a 'java/lang/ClassNotFoundException'{0x00000000d69262a0}: sun/net/www/protocol/plurl/Handler> (0x00000000d69262a0) 
thrown [s\src\hotspot\share\classfile\systemDictionary.cpp, line 312]
Event: 2.237 Thread 0x00000166f4c8cc10 Exception <a 'java/lang/ClassNotFoundException'{0x00000000d6927120}: sun/net/www/protocol/plurl/Handler> (0x00000000d6927120) 
thrown [s\src\hotspot\share\classfile\systemDictionary.cpp, line 312]
Event: 2.458 Thread 0x00000166f4c8cc10 Exception <a 'java/lang/UnsatisfiedLinkError'{0x00000000d6d80550}: 'void org.eclipse.equinox.launcher.JNIBridge._update_splash()'> (0x00000000d6d80550) 
thrown [s\src\hotspot\share\prims\nativeLookup.cpp, line 415]
Event: 2.537 Thread 0x00000166fd5ed730 Exception <a 'java/lang/NoSuchMethodError'{0x00000000d5749238}: 'void java.lang.invoke.DirectMethodHandle$Holder.invokeInterface(java.lang.Object, java.lang.Object, java.lang.Object)'> (0x00000000d5749238) 
thrown [s\src\hotspot\share\interpreter\linkResolver.cpp, line 773]

ZGC Phase Switch (0 events):
No events

VM Operations (20 events):
Event: 0.976 Executing VM operation: HandshakeAllThreads (Deoptimize)
Event: 0.976 Executing VM operation: HandshakeAllThreads (Deoptimize) done
Event: 1.339 Executing VM operation: ICBufferFull
Event: 1.339 Executing VM operation: ICBufferFull done
Event: 1.372 Executing VM operation: HandshakeAllThreads (Deoptimize)
Event: 1.372 Executing VM operation: HandshakeAllThreads (Deoptimize) done
Event: 1.404 Executing VM operation: ParallelGCFailedAllocation (Allocation Failure)
Event: 1.417 Executing VM operation: ParallelGCFailedAllocation (Allocation Failure) done
Event: 2.064 Executing VM operation: HandshakeAllThreads (Deoptimize)
Event: 2.086 Executing VM operation: HandshakeAllThreads (Deoptimize) done
Event: 2.099 Executing VM operation: HandshakeAllThreads (Deoptimize)
Event: 2.099 Executing VM operation: HandshakeAllThreads (Deoptimize) done
Event: 2.188 Executing VM operation: HandshakeAllThreads (Deoptimize)
Event: 2.188 Executing VM operation: HandshakeAllThreads (Deoptimize) done
Event: 2.227 Executing VM operation: HandshakeAllThreads (Deoptimize)
Event: 2.227 Executing VM operation: HandshakeAllThreads (Deoptimize) done
Event: 2.448 Executing VM operation: ICBufferFull
Event: 2.448 Executing VM operation: ICBufferFull done
Event: 2.500 Executing VM operation: ParallelGCFailedAllocation (Allocation Failure)
Event: 2.506 Executing VM operation: ParallelGCFailedAllocation (Allocation Failure) done

Memory protections (0 events):
No events

Nmethod flushes (0 events):
No events

Events (19 events):
Event: 0.025 Thread 0x00000166f4c8cc10 Thread added: 0x00000166f4c8cc10
Event: 0.056 Thread 0x00000166f4c8cc10 Thread added: 0x00000166f4b77410
Event: 0.056 Thread 0x00000166f4c8cc10 Thread added: 0x00000166f4b79270
Event: 0.057 Thread 0x00000166f4c8cc10 Thread added: 0x00000166f4b7cb40
Event: 0.057 Thread 0x00000166f4c8cc10 Thread added: 0x00000166f4b7d790
Event: 0.057 Thread 0x00000166f4c8cc10 Thread added: 0x00000166f4b802f0
Event: 0.057 Thread 0x00000166f4c8cc10 Thread added: 0x00000166f4b80d40
Event: 0.057 Thread 0x00000166f4c8cc10 Thread added: 0x00000166f4b81b70
Event: 0.066 Thread 0x00000166f4c8cc10 Thread added: 0x00000166f4bf8ff0
Event: 0.134 Thread 0x00000166f4c8cc10 Thread added: 0x00000166fd344e50
Event: 0.677 Thread 0x00000166f4c8cc10 Thread added: 0x00000166fd4948d0
Event: 0.688 Thread 0x00000166f4bf8ff0 Thread added: 0x00000166fd5306e0
Event: 1.596 Thread 0x00000166fd5306e0 Thread exited: 0x00000166fd5306e0
Event: 1.652 Thread 0x00000166f4bf8ff0 Thread added: 0x00000166fd966d60
Event: 2.054 Thread 0x00000166f4c8cc10 Thread added: 0x00000166fdc69310
Event: 2.456 Thread 0x00000166f4c8cc10 Thread added: 0x00000166fd5ed730
Event: 2.540 Thread 0x00000166fd5ed730 Thread added: 0x00000166fdc0f530
Event: 2.568 Thread 0x00000166fd966d60 Thread exited: 0x00000166fd966d60
Event: 2.570 Thread 0x00000166f4c8cc10 Thread added: 0x00000166fd966d60


Dynamic libraries:
0x00007ff6b7ab0000 - 0x00007ff6b7abe000 	c:\Users\Admin\.antigravity\extensions\redhat.java-1.50.0-win32-x64\jre\21.0.9-win32-x86_64\bin\java.exe
0x00007ff91ea90000 - 0x00007ff91ec88000 	C:\WINDOWS\SYSTEM32\ntdll.dll
0x00007ff91e2b0000 - 0x00007ff91e372000 	C:\WINDOWS\System32\KERNEL32.DLL
0x00007ff91c1c0000 - 0x00007ff91c4b6000 	C:\WINDOWS\System32\KERNELBASE.dll
0x00007ff91c960000 - 0x00007ff91ca60000 	C:\WINDOWS\System32\ucrtbase.dll
0x00007ff8fadc0000 - 0x00007ff8fadd8000 	c:\Users\Admin\.antigravity\extensions\redhat.java-1.50.0-win32-x64\jre\21.0.9-win32-x86_64\bin\jli.dll
0x00007ff91cfd0000 - 0x00007ff91d171000 	C:\WINDOWS\System32\USER32.dll
0x00007ff91c550000 - 0x00007ff91c572000 	C:\WINDOWS\System32\win32u.dll
0x00007ff91cdd0000 - 0x00007ff91cdfb000 	C:\WINDOWS\System32\GDI32.dll
0x00007ff91c710000 - 0x00007ff91c829000 	C:\WINDOWS\System32\gdi32full.dll
0x00007ff91c120000 - 0x00007ff91c1bd000 	C:\WINDOWS\System32\msvcp_win.dll
0x00007ff8face0000 - 0x00007ff8facfe000 	c:\Users\Admin\.antigravity\extensions\redhat.java-1.50.0-win32-x64\jre\21.0.9-win32-x86_64\bin\VCRUNTIME140.dll
0x00007ff90b970000 - 0x00007ff90bc0b000 	C:\WINDOWS\WinSxS\amd64_microsoft.windows.common-controls_6595b64144ccf1df_6.0.19041.6456_none_60b8a6cb71f64256\COMCTL32.dll
0x00007ff91e540000 - 0x00007ff91e5de000 	C:\WINDOWS\System32\msvcrt.dll
0x00007ff91d180000 - 0x00007ff91d1af000 	C:\WINDOWS\System32\IMM32.DLL
0x00007ff90c240000 - 0x00007ff90c24c000 	c:\Users\Admin\.antigravity\extensions\redhat.java-1.50.0-win32-x64\jre\21.0.9-win32-x86_64\bin\vcruntime140_1.dll
0x00007ff8f8670000 - 0x00007ff8f86fd000 	c:\Users\Admin\.antigravity\extensions\redhat.java-1.50.0-win32-x64\jre\21.0.9-win32-x86_64\bin\msvcp140.dll
0x00007ff8e39a0000 - 0x00007ff8e4740000 	c:\Users\Admin\.antigravity\extensions\redhat.java-1.50.0-win32-x64\jre\21.0.9-win32-x86_64\bin\server\jvm.dll
0x00007ff91d220000 - 0x00007ff91d2d1000 	C:\WINDOWS\System32\ADVAPI32.dll
0x00007ff91d2f0000 - 0x00007ff91d38f000 	C:\WINDOWS\System32\sechost.dll
0x00007ff91df50000 - 0x00007ff91e070000 	C:\WINDOWS\System32\RPCRT4.dll
0x00007ff91c6e0000 - 0x00007ff91c707000 	C:\WINDOWS\System32\bcrypt.dll
0x00007ff91d1b0000 - 0x00007ff91d21b000 	C:\WINDOWS\System32\WS2_32.dll
0x00007ff91b6b0000 - 0x00007ff91b6fb000 	C:\WINDOWS\SYSTEM32\POWRPROF.dll
0x00007ff9129b0000 - 0x00007ff9129d7000 	C:\WINDOWS\SYSTEM32\WINMM.dll
0x00007ff915d60000 - 0x00007ff915d6a000 	C:\WINDOWS\SYSTEM32\VERSION.dll
0x00007ff91b520000 - 0x00007ff91b532000 	C:\WINDOWS\SYSTEM32\UMPDC.dll
0x00007ff919fb0000 - 0x00007ff919fc2000 	C:\WINDOWS\SYSTEM32\kernel.appcore.dll
0x00007ff908ec0000 - 0x00007ff908eca000 	c:\Users\Admin\.antigravity\extensions\redhat.java-1.50.0-win32-x64\jre\21.0.9-win32-x86_64\bin\jimage.dll
0x00007ff916af0000 - 0x00007ff916cf1000 	C:\WINDOWS\SYSTEM32\DBGHELP.DLL
0x00007ff8f9ff0000 - 0x00007ff8fa024000 	C:\WINDOWS\SYSTEM32\dbgcore.DLL
0x00007ff91c4c0000 - 0x00007ff91c542000 	C:\WINDOWS\System32\bcryptPrimitives.dll
0x00007ff8fadb0000 - 0x00007ff8fadbf000 	c:\Users\Admin\.antigravity\extensions\redhat.java-1.50.0-win32-x64\jre\21.0.9-win32-x86_64\bin\instrument.dll
0x00007ff8fac00000 - 0x00007ff8fac20000 	c:\Users\Admin\.antigravity\extensions\redhat.java-1.50.0-win32-x64\jre\21.0.9-win32-x86_64\bin\java.dll
0x00007ff91d400000 - 0x00007ff91db70000 	C:\WINDOWS\System32\SHELL32.dll
0x00007ff91a1b0000 - 0x00007ff91a955000 	C:\WINDOWS\SYSTEM32\windows.storage.dll
0x00007ff91db70000 - 0x00007ff91dec4000 	C:\WINDOWS\System32\combase.dll
0x00007ff91bb50000 - 0x00007ff91bb7b000 	C:\WINDOWS\SYSTEM32\Wldp.dll
0x00007ff91e410000 - 0x00007ff91e4dd000 	C:\WINDOWS\System32\OLEAUT32.dll
0x00007ff91e200000 - 0x00007ff91e2ad000 	C:\WINDOWS\System32\SHCORE.dll
0x00007ff91e4e0000 - 0x00007ff91e53b000 	C:\WINDOWS\System32\shlwapi.dll
0x00007ff91c050000 - 0x00007ff91c074000 	C:\WINDOWS\SYSTEM32\profapi.dll
0x00007ff8fa9d0000 - 0x00007ff8fa9e8000 	c:\Users\Admin\.antigravity\extensions\redhat.java-1.50.0-win32-x64\jre\21.0.9-win32-x86_64\bin\zip.dll
0x00007ff8fa630000 - 0x00007ff8fa640000 	C:\Users\Admin\.antigravity\extensions\redhat.java-1.50.0-win32-x64\jre\21.0.9-win32-x86_64\bin\net.dll
0x00007ff915610000 - 0x00007ff91571a000 	C:\WINDOWS\SYSTEM32\WINHTTP.dll
0x00007ff91b8b0000 - 0x00007ff91b91a000 	C:\WINDOWS\system32\mswsock.dll
0x00007ff8fa590000 - 0x00007ff8fa5a6000 	C:\Users\Admin\.antigravity\extensions\redhat.java-1.50.0-win32-x64\jre\21.0.9-win32-x86_64\bin\nio.dll
0x00007ff8fa620000 - 0x00007ff8fa630000 	c:\Users\Admin\.antigravity\extensions\redhat.java-1.50.0-win32-x64\jre\21.0.9-win32-x86_64\bin\verify.dll
0x00007ff8f4720000 - 0x00007ff8f4764000 	C:\Users\Admin\AppData\Roaming\Antigravity\User\globalStorage\redhat.java\1.50.0\config_win\org.eclipse.equinox.launcher\org.eclipse.equinox.launcher.win32.win32.x86_64_1.2.1400.v20250801-0854\eclipse_11916.dll
0x00007ff91e0d0000 - 0x00007ff91e1fb000 	C:\WINDOWS\System32\ole32.dll

JVMTI agents:
c:\Users\Admin\.antigravity\extensions\redhat.java-1.50.0-win32-x64\lombok\lombok-1.18.39-4050.jar path:c:\Users\Admin\.antigravity\extensions\redhat.java-1.50.0-win32-x64\jre\21.0.9-win32-x86_64\bin\instrument.dll, loaded, initialized, instrumentlib options:none

dbghelp: loaded successfully - version: 4.0.5 - missing functions: none
symbol engine: initialized successfully - sym options: 0x614 - pdb path: .;c:\Users\Admin\.antigravity\extensions\redhat.java-1.50.0-win32-x64\jre\21.0.9-win32-x86_64\bin;C:\WINDOWS\SYSTEM32;C:\WINDOWS\WinSxS\amd64_microsoft.windows.common-controls_6595b64144ccf1df_6.0.19041.6456_none_60b8a6cb71f64256;c:\Users\Admin\.antigravity\extensions\redhat.java-1.50.0-win32-x64\jre\21.0.9-win32-x86_64\bin\server;C:\Users\Admin\AppData\Roaming\Antigravity\User\globalStorage\redhat.java\1.50.0\config_win\org.eclipse.equinox.launcher\org.eclipse.equinox.launcher.win32.win32.x86_64_1.2.1400.v20250801-0854

VM Arguments:
jvm_args: --add-modules=ALL-SYSTEM --add-opens=java.base/java.util=ALL-UNNAMED --add-opens=java.base/java.lang=ALL-UNNAMED --add-opens=java.base/sun.nio.fs=ALL-UNNAMED -Declipse.application=org.eclipse.jdt.ls.core.id1 -Dosgi.bundles.defaultStartLevel=4 -Declipse.product=org.eclipse.jdt.ls.core.product -Djava.import.generatesMetadataFilesAtProjectRoot=false -DDetectVMInstallationsJob.disabled=true -Dfile.encoding=utf8 -XX:+UseParallelGC -XX:GCTimeRatio=4 -XX:AdaptiveSizePolicyWeight=90 -Dsun.zip.disableMemoryMapping=true -Xmx2G -Xms100m -Xlog:disable -javaagent:c:\Users\Admin\.antigravity\extensions\redhat.java-1.50.0-win32-x64\lombok\lombok-1.18.39-4050.jar -XX:+HeapDumpOnOutOfMemoryError -XX:HeapDumpPath=c:\Users\Admin\AppData\Roaming\Antigravity\User\workspaceStorage\af1cb1524c391b6bf54d4a5b5d479961\redhat.java -Daether.dependencyCollector.impl=bf 
java_command: c:\Users\Admin\.antigravity\extensions\redhat.java-1.50.0-win32-x64\server\plugins\org.eclipse.equinox.launcher_1.7.100.v20251111-0406.jar -configuration c:\Users\Admin\AppData\Roaming\Antigravity\User\globalStorage\redhat.java\1.50.0\config_win -data c:\Users\Admin\AppData\Roaming\Antigravity\User\workspaceStorage\af1cb1524c391b6bf54d4a5b5d479961\redhat.java\jdt_ws --pipe=\\.\pipe\lsp-d972c9af0b28c3c382420075ef8d9217-sock
java_class_path (initial): c:\Users\Admin\.antigravity\extensions\redhat.java-1.50.0-win32-x64\server\plugins\org.eclipse.equinox.launcher_1.7.100.v20251111-0406.jar
Launcher Type: SUN_STANDARD

[Global flags]
    uintx AdaptiveSizePolicyWeight                 = 90                                        {product} {command line}
     intx CICompilerCount                          = 3                                         {product} {ergonomic}
    uintx GCTimeRatio                              = 4                                         {product} {command line}
     bool HeapDumpOnOutOfMemoryError               = true                                   {manageable} {command line}
    ccstr HeapDumpPath                             = c:\Users\Admin\AppData\Roaming\Antigravity\User\workspaceStorage\af1cb1524c391b6bf54d4a5b5d479961\redhat.java         {manageable} {command line}
   size_t InitialHeapSize                          = 104857600                                 {product} {command line}
   size_t MaxHeapSize                              = 2147483648                                {product} {command line}
   size_t MaxNewSize                               = 715653120                                 {product} {ergonomic}
   size_t MinHeapDeltaBytes                        = 524288                                    {product} {ergonomic}
   size_t MinHeapSize                              = 104857600                                 {product} {command line}
   size_t NewSize                                  = 34603008                                  {product} {ergonomic}
    uintx NonNMethodCodeHeapSize                   = 5832780                                {pd product} {ergonomic}
    uintx NonProfiledCodeHeapSize                  = 122912730                              {pd product} {ergonomic}
   size_t OldSize                                  = 70254592                                  {product} {ergonomic}
    uintx ProfiledCodeHeapSize                     = 122912730                              {pd product} {ergonomic}
    uintx ReservedCodeCacheSize                    = 251658240                              {pd product} {ergonomic}
     bool SegmentedCodeCache                       = true                                      {product} {ergonomic}
   size_t SoftMaxHeapSize                          = 2147483648                             {manageable} {ergonomic}
     bool UseCompressedOops                        = true                           {product lp64_product} {ergonomic}
     bool UseLargePagesIndividualAllocation        = false                                  {pd product} {ergonomic}
     bool UseParallelGC                            = true                                      {product} {command line}

Logging:
Log output configuration:
 #0: stdout all=off uptime,level,tags foldmultilines=false
 #1: stderr all=off uptime,level,tags foldmultilines=false

Release file:
JAVA_VERSION="21.0.9" 
MODULES="java.base java.compiler java.datatransfer java.xml java.prefs java.desktop java.instrument java.logging java.management java.security.sasl java.naming java.rmi java.management.rmi java.net.http java.scripting java.security.jgss java.transaction.xa java.sql java.sql.rowset java.xml.crypto java.se java.smartcardio jdk.accessibility jdk.internal.jvmstat jdk.attach jdk.charsets jdk.internal.opt jdk.zipfs jdk.compiler jdk.crypto.ec jdk.crypto.cryptoki jdk.crypto.mscapi jdk.dynalink jdk.internal.ed jdk.editpad jdk.hotspot.agent jdk.httpserver jdk.internal.le jdk.internal.vm.ci jdk.internal.vm.compiler jdk.internal.vm.compiler.management jdk.jartool jdk.javadoc jdk.jcmd jdk.management jdk.management.agent jdk.jconsole jdk.jdeps jdk.jdwp.agent jdk.jdi jdk.jfr jdk.jshell jdk.jsobject jdk.jstatd jdk.localedata jdk.management.jfr jdk.naming.dns jdk.naming.rmi jdk.net jdk.nio.mapmode jdk.random jdk.sctp jdk.security.auth jdk.security.jgss jdk.unsupported jdk.unsupported.desktop jdk.xml.dom" 

Environment Variables:
PATH=C:\Program Files\Common Files\Oracle\Java\javapath;C:\WINDOWS\system32;C:\WINDOWS;C:\WINDOWS\System32\Wbem;C:\WINDOWS\System32\WindowsPowerShell\v1.0\;C:\WINDOWS\System32\OpenSSH\;C:\Program Files\Microsoft SQL Server\150\Tools\Binn\;C:\Program Files\nodejs\;C:\Users\Admin\AppData\Local\Microsoft\WindowsApps;C:\Users\Admin\AppData\Local\Programs\Microsoft VS Code\bin;C:\Users\Admin\AppData\Local\Programs\Antigravity\bin;C:\Users\Admin\AppData\Roaming\npm
USERNAME=Admin
OS=Windows_NT
PROCESSOR_IDENTIFIER=Intel64 Family 6 Model 42 Stepping 7, GenuineIntel
TMP=C:\Users\Admin\AppData\Local\Temp
TEMP=C:\Users\Admin\AppData\Local\Temp




Periodic native trim disabled

---------------  S Y S T E M  ---------------

OS:
 Windows 10 , 64 bit Build 19041 (10.0.19041.5915)
OS uptime: 0 days 5:43 hours

CPU: total 4 (initial active 4) (4 cores per cpu, 1 threads per core) family 6 model 42 stepping 7 microcode 0x2f, cx8, cmov, fxsr, mmx, sse, sse2, sse3, ssse3, sse4.1, sse4.2, popcnt, tsc, tscinvbit, avx, aes, clmul, vzeroupper, clflush, rdtscp
Processor Information for the first 4 processors :
  Max Mhz: 3301, Current Mhz: 3301, Mhz Limit: 3301

Memory: 4k page, system-wide physical 16337M (3686M free)
TotalPageFile size 20433M (AvailPageFile size 1M)
current process WorkingSet (physical memory assigned to process): 92M, peak: 92M
current process commit charge ("private bytes"): 226M, peak: 227M

vm_info: OpenJDK 64-Bit Server VM (21.0.9+10-LTS) for windows-amd64 JRE (21.0.9+10-LTS), built on 2025-10-21T00:00:00Z by "admin" with unknown MS VC++:1942

END.
