#
# There is insufficient memory for the Java Runtime Environment to continue.
# Native memory allocation (malloc) failed to allocate 32744 bytes. Error detail: Chunk::new
# Possible reasons:
#   The system is out of physical RAM or swap space
#   This process is running with CompressedOops enabled, and the Java Heap may be blocking the growth of the native heap
# Possible solutions:
#   Reduce memory load on the system
#   Increase physical memory or swap space
#   Check if swap backing store is full
#   Decrease Java heap size (-Xmx/-Xms)
#   Decrease number of Java threads
#   Decrease Java thread stack sizes (-Xss)
#   Set larger code cache with -XX:ReservedCodeCacheSize=
#   JVM is running with Unscaled Compressed Oops mode in which the Java heap is
#     placed in the first 4GB address space. The Java Heap base address is the
#     maximum limit for the native heap growth. Please use -XX:HeapBaseMinAddress
#     to set the Java Heap base and to place the Java Heap above 4GB virtual address.
# This output file may be truncated or incomplete.
#
#  Out of Memory Error (arena.cpp:168), pid=5888, tid=12280
#
# JRE version: OpenJDK Runtime Environment Temurin-21.0.9+10 (21.0.9+10) (build 21.0.9+10-LTS)
# Java VM: OpenJDK 64-Bit Server VM Temurin-21.0.9+10 (21.0.9+10-LTS, mixed mode, sharing, tiered, compressed oops, compressed class ptrs, parallel gc, windows-amd64)
# No core dump will be written. Minidumps are not enabled by default on client versions of Windows
#

---------------  S U M M A R Y ------------

Command Line: --add-modules=ALL-SYSTEM --add-opens=java.base/java.util=ALL-UNNAMED --add-opens=java.base/java.lang=ALL-UNNAMED --add-opens=java.base/sun.nio.fs=ALL-UNNAMED -Declipse.application=org.eclipse.jdt.ls.core.id1 -Dosgi.bundles.defaultStartLevel=4 -Declipse.product=org.eclipse.jdt.ls.core.product -Djava.import.generatesMetadataFilesAtProjectRoot=false -DDetectVMInstallationsJob.disabled=true -Dfile.encoding=utf8 -XX:+UseParallelGC -XX:GCTimeRatio=4 -XX:AdaptiveSizePolicyWeight=90 -Dsun.zip.disableMemoryMapping=true -Xmx2G -Xms100m -Xlog:disable -javaagent:c:\Users\Admin\.antigravity\extensions\redhat.java-1.50.0-win32-x64\lombok\lombok-1.18.39-4050.jar c:\Users\Admin\.antigravity\extensions\redhat.java-1.50.0-win32-x64\server\plugins\org.eclipse.equinox.launcher_1.7.100.v20251111-0406.jar -configuration c:\Users\Admin\AppData\Roaming\Antigravity\User\globalStorage\redhat.java\1.50.0\config_ss_win -data c:\Users\Admin\AppData\Roaming\Antigravity\User\workspaceStorage\af1cb1524c391b6bf54d4a5b5d479961\redhat.java\ss_ws --pipe=\\.\pipe\lsp-0fd625ed947de6b623863934d6c25eb6-sock

Host: Intel(R) Core(TM) i5-2500 CPU @ 3.30GHz, 4 cores, 15G,  Windows 10 , 64 bit Build 19041 (10.0.19041.5915)
Time: Thu Dec 18 21:02:37 2025 SE Asia Standard Time elapsed time: 1.340169 seconds (0d 0h 0m 1s)

---------------  T H R E A D  ---------------

Current thread (0x0000019bfecae920):  JavaThread "C2 CompilerThread1" daemon [_thread_in_native, id=12280, stack(0x00000033f5500000,0x00000033f5600000) (1024K)]


Current CompileTask:
C2:1340  965   !   4       java.lang.String::<init> (890 bytes)

Stack: [0x00000033f5500000,0x00000033f5600000]
Native frames: (J=compiled Java code, j=interpreted, Vv=VM code, C=native code)
V  [jvm.dll+0x6d6e29]
V  [jvm.dll+0x8b4b76]
V  [jvm.dll+0x8b712e]
V  [jvm.dll+0x8b7813]
V  [jvm.dll+0x283d86]
V  [jvm.dll+0xc66ed]
V  [jvm.dll+0xc6c31]
V  [jvm.dll+0xc6815]
V  [jvm.dll+0x6b1f8c]
V  [jvm.dll+0x5fda8f]
V  [jvm.dll+0x255557]
V  [jvm.dll+0x24d64b]
V  [jvm.dll+0x24b482]
V  [jvm.dll+0x1cb13e]
V  [jvm.dll+0x25b29d]
V  [jvm.dll+0x25982a]
V  [jvm.dll+0x3f7ea6]
V  [jvm.dll+0x85e9ad]
V  [jvm.dll+0x6d565d]
C  [ucrtbase.dll+0x21bb2]
C  [KERNEL32.DLL+0x17374]
C  [ntdll.dll+0x4cc91]


---------------  P R O C E S S  ---------------

Threads class SMR info:
_java_thread_list=0x0000019bfec04fe0, length=12, elements={
0x0000019ba63222a0, 0x0000019ba6205930, 0x0000019ba6206cc0, 0x0000019ba620a160,
0x0000019ba620cbc0, 0x0000019ba620d970, 0x0000019ba620e3c0, 0x0000019ba620f1f0,
0x0000019ba6285830, 0x0000019bfea8dd70, 0x0000019bfebe66e0, 0x0000019bfecae920
}

Java Threads: ( => current thread )
  0x0000019ba63222a0 JavaThread "main"                              [_thread_in_vm, id=14136, stack(0x00000033f4700000,0x00000033f4800000) (1024K)]
  0x0000019ba6205930 JavaThread "Reference Handler"          daemon [_thread_blocked, id=8408, stack(0x00000033f4b00000,0x00000033f4c00000) (1024K)]
  0x0000019ba6206cc0 JavaThread "Finalizer"                  daemon [_thread_blocked, id=7072, stack(0x00000033f4c00000,0x00000033f4d00000) (1024K)]
  0x0000019ba620a160 JavaThread "Signal Dispatcher"          daemon [_thread_blocked, id=11964, stack(0x00000033f4d00000,0x00000033f4e00000) (1024K)]
  0x0000019ba620cbc0 JavaThread "Attach Listener"            daemon [_thread_blocked, id=9988, stack(0x00000033f4e00000,0x00000033f4f00000) (1024K)]
  0x0000019ba620d970 JavaThread "Service Thread"             daemon [_thread_blocked, id=12096, stack(0x00000033f4f00000,0x00000033f5000000) (1024K)]
  0x0000019ba620e3c0 JavaThread "Monitor Deflation Thread"   daemon [_thread_blocked, id=15396, stack(0x00000033f5000000,0x00000033f5100000) (1024K)]
  0x0000019ba620f1f0 JavaThread "C2 CompilerThread0"         daemon [_thread_in_native, id=12712, stack(0x00000033f5100000,0x00000033f5200000) (1024K)]
  0x0000019ba6285830 JavaThread "C1 CompilerThread0"         daemon [_thread_blocked, id=5968, stack(0x00000033f5200000,0x00000033f5300000) (1024K)]
  0x0000019bfea8dd70 JavaThread "Common-Cleaner"             daemon [_thread_blocked, id=3380, stack(0x00000033f5300000,0x00000033f5400000) (1024K)]
  0x0000019bfebe66e0 JavaThread "Notification Thread"        daemon [_thread_blocked, id=3216, stack(0x00000033f5400000,0x00000033f5500000) (1024K)]
=>0x0000019bfecae920 JavaThread "C2 CompilerThread1"         daemon [_thread_in_native, id=12280, stack(0x00000033f5500000,0x00000033f5600000) (1024K)]
Total: 12

Other Threads:
  0x0000019ba63dbda0 VMThread "VM Thread"                           [id=7964, stack(0x00000033f4a00000,0x00000033f4b00000) (1024K)]
  0x0000019ba638ef20 WatcherThread "VM Periodic Task Thread"        [id=18172, stack(0x00000033f4900000,0x00000033f4a00000) (1024K)]
  0x0000019ba6340000 WorkerThread "GC Thread#0"                     [id=12100, stack(0x00000033f4800000,0x00000033f4900000) (1024K)]
Total: 3

Threads with active compile tasks:
C2 CompilerThread0  1358  964   !   4       java.util.jar.Attributes::read (494 bytes)
C2 CompilerThread1  1358  965   !   4       java.lang.String::<init> (890 bytes)
Total: 2

VM state: not at safepoint (normal execution)

VM Mutex/Monitor currently owned by a thread: None

Heap address: 0x0000000080000000, size: 2048 MB, Compressed Oops mode: 32-bit

CDS archive(s) mapped at: [0x0000019bbd000000-0x0000019bbdba0000-0x0000019bbdba0000), size 12189696, SharedBaseAddress: 0x0000019bbd000000, ArchiveRelocationMode: 1.
Compressed class space mapped at: 0x0000019bbe000000-0x0000019bfe000000, reserved size: 1073741824
Narrow klass base: 0x0000019bbd000000, Narrow klass shift: 0, Narrow klass range: 0x100000000

GC Precious Log:
 CardTable entry size: 512
 CPUs: 4 total, 4 available
 Memory: 16337M
 Large Page Support: Disabled
 NUMA Support: Disabled
 Compressed Oops: Enabled (32-bit)
 Alignments: Space 512K, Generation 512K, Heap 2M
 Heap Min Capacity: 100M
 Heap Initial Capacity: 100M
 Heap Max Capacity: 2G
 Pre-touch: Disabled
 Parallel Workers: 4

Heap:
 PSYoungGen      total 29696K, used 20344K [0x00000000d5580000, 0x00000000d7680000, 0x0000000100000000)
  eden space 25600K, 79% used [0x00000000d5580000,0x00000000d695e068,0x00000000d6e80000)
  from space 4096K, 0% used [0x00000000d7280000,0x00000000d7280000,0x00000000d7680000)
  to   space 4096K, 0% used [0x00000000d6e80000,0x00000000d6e80000,0x00000000d7280000)
 ParOldGen       total 68608K, used 0K [0x0000000080000000, 0x0000000084300000, 0x00000000d5580000)
  object space 68608K, 0% used [0x0000000080000000,0x0000000080000000,0x0000000084300000)
 Metaspace       used 3599K, committed 3904K, reserved 1114112K
  class space    used 391K, committed 512K, reserved 1048576K

Card table byte_map: [0x0000019ba5cd0000,0x0000019ba60e0000] _byte_map_base: 0x0000019ba58d0000

Marking Bits: (ParMarkBitMap*) 0x00007ff8e4662460
 Begin Bits: [0x0000019bb87e0000, 0x0000019bba7e0000)
 End Bits:   [0x0000019bba7e0000, 0x0000019bbc7e0000)

Polling page: 0x0000019ba4000000

Metaspace:

Usage:
  Non-class:      3.13 MB used.
      Class:    391.68 KB used.
       Both:      3.52 MB used.

Virtual space:
  Non-class space:       64.00 MB reserved,       3.31 MB (  5%) committed,  1 nodes.
      Class space:        1.00 GB reserved,     512.00 KB ( <1%) committed,  1 nodes.
             Both:        1.06 GB reserved,       3.81 MB ( <1%) committed. 

Chunk freelists:
   Non-Class:  11.41 MB
       Class:  15.47 MB
        Both:  26.88 MB

MaxMetaspaceSize: unlimited
CompressedClassSpaceSize: 1.00 GB
Initial GC threshold: 21.00 MB
Current GC threshold: 21.00 MB
CDS: on
 - commit_granule_bytes: 65536.
 - commit_granule_words: 8192.
 - virtual_space_node_default_size: 8388608.
 - enlarge_chunks_in_place: 1.
 - use_allocation_guard: 0.


Internal statistics:

num_allocs_failed_limit: 0.
num_arena_births: 172.
num_arena_deaths: 0.
num_vsnodes_births: 2.
num_vsnodes_deaths: 0.
num_space_committed: 61.
num_space_uncommitted: 0.
num_chunks_returned_to_freelist: 0.
num_chunks_taken_from_freelist: 221.
num_chunk_merges: 0.
num_chunk_splits: 143.
num_chunks_enlarged: 77.
num_inconsistent_stats: 0.

CodeHeap 'non-profiled nmethods': size=120000Kb used=393Kb max_used=393Kb free=119606Kb
 bounds [0x0000019bb1000000, 0x0000019bb1270000, 0x0000019bb8530000]
CodeHeap 'profiled nmethods': size=120000Kb used=1531Kb max_used=1531Kb free=118468Kb
 bounds [0x0000019ba9530000, 0x0000019ba97a0000, 0x0000019bb0a60000]
CodeHeap 'non-nmethods': size=5760Kb used=1189Kb max_used=1204Kb free=4570Kb
 bounds [0x0000019bb0a60000, 0x0000019bb0cd0000, 0x0000019bb1000000]
CodeCache: size=245760Kb, used=3113Kb, max_used=3128Kb, free=242644Kb
 total_blobs=1425, nmethods=974, adapters=358, full_count=0
Compilation: enabled, stopped_count=0, restarted_count=0

Compilation events (20 events):
Event: 1.275 Thread 0x0000019ba6285830  956       3       sun.security.util.ManifestDigester::isNameAttr (102 bytes)
Event: 1.275 Thread 0x0000019ba6285830 nmethod 956 0x0000019ba96a1910 code [0x0000019ba96a1ae0, 0x0000019ba96a1ed0]
Event: 1.275 Thread 0x0000019ba6285830  957       3       sun.security.util.ManifestDigester$$Lambda/0x0000019bbe04d630::apply (8 bytes)
Event: 1.276 Thread 0x0000019ba6285830 nmethod 957 0x0000019ba96a2010 code [0x0000019ba96a2200, 0x0000019ba96a2788]
Event: 1.276 Thread 0x0000019ba6285830  958  s    3       java.io.ByteArrayOutputStream::toString (18 bytes)
Event: 1.276 Thread 0x0000019ba6285830 nmethod 958 0x0000019ba96a2990 code [0x0000019ba96a2b40, 0x0000019ba96a2db8]
Event: 1.276 Thread 0x0000019ba6285830  954       3       sun.security.util.ManifestDigester$Section::<init> (26 bytes)
Event: 1.276 Thread 0x0000019ba6285830 nmethod 954 0x0000019ba96a2e90 code [0x0000019ba96a3040, 0x0000019ba96a31d0]
Event: 1.276 Thread 0x0000019ba6285830  960       3       sun.security.util.ManifestDigester::lambda$new$0 (8 bytes)
Event: 1.276 Thread 0x0000019ba6285830 nmethod 960 0x0000019ba96a3290 code [0x0000019ba96a3460, 0x0000019ba96a3878]
Event: 1.276 Thread 0x0000019ba6285830  961       3       jdk.internal.misc.Unsafe::getLongUnaligned (173 bytes)
Event: 1.276 Thread 0x0000019ba6285830 nmethod 961 0x0000019ba96a3a10 code [0x0000019ba96a3c00, 0x0000019ba96a3fe0]
Event: 1.277 Thread 0x0000019bfecae920 nmethod 946 0x0000019bb105ff90 code [0x0000019bb1060160, 0x0000019bb1060778]
Event: 1.277 Thread 0x0000019bfecae920  962       4       java.util.HashMap::getNode (150 bytes)
Event: 1.277 Thread 0x0000019ba6285830  963       3       java.lang.String::<init> (16 bytes)
Event: 1.277 Thread 0x0000019ba6285830 nmethod 963 0x0000019ba96a4110 code [0x0000019ba96a42e0, 0x0000019ba96a4598]
Event: 1.278 Thread 0x0000019ba620f1f0 nmethod 959% 0x0000019bb1060a90 code [0x0000019bb1060c40, 0x0000019bb1060fe0]
Event: 1.278 Thread 0x0000019ba620f1f0  964   !   4       java.util.jar.Attributes::read (494 bytes)
Event: 1.281 Thread 0x0000019bfecae920 nmethod 962 0x0000019bb1061290 code [0x0000019bb1061460, 0x0000019bb10617e0]
Event: 1.329 Thread 0x0000019bfecae920  965   !   4       java.lang.String::<init> (890 bytes)

GC Heap History (0 events):
No events

Dll operation events (8 events):
Event: 0.010 Loaded shared library c:\Users\Admin\.antigravity\extensions\redhat.java-1.50.0-win32-x64\jre\21.0.9-win32-x86_64\bin\java.dll
Event: 0.177 Loaded shared library c:\Users\Admin\.antigravity\extensions\redhat.java-1.50.0-win32-x64\jre\21.0.9-win32-x86_64\bin\zip.dll
Event: 0.200 Loaded shared library C:\Users\Admin\.antigravity\extensions\redhat.java-1.50.0-win32-x64\jre\21.0.9-win32-x86_64\bin\instrument.dll
Event: 0.205 Loaded shared library C:\Users\Admin\.antigravity\extensions\redhat.java-1.50.0-win32-x64\jre\21.0.9-win32-x86_64\bin\net.dll
Event: 0.207 Loaded shared library C:\Users\Admin\.antigravity\extensions\redhat.java-1.50.0-win32-x64\jre\21.0.9-win32-x86_64\bin\nio.dll
Event: 0.223 Loaded shared library C:\Users\Admin\.antigravity\extensions\redhat.java-1.50.0-win32-x64\jre\21.0.9-win32-x86_64\bin\zip.dll
Event: 0.245 Loaded shared library C:\Users\Admin\.antigravity\extensions\redhat.java-1.50.0-win32-x64\jre\21.0.9-win32-x86_64\bin\jimage.dll
Event: 0.366 Loaded shared library c:\Users\Admin\.antigravity\extensions\redhat.java-1.50.0-win32-x64\jre\21.0.9-win32-x86_64\bin\verify.dll

Deoptimization events (20 events):
Event: 0.956 Thread 0x0000019ba63222a0 DEOPT PACKING pc=0x0000019ba9625604 sp=0x00000033f47fd320
Event: 0.956 Thread 0x0000019ba63222a0 DEOPT UNPACKING pc=0x0000019bb0ab4242 sp=0x00000033f47fc778 mode 0
Event: 0.956 Thread 0x0000019ba63222a0 DEOPT PACKING pc=0x0000019ba9625604 sp=0x00000033f47fd3a0
Event: 0.956 Thread 0x0000019ba63222a0 DEOPT UNPACKING pc=0x0000019bb0ab4242 sp=0x00000033f47fc7f8 mode 0
Event: 0.956 Thread 0x0000019ba63222a0 DEOPT PACKING pc=0x0000019ba9625604 sp=0x00000033f47fd3a0
Event: 0.956 Thread 0x0000019ba63222a0 DEOPT UNPACKING pc=0x0000019bb0ab4242 sp=0x00000033f47fc7f8 mode 0
Event: 0.958 Thread 0x0000019ba63222a0 DEOPT PACKING pc=0x0000019ba9625604 sp=0x00000033f47fd320
Event: 0.958 Thread 0x0000019ba63222a0 DEOPT UNPACKING pc=0x0000019bb0ab4242 sp=0x00000033f47fc778 mode 0
Event: 0.958 Thread 0x0000019ba63222a0 Uncommon trap: trap_request=0xffffff6e fr.pc=0x0000019bb1046c30 relative=0x0000000000000190
Event: 0.958 Thread 0x0000019ba63222a0 Uncommon trap: reason=loop_limit_check action=maybe_recompile pc=0x0000019bb1046c30 method=java.math.BigInteger.implMulAdd([I[IIII)I @ 26 c2
Event: 0.958 Thread 0x0000019ba63222a0 DEOPT PACKING pc=0x0000019bb1046c30 sp=0x00000033f47fd330
Event: 0.958 Thread 0x0000019ba63222a0 DEOPT UNPACKING pc=0x0000019bb0ab3aa2 sp=0x00000033f47fd280 mode 2
Event: 1.058 Thread 0x0000019ba63222a0 Uncommon trap: trap_request=0xffffff45 fr.pc=0x0000019bb1049fac relative=0x000000000000008c
Event: 1.058 Thread 0x0000019ba63222a0 Uncommon trap: reason=unstable_if action=reinterpret pc=0x0000019bb1049fac method=jdk.internal.misc.Unsafe.convEndian(ZI)I @ 4 c2
Event: 1.058 Thread 0x0000019ba63222a0 DEOPT PACKING pc=0x0000019bb1049fac sp=0x00000033f47fd8e0
Event: 1.058 Thread 0x0000019ba63222a0 DEOPT UNPACKING pc=0x0000019bb0ab3aa2 sp=0x00000033f47fd810 mode 2
Event: 1.060 Thread 0x0000019ba63222a0 Uncommon trap: trap_request=0xffffff45 fr.pc=0x0000019bb1030a14 relative=0x00000000000005b4
Event: 1.060 Thread 0x0000019ba63222a0 Uncommon trap: reason=unstable_if action=reinterpret pc=0x0000019bb1030a14 method=java.lang.AbstractStringBuilder.append(Ljava/lang/String;)Ljava/lang/AbstractStringBuilder; @ 1 c2
Event: 1.060 Thread 0x0000019ba63222a0 DEOPT PACKING pc=0x0000019bb1030a14 sp=0x00000033f47fdc40
Event: 1.060 Thread 0x0000019ba63222a0 DEOPT UNPACKING pc=0x0000019bb0ab3aa2 sp=0x00000033f47fdbd0 mode 2

Classes loaded (20 events):
Event: 1.246 Loading class sun/nio/fs/WindowsFileSystemProvider$1
Event: 1.246 Loading class sun/nio/fs/WindowsFileSystemProvider$1 done
Event: 1.246 Loading class sun/nio/fs/WindowsLinkSupport
Event: 1.247 Loading class sun/nio/fs/WindowsLinkSupport done
Event: 1.247 Loading class sun/nio/fs/WindowsAclFileAttributeView
Event: 1.247 Loading class sun/nio/fs/AbstractAclFileAttributeView
Event: 1.247 Loading class java/nio/file/attribute/AclFileAttributeView
Event: 1.247 Loading class java/nio/file/attribute/FileOwnerAttributeView
Event: 1.247 Loading class java/nio/file/attribute/FileOwnerAttributeView done
Event: 1.247 Loading class java/nio/file/attribute/AclFileAttributeView done
Event: 1.247 Loading class sun/nio/fs/AbstractAclFileAttributeView done
Event: 1.247 Loading class sun/nio/fs/WindowsAclFileAttributeView done
Event: 1.247 Loading class sun/nio/fs/WindowsSecurity
Event: 1.247 Loading class sun/nio/fs/WindowsSecurity done
Event: 1.248 Loading class sun/nio/fs/WindowsFileStore
Event: 1.248 Loading class java/nio/file/FileStore
Event: 1.248 Loading class java/nio/file/FileStore done
Event: 1.248 Loading class sun/nio/fs/WindowsFileStore done
Event: 1.252 Loading class java/net/URLClassLoader$1
Event: 1.253 Loading class java/net/URLClassLoader$1 done

Classes unloaded (0 events):
No events

Classes redefined (0 events):
No events

Internal exceptions (20 events):
Event: 0.302 Thread 0x0000019ba63222a0 Exception <a 'java/lang/NoSuchMethodError'{0x00000000d59e7f38}: 'void java.lang.invoke.DelegatingMethodHandle$Holder.reinvoke_L(java.lang.Object, java.lang.Object, java.lang.Object, int, java.lang.Object)'> (0x00000000d59e7f38) 
thrown [s\src\hotspot\share\interpreter\linkResolver.cpp, line 773]
Event: 0.305 Thread 0x0000019ba63222a0 Exception <a 'java/lang/NoSuchMethodError'{0x00000000d59f8888}: 'int java.lang.invoke.DirectMethodHandle$Holder.invokeSpecial(java.lang.Object, java.lang.Object, java.lang.Object)'> (0x00000000d59f8888) 
thrown [s\src\hotspot\share\interpreter\linkResolver.cpp, line 773]
Event: 0.307 Thread 0x0000019ba63222a0 Exception <a 'java/lang/NoSuchMethodError'{0x00000000d5a04548}: 'java.lang.Object java.lang.invoke.DirectMethodHandle$Holder.invokeStatic(java.lang.Object, java.lang.Object, int)'> (0x00000000d5a04548) 
thrown [s\src\hotspot\share\interpreter\linkResolver.cpp, line 773]
Event: 0.307 Thread 0x0000019ba63222a0 Exception <a 'java/lang/NoSuchMethodError'{0x00000000d5a08e98}: 'void java.lang.invoke.DirectMethodHandle$Holder.invokeStatic(java.lang.Object, java.lang.Object, int, java.lang.Object)'> (0x00000000d5a08e98) 
thrown [s\src\hotspot\share\interpreter\linkResolver.cpp, line 773]
Event: 0.308 Thread 0x0000019ba63222a0 Exception <a 'java/lang/NoSuchMethodError'{0x00000000d5a0ca28}: 'void java.lang.invoke.DirectMethodHandle$Holder.invokeSpecial(java.lang.Object, java.lang.Object, java.lang.Object, int, java.lang.Object)'> (0x00000000d5a0ca28) 
thrown [s\src\hotspot\share\interpreter\linkResolver.cpp, line 773]
Event: 0.308 Thread 0x0000019ba63222a0 Exception <a 'java/lang/NoSuchMethodError'{0x00000000d5a0fe98}: 'void java.lang.invoke.DelegatingMethodHandle$Holder.delegate(java.lang.Object, java.lang.Object, int, java.lang.Object)'> (0x00000000d5a0fe98) 
thrown [s\src\hotspot\share\interpreter\linkResolver.cpp, line 773]
Event: 0.396 Thread 0x0000019ba63222a0 Exception <a 'java/lang/NoSuchMethodError'{0x00000000d5bd00a0}: 'void java.lang.invoke.DelegatingMethodHandle$Holder.reinvoke_L(java.lang.Object, java.lang.Object, java.lang.Object, int)'> (0x00000000d5bd00a0) 
thrown [s\src\hotspot\share\interpreter\linkResolver.cpp, line 773]
Event: 0.763 Thread 0x0000019ba63222a0 Exception <a 'java/lang/NoSuchMethodError'{0x00000000d605c940}: 'void java.lang.invoke.DirectMethodHandle$Holder.invokeVirtual(java.lang.Object, java.lang.Object)'> (0x00000000d605c940) 
thrown [s\src\hotspot\share\interpreter\linkResolver.cpp, line 773]
Event: 1.037 Thread 0x0000019ba63222a0 Exception <a 'java/lang/NoSuchMethodError'{0x00000000d642cb78}: 'void java.lang.invoke.DirectMethodHandle$Holder.invokeStatic(java.lang.Object, java.lang.Object)'> (0x00000000d642cb78) 
thrown [s\src\hotspot\share\interpreter\linkResolver.cpp, line 773]
Event: 1.042 Thread 0x0000019ba63222a0 Exception <a 'java/lang/ClassNotFoundException'{0x00000000d6454c80}: sun/net/www/protocol/c/Handler> (0x00000000d6454c80) 
thrown [s\src\hotspot\share\classfile\systemDictionary.cpp, line 312]
Event: 1.056 Thread 0x0000019ba63222a0 Exception <a 'java/io/FileNotFoundException'{0x00000000d64aedd8}> (0x00000000d64aedd8) 
thrown [s\src\hotspot\share\prims\jni.cpp, line 520]
Event: 1.056 Thread 0x0000019ba63222a0 Exception <a 'java/io/FileNotFoundException'{0x00000000d64b0110}> (0x00000000d64b0110) 
thrown [s\src\hotspot\share\prims\jni.cpp, line 520]
Event: 1.056 Thread 0x0000019ba63222a0 Exception <a 'java/io/FileNotFoundException'{0x00000000d64b0d98}> (0x00000000d64b0d98) 
thrown [s\src\hotspot\share\prims\jni.cpp, line 520]
Event: 1.056 Thread 0x0000019ba63222a0 Exception <a 'java/io/FileNotFoundException'{0x00000000d64b1908}> (0x00000000d64b1908) 
thrown [s\src\hotspot\share\prims\jni.cpp, line 520]
Event: 1.060 Thread 0x0000019ba63222a0 Implicit null exception at 0x0000019bb10304a4 to 0x0000019bb1030a04
Event: 1.063 Thread 0x0000019ba63222a0 Exception <a 'java/io/FileNotFoundException'{0x00000000d64ebad8}> (0x00000000d64ebad8) 
thrown [s\src\hotspot\share\prims\jni.cpp, line 520]
Event: 1.139 Thread 0x0000019ba63222a0 Exception <a 'java/lang/NoSuchMethodError'{0x00000000d6526c78}: 'java.lang.Object java.lang.invoke.DirectMethodHandle$Holder.invokeInterface(java.lang.Object, java.lang.Object)'> (0x00000000d6526c78) 
thrown [s\src\hotspot\share\interpreter\linkResolver.cpp, line 773]
Event: 1.142 Thread 0x0000019ba63222a0 Exception <a 'java/lang/NoSuchMethodError'{0x00000000d653a3a0}: 'java.lang.Object java.lang.invoke.Invokers$Holder.invokeExact_MT(java.lang.Object, java.lang.Object, java.lang.Object, java.lang.Object, java.lang.Object, java.lang.Object)'> (0x00000000d653a3a0) 
thrown [s\src\hotspot\share\interpreter\linkResolver.cpp, line 773]
Event: 1.146 Thread 0x0000019ba63222a0 Exception <a 'java/lang/NoSuchMethodError'{0x00000000d6551478}: 'int java.lang.invoke.DirectMethodHandle$Holder.invokeStatic(java.lang.Object, java.lang.Object, java.lang.Object, java.lang.Object, java.lang.Object)'> (0x00000000d6551478) 
thrown [s\src\hotspot\share\interpreter\linkResolver.cpp, line 773]
Event: 1.169 Thread 0x0000019ba63222a0 Exception <a 'java/lang/NoSuchMethodError'{0x00000000d65e5a90}: 'java.lang.Object java.lang.invoke.DirectMethodHandle$Holder.invokeInterface(java.lang.Object, java.lang.Object, int)'> (0x00000000d65e5a90) 
thrown [s\src\hotspot\share\interpreter\linkResolver.cpp, line 773]

ZGC Phase Switch (0 events):
No events

VM Operations (8 events):
Event: 0.176 Executing VM operation: HandshakeAllThreads (Deoptimize)
Event: 0.176 Executing VM operation: HandshakeAllThreads (Deoptimize) done
Event: 0.258 Executing VM operation: HandshakeAllThreads (Deoptimize)
Event: 0.258 Executing VM operation: HandshakeAllThreads (Deoptimize) done
Event: 0.975 Executing VM operation: HandshakeAllThreads (Deoptimize)
Event: 0.975 Executing VM operation: HandshakeAllThreads (Deoptimize) done
Event: 1.032 Executing VM operation: HandshakeAllThreads (Deoptimize)
Event: 1.032 Executing VM operation: HandshakeAllThreads (Deoptimize) done

Memory protections (0 events):
No events

Nmethod flushes (0 events):
No events

Events (12 events):
Event: 0.029 Thread 0x0000019ba63222a0 Thread added: 0x0000019ba63222a0
Event: 0.065 Thread 0x0000019ba63222a0 Thread added: 0x0000019ba6205930
Event: 0.065 Thread 0x0000019ba63222a0 Thread added: 0x0000019ba6206cc0
Event: 0.065 Thread 0x0000019ba63222a0 Thread added: 0x0000019ba620a160
Event: 0.065 Thread 0x0000019ba63222a0 Thread added: 0x0000019ba620cbc0
Event: 0.065 Thread 0x0000019ba63222a0 Thread added: 0x0000019ba620d970
Event: 0.065 Thread 0x0000019ba63222a0 Thread added: 0x0000019ba620e3c0
Event: 0.065 Thread 0x0000019ba63222a0 Thread added: 0x0000019ba620f1f0
Event: 0.095 Thread 0x0000019ba63222a0 Thread added: 0x0000019ba6285830
Event: 0.203 Thread 0x0000019ba63222a0 Thread added: 0x0000019bfea8dd70
Event: 0.562 Thread 0x0000019ba63222a0 Thread added: 0x0000019bfebe66e0
Event: 0.564 Thread 0x0000019ba6285830 Thread added: 0x0000019bfecae920


Dynamic libraries:
0x00007ff6b7ab0000 - 0x00007ff6b7abe000 	c:\Users\Admin\.antigravity\extensions\redhat.java-1.50.0-win32-x64\jre\21.0.9-win32-x86_64\bin\java.exe
0x00007ff91ea90000 - 0x00007ff91ec88000 	C:\WINDOWS\SYSTEM32\ntdll.dll
0x00007ff91e2b0000 - 0x00007ff91e372000 	C:\WINDOWS\System32\KERNEL32.DLL
0x00007ff91c1c0000 - 0x00007ff91c4b6000 	C:\WINDOWS\System32\KERNELBASE.dll
0x00007ff91c960000 - 0x00007ff91ca60000 	C:\WINDOWS\System32\ucrtbase.dll
0x00007ff8fadc0000 - 0x00007ff8fadd8000 	c:\Users\Admin\.antigravity\extensions\redhat.java-1.50.0-win32-x64\jre\21.0.9-win32-x86_64\bin\jli.dll
0x00007ff91cfd0000 - 0x00007ff91d171000 	C:\WINDOWS\System32\USER32.dll
0x00007ff91c550000 - 0x00007ff91c572000 	C:\WINDOWS\System32\win32u.dll
0x00007ff91cdd0000 - 0x00007ff91cdfb000 	C:\WINDOWS\System32\GDI32.dll
0x00007ff91c710000 - 0x00007ff91c829000 	C:\WINDOWS\System32\gdi32full.dll
0x00007ff91c120000 - 0x00007ff91c1bd000 	C:\WINDOWS\System32\msvcp_win.dll
0x00007ff8face0000 - 0x00007ff8facfe000 	c:\Users\Admin\.antigravity\extensions\redhat.java-1.50.0-win32-x64\jre\21.0.9-win32-x86_64\bin\VCRUNTIME140.dll
0x00007ff90b970000 - 0x00007ff90bc0b000 	C:\WINDOWS\WinSxS\amd64_microsoft.windows.common-controls_6595b64144ccf1df_6.0.19041.6456_none_60b8a6cb71f64256\COMCTL32.dll
0x00007ff91e540000 - 0x00007ff91e5de000 	C:\WINDOWS\System32\msvcrt.dll
0x00007ff91d180000 - 0x00007ff91d1af000 	C:\WINDOWS\System32\IMM32.DLL
0x00007ff90c240000 - 0x00007ff90c24c000 	c:\Users\Admin\.antigravity\extensions\redhat.java-1.50.0-win32-x64\jre\21.0.9-win32-x86_64\bin\vcruntime140_1.dll
0x00007ff8f8670000 - 0x00007ff8f86fd000 	c:\Users\Admin\.antigravity\extensions\redhat.java-1.50.0-win32-x64\jre\21.0.9-win32-x86_64\bin\msvcp140.dll
0x00007ff8e39a0000 - 0x00007ff8e4740000 	c:\Users\Admin\.antigravity\extensions\redhat.java-1.50.0-win32-x64\jre\21.0.9-win32-x86_64\bin\server\jvm.dll
0x00007ff91d220000 - 0x00007ff91d2d1000 	C:\WINDOWS\System32\ADVAPI32.dll
0x00007ff91d2f0000 - 0x00007ff91d38f000 	C:\WINDOWS\System32\sechost.dll
0x00007ff91df50000 - 0x00007ff91e070000 	C:\WINDOWS\System32\RPCRT4.dll
0x00007ff91c6e0000 - 0x00007ff91c707000 	C:\WINDOWS\System32\bcrypt.dll
0x00007ff91d1b0000 - 0x00007ff91d21b000 	C:\WINDOWS\System32\WS2_32.dll
0x00007ff91b6b0000 - 0x00007ff91b6fb000 	C:\WINDOWS\SYSTEM32\POWRPROF.dll
0x00007ff9129b0000 - 0x00007ff9129d7000 	C:\WINDOWS\SYSTEM32\WINMM.dll
0x00007ff915d60000 - 0x00007ff915d6a000 	C:\WINDOWS\SYSTEM32\VERSION.dll
0x00007ff91b520000 - 0x00007ff91b532000 	C:\WINDOWS\SYSTEM32\UMPDC.dll
0x00007ff919fb0000 - 0x00007ff919fc2000 	C:\WINDOWS\SYSTEM32\kernel.appcore.dll
0x00007ff908ec0000 - 0x00007ff908eca000 	c:\Users\Admin\.antigravity\extensions\redhat.java-1.50.0-win32-x64\jre\21.0.9-win32-x86_64\bin\jimage.dll
0x00007ff916af0000 - 0x00007ff916cf1000 	C:\WINDOWS\SYSTEM32\DBGHELP.DLL
0x00007ff8f9ff0000 - 0x00007ff8fa024000 	C:\WINDOWS\SYSTEM32\dbgcore.DLL
0x00007ff91c4c0000 - 0x00007ff91c542000 	C:\WINDOWS\System32\bcryptPrimitives.dll
0x00007ff8fadb0000 - 0x00007ff8fadbf000 	c:\Users\Admin\.antigravity\extensions\redhat.java-1.50.0-win32-x64\jre\21.0.9-win32-x86_64\bin\instrument.dll
0x00007ff8fac00000 - 0x00007ff8fac20000 	c:\Users\Admin\.antigravity\extensions\redhat.java-1.50.0-win32-x64\jre\21.0.9-win32-x86_64\bin\java.dll
0x00007ff91d400000 - 0x00007ff91db70000 	C:\WINDOWS\System32\SHELL32.dll
0x00007ff91a1b0000 - 0x00007ff91a955000 	C:\WINDOWS\SYSTEM32\windows.storage.dll
0x00007ff91db70000 - 0x00007ff91dec4000 	C:\WINDOWS\System32\combase.dll
0x00007ff91bb50000 - 0x00007ff91bb7b000 	C:\WINDOWS\SYSTEM32\Wldp.dll
0x00007ff91e410000 - 0x00007ff91e4dd000 	C:\WINDOWS\System32\OLEAUT32.dll
0x00007ff91e200000 - 0x00007ff91e2ad000 	C:\WINDOWS\System32\SHCORE.dll
0x00007ff91e4e0000 - 0x00007ff91e53b000 	C:\WINDOWS\System32\shlwapi.dll
0x00007ff91c050000 - 0x00007ff91c074000 	C:\WINDOWS\SYSTEM32\profapi.dll
0x00007ff8fa9d0000 - 0x00007ff8fa9e8000 	c:\Users\Admin\.antigravity\extensions\redhat.java-1.50.0-win32-x64\jre\21.0.9-win32-x86_64\bin\zip.dll
0x00007ff8fa630000 - 0x00007ff8fa640000 	C:\Users\Admin\.antigravity\extensions\redhat.java-1.50.0-win32-x64\jre\21.0.9-win32-x86_64\bin\net.dll
0x00007ff915610000 - 0x00007ff91571a000 	C:\WINDOWS\SYSTEM32\WINHTTP.dll
0x00007ff91b8b0000 - 0x00007ff91b91a000 	C:\WINDOWS\system32\mswsock.dll
0x00007ff8fa590000 - 0x00007ff8fa5a6000 	C:\Users\Admin\.antigravity\extensions\redhat.java-1.50.0-win32-x64\jre\21.0.9-win32-x86_64\bin\nio.dll
0x00007ff8fa620000 - 0x00007ff8fa630000 	c:\Users\Admin\.antigravity\extensions\redhat.java-1.50.0-win32-x64\jre\21.0.9-win32-x86_64\bin\verify.dll

JVMTI agents:
c:\Users\Admin\.antigravity\extensions\redhat.java-1.50.0-win32-x64\lombok\lombok-1.18.39-4050.jar path:c:\Users\Admin\.antigravity\extensions\redhat.java-1.50.0-win32-x64\jre\21.0.9-win32-x86_64\bin\instrument.dll, loaded, initialized, instrumentlib options:none

dbghelp: loaded successfully - version: 4.0.5 - missing functions: none
symbol engine: initialized successfully - sym options: 0x614 - pdb path: .;c:\Users\Admin\.antigravity\extensions\redhat.java-1.50.0-win32-x64\jre\21.0.9-win32-x86_64\bin;C:\WINDOWS\SYSTEM32;C:\WINDOWS\WinSxS\amd64_microsoft.windows.common-controls_6595b64144ccf1df_6.0.19041.6456_none_60b8a6cb71f64256;c:\Users\Admin\.antigravity\extensions\redhat.java-1.50.0-win32-x64\jre\21.0.9-win32-x86_64\bin\server

VM Arguments:
jvm_args: --add-modules=ALL-SYSTEM --add-opens=java.base/java.util=ALL-UNNAMED --add-opens=java.base/java.lang=ALL-UNNAMED --add-opens=java.base/sun.nio.fs=ALL-UNNAMED -Declipse.application=org.eclipse.jdt.ls.core.id1 -Dosgi.bundles.defaultStartLevel=4 -Declipse.product=org.eclipse.jdt.ls.core.product -Djava.import.generatesMetadataFilesAtProjectRoot=false -DDetectVMInstallationsJob.disabled=true -Dfile.encoding=utf8 -XX:+UseParallelGC -XX:GCTimeRatio=4 -XX:AdaptiveSizePolicyWeight=90 -Dsun.zip.disableMemoryMapping=true -Xmx2G -Xms100m -Xlog:disable -javaagent:c:\Users\Admin\.antigravity\extensions\redhat.java-1.50.0-win32-x64\lombok\lombok-1.18.39-4050.jar 
java_command: c:\Users\Admin\.antigravity\extensions\redhat.java-1.50.0-win32-x64\server\plugins\org.eclipse.equinox.launcher_1.7.100.v20251111-0406.jar -configuration c:\Users\Admin\AppData\Roaming\Antigravity\User\globalStorage\redhat.java\1.50.0\config_ss_win -data c:\Users\Admin\AppData\Roaming\Antigravity\User\workspaceStorage\af1cb1524c391b6bf54d4a5b5d479961\redhat.java\ss_ws --pipe=\\.\pipe\lsp-0fd625ed947de6b623863934d6c25eb6-sock
java_class_path (initial): c:\Users\Admin\.antigravity\extensions\redhat.java-1.50.0-win32-x64\server\plugins\org.eclipse.equinox.launcher_1.7.100.v20251111-0406.jar
Launcher Type: SUN_STANDARD

[Global flags]
    uintx AdaptiveSizePolicyWeight                 = 90                                        {product} {command line}
     intx CICompilerCount                          = 3                                         {product} {ergonomic}
    uintx GCTimeRatio                              = 4                                         {product} {command line}
   size_t InitialHeapSize                          = 104857600                                 {product} {command line}
   size_t MaxHeapSize                              = 2147483648                                {product} {command line}
   size_t MaxNewSize                               = 715653120                                 {product} {ergonomic}
   size_t MinHeapDeltaBytes                        = 524288                                    {product} {ergonomic}
   size_t MinHeapSize                              = 104857600                                 {product} {command line}
   size_t NewSize                                  = 34603008                                  {product} {ergonomic}
    uintx NonNMethodCodeHeapSize                   = 5832780                                {pd product} {ergonomic}
    uintx NonProfiledCodeHeapSize                  = 122912730                              {pd product} {ergonomic}
   size_t OldSize                                  = 70254592                                  {product} {ergonomic}
    uintx ProfiledCodeHeapSize                     = 122912730                              {pd product} {ergonomic}
    uintx ReservedCodeCacheSize                    = 251658240                              {pd product} {ergonomic}
     bool SegmentedCodeCache                       = true                                      {product} {ergonomic}
   size_t SoftMaxHeapSize                          = 2147483648                             {manageable} {ergonomic}
     bool UseCompressedOops                        = true                           {product lp64_product} {ergonomic}
     bool UseLargePagesIndividualAllocation        = false                                  {pd product} {ergonomic}
     bool UseParallelGC                            = true                                      {product} {command line}

Logging:
Log output configuration:
 #0: stdout all=off uptime,level,tags foldmultilines=false
 #1: stderr all=off uptime,level,tags foldmultilines=false

Release file:
JAVA_VERSION="21.0.9" 
MODULES="java.base java.compiler java.datatransfer java.xml java.prefs java.desktop java.instrument java.logging java.management java.security.sasl java.naming java.rmi java.management.rmi java.net.http java.scripting java.security.jgss java.transaction.xa java.sql java.sql.rowset java.xml.crypto java.se java.smartcardio jdk.accessibility jdk.internal.jvmstat jdk.attach jdk.charsets jdk.internal.opt jdk.zipfs jdk.compiler jdk.crypto.ec jdk.crypto.cryptoki jdk.crypto.mscapi jdk.dynalink jdk.internal.ed jdk.editpad jdk.hotspot.agent jdk.httpserver jdk.internal.le jdk.internal.vm.ci jdk.internal.vm.compiler jdk.internal.vm.compiler.management jdk.jartool jdk.javadoc jdk.jcmd jdk.management jdk.management.agent jdk.jconsole jdk.jdeps jdk.jdwp.agent jdk.jdi jdk.jfr jdk.jshell jdk.jsobject jdk.jstatd jdk.localedata jdk.management.jfr jdk.naming.dns jdk.naming.rmi jdk.net jdk.nio.mapmode jdk.random jdk.sctp jdk.security.auth jdk.security.jgss jdk.unsupported jdk.unsupported.desktop jdk.xml.dom" 

Environment Variables:
PATH=C:\Program Files\Common Files\Oracle\Java\javapath;C:\WINDOWS\system32;C:\WINDOWS;C:\WINDOWS\System32\Wbem;C:\WINDOWS\System32\WindowsPowerShell\v1.0\;C:\WINDOWS\System32\OpenSSH\;C:\Program Files\Microsoft SQL Server\150\Tools\Binn\;C:\Program Files\nodejs\;C:\Users\Admin\AppData\Local\Microsoft\WindowsApps;C:\Users\Admin\AppData\Local\Programs\Microsoft VS Code\bin;C:\Users\Admin\AppData\Local\Programs\Antigravity\bin;C:\Users\Admin\AppData\Roaming\npm
USERNAME=Admin
OS=Windows_NT
PROCESSOR_IDENTIFIER=Intel64 Family 6 Model 42 Stepping 7, GenuineIntel
TMP=C:\Users\Admin\AppData\Local\Temp
TEMP=C:\Users\Admin\AppData\Local\Temp




Periodic native trim disabled

---------------  S Y S T E M  ---------------

OS:
 Windows 10 , 64 bit Build 19041 (10.0.19041.5915)
OS uptime: 0 days 10:57 hours

CPU: total 4 (initial active 4) (4 cores per cpu, 1 threads per core) family 6 model 42 stepping 7 microcode 0x2f, cx8, cmov, fxsr, mmx, sse, sse2, sse3, ssse3, sse4.1, sse4.2, popcnt, tsc, tscinvbit, avx, aes, clmul, vzeroupper, clflush, rdtscp
Processor Information for the first 4 processors :
  Max Mhz: 3301, Current Mhz: 3301, Mhz Limit: 3301

Memory: 4k page, system-wide physical 16337M (7714M free)
TotalPageFile size 20433M (AvailPageFile size 11M)
current process WorkingSet (physical memory assigned to process): 68M, peak: 68M
current process commit charge ("private bytes"): 221M, peak: 221M

vm_info: OpenJDK 64-Bit Server VM (21.0.9+10-LTS) for windows-amd64 JRE (21.0.9+10-LTS), built on 2025-10-21T00:00:00Z by "admin" with unknown MS VC++:1942

END.
